[2024-07-09T16:51:01.673+0000] {processor.py:161} INFO - Started process (PID=310) to work on /home/airflow/.local/lib/python3.11/site-packages/airflow/example_dags/example_xcom.py
[2024-07-09T16:51:01.675+0000] {processor.py:830} INFO - Processing file /home/airflow/.local/lib/python3.11/site-packages/airflow/example_dags/example_xcom.py for tasks to queue
[2024-07-09T16:51:01.676+0000] {logging_mixin.py:188} INFO - [2024-07-09T16:51:01.676+0000] {dagbag.py:540} INFO - Filling up the DagBag from /home/airflow/.local/lib/python3.11/site-packages/airflow/example_dags/example_xcom.py
[2024-07-09T16:51:01.691+0000] {processor.py:840} INFO - DAG(s) 'example_xcom' retrieved from /home/airflow/.local/lib/python3.11/site-packages/airflow/example_dags/example_xcom.py
[2024-07-09T16:51:01.883+0000] {logging_mixin.py:188} INFO - [2024-07-09T16:51:01.882+0000] {override.py:1769} INFO - Created Permission View: can delete on DAG:example_xcom
[2024-07-09T16:51:01.899+0000] {logging_mixin.py:188} INFO - [2024-07-09T16:51:01.898+0000] {override.py:1769} INFO - Created Permission View: can edit on DAG:example_xcom
[2024-07-09T16:51:01.911+0000] {logging_mixin.py:188} INFO - [2024-07-09T16:51:01.911+0000] {override.py:1769} INFO - Created Permission View: can read on DAG:example_xcom
[2024-07-09T16:51:01.913+0000] {logging_mixin.py:188} INFO - [2024-07-09T16:51:01.912+0000] {dag.py:3047} INFO - Sync 1 DAGs
[2024-07-09T16:51:01.930+0000] {logging_mixin.py:188} INFO - [2024-07-09T16:51:01.930+0000] {dag.py:3069} INFO - Creating ORM DAG for example_xcom
[2024-07-09T16:51:01.942+0000] {logging_mixin.py:188} INFO - [2024-07-09T16:51:01.942+0000] {dag.py:3834} INFO - Setting next_dagrun for example_xcom to 2021-01-01 00:00:00+00:00, run_after=2021-01-01 00:00:00+00:00
[2024-07-09T16:51:01.968+0000] {processor.py:183} INFO - Processing /home/airflow/.local/lib/python3.11/site-packages/airflow/example_dags/example_xcom.py took 0.299 seconds
[2024-07-09T16:51:32.641+0000] {processor.py:161} INFO - Started process (PID=572) to work on /home/airflow/.local/lib/python3.11/site-packages/airflow/example_dags/example_xcom.py
[2024-07-09T16:51:32.642+0000] {processor.py:830} INFO - Processing file /home/airflow/.local/lib/python3.11/site-packages/airflow/example_dags/example_xcom.py for tasks to queue
[2024-07-09T16:51:32.643+0000] {logging_mixin.py:188} INFO - [2024-07-09T16:51:32.643+0000] {dagbag.py:540} INFO - Filling up the DagBag from /home/airflow/.local/lib/python3.11/site-packages/airflow/example_dags/example_xcom.py
[2024-07-09T16:51:32.651+0000] {processor.py:840} INFO - DAG(s) 'example_xcom' retrieved from /home/airflow/.local/lib/python3.11/site-packages/airflow/example_dags/example_xcom.py
[2024-07-09T16:51:32.672+0000] {logging_mixin.py:188} INFO - [2024-07-09T16:51:32.672+0000] {dag.py:3047} INFO - Sync 1 DAGs
[2024-07-09T16:51:32.691+0000] {logging_mixin.py:188} INFO - [2024-07-09T16:51:32.691+0000] {dag.py:3834} INFO - Setting next_dagrun for example_xcom to 2021-01-01 00:00:00+00:00, run_after=2021-01-01 00:00:00+00:00
[2024-07-09T16:51:32.710+0000] {processor.py:183} INFO - Processing /home/airflow/.local/lib/python3.11/site-packages/airflow/example_dags/example_xcom.py took 0.071 seconds
[2024-07-09T16:52:02.790+0000] {processor.py:161} INFO - Started process (PID=831) to work on /home/airflow/.local/lib/python3.11/site-packages/airflow/example_dags/example_xcom.py
[2024-07-09T16:52:02.791+0000] {processor.py:830} INFO - Processing file /home/airflow/.local/lib/python3.11/site-packages/airflow/example_dags/example_xcom.py for tasks to queue
[2024-07-09T16:52:02.792+0000] {logging_mixin.py:188} INFO - [2024-07-09T16:52:02.792+0000] {dagbag.py:540} INFO - Filling up the DagBag from /home/airflow/.local/lib/python3.11/site-packages/airflow/example_dags/example_xcom.py
[2024-07-09T16:52:02.799+0000] {processor.py:840} INFO - DAG(s) 'example_xcom' retrieved from /home/airflow/.local/lib/python3.11/site-packages/airflow/example_dags/example_xcom.py
[2024-07-09T16:52:02.817+0000] {logging_mixin.py:188} INFO - [2024-07-09T16:52:02.817+0000] {dag.py:3047} INFO - Sync 1 DAGs
[2024-07-09T16:52:02.832+0000] {logging_mixin.py:188} INFO - [2024-07-09T16:52:02.831+0000] {dag.py:3834} INFO - Setting next_dagrun for example_xcom to 2021-01-01 00:00:00+00:00, run_after=2021-01-01 00:00:00+00:00
[2024-07-09T16:52:02.846+0000] {processor.py:183} INFO - Processing /home/airflow/.local/lib/python3.11/site-packages/airflow/example_dags/example_xcom.py took 0.059 seconds
[2024-07-09T16:52:33.171+0000] {processor.py:161} INFO - Started process (PID=1091) to work on /home/airflow/.local/lib/python3.11/site-packages/airflow/example_dags/example_xcom.py
[2024-07-09T16:52:33.172+0000] {processor.py:830} INFO - Processing file /home/airflow/.local/lib/python3.11/site-packages/airflow/example_dags/example_xcom.py for tasks to queue
[2024-07-09T16:52:33.173+0000] {logging_mixin.py:188} INFO - [2024-07-09T16:52:33.173+0000] {dagbag.py:540} INFO - Filling up the DagBag from /home/airflow/.local/lib/python3.11/site-packages/airflow/example_dags/example_xcom.py
[2024-07-09T16:52:33.181+0000] {processor.py:840} INFO - DAG(s) 'example_xcom' retrieved from /home/airflow/.local/lib/python3.11/site-packages/airflow/example_dags/example_xcom.py
[2024-07-09T16:52:33.206+0000] {logging_mixin.py:188} INFO - [2024-07-09T16:52:33.206+0000] {dag.py:3047} INFO - Sync 1 DAGs
[2024-07-09T16:52:33.233+0000] {logging_mixin.py:188} INFO - [2024-07-09T16:52:33.232+0000] {dag.py:3834} INFO - Setting next_dagrun for example_xcom to 2021-01-01 00:00:00+00:00, run_after=2021-01-01 00:00:00+00:00
[2024-07-09T16:52:33.266+0000] {processor.py:183} INFO - Processing /home/airflow/.local/lib/python3.11/site-packages/airflow/example_dags/example_xcom.py took 0.099 seconds
[2024-07-09T16:53:03.742+0000] {processor.py:161} INFO - Started process (PID=1353) to work on /home/airflow/.local/lib/python3.11/site-packages/airflow/example_dags/example_xcom.py
[2024-07-09T16:53:03.744+0000] {processor.py:830} INFO - Processing file /home/airflow/.local/lib/python3.11/site-packages/airflow/example_dags/example_xcom.py for tasks to queue
[2024-07-09T16:53:03.746+0000] {logging_mixin.py:188} INFO - [2024-07-09T16:53:03.746+0000] {dagbag.py:540} INFO - Filling up the DagBag from /home/airflow/.local/lib/python3.11/site-packages/airflow/example_dags/example_xcom.py
[2024-07-09T16:53:03.760+0000] {processor.py:840} INFO - DAG(s) 'example_xcom' retrieved from /home/airflow/.local/lib/python3.11/site-packages/airflow/example_dags/example_xcom.py
[2024-07-09T16:53:03.788+0000] {logging_mixin.py:188} INFO - [2024-07-09T16:53:03.788+0000] {dag.py:3047} INFO - Sync 1 DAGs
[2024-07-09T16:53:03.937+0000] {logging_mixin.py:188} INFO - [2024-07-09T16:53:03.936+0000] {dag.py:3834} INFO - Setting next_dagrun for example_xcom to 2021-01-01 00:00:00+00:00, run_after=2021-01-01 00:00:00+00:00
[2024-07-09T16:53:03.961+0000] {processor.py:183} INFO - Processing /home/airflow/.local/lib/python3.11/site-packages/airflow/example_dags/example_xcom.py took 0.224 seconds
[2024-07-09T16:53:34.288+0000] {processor.py:161} INFO - Started process (PID=1617) to work on /home/airflow/.local/lib/python3.11/site-packages/airflow/example_dags/example_xcom.py
[2024-07-09T16:53:34.289+0000] {processor.py:830} INFO - Processing file /home/airflow/.local/lib/python3.11/site-packages/airflow/example_dags/example_xcom.py for tasks to queue
[2024-07-09T16:53:34.290+0000] {logging_mixin.py:188} INFO - [2024-07-09T16:53:34.290+0000] {dagbag.py:540} INFO - Filling up the DagBag from /home/airflow/.local/lib/python3.11/site-packages/airflow/example_dags/example_xcom.py
[2024-07-09T16:53:34.297+0000] {processor.py:840} INFO - DAG(s) 'example_xcom' retrieved from /home/airflow/.local/lib/python3.11/site-packages/airflow/example_dags/example_xcom.py
[2024-07-09T16:53:34.317+0000] {logging_mixin.py:188} INFO - [2024-07-09T16:53:34.317+0000] {dag.py:3047} INFO - Sync 1 DAGs
[2024-07-09T16:53:34.334+0000] {logging_mixin.py:188} INFO - [2024-07-09T16:53:34.334+0000] {dag.py:3834} INFO - Setting next_dagrun for example_xcom to 2021-01-01 00:00:00+00:00, run_after=2021-01-01 00:00:00+00:00
[2024-07-09T16:53:34.355+0000] {processor.py:183} INFO - Processing /home/airflow/.local/lib/python3.11/site-packages/airflow/example_dags/example_xcom.py took 0.070 seconds
[2024-07-09T16:54:05.080+0000] {processor.py:161} INFO - Started process (PID=1877) to work on /home/airflow/.local/lib/python3.11/site-packages/airflow/example_dags/example_xcom.py
[2024-07-09T16:54:05.081+0000] {processor.py:830} INFO - Processing file /home/airflow/.local/lib/python3.11/site-packages/airflow/example_dags/example_xcom.py for tasks to queue
[2024-07-09T16:54:05.082+0000] {logging_mixin.py:188} INFO - [2024-07-09T16:54:05.081+0000] {dagbag.py:540} INFO - Filling up the DagBag from /home/airflow/.local/lib/python3.11/site-packages/airflow/example_dags/example_xcom.py
[2024-07-09T16:54:05.089+0000] {processor.py:840} INFO - DAG(s) 'example_xcom' retrieved from /home/airflow/.local/lib/python3.11/site-packages/airflow/example_dags/example_xcom.py
[2024-07-09T16:54:05.116+0000] {logging_mixin.py:188} INFO - [2024-07-09T16:54:05.116+0000] {dag.py:3047} INFO - Sync 1 DAGs
[2024-07-09T16:54:05.136+0000] {logging_mixin.py:188} INFO - [2024-07-09T16:54:05.136+0000] {dag.py:3834} INFO - Setting next_dagrun for example_xcom to 2021-01-01 00:00:00+00:00, run_after=2021-01-01 00:00:00+00:00
[2024-07-09T16:54:05.185+0000] {processor.py:183} INFO - Processing /home/airflow/.local/lib/python3.11/site-packages/airflow/example_dags/example_xcom.py took 0.108 seconds
[2024-07-09T16:54:35.765+0000] {processor.py:161} INFO - Started process (PID=2141) to work on /home/airflow/.local/lib/python3.11/site-packages/airflow/example_dags/example_xcom.py
[2024-07-09T16:54:35.766+0000] {processor.py:830} INFO - Processing file /home/airflow/.local/lib/python3.11/site-packages/airflow/example_dags/example_xcom.py for tasks to queue
[2024-07-09T16:54:35.767+0000] {logging_mixin.py:188} INFO - [2024-07-09T16:54:35.767+0000] {dagbag.py:540} INFO - Filling up the DagBag from /home/airflow/.local/lib/python3.11/site-packages/airflow/example_dags/example_xcom.py
[2024-07-09T16:54:35.777+0000] {processor.py:840} INFO - DAG(s) 'example_xcom' retrieved from /home/airflow/.local/lib/python3.11/site-packages/airflow/example_dags/example_xcom.py
[2024-07-09T16:54:35.804+0000] {logging_mixin.py:188} INFO - [2024-07-09T16:54:35.804+0000] {dag.py:3047} INFO - Sync 1 DAGs
[2024-07-09T16:54:35.831+0000] {logging_mixin.py:188} INFO - [2024-07-09T16:54:35.831+0000] {dag.py:3834} INFO - Setting next_dagrun for example_xcom to 2021-01-01 00:00:00+00:00, run_after=2021-01-01 00:00:00+00:00
[2024-07-09T16:54:35.850+0000] {processor.py:183} INFO - Processing /home/airflow/.local/lib/python3.11/site-packages/airflow/example_dags/example_xcom.py took 0.088 seconds
[2024-07-09T16:55:06.144+0000] {processor.py:161} INFO - Started process (PID=2401) to work on /home/airflow/.local/lib/python3.11/site-packages/airflow/example_dags/example_xcom.py
[2024-07-09T16:55:06.146+0000] {processor.py:830} INFO - Processing file /home/airflow/.local/lib/python3.11/site-packages/airflow/example_dags/example_xcom.py for tasks to queue
[2024-07-09T16:55:06.147+0000] {logging_mixin.py:188} INFO - [2024-07-09T16:55:06.146+0000] {dagbag.py:540} INFO - Filling up the DagBag from /home/airflow/.local/lib/python3.11/site-packages/airflow/example_dags/example_xcom.py
[2024-07-09T16:55:06.153+0000] {processor.py:840} INFO - DAG(s) 'example_xcom' retrieved from /home/airflow/.local/lib/python3.11/site-packages/airflow/example_dags/example_xcom.py
[2024-07-09T16:55:06.176+0000] {logging_mixin.py:188} INFO - [2024-07-09T16:55:06.175+0000] {dag.py:3047} INFO - Sync 1 DAGs
[2024-07-09T16:55:06.194+0000] {logging_mixin.py:188} INFO - [2024-07-09T16:55:06.194+0000] {dag.py:3834} INFO - Setting next_dagrun for example_xcom to 2021-01-01 00:00:00+00:00, run_after=2021-01-01 00:00:00+00:00
[2024-07-09T16:55:06.214+0000] {processor.py:183} INFO - Processing /home/airflow/.local/lib/python3.11/site-packages/airflow/example_dags/example_xcom.py took 0.073 seconds
[2024-07-09T16:55:36.602+0000] {processor.py:161} INFO - Started process (PID=2663) to work on /home/airflow/.local/lib/python3.11/site-packages/airflow/example_dags/example_xcom.py
[2024-07-09T16:55:36.603+0000] {processor.py:830} INFO - Processing file /home/airflow/.local/lib/python3.11/site-packages/airflow/example_dags/example_xcom.py for tasks to queue
[2024-07-09T16:55:36.604+0000] {logging_mixin.py:188} INFO - [2024-07-09T16:55:36.603+0000] {dagbag.py:540} INFO - Filling up the DagBag from /home/airflow/.local/lib/python3.11/site-packages/airflow/example_dags/example_xcom.py
[2024-07-09T16:55:36.610+0000] {processor.py:840} INFO - DAG(s) 'example_xcom' retrieved from /home/airflow/.local/lib/python3.11/site-packages/airflow/example_dags/example_xcom.py
[2024-07-09T16:55:36.633+0000] {logging_mixin.py:188} INFO - [2024-07-09T16:55:36.633+0000] {dag.py:3047} INFO - Sync 1 DAGs
[2024-07-09T16:55:36.655+0000] {logging_mixin.py:188} INFO - [2024-07-09T16:55:36.655+0000] {dag.py:3834} INFO - Setting next_dagrun for example_xcom to 2021-01-01 00:00:00+00:00, run_after=2021-01-01 00:00:00+00:00
[2024-07-09T16:55:36.671+0000] {processor.py:183} INFO - Processing /home/airflow/.local/lib/python3.11/site-packages/airflow/example_dags/example_xcom.py took 0.072 seconds
[2024-07-09T16:56:07.917+0000] {processor.py:161} INFO - Started process (PID=2930) to work on /home/airflow/.local/lib/python3.11/site-packages/airflow/example_dags/example_xcom.py
[2024-07-09T16:56:07.918+0000] {processor.py:830} INFO - Processing file /home/airflow/.local/lib/python3.11/site-packages/airflow/example_dags/example_xcom.py for tasks to queue
[2024-07-09T16:56:07.919+0000] {logging_mixin.py:188} INFO - [2024-07-09T16:56:07.919+0000] {dagbag.py:540} INFO - Filling up the DagBag from /home/airflow/.local/lib/python3.11/site-packages/airflow/example_dags/example_xcom.py
[2024-07-09T16:56:07.926+0000] {processor.py:840} INFO - DAG(s) 'example_xcom' retrieved from /home/airflow/.local/lib/python3.11/site-packages/airflow/example_dags/example_xcom.py
[2024-07-09T16:56:07.948+0000] {logging_mixin.py:188} INFO - [2024-07-09T16:56:07.948+0000] {dag.py:3047} INFO - Sync 1 DAGs
[2024-07-09T16:56:07.967+0000] {logging_mixin.py:188} INFO - [2024-07-09T16:56:07.967+0000] {dag.py:3834} INFO - Setting next_dagrun for example_xcom to 2021-01-01 00:00:00+00:00, run_after=2021-01-01 00:00:00+00:00
[2024-07-09T16:56:07.983+0000] {processor.py:183} INFO - Processing /home/airflow/.local/lib/python3.11/site-packages/airflow/example_dags/example_xcom.py took 0.070 seconds
[2024-07-09T16:56:38.055+0000] {processor.py:161} INFO - Started process (PID=3180) to work on /home/airflow/.local/lib/python3.11/site-packages/airflow/example_dags/example_xcom.py
[2024-07-09T16:56:38.056+0000] {processor.py:830} INFO - Processing file /home/airflow/.local/lib/python3.11/site-packages/airflow/example_dags/example_xcom.py for tasks to queue
[2024-07-09T16:56:38.057+0000] {logging_mixin.py:188} INFO - [2024-07-09T16:56:38.057+0000] {dagbag.py:540} INFO - Filling up the DagBag from /home/airflow/.local/lib/python3.11/site-packages/airflow/example_dags/example_xcom.py
[2024-07-09T16:56:38.064+0000] {processor.py:840} INFO - DAG(s) 'example_xcom' retrieved from /home/airflow/.local/lib/python3.11/site-packages/airflow/example_dags/example_xcom.py
[2024-07-09T16:56:38.083+0000] {logging_mixin.py:188} INFO - [2024-07-09T16:56:38.083+0000] {dag.py:3047} INFO - Sync 1 DAGs
[2024-07-09T16:56:38.100+0000] {logging_mixin.py:188} INFO - [2024-07-09T16:56:38.100+0000] {dag.py:3834} INFO - Setting next_dagrun for example_xcom to 2021-01-01 00:00:00+00:00, run_after=2021-01-01 00:00:00+00:00
[2024-07-09T16:56:38.122+0000] {processor.py:183} INFO - Processing /home/airflow/.local/lib/python3.11/site-packages/airflow/example_dags/example_xcom.py took 0.070 seconds
[2024-07-09T16:57:08.960+0000] {processor.py:161} INFO - Started process (PID=3440) to work on /home/airflow/.local/lib/python3.11/site-packages/airflow/example_dags/example_xcom.py
[2024-07-09T16:57:08.961+0000] {processor.py:830} INFO - Processing file /home/airflow/.local/lib/python3.11/site-packages/airflow/example_dags/example_xcom.py for tasks to queue
[2024-07-09T16:57:08.963+0000] {logging_mixin.py:188} INFO - [2024-07-09T16:57:08.962+0000] {dagbag.py:540} INFO - Filling up the DagBag from /home/airflow/.local/lib/python3.11/site-packages/airflow/example_dags/example_xcom.py
[2024-07-09T16:57:08.969+0000] {processor.py:840} INFO - DAG(s) 'example_xcom' retrieved from /home/airflow/.local/lib/python3.11/site-packages/airflow/example_dags/example_xcom.py
[2024-07-09T16:57:08.992+0000] {logging_mixin.py:188} INFO - [2024-07-09T16:57:08.991+0000] {dag.py:3047} INFO - Sync 1 DAGs
[2024-07-09T16:57:09.010+0000] {logging_mixin.py:188} INFO - [2024-07-09T16:57:09.010+0000] {dag.py:3834} INFO - Setting next_dagrun for example_xcom to 2021-01-01 00:00:00+00:00, run_after=2021-01-01 00:00:00+00:00
[2024-07-09T16:57:09.028+0000] {processor.py:183} INFO - Processing /home/airflow/.local/lib/python3.11/site-packages/airflow/example_dags/example_xcom.py took 0.071 seconds
[2024-07-09T16:57:39.977+0000] {processor.py:161} INFO - Started process (PID=3702) to work on /home/airflow/.local/lib/python3.11/site-packages/airflow/example_dags/example_xcom.py
[2024-07-09T16:57:39.978+0000] {processor.py:830} INFO - Processing file /home/airflow/.local/lib/python3.11/site-packages/airflow/example_dags/example_xcom.py for tasks to queue
[2024-07-09T16:57:39.979+0000] {logging_mixin.py:188} INFO - [2024-07-09T16:57:39.979+0000] {dagbag.py:540} INFO - Filling up the DagBag from /home/airflow/.local/lib/python3.11/site-packages/airflow/example_dags/example_xcom.py
[2024-07-09T16:57:39.986+0000] {processor.py:840} INFO - DAG(s) 'example_xcom' retrieved from /home/airflow/.local/lib/python3.11/site-packages/airflow/example_dags/example_xcom.py
[2024-07-09T16:57:40.007+0000] {logging_mixin.py:188} INFO - [2024-07-09T16:57:40.007+0000] {dag.py:3047} INFO - Sync 1 DAGs
[2024-07-09T16:57:40.029+0000] {logging_mixin.py:188} INFO - [2024-07-09T16:57:40.029+0000] {dag.py:3834} INFO - Setting next_dagrun for example_xcom to 2021-01-01 00:00:00+00:00, run_after=2021-01-01 00:00:00+00:00
[2024-07-09T16:57:40.047+0000] {processor.py:183} INFO - Processing /home/airflow/.local/lib/python3.11/site-packages/airflow/example_dags/example_xcom.py took 0.073 seconds
[2024-07-09T16:58:10.708+0000] {processor.py:161} INFO - Started process (PID=3964) to work on /home/airflow/.local/lib/python3.11/site-packages/airflow/example_dags/example_xcom.py
[2024-07-09T16:58:10.710+0000] {processor.py:830} INFO - Processing file /home/airflow/.local/lib/python3.11/site-packages/airflow/example_dags/example_xcom.py for tasks to queue
[2024-07-09T16:58:10.711+0000] {logging_mixin.py:188} INFO - [2024-07-09T16:58:10.711+0000] {dagbag.py:540} INFO - Filling up the DagBag from /home/airflow/.local/lib/python3.11/site-packages/airflow/example_dags/example_xcom.py
[2024-07-09T16:58:10.721+0000] {processor.py:840} INFO - DAG(s) 'example_xcom' retrieved from /home/airflow/.local/lib/python3.11/site-packages/airflow/example_dags/example_xcom.py
[2024-07-09T16:58:10.753+0000] {logging_mixin.py:188} INFO - [2024-07-09T16:58:10.753+0000] {dag.py:3047} INFO - Sync 1 DAGs
[2024-07-09T16:58:10.779+0000] {logging_mixin.py:188} INFO - [2024-07-09T16:58:10.779+0000] {dag.py:3834} INFO - Setting next_dagrun for example_xcom to 2021-01-01 00:00:00+00:00, run_after=2021-01-01 00:00:00+00:00
[2024-07-09T16:58:10.798+0000] {processor.py:183} INFO - Processing /home/airflow/.local/lib/python3.11/site-packages/airflow/example_dags/example_xcom.py took 0.093 seconds
[2024-07-09T16:58:41.144+0000] {processor.py:161} INFO - Started process (PID=4226) to work on /home/airflow/.local/lib/python3.11/site-packages/airflow/example_dags/example_xcom.py
[2024-07-09T16:58:41.146+0000] {processor.py:830} INFO - Processing file /home/airflow/.local/lib/python3.11/site-packages/airflow/example_dags/example_xcom.py for tasks to queue
[2024-07-09T16:58:41.147+0000] {logging_mixin.py:188} INFO - [2024-07-09T16:58:41.146+0000] {dagbag.py:540} INFO - Filling up the DagBag from /home/airflow/.local/lib/python3.11/site-packages/airflow/example_dags/example_xcom.py
[2024-07-09T16:58:41.153+0000] {processor.py:840} INFO - DAG(s) 'example_xcom' retrieved from /home/airflow/.local/lib/python3.11/site-packages/airflow/example_dags/example_xcom.py
[2024-07-09T16:58:41.174+0000] {logging_mixin.py:188} INFO - [2024-07-09T16:58:41.174+0000] {dag.py:3047} INFO - Sync 1 DAGs
[2024-07-09T16:58:41.196+0000] {logging_mixin.py:188} INFO - [2024-07-09T16:58:41.196+0000] {dag.py:3834} INFO - Setting next_dagrun for example_xcom to 2021-01-01 00:00:00+00:00, run_after=2021-01-01 00:00:00+00:00
[2024-07-09T16:58:41.218+0000] {processor.py:183} INFO - Processing /home/airflow/.local/lib/python3.11/site-packages/airflow/example_dags/example_xcom.py took 0.076 seconds
[2024-07-09T16:59:12.111+0000] {processor.py:161} INFO - Started process (PID=4488) to work on /home/airflow/.local/lib/python3.11/site-packages/airflow/example_dags/example_xcom.py
[2024-07-09T16:59:12.112+0000] {processor.py:830} INFO - Processing file /home/airflow/.local/lib/python3.11/site-packages/airflow/example_dags/example_xcom.py for tasks to queue
[2024-07-09T16:59:12.113+0000] {logging_mixin.py:188} INFO - [2024-07-09T16:59:12.112+0000] {dagbag.py:540} INFO - Filling up the DagBag from /home/airflow/.local/lib/python3.11/site-packages/airflow/example_dags/example_xcom.py
[2024-07-09T16:59:12.123+0000] {processor.py:840} INFO - DAG(s) 'example_xcom' retrieved from /home/airflow/.local/lib/python3.11/site-packages/airflow/example_dags/example_xcom.py
[2024-07-09T16:59:12.146+0000] {logging_mixin.py:188} INFO - [2024-07-09T16:59:12.146+0000] {dag.py:3047} INFO - Sync 1 DAGs
[2024-07-09T16:59:12.178+0000] {logging_mixin.py:188} INFO - [2024-07-09T16:59:12.177+0000] {dag.py:3834} INFO - Setting next_dagrun for example_xcom to 2021-01-01 00:00:00+00:00, run_after=2021-01-01 00:00:00+00:00
[2024-07-09T16:59:12.203+0000] {processor.py:183} INFO - Processing /home/airflow/.local/lib/python3.11/site-packages/airflow/example_dags/example_xcom.py took 0.096 seconds
[2024-07-09T16:59:42.247+0000] {processor.py:161} INFO - Started process (PID=4750) to work on /home/airflow/.local/lib/python3.11/site-packages/airflow/example_dags/example_xcom.py
[2024-07-09T16:59:42.248+0000] {processor.py:830} INFO - Processing file /home/airflow/.local/lib/python3.11/site-packages/airflow/example_dags/example_xcom.py for tasks to queue
[2024-07-09T16:59:42.250+0000] {logging_mixin.py:188} INFO - [2024-07-09T16:59:42.249+0000] {dagbag.py:540} INFO - Filling up the DagBag from /home/airflow/.local/lib/python3.11/site-packages/airflow/example_dags/example_xcom.py
[2024-07-09T16:59:42.258+0000] {processor.py:840} INFO - DAG(s) 'example_xcom' retrieved from /home/airflow/.local/lib/python3.11/site-packages/airflow/example_dags/example_xcom.py
[2024-07-09T16:59:42.285+0000] {logging_mixin.py:188} INFO - [2024-07-09T16:59:42.284+0000] {dag.py:3047} INFO - Sync 1 DAGs
[2024-07-09T16:59:42.305+0000] {logging_mixin.py:188} INFO - [2024-07-09T16:59:42.305+0000] {dag.py:3834} INFO - Setting next_dagrun for example_xcom to 2021-01-01 00:00:00+00:00, run_after=2021-01-01 00:00:00+00:00
[2024-07-09T16:59:42.326+0000] {processor.py:183} INFO - Processing /home/airflow/.local/lib/python3.11/site-packages/airflow/example_dags/example_xcom.py took 0.082 seconds
[2024-07-09T17:00:12.769+0000] {processor.py:161} INFO - Started process (PID=5012) to work on /home/airflow/.local/lib/python3.11/site-packages/airflow/example_dags/example_xcom.py
[2024-07-09T17:00:12.770+0000] {processor.py:830} INFO - Processing file /home/airflow/.local/lib/python3.11/site-packages/airflow/example_dags/example_xcom.py for tasks to queue
[2024-07-09T17:00:12.771+0000] {logging_mixin.py:188} INFO - [2024-07-09T17:00:12.770+0000] {dagbag.py:540} INFO - Filling up the DagBag from /home/airflow/.local/lib/python3.11/site-packages/airflow/example_dags/example_xcom.py
[2024-07-09T17:00:12.780+0000] {processor.py:840} INFO - DAG(s) 'example_xcom' retrieved from /home/airflow/.local/lib/python3.11/site-packages/airflow/example_dags/example_xcom.py
[2024-07-09T17:00:12.804+0000] {logging_mixin.py:188} INFO - [2024-07-09T17:00:12.803+0000] {dag.py:3047} INFO - Sync 1 DAGs
[2024-07-09T17:00:12.823+0000] {logging_mixin.py:188} INFO - [2024-07-09T17:00:12.823+0000] {dag.py:3834} INFO - Setting next_dagrun for example_xcom to 2021-01-01 00:00:00+00:00, run_after=2021-01-01 00:00:00+00:00
[2024-07-09T17:00:12.839+0000] {processor.py:183} INFO - Processing /home/airflow/.local/lib/python3.11/site-packages/airflow/example_dags/example_xcom.py took 0.074 seconds
[2024-07-09T17:00:43.240+0000] {processor.py:161} INFO - Started process (PID=5274) to work on /home/airflow/.local/lib/python3.11/site-packages/airflow/example_dags/example_xcom.py
[2024-07-09T17:00:43.242+0000] {processor.py:830} INFO - Processing file /home/airflow/.local/lib/python3.11/site-packages/airflow/example_dags/example_xcom.py for tasks to queue
[2024-07-09T17:00:43.243+0000] {logging_mixin.py:188} INFO - [2024-07-09T17:00:43.243+0000] {dagbag.py:540} INFO - Filling up the DagBag from /home/airflow/.local/lib/python3.11/site-packages/airflow/example_dags/example_xcom.py
[2024-07-09T17:00:43.254+0000] {processor.py:840} INFO - DAG(s) 'example_xcom' retrieved from /home/airflow/.local/lib/python3.11/site-packages/airflow/example_dags/example_xcom.py
[2024-07-09T17:00:43.282+0000] {logging_mixin.py:188} INFO - [2024-07-09T17:00:43.282+0000] {dag.py:3047} INFO - Sync 1 DAGs
[2024-07-09T17:00:43.309+0000] {logging_mixin.py:188} INFO - [2024-07-09T17:00:43.309+0000] {dag.py:3834} INFO - Setting next_dagrun for example_xcom to 2021-01-01 00:00:00+00:00, run_after=2021-01-01 00:00:00+00:00
[2024-07-09T17:00:43.329+0000] {processor.py:183} INFO - Processing /home/airflow/.local/lib/python3.11/site-packages/airflow/example_dags/example_xcom.py took 0.093 seconds
[2024-07-09T17:01:13.401+0000] {processor.py:161} INFO - Started process (PID=5536) to work on /home/airflow/.local/lib/python3.11/site-packages/airflow/example_dags/example_xcom.py
[2024-07-09T17:01:13.402+0000] {processor.py:830} INFO - Processing file /home/airflow/.local/lib/python3.11/site-packages/airflow/example_dags/example_xcom.py for tasks to queue
[2024-07-09T17:01:13.403+0000] {logging_mixin.py:188} INFO - [2024-07-09T17:01:13.403+0000] {dagbag.py:540} INFO - Filling up the DagBag from /home/airflow/.local/lib/python3.11/site-packages/airflow/example_dags/example_xcom.py
[2024-07-09T17:01:13.411+0000] {processor.py:840} INFO - DAG(s) 'example_xcom' retrieved from /home/airflow/.local/lib/python3.11/site-packages/airflow/example_dags/example_xcom.py
[2024-07-09T17:01:13.436+0000] {logging_mixin.py:188} INFO - [2024-07-09T17:01:13.436+0000] {dag.py:3047} INFO - Sync 1 DAGs
[2024-07-09T17:01:13.457+0000] {logging_mixin.py:188} INFO - [2024-07-09T17:01:13.457+0000] {dag.py:3834} INFO - Setting next_dagrun for example_xcom to 2021-01-01 00:00:00+00:00, run_after=2021-01-01 00:00:00+00:00
[2024-07-09T17:01:13.479+0000] {processor.py:183} INFO - Processing /home/airflow/.local/lib/python3.11/site-packages/airflow/example_dags/example_xcom.py took 0.081 seconds
[2024-07-09T17:01:43.554+0000] {processor.py:161} INFO - Started process (PID=5795) to work on /home/airflow/.local/lib/python3.11/site-packages/airflow/example_dags/example_xcom.py
[2024-07-09T17:01:43.555+0000] {processor.py:830} INFO - Processing file /home/airflow/.local/lib/python3.11/site-packages/airflow/example_dags/example_xcom.py for tasks to queue
[2024-07-09T17:01:43.556+0000] {logging_mixin.py:188} INFO - [2024-07-09T17:01:43.556+0000] {dagbag.py:540} INFO - Filling up the DagBag from /home/airflow/.local/lib/python3.11/site-packages/airflow/example_dags/example_xcom.py
[2024-07-09T17:01:43.562+0000] {processor.py:840} INFO - DAG(s) 'example_xcom' retrieved from /home/airflow/.local/lib/python3.11/site-packages/airflow/example_dags/example_xcom.py
[2024-07-09T17:01:43.582+0000] {logging_mixin.py:188} INFO - [2024-07-09T17:01:43.582+0000] {dag.py:3047} INFO - Sync 1 DAGs
[2024-07-09T17:01:43.603+0000] {logging_mixin.py:188} INFO - [2024-07-09T17:01:43.603+0000] {dag.py:3834} INFO - Setting next_dagrun for example_xcom to 2021-01-01 00:00:00+00:00, run_after=2021-01-01 00:00:00+00:00
[2024-07-09T17:01:43.624+0000] {processor.py:183} INFO - Processing /home/airflow/.local/lib/python3.11/site-packages/airflow/example_dags/example_xcom.py took 0.072 seconds
[2024-07-09T17:02:13.695+0000] {processor.py:161} INFO - Started process (PID=6057) to work on /home/airflow/.local/lib/python3.11/site-packages/airflow/example_dags/example_xcom.py
[2024-07-09T17:02:13.696+0000] {processor.py:830} INFO - Processing file /home/airflow/.local/lib/python3.11/site-packages/airflow/example_dags/example_xcom.py for tasks to queue
[2024-07-09T17:02:13.697+0000] {logging_mixin.py:188} INFO - [2024-07-09T17:02:13.697+0000] {dagbag.py:540} INFO - Filling up the DagBag from /home/airflow/.local/lib/python3.11/site-packages/airflow/example_dags/example_xcom.py
[2024-07-09T17:02:13.704+0000] {processor.py:840} INFO - DAG(s) 'example_xcom' retrieved from /home/airflow/.local/lib/python3.11/site-packages/airflow/example_dags/example_xcom.py
[2024-07-09T17:02:13.722+0000] {logging_mixin.py:188} INFO - [2024-07-09T17:02:13.722+0000] {dag.py:3047} INFO - Sync 1 DAGs
[2024-07-09T17:02:13.736+0000] {logging_mixin.py:188} INFO - [2024-07-09T17:02:13.736+0000] {dag.py:3834} INFO - Setting next_dagrun for example_xcom to 2021-01-01 00:00:00+00:00, run_after=2021-01-01 00:00:00+00:00
[2024-07-09T17:02:13.750+0000] {processor.py:183} INFO - Processing /home/airflow/.local/lib/python3.11/site-packages/airflow/example_dags/example_xcom.py took 0.058 seconds
[2024-07-09T17:02:44.366+0000] {processor.py:161} INFO - Started process (PID=6317) to work on /home/airflow/.local/lib/python3.11/site-packages/airflow/example_dags/example_xcom.py
[2024-07-09T17:02:44.367+0000] {processor.py:830} INFO - Processing file /home/airflow/.local/lib/python3.11/site-packages/airflow/example_dags/example_xcom.py for tasks to queue
[2024-07-09T17:02:44.368+0000] {logging_mixin.py:188} INFO - [2024-07-09T17:02:44.368+0000] {dagbag.py:540} INFO - Filling up the DagBag from /home/airflow/.local/lib/python3.11/site-packages/airflow/example_dags/example_xcom.py
[2024-07-09T17:02:44.375+0000] {processor.py:840} INFO - DAG(s) 'example_xcom' retrieved from /home/airflow/.local/lib/python3.11/site-packages/airflow/example_dags/example_xcom.py
[2024-07-09T17:02:44.397+0000] {logging_mixin.py:188} INFO - [2024-07-09T17:02:44.396+0000] {dag.py:3047} INFO - Sync 1 DAGs
[2024-07-09T17:02:44.421+0000] {logging_mixin.py:188} INFO - [2024-07-09T17:02:44.420+0000] {dag.py:3834} INFO - Setting next_dagrun for example_xcom to 2021-01-01 00:00:00+00:00, run_after=2021-01-01 00:00:00+00:00
[2024-07-09T17:02:44.441+0000] {processor.py:183} INFO - Processing /home/airflow/.local/lib/python3.11/site-packages/airflow/example_dags/example_xcom.py took 0.078 seconds
[2024-07-09T17:03:14.785+0000] {processor.py:161} INFO - Started process (PID=6579) to work on /home/airflow/.local/lib/python3.11/site-packages/airflow/example_dags/example_xcom.py
[2024-07-09T17:03:14.787+0000] {processor.py:830} INFO - Processing file /home/airflow/.local/lib/python3.11/site-packages/airflow/example_dags/example_xcom.py for tasks to queue
[2024-07-09T17:03:14.788+0000] {logging_mixin.py:188} INFO - [2024-07-09T17:03:14.787+0000] {dagbag.py:540} INFO - Filling up the DagBag from /home/airflow/.local/lib/python3.11/site-packages/airflow/example_dags/example_xcom.py
[2024-07-09T17:03:14.796+0000] {processor.py:840} INFO - DAG(s) 'example_xcom' retrieved from /home/airflow/.local/lib/python3.11/site-packages/airflow/example_dags/example_xcom.py
[2024-07-09T17:03:14.819+0000] {logging_mixin.py:188} INFO - [2024-07-09T17:03:14.818+0000] {dag.py:3047} INFO - Sync 1 DAGs
[2024-07-09T17:03:14.842+0000] {logging_mixin.py:188} INFO - [2024-07-09T17:03:14.842+0000] {dag.py:3834} INFO - Setting next_dagrun for example_xcom to 2021-01-01 00:00:00+00:00, run_after=2021-01-01 00:00:00+00:00
[2024-07-09T17:03:14.864+0000] {processor.py:183} INFO - Processing /home/airflow/.local/lib/python3.11/site-packages/airflow/example_dags/example_xcom.py took 0.083 seconds
[2024-07-09T17:03:45.542+0000] {processor.py:161} INFO - Started process (PID=6841) to work on /home/airflow/.local/lib/python3.11/site-packages/airflow/example_dags/example_xcom.py
[2024-07-09T17:03:45.543+0000] {processor.py:830} INFO - Processing file /home/airflow/.local/lib/python3.11/site-packages/airflow/example_dags/example_xcom.py for tasks to queue
[2024-07-09T17:03:45.544+0000] {logging_mixin.py:188} INFO - [2024-07-09T17:03:45.544+0000] {dagbag.py:540} INFO - Filling up the DagBag from /home/airflow/.local/lib/python3.11/site-packages/airflow/example_dags/example_xcom.py
[2024-07-09T17:03:45.553+0000] {processor.py:840} INFO - DAG(s) 'example_xcom' retrieved from /home/airflow/.local/lib/python3.11/site-packages/airflow/example_dags/example_xcom.py
[2024-07-09T17:03:45.571+0000] {logging_mixin.py:188} INFO - [2024-07-09T17:03:45.571+0000] {dag.py:3047} INFO - Sync 1 DAGs
[2024-07-09T17:03:45.590+0000] {logging_mixin.py:188} INFO - [2024-07-09T17:03:45.590+0000] {dag.py:3834} INFO - Setting next_dagrun for example_xcom to 2021-01-01 00:00:00+00:00, run_after=2021-01-01 00:00:00+00:00
[2024-07-09T17:03:45.612+0000] {processor.py:183} INFO - Processing /home/airflow/.local/lib/python3.11/site-packages/airflow/example_dags/example_xcom.py took 0.073 seconds
[2024-07-09T17:04:16.435+0000] {processor.py:161} INFO - Started process (PID=7103) to work on /home/airflow/.local/lib/python3.11/site-packages/airflow/example_dags/example_xcom.py
[2024-07-09T17:04:16.437+0000] {processor.py:830} INFO - Processing file /home/airflow/.local/lib/python3.11/site-packages/airflow/example_dags/example_xcom.py for tasks to queue
[2024-07-09T17:04:16.438+0000] {logging_mixin.py:188} INFO - [2024-07-09T17:04:16.438+0000] {dagbag.py:540} INFO - Filling up the DagBag from /home/airflow/.local/lib/python3.11/site-packages/airflow/example_dags/example_xcom.py
[2024-07-09T17:04:16.447+0000] {processor.py:840} INFO - DAG(s) 'example_xcom' retrieved from /home/airflow/.local/lib/python3.11/site-packages/airflow/example_dags/example_xcom.py
[2024-07-09T17:04:16.473+0000] {logging_mixin.py:188} INFO - [2024-07-09T17:04:16.473+0000] {dag.py:3047} INFO - Sync 1 DAGs
[2024-07-09T17:04:16.495+0000] {logging_mixin.py:188} INFO - [2024-07-09T17:04:16.494+0000] {dag.py:3834} INFO - Setting next_dagrun for example_xcom to 2021-01-01 00:00:00+00:00, run_after=2021-01-01 00:00:00+00:00
[2024-07-09T17:04:16.511+0000] {processor.py:183} INFO - Processing /home/airflow/.local/lib/python3.11/site-packages/airflow/example_dags/example_xcom.py took 0.080 seconds
[2024-07-09T17:04:47.236+0000] {processor.py:161} INFO - Started process (PID=7399) to work on /home/airflow/.local/lib/python3.11/site-packages/airflow/example_dags/example_xcom.py
[2024-07-09T17:04:47.238+0000] {processor.py:830} INFO - Processing file /home/airflow/.local/lib/python3.11/site-packages/airflow/example_dags/example_xcom.py for tasks to queue
[2024-07-09T17:04:47.240+0000] {logging_mixin.py:188} INFO - [2024-07-09T17:04:47.239+0000] {dagbag.py:540} INFO - Filling up the DagBag from /home/airflow/.local/lib/python3.11/site-packages/airflow/example_dags/example_xcom.py
[2024-07-09T17:04:47.254+0000] {processor.py:840} INFO - DAG(s) 'example_xcom' retrieved from /home/airflow/.local/lib/python3.11/site-packages/airflow/example_dags/example_xcom.py
[2024-07-09T17:04:47.293+0000] {logging_mixin.py:188} INFO - [2024-07-09T17:04:47.292+0000] {dag.py:3047} INFO - Sync 1 DAGs
[2024-07-09T17:04:47.330+0000] {logging_mixin.py:188} INFO - [2024-07-09T17:04:47.329+0000] {dag.py:3834} INFO - Setting next_dagrun for example_xcom to 2021-01-01 00:00:00+00:00, run_after=2021-01-01 00:00:00+00:00
[2024-07-09T17:04:47.361+0000] {processor.py:183} INFO - Processing /home/airflow/.local/lib/python3.11/site-packages/airflow/example_dags/example_xcom.py took 0.129 seconds
[2024-07-09T17:05:18.102+0000] {processor.py:161} INFO - Started process (PID=7661) to work on /home/airflow/.local/lib/python3.11/site-packages/airflow/example_dags/example_xcom.py
[2024-07-09T17:05:18.104+0000] {processor.py:830} INFO - Processing file /home/airflow/.local/lib/python3.11/site-packages/airflow/example_dags/example_xcom.py for tasks to queue
[2024-07-09T17:05:18.105+0000] {logging_mixin.py:188} INFO - [2024-07-09T17:05:18.104+0000] {dagbag.py:540} INFO - Filling up the DagBag from /home/airflow/.local/lib/python3.11/site-packages/airflow/example_dags/example_xcom.py
[2024-07-09T17:05:18.113+0000] {processor.py:840} INFO - DAG(s) 'example_xcom' retrieved from /home/airflow/.local/lib/python3.11/site-packages/airflow/example_dags/example_xcom.py
[2024-07-09T17:05:18.133+0000] {logging_mixin.py:188} INFO - [2024-07-09T17:05:18.132+0000] {dag.py:3047} INFO - Sync 1 DAGs
[2024-07-09T17:05:18.153+0000] {logging_mixin.py:188} INFO - [2024-07-09T17:05:18.152+0000] {dag.py:3834} INFO - Setting next_dagrun for example_xcom to 2021-01-01 00:00:00+00:00, run_after=2021-01-01 00:00:00+00:00
[2024-07-09T17:05:18.173+0000] {processor.py:183} INFO - Processing /home/airflow/.local/lib/python3.11/site-packages/airflow/example_dags/example_xcom.py took 0.073 seconds
[2024-07-09T17:05:48.767+0000] {processor.py:161} INFO - Started process (PID=7923) to work on /home/airflow/.local/lib/python3.11/site-packages/airflow/example_dags/example_xcom.py
[2024-07-09T17:05:48.769+0000] {processor.py:830} INFO - Processing file /home/airflow/.local/lib/python3.11/site-packages/airflow/example_dags/example_xcom.py for tasks to queue
[2024-07-09T17:05:48.770+0000] {logging_mixin.py:188} INFO - [2024-07-09T17:05:48.769+0000] {dagbag.py:540} INFO - Filling up the DagBag from /home/airflow/.local/lib/python3.11/site-packages/airflow/example_dags/example_xcom.py
[2024-07-09T17:05:48.777+0000] {processor.py:840} INFO - DAG(s) 'example_xcom' retrieved from /home/airflow/.local/lib/python3.11/site-packages/airflow/example_dags/example_xcom.py
[2024-07-09T17:05:48.797+0000] {logging_mixin.py:188} INFO - [2024-07-09T17:05:48.797+0000] {dag.py:3047} INFO - Sync 1 DAGs
[2024-07-09T17:05:48.817+0000] {logging_mixin.py:188} INFO - [2024-07-09T17:05:48.816+0000] {dag.py:3834} INFO - Setting next_dagrun for example_xcom to 2021-01-01 00:00:00+00:00, run_after=2021-01-01 00:00:00+00:00
[2024-07-09T17:05:48.837+0000] {processor.py:183} INFO - Processing /home/airflow/.local/lib/python3.11/site-packages/airflow/example_dags/example_xcom.py took 0.073 seconds
[2024-07-09T17:06:18.898+0000] {processor.py:161} INFO - Started process (PID=8185) to work on /home/airflow/.local/lib/python3.11/site-packages/airflow/example_dags/example_xcom.py
[2024-07-09T17:06:18.899+0000] {processor.py:830} INFO - Processing file /home/airflow/.local/lib/python3.11/site-packages/airflow/example_dags/example_xcom.py for tasks to queue
[2024-07-09T17:06:18.900+0000] {logging_mixin.py:188} INFO - [2024-07-09T17:06:18.900+0000] {dagbag.py:540} INFO - Filling up the DagBag from /home/airflow/.local/lib/python3.11/site-packages/airflow/example_dags/example_xcom.py
[2024-07-09T17:06:18.909+0000] {processor.py:840} INFO - DAG(s) 'example_xcom' retrieved from /home/airflow/.local/lib/python3.11/site-packages/airflow/example_dags/example_xcom.py
[2024-07-09T17:06:18.928+0000] {logging_mixin.py:188} INFO - [2024-07-09T17:06:18.928+0000] {dag.py:3047} INFO - Sync 1 DAGs
[2024-07-09T17:06:18.950+0000] {logging_mixin.py:188} INFO - [2024-07-09T17:06:18.950+0000] {dag.py:3834} INFO - Setting next_dagrun for example_xcom to 2021-01-01 00:00:00+00:00, run_after=2021-01-01 00:00:00+00:00
[2024-07-09T17:06:18.969+0000] {processor.py:183} INFO - Processing /home/airflow/.local/lib/python3.11/site-packages/airflow/example_dags/example_xcom.py took 0.075 seconds
[2024-07-09T17:06:49.070+0000] {processor.py:161} INFO - Started process (PID=8447) to work on /home/airflow/.local/lib/python3.11/site-packages/airflow/example_dags/example_xcom.py
[2024-07-09T17:06:49.071+0000] {processor.py:830} INFO - Processing file /home/airflow/.local/lib/python3.11/site-packages/airflow/example_dags/example_xcom.py for tasks to queue
[2024-07-09T17:06:49.072+0000] {logging_mixin.py:188} INFO - [2024-07-09T17:06:49.072+0000] {dagbag.py:540} INFO - Filling up the DagBag from /home/airflow/.local/lib/python3.11/site-packages/airflow/example_dags/example_xcom.py
[2024-07-09T17:06:49.080+0000] {processor.py:840} INFO - DAG(s) 'example_xcom' retrieved from /home/airflow/.local/lib/python3.11/site-packages/airflow/example_dags/example_xcom.py
[2024-07-09T17:06:49.100+0000] {logging_mixin.py:188} INFO - [2024-07-09T17:06:49.099+0000] {dag.py:3047} INFO - Sync 1 DAGs
[2024-07-09T17:06:49.121+0000] {logging_mixin.py:188} INFO - [2024-07-09T17:06:49.121+0000] {dag.py:3834} INFO - Setting next_dagrun for example_xcom to 2021-01-01 00:00:00+00:00, run_after=2021-01-01 00:00:00+00:00
[2024-07-09T17:06:49.140+0000] {processor.py:183} INFO - Processing /home/airflow/.local/lib/python3.11/site-packages/airflow/example_dags/example_xcom.py took 0.073 seconds
