[2024-07-09T16:50:58.556+0000] {processor.py:161} INFO - Started process (PID=240) to work on /home/airflow/.local/lib/python3.11/site-packages/airflow/example_dags/example_task_group.py
[2024-07-09T16:50:58.559+0000] {processor.py:830} INFO - Processing file /home/airflow/.local/lib/python3.11/site-packages/airflow/example_dags/example_task_group.py for tasks to queue
[2024-07-09T16:50:58.561+0000] {logging_mixin.py:188} INFO - [2024-07-09T16:50:58.560+0000] {dagbag.py:540} INFO - Filling up the DagBag from /home/airflow/.local/lib/python3.11/site-packages/airflow/example_dags/example_task_group.py
[2024-07-09T16:50:58.583+0000] {processor.py:840} INFO - DAG(s) 'example_task_group' retrieved from /home/airflow/.local/lib/python3.11/site-packages/airflow/example_dags/example_task_group.py
[2024-07-09T16:50:58.822+0000] {logging_mixin.py:188} INFO - [2024-07-09T16:50:58.821+0000] {override.py:1769} INFO - Created Permission View: can delete on DAG:example_task_group
[2024-07-09T16:50:58.848+0000] {logging_mixin.py:188} INFO - [2024-07-09T16:50:58.847+0000] {override.py:1769} INFO - Created Permission View: can edit on DAG:example_task_group
[2024-07-09T16:50:58.859+0000] {logging_mixin.py:188} INFO - [2024-07-09T16:50:58.859+0000] {override.py:1769} INFO - Created Permission View: can read on DAG:example_task_group
[2024-07-09T16:50:58.861+0000] {logging_mixin.py:188} INFO - [2024-07-09T16:50:58.860+0000] {dag.py:3047} INFO - Sync 1 DAGs
[2024-07-09T16:50:58.879+0000] {logging_mixin.py:188} INFO - [2024-07-09T16:50:58.879+0000] {dag.py:3069} INFO - Creating ORM DAG for example_task_group
[2024-07-09T16:50:58.899+0000] {logging_mixin.py:188} INFO - [2024-07-09T16:50:58.898+0000] {dag.py:3834} INFO - Setting next_dagrun for example_task_group to 2024-07-08 00:00:00+00:00, run_after=2024-07-09 00:00:00+00:00
[2024-07-09T16:50:58.941+0000] {processor.py:183} INFO - Processing /home/airflow/.local/lib/python3.11/site-packages/airflow/example_dags/example_task_group.py took 0.391 seconds
[2024-07-09T16:51:29.730+0000] {processor.py:161} INFO - Started process (PID=502) to work on /home/airflow/.local/lib/python3.11/site-packages/airflow/example_dags/example_task_group.py
[2024-07-09T16:51:29.731+0000] {processor.py:830} INFO - Processing file /home/airflow/.local/lib/python3.11/site-packages/airflow/example_dags/example_task_group.py for tasks to queue
[2024-07-09T16:51:29.732+0000] {logging_mixin.py:188} INFO - [2024-07-09T16:51:29.731+0000] {dagbag.py:540} INFO - Filling up the DagBag from /home/airflow/.local/lib/python3.11/site-packages/airflow/example_dags/example_task_group.py
[2024-07-09T16:51:29.740+0000] {processor.py:840} INFO - DAG(s) 'example_task_group' retrieved from /home/airflow/.local/lib/python3.11/site-packages/airflow/example_dags/example_task_group.py
[2024-07-09T16:51:29.765+0000] {logging_mixin.py:188} INFO - [2024-07-09T16:51:29.765+0000] {dag.py:3047} INFO - Sync 1 DAGs
[2024-07-09T16:51:29.787+0000] {logging_mixin.py:188} INFO - [2024-07-09T16:51:29.787+0000] {dag.py:3834} INFO - Setting next_dagrun for example_task_group to 2024-07-08 00:00:00+00:00, run_after=2024-07-09 00:00:00+00:00
[2024-07-09T16:51:29.806+0000] {processor.py:183} INFO - Processing /home/airflow/.local/lib/python3.11/site-packages/airflow/example_dags/example_task_group.py took 0.082 seconds
[2024-07-09T16:51:59.895+0000] {processor.py:161} INFO - Started process (PID=764) to work on /home/airflow/.local/lib/python3.11/site-packages/airflow/example_dags/example_task_group.py
[2024-07-09T16:51:59.896+0000] {processor.py:830} INFO - Processing file /home/airflow/.local/lib/python3.11/site-packages/airflow/example_dags/example_task_group.py for tasks to queue
[2024-07-09T16:51:59.897+0000] {logging_mixin.py:188} INFO - [2024-07-09T16:51:59.897+0000] {dagbag.py:540} INFO - Filling up the DagBag from /home/airflow/.local/lib/python3.11/site-packages/airflow/example_dags/example_task_group.py
[2024-07-09T16:51:59.905+0000] {processor.py:840} INFO - DAG(s) 'example_task_group' retrieved from /home/airflow/.local/lib/python3.11/site-packages/airflow/example_dags/example_task_group.py
[2024-07-09T16:51:59.929+0000] {logging_mixin.py:188} INFO - [2024-07-09T16:51:59.929+0000] {dag.py:3047} INFO - Sync 1 DAGs
[2024-07-09T16:51:59.950+0000] {logging_mixin.py:188} INFO - [2024-07-09T16:51:59.950+0000] {dag.py:3834} INFO - Setting next_dagrun for example_task_group to 2024-07-08 00:00:00+00:00, run_after=2024-07-09 00:00:00+00:00
[2024-07-09T16:51:59.990+0000] {processor.py:183} INFO - Processing /home/airflow/.local/lib/python3.11/site-packages/airflow/example_dags/example_task_group.py took 0.098 seconds
[2024-07-09T16:52:30.377+0000] {processor.py:161} INFO - Started process (PID=1026) to work on /home/airflow/.local/lib/python3.11/site-packages/airflow/example_dags/example_task_group.py
[2024-07-09T16:52:30.379+0000] {processor.py:830} INFO - Processing file /home/airflow/.local/lib/python3.11/site-packages/airflow/example_dags/example_task_group.py for tasks to queue
[2024-07-09T16:52:30.381+0000] {logging_mixin.py:188} INFO - [2024-07-09T16:52:30.380+0000] {dagbag.py:540} INFO - Filling up the DagBag from /home/airflow/.local/lib/python3.11/site-packages/airflow/example_dags/example_task_group.py
[2024-07-09T16:52:30.398+0000] {processor.py:840} INFO - DAG(s) 'example_task_group' retrieved from /home/airflow/.local/lib/python3.11/site-packages/airflow/example_dags/example_task_group.py
[2024-07-09T16:52:30.437+0000] {logging_mixin.py:188} INFO - [2024-07-09T16:52:30.437+0000] {dag.py:3047} INFO - Sync 1 DAGs
[2024-07-09T16:52:30.462+0000] {logging_mixin.py:188} INFO - [2024-07-09T16:52:30.462+0000] {dag.py:3834} INFO - Setting next_dagrun for example_task_group to 2024-07-08 00:00:00+00:00, run_after=2024-07-09 00:00:00+00:00
[2024-07-09T16:52:30.484+0000] {processor.py:183} INFO - Processing /home/airflow/.local/lib/python3.11/site-packages/airflow/example_dags/example_task_group.py took 0.110 seconds
[2024-07-09T16:53:01.282+0000] {processor.py:161} INFO - Started process (PID=1288) to work on /home/airflow/.local/lib/python3.11/site-packages/airflow/example_dags/example_task_group.py
[2024-07-09T16:53:01.283+0000] {processor.py:830} INFO - Processing file /home/airflow/.local/lib/python3.11/site-packages/airflow/example_dags/example_task_group.py for tasks to queue
[2024-07-09T16:53:01.284+0000] {logging_mixin.py:188} INFO - [2024-07-09T16:53:01.284+0000] {dagbag.py:540} INFO - Filling up the DagBag from /home/airflow/.local/lib/python3.11/site-packages/airflow/example_dags/example_task_group.py
[2024-07-09T16:53:01.292+0000] {processor.py:840} INFO - DAG(s) 'example_task_group' retrieved from /home/airflow/.local/lib/python3.11/site-packages/airflow/example_dags/example_task_group.py
[2024-07-09T16:53:01.321+0000] {logging_mixin.py:188} INFO - [2024-07-09T16:53:01.320+0000] {dag.py:3047} INFO - Sync 1 DAGs
[2024-07-09T16:53:01.449+0000] {logging_mixin.py:188} INFO - [2024-07-09T16:53:01.449+0000] {dag.py:3834} INFO - Setting next_dagrun for example_task_group to 2024-07-08 00:00:00+00:00, run_after=2024-07-09 00:00:00+00:00
[2024-07-09T16:53:01.466+0000] {processor.py:183} INFO - Processing /home/airflow/.local/lib/python3.11/site-packages/airflow/example_dags/example_task_group.py took 0.188 seconds
[2024-07-09T16:53:32.280+0000] {processor.py:161} INFO - Started process (PID=1541) to work on /home/airflow/.local/lib/python3.11/site-packages/airflow/example_dags/example_task_group.py
[2024-07-09T16:53:32.281+0000] {processor.py:830} INFO - Processing file /home/airflow/.local/lib/python3.11/site-packages/airflow/example_dags/example_task_group.py for tasks to queue
[2024-07-09T16:53:32.282+0000] {logging_mixin.py:188} INFO - [2024-07-09T16:53:32.282+0000] {dagbag.py:540} INFO - Filling up the DagBag from /home/airflow/.local/lib/python3.11/site-packages/airflow/example_dags/example_task_group.py
[2024-07-09T16:53:32.290+0000] {processor.py:840} INFO - DAG(s) 'example_task_group' retrieved from /home/airflow/.local/lib/python3.11/site-packages/airflow/example_dags/example_task_group.py
[2024-07-09T16:53:32.311+0000] {logging_mixin.py:188} INFO - [2024-07-09T16:53:32.311+0000] {dag.py:3047} INFO - Sync 1 DAGs
[2024-07-09T16:53:32.329+0000] {logging_mixin.py:188} INFO - [2024-07-09T16:53:32.329+0000] {dag.py:3834} INFO - Setting next_dagrun for example_task_group to 2024-07-08 00:00:00+00:00, run_after=2024-07-09 00:00:00+00:00
[2024-07-09T16:53:32.351+0000] {processor.py:183} INFO - Processing /home/airflow/.local/lib/python3.11/site-packages/airflow/example_dags/example_task_group.py took 0.074 seconds
[2024-07-09T16:54:02.640+0000] {processor.py:161} INFO - Started process (PID=1798) to work on /home/airflow/.local/lib/python3.11/site-packages/airflow/example_dags/example_task_group.py
[2024-07-09T16:54:02.641+0000] {processor.py:830} INFO - Processing file /home/airflow/.local/lib/python3.11/site-packages/airflow/example_dags/example_task_group.py for tasks to queue
[2024-07-09T16:54:02.642+0000] {logging_mixin.py:188} INFO - [2024-07-09T16:54:02.641+0000] {dagbag.py:540} INFO - Filling up the DagBag from /home/airflow/.local/lib/python3.11/site-packages/airflow/example_dags/example_task_group.py
[2024-07-09T16:54:02.650+0000] {processor.py:840} INFO - DAG(s) 'example_task_group' retrieved from /home/airflow/.local/lib/python3.11/site-packages/airflow/example_dags/example_task_group.py
[2024-07-09T16:54:02.677+0000] {logging_mixin.py:188} INFO - [2024-07-09T16:54:02.677+0000] {dag.py:3047} INFO - Sync 1 DAGs
[2024-07-09T16:54:02.698+0000] {logging_mixin.py:188} INFO - [2024-07-09T16:54:02.698+0000] {dag.py:3834} INFO - Setting next_dagrun for example_task_group to 2024-07-08 00:00:00+00:00, run_after=2024-07-09 00:00:00+00:00
[2024-07-09T16:54:02.715+0000] {processor.py:183} INFO - Processing /home/airflow/.local/lib/python3.11/site-packages/airflow/example_dags/example_task_group.py took 0.077 seconds
[2024-07-09T16:54:32.828+0000] {processor.py:161} INFO - Started process (PID=2060) to work on /home/airflow/.local/lib/python3.11/site-packages/airflow/example_dags/example_task_group.py
[2024-07-09T16:54:32.829+0000] {processor.py:830} INFO - Processing file /home/airflow/.local/lib/python3.11/site-packages/airflow/example_dags/example_task_group.py for tasks to queue
[2024-07-09T16:54:32.830+0000] {logging_mixin.py:188} INFO - [2024-07-09T16:54:32.829+0000] {dagbag.py:540} INFO - Filling up the DagBag from /home/airflow/.local/lib/python3.11/site-packages/airflow/example_dags/example_task_group.py
[2024-07-09T16:54:32.836+0000] {processor.py:840} INFO - DAG(s) 'example_task_group' retrieved from /home/airflow/.local/lib/python3.11/site-packages/airflow/example_dags/example_task_group.py
[2024-07-09T16:54:32.860+0000] {logging_mixin.py:188} INFO - [2024-07-09T16:54:32.860+0000] {dag.py:3047} INFO - Sync 1 DAGs
[2024-07-09T16:54:32.882+0000] {logging_mixin.py:188} INFO - [2024-07-09T16:54:32.882+0000] {dag.py:3834} INFO - Setting next_dagrun for example_task_group to 2024-07-08 00:00:00+00:00, run_after=2024-07-09 00:00:00+00:00
[2024-07-09T16:54:32.902+0000] {processor.py:183} INFO - Processing /home/airflow/.local/lib/python3.11/site-packages/airflow/example_dags/example_task_group.py took 0.077 seconds
[2024-07-09T16:55:03.007+0000] {processor.py:161} INFO - Started process (PID=2322) to work on /home/airflow/.local/lib/python3.11/site-packages/airflow/example_dags/example_task_group.py
[2024-07-09T16:55:03.008+0000] {processor.py:830} INFO - Processing file /home/airflow/.local/lib/python3.11/site-packages/airflow/example_dags/example_task_group.py for tasks to queue
[2024-07-09T16:55:03.009+0000] {logging_mixin.py:188} INFO - [2024-07-09T16:55:03.009+0000] {dagbag.py:540} INFO - Filling up the DagBag from /home/airflow/.local/lib/python3.11/site-packages/airflow/example_dags/example_task_group.py
[2024-07-09T16:55:03.017+0000] {processor.py:840} INFO - DAG(s) 'example_task_group' retrieved from /home/airflow/.local/lib/python3.11/site-packages/airflow/example_dags/example_task_group.py
[2024-07-09T16:55:03.042+0000] {logging_mixin.py:188} INFO - [2024-07-09T16:55:03.041+0000] {dag.py:3047} INFO - Sync 1 DAGs
[2024-07-09T16:55:03.063+0000] {logging_mixin.py:188} INFO - [2024-07-09T16:55:03.062+0000] {dag.py:3834} INFO - Setting next_dagrun for example_task_group to 2024-07-08 00:00:00+00:00, run_after=2024-07-09 00:00:00+00:00
[2024-07-09T16:55:03.082+0000] {processor.py:183} INFO - Processing /home/airflow/.local/lib/python3.11/site-packages/airflow/example_dags/example_task_group.py took 0.078 seconds
[2024-07-09T16:55:33.502+0000] {processor.py:161} INFO - Started process (PID=2584) to work on /home/airflow/.local/lib/python3.11/site-packages/airflow/example_dags/example_task_group.py
[2024-07-09T16:55:33.504+0000] {processor.py:830} INFO - Processing file /home/airflow/.local/lib/python3.11/site-packages/airflow/example_dags/example_task_group.py for tasks to queue
[2024-07-09T16:55:33.505+0000] {logging_mixin.py:188} INFO - [2024-07-09T16:55:33.505+0000] {dagbag.py:540} INFO - Filling up the DagBag from /home/airflow/.local/lib/python3.11/site-packages/airflow/example_dags/example_task_group.py
[2024-07-09T16:55:33.515+0000] {processor.py:840} INFO - DAG(s) 'example_task_group' retrieved from /home/airflow/.local/lib/python3.11/site-packages/airflow/example_dags/example_task_group.py
[2024-07-09T16:55:33.543+0000] {logging_mixin.py:188} INFO - [2024-07-09T16:55:33.542+0000] {dag.py:3047} INFO - Sync 1 DAGs
[2024-07-09T16:55:33.561+0000] {logging_mixin.py:188} INFO - [2024-07-09T16:55:33.561+0000] {dag.py:3834} INFO - Setting next_dagrun for example_task_group to 2024-07-08 00:00:00+00:00, run_after=2024-07-09 00:00:00+00:00
[2024-07-09T16:55:33.600+0000] {processor.py:183} INFO - Processing /home/airflow/.local/lib/python3.11/site-packages/airflow/example_dags/example_task_group.py took 0.102 seconds
[2024-07-09T16:56:03.673+0000] {processor.py:161} INFO - Started process (PID=2846) to work on /home/airflow/.local/lib/python3.11/site-packages/airflow/example_dags/example_task_group.py
[2024-07-09T16:56:03.675+0000] {processor.py:830} INFO - Processing file /home/airflow/.local/lib/python3.11/site-packages/airflow/example_dags/example_task_group.py for tasks to queue
[2024-07-09T16:56:03.676+0000] {logging_mixin.py:188} INFO - [2024-07-09T16:56:03.675+0000] {dagbag.py:540} INFO - Filling up the DagBag from /home/airflow/.local/lib/python3.11/site-packages/airflow/example_dags/example_task_group.py
[2024-07-09T16:56:03.684+0000] {processor.py:840} INFO - DAG(s) 'example_task_group' retrieved from /home/airflow/.local/lib/python3.11/site-packages/airflow/example_dags/example_task_group.py
[2024-07-09T16:56:03.710+0000] {logging_mixin.py:188} INFO - [2024-07-09T16:56:03.710+0000] {dag.py:3047} INFO - Sync 1 DAGs
[2024-07-09T16:56:03.730+0000] {logging_mixin.py:188} INFO - [2024-07-09T16:56:03.730+0000] {dag.py:3834} INFO - Setting next_dagrun for example_task_group to 2024-07-08 00:00:00+00:00, run_after=2024-07-09 00:00:00+00:00
[2024-07-09T16:56:03.757+0000] {processor.py:183} INFO - Processing /home/airflow/.local/lib/python3.11/site-packages/airflow/example_dags/example_task_group.py took 0.087 seconds
[2024-07-09T16:56:33.861+0000] {processor.py:161} INFO - Started process (PID=3108) to work on /home/airflow/.local/lib/python3.11/site-packages/airflow/example_dags/example_task_group.py
[2024-07-09T16:56:33.862+0000] {processor.py:830} INFO - Processing file /home/airflow/.local/lib/python3.11/site-packages/airflow/example_dags/example_task_group.py for tasks to queue
[2024-07-09T16:56:33.863+0000] {logging_mixin.py:188} INFO - [2024-07-09T16:56:33.863+0000] {dagbag.py:540} INFO - Filling up the DagBag from /home/airflow/.local/lib/python3.11/site-packages/airflow/example_dags/example_task_group.py
[2024-07-09T16:56:33.871+0000] {processor.py:840} INFO - DAG(s) 'example_task_group' retrieved from /home/airflow/.local/lib/python3.11/site-packages/airflow/example_dags/example_task_group.py
[2024-07-09T16:56:33.894+0000] {logging_mixin.py:188} INFO - [2024-07-09T16:56:33.894+0000] {dag.py:3047} INFO - Sync 1 DAGs
[2024-07-09T16:56:33.915+0000] {logging_mixin.py:188} INFO - [2024-07-09T16:56:33.915+0000] {dag.py:3834} INFO - Setting next_dagrun for example_task_group to 2024-07-08 00:00:00+00:00, run_after=2024-07-09 00:00:00+00:00
[2024-07-09T16:56:33.932+0000] {processor.py:183} INFO - Processing /home/airflow/.local/lib/python3.11/site-packages/airflow/example_dags/example_task_group.py took 0.075 seconds
[2024-07-09T16:57:04.152+0000] {processor.py:161} INFO - Started process (PID=3370) to work on /home/airflow/.local/lib/python3.11/site-packages/airflow/example_dags/example_task_group.py
[2024-07-09T16:57:04.153+0000] {processor.py:830} INFO - Processing file /home/airflow/.local/lib/python3.11/site-packages/airflow/example_dags/example_task_group.py for tasks to queue
[2024-07-09T16:57:04.154+0000] {logging_mixin.py:188} INFO - [2024-07-09T16:57:04.154+0000] {dagbag.py:540} INFO - Filling up the DagBag from /home/airflow/.local/lib/python3.11/site-packages/airflow/example_dags/example_task_group.py
[2024-07-09T16:57:04.162+0000] {processor.py:840} INFO - DAG(s) 'example_task_group' retrieved from /home/airflow/.local/lib/python3.11/site-packages/airflow/example_dags/example_task_group.py
[2024-07-09T16:57:04.184+0000] {logging_mixin.py:188} INFO - [2024-07-09T16:57:04.184+0000] {dag.py:3047} INFO - Sync 1 DAGs
[2024-07-09T16:57:04.203+0000] {logging_mixin.py:188} INFO - [2024-07-09T16:57:04.203+0000] {dag.py:3834} INFO - Setting next_dagrun for example_task_group to 2024-07-08 00:00:00+00:00, run_after=2024-07-09 00:00:00+00:00
[2024-07-09T16:57:04.220+0000] {processor.py:183} INFO - Processing /home/airflow/.local/lib/python3.11/site-packages/airflow/example_dags/example_task_group.py took 0.072 seconds
[2024-07-09T16:57:34.719+0000] {processor.py:161} INFO - Started process (PID=3632) to work on /home/airflow/.local/lib/python3.11/site-packages/airflow/example_dags/example_task_group.py
[2024-07-09T16:57:34.720+0000] {processor.py:830} INFO - Processing file /home/airflow/.local/lib/python3.11/site-packages/airflow/example_dags/example_task_group.py for tasks to queue
[2024-07-09T16:57:34.721+0000] {logging_mixin.py:188} INFO - [2024-07-09T16:57:34.720+0000] {dagbag.py:540} INFO - Filling up the DagBag from /home/airflow/.local/lib/python3.11/site-packages/airflow/example_dags/example_task_group.py
[2024-07-09T16:57:34.729+0000] {processor.py:840} INFO - DAG(s) 'example_task_group' retrieved from /home/airflow/.local/lib/python3.11/site-packages/airflow/example_dags/example_task_group.py
[2024-07-09T16:57:34.756+0000] {logging_mixin.py:188} INFO - [2024-07-09T16:57:34.755+0000] {dag.py:3047} INFO - Sync 1 DAGs
[2024-07-09T16:57:34.778+0000] {logging_mixin.py:188} INFO - [2024-07-09T16:57:34.778+0000] {dag.py:3834} INFO - Setting next_dagrun for example_task_group to 2024-07-08 00:00:00+00:00, run_after=2024-07-09 00:00:00+00:00
[2024-07-09T16:57:34.796+0000] {processor.py:183} INFO - Processing /home/airflow/.local/lib/python3.11/site-packages/airflow/example_dags/example_task_group.py took 0.081 seconds
[2024-07-09T16:58:04.867+0000] {processor.py:161} INFO - Started process (PID=3894) to work on /home/airflow/.local/lib/python3.11/site-packages/airflow/example_dags/example_task_group.py
[2024-07-09T16:58:04.868+0000] {processor.py:830} INFO - Processing file /home/airflow/.local/lib/python3.11/site-packages/airflow/example_dags/example_task_group.py for tasks to queue
[2024-07-09T16:58:04.869+0000] {logging_mixin.py:188} INFO - [2024-07-09T16:58:04.869+0000] {dagbag.py:540} INFO - Filling up the DagBag from /home/airflow/.local/lib/python3.11/site-packages/airflow/example_dags/example_task_group.py
[2024-07-09T16:58:04.876+0000] {processor.py:840} INFO - DAG(s) 'example_task_group' retrieved from /home/airflow/.local/lib/python3.11/site-packages/airflow/example_dags/example_task_group.py
[2024-07-09T16:58:04.897+0000] {logging_mixin.py:188} INFO - [2024-07-09T16:58:04.897+0000] {dag.py:3047} INFO - Sync 1 DAGs
[2024-07-09T16:58:04.916+0000] {logging_mixin.py:188} INFO - [2024-07-09T16:58:04.916+0000] {dag.py:3834} INFO - Setting next_dagrun for example_task_group to 2024-07-08 00:00:00+00:00, run_after=2024-07-09 00:00:00+00:00
[2024-07-09T16:58:04.950+0000] {processor.py:183} INFO - Processing /home/airflow/.local/lib/python3.11/site-packages/airflow/example_dags/example_task_group.py took 0.087 seconds
[2024-07-09T16:58:35.270+0000] {processor.py:161} INFO - Started process (PID=4156) to work on /home/airflow/.local/lib/python3.11/site-packages/airflow/example_dags/example_task_group.py
[2024-07-09T16:58:35.272+0000] {processor.py:830} INFO - Processing file /home/airflow/.local/lib/python3.11/site-packages/airflow/example_dags/example_task_group.py for tasks to queue
[2024-07-09T16:58:35.273+0000] {logging_mixin.py:188} INFO - [2024-07-09T16:58:35.272+0000] {dagbag.py:540} INFO - Filling up the DagBag from /home/airflow/.local/lib/python3.11/site-packages/airflow/example_dags/example_task_group.py
[2024-07-09T16:58:35.279+0000] {processor.py:840} INFO - DAG(s) 'example_task_group' retrieved from /home/airflow/.local/lib/python3.11/site-packages/airflow/example_dags/example_task_group.py
[2024-07-09T16:58:35.301+0000] {logging_mixin.py:188} INFO - [2024-07-09T16:58:35.301+0000] {dag.py:3047} INFO - Sync 1 DAGs
[2024-07-09T16:58:35.323+0000] {logging_mixin.py:188} INFO - [2024-07-09T16:58:35.323+0000] {dag.py:3834} INFO - Setting next_dagrun for example_task_group to 2024-07-08 00:00:00+00:00, run_after=2024-07-09 00:00:00+00:00
[2024-07-09T16:58:35.359+0000] {processor.py:183} INFO - Processing /home/airflow/.local/lib/python3.11/site-packages/airflow/example_dags/example_task_group.py took 0.092 seconds
[2024-07-09T16:59:06.127+0000] {processor.py:161} INFO - Started process (PID=4418) to work on /home/airflow/.local/lib/python3.11/site-packages/airflow/example_dags/example_task_group.py
[2024-07-09T16:59:06.128+0000] {processor.py:830} INFO - Processing file /home/airflow/.local/lib/python3.11/site-packages/airflow/example_dags/example_task_group.py for tasks to queue
[2024-07-09T16:59:06.129+0000] {logging_mixin.py:188} INFO - [2024-07-09T16:59:06.129+0000] {dagbag.py:540} INFO - Filling up the DagBag from /home/airflow/.local/lib/python3.11/site-packages/airflow/example_dags/example_task_group.py
[2024-07-09T16:59:06.137+0000] {processor.py:840} INFO - DAG(s) 'example_task_group' retrieved from /home/airflow/.local/lib/python3.11/site-packages/airflow/example_dags/example_task_group.py
[2024-07-09T16:59:06.164+0000] {logging_mixin.py:188} INFO - [2024-07-09T16:59:06.163+0000] {dag.py:3047} INFO - Sync 1 DAGs
[2024-07-09T16:59:06.195+0000] {logging_mixin.py:188} INFO - [2024-07-09T16:59:06.195+0000] {dag.py:3834} INFO - Setting next_dagrun for example_task_group to 2024-07-08 00:00:00+00:00, run_after=2024-07-09 00:00:00+00:00
[2024-07-09T16:59:06.217+0000] {processor.py:183} INFO - Processing /home/airflow/.local/lib/python3.11/site-packages/airflow/example_dags/example_task_group.py took 0.093 seconds
[2024-07-09T16:59:36.280+0000] {processor.py:161} INFO - Started process (PID=4680) to work on /home/airflow/.local/lib/python3.11/site-packages/airflow/example_dags/example_task_group.py
[2024-07-09T16:59:36.281+0000] {processor.py:830} INFO - Processing file /home/airflow/.local/lib/python3.11/site-packages/airflow/example_dags/example_task_group.py for tasks to queue
[2024-07-09T16:59:36.282+0000] {logging_mixin.py:188} INFO - [2024-07-09T16:59:36.282+0000] {dagbag.py:540} INFO - Filling up the DagBag from /home/airflow/.local/lib/python3.11/site-packages/airflow/example_dags/example_task_group.py
[2024-07-09T16:59:36.288+0000] {processor.py:840} INFO - DAG(s) 'example_task_group' retrieved from /home/airflow/.local/lib/python3.11/site-packages/airflow/example_dags/example_task_group.py
[2024-07-09T16:59:36.312+0000] {logging_mixin.py:188} INFO - [2024-07-09T16:59:36.312+0000] {dag.py:3047} INFO - Sync 1 DAGs
[2024-07-09T16:59:36.332+0000] {logging_mixin.py:188} INFO - [2024-07-09T16:59:36.332+0000] {dag.py:3834} INFO - Setting next_dagrun for example_task_group to 2024-07-08 00:00:00+00:00, run_after=2024-07-09 00:00:00+00:00
[2024-07-09T16:59:36.348+0000] {processor.py:183} INFO - Processing /home/airflow/.local/lib/python3.11/site-packages/airflow/example_dags/example_task_group.py took 0.072 seconds
[2024-07-09T17:00:06.920+0000] {processor.py:161} INFO - Started process (PID=4942) to work on /home/airflow/.local/lib/python3.11/site-packages/airflow/example_dags/example_task_group.py
[2024-07-09T17:00:06.921+0000] {processor.py:830} INFO - Processing file /home/airflow/.local/lib/python3.11/site-packages/airflow/example_dags/example_task_group.py for tasks to queue
[2024-07-09T17:00:06.922+0000] {logging_mixin.py:188} INFO - [2024-07-09T17:00:06.922+0000] {dagbag.py:540} INFO - Filling up the DagBag from /home/airflow/.local/lib/python3.11/site-packages/airflow/example_dags/example_task_group.py
[2024-07-09T17:00:06.934+0000] {processor.py:840} INFO - DAG(s) 'example_task_group' retrieved from /home/airflow/.local/lib/python3.11/site-packages/airflow/example_dags/example_task_group.py
[2024-07-09T17:00:06.971+0000] {logging_mixin.py:188} INFO - [2024-07-09T17:00:06.971+0000] {dag.py:3047} INFO - Sync 1 DAGs
[2024-07-09T17:00:07.007+0000] {logging_mixin.py:188} INFO - [2024-07-09T17:00:07.007+0000] {dag.py:3834} INFO - Setting next_dagrun for example_task_group to 2024-07-08 00:00:00+00:00, run_after=2024-07-09 00:00:00+00:00
[2024-07-09T17:00:07.034+0000] {processor.py:183} INFO - Processing /home/airflow/.local/lib/python3.11/site-packages/airflow/example_dags/example_task_group.py took 0.118 seconds
[2024-07-09T17:00:37.503+0000] {processor.py:161} INFO - Started process (PID=5204) to work on /home/airflow/.local/lib/python3.11/site-packages/airflow/example_dags/example_task_group.py
[2024-07-09T17:00:37.504+0000] {processor.py:830} INFO - Processing file /home/airflow/.local/lib/python3.11/site-packages/airflow/example_dags/example_task_group.py for tasks to queue
[2024-07-09T17:00:37.505+0000] {logging_mixin.py:188} INFO - [2024-07-09T17:00:37.505+0000] {dagbag.py:540} INFO - Filling up the DagBag from /home/airflow/.local/lib/python3.11/site-packages/airflow/example_dags/example_task_group.py
[2024-07-09T17:00:37.515+0000] {processor.py:840} INFO - DAG(s) 'example_task_group' retrieved from /home/airflow/.local/lib/python3.11/site-packages/airflow/example_dags/example_task_group.py
[2024-07-09T17:00:37.539+0000] {logging_mixin.py:188} INFO - [2024-07-09T17:00:37.539+0000] {dag.py:3047} INFO - Sync 1 DAGs
[2024-07-09T17:00:37.561+0000] {logging_mixin.py:188} INFO - [2024-07-09T17:00:37.560+0000] {dag.py:3834} INFO - Setting next_dagrun for example_task_group to 2024-07-08 00:00:00+00:00, run_after=2024-07-09 00:00:00+00:00
[2024-07-09T17:00:37.579+0000] {processor.py:183} INFO - Processing /home/airflow/.local/lib/python3.11/site-packages/airflow/example_dags/example_task_group.py took 0.079 seconds
[2024-07-09T17:01:08.503+0000] {processor.py:161} INFO - Started process (PID=5466) to work on /home/airflow/.local/lib/python3.11/site-packages/airflow/example_dags/example_task_group.py
[2024-07-09T17:01:08.505+0000] {processor.py:830} INFO - Processing file /home/airflow/.local/lib/python3.11/site-packages/airflow/example_dags/example_task_group.py for tasks to queue
[2024-07-09T17:01:08.506+0000] {logging_mixin.py:188} INFO - [2024-07-09T17:01:08.505+0000] {dagbag.py:540} INFO - Filling up the DagBag from /home/airflow/.local/lib/python3.11/site-packages/airflow/example_dags/example_task_group.py
[2024-07-09T17:01:08.514+0000] {processor.py:840} INFO - DAG(s) 'example_task_group' retrieved from /home/airflow/.local/lib/python3.11/site-packages/airflow/example_dags/example_task_group.py
[2024-07-09T17:01:08.554+0000] {logging_mixin.py:188} INFO - [2024-07-09T17:01:08.553+0000] {dag.py:3047} INFO - Sync 1 DAGs
[2024-07-09T17:01:08.578+0000] {logging_mixin.py:188} INFO - [2024-07-09T17:01:08.578+0000] {dag.py:3834} INFO - Setting next_dagrun for example_task_group to 2024-07-08 00:00:00+00:00, run_after=2024-07-09 00:00:00+00:00
[2024-07-09T17:01:08.599+0000] {processor.py:183} INFO - Processing /home/airflow/.local/lib/python3.11/site-packages/airflow/example_dags/example_task_group.py took 0.098 seconds
[2024-07-09T17:01:38.724+0000] {processor.py:161} INFO - Started process (PID=5728) to work on /home/airflow/.local/lib/python3.11/site-packages/airflow/example_dags/example_task_group.py
[2024-07-09T17:01:38.726+0000] {processor.py:830} INFO - Processing file /home/airflow/.local/lib/python3.11/site-packages/airflow/example_dags/example_task_group.py for tasks to queue
[2024-07-09T17:01:38.727+0000] {logging_mixin.py:188} INFO - [2024-07-09T17:01:38.726+0000] {dagbag.py:540} INFO - Filling up the DagBag from /home/airflow/.local/lib/python3.11/site-packages/airflow/example_dags/example_task_group.py
[2024-07-09T17:01:38.735+0000] {processor.py:840} INFO - DAG(s) 'example_task_group' retrieved from /home/airflow/.local/lib/python3.11/site-packages/airflow/example_dags/example_task_group.py
[2024-07-09T17:01:38.760+0000] {logging_mixin.py:188} INFO - [2024-07-09T17:01:38.760+0000] {dag.py:3047} INFO - Sync 1 DAGs
[2024-07-09T17:01:38.781+0000] {logging_mixin.py:188} INFO - [2024-07-09T17:01:38.781+0000] {dag.py:3834} INFO - Setting next_dagrun for example_task_group to 2024-07-08 00:00:00+00:00, run_after=2024-07-09 00:00:00+00:00
[2024-07-09T17:01:38.800+0000] {processor.py:183} INFO - Processing /home/airflow/.local/lib/python3.11/site-packages/airflow/example_dags/example_task_group.py took 0.079 seconds
[2024-07-09T17:02:08.853+0000] {processor.py:161} INFO - Started process (PID=5990) to work on /home/airflow/.local/lib/python3.11/site-packages/airflow/example_dags/example_task_group.py
[2024-07-09T17:02:08.854+0000] {processor.py:830} INFO - Processing file /home/airflow/.local/lib/python3.11/site-packages/airflow/example_dags/example_task_group.py for tasks to queue
[2024-07-09T17:02:08.855+0000] {logging_mixin.py:188} INFO - [2024-07-09T17:02:08.855+0000] {dagbag.py:540} INFO - Filling up the DagBag from /home/airflow/.local/lib/python3.11/site-packages/airflow/example_dags/example_task_group.py
[2024-07-09T17:02:08.862+0000] {processor.py:840} INFO - DAG(s) 'example_task_group' retrieved from /home/airflow/.local/lib/python3.11/site-packages/airflow/example_dags/example_task_group.py
[2024-07-09T17:02:08.891+0000] {logging_mixin.py:188} INFO - [2024-07-09T17:02:08.890+0000] {dag.py:3047} INFO - Sync 1 DAGs
[2024-07-09T17:02:08.911+0000] {logging_mixin.py:188} INFO - [2024-07-09T17:02:08.910+0000] {dag.py:3834} INFO - Setting next_dagrun for example_task_group to 2024-07-08 00:00:00+00:00, run_after=2024-07-09 00:00:00+00:00
[2024-07-09T17:02:08.929+0000] {processor.py:183} INFO - Processing /home/airflow/.local/lib/python3.11/site-packages/airflow/example_dags/example_task_group.py took 0.079 seconds
[2024-07-09T17:02:39.740+0000] {processor.py:161} INFO - Started process (PID=6252) to work on /home/airflow/.local/lib/python3.11/site-packages/airflow/example_dags/example_task_group.py
[2024-07-09T17:02:39.741+0000] {processor.py:830} INFO - Processing file /home/airflow/.local/lib/python3.11/site-packages/airflow/example_dags/example_task_group.py for tasks to queue
[2024-07-09T17:02:39.741+0000] {logging_mixin.py:188} INFO - [2024-07-09T17:02:39.741+0000] {dagbag.py:540} INFO - Filling up the DagBag from /home/airflow/.local/lib/python3.11/site-packages/airflow/example_dags/example_task_group.py
[2024-07-09T17:02:39.751+0000] {processor.py:840} INFO - DAG(s) 'example_task_group' retrieved from /home/airflow/.local/lib/python3.11/site-packages/airflow/example_dags/example_task_group.py
[2024-07-09T17:02:39.777+0000] {logging_mixin.py:188} INFO - [2024-07-09T17:02:39.776+0000] {dag.py:3047} INFO - Sync 1 DAGs
[2024-07-09T17:02:39.801+0000] {logging_mixin.py:188} INFO - [2024-07-09T17:02:39.801+0000] {dag.py:3834} INFO - Setting next_dagrun for example_task_group to 2024-07-08 00:00:00+00:00, run_after=2024-07-09 00:00:00+00:00
[2024-07-09T17:02:39.817+0000] {processor.py:183} INFO - Processing /home/airflow/.local/lib/python3.11/site-packages/airflow/example_dags/example_task_group.py took 0.081 seconds
[2024-07-09T17:03:10.054+0000] {processor.py:161} INFO - Started process (PID=6514) to work on /home/airflow/.local/lib/python3.11/site-packages/airflow/example_dags/example_task_group.py
[2024-07-09T17:03:10.055+0000] {processor.py:830} INFO - Processing file /home/airflow/.local/lib/python3.11/site-packages/airflow/example_dags/example_task_group.py for tasks to queue
[2024-07-09T17:03:10.056+0000] {logging_mixin.py:188} INFO - [2024-07-09T17:03:10.056+0000] {dagbag.py:540} INFO - Filling up the DagBag from /home/airflow/.local/lib/python3.11/site-packages/airflow/example_dags/example_task_group.py
[2024-07-09T17:03:10.063+0000] {processor.py:840} INFO - DAG(s) 'example_task_group' retrieved from /home/airflow/.local/lib/python3.11/site-packages/airflow/example_dags/example_task_group.py
[2024-07-09T17:03:10.082+0000] {logging_mixin.py:188} INFO - [2024-07-09T17:03:10.081+0000] {dag.py:3047} INFO - Sync 1 DAGs
[2024-07-09T17:03:10.101+0000] {logging_mixin.py:188} INFO - [2024-07-09T17:03:10.101+0000] {dag.py:3834} INFO - Setting next_dagrun for example_task_group to 2024-07-08 00:00:00+00:00, run_after=2024-07-09 00:00:00+00:00
[2024-07-09T17:03:10.117+0000] {processor.py:183} INFO - Processing /home/airflow/.local/lib/python3.11/site-packages/airflow/example_dags/example_task_group.py took 0.067 seconds
[2024-07-09T17:03:40.943+0000] {processor.py:161} INFO - Started process (PID=6776) to work on /home/airflow/.local/lib/python3.11/site-packages/airflow/example_dags/example_task_group.py
[2024-07-09T17:03:40.944+0000] {processor.py:830} INFO - Processing file /home/airflow/.local/lib/python3.11/site-packages/airflow/example_dags/example_task_group.py for tasks to queue
[2024-07-09T17:03:40.946+0000] {logging_mixin.py:188} INFO - [2024-07-09T17:03:40.945+0000] {dagbag.py:540} INFO - Filling up the DagBag from /home/airflow/.local/lib/python3.11/site-packages/airflow/example_dags/example_task_group.py
[2024-07-09T17:03:40.953+0000] {processor.py:840} INFO - DAG(s) 'example_task_group' retrieved from /home/airflow/.local/lib/python3.11/site-packages/airflow/example_dags/example_task_group.py
[2024-07-09T17:03:40.973+0000] {logging_mixin.py:188} INFO - [2024-07-09T17:03:40.973+0000] {dag.py:3047} INFO - Sync 1 DAGs
[2024-07-09T17:03:40.989+0000] {logging_mixin.py:188} INFO - [2024-07-09T17:03:40.989+0000] {dag.py:3834} INFO - Setting next_dagrun for example_task_group to 2024-07-08 00:00:00+00:00, run_after=2024-07-09 00:00:00+00:00
[2024-07-09T17:03:41.005+0000] {processor.py:183} INFO - Processing /home/airflow/.local/lib/python3.11/site-packages/airflow/example_dags/example_task_group.py took 0.064 seconds
[2024-07-09T17:04:11.668+0000] {processor.py:161} INFO - Started process (PID=7038) to work on /home/airflow/.local/lib/python3.11/site-packages/airflow/example_dags/example_task_group.py
[2024-07-09T17:04:11.669+0000] {processor.py:830} INFO - Processing file /home/airflow/.local/lib/python3.11/site-packages/airflow/example_dags/example_task_group.py for tasks to queue
[2024-07-09T17:04:11.670+0000] {logging_mixin.py:188} INFO - [2024-07-09T17:04:11.670+0000] {dagbag.py:540} INFO - Filling up the DagBag from /home/airflow/.local/lib/python3.11/site-packages/airflow/example_dags/example_task_group.py
[2024-07-09T17:04:11.678+0000] {processor.py:840} INFO - DAG(s) 'example_task_group' retrieved from /home/airflow/.local/lib/python3.11/site-packages/airflow/example_dags/example_task_group.py
[2024-07-09T17:04:11.711+0000] {logging_mixin.py:188} INFO - [2024-07-09T17:04:11.711+0000] {dag.py:3047} INFO - Sync 1 DAGs
[2024-07-09T17:04:11.763+0000] {logging_mixin.py:188} INFO - [2024-07-09T17:04:11.762+0000] {dag.py:3834} INFO - Setting next_dagrun for example_task_group to 2024-07-08 00:00:00+00:00, run_after=2024-07-09 00:00:00+00:00
[2024-07-09T17:04:11.816+0000] {processor.py:183} INFO - Processing /home/airflow/.local/lib/python3.11/site-packages/airflow/example_dags/example_task_group.py took 0.151 seconds
[2024-07-09T17:04:42.367+0000] {processor.py:161} INFO - Started process (PID=7301) to work on /home/airflow/.local/lib/python3.11/site-packages/airflow/example_dags/example_task_group.py
[2024-07-09T17:04:42.369+0000] {processor.py:830} INFO - Processing file /home/airflow/.local/lib/python3.11/site-packages/airflow/example_dags/example_task_group.py for tasks to queue
[2024-07-09T17:04:42.370+0000] {logging_mixin.py:188} INFO - [2024-07-09T17:04:42.370+0000] {dagbag.py:540} INFO - Filling up the DagBag from /home/airflow/.local/lib/python3.11/site-packages/airflow/example_dags/example_task_group.py
[2024-07-09T17:04:42.380+0000] {processor.py:840} INFO - DAG(s) 'example_task_group' retrieved from /home/airflow/.local/lib/python3.11/site-packages/airflow/example_dags/example_task_group.py
[2024-07-09T17:04:42.409+0000] {logging_mixin.py:188} INFO - [2024-07-09T17:04:42.409+0000] {dag.py:3047} INFO - Sync 1 DAGs
[2024-07-09T17:04:42.437+0000] {logging_mixin.py:188} INFO - [2024-07-09T17:04:42.437+0000] {dag.py:3834} INFO - Setting next_dagrun for example_task_group to 2024-07-08 00:00:00+00:00, run_after=2024-07-09 00:00:00+00:00
[2024-07-09T17:04:42.460+0000] {processor.py:183} INFO - Processing /home/airflow/.local/lib/python3.11/site-packages/airflow/example_dags/example_task_group.py took 0.096 seconds
[2024-07-09T17:05:13.363+0000] {processor.py:161} INFO - Started process (PID=7596) to work on /home/airflow/.local/lib/python3.11/site-packages/airflow/example_dags/example_task_group.py
[2024-07-09T17:05:13.364+0000] {processor.py:830} INFO - Processing file /home/airflow/.local/lib/python3.11/site-packages/airflow/example_dags/example_task_group.py for tasks to queue
[2024-07-09T17:05:13.365+0000] {logging_mixin.py:188} INFO - [2024-07-09T17:05:13.365+0000] {dagbag.py:540} INFO - Filling up the DagBag from /home/airflow/.local/lib/python3.11/site-packages/airflow/example_dags/example_task_group.py
[2024-07-09T17:05:13.371+0000] {processor.py:840} INFO - DAG(s) 'example_task_group' retrieved from /home/airflow/.local/lib/python3.11/site-packages/airflow/example_dags/example_task_group.py
[2024-07-09T17:05:13.399+0000] {logging_mixin.py:188} INFO - [2024-07-09T17:05:13.398+0000] {dag.py:3047} INFO - Sync 1 DAGs
[2024-07-09T17:05:13.417+0000] {logging_mixin.py:188} INFO - [2024-07-09T17:05:13.417+0000] {dag.py:3834} INFO - Setting next_dagrun for example_task_group to 2024-07-08 00:00:00+00:00, run_after=2024-07-09 00:00:00+00:00
[2024-07-09T17:05:13.435+0000] {processor.py:183} INFO - Processing /home/airflow/.local/lib/python3.11/site-packages/airflow/example_dags/example_task_group.py took 0.075 seconds
[2024-07-09T17:05:44.065+0000] {processor.py:161} INFO - Started process (PID=7858) to work on /home/airflow/.local/lib/python3.11/site-packages/airflow/example_dags/example_task_group.py
[2024-07-09T17:05:44.067+0000] {processor.py:830} INFO - Processing file /home/airflow/.local/lib/python3.11/site-packages/airflow/example_dags/example_task_group.py for tasks to queue
[2024-07-09T17:05:44.068+0000] {logging_mixin.py:188} INFO - [2024-07-09T17:05:44.068+0000] {dagbag.py:540} INFO - Filling up the DagBag from /home/airflow/.local/lib/python3.11/site-packages/airflow/example_dags/example_task_group.py
[2024-07-09T17:05:44.076+0000] {processor.py:840} INFO - DAG(s) 'example_task_group' retrieved from /home/airflow/.local/lib/python3.11/site-packages/airflow/example_dags/example_task_group.py
[2024-07-09T17:05:44.101+0000] {logging_mixin.py:188} INFO - [2024-07-09T17:05:44.101+0000] {dag.py:3047} INFO - Sync 1 DAGs
[2024-07-09T17:05:44.123+0000] {logging_mixin.py:188} INFO - [2024-07-09T17:05:44.123+0000] {dag.py:3834} INFO - Setting next_dagrun for example_task_group to 2024-07-08 00:00:00+00:00, run_after=2024-07-09 00:00:00+00:00
[2024-07-09T17:05:44.142+0000] {processor.py:183} INFO - Processing /home/airflow/.local/lib/python3.11/site-packages/airflow/example_dags/example_task_group.py took 0.080 seconds
[2024-07-09T17:06:14.930+0000] {processor.py:161} INFO - Started process (PID=8120) to work on /home/airflow/.local/lib/python3.11/site-packages/airflow/example_dags/example_task_group.py
[2024-07-09T17:06:14.932+0000] {processor.py:830} INFO - Processing file /home/airflow/.local/lib/python3.11/site-packages/airflow/example_dags/example_task_group.py for tasks to queue
[2024-07-09T17:06:14.933+0000] {logging_mixin.py:188} INFO - [2024-07-09T17:06:14.933+0000] {dagbag.py:540} INFO - Filling up the DagBag from /home/airflow/.local/lib/python3.11/site-packages/airflow/example_dags/example_task_group.py
[2024-07-09T17:06:14.943+0000] {processor.py:840} INFO - DAG(s) 'example_task_group' retrieved from /home/airflow/.local/lib/python3.11/site-packages/airflow/example_dags/example_task_group.py
[2024-07-09T17:06:14.972+0000] {logging_mixin.py:188} INFO - [2024-07-09T17:06:14.972+0000] {dag.py:3047} INFO - Sync 1 DAGs
[2024-07-09T17:06:14.996+0000] {logging_mixin.py:188} INFO - [2024-07-09T17:06:14.996+0000] {dag.py:3834} INFO - Setting next_dagrun for example_task_group to 2024-07-08 00:00:00+00:00, run_after=2024-07-09 00:00:00+00:00
[2024-07-09T17:06:15.024+0000] {processor.py:183} INFO - Processing /home/airflow/.local/lib/python3.11/site-packages/airflow/example_dags/example_task_group.py took 0.098 seconds
[2024-07-09T17:06:45.161+0000] {processor.py:161} INFO - Started process (PID=8382) to work on /home/airflow/.local/lib/python3.11/site-packages/airflow/example_dags/example_task_group.py
[2024-07-09T17:06:45.162+0000] {processor.py:830} INFO - Processing file /home/airflow/.local/lib/python3.11/site-packages/airflow/example_dags/example_task_group.py for tasks to queue
[2024-07-09T17:06:45.163+0000] {logging_mixin.py:188} INFO - [2024-07-09T17:06:45.163+0000] {dagbag.py:540} INFO - Filling up the DagBag from /home/airflow/.local/lib/python3.11/site-packages/airflow/example_dags/example_task_group.py
[2024-07-09T17:06:45.171+0000] {processor.py:840} INFO - DAG(s) 'example_task_group' retrieved from /home/airflow/.local/lib/python3.11/site-packages/airflow/example_dags/example_task_group.py
[2024-07-09T17:06:45.194+0000] {logging_mixin.py:188} INFO - [2024-07-09T17:06:45.193+0000] {dag.py:3047} INFO - Sync 1 DAGs
[2024-07-09T17:06:45.215+0000] {logging_mixin.py:188} INFO - [2024-07-09T17:06:45.214+0000] {dag.py:3834} INFO - Setting next_dagrun for example_task_group to 2024-07-08 00:00:00+00:00, run_after=2024-07-09 00:00:00+00:00
[2024-07-09T17:06:45.236+0000] {processor.py:183} INFO - Processing /home/airflow/.local/lib/python3.11/site-packages/airflow/example_dags/example_task_group.py took 0.078 seconds
