[2024-07-09T16:51:02.016+0000] {processor.py:161} INFO - Started process (PID=320) to work on /home/airflow/.local/lib/python3.11/site-packages/airflow/example_dags/example_branch_day_of_week_operator.py
[2024-07-09T16:51:02.018+0000] {processor.py:830} INFO - Processing file /home/airflow/.local/lib/python3.11/site-packages/airflow/example_dags/example_branch_day_of_week_operator.py for tasks to queue
[2024-07-09T16:51:02.019+0000] {logging_mixin.py:188} INFO - [2024-07-09T16:51:02.019+0000] {dagbag.py:540} INFO - Filling up the DagBag from /home/airflow/.local/lib/python3.11/site-packages/airflow/example_dags/example_branch_day_of_week_operator.py
[2024-07-09T16:51:02.031+0000] {processor.py:840} INFO - DAG(s) 'example_weekday_branch_operator' retrieved from /home/airflow/.local/lib/python3.11/site-packages/airflow/example_dags/example_branch_day_of_week_operator.py
[2024-07-09T16:51:02.173+0000] {logging_mixin.py:188} INFO - [2024-07-09T16:51:02.172+0000] {override.py:1769} INFO - Created Permission View: can delete on DAG:example_weekday_branch_operator
[2024-07-09T16:51:02.184+0000] {logging_mixin.py:188} INFO - [2024-07-09T16:51:02.184+0000] {override.py:1769} INFO - Created Permission View: can edit on DAG:example_weekday_branch_operator
[2024-07-09T16:51:02.193+0000] {logging_mixin.py:188} INFO - [2024-07-09T16:51:02.193+0000] {override.py:1769} INFO - Created Permission View: can read on DAG:example_weekday_branch_operator
[2024-07-09T16:51:02.194+0000] {logging_mixin.py:188} INFO - [2024-07-09T16:51:02.194+0000] {dag.py:3047} INFO - Sync 1 DAGs
[2024-07-09T16:51:02.206+0000] {logging_mixin.py:188} INFO - [2024-07-09T16:51:02.206+0000] {dag.py:3069} INFO - Creating ORM DAG for example_weekday_branch_operator
[2024-07-09T16:51:02.219+0000] {logging_mixin.py:188} INFO - [2024-07-09T16:51:02.219+0000] {dag.py:3834} INFO - Setting next_dagrun for example_weekday_branch_operator to 2024-07-08 00:00:00+00:00, run_after=2024-07-09 00:00:00+00:00
[2024-07-09T16:51:02.246+0000] {processor.py:183} INFO - Processing /home/airflow/.local/lib/python3.11/site-packages/airflow/example_dags/example_branch_day_of_week_operator.py took 0.235 seconds
[2024-07-09T16:51:32.815+0000] {processor.py:161} INFO - Started process (PID=582) to work on /home/airflow/.local/lib/python3.11/site-packages/airflow/example_dags/example_branch_day_of_week_operator.py
[2024-07-09T16:51:32.816+0000] {processor.py:830} INFO - Processing file /home/airflow/.local/lib/python3.11/site-packages/airflow/example_dags/example_branch_day_of_week_operator.py for tasks to queue
[2024-07-09T16:51:32.817+0000] {logging_mixin.py:188} INFO - [2024-07-09T16:51:32.817+0000] {dagbag.py:540} INFO - Filling up the DagBag from /home/airflow/.local/lib/python3.11/site-packages/airflow/example_dags/example_branch_day_of_week_operator.py
[2024-07-09T16:51:32.825+0000] {processor.py:840} INFO - DAG(s) 'example_weekday_branch_operator' retrieved from /home/airflow/.local/lib/python3.11/site-packages/airflow/example_dags/example_branch_day_of_week_operator.py
[2024-07-09T16:51:32.851+0000] {logging_mixin.py:188} INFO - [2024-07-09T16:51:32.851+0000] {dag.py:3047} INFO - Sync 1 DAGs
[2024-07-09T16:51:32.871+0000] {logging_mixin.py:188} INFO - [2024-07-09T16:51:32.871+0000] {dag.py:3834} INFO - Setting next_dagrun for example_weekday_branch_operator to 2024-07-08 00:00:00+00:00, run_after=2024-07-09 00:00:00+00:00
[2024-07-09T16:51:32.887+0000] {processor.py:183} INFO - Processing /home/airflow/.local/lib/python3.11/site-packages/airflow/example_dags/example_branch_day_of_week_operator.py took 0.075 seconds
[2024-07-09T16:52:02.977+0000] {processor.py:161} INFO - Started process (PID=844) to work on /home/airflow/.local/lib/python3.11/site-packages/airflow/example_dags/example_branch_day_of_week_operator.py
[2024-07-09T16:52:02.978+0000] {processor.py:830} INFO - Processing file /home/airflow/.local/lib/python3.11/site-packages/airflow/example_dags/example_branch_day_of_week_operator.py for tasks to queue
[2024-07-09T16:52:02.979+0000] {logging_mixin.py:188} INFO - [2024-07-09T16:52:02.979+0000] {dagbag.py:540} INFO - Filling up the DagBag from /home/airflow/.local/lib/python3.11/site-packages/airflow/example_dags/example_branch_day_of_week_operator.py
[2024-07-09T16:52:02.987+0000] {processor.py:840} INFO - DAG(s) 'example_weekday_branch_operator' retrieved from /home/airflow/.local/lib/python3.11/site-packages/airflow/example_dags/example_branch_day_of_week_operator.py
[2024-07-09T16:52:03.008+0000] {logging_mixin.py:188} INFO - [2024-07-09T16:52:03.008+0000] {dag.py:3047} INFO - Sync 1 DAGs
[2024-07-09T16:52:03.027+0000] {logging_mixin.py:188} INFO - [2024-07-09T16:52:03.027+0000] {dag.py:3834} INFO - Setting next_dagrun for example_weekday_branch_operator to 2024-07-08 00:00:00+00:00, run_after=2024-07-09 00:00:00+00:00
[2024-07-09T16:52:03.047+0000] {processor.py:183} INFO - Processing /home/airflow/.local/lib/python3.11/site-packages/airflow/example_dags/example_branch_day_of_week_operator.py took 0.072 seconds
[2024-07-09T16:52:33.314+0000] {processor.py:161} INFO - Started process (PID=1101) to work on /home/airflow/.local/lib/python3.11/site-packages/airflow/example_dags/example_branch_day_of_week_operator.py
[2024-07-09T16:52:33.316+0000] {processor.py:830} INFO - Processing file /home/airflow/.local/lib/python3.11/site-packages/airflow/example_dags/example_branch_day_of_week_operator.py for tasks to queue
[2024-07-09T16:52:33.317+0000] {logging_mixin.py:188} INFO - [2024-07-09T16:52:33.317+0000] {dagbag.py:540} INFO - Filling up the DagBag from /home/airflow/.local/lib/python3.11/site-packages/airflow/example_dags/example_branch_day_of_week_operator.py
[2024-07-09T16:52:33.329+0000] {processor.py:840} INFO - DAG(s) 'example_weekday_branch_operator' retrieved from /home/airflow/.local/lib/python3.11/site-packages/airflow/example_dags/example_branch_day_of_week_operator.py
[2024-07-09T16:52:33.357+0000] {logging_mixin.py:188} INFO - [2024-07-09T16:52:33.357+0000] {dag.py:3047} INFO - Sync 1 DAGs
[2024-07-09T16:52:33.388+0000] {logging_mixin.py:188} INFO - [2024-07-09T16:52:33.388+0000] {dag.py:3834} INFO - Setting next_dagrun for example_weekday_branch_operator to 2024-07-08 00:00:00+00:00, run_after=2024-07-09 00:00:00+00:00
[2024-07-09T16:52:33.412+0000] {processor.py:183} INFO - Processing /home/airflow/.local/lib/python3.11/site-packages/airflow/example_dags/example_branch_day_of_week_operator.py took 0.102 seconds
[2024-07-09T16:53:04.002+0000] {processor.py:161} INFO - Started process (PID=1363) to work on /home/airflow/.local/lib/python3.11/site-packages/airflow/example_dags/example_branch_day_of_week_operator.py
[2024-07-09T16:53:04.003+0000] {processor.py:830} INFO - Processing file /home/airflow/.local/lib/python3.11/site-packages/airflow/example_dags/example_branch_day_of_week_operator.py for tasks to queue
[2024-07-09T16:53:04.004+0000] {logging_mixin.py:188} INFO - [2024-07-09T16:53:04.004+0000] {dagbag.py:540} INFO - Filling up the DagBag from /home/airflow/.local/lib/python3.11/site-packages/airflow/example_dags/example_branch_day_of_week_operator.py
[2024-07-09T16:53:04.013+0000] {processor.py:840} INFO - DAG(s) 'example_weekday_branch_operator' retrieved from /home/airflow/.local/lib/python3.11/site-packages/airflow/example_dags/example_branch_day_of_week_operator.py
[2024-07-09T16:53:04.039+0000] {logging_mixin.py:188} INFO - [2024-07-09T16:53:04.039+0000] {dag.py:3047} INFO - Sync 1 DAGs
[2024-07-09T16:53:04.183+0000] {logging_mixin.py:188} INFO - [2024-07-09T16:53:04.183+0000] {dag.py:3834} INFO - Setting next_dagrun for example_weekday_branch_operator to 2024-07-08 00:00:00+00:00, run_after=2024-07-09 00:00:00+00:00
[2024-07-09T16:53:04.201+0000] {processor.py:183} INFO - Processing /home/airflow/.local/lib/python3.11/site-packages/airflow/example_dags/example_branch_day_of_week_operator.py took 0.204 seconds
[2024-07-09T16:53:34.385+0000] {processor.py:161} INFO - Started process (PID=1627) to work on /home/airflow/.local/lib/python3.11/site-packages/airflow/example_dags/example_branch_day_of_week_operator.py
[2024-07-09T16:53:34.386+0000] {processor.py:830} INFO - Processing file /home/airflow/.local/lib/python3.11/site-packages/airflow/example_dags/example_branch_day_of_week_operator.py for tasks to queue
[2024-07-09T16:53:34.387+0000] {logging_mixin.py:188} INFO - [2024-07-09T16:53:34.387+0000] {dagbag.py:540} INFO - Filling up the DagBag from /home/airflow/.local/lib/python3.11/site-packages/airflow/example_dags/example_branch_day_of_week_operator.py
[2024-07-09T16:53:34.394+0000] {processor.py:840} INFO - DAG(s) 'example_weekday_branch_operator' retrieved from /home/airflow/.local/lib/python3.11/site-packages/airflow/example_dags/example_branch_day_of_week_operator.py
[2024-07-09T16:53:34.414+0000] {logging_mixin.py:188} INFO - [2024-07-09T16:53:34.414+0000] {dag.py:3047} INFO - Sync 1 DAGs
[2024-07-09T16:53:34.434+0000] {logging_mixin.py:188} INFO - [2024-07-09T16:53:34.434+0000] {dag.py:3834} INFO - Setting next_dagrun for example_weekday_branch_operator to 2024-07-08 00:00:00+00:00, run_after=2024-07-09 00:00:00+00:00
[2024-07-09T16:53:34.461+0000] {processor.py:183} INFO - Processing /home/airflow/.local/lib/python3.11/site-packages/airflow/example_dags/example_branch_day_of_week_operator.py took 0.078 seconds
[2024-07-09T16:54:05.213+0000] {processor.py:161} INFO - Started process (PID=1887) to work on /home/airflow/.local/lib/python3.11/site-packages/airflow/example_dags/example_branch_day_of_week_operator.py
[2024-07-09T16:54:05.214+0000] {processor.py:830} INFO - Processing file /home/airflow/.local/lib/python3.11/site-packages/airflow/example_dags/example_branch_day_of_week_operator.py for tasks to queue
[2024-07-09T16:54:05.215+0000] {logging_mixin.py:188} INFO - [2024-07-09T16:54:05.215+0000] {dagbag.py:540} INFO - Filling up the DagBag from /home/airflow/.local/lib/python3.11/site-packages/airflow/example_dags/example_branch_day_of_week_operator.py
[2024-07-09T16:54:05.222+0000] {processor.py:840} INFO - DAG(s) 'example_weekday_branch_operator' retrieved from /home/airflow/.local/lib/python3.11/site-packages/airflow/example_dags/example_branch_day_of_week_operator.py
[2024-07-09T16:54:05.245+0000] {logging_mixin.py:188} INFO - [2024-07-09T16:54:05.244+0000] {dag.py:3047} INFO - Sync 1 DAGs
[2024-07-09T16:54:05.269+0000] {logging_mixin.py:188} INFO - [2024-07-09T16:54:05.268+0000] {dag.py:3834} INFO - Setting next_dagrun for example_weekday_branch_operator to 2024-07-08 00:00:00+00:00, run_after=2024-07-09 00:00:00+00:00
[2024-07-09T16:54:05.311+0000] {processor.py:183} INFO - Processing /home/airflow/.local/lib/python3.11/site-packages/airflow/example_dags/example_branch_day_of_week_operator.py took 0.100 seconds
[2024-07-09T16:54:36.022+0000] {processor.py:161} INFO - Started process (PID=2154) to work on /home/airflow/.local/lib/python3.11/site-packages/airflow/example_dags/example_branch_day_of_week_operator.py
[2024-07-09T16:54:36.023+0000] {processor.py:830} INFO - Processing file /home/airflow/.local/lib/python3.11/site-packages/airflow/example_dags/example_branch_day_of_week_operator.py for tasks to queue
[2024-07-09T16:54:36.024+0000] {logging_mixin.py:188} INFO - [2024-07-09T16:54:36.024+0000] {dagbag.py:540} INFO - Filling up the DagBag from /home/airflow/.local/lib/python3.11/site-packages/airflow/example_dags/example_branch_day_of_week_operator.py
[2024-07-09T16:54:36.034+0000] {processor.py:840} INFO - DAG(s) 'example_weekday_branch_operator' retrieved from /home/airflow/.local/lib/python3.11/site-packages/airflow/example_dags/example_branch_day_of_week_operator.py
[2024-07-09T16:54:36.059+0000] {logging_mixin.py:188} INFO - [2024-07-09T16:54:36.059+0000] {dag.py:3047} INFO - Sync 1 DAGs
[2024-07-09T16:54:36.087+0000] {logging_mixin.py:188} INFO - [2024-07-09T16:54:36.086+0000] {dag.py:3834} INFO - Setting next_dagrun for example_weekday_branch_operator to 2024-07-08 00:00:00+00:00, run_after=2024-07-09 00:00:00+00:00
[2024-07-09T16:54:36.104+0000] {processor.py:183} INFO - Processing /home/airflow/.local/lib/python3.11/site-packages/airflow/example_dags/example_branch_day_of_week_operator.py took 0.085 seconds
[2024-07-09T16:55:06.345+0000] {processor.py:161} INFO - Started process (PID=2416) to work on /home/airflow/.local/lib/python3.11/site-packages/airflow/example_dags/example_branch_day_of_week_operator.py
[2024-07-09T16:55:06.346+0000] {processor.py:830} INFO - Processing file /home/airflow/.local/lib/python3.11/site-packages/airflow/example_dags/example_branch_day_of_week_operator.py for tasks to queue
[2024-07-09T16:55:06.347+0000] {logging_mixin.py:188} INFO - [2024-07-09T16:55:06.346+0000] {dagbag.py:540} INFO - Filling up the DagBag from /home/airflow/.local/lib/python3.11/site-packages/airflow/example_dags/example_branch_day_of_week_operator.py
[2024-07-09T16:55:06.354+0000] {processor.py:840} INFO - DAG(s) 'example_weekday_branch_operator' retrieved from /home/airflow/.local/lib/python3.11/site-packages/airflow/example_dags/example_branch_day_of_week_operator.py
[2024-07-09T16:55:06.378+0000] {logging_mixin.py:188} INFO - [2024-07-09T16:55:06.378+0000] {dag.py:3047} INFO - Sync 1 DAGs
[2024-07-09T16:55:06.400+0000] {logging_mixin.py:188} INFO - [2024-07-09T16:55:06.400+0000] {dag.py:3834} INFO - Setting next_dagrun for example_weekday_branch_operator to 2024-07-08 00:00:00+00:00, run_after=2024-07-09 00:00:00+00:00
[2024-07-09T16:55:06.421+0000] {processor.py:183} INFO - Processing /home/airflow/.local/lib/python3.11/site-packages/airflow/example_dags/example_branch_day_of_week_operator.py took 0.080 seconds
[2024-07-09T16:55:36.762+0000] {processor.py:161} INFO - Started process (PID=2678) to work on /home/airflow/.local/lib/python3.11/site-packages/airflow/example_dags/example_branch_day_of_week_operator.py
[2024-07-09T16:55:36.764+0000] {processor.py:830} INFO - Processing file /home/airflow/.local/lib/python3.11/site-packages/airflow/example_dags/example_branch_day_of_week_operator.py for tasks to queue
[2024-07-09T16:55:36.765+0000] {logging_mixin.py:188} INFO - [2024-07-09T16:55:36.764+0000] {dagbag.py:540} INFO - Filling up the DagBag from /home/airflow/.local/lib/python3.11/site-packages/airflow/example_dags/example_branch_day_of_week_operator.py
[2024-07-09T16:55:36.776+0000] {processor.py:840} INFO - DAG(s) 'example_weekday_branch_operator' retrieved from /home/airflow/.local/lib/python3.11/site-packages/airflow/example_dags/example_branch_day_of_week_operator.py
[2024-07-09T16:55:36.809+0000] {logging_mixin.py:188} INFO - [2024-07-09T16:55:36.809+0000] {dag.py:3047} INFO - Sync 1 DAGs
[2024-07-09T16:55:36.844+0000] {logging_mixin.py:188} INFO - [2024-07-09T16:55:36.843+0000] {dag.py:3834} INFO - Setting next_dagrun for example_weekday_branch_operator to 2024-07-08 00:00:00+00:00, run_after=2024-07-09 00:00:00+00:00
[2024-07-09T16:55:36.875+0000] {processor.py:183} INFO - Processing /home/airflow/.local/lib/python3.11/site-packages/airflow/example_dags/example_branch_day_of_week_operator.py took 0.116 seconds
[2024-07-09T16:56:08.051+0000] {processor.py:161} INFO - Started process (PID=2940) to work on /home/airflow/.local/lib/python3.11/site-packages/airflow/example_dags/example_branch_day_of_week_operator.py
[2024-07-09T16:56:08.052+0000] {processor.py:830} INFO - Processing file /home/airflow/.local/lib/python3.11/site-packages/airflow/example_dags/example_branch_day_of_week_operator.py for tasks to queue
[2024-07-09T16:56:08.053+0000] {logging_mixin.py:188} INFO - [2024-07-09T16:56:08.053+0000] {dagbag.py:540} INFO - Filling up the DagBag from /home/airflow/.local/lib/python3.11/site-packages/airflow/example_dags/example_branch_day_of_week_operator.py
[2024-07-09T16:56:08.060+0000] {processor.py:840} INFO - DAG(s) 'example_weekday_branch_operator' retrieved from /home/airflow/.local/lib/python3.11/site-packages/airflow/example_dags/example_branch_day_of_week_operator.py
[2024-07-09T16:56:08.081+0000] {logging_mixin.py:188} INFO - [2024-07-09T16:56:08.081+0000] {dag.py:3047} INFO - Sync 1 DAGs
[2024-07-09T16:56:08.102+0000] {logging_mixin.py:188} INFO - [2024-07-09T16:56:08.102+0000] {dag.py:3834} INFO - Setting next_dagrun for example_weekday_branch_operator to 2024-07-08 00:00:00+00:00, run_after=2024-07-09 00:00:00+00:00
[2024-07-09T16:56:08.119+0000] {processor.py:183} INFO - Processing /home/airflow/.local/lib/python3.11/site-packages/airflow/example_dags/example_branch_day_of_week_operator.py took 0.071 seconds
[2024-07-09T16:56:38.282+0000] {processor.py:161} INFO - Started process (PID=3193) to work on /home/airflow/.local/lib/python3.11/site-packages/airflow/example_dags/example_branch_day_of_week_operator.py
[2024-07-09T16:56:38.283+0000] {processor.py:830} INFO - Processing file /home/airflow/.local/lib/python3.11/site-packages/airflow/example_dags/example_branch_day_of_week_operator.py for tasks to queue
[2024-07-09T16:56:38.284+0000] {logging_mixin.py:188} INFO - [2024-07-09T16:56:38.283+0000] {dagbag.py:540} INFO - Filling up the DagBag from /home/airflow/.local/lib/python3.11/site-packages/airflow/example_dags/example_branch_day_of_week_operator.py
[2024-07-09T16:56:38.293+0000] {processor.py:840} INFO - DAG(s) 'example_weekday_branch_operator' retrieved from /home/airflow/.local/lib/python3.11/site-packages/airflow/example_dags/example_branch_day_of_week_operator.py
[2024-07-09T16:56:38.315+0000] {logging_mixin.py:188} INFO - [2024-07-09T16:56:38.314+0000] {dag.py:3047} INFO - Sync 1 DAGs
[2024-07-09T16:56:38.337+0000] {logging_mixin.py:188} INFO - [2024-07-09T16:56:38.337+0000] {dag.py:3834} INFO - Setting next_dagrun for example_weekday_branch_operator to 2024-07-08 00:00:00+00:00, run_after=2024-07-09 00:00:00+00:00
[2024-07-09T16:56:38.356+0000] {processor.py:183} INFO - Processing /home/airflow/.local/lib/python3.11/site-packages/airflow/example_dags/example_branch_day_of_week_operator.py took 0.076 seconds
[2024-07-09T16:57:09.058+0000] {processor.py:161} INFO - Started process (PID=3450) to work on /home/airflow/.local/lib/python3.11/site-packages/airflow/example_dags/example_branch_day_of_week_operator.py
[2024-07-09T16:57:09.060+0000] {processor.py:830} INFO - Processing file /home/airflow/.local/lib/python3.11/site-packages/airflow/example_dags/example_branch_day_of_week_operator.py for tasks to queue
[2024-07-09T16:57:09.061+0000] {logging_mixin.py:188} INFO - [2024-07-09T16:57:09.060+0000] {dagbag.py:540} INFO - Filling up the DagBag from /home/airflow/.local/lib/python3.11/site-packages/airflow/example_dags/example_branch_day_of_week_operator.py
[2024-07-09T16:57:09.067+0000] {processor.py:840} INFO - DAG(s) 'example_weekday_branch_operator' retrieved from /home/airflow/.local/lib/python3.11/site-packages/airflow/example_dags/example_branch_day_of_week_operator.py
[2024-07-09T16:57:09.095+0000] {logging_mixin.py:188} INFO - [2024-07-09T16:57:09.095+0000] {dag.py:3047} INFO - Sync 1 DAGs
[2024-07-09T16:57:09.119+0000] {logging_mixin.py:188} INFO - [2024-07-09T16:57:09.118+0000] {dag.py:3834} INFO - Setting next_dagrun for example_weekday_branch_operator to 2024-07-08 00:00:00+00:00, run_after=2024-07-09 00:00:00+00:00
[2024-07-09T16:57:09.134+0000] {processor.py:183} INFO - Processing /home/airflow/.local/lib/python3.11/site-packages/airflow/example_dags/example_branch_day_of_week_operator.py took 0.079 seconds
[2024-07-09T16:57:40.182+0000] {processor.py:161} INFO - Started process (PID=3714) to work on /home/airflow/.local/lib/python3.11/site-packages/airflow/example_dags/example_branch_day_of_week_operator.py
[2024-07-09T16:57:40.183+0000] {processor.py:830} INFO - Processing file /home/airflow/.local/lib/python3.11/site-packages/airflow/example_dags/example_branch_day_of_week_operator.py for tasks to queue
[2024-07-09T16:57:40.184+0000] {logging_mixin.py:188} INFO - [2024-07-09T16:57:40.184+0000] {dagbag.py:540} INFO - Filling up the DagBag from /home/airflow/.local/lib/python3.11/site-packages/airflow/example_dags/example_branch_day_of_week_operator.py
[2024-07-09T16:57:40.191+0000] {processor.py:840} INFO - DAG(s) 'example_weekday_branch_operator' retrieved from /home/airflow/.local/lib/python3.11/site-packages/airflow/example_dags/example_branch_day_of_week_operator.py
[2024-07-09T16:57:40.220+0000] {logging_mixin.py:188} INFO - [2024-07-09T16:57:40.220+0000] {dag.py:3047} INFO - Sync 1 DAGs
[2024-07-09T16:57:40.245+0000] {logging_mixin.py:188} INFO - [2024-07-09T16:57:40.244+0000] {dag.py:3834} INFO - Setting next_dagrun for example_weekday_branch_operator to 2024-07-08 00:00:00+00:00, run_after=2024-07-09 00:00:00+00:00
[2024-07-09T16:57:40.264+0000] {processor.py:183} INFO - Processing /home/airflow/.local/lib/python3.11/site-packages/airflow/example_dags/example_branch_day_of_week_operator.py took 0.085 seconds
[2024-07-09T16:58:10.829+0000] {processor.py:161} INFO - Started process (PID=3974) to work on /home/airflow/.local/lib/python3.11/site-packages/airflow/example_dags/example_branch_day_of_week_operator.py
[2024-07-09T16:58:10.830+0000] {processor.py:830} INFO - Processing file /home/airflow/.local/lib/python3.11/site-packages/airflow/example_dags/example_branch_day_of_week_operator.py for tasks to queue
[2024-07-09T16:58:10.830+0000] {logging_mixin.py:188} INFO - [2024-07-09T16:58:10.830+0000] {dagbag.py:540} INFO - Filling up the DagBag from /home/airflow/.local/lib/python3.11/site-packages/airflow/example_dags/example_branch_day_of_week_operator.py
[2024-07-09T16:58:10.837+0000] {processor.py:840} INFO - DAG(s) 'example_weekday_branch_operator' retrieved from /home/airflow/.local/lib/python3.11/site-packages/airflow/example_dags/example_branch_day_of_week_operator.py
[2024-07-09T16:58:10.857+0000] {logging_mixin.py:188} INFO - [2024-07-09T16:58:10.857+0000] {dag.py:3047} INFO - Sync 1 DAGs
[2024-07-09T16:58:10.880+0000] {logging_mixin.py:188} INFO - [2024-07-09T16:58:10.880+0000] {dag.py:3834} INFO - Setting next_dagrun for example_weekday_branch_operator to 2024-07-08 00:00:00+00:00, run_after=2024-07-09 00:00:00+00:00
[2024-07-09T16:58:10.898+0000] {processor.py:183} INFO - Processing /home/airflow/.local/lib/python3.11/site-packages/airflow/example_dags/example_branch_day_of_week_operator.py took 0.072 seconds
[2024-07-09T16:58:41.255+0000] {processor.py:161} INFO - Started process (PID=4236) to work on /home/airflow/.local/lib/python3.11/site-packages/airflow/example_dags/example_branch_day_of_week_operator.py
[2024-07-09T16:58:41.256+0000] {processor.py:830} INFO - Processing file /home/airflow/.local/lib/python3.11/site-packages/airflow/example_dags/example_branch_day_of_week_operator.py for tasks to queue
[2024-07-09T16:58:41.258+0000] {logging_mixin.py:188} INFO - [2024-07-09T16:58:41.257+0000] {dagbag.py:540} INFO - Filling up the DagBag from /home/airflow/.local/lib/python3.11/site-packages/airflow/example_dags/example_branch_day_of_week_operator.py
[2024-07-09T16:58:41.266+0000] {processor.py:840} INFO - DAG(s) 'example_weekday_branch_operator' retrieved from /home/airflow/.local/lib/python3.11/site-packages/airflow/example_dags/example_branch_day_of_week_operator.py
[2024-07-09T16:58:41.291+0000] {logging_mixin.py:188} INFO - [2024-07-09T16:58:41.291+0000] {dag.py:3047} INFO - Sync 1 DAGs
[2024-07-09T16:58:41.315+0000] {logging_mixin.py:188} INFO - [2024-07-09T16:58:41.315+0000] {dag.py:3834} INFO - Setting next_dagrun for example_weekday_branch_operator to 2024-07-08 00:00:00+00:00, run_after=2024-07-09 00:00:00+00:00
[2024-07-09T16:58:41.331+0000] {processor.py:183} INFO - Processing /home/airflow/.local/lib/python3.11/site-packages/airflow/example_dags/example_branch_day_of_week_operator.py took 0.080 seconds
[2024-07-09T16:59:12.242+0000] {processor.py:161} INFO - Started process (PID=4498) to work on /home/airflow/.local/lib/python3.11/site-packages/airflow/example_dags/example_branch_day_of_week_operator.py
[2024-07-09T16:59:12.243+0000] {processor.py:830} INFO - Processing file /home/airflow/.local/lib/python3.11/site-packages/airflow/example_dags/example_branch_day_of_week_operator.py for tasks to queue
[2024-07-09T16:59:12.244+0000] {logging_mixin.py:188} INFO - [2024-07-09T16:59:12.244+0000] {dagbag.py:540} INFO - Filling up the DagBag from /home/airflow/.local/lib/python3.11/site-packages/airflow/example_dags/example_branch_day_of_week_operator.py
[2024-07-09T16:59:12.251+0000] {processor.py:840} INFO - DAG(s) 'example_weekday_branch_operator' retrieved from /home/airflow/.local/lib/python3.11/site-packages/airflow/example_dags/example_branch_day_of_week_operator.py
[2024-07-09T16:59:12.277+0000] {logging_mixin.py:188} INFO - [2024-07-09T16:59:12.277+0000] {dag.py:3047} INFO - Sync 1 DAGs
[2024-07-09T16:59:12.300+0000] {logging_mixin.py:188} INFO - [2024-07-09T16:59:12.300+0000] {dag.py:3834} INFO - Setting next_dagrun for example_weekday_branch_operator to 2024-07-08 00:00:00+00:00, run_after=2024-07-09 00:00:00+00:00
[2024-07-09T16:59:12.317+0000] {processor.py:183} INFO - Processing /home/airflow/.local/lib/python3.11/site-packages/airflow/example_dags/example_branch_day_of_week_operator.py took 0.079 seconds
[2024-07-09T16:59:42.473+0000] {processor.py:161} INFO - Started process (PID=4760) to work on /home/airflow/.local/lib/python3.11/site-packages/airflow/example_dags/example_branch_day_of_week_operator.py
[2024-07-09T16:59:42.475+0000] {processor.py:830} INFO - Processing file /home/airflow/.local/lib/python3.11/site-packages/airflow/example_dags/example_branch_day_of_week_operator.py for tasks to queue
[2024-07-09T16:59:42.476+0000] {logging_mixin.py:188} INFO - [2024-07-09T16:59:42.476+0000] {dagbag.py:540} INFO - Filling up the DagBag from /home/airflow/.local/lib/python3.11/site-packages/airflow/example_dags/example_branch_day_of_week_operator.py
[2024-07-09T16:59:42.484+0000] {processor.py:840} INFO - DAG(s) 'example_weekday_branch_operator' retrieved from /home/airflow/.local/lib/python3.11/site-packages/airflow/example_dags/example_branch_day_of_week_operator.py
[2024-07-09T16:59:42.517+0000] {logging_mixin.py:188} INFO - [2024-07-09T16:59:42.516+0000] {dag.py:3047} INFO - Sync 1 DAGs
[2024-07-09T16:59:42.546+0000] {logging_mixin.py:188} INFO - [2024-07-09T16:59:42.545+0000] {dag.py:3834} INFO - Setting next_dagrun for example_weekday_branch_operator to 2024-07-08 00:00:00+00:00, run_after=2024-07-09 00:00:00+00:00
[2024-07-09T16:59:42.566+0000] {processor.py:183} INFO - Processing /home/airflow/.local/lib/python3.11/site-packages/airflow/example_dags/example_branch_day_of_week_operator.py took 0.097 seconds
[2024-07-09T17:00:12.986+0000] {processor.py:161} INFO - Started process (PID=5024) to work on /home/airflow/.local/lib/python3.11/site-packages/airflow/example_dags/example_branch_day_of_week_operator.py
[2024-07-09T17:00:12.987+0000] {processor.py:830} INFO - Processing file /home/airflow/.local/lib/python3.11/site-packages/airflow/example_dags/example_branch_day_of_week_operator.py for tasks to queue
[2024-07-09T17:00:12.988+0000] {logging_mixin.py:188} INFO - [2024-07-09T17:00:12.987+0000] {dagbag.py:540} INFO - Filling up the DagBag from /home/airflow/.local/lib/python3.11/site-packages/airflow/example_dags/example_branch_day_of_week_operator.py
[2024-07-09T17:00:12.994+0000] {processor.py:840} INFO - DAG(s) 'example_weekday_branch_operator' retrieved from /home/airflow/.local/lib/python3.11/site-packages/airflow/example_dags/example_branch_day_of_week_operator.py
[2024-07-09T17:00:13.017+0000] {logging_mixin.py:188} INFO - [2024-07-09T17:00:13.017+0000] {dag.py:3047} INFO - Sync 1 DAGs
[2024-07-09T17:00:13.034+0000] {logging_mixin.py:188} INFO - [2024-07-09T17:00:13.034+0000] {dag.py:3834} INFO - Setting next_dagrun for example_weekday_branch_operator to 2024-07-08 00:00:00+00:00, run_after=2024-07-09 00:00:00+00:00
[2024-07-09T17:00:13.055+0000] {processor.py:183} INFO - Processing /home/airflow/.local/lib/python3.11/site-packages/airflow/example_dags/example_branch_day_of_week_operator.py took 0.072 seconds
[2024-07-09T17:00:43.464+0000] {processor.py:161} INFO - Started process (PID=5286) to work on /home/airflow/.local/lib/python3.11/site-packages/airflow/example_dags/example_branch_day_of_week_operator.py
[2024-07-09T17:00:43.465+0000] {processor.py:830} INFO - Processing file /home/airflow/.local/lib/python3.11/site-packages/airflow/example_dags/example_branch_day_of_week_operator.py for tasks to queue
[2024-07-09T17:00:43.466+0000] {logging_mixin.py:188} INFO - [2024-07-09T17:00:43.465+0000] {dagbag.py:540} INFO - Filling up the DagBag from /home/airflow/.local/lib/python3.11/site-packages/airflow/example_dags/example_branch_day_of_week_operator.py
[2024-07-09T17:00:43.474+0000] {processor.py:840} INFO - DAG(s) 'example_weekday_branch_operator' retrieved from /home/airflow/.local/lib/python3.11/site-packages/airflow/example_dags/example_branch_day_of_week_operator.py
[2024-07-09T17:00:43.498+0000] {logging_mixin.py:188} INFO - [2024-07-09T17:00:43.498+0000] {dag.py:3047} INFO - Sync 1 DAGs
[2024-07-09T17:00:43.519+0000] {logging_mixin.py:188} INFO - [2024-07-09T17:00:43.518+0000] {dag.py:3834} INFO - Setting next_dagrun for example_weekday_branch_operator to 2024-07-08 00:00:00+00:00, run_after=2024-07-09 00:00:00+00:00
[2024-07-09T17:00:43.538+0000] {processor.py:183} INFO - Processing /home/airflow/.local/lib/python3.11/site-packages/airflow/example_dags/example_branch_day_of_week_operator.py took 0.078 seconds
[2024-07-09T17:01:13.624+0000] {processor.py:161} INFO - Started process (PID=5546) to work on /home/airflow/.local/lib/python3.11/site-packages/airflow/example_dags/example_branch_day_of_week_operator.py
[2024-07-09T17:01:13.625+0000] {processor.py:830} INFO - Processing file /home/airflow/.local/lib/python3.11/site-packages/airflow/example_dags/example_branch_day_of_week_operator.py for tasks to queue
[2024-07-09T17:01:13.626+0000] {logging_mixin.py:188} INFO - [2024-07-09T17:01:13.625+0000] {dagbag.py:540} INFO - Filling up the DagBag from /home/airflow/.local/lib/python3.11/site-packages/airflow/example_dags/example_branch_day_of_week_operator.py
[2024-07-09T17:01:13.635+0000] {processor.py:840} INFO - DAG(s) 'example_weekday_branch_operator' retrieved from /home/airflow/.local/lib/python3.11/site-packages/airflow/example_dags/example_branch_day_of_week_operator.py
[2024-07-09T17:01:13.663+0000] {logging_mixin.py:188} INFO - [2024-07-09T17:01:13.663+0000] {dag.py:3047} INFO - Sync 1 DAGs
[2024-07-09T17:01:13.682+0000] {logging_mixin.py:188} INFO - [2024-07-09T17:01:13.682+0000] {dag.py:3834} INFO - Setting next_dagrun for example_weekday_branch_operator to 2024-07-08 00:00:00+00:00, run_after=2024-07-09 00:00:00+00:00
[2024-07-09T17:01:13.698+0000] {processor.py:183} INFO - Processing /home/airflow/.local/lib/python3.11/site-packages/airflow/example_dags/example_branch_day_of_week_operator.py took 0.078 seconds
[2024-07-09T17:01:43.764+0000] {processor.py:161} INFO - Started process (PID=5808) to work on /home/airflow/.local/lib/python3.11/site-packages/airflow/example_dags/example_branch_day_of_week_operator.py
[2024-07-09T17:01:43.765+0000] {processor.py:830} INFO - Processing file /home/airflow/.local/lib/python3.11/site-packages/airflow/example_dags/example_branch_day_of_week_operator.py for tasks to queue
[2024-07-09T17:01:43.766+0000] {logging_mixin.py:188} INFO - [2024-07-09T17:01:43.766+0000] {dagbag.py:540} INFO - Filling up the DagBag from /home/airflow/.local/lib/python3.11/site-packages/airflow/example_dags/example_branch_day_of_week_operator.py
[2024-07-09T17:01:43.773+0000] {processor.py:840} INFO - DAG(s) 'example_weekday_branch_operator' retrieved from /home/airflow/.local/lib/python3.11/site-packages/airflow/example_dags/example_branch_day_of_week_operator.py
[2024-07-09T17:01:43.801+0000] {logging_mixin.py:188} INFO - [2024-07-09T17:01:43.801+0000] {dag.py:3047} INFO - Sync 1 DAGs
[2024-07-09T17:01:43.824+0000] {logging_mixin.py:188} INFO - [2024-07-09T17:01:43.824+0000] {dag.py:3834} INFO - Setting next_dagrun for example_weekday_branch_operator to 2024-07-08 00:00:00+00:00, run_after=2024-07-09 00:00:00+00:00
[2024-07-09T17:01:43.842+0000] {processor.py:183} INFO - Processing /home/airflow/.local/lib/python3.11/site-packages/airflow/example_dags/example_branch_day_of_week_operator.py took 0.081 seconds
[2024-07-09T17:02:13.877+0000] {processor.py:161} INFO - Started process (PID=6067) to work on /home/airflow/.local/lib/python3.11/site-packages/airflow/example_dags/example_branch_day_of_week_operator.py
[2024-07-09T17:02:13.878+0000] {processor.py:830} INFO - Processing file /home/airflow/.local/lib/python3.11/site-packages/airflow/example_dags/example_branch_day_of_week_operator.py for tasks to queue
[2024-07-09T17:02:13.879+0000] {logging_mixin.py:188} INFO - [2024-07-09T17:02:13.878+0000] {dagbag.py:540} INFO - Filling up the DagBag from /home/airflow/.local/lib/python3.11/site-packages/airflow/example_dags/example_branch_day_of_week_operator.py
[2024-07-09T17:02:13.885+0000] {processor.py:840} INFO - DAG(s) 'example_weekday_branch_operator' retrieved from /home/airflow/.local/lib/python3.11/site-packages/airflow/example_dags/example_branch_day_of_week_operator.py
[2024-07-09T17:02:13.904+0000] {logging_mixin.py:188} INFO - [2024-07-09T17:02:13.903+0000] {dag.py:3047} INFO - Sync 1 DAGs
[2024-07-09T17:02:13.921+0000] {logging_mixin.py:188} INFO - [2024-07-09T17:02:13.921+0000] {dag.py:3834} INFO - Setting next_dagrun for example_weekday_branch_operator to 2024-07-08 00:00:00+00:00, run_after=2024-07-09 00:00:00+00:00
[2024-07-09T17:02:13.935+0000] {processor.py:183} INFO - Processing /home/airflow/.local/lib/python3.11/site-packages/airflow/example_dags/example_branch_day_of_week_operator.py took 0.061 seconds
[2024-07-09T17:02:44.471+0000] {processor.py:161} INFO - Started process (PID=6327) to work on /home/airflow/.local/lib/python3.11/site-packages/airflow/example_dags/example_branch_day_of_week_operator.py
[2024-07-09T17:02:44.472+0000] {processor.py:830} INFO - Processing file /home/airflow/.local/lib/python3.11/site-packages/airflow/example_dags/example_branch_day_of_week_operator.py for tasks to queue
[2024-07-09T17:02:44.473+0000] {logging_mixin.py:188} INFO - [2024-07-09T17:02:44.473+0000] {dagbag.py:540} INFO - Filling up the DagBag from /home/airflow/.local/lib/python3.11/site-packages/airflow/example_dags/example_branch_day_of_week_operator.py
[2024-07-09T17:02:44.481+0000] {processor.py:840} INFO - DAG(s) 'example_weekday_branch_operator' retrieved from /home/airflow/.local/lib/python3.11/site-packages/airflow/example_dags/example_branch_day_of_week_operator.py
[2024-07-09T17:02:44.504+0000] {logging_mixin.py:188} INFO - [2024-07-09T17:02:44.504+0000] {dag.py:3047} INFO - Sync 1 DAGs
[2024-07-09T17:02:44.526+0000] {logging_mixin.py:188} INFO - [2024-07-09T17:02:44.525+0000] {dag.py:3834} INFO - Setting next_dagrun for example_weekday_branch_operator to 2024-07-08 00:00:00+00:00, run_after=2024-07-09 00:00:00+00:00
[2024-07-09T17:02:44.548+0000] {processor.py:183} INFO - Processing /home/airflow/.local/lib/python3.11/site-packages/airflow/example_dags/example_branch_day_of_week_operator.py took 0.082 seconds
[2024-07-09T17:03:14.900+0000] {processor.py:161} INFO - Started process (PID=6589) to work on /home/airflow/.local/lib/python3.11/site-packages/airflow/example_dags/example_branch_day_of_week_operator.py
[2024-07-09T17:03:14.901+0000] {processor.py:830} INFO - Processing file /home/airflow/.local/lib/python3.11/site-packages/airflow/example_dags/example_branch_day_of_week_operator.py for tasks to queue
[2024-07-09T17:03:14.902+0000] {logging_mixin.py:188} INFO - [2024-07-09T17:03:14.902+0000] {dagbag.py:540} INFO - Filling up the DagBag from /home/airflow/.local/lib/python3.11/site-packages/airflow/example_dags/example_branch_day_of_week_operator.py
[2024-07-09T17:03:14.911+0000] {processor.py:840} INFO - DAG(s) 'example_weekday_branch_operator' retrieved from /home/airflow/.local/lib/python3.11/site-packages/airflow/example_dags/example_branch_day_of_week_operator.py
[2024-07-09T17:03:14.939+0000] {logging_mixin.py:188} INFO - [2024-07-09T17:03:14.939+0000] {dag.py:3047} INFO - Sync 1 DAGs
[2024-07-09T17:03:14.963+0000] {logging_mixin.py:188} INFO - [2024-07-09T17:03:14.963+0000] {dag.py:3834} INFO - Setting next_dagrun for example_weekday_branch_operator to 2024-07-08 00:00:00+00:00, run_after=2024-07-09 00:00:00+00:00
[2024-07-09T17:03:14.977+0000] {processor.py:183} INFO - Processing /home/airflow/.local/lib/python3.11/site-packages/airflow/example_dags/example_branch_day_of_week_operator.py took 0.080 seconds
[2024-07-09T17:03:45.644+0000] {processor.py:161} INFO - Started process (PID=6851) to work on /home/airflow/.local/lib/python3.11/site-packages/airflow/example_dags/example_branch_day_of_week_operator.py
[2024-07-09T17:03:45.646+0000] {processor.py:830} INFO - Processing file /home/airflow/.local/lib/python3.11/site-packages/airflow/example_dags/example_branch_day_of_week_operator.py for tasks to queue
[2024-07-09T17:03:45.646+0000] {logging_mixin.py:188} INFO - [2024-07-09T17:03:45.646+0000] {dagbag.py:540} INFO - Filling up the DagBag from /home/airflow/.local/lib/python3.11/site-packages/airflow/example_dags/example_branch_day_of_week_operator.py
[2024-07-09T17:03:45.655+0000] {processor.py:840} INFO - DAG(s) 'example_weekday_branch_operator' retrieved from /home/airflow/.local/lib/python3.11/site-packages/airflow/example_dags/example_branch_day_of_week_operator.py
[2024-07-09T17:03:45.675+0000] {logging_mixin.py:188} INFO - [2024-07-09T17:03:45.675+0000] {dag.py:3047} INFO - Sync 1 DAGs
[2024-07-09T17:03:45.696+0000] {logging_mixin.py:188} INFO - [2024-07-09T17:03:45.696+0000] {dag.py:3834} INFO - Setting next_dagrun for example_weekday_branch_operator to 2024-07-08 00:00:00+00:00, run_after=2024-07-09 00:00:00+00:00
[2024-07-09T17:03:45.711+0000] {processor.py:183} INFO - Processing /home/airflow/.local/lib/python3.11/site-packages/airflow/example_dags/example_branch_day_of_week_operator.py took 0.069 seconds
[2024-07-09T17:04:16.543+0000] {processor.py:161} INFO - Started process (PID=7113) to work on /home/airflow/.local/lib/python3.11/site-packages/airflow/example_dags/example_branch_day_of_week_operator.py
[2024-07-09T17:04:16.545+0000] {processor.py:830} INFO - Processing file /home/airflow/.local/lib/python3.11/site-packages/airflow/example_dags/example_branch_day_of_week_operator.py for tasks to queue
[2024-07-09T17:04:16.545+0000] {logging_mixin.py:188} INFO - [2024-07-09T17:04:16.545+0000] {dagbag.py:540} INFO - Filling up the DagBag from /home/airflow/.local/lib/python3.11/site-packages/airflow/example_dags/example_branch_day_of_week_operator.py
[2024-07-09T17:04:16.553+0000] {processor.py:840} INFO - DAG(s) 'example_weekday_branch_operator' retrieved from /home/airflow/.local/lib/python3.11/site-packages/airflow/example_dags/example_branch_day_of_week_operator.py
[2024-07-09T17:04:16.574+0000] {logging_mixin.py:188} INFO - [2024-07-09T17:04:16.574+0000] {dag.py:3047} INFO - Sync 1 DAGs
[2024-07-09T17:04:16.591+0000] {logging_mixin.py:188} INFO - [2024-07-09T17:04:16.591+0000] {dag.py:3834} INFO - Setting next_dagrun for example_weekday_branch_operator to 2024-07-08 00:00:00+00:00, run_after=2024-07-09 00:00:00+00:00
[2024-07-09T17:04:16.607+0000] {processor.py:183} INFO - Processing /home/airflow/.local/lib/python3.11/site-packages/airflow/example_dags/example_branch_day_of_week_operator.py took 0.067 seconds
[2024-07-09T17:04:47.400+0000] {processor.py:161} INFO - Started process (PID=7409) to work on /home/airflow/.local/lib/python3.11/site-packages/airflow/example_dags/example_branch_day_of_week_operator.py
[2024-07-09T17:04:47.401+0000] {processor.py:830} INFO - Processing file /home/airflow/.local/lib/python3.11/site-packages/airflow/example_dags/example_branch_day_of_week_operator.py for tasks to queue
[2024-07-09T17:04:47.402+0000] {logging_mixin.py:188} INFO - [2024-07-09T17:04:47.402+0000] {dagbag.py:540} INFO - Filling up the DagBag from /home/airflow/.local/lib/python3.11/site-packages/airflow/example_dags/example_branch_day_of_week_operator.py
[2024-07-09T17:04:47.411+0000] {processor.py:840} INFO - DAG(s) 'example_weekday_branch_operator' retrieved from /home/airflow/.local/lib/python3.11/site-packages/airflow/example_dags/example_branch_day_of_week_operator.py
[2024-07-09T17:04:47.434+0000] {logging_mixin.py:188} INFO - [2024-07-09T17:04:47.434+0000] {dag.py:3047} INFO - Sync 1 DAGs
[2024-07-09T17:04:47.453+0000] {logging_mixin.py:188} INFO - [2024-07-09T17:04:47.453+0000] {dag.py:3834} INFO - Setting next_dagrun for example_weekday_branch_operator to 2024-07-08 00:00:00+00:00, run_after=2024-07-09 00:00:00+00:00
[2024-07-09T17:04:47.472+0000] {processor.py:183} INFO - Processing /home/airflow/.local/lib/python3.11/site-packages/airflow/example_dags/example_branch_day_of_week_operator.py took 0.075 seconds
[2024-07-09T17:05:18.203+0000] {processor.py:161} INFO - Started process (PID=7671) to work on /home/airflow/.local/lib/python3.11/site-packages/airflow/example_dags/example_branch_day_of_week_operator.py
[2024-07-09T17:05:18.204+0000] {processor.py:830} INFO - Processing file /home/airflow/.local/lib/python3.11/site-packages/airflow/example_dags/example_branch_day_of_week_operator.py for tasks to queue
[2024-07-09T17:05:18.205+0000] {logging_mixin.py:188} INFO - [2024-07-09T17:05:18.205+0000] {dagbag.py:540} INFO - Filling up the DagBag from /home/airflow/.local/lib/python3.11/site-packages/airflow/example_dags/example_branch_day_of_week_operator.py
[2024-07-09T17:05:18.214+0000] {processor.py:840} INFO - DAG(s) 'example_weekday_branch_operator' retrieved from /home/airflow/.local/lib/python3.11/site-packages/airflow/example_dags/example_branch_day_of_week_operator.py
[2024-07-09T17:05:18.237+0000] {logging_mixin.py:188} INFO - [2024-07-09T17:05:18.237+0000] {dag.py:3047} INFO - Sync 1 DAGs
[2024-07-09T17:05:18.256+0000] {logging_mixin.py:188} INFO - [2024-07-09T17:05:18.256+0000] {dag.py:3834} INFO - Setting next_dagrun for example_weekday_branch_operator to 2024-07-08 00:00:00+00:00, run_after=2024-07-09 00:00:00+00:00
[2024-07-09T17:05:18.286+0000] {processor.py:183} INFO - Processing /home/airflow/.local/lib/python3.11/site-packages/airflow/example_dags/example_branch_day_of_week_operator.py took 0.086 seconds
[2024-07-09T17:05:48.867+0000] {processor.py:161} INFO - Started process (PID=7933) to work on /home/airflow/.local/lib/python3.11/site-packages/airflow/example_dags/example_branch_day_of_week_operator.py
[2024-07-09T17:05:48.868+0000] {processor.py:830} INFO - Processing file /home/airflow/.local/lib/python3.11/site-packages/airflow/example_dags/example_branch_day_of_week_operator.py for tasks to queue
[2024-07-09T17:05:48.869+0000] {logging_mixin.py:188} INFO - [2024-07-09T17:05:48.869+0000] {dagbag.py:540} INFO - Filling up the DagBag from /home/airflow/.local/lib/python3.11/site-packages/airflow/example_dags/example_branch_day_of_week_operator.py
[2024-07-09T17:05:48.876+0000] {processor.py:840} INFO - DAG(s) 'example_weekday_branch_operator' retrieved from /home/airflow/.local/lib/python3.11/site-packages/airflow/example_dags/example_branch_day_of_week_operator.py
[2024-07-09T17:05:48.897+0000] {logging_mixin.py:188} INFO - [2024-07-09T17:05:48.896+0000] {dag.py:3047} INFO - Sync 1 DAGs
[2024-07-09T17:05:48.918+0000] {logging_mixin.py:188} INFO - [2024-07-09T17:05:48.918+0000] {dag.py:3834} INFO - Setting next_dagrun for example_weekday_branch_operator to 2024-07-08 00:00:00+00:00, run_after=2024-07-09 00:00:00+00:00
[2024-07-09T17:05:48.935+0000] {processor.py:183} INFO - Processing /home/airflow/.local/lib/python3.11/site-packages/airflow/example_dags/example_branch_day_of_week_operator.py took 0.071 seconds
[2024-07-09T17:06:19.003+0000] {processor.py:161} INFO - Started process (PID=8195) to work on /home/airflow/.local/lib/python3.11/site-packages/airflow/example_dags/example_branch_day_of_week_operator.py
[2024-07-09T17:06:19.004+0000] {processor.py:830} INFO - Processing file /home/airflow/.local/lib/python3.11/site-packages/airflow/example_dags/example_branch_day_of_week_operator.py for tasks to queue
[2024-07-09T17:06:19.005+0000] {logging_mixin.py:188} INFO - [2024-07-09T17:06:19.005+0000] {dagbag.py:540} INFO - Filling up the DagBag from /home/airflow/.local/lib/python3.11/site-packages/airflow/example_dags/example_branch_day_of_week_operator.py
[2024-07-09T17:06:19.015+0000] {processor.py:840} INFO - DAG(s) 'example_weekday_branch_operator' retrieved from /home/airflow/.local/lib/python3.11/site-packages/airflow/example_dags/example_branch_day_of_week_operator.py
[2024-07-09T17:06:19.040+0000] {logging_mixin.py:188} INFO - [2024-07-09T17:06:19.040+0000] {dag.py:3047} INFO - Sync 1 DAGs
[2024-07-09T17:06:19.065+0000] {logging_mixin.py:188} INFO - [2024-07-09T17:06:19.065+0000] {dag.py:3834} INFO - Setting next_dagrun for example_weekday_branch_operator to 2024-07-08 00:00:00+00:00, run_after=2024-07-09 00:00:00+00:00
[2024-07-09T17:06:19.082+0000] {processor.py:183} INFO - Processing /home/airflow/.local/lib/python3.11/site-packages/airflow/example_dags/example_branch_day_of_week_operator.py took 0.082 seconds
[2024-07-09T17:06:49.172+0000] {processor.py:161} INFO - Started process (PID=8457) to work on /home/airflow/.local/lib/python3.11/site-packages/airflow/example_dags/example_branch_day_of_week_operator.py
[2024-07-09T17:06:49.175+0000] {processor.py:830} INFO - Processing file /home/airflow/.local/lib/python3.11/site-packages/airflow/example_dags/example_branch_day_of_week_operator.py for tasks to queue
[2024-07-09T17:06:49.177+0000] {logging_mixin.py:188} INFO - [2024-07-09T17:06:49.176+0000] {dagbag.py:540} INFO - Filling up the DagBag from /home/airflow/.local/lib/python3.11/site-packages/airflow/example_dags/example_branch_day_of_week_operator.py
[2024-07-09T17:06:49.193+0000] {processor.py:840} INFO - DAG(s) 'example_weekday_branch_operator' retrieved from /home/airflow/.local/lib/python3.11/site-packages/airflow/example_dags/example_branch_day_of_week_operator.py
[2024-07-09T17:06:49.226+0000] {logging_mixin.py:188} INFO - [2024-07-09T17:06:49.226+0000] {dag.py:3047} INFO - Sync 1 DAGs
[2024-07-09T17:06:49.252+0000] {logging_mixin.py:188} INFO - [2024-07-09T17:06:49.252+0000] {dag.py:3834} INFO - Setting next_dagrun for example_weekday_branch_operator to 2024-07-08 00:00:00+00:00, run_after=2024-07-09 00:00:00+00:00
[2024-07-09T17:06:49.270+0000] {processor.py:183} INFO - Processing /home/airflow/.local/lib/python3.11/site-packages/airflow/example_dags/example_branch_day_of_week_operator.py took 0.105 seconds
