[2024-07-09T16:50:59.734+0000] {processor.py:161} INFO - Started process (PID=255) to work on /home/airflow/.local/lib/python3.11/site-packages/airflow/example_dags/example_branch_operator.py
[2024-07-09T16:50:59.737+0000] {processor.py:830} INFO - Processing file /home/airflow/.local/lib/python3.11/site-packages/airflow/example_dags/example_branch_operator.py for tasks to queue
[2024-07-09T16:50:59.739+0000] {logging_mixin.py:188} INFO - [2024-07-09T16:50:59.738+0000] {dagbag.py:540} INFO - Filling up the DagBag from /home/airflow/.local/lib/python3.11/site-packages/airflow/example_dags/example_branch_operator.py
[2024-07-09T16:50:59.751+0000] {processor.py:842} WARNING - No viable dags retrieved from /home/airflow/.local/lib/python3.11/site-packages/airflow/example_dags/example_branch_operator.py
[2024-07-09T16:50:59.786+0000] {processor.py:183} INFO - Processing /home/airflow/.local/lib/python3.11/site-packages/airflow/example_dags/example_branch_operator.py took 0.057 seconds
[2024-07-09T16:51:29.960+0000] {processor.py:161} INFO - Started process (PID=514) to work on /home/airflow/.local/lib/python3.11/site-packages/airflow/example_dags/example_branch_operator.py
[2024-07-09T16:51:29.961+0000] {processor.py:830} INFO - Processing file /home/airflow/.local/lib/python3.11/site-packages/airflow/example_dags/example_branch_operator.py for tasks to queue
[2024-07-09T16:51:29.961+0000] {logging_mixin.py:188} INFO - [2024-07-09T16:51:29.961+0000] {dagbag.py:540} INFO - Filling up the DagBag from /home/airflow/.local/lib/python3.11/site-packages/airflow/example_dags/example_branch_operator.py
[2024-07-09T16:51:29.964+0000] {processor.py:842} WARNING - No viable dags retrieved from /home/airflow/.local/lib/python3.11/site-packages/airflow/example_dags/example_branch_operator.py
[2024-07-09T16:51:29.976+0000] {processor.py:183} INFO - Processing /home/airflow/.local/lib/python3.11/site-packages/airflow/example_dags/example_branch_operator.py took 0.019 seconds
[2024-07-09T16:52:00.139+0000] {processor.py:161} INFO - Started process (PID=776) to work on /home/airflow/.local/lib/python3.11/site-packages/airflow/example_dags/example_branch_operator.py
[2024-07-09T16:52:00.140+0000] {processor.py:830} INFO - Processing file /home/airflow/.local/lib/python3.11/site-packages/airflow/example_dags/example_branch_operator.py for tasks to queue
[2024-07-09T16:52:00.141+0000] {logging_mixin.py:188} INFO - [2024-07-09T16:52:00.141+0000] {dagbag.py:540} INFO - Filling up the DagBag from /home/airflow/.local/lib/python3.11/site-packages/airflow/example_dags/example_branch_operator.py
[2024-07-09T16:52:00.143+0000] {processor.py:842} WARNING - No viable dags retrieved from /home/airflow/.local/lib/python3.11/site-packages/airflow/example_dags/example_branch_operator.py
[2024-07-09T16:52:00.157+0000] {processor.py:183} INFO - Processing /home/airflow/.local/lib/python3.11/site-packages/airflow/example_dags/example_branch_operator.py took 0.020 seconds
[2024-07-09T16:52:30.535+0000] {processor.py:161} INFO - Started process (PID=1036) to work on /home/airflow/.local/lib/python3.11/site-packages/airflow/example_dags/example_branch_operator.py
[2024-07-09T16:52:30.536+0000] {processor.py:830} INFO - Processing file /home/airflow/.local/lib/python3.11/site-packages/airflow/example_dags/example_branch_operator.py for tasks to queue
[2024-07-09T16:52:30.538+0000] {logging_mixin.py:188} INFO - [2024-07-09T16:52:30.537+0000] {dagbag.py:540} INFO - Filling up the DagBag from /home/airflow/.local/lib/python3.11/site-packages/airflow/example_dags/example_branch_operator.py
[2024-07-09T16:52:30.542+0000] {processor.py:842} WARNING - No viable dags retrieved from /home/airflow/.local/lib/python3.11/site-packages/airflow/example_dags/example_branch_operator.py
[2024-07-09T16:52:30.562+0000] {processor.py:183} INFO - Processing /home/airflow/.local/lib/python3.11/site-packages/airflow/example_dags/example_branch_operator.py took 0.032 seconds
[2024-07-09T16:53:01.497+0000] {processor.py:161} INFO - Started process (PID=1298) to work on /home/airflow/.local/lib/python3.11/site-packages/airflow/example_dags/example_branch_operator.py
[2024-07-09T16:53:01.498+0000] {processor.py:830} INFO - Processing file /home/airflow/.local/lib/python3.11/site-packages/airflow/example_dags/example_branch_operator.py for tasks to queue
[2024-07-09T16:53:01.499+0000] {logging_mixin.py:188} INFO - [2024-07-09T16:53:01.499+0000] {dagbag.py:540} INFO - Filling up the DagBag from /home/airflow/.local/lib/python3.11/site-packages/airflow/example_dags/example_branch_operator.py
[2024-07-09T16:53:01.502+0000] {processor.py:842} WARNING - No viable dags retrieved from /home/airflow/.local/lib/python3.11/site-packages/airflow/example_dags/example_branch_operator.py
[2024-07-09T16:53:01.517+0000] {processor.py:183} INFO - Processing /home/airflow/.local/lib/python3.11/site-packages/airflow/example_dags/example_branch_operator.py took 0.023 seconds
[2024-07-09T16:53:32.580+0000] {processor.py:161} INFO - Started process (PID=1560) to work on /home/airflow/.local/lib/python3.11/site-packages/airflow/example_dags/example_branch_operator.py
[2024-07-09T16:53:32.593+0000] {processor.py:830} INFO - Processing file /home/airflow/.local/lib/python3.11/site-packages/airflow/example_dags/example_branch_operator.py for tasks to queue
[2024-07-09T16:53:32.595+0000] {logging_mixin.py:188} INFO - [2024-07-09T16:53:32.594+0000] {dagbag.py:540} INFO - Filling up the DagBag from /home/airflow/.local/lib/python3.11/site-packages/airflow/example_dags/example_branch_operator.py
[2024-07-09T16:53:32.617+0000] {processor.py:842} WARNING - No viable dags retrieved from /home/airflow/.local/lib/python3.11/site-packages/airflow/example_dags/example_branch_operator.py
[2024-07-09T16:53:32.639+0000] {processor.py:183} INFO - Processing /home/airflow/.local/lib/python3.11/site-packages/airflow/example_dags/example_branch_operator.py took 0.075 seconds
[2024-07-09T16:54:02.867+0000] {processor.py:161} INFO - Started process (PID=1813) to work on /home/airflow/.local/lib/python3.11/site-packages/airflow/example_dags/example_branch_operator.py
[2024-07-09T16:54:02.868+0000] {processor.py:830} INFO - Processing file /home/airflow/.local/lib/python3.11/site-packages/airflow/example_dags/example_branch_operator.py for tasks to queue
[2024-07-09T16:54:02.869+0000] {logging_mixin.py:188} INFO - [2024-07-09T16:54:02.869+0000] {dagbag.py:540} INFO - Filling up the DagBag from /home/airflow/.local/lib/python3.11/site-packages/airflow/example_dags/example_branch_operator.py
[2024-07-09T16:54:02.872+0000] {processor.py:842} WARNING - No viable dags retrieved from /home/airflow/.local/lib/python3.11/site-packages/airflow/example_dags/example_branch_operator.py
[2024-07-09T16:54:02.888+0000] {processor.py:183} INFO - Processing /home/airflow/.local/lib/python3.11/site-packages/airflow/example_dags/example_branch_operator.py took 0.024 seconds
[2024-07-09T16:54:32.944+0000] {processor.py:161} INFO - Started process (PID=2070) to work on /home/airflow/.local/lib/python3.11/site-packages/airflow/example_dags/example_branch_operator.py
[2024-07-09T16:54:32.945+0000] {processor.py:830} INFO - Processing file /home/airflow/.local/lib/python3.11/site-packages/airflow/example_dags/example_branch_operator.py for tasks to queue
[2024-07-09T16:54:32.946+0000] {logging_mixin.py:188} INFO - [2024-07-09T16:54:32.946+0000] {dagbag.py:540} INFO - Filling up the DagBag from /home/airflow/.local/lib/python3.11/site-packages/airflow/example_dags/example_branch_operator.py
[2024-07-09T16:54:32.949+0000] {processor.py:842} WARNING - No viable dags retrieved from /home/airflow/.local/lib/python3.11/site-packages/airflow/example_dags/example_branch_operator.py
[2024-07-09T16:54:32.965+0000] {processor.py:183} INFO - Processing /home/airflow/.local/lib/python3.11/site-packages/airflow/example_dags/example_branch_operator.py took 0.023 seconds
[2024-07-09T16:55:03.119+0000] {processor.py:161} INFO - Started process (PID=2329) to work on /home/airflow/.local/lib/python3.11/site-packages/airflow/example_dags/example_branch_operator.py
[2024-07-09T16:55:03.120+0000] {processor.py:830} INFO - Processing file /home/airflow/.local/lib/python3.11/site-packages/airflow/example_dags/example_branch_operator.py for tasks to queue
[2024-07-09T16:55:03.121+0000] {logging_mixin.py:188} INFO - [2024-07-09T16:55:03.121+0000] {dagbag.py:540} INFO - Filling up the DagBag from /home/airflow/.local/lib/python3.11/site-packages/airflow/example_dags/example_branch_operator.py
[2024-07-09T16:55:03.124+0000] {processor.py:842} WARNING - No viable dags retrieved from /home/airflow/.local/lib/python3.11/site-packages/airflow/example_dags/example_branch_operator.py
[2024-07-09T16:55:03.137+0000] {processor.py:183} INFO - Processing /home/airflow/.local/lib/python3.11/site-packages/airflow/example_dags/example_branch_operator.py took 0.020 seconds
[2024-07-09T16:55:33.745+0000] {processor.py:161} INFO - Started process (PID=2596) to work on /home/airflow/.local/lib/python3.11/site-packages/airflow/example_dags/example_branch_operator.py
[2024-07-09T16:55:33.746+0000] {processor.py:830} INFO - Processing file /home/airflow/.local/lib/python3.11/site-packages/airflow/example_dags/example_branch_operator.py for tasks to queue
[2024-07-09T16:55:33.747+0000] {logging_mixin.py:188} INFO - [2024-07-09T16:55:33.747+0000] {dagbag.py:540} INFO - Filling up the DagBag from /home/airflow/.local/lib/python3.11/site-packages/airflow/example_dags/example_branch_operator.py
[2024-07-09T16:55:33.750+0000] {processor.py:842} WARNING - No viable dags retrieved from /home/airflow/.local/lib/python3.11/site-packages/airflow/example_dags/example_branch_operator.py
[2024-07-09T16:55:33.763+0000] {processor.py:183} INFO - Processing /home/airflow/.local/lib/python3.11/site-packages/airflow/example_dags/example_branch_operator.py took 0.020 seconds
[2024-07-09T16:56:03.904+0000] {processor.py:161} INFO - Started process (PID=2858) to work on /home/airflow/.local/lib/python3.11/site-packages/airflow/example_dags/example_branch_operator.py
[2024-07-09T16:56:03.905+0000] {processor.py:830} INFO - Processing file /home/airflow/.local/lib/python3.11/site-packages/airflow/example_dags/example_branch_operator.py for tasks to queue
[2024-07-09T16:56:03.906+0000] {logging_mixin.py:188} INFO - [2024-07-09T16:56:03.906+0000] {dagbag.py:540} INFO - Filling up the DagBag from /home/airflow/.local/lib/python3.11/site-packages/airflow/example_dags/example_branch_operator.py
[2024-07-09T16:56:03.909+0000] {processor.py:842} WARNING - No viable dags retrieved from /home/airflow/.local/lib/python3.11/site-packages/airflow/example_dags/example_branch_operator.py
[2024-07-09T16:56:03.923+0000] {processor.py:183} INFO - Processing /home/airflow/.local/lib/python3.11/site-packages/airflow/example_dags/example_branch_operator.py took 0.021 seconds
[2024-07-09T16:56:34.088+0000] {processor.py:161} INFO - Started process (PID=3120) to work on /home/airflow/.local/lib/python3.11/site-packages/airflow/example_dags/example_branch_operator.py
[2024-07-09T16:56:34.089+0000] {processor.py:830} INFO - Processing file /home/airflow/.local/lib/python3.11/site-packages/airflow/example_dags/example_branch_operator.py for tasks to queue
[2024-07-09T16:56:34.090+0000] {logging_mixin.py:188} INFO - [2024-07-09T16:56:34.090+0000] {dagbag.py:540} INFO - Filling up the DagBag from /home/airflow/.local/lib/python3.11/site-packages/airflow/example_dags/example_branch_operator.py
[2024-07-09T16:56:34.093+0000] {processor.py:842} WARNING - No viable dags retrieved from /home/airflow/.local/lib/python3.11/site-packages/airflow/example_dags/example_branch_operator.py
[2024-07-09T16:56:34.106+0000] {processor.py:183} INFO - Processing /home/airflow/.local/lib/python3.11/site-packages/airflow/example_dags/example_branch_operator.py took 0.021 seconds
[2024-07-09T16:57:04.367+0000] {processor.py:161} INFO - Started process (PID=3382) to work on /home/airflow/.local/lib/python3.11/site-packages/airflow/example_dags/example_branch_operator.py
[2024-07-09T16:57:04.368+0000] {processor.py:830} INFO - Processing file /home/airflow/.local/lib/python3.11/site-packages/airflow/example_dags/example_branch_operator.py for tasks to queue
[2024-07-09T16:57:04.369+0000] {logging_mixin.py:188} INFO - [2024-07-09T16:57:04.368+0000] {dagbag.py:540} INFO - Filling up the DagBag from /home/airflow/.local/lib/python3.11/site-packages/airflow/example_dags/example_branch_operator.py
[2024-07-09T16:57:04.371+0000] {processor.py:842} WARNING - No viable dags retrieved from /home/airflow/.local/lib/python3.11/site-packages/airflow/example_dags/example_branch_operator.py
[2024-07-09T16:57:04.384+0000] {processor.py:183} INFO - Processing /home/airflow/.local/lib/python3.11/site-packages/airflow/example_dags/example_branch_operator.py took 0.020 seconds
[2024-07-09T16:57:34.989+0000] {processor.py:161} INFO - Started process (PID=3644) to work on /home/airflow/.local/lib/python3.11/site-packages/airflow/example_dags/example_branch_operator.py
[2024-07-09T16:57:34.990+0000] {processor.py:830} INFO - Processing file /home/airflow/.local/lib/python3.11/site-packages/airflow/example_dags/example_branch_operator.py for tasks to queue
[2024-07-09T16:57:34.991+0000] {logging_mixin.py:188} INFO - [2024-07-09T16:57:34.991+0000] {dagbag.py:540} INFO - Filling up the DagBag from /home/airflow/.local/lib/python3.11/site-packages/airflow/example_dags/example_branch_operator.py
[2024-07-09T16:57:34.994+0000] {processor.py:842} WARNING - No viable dags retrieved from /home/airflow/.local/lib/python3.11/site-packages/airflow/example_dags/example_branch_operator.py
[2024-07-09T16:57:35.008+0000] {processor.py:183} INFO - Processing /home/airflow/.local/lib/python3.11/site-packages/airflow/example_dags/example_branch_operator.py took 0.023 seconds
[2024-07-09T16:58:05.104+0000] {processor.py:161} INFO - Started process (PID=3906) to work on /home/airflow/.local/lib/python3.11/site-packages/airflow/example_dags/example_branch_operator.py
[2024-07-09T16:58:05.105+0000] {processor.py:830} INFO - Processing file /home/airflow/.local/lib/python3.11/site-packages/airflow/example_dags/example_branch_operator.py for tasks to queue
[2024-07-09T16:58:05.107+0000] {logging_mixin.py:188} INFO - [2024-07-09T16:58:05.106+0000] {dagbag.py:540} INFO - Filling up the DagBag from /home/airflow/.local/lib/python3.11/site-packages/airflow/example_dags/example_branch_operator.py
[2024-07-09T16:58:05.111+0000] {processor.py:842} WARNING - No viable dags retrieved from /home/airflow/.local/lib/python3.11/site-packages/airflow/example_dags/example_branch_operator.py
[2024-07-09T16:58:05.125+0000] {processor.py:183} INFO - Processing /home/airflow/.local/lib/python3.11/site-packages/airflow/example_dags/example_branch_operator.py took 0.025 seconds
[2024-07-09T16:58:35.501+0000] {processor.py:161} INFO - Started process (PID=4168) to work on /home/airflow/.local/lib/python3.11/site-packages/airflow/example_dags/example_branch_operator.py
[2024-07-09T16:58:35.503+0000] {processor.py:830} INFO - Processing file /home/airflow/.local/lib/python3.11/site-packages/airflow/example_dags/example_branch_operator.py for tasks to queue
[2024-07-09T16:58:35.503+0000] {logging_mixin.py:188} INFO - [2024-07-09T16:58:35.503+0000] {dagbag.py:540} INFO - Filling up the DagBag from /home/airflow/.local/lib/python3.11/site-packages/airflow/example_dags/example_branch_operator.py
[2024-07-09T16:58:35.506+0000] {processor.py:842} WARNING - No viable dags retrieved from /home/airflow/.local/lib/python3.11/site-packages/airflow/example_dags/example_branch_operator.py
[2024-07-09T16:58:35.519+0000] {processor.py:183} INFO - Processing /home/airflow/.local/lib/python3.11/site-packages/airflow/example_dags/example_branch_operator.py took 0.021 seconds
[2024-07-09T16:59:06.371+0000] {processor.py:161} INFO - Started process (PID=4430) to work on /home/airflow/.local/lib/python3.11/site-packages/airflow/example_dags/example_branch_operator.py
[2024-07-09T16:59:06.372+0000] {processor.py:830} INFO - Processing file /home/airflow/.local/lib/python3.11/site-packages/airflow/example_dags/example_branch_operator.py for tasks to queue
[2024-07-09T16:59:06.373+0000] {logging_mixin.py:188} INFO - [2024-07-09T16:59:06.373+0000] {dagbag.py:540} INFO - Filling up the DagBag from /home/airflow/.local/lib/python3.11/site-packages/airflow/example_dags/example_branch_operator.py
[2024-07-09T16:59:06.376+0000] {processor.py:842} WARNING - No viable dags retrieved from /home/airflow/.local/lib/python3.11/site-packages/airflow/example_dags/example_branch_operator.py
[2024-07-09T16:59:06.391+0000] {processor.py:183} INFO - Processing /home/airflow/.local/lib/python3.11/site-packages/airflow/example_dags/example_branch_operator.py took 0.023 seconds
[2024-07-09T16:59:36.544+0000] {processor.py:161} INFO - Started process (PID=4692) to work on /home/airflow/.local/lib/python3.11/site-packages/airflow/example_dags/example_branch_operator.py
[2024-07-09T16:59:36.545+0000] {processor.py:830} INFO - Processing file /home/airflow/.local/lib/python3.11/site-packages/airflow/example_dags/example_branch_operator.py for tasks to queue
[2024-07-09T16:59:36.546+0000] {logging_mixin.py:188} INFO - [2024-07-09T16:59:36.546+0000] {dagbag.py:540} INFO - Filling up the DagBag from /home/airflow/.local/lib/python3.11/site-packages/airflow/example_dags/example_branch_operator.py
[2024-07-09T16:59:36.550+0000] {processor.py:842} WARNING - No viable dags retrieved from /home/airflow/.local/lib/python3.11/site-packages/airflow/example_dags/example_branch_operator.py
[2024-07-09T16:59:36.564+0000] {processor.py:183} INFO - Processing /home/airflow/.local/lib/python3.11/site-packages/airflow/example_dags/example_branch_operator.py took 0.024 seconds
[2024-07-09T17:00:07.075+0000] {processor.py:161} INFO - Started process (PID=4952) to work on /home/airflow/.local/lib/python3.11/site-packages/airflow/example_dags/example_branch_operator.py
[2024-07-09T17:00:07.077+0000] {processor.py:830} INFO - Processing file /home/airflow/.local/lib/python3.11/site-packages/airflow/example_dags/example_branch_operator.py for tasks to queue
[2024-07-09T17:00:07.079+0000] {logging_mixin.py:188} INFO - [2024-07-09T17:00:07.078+0000] {dagbag.py:540} INFO - Filling up the DagBag from /home/airflow/.local/lib/python3.11/site-packages/airflow/example_dags/example_branch_operator.py
[2024-07-09T17:00:07.083+0000] {processor.py:842} WARNING - No viable dags retrieved from /home/airflow/.local/lib/python3.11/site-packages/airflow/example_dags/example_branch_operator.py
[2024-07-09T17:00:07.106+0000] {processor.py:183} INFO - Processing /home/airflow/.local/lib/python3.11/site-packages/airflow/example_dags/example_branch_operator.py took 0.035 seconds
[2024-07-09T17:00:37.611+0000] {processor.py:161} INFO - Started process (PID=5214) to work on /home/airflow/.local/lib/python3.11/site-packages/airflow/example_dags/example_branch_operator.py
[2024-07-09T17:00:37.611+0000] {processor.py:830} INFO - Processing file /home/airflow/.local/lib/python3.11/site-packages/airflow/example_dags/example_branch_operator.py for tasks to queue
[2024-07-09T17:00:37.612+0000] {logging_mixin.py:188} INFO - [2024-07-09T17:00:37.612+0000] {dagbag.py:540} INFO - Filling up the DagBag from /home/airflow/.local/lib/python3.11/site-packages/airflow/example_dags/example_branch_operator.py
[2024-07-09T17:00:37.615+0000] {processor.py:842} WARNING - No viable dags retrieved from /home/airflow/.local/lib/python3.11/site-packages/airflow/example_dags/example_branch_operator.py
[2024-07-09T17:00:37.631+0000] {processor.py:183} INFO - Processing /home/airflow/.local/lib/python3.11/site-packages/airflow/example_dags/example_branch_operator.py took 0.023 seconds
[2024-07-09T17:01:08.743+0000] {processor.py:161} INFO - Started process (PID=5478) to work on /home/airflow/.local/lib/python3.11/site-packages/airflow/example_dags/example_branch_operator.py
[2024-07-09T17:01:08.744+0000] {processor.py:830} INFO - Processing file /home/airflow/.local/lib/python3.11/site-packages/airflow/example_dags/example_branch_operator.py for tasks to queue
[2024-07-09T17:01:08.745+0000] {logging_mixin.py:188} INFO - [2024-07-09T17:01:08.745+0000] {dagbag.py:540} INFO - Filling up the DagBag from /home/airflow/.local/lib/python3.11/site-packages/airflow/example_dags/example_branch_operator.py
[2024-07-09T17:01:08.749+0000] {processor.py:842} WARNING - No viable dags retrieved from /home/airflow/.local/lib/python3.11/site-packages/airflow/example_dags/example_branch_operator.py
[2024-07-09T17:01:08.762+0000] {processor.py:183} INFO - Processing /home/airflow/.local/lib/python3.11/site-packages/airflow/example_dags/example_branch_operator.py took 0.022 seconds
[2024-07-09T17:01:38.981+0000] {processor.py:161} INFO - Started process (PID=5740) to work on /home/airflow/.local/lib/python3.11/site-packages/airflow/example_dags/example_branch_operator.py
[2024-07-09T17:01:38.982+0000] {processor.py:830} INFO - Processing file /home/airflow/.local/lib/python3.11/site-packages/airflow/example_dags/example_branch_operator.py for tasks to queue
[2024-07-09T17:01:38.982+0000] {logging_mixin.py:188} INFO - [2024-07-09T17:01:38.982+0000] {dagbag.py:540} INFO - Filling up the DagBag from /home/airflow/.local/lib/python3.11/site-packages/airflow/example_dags/example_branch_operator.py
[2024-07-09T17:01:38.985+0000] {processor.py:842} WARNING - No viable dags retrieved from /home/airflow/.local/lib/python3.11/site-packages/airflow/example_dags/example_branch_operator.py
[2024-07-09T17:01:38.998+0000] {processor.py:183} INFO - Processing /home/airflow/.local/lib/python3.11/site-packages/airflow/example_dags/example_branch_operator.py took 0.019 seconds
[2024-07-09T17:02:10.011+0000] {processor.py:161} INFO - Started process (PID=6007) to work on /home/airflow/.local/lib/python3.11/site-packages/airflow/example_dags/example_branch_operator.py
[2024-07-09T17:02:10.012+0000] {processor.py:830} INFO - Processing file /home/airflow/.local/lib/python3.11/site-packages/airflow/example_dags/example_branch_operator.py for tasks to queue
[2024-07-09T17:02:10.013+0000] {logging_mixin.py:188} INFO - [2024-07-09T17:02:10.012+0000] {dagbag.py:540} INFO - Filling up the DagBag from /home/airflow/.local/lib/python3.11/site-packages/airflow/example_dags/example_branch_operator.py
[2024-07-09T17:02:10.016+0000] {processor.py:842} WARNING - No viable dags retrieved from /home/airflow/.local/lib/python3.11/site-packages/airflow/example_dags/example_branch_operator.py
[2024-07-09T17:02:10.031+0000] {processor.py:183} INFO - Processing /home/airflow/.local/lib/python3.11/site-packages/airflow/example_dags/example_branch_operator.py took 0.023 seconds
[2024-07-09T17:02:40.888+0000] {processor.py:161} INFO - Started process (PID=6269) to work on /home/airflow/.local/lib/python3.11/site-packages/airflow/example_dags/example_branch_operator.py
[2024-07-09T17:02:40.889+0000] {processor.py:830} INFO - Processing file /home/airflow/.local/lib/python3.11/site-packages/airflow/example_dags/example_branch_operator.py for tasks to queue
[2024-07-09T17:02:40.890+0000] {logging_mixin.py:188} INFO - [2024-07-09T17:02:40.890+0000] {dagbag.py:540} INFO - Filling up the DagBag from /home/airflow/.local/lib/python3.11/site-packages/airflow/example_dags/example_branch_operator.py
[2024-07-09T17:02:40.893+0000] {processor.py:842} WARNING - No viable dags retrieved from /home/airflow/.local/lib/python3.11/site-packages/airflow/example_dags/example_branch_operator.py
[2024-07-09T17:02:40.908+0000] {processor.py:183} INFO - Processing /home/airflow/.local/lib/python3.11/site-packages/airflow/example_dags/example_branch_operator.py took 0.023 seconds
[2024-07-09T17:03:11.213+0000] {processor.py:161} INFO - Started process (PID=6531) to work on /home/airflow/.local/lib/python3.11/site-packages/airflow/example_dags/example_branch_operator.py
[2024-07-09T17:03:11.214+0000] {processor.py:830} INFO - Processing file /home/airflow/.local/lib/python3.11/site-packages/airflow/example_dags/example_branch_operator.py for tasks to queue
[2024-07-09T17:03:11.215+0000] {logging_mixin.py:188} INFO - [2024-07-09T17:03:11.215+0000] {dagbag.py:540} INFO - Filling up the DagBag from /home/airflow/.local/lib/python3.11/site-packages/airflow/example_dags/example_branch_operator.py
[2024-07-09T17:03:11.218+0000] {processor.py:842} WARNING - No viable dags retrieved from /home/airflow/.local/lib/python3.11/site-packages/airflow/example_dags/example_branch_operator.py
[2024-07-09T17:03:11.232+0000] {processor.py:183} INFO - Processing /home/airflow/.local/lib/python3.11/site-packages/airflow/example_dags/example_branch_operator.py took 0.023 seconds
[2024-07-09T17:03:42.109+0000] {processor.py:161} INFO - Started process (PID=6793) to work on /home/airflow/.local/lib/python3.11/site-packages/airflow/example_dags/example_branch_operator.py
[2024-07-09T17:03:42.110+0000] {processor.py:830} INFO - Processing file /home/airflow/.local/lib/python3.11/site-packages/airflow/example_dags/example_branch_operator.py for tasks to queue
[2024-07-09T17:03:42.111+0000] {logging_mixin.py:188} INFO - [2024-07-09T17:03:42.111+0000] {dagbag.py:540} INFO - Filling up the DagBag from /home/airflow/.local/lib/python3.11/site-packages/airflow/example_dags/example_branch_operator.py
[2024-07-09T17:03:42.114+0000] {processor.py:842} WARNING - No viable dags retrieved from /home/airflow/.local/lib/python3.11/site-packages/airflow/example_dags/example_branch_operator.py
[2024-07-09T17:03:42.127+0000] {processor.py:183} INFO - Processing /home/airflow/.local/lib/python3.11/site-packages/airflow/example_dags/example_branch_operator.py took 0.020 seconds
[2024-07-09T17:04:12.865+0000] {processor.py:161} INFO - Started process (PID=7055) to work on /home/airflow/.local/lib/python3.11/site-packages/airflow/example_dags/example_branch_operator.py
[2024-07-09T17:04:12.867+0000] {processor.py:830} INFO - Processing file /home/airflow/.local/lib/python3.11/site-packages/airflow/example_dags/example_branch_operator.py for tasks to queue
[2024-07-09T17:04:12.868+0000] {logging_mixin.py:188} INFO - [2024-07-09T17:04:12.867+0000] {dagbag.py:540} INFO - Filling up the DagBag from /home/airflow/.local/lib/python3.11/site-packages/airflow/example_dags/example_branch_operator.py
[2024-07-09T17:04:12.871+0000] {processor.py:842} WARNING - No viable dags retrieved from /home/airflow/.local/lib/python3.11/site-packages/airflow/example_dags/example_branch_operator.py
[2024-07-09T17:04:12.892+0000] {processor.py:183} INFO - Processing /home/airflow/.local/lib/python3.11/site-packages/airflow/example_dags/example_branch_operator.py took 0.031 seconds
[2024-07-09T17:04:43.654+0000] {processor.py:161} INFO - Started process (PID=7327) to work on /home/airflow/.local/lib/python3.11/site-packages/airflow/example_dags/example_branch_operator.py
[2024-07-09T17:04:43.655+0000] {processor.py:830} INFO - Processing file /home/airflow/.local/lib/python3.11/site-packages/airflow/example_dags/example_branch_operator.py for tasks to queue
[2024-07-09T17:04:43.656+0000] {logging_mixin.py:188} INFO - [2024-07-09T17:04:43.656+0000] {dagbag.py:540} INFO - Filling up the DagBag from /home/airflow/.local/lib/python3.11/site-packages/airflow/example_dags/example_branch_operator.py
[2024-07-09T17:04:43.659+0000] {processor.py:842} WARNING - No viable dags retrieved from /home/airflow/.local/lib/python3.11/site-packages/airflow/example_dags/example_branch_operator.py
[2024-07-09T17:04:43.675+0000] {processor.py:183} INFO - Processing /home/airflow/.local/lib/python3.11/site-packages/airflow/example_dags/example_branch_operator.py took 0.024 seconds
[2024-07-09T17:05:14.594+0000] {processor.py:161} INFO - Started process (PID=7613) to work on /home/airflow/.local/lib/python3.11/site-packages/airflow/example_dags/example_branch_operator.py
[2024-07-09T17:05:14.595+0000] {processor.py:830} INFO - Processing file /home/airflow/.local/lib/python3.11/site-packages/airflow/example_dags/example_branch_operator.py for tasks to queue
[2024-07-09T17:05:14.596+0000] {logging_mixin.py:188} INFO - [2024-07-09T17:05:14.596+0000] {dagbag.py:540} INFO - Filling up the DagBag from /home/airflow/.local/lib/python3.11/site-packages/airflow/example_dags/example_branch_operator.py
[2024-07-09T17:05:14.600+0000] {processor.py:842} WARNING - No viable dags retrieved from /home/airflow/.local/lib/python3.11/site-packages/airflow/example_dags/example_branch_operator.py
[2024-07-09T17:05:14.616+0000] {processor.py:183} INFO - Processing /home/airflow/.local/lib/python3.11/site-packages/airflow/example_dags/example_branch_operator.py took 0.025 seconds
[2024-07-09T17:05:45.266+0000] {processor.py:161} INFO - Started process (PID=7875) to work on /home/airflow/.local/lib/python3.11/site-packages/airflow/example_dags/example_branch_operator.py
[2024-07-09T17:05:45.268+0000] {processor.py:830} INFO - Processing file /home/airflow/.local/lib/python3.11/site-packages/airflow/example_dags/example_branch_operator.py for tasks to queue
[2024-07-09T17:05:45.269+0000] {logging_mixin.py:188} INFO - [2024-07-09T17:05:45.269+0000] {dagbag.py:540} INFO - Filling up the DagBag from /home/airflow/.local/lib/python3.11/site-packages/airflow/example_dags/example_branch_operator.py
[2024-07-09T17:05:45.273+0000] {processor.py:842} WARNING - No viable dags retrieved from /home/airflow/.local/lib/python3.11/site-packages/airflow/example_dags/example_branch_operator.py
[2024-07-09T17:05:45.287+0000] {processor.py:183} INFO - Processing /home/airflow/.local/lib/python3.11/site-packages/airflow/example_dags/example_branch_operator.py took 0.025 seconds
[2024-07-09T17:06:16.200+0000] {processor.py:161} INFO - Started process (PID=8137) to work on /home/airflow/.local/lib/python3.11/site-packages/airflow/example_dags/example_branch_operator.py
[2024-07-09T17:06:16.201+0000] {processor.py:830} INFO - Processing file /home/airflow/.local/lib/python3.11/site-packages/airflow/example_dags/example_branch_operator.py for tasks to queue
[2024-07-09T17:06:16.202+0000] {logging_mixin.py:188} INFO - [2024-07-09T17:06:16.202+0000] {dagbag.py:540} INFO - Filling up the DagBag from /home/airflow/.local/lib/python3.11/site-packages/airflow/example_dags/example_branch_operator.py
[2024-07-09T17:06:16.205+0000] {processor.py:842} WARNING - No viable dags retrieved from /home/airflow/.local/lib/python3.11/site-packages/airflow/example_dags/example_branch_operator.py
[2024-07-09T17:06:16.220+0000] {processor.py:183} INFO - Processing /home/airflow/.local/lib/python3.11/site-packages/airflow/example_dags/example_branch_operator.py took 0.023 seconds
[2024-07-09T17:06:46.410+0000] {processor.py:161} INFO - Started process (PID=8399) to work on /home/airflow/.local/lib/python3.11/site-packages/airflow/example_dags/example_branch_operator.py
[2024-07-09T17:06:46.411+0000] {processor.py:830} INFO - Processing file /home/airflow/.local/lib/python3.11/site-packages/airflow/example_dags/example_branch_operator.py for tasks to queue
[2024-07-09T17:06:46.412+0000] {logging_mixin.py:188} INFO - [2024-07-09T17:06:46.412+0000] {dagbag.py:540} INFO - Filling up the DagBag from /home/airflow/.local/lib/python3.11/site-packages/airflow/example_dags/example_branch_operator.py
[2024-07-09T17:06:46.415+0000] {processor.py:842} WARNING - No viable dags retrieved from /home/airflow/.local/lib/python3.11/site-packages/airflow/example_dags/example_branch_operator.py
[2024-07-09T17:06:46.431+0000] {processor.py:183} INFO - Processing /home/airflow/.local/lib/python3.11/site-packages/airflow/example_dags/example_branch_operator.py took 0.024 seconds
