[2024-07-09T16:50:57.260+0000] {processor.py:161} INFO - Started process (PID=210) to work on /home/airflow/.local/lib/python3.11/site-packages/airflow/example_dags/example_nested_branch_dag.py
[2024-07-09T16:50:57.261+0000] {processor.py:830} INFO - Processing file /home/airflow/.local/lib/python3.11/site-packages/airflow/example_dags/example_nested_branch_dag.py for tasks to queue
[2024-07-09T16:50:57.263+0000] {logging_mixin.py:188} INFO - [2024-07-09T16:50:57.263+0000] {dagbag.py:540} INFO - Filling up the DagBag from /home/airflow/.local/lib/python3.11/site-packages/airflow/example_dags/example_nested_branch_dag.py
[2024-07-09T16:50:57.286+0000] {processor.py:840} INFO - DAG(s) 'example_nested_branch_dag' retrieved from /home/airflow/.local/lib/python3.11/site-packages/airflow/example_dags/example_nested_branch_dag.py
[2024-07-09T16:50:57.493+0000] {logging_mixin.py:188} INFO - [2024-07-09T16:50:57.492+0000] {override.py:1769} INFO - Created Permission View: can delete on DAG:example_nested_branch_dag
[2024-07-09T16:50:57.510+0000] {logging_mixin.py:188} INFO - [2024-07-09T16:50:57.510+0000] {override.py:1769} INFO - Created Permission View: can edit on DAG:example_nested_branch_dag
[2024-07-09T16:50:57.521+0000] {logging_mixin.py:188} INFO - [2024-07-09T16:50:57.521+0000] {override.py:1769} INFO - Created Permission View: can read on DAG:example_nested_branch_dag
[2024-07-09T16:50:57.522+0000] {logging_mixin.py:188} INFO - [2024-07-09T16:50:57.522+0000] {dag.py:3047} INFO - Sync 1 DAGs
[2024-07-09T16:50:57.541+0000] {logging_mixin.py:188} INFO - [2024-07-09T16:50:57.541+0000] {dag.py:3069} INFO - Creating ORM DAG for example_nested_branch_dag
[2024-07-09T16:50:57.562+0000] {logging_mixin.py:188} INFO - [2024-07-09T16:50:57.562+0000] {dag.py:3834} INFO - Setting next_dagrun for example_nested_branch_dag to 2024-07-08 00:00:00+00:00, run_after=2024-07-09 00:00:00+00:00
[2024-07-09T16:50:57.594+0000] {processor.py:183} INFO - Processing /home/airflow/.local/lib/python3.11/site-packages/airflow/example_dags/example_nested_branch_dag.py took 0.339 seconds
[2024-07-09T16:51:28.395+0000] {processor.py:161} INFO - Started process (PID=472) to work on /home/airflow/.local/lib/python3.11/site-packages/airflow/example_dags/example_nested_branch_dag.py
[2024-07-09T16:51:28.397+0000] {processor.py:830} INFO - Processing file /home/airflow/.local/lib/python3.11/site-packages/airflow/example_dags/example_nested_branch_dag.py for tasks to queue
[2024-07-09T16:51:28.398+0000] {logging_mixin.py:188} INFO - [2024-07-09T16:51:28.398+0000] {dagbag.py:540} INFO - Filling up the DagBag from /home/airflow/.local/lib/python3.11/site-packages/airflow/example_dags/example_nested_branch_dag.py
[2024-07-09T16:51:28.406+0000] {processor.py:840} INFO - DAG(s) 'example_nested_branch_dag' retrieved from /home/airflow/.local/lib/python3.11/site-packages/airflow/example_dags/example_nested_branch_dag.py
[2024-07-09T16:51:28.429+0000] {logging_mixin.py:188} INFO - [2024-07-09T16:51:28.429+0000] {dag.py:3047} INFO - Sync 1 DAGs
[2024-07-09T16:51:28.448+0000] {logging_mixin.py:188} INFO - [2024-07-09T16:51:28.448+0000] {dag.py:3834} INFO - Setting next_dagrun for example_nested_branch_dag to 2024-07-08 00:00:00+00:00, run_after=2024-07-09 00:00:00+00:00
[2024-07-09T16:51:28.466+0000] {processor.py:183} INFO - Processing /home/airflow/.local/lib/python3.11/site-packages/airflow/example_dags/example_nested_branch_dag.py took 0.073 seconds
[2024-07-09T16:51:58.587+0000] {processor.py:161} INFO - Started process (PID=734) to work on /home/airflow/.local/lib/python3.11/site-packages/airflow/example_dags/example_nested_branch_dag.py
[2024-07-09T16:51:58.588+0000] {processor.py:830} INFO - Processing file /home/airflow/.local/lib/python3.11/site-packages/airflow/example_dags/example_nested_branch_dag.py for tasks to queue
[2024-07-09T16:51:58.589+0000] {logging_mixin.py:188} INFO - [2024-07-09T16:51:58.589+0000] {dagbag.py:540} INFO - Filling up the DagBag from /home/airflow/.local/lib/python3.11/site-packages/airflow/example_dags/example_nested_branch_dag.py
[2024-07-09T16:51:58.598+0000] {processor.py:840} INFO - DAG(s) 'example_nested_branch_dag' retrieved from /home/airflow/.local/lib/python3.11/site-packages/airflow/example_dags/example_nested_branch_dag.py
[2024-07-09T16:51:58.620+0000] {logging_mixin.py:188} INFO - [2024-07-09T16:51:58.619+0000] {dag.py:3047} INFO - Sync 1 DAGs
[2024-07-09T16:51:58.639+0000] {logging_mixin.py:188} INFO - [2024-07-09T16:51:58.639+0000] {dag.py:3834} INFO - Setting next_dagrun for example_nested_branch_dag to 2024-07-08 00:00:00+00:00, run_after=2024-07-09 00:00:00+00:00
[2024-07-09T16:51:58.656+0000] {processor.py:183} INFO - Processing /home/airflow/.local/lib/python3.11/site-packages/airflow/example_dags/example_nested_branch_dag.py took 0.072 seconds
[2024-07-09T16:52:29.592+0000] {processor.py:161} INFO - Started process (PID=987) to work on /home/airflow/.local/lib/python3.11/site-packages/airflow/example_dags/example_nested_branch_dag.py
[2024-07-09T16:52:29.593+0000] {processor.py:830} INFO - Processing file /home/airflow/.local/lib/python3.11/site-packages/airflow/example_dags/example_nested_branch_dag.py for tasks to queue
[2024-07-09T16:52:29.594+0000] {logging_mixin.py:188} INFO - [2024-07-09T16:52:29.594+0000] {dagbag.py:540} INFO - Filling up the DagBag from /home/airflow/.local/lib/python3.11/site-packages/airflow/example_dags/example_nested_branch_dag.py
[2024-07-09T16:52:29.603+0000] {processor.py:840} INFO - DAG(s) 'example_nested_branch_dag' retrieved from /home/airflow/.local/lib/python3.11/site-packages/airflow/example_dags/example_nested_branch_dag.py
[2024-07-09T16:52:29.627+0000] {logging_mixin.py:188} INFO - [2024-07-09T16:52:29.627+0000] {dag.py:3047} INFO - Sync 1 DAGs
[2024-07-09T16:52:29.651+0000] {logging_mixin.py:188} INFO - [2024-07-09T16:52:29.650+0000] {dag.py:3834} INFO - Setting next_dagrun for example_nested_branch_dag to 2024-07-08 00:00:00+00:00, run_after=2024-07-09 00:00:00+00:00
[2024-07-09T16:52:29.669+0000] {processor.py:183} INFO - Processing /home/airflow/.local/lib/python3.11/site-packages/airflow/example_dags/example_nested_branch_dag.py took 0.079 seconds
[2024-07-09T16:52:59.964+0000] {processor.py:161} INFO - Started process (PID=1244) to work on /home/airflow/.local/lib/python3.11/site-packages/airflow/example_dags/example_nested_branch_dag.py
[2024-07-09T16:52:59.966+0000] {processor.py:830} INFO - Processing file /home/airflow/.local/lib/python3.11/site-packages/airflow/example_dags/example_nested_branch_dag.py for tasks to queue
[2024-07-09T16:52:59.967+0000] {logging_mixin.py:188} INFO - [2024-07-09T16:52:59.967+0000] {dagbag.py:540} INFO - Filling up the DagBag from /home/airflow/.local/lib/python3.11/site-packages/airflow/example_dags/example_nested_branch_dag.py
[2024-07-09T16:52:59.975+0000] {processor.py:840} INFO - DAG(s) 'example_nested_branch_dag' retrieved from /home/airflow/.local/lib/python3.11/site-packages/airflow/example_dags/example_nested_branch_dag.py
[2024-07-09T16:52:59.996+0000] {logging_mixin.py:188} INFO - [2024-07-09T16:52:59.995+0000] {dag.py:3047} INFO - Sync 1 DAGs
[2024-07-09T16:53:00.141+0000] {logging_mixin.py:188} INFO - [2024-07-09T16:53:00.141+0000] {dag.py:3834} INFO - Setting next_dagrun for example_nested_branch_dag to 2024-07-08 00:00:00+00:00, run_after=2024-07-09 00:00:00+00:00
[2024-07-09T16:53:00.177+0000] {processor.py:183} INFO - Processing /home/airflow/.local/lib/python3.11/site-packages/airflow/example_dags/example_nested_branch_dag.py took 0.215 seconds
[2024-07-09T16:53:30.796+0000] {processor.py:161} INFO - Started process (PID=1506) to work on /home/airflow/.local/lib/python3.11/site-packages/airflow/example_dags/example_nested_branch_dag.py
[2024-07-09T16:53:30.797+0000] {processor.py:830} INFO - Processing file /home/airflow/.local/lib/python3.11/site-packages/airflow/example_dags/example_nested_branch_dag.py for tasks to queue
[2024-07-09T16:53:30.797+0000] {logging_mixin.py:188} INFO - [2024-07-09T16:53:30.797+0000] {dagbag.py:540} INFO - Filling up the DagBag from /home/airflow/.local/lib/python3.11/site-packages/airflow/example_dags/example_nested_branch_dag.py
[2024-07-09T16:53:30.807+0000] {processor.py:840} INFO - DAG(s) 'example_nested_branch_dag' retrieved from /home/airflow/.local/lib/python3.11/site-packages/airflow/example_dags/example_nested_branch_dag.py
[2024-07-09T16:53:30.829+0000] {logging_mixin.py:188} INFO - [2024-07-09T16:53:30.828+0000] {dag.py:3047} INFO - Sync 1 DAGs
[2024-07-09T16:53:30.849+0000] {logging_mixin.py:188} INFO - [2024-07-09T16:53:30.849+0000] {dag.py:3834} INFO - Setting next_dagrun for example_nested_branch_dag to 2024-07-08 00:00:00+00:00, run_after=2024-07-09 00:00:00+00:00
[2024-07-09T16:53:30.886+0000] {processor.py:183} INFO - Processing /home/airflow/.local/lib/python3.11/site-packages/airflow/example_dags/example_nested_branch_dag.py took 0.093 seconds
[2024-07-09T16:54:01.310+0000] {processor.py:161} INFO - Started process (PID=1768) to work on /home/airflow/.local/lib/python3.11/site-packages/airflow/example_dags/example_nested_branch_dag.py
[2024-07-09T16:54:01.311+0000] {processor.py:830} INFO - Processing file /home/airflow/.local/lib/python3.11/site-packages/airflow/example_dags/example_nested_branch_dag.py for tasks to queue
[2024-07-09T16:54:01.312+0000] {logging_mixin.py:188} INFO - [2024-07-09T16:54:01.311+0000] {dagbag.py:540} INFO - Filling up the DagBag from /home/airflow/.local/lib/python3.11/site-packages/airflow/example_dags/example_nested_branch_dag.py
[2024-07-09T16:54:01.322+0000] {processor.py:840} INFO - DAG(s) 'example_nested_branch_dag' retrieved from /home/airflow/.local/lib/python3.11/site-packages/airflow/example_dags/example_nested_branch_dag.py
[2024-07-09T16:54:01.344+0000] {logging_mixin.py:188} INFO - [2024-07-09T16:54:01.344+0000] {dag.py:3047} INFO - Sync 1 DAGs
[2024-07-09T16:54:01.364+0000] {logging_mixin.py:188} INFO - [2024-07-09T16:54:01.364+0000] {dag.py:3834} INFO - Setting next_dagrun for example_nested_branch_dag to 2024-07-08 00:00:00+00:00, run_after=2024-07-09 00:00:00+00:00
[2024-07-09T16:54:01.385+0000] {processor.py:183} INFO - Processing /home/airflow/.local/lib/python3.11/site-packages/airflow/example_dags/example_nested_branch_dag.py took 0.077 seconds
[2024-07-09T16:54:31.481+0000] {processor.py:161} INFO - Started process (PID=2030) to work on /home/airflow/.local/lib/python3.11/site-packages/airflow/example_dags/example_nested_branch_dag.py
[2024-07-09T16:54:31.482+0000] {processor.py:830} INFO - Processing file /home/airflow/.local/lib/python3.11/site-packages/airflow/example_dags/example_nested_branch_dag.py for tasks to queue
[2024-07-09T16:54:31.483+0000] {logging_mixin.py:188} INFO - [2024-07-09T16:54:31.483+0000] {dagbag.py:540} INFO - Filling up the DagBag from /home/airflow/.local/lib/python3.11/site-packages/airflow/example_dags/example_nested_branch_dag.py
[2024-07-09T16:54:31.492+0000] {processor.py:840} INFO - DAG(s) 'example_nested_branch_dag' retrieved from /home/airflow/.local/lib/python3.11/site-packages/airflow/example_dags/example_nested_branch_dag.py
[2024-07-09T16:54:31.517+0000] {logging_mixin.py:188} INFO - [2024-07-09T16:54:31.516+0000] {dag.py:3047} INFO - Sync 1 DAGs
[2024-07-09T16:54:31.536+0000] {logging_mixin.py:188} INFO - [2024-07-09T16:54:31.536+0000] {dag.py:3834} INFO - Setting next_dagrun for example_nested_branch_dag to 2024-07-08 00:00:00+00:00, run_after=2024-07-09 00:00:00+00:00
[2024-07-09T16:54:31.572+0000] {processor.py:183} INFO - Processing /home/airflow/.local/lib/python3.11/site-packages/airflow/example_dags/example_nested_branch_dag.py took 0.093 seconds
[2024-07-09T16:55:01.687+0000] {processor.py:161} INFO - Started process (PID=2292) to work on /home/airflow/.local/lib/python3.11/site-packages/airflow/example_dags/example_nested_branch_dag.py
[2024-07-09T16:55:01.688+0000] {processor.py:830} INFO - Processing file /home/airflow/.local/lib/python3.11/site-packages/airflow/example_dags/example_nested_branch_dag.py for tasks to queue
[2024-07-09T16:55:01.689+0000] {logging_mixin.py:188} INFO - [2024-07-09T16:55:01.689+0000] {dagbag.py:540} INFO - Filling up the DagBag from /home/airflow/.local/lib/python3.11/site-packages/airflow/example_dags/example_nested_branch_dag.py
[2024-07-09T16:55:01.700+0000] {processor.py:840} INFO - DAG(s) 'example_nested_branch_dag' retrieved from /home/airflow/.local/lib/python3.11/site-packages/airflow/example_dags/example_nested_branch_dag.py
[2024-07-09T16:55:01.721+0000] {logging_mixin.py:188} INFO - [2024-07-09T16:55:01.721+0000] {dag.py:3047} INFO - Sync 1 DAGs
[2024-07-09T16:55:01.742+0000] {logging_mixin.py:188} INFO - [2024-07-09T16:55:01.742+0000] {dag.py:3834} INFO - Setting next_dagrun for example_nested_branch_dag to 2024-07-08 00:00:00+00:00, run_after=2024-07-09 00:00:00+00:00
[2024-07-09T16:55:01.760+0000] {processor.py:183} INFO - Processing /home/airflow/.local/lib/python3.11/site-packages/airflow/example_dags/example_nested_branch_dag.py took 0.075 seconds
[2024-07-09T16:55:32.146+0000] {processor.py:161} INFO - Started process (PID=2554) to work on /home/airflow/.local/lib/python3.11/site-packages/airflow/example_dags/example_nested_branch_dag.py
[2024-07-09T16:55:32.147+0000] {processor.py:830} INFO - Processing file /home/airflow/.local/lib/python3.11/site-packages/airflow/example_dags/example_nested_branch_dag.py for tasks to queue
[2024-07-09T16:55:32.148+0000] {logging_mixin.py:188} INFO - [2024-07-09T16:55:32.148+0000] {dagbag.py:540} INFO - Filling up the DagBag from /home/airflow/.local/lib/python3.11/site-packages/airflow/example_dags/example_nested_branch_dag.py
[2024-07-09T16:55:32.159+0000] {processor.py:840} INFO - DAG(s) 'example_nested_branch_dag' retrieved from /home/airflow/.local/lib/python3.11/site-packages/airflow/example_dags/example_nested_branch_dag.py
[2024-07-09T16:55:32.182+0000] {logging_mixin.py:188} INFO - [2024-07-09T16:55:32.181+0000] {dag.py:3047} INFO - Sync 1 DAGs
[2024-07-09T16:55:32.203+0000] {logging_mixin.py:188} INFO - [2024-07-09T16:55:32.202+0000] {dag.py:3834} INFO - Setting next_dagrun for example_nested_branch_dag to 2024-07-08 00:00:00+00:00, run_after=2024-07-09 00:00:00+00:00
[2024-07-09T16:55:32.239+0000] {processor.py:183} INFO - Processing /home/airflow/.local/lib/python3.11/site-packages/airflow/example_dags/example_nested_branch_dag.py took 0.095 seconds
[2024-07-09T16:56:02.324+0000] {processor.py:161} INFO - Started process (PID=2816) to work on /home/airflow/.local/lib/python3.11/site-packages/airflow/example_dags/example_nested_branch_dag.py
[2024-07-09T16:56:02.324+0000] {processor.py:830} INFO - Processing file /home/airflow/.local/lib/python3.11/site-packages/airflow/example_dags/example_nested_branch_dag.py for tasks to queue
[2024-07-09T16:56:02.325+0000] {logging_mixin.py:188} INFO - [2024-07-09T16:56:02.325+0000] {dagbag.py:540} INFO - Filling up the DagBag from /home/airflow/.local/lib/python3.11/site-packages/airflow/example_dags/example_nested_branch_dag.py
[2024-07-09T16:56:02.336+0000] {processor.py:840} INFO - DAG(s) 'example_nested_branch_dag' retrieved from /home/airflow/.local/lib/python3.11/site-packages/airflow/example_dags/example_nested_branch_dag.py
[2024-07-09T16:56:02.357+0000] {logging_mixin.py:188} INFO - [2024-07-09T16:56:02.357+0000] {dag.py:3047} INFO - Sync 1 DAGs
[2024-07-09T16:56:02.378+0000] {logging_mixin.py:188} INFO - [2024-07-09T16:56:02.378+0000] {dag.py:3834} INFO - Setting next_dagrun for example_nested_branch_dag to 2024-07-08 00:00:00+00:00, run_after=2024-07-09 00:00:00+00:00
[2024-07-09T16:56:02.413+0000] {processor.py:183} INFO - Processing /home/airflow/.local/lib/python3.11/site-packages/airflow/example_dags/example_nested_branch_dag.py took 0.092 seconds
[2024-07-09T16:56:32.532+0000] {processor.py:161} INFO - Started process (PID=3078) to work on /home/airflow/.local/lib/python3.11/site-packages/airflow/example_dags/example_nested_branch_dag.py
[2024-07-09T16:56:32.533+0000] {processor.py:830} INFO - Processing file /home/airflow/.local/lib/python3.11/site-packages/airflow/example_dags/example_nested_branch_dag.py for tasks to queue
[2024-07-09T16:56:32.534+0000] {logging_mixin.py:188} INFO - [2024-07-09T16:56:32.533+0000] {dagbag.py:540} INFO - Filling up the DagBag from /home/airflow/.local/lib/python3.11/site-packages/airflow/example_dags/example_nested_branch_dag.py
[2024-07-09T16:56:32.544+0000] {processor.py:840} INFO - DAG(s) 'example_nested_branch_dag' retrieved from /home/airflow/.local/lib/python3.11/site-packages/airflow/example_dags/example_nested_branch_dag.py
[2024-07-09T16:56:32.567+0000] {logging_mixin.py:188} INFO - [2024-07-09T16:56:32.566+0000] {dag.py:3047} INFO - Sync 1 DAGs
[2024-07-09T16:56:32.586+0000] {logging_mixin.py:188} INFO - [2024-07-09T16:56:32.585+0000] {dag.py:3834} INFO - Setting next_dagrun for example_nested_branch_dag to 2024-07-08 00:00:00+00:00, run_after=2024-07-09 00:00:00+00:00
[2024-07-09T16:56:32.620+0000] {processor.py:183} INFO - Processing /home/airflow/.local/lib/python3.11/site-packages/airflow/example_dags/example_nested_branch_dag.py took 0.090 seconds
[2024-07-09T16:57:02.805+0000] {processor.py:161} INFO - Started process (PID=3340) to work on /home/airflow/.local/lib/python3.11/site-packages/airflow/example_dags/example_nested_branch_dag.py
[2024-07-09T16:57:02.806+0000] {processor.py:830} INFO - Processing file /home/airflow/.local/lib/python3.11/site-packages/airflow/example_dags/example_nested_branch_dag.py for tasks to queue
[2024-07-09T16:57:02.806+0000] {logging_mixin.py:188} INFO - [2024-07-09T16:57:02.806+0000] {dagbag.py:540} INFO - Filling up the DagBag from /home/airflow/.local/lib/python3.11/site-packages/airflow/example_dags/example_nested_branch_dag.py
[2024-07-09T16:57:02.816+0000] {processor.py:840} INFO - DAG(s) 'example_nested_branch_dag' retrieved from /home/airflow/.local/lib/python3.11/site-packages/airflow/example_dags/example_nested_branch_dag.py
[2024-07-09T16:57:02.840+0000] {logging_mixin.py:188} INFO - [2024-07-09T16:57:02.839+0000] {dag.py:3047} INFO - Sync 1 DAGs
[2024-07-09T16:57:02.860+0000] {logging_mixin.py:188} INFO - [2024-07-09T16:57:02.860+0000] {dag.py:3834} INFO - Setting next_dagrun for example_nested_branch_dag to 2024-07-08 00:00:00+00:00, run_after=2024-07-09 00:00:00+00:00
[2024-07-09T16:57:02.895+0000] {processor.py:183} INFO - Processing /home/airflow/.local/lib/python3.11/site-packages/airflow/example_dags/example_nested_branch_dag.py took 0.093 seconds
[2024-07-09T16:57:33.337+0000] {processor.py:161} INFO - Started process (PID=3602) to work on /home/airflow/.local/lib/python3.11/site-packages/airflow/example_dags/example_nested_branch_dag.py
[2024-07-09T16:57:33.338+0000] {processor.py:830} INFO - Processing file /home/airflow/.local/lib/python3.11/site-packages/airflow/example_dags/example_nested_branch_dag.py for tasks to queue
[2024-07-09T16:57:33.339+0000] {logging_mixin.py:188} INFO - [2024-07-09T16:57:33.339+0000] {dagbag.py:540} INFO - Filling up the DagBag from /home/airflow/.local/lib/python3.11/site-packages/airflow/example_dags/example_nested_branch_dag.py
[2024-07-09T16:57:33.361+0000] {processor.py:840} INFO - DAG(s) 'example_nested_branch_dag' retrieved from /home/airflow/.local/lib/python3.11/site-packages/airflow/example_dags/example_nested_branch_dag.py
[2024-07-09T16:57:33.386+0000] {logging_mixin.py:188} INFO - [2024-07-09T16:57:33.386+0000] {dag.py:3047} INFO - Sync 1 DAGs
[2024-07-09T16:57:33.409+0000] {logging_mixin.py:188} INFO - [2024-07-09T16:57:33.409+0000] {dag.py:3834} INFO - Setting next_dagrun for example_nested_branch_dag to 2024-07-08 00:00:00+00:00, run_after=2024-07-09 00:00:00+00:00
[2024-07-09T16:57:33.426+0000] {processor.py:183} INFO - Processing /home/airflow/.local/lib/python3.11/site-packages/airflow/example_dags/example_nested_branch_dag.py took 0.094 seconds
[2024-07-09T16:58:03.513+0000] {processor.py:161} INFO - Started process (PID=3864) to work on /home/airflow/.local/lib/python3.11/site-packages/airflow/example_dags/example_nested_branch_dag.py
[2024-07-09T16:58:03.514+0000] {processor.py:830} INFO - Processing file /home/airflow/.local/lib/python3.11/site-packages/airflow/example_dags/example_nested_branch_dag.py for tasks to queue
[2024-07-09T16:58:03.515+0000] {logging_mixin.py:188} INFO - [2024-07-09T16:58:03.515+0000] {dagbag.py:540} INFO - Filling up the DagBag from /home/airflow/.local/lib/python3.11/site-packages/airflow/example_dags/example_nested_branch_dag.py
[2024-07-09T16:58:03.526+0000] {processor.py:840} INFO - DAG(s) 'example_nested_branch_dag' retrieved from /home/airflow/.local/lib/python3.11/site-packages/airflow/example_dags/example_nested_branch_dag.py
[2024-07-09T16:58:03.550+0000] {logging_mixin.py:188} INFO - [2024-07-09T16:58:03.550+0000] {dag.py:3047} INFO - Sync 1 DAGs
[2024-07-09T16:58:03.573+0000] {logging_mixin.py:188} INFO - [2024-07-09T16:58:03.572+0000] {dag.py:3834} INFO - Setting next_dagrun for example_nested_branch_dag to 2024-07-08 00:00:00+00:00, run_after=2024-07-09 00:00:00+00:00
[2024-07-09T16:58:03.605+0000] {processor.py:183} INFO - Processing /home/airflow/.local/lib/python3.11/site-packages/airflow/example_dags/example_nested_branch_dag.py took 0.095 seconds
[2024-07-09T16:58:34.015+0000] {processor.py:161} INFO - Started process (PID=4126) to work on /home/airflow/.local/lib/python3.11/site-packages/airflow/example_dags/example_nested_branch_dag.py
[2024-07-09T16:58:34.016+0000] {processor.py:830} INFO - Processing file /home/airflow/.local/lib/python3.11/site-packages/airflow/example_dags/example_nested_branch_dag.py for tasks to queue
[2024-07-09T16:58:34.017+0000] {logging_mixin.py:188} INFO - [2024-07-09T16:58:34.017+0000] {dagbag.py:540} INFO - Filling up the DagBag from /home/airflow/.local/lib/python3.11/site-packages/airflow/example_dags/example_nested_branch_dag.py
[2024-07-09T16:58:34.027+0000] {processor.py:840} INFO - DAG(s) 'example_nested_branch_dag' retrieved from /home/airflow/.local/lib/python3.11/site-packages/airflow/example_dags/example_nested_branch_dag.py
[2024-07-09T16:58:34.049+0000] {logging_mixin.py:188} INFO - [2024-07-09T16:58:34.049+0000] {dag.py:3047} INFO - Sync 1 DAGs
[2024-07-09T16:58:34.070+0000] {logging_mixin.py:188} INFO - [2024-07-09T16:58:34.069+0000] {dag.py:3834} INFO - Setting next_dagrun for example_nested_branch_dag to 2024-07-08 00:00:00+00:00, run_after=2024-07-09 00:00:00+00:00
[2024-07-09T16:58:34.107+0000] {processor.py:183} INFO - Processing /home/airflow/.local/lib/python3.11/site-packages/airflow/example_dags/example_nested_branch_dag.py took 0.094 seconds
[2024-07-09T16:59:04.699+0000] {processor.py:161} INFO - Started process (PID=4388) to work on /home/airflow/.local/lib/python3.11/site-packages/airflow/example_dags/example_nested_branch_dag.py
[2024-07-09T16:59:04.701+0000] {processor.py:830} INFO - Processing file /home/airflow/.local/lib/python3.11/site-packages/airflow/example_dags/example_nested_branch_dag.py for tasks to queue
[2024-07-09T16:59:04.702+0000] {logging_mixin.py:188} INFO - [2024-07-09T16:59:04.701+0000] {dagbag.py:540} INFO - Filling up the DagBag from /home/airflow/.local/lib/python3.11/site-packages/airflow/example_dags/example_nested_branch_dag.py
[2024-07-09T16:59:04.719+0000] {processor.py:840} INFO - DAG(s) 'example_nested_branch_dag' retrieved from /home/airflow/.local/lib/python3.11/site-packages/airflow/example_dags/example_nested_branch_dag.py
[2024-07-09T16:59:04.746+0000] {logging_mixin.py:188} INFO - [2024-07-09T16:59:04.745+0000] {dag.py:3047} INFO - Sync 1 DAGs
[2024-07-09T16:59:04.769+0000] {logging_mixin.py:188} INFO - [2024-07-09T16:59:04.769+0000] {dag.py:3834} INFO - Setting next_dagrun for example_nested_branch_dag to 2024-07-08 00:00:00+00:00, run_after=2024-07-09 00:00:00+00:00
[2024-07-09T16:59:04.810+0000] {processor.py:183} INFO - Processing /home/airflow/.local/lib/python3.11/site-packages/airflow/example_dags/example_nested_branch_dag.py took 0.113 seconds
[2024-07-09T16:59:35.843+0000] {processor.py:161} INFO - Started process (PID=4650) to work on /home/airflow/.local/lib/python3.11/site-packages/airflow/example_dags/example_nested_branch_dag.py
[2024-07-09T16:59:35.844+0000] {processor.py:830} INFO - Processing file /home/airflow/.local/lib/python3.11/site-packages/airflow/example_dags/example_nested_branch_dag.py for tasks to queue
[2024-07-09T16:59:35.845+0000] {logging_mixin.py:188} INFO - [2024-07-09T16:59:35.845+0000] {dagbag.py:540} INFO - Filling up the DagBag from /home/airflow/.local/lib/python3.11/site-packages/airflow/example_dags/example_nested_branch_dag.py
[2024-07-09T16:59:35.856+0000] {processor.py:840} INFO - DAG(s) 'example_nested_branch_dag' retrieved from /home/airflow/.local/lib/python3.11/site-packages/airflow/example_dags/example_nested_branch_dag.py
[2024-07-09T16:59:35.881+0000] {logging_mixin.py:188} INFO - [2024-07-09T16:59:35.880+0000] {dag.py:3047} INFO - Sync 1 DAGs
[2024-07-09T16:59:35.905+0000] {logging_mixin.py:188} INFO - [2024-07-09T16:59:35.904+0000] {dag.py:3834} INFO - Setting next_dagrun for example_nested_branch_dag to 2024-07-08 00:00:00+00:00, run_after=2024-07-09 00:00:00+00:00
[2024-07-09T16:59:35.923+0000] {processor.py:183} INFO - Processing /home/airflow/.local/lib/python3.11/site-packages/airflow/example_dags/example_nested_branch_dag.py took 0.083 seconds
[2024-07-09T17:00:06.509+0000] {processor.py:161} INFO - Started process (PID=4912) to work on /home/airflow/.local/lib/python3.11/site-packages/airflow/example_dags/example_nested_branch_dag.py
[2024-07-09T17:00:06.511+0000] {processor.py:830} INFO - Processing file /home/airflow/.local/lib/python3.11/site-packages/airflow/example_dags/example_nested_branch_dag.py for tasks to queue
[2024-07-09T17:00:06.512+0000] {logging_mixin.py:188} INFO - [2024-07-09T17:00:06.512+0000] {dagbag.py:540} INFO - Filling up the DagBag from /home/airflow/.local/lib/python3.11/site-packages/airflow/example_dags/example_nested_branch_dag.py
[2024-07-09T17:00:06.524+0000] {processor.py:840} INFO - DAG(s) 'example_nested_branch_dag' retrieved from /home/airflow/.local/lib/python3.11/site-packages/airflow/example_dags/example_nested_branch_dag.py
[2024-07-09T17:00:06.545+0000] {logging_mixin.py:188} INFO - [2024-07-09T17:00:06.545+0000] {dag.py:3047} INFO - Sync 1 DAGs
[2024-07-09T17:00:06.564+0000] {logging_mixin.py:188} INFO - [2024-07-09T17:00:06.564+0000] {dag.py:3834} INFO - Setting next_dagrun for example_nested_branch_dag to 2024-07-08 00:00:00+00:00, run_after=2024-07-09 00:00:00+00:00
[2024-07-09T17:00:06.583+0000] {processor.py:183} INFO - Processing /home/airflow/.local/lib/python3.11/site-packages/airflow/example_dags/example_nested_branch_dag.py took 0.076 seconds
[2024-07-09T17:00:37.095+0000] {processor.py:161} INFO - Started process (PID=5174) to work on /home/airflow/.local/lib/python3.11/site-packages/airflow/example_dags/example_nested_branch_dag.py
[2024-07-09T17:00:37.096+0000] {processor.py:830} INFO - Processing file /home/airflow/.local/lib/python3.11/site-packages/airflow/example_dags/example_nested_branch_dag.py for tasks to queue
[2024-07-09T17:00:37.097+0000] {logging_mixin.py:188} INFO - [2024-07-09T17:00:37.097+0000] {dagbag.py:540} INFO - Filling up the DagBag from /home/airflow/.local/lib/python3.11/site-packages/airflow/example_dags/example_nested_branch_dag.py
[2024-07-09T17:00:37.110+0000] {processor.py:840} INFO - DAG(s) 'example_nested_branch_dag' retrieved from /home/airflow/.local/lib/python3.11/site-packages/airflow/example_dags/example_nested_branch_dag.py
[2024-07-09T17:00:37.141+0000] {logging_mixin.py:188} INFO - [2024-07-09T17:00:37.141+0000] {dag.py:3047} INFO - Sync 1 DAGs
[2024-07-09T17:00:37.162+0000] {logging_mixin.py:188} INFO - [2024-07-09T17:00:37.162+0000] {dag.py:3834} INFO - Setting next_dagrun for example_nested_branch_dag to 2024-07-08 00:00:00+00:00, run_after=2024-07-09 00:00:00+00:00
[2024-07-09T17:00:37.182+0000] {processor.py:183} INFO - Processing /home/airflow/.local/lib/python3.11/site-packages/airflow/example_dags/example_nested_branch_dag.py took 0.091 seconds
[2024-07-09T17:01:08.071+0000] {processor.py:161} INFO - Started process (PID=5436) to work on /home/airflow/.local/lib/python3.11/site-packages/airflow/example_dags/example_nested_branch_dag.py
[2024-07-09T17:01:08.073+0000] {processor.py:830} INFO - Processing file /home/airflow/.local/lib/python3.11/site-packages/airflow/example_dags/example_nested_branch_dag.py for tasks to queue
[2024-07-09T17:01:08.074+0000] {logging_mixin.py:188} INFO - [2024-07-09T17:01:08.073+0000] {dagbag.py:540} INFO - Filling up the DagBag from /home/airflow/.local/lib/python3.11/site-packages/airflow/example_dags/example_nested_branch_dag.py
[2024-07-09T17:01:08.084+0000] {processor.py:840} INFO - DAG(s) 'example_nested_branch_dag' retrieved from /home/airflow/.local/lib/python3.11/site-packages/airflow/example_dags/example_nested_branch_dag.py
[2024-07-09T17:01:08.109+0000] {logging_mixin.py:188} INFO - [2024-07-09T17:01:08.108+0000] {dag.py:3047} INFO - Sync 1 DAGs
[2024-07-09T17:01:08.136+0000] {logging_mixin.py:188} INFO - [2024-07-09T17:01:08.136+0000] {dag.py:3834} INFO - Setting next_dagrun for example_nested_branch_dag to 2024-07-08 00:00:00+00:00, run_after=2024-07-09 00:00:00+00:00
[2024-07-09T17:01:08.158+0000] {processor.py:183} INFO - Processing /home/airflow/.local/lib/python3.11/site-packages/airflow/example_dags/example_nested_branch_dag.py took 0.089 seconds
[2024-07-09T17:01:38.280+0000] {processor.py:161} INFO - Started process (PID=5698) to work on /home/airflow/.local/lib/python3.11/site-packages/airflow/example_dags/example_nested_branch_dag.py
[2024-07-09T17:01:38.281+0000] {processor.py:830} INFO - Processing file /home/airflow/.local/lib/python3.11/site-packages/airflow/example_dags/example_nested_branch_dag.py for tasks to queue
[2024-07-09T17:01:38.282+0000] {logging_mixin.py:188} INFO - [2024-07-09T17:01:38.282+0000] {dagbag.py:540} INFO - Filling up the DagBag from /home/airflow/.local/lib/python3.11/site-packages/airflow/example_dags/example_nested_branch_dag.py
[2024-07-09T17:01:38.293+0000] {processor.py:840} INFO - DAG(s) 'example_nested_branch_dag' retrieved from /home/airflow/.local/lib/python3.11/site-packages/airflow/example_dags/example_nested_branch_dag.py
[2024-07-09T17:01:38.317+0000] {logging_mixin.py:188} INFO - [2024-07-09T17:01:38.317+0000] {dag.py:3047} INFO - Sync 1 DAGs
[2024-07-09T17:01:38.341+0000] {logging_mixin.py:188} INFO - [2024-07-09T17:01:38.341+0000] {dag.py:3834} INFO - Setting next_dagrun for example_nested_branch_dag to 2024-07-08 00:00:00+00:00, run_after=2024-07-09 00:00:00+00:00
[2024-07-09T17:01:38.361+0000] {processor.py:183} INFO - Processing /home/airflow/.local/lib/python3.11/site-packages/airflow/example_dags/example_nested_branch_dag.py took 0.084 seconds
[2024-07-09T17:02:08.449+0000] {processor.py:161} INFO - Started process (PID=5960) to work on /home/airflow/.local/lib/python3.11/site-packages/airflow/example_dags/example_nested_branch_dag.py
[2024-07-09T17:02:08.450+0000] {processor.py:830} INFO - Processing file /home/airflow/.local/lib/python3.11/site-packages/airflow/example_dags/example_nested_branch_dag.py for tasks to queue
[2024-07-09T17:02:08.451+0000] {logging_mixin.py:188} INFO - [2024-07-09T17:02:08.451+0000] {dagbag.py:540} INFO - Filling up the DagBag from /home/airflow/.local/lib/python3.11/site-packages/airflow/example_dags/example_nested_branch_dag.py
[2024-07-09T17:02:08.461+0000] {processor.py:840} INFO - DAG(s) 'example_nested_branch_dag' retrieved from /home/airflow/.local/lib/python3.11/site-packages/airflow/example_dags/example_nested_branch_dag.py
[2024-07-09T17:02:08.484+0000] {logging_mixin.py:188} INFO - [2024-07-09T17:02:08.484+0000] {dag.py:3047} INFO - Sync 1 DAGs
[2024-07-09T17:02:08.506+0000] {logging_mixin.py:188} INFO - [2024-07-09T17:02:08.506+0000] {dag.py:3834} INFO - Setting next_dagrun for example_nested_branch_dag to 2024-07-08 00:00:00+00:00, run_after=2024-07-09 00:00:00+00:00
[2024-07-09T17:02:08.540+0000] {processor.py:183} INFO - Processing /home/airflow/.local/lib/python3.11/site-packages/airflow/example_dags/example_nested_branch_dag.py took 0.093 seconds
[2024-07-09T17:02:39.326+0000] {processor.py:161} INFO - Started process (PID=6222) to work on /home/airflow/.local/lib/python3.11/site-packages/airflow/example_dags/example_nested_branch_dag.py
[2024-07-09T17:02:39.328+0000] {processor.py:830} INFO - Processing file /home/airflow/.local/lib/python3.11/site-packages/airflow/example_dags/example_nested_branch_dag.py for tasks to queue
[2024-07-09T17:02:39.329+0000] {logging_mixin.py:188} INFO - [2024-07-09T17:02:39.328+0000] {dagbag.py:540} INFO - Filling up the DagBag from /home/airflow/.local/lib/python3.11/site-packages/airflow/example_dags/example_nested_branch_dag.py
[2024-07-09T17:02:39.339+0000] {processor.py:840} INFO - DAG(s) 'example_nested_branch_dag' retrieved from /home/airflow/.local/lib/python3.11/site-packages/airflow/example_dags/example_nested_branch_dag.py
[2024-07-09T17:02:39.362+0000] {logging_mixin.py:188} INFO - [2024-07-09T17:02:39.362+0000] {dag.py:3047} INFO - Sync 1 DAGs
[2024-07-09T17:02:39.380+0000] {logging_mixin.py:188} INFO - [2024-07-09T17:02:39.380+0000] {dag.py:3834} INFO - Setting next_dagrun for example_nested_branch_dag to 2024-07-08 00:00:00+00:00, run_after=2024-07-09 00:00:00+00:00
[2024-07-09T17:02:39.398+0000] {processor.py:183} INFO - Processing /home/airflow/.local/lib/python3.11/site-packages/airflow/example_dags/example_nested_branch_dag.py took 0.074 seconds
[2024-07-09T17:03:09.588+0000] {processor.py:161} INFO - Started process (PID=6484) to work on /home/airflow/.local/lib/python3.11/site-packages/airflow/example_dags/example_nested_branch_dag.py
[2024-07-09T17:03:09.590+0000] {processor.py:830} INFO - Processing file /home/airflow/.local/lib/python3.11/site-packages/airflow/example_dags/example_nested_branch_dag.py for tasks to queue
[2024-07-09T17:03:09.590+0000] {logging_mixin.py:188} INFO - [2024-07-09T17:03:09.590+0000] {dagbag.py:540} INFO - Filling up the DagBag from /home/airflow/.local/lib/python3.11/site-packages/airflow/example_dags/example_nested_branch_dag.py
[2024-07-09T17:03:09.599+0000] {processor.py:840} INFO - DAG(s) 'example_nested_branch_dag' retrieved from /home/airflow/.local/lib/python3.11/site-packages/airflow/example_dags/example_nested_branch_dag.py
[2024-07-09T17:03:09.624+0000] {logging_mixin.py:188} INFO - [2024-07-09T17:03:09.624+0000] {dag.py:3047} INFO - Sync 1 DAGs
[2024-07-09T17:03:09.645+0000] {logging_mixin.py:188} INFO - [2024-07-09T17:03:09.645+0000] {dag.py:3834} INFO - Setting next_dagrun for example_nested_branch_dag to 2024-07-08 00:00:00+00:00, run_after=2024-07-09 00:00:00+00:00
[2024-07-09T17:03:09.668+0000] {processor.py:183} INFO - Processing /home/airflow/.local/lib/python3.11/site-packages/airflow/example_dags/example_nested_branch_dag.py took 0.082 seconds
[2024-07-09T17:03:40.508+0000] {processor.py:161} INFO - Started process (PID=6746) to work on /home/airflow/.local/lib/python3.11/site-packages/airflow/example_dags/example_nested_branch_dag.py
[2024-07-09T17:03:40.509+0000] {processor.py:830} INFO - Processing file /home/airflow/.local/lib/python3.11/site-packages/airflow/example_dags/example_nested_branch_dag.py for tasks to queue
[2024-07-09T17:03:40.510+0000] {logging_mixin.py:188} INFO - [2024-07-09T17:03:40.510+0000] {dagbag.py:540} INFO - Filling up the DagBag from /home/airflow/.local/lib/python3.11/site-packages/airflow/example_dags/example_nested_branch_dag.py
[2024-07-09T17:03:40.520+0000] {processor.py:840} INFO - DAG(s) 'example_nested_branch_dag' retrieved from /home/airflow/.local/lib/python3.11/site-packages/airflow/example_dags/example_nested_branch_dag.py
[2024-07-09T17:03:40.543+0000] {logging_mixin.py:188} INFO - [2024-07-09T17:03:40.543+0000] {dag.py:3047} INFO - Sync 1 DAGs
[2024-07-09T17:03:40.564+0000] {logging_mixin.py:188} INFO - [2024-07-09T17:03:40.564+0000] {dag.py:3834} INFO - Setting next_dagrun for example_nested_branch_dag to 2024-07-08 00:00:00+00:00, run_after=2024-07-09 00:00:00+00:00
[2024-07-09T17:03:40.598+0000] {processor.py:183} INFO - Processing /home/airflow/.local/lib/python3.11/site-packages/airflow/example_dags/example_nested_branch_dag.py took 0.093 seconds
[2024-07-09T17:04:11.200+0000] {processor.py:161} INFO - Started process (PID=7008) to work on /home/airflow/.local/lib/python3.11/site-packages/airflow/example_dags/example_nested_branch_dag.py
[2024-07-09T17:04:11.201+0000] {processor.py:830} INFO - Processing file /home/airflow/.local/lib/python3.11/site-packages/airflow/example_dags/example_nested_branch_dag.py for tasks to queue
[2024-07-09T17:04:11.202+0000] {logging_mixin.py:188} INFO - [2024-07-09T17:04:11.202+0000] {dagbag.py:540} INFO - Filling up the DagBag from /home/airflow/.local/lib/python3.11/site-packages/airflow/example_dags/example_nested_branch_dag.py
[2024-07-09T17:04:11.210+0000] {processor.py:840} INFO - DAG(s) 'example_nested_branch_dag' retrieved from /home/airflow/.local/lib/python3.11/site-packages/airflow/example_dags/example_nested_branch_dag.py
[2024-07-09T17:04:11.231+0000] {logging_mixin.py:188} INFO - [2024-07-09T17:04:11.231+0000] {dag.py:3047} INFO - Sync 1 DAGs
[2024-07-09T17:04:11.252+0000] {logging_mixin.py:188} INFO - [2024-07-09T17:04:11.252+0000] {dag.py:3834} INFO - Setting next_dagrun for example_nested_branch_dag to 2024-07-08 00:00:00+00:00, run_after=2024-07-09 00:00:00+00:00
[2024-07-09T17:04:11.305+0000] {processor.py:183} INFO - Processing /home/airflow/.local/lib/python3.11/site-packages/airflow/example_dags/example_nested_branch_dag.py took 0.108 seconds
[2024-07-09T17:04:41.543+0000] {processor.py:161} INFO - Started process (PID=7270) to work on /home/airflow/.local/lib/python3.11/site-packages/airflow/example_dags/example_nested_branch_dag.py
[2024-07-09T17:04:41.545+0000] {processor.py:830} INFO - Processing file /home/airflow/.local/lib/python3.11/site-packages/airflow/example_dags/example_nested_branch_dag.py for tasks to queue
[2024-07-09T17:04:41.546+0000] {logging_mixin.py:188} INFO - [2024-07-09T17:04:41.546+0000] {dagbag.py:540} INFO - Filling up the DagBag from /home/airflow/.local/lib/python3.11/site-packages/airflow/example_dags/example_nested_branch_dag.py
[2024-07-09T17:04:41.560+0000] {processor.py:840} INFO - DAG(s) 'example_nested_branch_dag' retrieved from /home/airflow/.local/lib/python3.11/site-packages/airflow/example_dags/example_nested_branch_dag.py
[2024-07-09T17:04:41.585+0000] {logging_mixin.py:188} INFO - [2024-07-09T17:04:41.585+0000] {dag.py:3047} INFO - Sync 1 DAGs
[2024-07-09T17:04:41.610+0000] {logging_mixin.py:188} INFO - [2024-07-09T17:04:41.610+0000] {dag.py:3834} INFO - Setting next_dagrun for example_nested_branch_dag to 2024-07-08 00:00:00+00:00, run_after=2024-07-09 00:00:00+00:00
[2024-07-09T17:04:41.651+0000] {processor.py:183} INFO - Processing /home/airflow/.local/lib/python3.11/site-packages/airflow/example_dags/example_nested_branch_dag.py took 0.112 seconds
[2024-07-09T17:05:11.984+0000] {processor.py:161} INFO - Started process (PID=7566) to work on /home/airflow/.local/lib/python3.11/site-packages/airflow/example_dags/example_nested_branch_dag.py
[2024-07-09T17:05:11.985+0000] {processor.py:830} INFO - Processing file /home/airflow/.local/lib/python3.11/site-packages/airflow/example_dags/example_nested_branch_dag.py for tasks to queue
[2024-07-09T17:05:11.985+0000] {logging_mixin.py:188} INFO - [2024-07-09T17:05:11.985+0000] {dagbag.py:540} INFO - Filling up the DagBag from /home/airflow/.local/lib/python3.11/site-packages/airflow/example_dags/example_nested_branch_dag.py
[2024-07-09T17:05:11.996+0000] {processor.py:840} INFO - DAG(s) 'example_nested_branch_dag' retrieved from /home/airflow/.local/lib/python3.11/site-packages/airflow/example_dags/example_nested_branch_dag.py
[2024-07-09T17:05:12.022+0000] {logging_mixin.py:188} INFO - [2024-07-09T17:05:12.022+0000] {dag.py:3047} INFO - Sync 1 DAGs
[2024-07-09T17:05:12.044+0000] {logging_mixin.py:188} INFO - [2024-07-09T17:05:12.043+0000] {dag.py:3834} INFO - Setting next_dagrun for example_nested_branch_dag to 2024-07-08 00:00:00+00:00, run_after=2024-07-09 00:00:00+00:00
[2024-07-09T17:05:12.084+0000] {processor.py:183} INFO - Processing /home/airflow/.local/lib/python3.11/site-packages/airflow/example_dags/example_nested_branch_dag.py took 0.102 seconds
[2024-07-09T17:05:42.701+0000] {processor.py:161} INFO - Started process (PID=7828) to work on /home/airflow/.local/lib/python3.11/site-packages/airflow/example_dags/example_nested_branch_dag.py
[2024-07-09T17:05:42.702+0000] {processor.py:830} INFO - Processing file /home/airflow/.local/lib/python3.11/site-packages/airflow/example_dags/example_nested_branch_dag.py for tasks to queue
[2024-07-09T17:05:42.703+0000] {logging_mixin.py:188} INFO - [2024-07-09T17:05:42.702+0000] {dagbag.py:540} INFO - Filling up the DagBag from /home/airflow/.local/lib/python3.11/site-packages/airflow/example_dags/example_nested_branch_dag.py
[2024-07-09T17:05:42.715+0000] {processor.py:840} INFO - DAG(s) 'example_nested_branch_dag' retrieved from /home/airflow/.local/lib/python3.11/site-packages/airflow/example_dags/example_nested_branch_dag.py
[2024-07-09T17:05:42.748+0000] {logging_mixin.py:188} INFO - [2024-07-09T17:05:42.748+0000] {dag.py:3047} INFO - Sync 1 DAGs
[2024-07-09T17:05:42.775+0000] {logging_mixin.py:188} INFO - [2024-07-09T17:05:42.775+0000] {dag.py:3834} INFO - Setting next_dagrun for example_nested_branch_dag to 2024-07-08 00:00:00+00:00, run_after=2024-07-09 00:00:00+00:00
[2024-07-09T17:05:42.793+0000] {processor.py:183} INFO - Processing /home/airflow/.local/lib/python3.11/site-packages/airflow/example_dags/example_nested_branch_dag.py took 0.095 seconds
[2024-07-09T17:06:13.545+0000] {processor.py:161} INFO - Started process (PID=8090) to work on /home/airflow/.local/lib/python3.11/site-packages/airflow/example_dags/example_nested_branch_dag.py
[2024-07-09T17:06:13.546+0000] {processor.py:830} INFO - Processing file /home/airflow/.local/lib/python3.11/site-packages/airflow/example_dags/example_nested_branch_dag.py for tasks to queue
[2024-07-09T17:06:13.547+0000] {logging_mixin.py:188} INFO - [2024-07-09T17:06:13.547+0000] {dagbag.py:540} INFO - Filling up the DagBag from /home/airflow/.local/lib/python3.11/site-packages/airflow/example_dags/example_nested_branch_dag.py
[2024-07-09T17:06:13.558+0000] {processor.py:840} INFO - DAG(s) 'example_nested_branch_dag' retrieved from /home/airflow/.local/lib/python3.11/site-packages/airflow/example_dags/example_nested_branch_dag.py
[2024-07-09T17:06:13.582+0000] {logging_mixin.py:188} INFO - [2024-07-09T17:06:13.581+0000] {dag.py:3047} INFO - Sync 1 DAGs
[2024-07-09T17:06:13.602+0000] {logging_mixin.py:188} INFO - [2024-07-09T17:06:13.602+0000] {dag.py:3834} INFO - Setting next_dagrun for example_nested_branch_dag to 2024-07-08 00:00:00+00:00, run_after=2024-07-09 00:00:00+00:00
[2024-07-09T17:06:13.639+0000] {processor.py:183} INFO - Processing /home/airflow/.local/lib/python3.11/site-packages/airflow/example_dags/example_nested_branch_dag.py took 0.107 seconds
[2024-07-09T17:06:43.825+0000] {processor.py:161} INFO - Started process (PID=8352) to work on /home/airflow/.local/lib/python3.11/site-packages/airflow/example_dags/example_nested_branch_dag.py
[2024-07-09T17:06:43.826+0000] {processor.py:830} INFO - Processing file /home/airflow/.local/lib/python3.11/site-packages/airflow/example_dags/example_nested_branch_dag.py for tasks to queue
[2024-07-09T17:06:43.828+0000] {logging_mixin.py:188} INFO - [2024-07-09T17:06:43.827+0000] {dagbag.py:540} INFO - Filling up the DagBag from /home/airflow/.local/lib/python3.11/site-packages/airflow/example_dags/example_nested_branch_dag.py
[2024-07-09T17:06:43.838+0000] {processor.py:840} INFO - DAG(s) 'example_nested_branch_dag' retrieved from /home/airflow/.local/lib/python3.11/site-packages/airflow/example_dags/example_nested_branch_dag.py
[2024-07-09T17:06:43.863+0000] {logging_mixin.py:188} INFO - [2024-07-09T17:06:43.862+0000] {dag.py:3047} INFO - Sync 1 DAGs
[2024-07-09T17:06:43.883+0000] {logging_mixin.py:188} INFO - [2024-07-09T17:06:43.883+0000] {dag.py:3834} INFO - Setting next_dagrun for example_nested_branch_dag to 2024-07-08 00:00:00+00:00, run_after=2024-07-09 00:00:00+00:00
[2024-07-09T17:06:43.901+0000] {processor.py:183} INFO - Processing /home/airflow/.local/lib/python3.11/site-packages/airflow/example_dags/example_nested_branch_dag.py took 0.079 seconds
