[2024-07-09T16:51:02.294+0000] {processor.py:161} INFO - Started process (PID=330) to work on /home/airflow/.local/lib/python3.11/site-packages/airflow/example_dags/example_branch_datetime_operator.py
[2024-07-09T16:51:02.295+0000] {processor.py:830} INFO - Processing file /home/airflow/.local/lib/python3.11/site-packages/airflow/example_dags/example_branch_datetime_operator.py for tasks to queue
[2024-07-09T16:51:02.297+0000] {logging_mixin.py:188} INFO - [2024-07-09T16:51:02.296+0000] {dagbag.py:540} INFO - Filling up the DagBag from /home/airflow/.local/lib/python3.11/site-packages/airflow/example_dags/example_branch_datetime_operator.py
[2024-07-09T16:51:02.312+0000] {processor.py:840} INFO - DAG(s) 'example_branch_datetime_operator_2', 'example_branch_datetime_operator_3', 'example_branch_datetime_operator' retrieved from /home/airflow/.local/lib/python3.11/site-packages/airflow/example_dags/example_branch_datetime_operator.py
[2024-07-09T16:51:02.459+0000] {logging_mixin.py:188} INFO - [2024-07-09T16:51:02.458+0000] {override.py:1769} INFO - Created Permission View: can delete on DAG:example_branch_datetime_operator_2
[2024-07-09T16:51:02.472+0000] {logging_mixin.py:188} INFO - [2024-07-09T16:51:02.472+0000] {override.py:1769} INFO - Created Permission View: can edit on DAG:example_branch_datetime_operator_2
[2024-07-09T16:51:02.481+0000] {logging_mixin.py:188} INFO - [2024-07-09T16:51:02.480+0000] {override.py:1769} INFO - Created Permission View: can read on DAG:example_branch_datetime_operator_2
[2024-07-09T16:51:02.498+0000] {logging_mixin.py:188} INFO - [2024-07-09T16:51:02.498+0000] {override.py:1769} INFO - Created Permission View: can delete on DAG:example_branch_datetime_operator_3
[2024-07-09T16:51:02.507+0000] {logging_mixin.py:188} INFO - [2024-07-09T16:51:02.507+0000] {override.py:1769} INFO - Created Permission View: can edit on DAG:example_branch_datetime_operator_3
[2024-07-09T16:51:02.515+0000] {logging_mixin.py:188} INFO - [2024-07-09T16:51:02.515+0000] {override.py:1769} INFO - Created Permission View: can read on DAG:example_branch_datetime_operator_3
[2024-07-09T16:51:02.533+0000] {logging_mixin.py:188} INFO - [2024-07-09T16:51:02.532+0000] {override.py:1769} INFO - Created Permission View: can delete on DAG:example_branch_datetime_operator
[2024-07-09T16:51:02.541+0000] {logging_mixin.py:188} INFO - [2024-07-09T16:51:02.541+0000] {override.py:1769} INFO - Created Permission View: can edit on DAG:example_branch_datetime_operator
[2024-07-09T16:51:02.551+0000] {logging_mixin.py:188} INFO - [2024-07-09T16:51:02.551+0000] {override.py:1769} INFO - Created Permission View: can read on DAG:example_branch_datetime_operator
[2024-07-09T16:51:02.552+0000] {logging_mixin.py:188} INFO - [2024-07-09T16:51:02.552+0000] {dag.py:3047} INFO - Sync 3 DAGs
[2024-07-09T16:51:02.567+0000] {logging_mixin.py:188} INFO - [2024-07-09T16:51:02.567+0000] {dag.py:3069} INFO - Creating ORM DAG for example_branch_datetime_operator
[2024-07-09T16:51:02.569+0000] {logging_mixin.py:188} INFO - [2024-07-09T16:51:02.568+0000] {dag.py:3069} INFO - Creating ORM DAG for example_branch_datetime_operator_3
[2024-07-09T16:51:02.570+0000] {logging_mixin.py:188} INFO - [2024-07-09T16:51:02.569+0000] {dag.py:3069} INFO - Creating ORM DAG for example_branch_datetime_operator_2
[2024-07-09T16:51:02.583+0000] {logging_mixin.py:188} INFO - [2024-07-09T16:51:02.582+0000] {dag.py:3834} INFO - Setting next_dagrun for example_branch_datetime_operator to 2024-07-08 00:00:00+00:00, run_after=2024-07-09 00:00:00+00:00
[2024-07-09T16:51:02.585+0000] {logging_mixin.py:188} INFO - [2024-07-09T16:51:02.585+0000] {dag.py:3834} INFO - Setting next_dagrun for example_branch_datetime_operator_2 to 2024-07-08 00:00:00+00:00, run_after=2024-07-09 00:00:00+00:00
[2024-07-09T16:51:02.587+0000] {logging_mixin.py:188} INFO - [2024-07-09T16:51:02.587+0000] {dag.py:3834} INFO - Setting next_dagrun for example_branch_datetime_operator_3 to 2024-07-08 00:00:00+00:00, run_after=2024-07-09 00:00:00+00:00
[2024-07-09T16:51:02.608+0000] {processor.py:183} INFO - Processing /home/airflow/.local/lib/python3.11/site-packages/airflow/example_dags/example_branch_datetime_operator.py took 0.318 seconds
[2024-07-09T16:51:32.917+0000] {processor.py:161} INFO - Started process (PID=592) to work on /home/airflow/.local/lib/python3.11/site-packages/airflow/example_dags/example_branch_datetime_operator.py
[2024-07-09T16:51:32.918+0000] {processor.py:830} INFO - Processing file /home/airflow/.local/lib/python3.11/site-packages/airflow/example_dags/example_branch_datetime_operator.py for tasks to queue
[2024-07-09T16:51:32.919+0000] {logging_mixin.py:188} INFO - [2024-07-09T16:51:32.919+0000] {dagbag.py:540} INFO - Filling up the DagBag from /home/airflow/.local/lib/python3.11/site-packages/airflow/example_dags/example_branch_datetime_operator.py
[2024-07-09T16:51:32.930+0000] {processor.py:840} INFO - DAG(s) 'example_branch_datetime_operator_3', 'example_branch_datetime_operator_2', 'example_branch_datetime_operator' retrieved from /home/airflow/.local/lib/python3.11/site-packages/airflow/example_dags/example_branch_datetime_operator.py
[2024-07-09T16:51:32.956+0000] {logging_mixin.py:188} INFO - [2024-07-09T16:51:32.956+0000] {dag.py:3047} INFO - Sync 3 DAGs
[2024-07-09T16:51:32.976+0000] {logging_mixin.py:188} INFO - [2024-07-09T16:51:32.976+0000] {dag.py:3834} INFO - Setting next_dagrun for example_branch_datetime_operator to 2024-07-08 00:00:00+00:00, run_after=2024-07-09 00:00:00+00:00
[2024-07-09T16:51:32.980+0000] {logging_mixin.py:188} INFO - [2024-07-09T16:51:32.980+0000] {dag.py:3834} INFO - Setting next_dagrun for example_branch_datetime_operator_2 to 2024-07-08 00:00:00+00:00, run_after=2024-07-09 00:00:00+00:00
[2024-07-09T16:51:32.982+0000] {logging_mixin.py:188} INFO - [2024-07-09T16:51:32.982+0000] {dag.py:3834} INFO - Setting next_dagrun for example_branch_datetime_operator_3 to 2024-07-08 00:00:00+00:00, run_after=2024-07-09 00:00:00+00:00
[2024-07-09T16:51:32.995+0000] {processor.py:183} INFO - Processing /home/airflow/.local/lib/python3.11/site-packages/airflow/example_dags/example_branch_datetime_operator.py took 0.082 seconds
[2024-07-09T16:52:03.159+0000] {processor.py:161} INFO - Started process (PID=854) to work on /home/airflow/.local/lib/python3.11/site-packages/airflow/example_dags/example_branch_datetime_operator.py
[2024-07-09T16:52:03.160+0000] {processor.py:830} INFO - Processing file /home/airflow/.local/lib/python3.11/site-packages/airflow/example_dags/example_branch_datetime_operator.py for tasks to queue
[2024-07-09T16:52:03.161+0000] {logging_mixin.py:188} INFO - [2024-07-09T16:52:03.161+0000] {dagbag.py:540} INFO - Filling up the DagBag from /home/airflow/.local/lib/python3.11/site-packages/airflow/example_dags/example_branch_datetime_operator.py
[2024-07-09T16:52:03.169+0000] {processor.py:840} INFO - DAG(s) 'example_branch_datetime_operator_3', 'example_branch_datetime_operator_2', 'example_branch_datetime_operator' retrieved from /home/airflow/.local/lib/python3.11/site-packages/airflow/example_dags/example_branch_datetime_operator.py
[2024-07-09T16:52:03.197+0000] {logging_mixin.py:188} INFO - [2024-07-09T16:52:03.197+0000] {dag.py:3047} INFO - Sync 3 DAGs
[2024-07-09T16:52:03.221+0000] {logging_mixin.py:188} INFO - [2024-07-09T16:52:03.221+0000] {dag.py:3834} INFO - Setting next_dagrun for example_branch_datetime_operator to 2024-07-08 00:00:00+00:00, run_after=2024-07-09 00:00:00+00:00
[2024-07-09T16:52:03.227+0000] {logging_mixin.py:188} INFO - [2024-07-09T16:52:03.227+0000] {dag.py:3834} INFO - Setting next_dagrun for example_branch_datetime_operator_2 to 2024-07-08 00:00:00+00:00, run_after=2024-07-09 00:00:00+00:00
[2024-07-09T16:52:03.230+0000] {logging_mixin.py:188} INFO - [2024-07-09T16:52:03.229+0000] {dag.py:3834} INFO - Setting next_dagrun for example_branch_datetime_operator_3 to 2024-07-08 00:00:00+00:00, run_after=2024-07-09 00:00:00+00:00
[2024-07-09T16:52:03.254+0000] {processor.py:183} INFO - Processing /home/airflow/.local/lib/python3.11/site-packages/airflow/example_dags/example_branch_datetime_operator.py took 0.098 seconds
[2024-07-09T16:52:33.568+0000] {processor.py:161} INFO - Started process (PID=1116) to work on /home/airflow/.local/lib/python3.11/site-packages/airflow/example_dags/example_branch_datetime_operator.py
[2024-07-09T16:52:33.570+0000] {processor.py:830} INFO - Processing file /home/airflow/.local/lib/python3.11/site-packages/airflow/example_dags/example_branch_datetime_operator.py for tasks to queue
[2024-07-09T16:52:33.571+0000] {logging_mixin.py:188} INFO - [2024-07-09T16:52:33.571+0000] {dagbag.py:540} INFO - Filling up the DagBag from /home/airflow/.local/lib/python3.11/site-packages/airflow/example_dags/example_branch_datetime_operator.py
[2024-07-09T16:52:33.582+0000] {processor.py:840} INFO - DAG(s) 'example_branch_datetime_operator_2', 'example_branch_datetime_operator_3', 'example_branch_datetime_operator' retrieved from /home/airflow/.local/lib/python3.11/site-packages/airflow/example_dags/example_branch_datetime_operator.py
[2024-07-09T16:52:33.615+0000] {logging_mixin.py:188} INFO - [2024-07-09T16:52:33.615+0000] {dag.py:3047} INFO - Sync 3 DAGs
[2024-07-09T16:52:33.645+0000] {logging_mixin.py:188} INFO - [2024-07-09T16:52:33.645+0000] {dag.py:3834} INFO - Setting next_dagrun for example_branch_datetime_operator to 2024-07-08 00:00:00+00:00, run_after=2024-07-09 00:00:00+00:00
[2024-07-09T16:52:33.650+0000] {logging_mixin.py:188} INFO - [2024-07-09T16:52:33.649+0000] {dag.py:3834} INFO - Setting next_dagrun for example_branch_datetime_operator_2 to 2024-07-08 00:00:00+00:00, run_after=2024-07-09 00:00:00+00:00
[2024-07-09T16:52:33.652+0000] {logging_mixin.py:188} INFO - [2024-07-09T16:52:33.652+0000] {dag.py:3834} INFO - Setting next_dagrun for example_branch_datetime_operator_3 to 2024-07-08 00:00:00+00:00, run_after=2024-07-09 00:00:00+00:00
[2024-07-09T16:52:33.691+0000] {processor.py:183} INFO - Processing /home/airflow/.local/lib/python3.11/site-packages/airflow/example_dags/example_branch_datetime_operator.py took 0.127 seconds
[2024-07-09T16:53:04.400+0000] {processor.py:161} INFO - Started process (PID=1378) to work on /home/airflow/.local/lib/python3.11/site-packages/airflow/example_dags/example_branch_datetime_operator.py
[2024-07-09T16:53:04.401+0000] {processor.py:830} INFO - Processing file /home/airflow/.local/lib/python3.11/site-packages/airflow/example_dags/example_branch_datetime_operator.py for tasks to queue
[2024-07-09T16:53:04.402+0000] {logging_mixin.py:188} INFO - [2024-07-09T16:53:04.402+0000] {dagbag.py:540} INFO - Filling up the DagBag from /home/airflow/.local/lib/python3.11/site-packages/airflow/example_dags/example_branch_datetime_operator.py
[2024-07-09T16:53:04.411+0000] {processor.py:840} INFO - DAG(s) 'example_branch_datetime_operator_3', 'example_branch_datetime_operator', 'example_branch_datetime_operator_2' retrieved from /home/airflow/.local/lib/python3.11/site-packages/airflow/example_dags/example_branch_datetime_operator.py
[2024-07-09T16:53:04.444+0000] {logging_mixin.py:188} INFO - [2024-07-09T16:53:04.444+0000] {dag.py:3047} INFO - Sync 3 DAGs
[2024-07-09T16:53:04.597+0000] {logging_mixin.py:188} INFO - [2024-07-09T16:53:04.596+0000] {dag.py:3834} INFO - Setting next_dagrun for example_branch_datetime_operator to 2024-07-08 00:00:00+00:00, run_after=2024-07-09 00:00:00+00:00
[2024-07-09T16:53:04.603+0000] {logging_mixin.py:188} INFO - [2024-07-09T16:53:04.602+0000] {dag.py:3834} INFO - Setting next_dagrun for example_branch_datetime_operator_2 to 2024-07-08 00:00:00+00:00, run_after=2024-07-09 00:00:00+00:00
[2024-07-09T16:53:04.605+0000] {logging_mixin.py:188} INFO - [2024-07-09T16:53:04.605+0000] {dag.py:3834} INFO - Setting next_dagrun for example_branch_datetime_operator_3 to 2024-07-08 00:00:00+00:00, run_after=2024-07-09 00:00:00+00:00
[2024-07-09T16:53:04.621+0000] {processor.py:183} INFO - Processing /home/airflow/.local/lib/python3.11/site-packages/airflow/example_dags/example_branch_datetime_operator.py took 0.225 seconds
[2024-07-09T16:53:34.696+0000] {processor.py:161} INFO - Started process (PID=1642) to work on /home/airflow/.local/lib/python3.11/site-packages/airflow/example_dags/example_branch_datetime_operator.py
[2024-07-09T16:53:34.697+0000] {processor.py:830} INFO - Processing file /home/airflow/.local/lib/python3.11/site-packages/airflow/example_dags/example_branch_datetime_operator.py for tasks to queue
[2024-07-09T16:53:34.698+0000] {logging_mixin.py:188} INFO - [2024-07-09T16:53:34.698+0000] {dagbag.py:540} INFO - Filling up the DagBag from /home/airflow/.local/lib/python3.11/site-packages/airflow/example_dags/example_branch_datetime_operator.py
[2024-07-09T16:53:34.706+0000] {processor.py:840} INFO - DAG(s) 'example_branch_datetime_operator', 'example_branch_datetime_operator_2', 'example_branch_datetime_operator_3' retrieved from /home/airflow/.local/lib/python3.11/site-packages/airflow/example_dags/example_branch_datetime_operator.py
[2024-07-09T16:53:34.733+0000] {logging_mixin.py:188} INFO - [2024-07-09T16:53:34.732+0000] {dag.py:3047} INFO - Sync 3 DAGs
[2024-07-09T16:53:34.751+0000] {logging_mixin.py:188} INFO - [2024-07-09T16:53:34.751+0000] {dag.py:3834} INFO - Setting next_dagrun for example_branch_datetime_operator to 2024-07-08 00:00:00+00:00, run_after=2024-07-09 00:00:00+00:00
[2024-07-09T16:53:34.757+0000] {logging_mixin.py:188} INFO - [2024-07-09T16:53:34.757+0000] {dag.py:3834} INFO - Setting next_dagrun for example_branch_datetime_operator_2 to 2024-07-08 00:00:00+00:00, run_after=2024-07-09 00:00:00+00:00
[2024-07-09T16:53:34.760+0000] {logging_mixin.py:188} INFO - [2024-07-09T16:53:34.759+0000] {dag.py:3834} INFO - Setting next_dagrun for example_branch_datetime_operator_3 to 2024-07-08 00:00:00+00:00, run_after=2024-07-09 00:00:00+00:00
[2024-07-09T16:53:34.775+0000] {processor.py:183} INFO - Processing /home/airflow/.local/lib/python3.11/site-packages/airflow/example_dags/example_branch_datetime_operator.py took 0.081 seconds
[2024-07-09T16:54:05.508+0000] {processor.py:161} INFO - Started process (PID=1902) to work on /home/airflow/.local/lib/python3.11/site-packages/airflow/example_dags/example_branch_datetime_operator.py
[2024-07-09T16:54:05.509+0000] {processor.py:830} INFO - Processing file /home/airflow/.local/lib/python3.11/site-packages/airflow/example_dags/example_branch_datetime_operator.py for tasks to queue
[2024-07-09T16:54:05.511+0000] {logging_mixin.py:188} INFO - [2024-07-09T16:54:05.510+0000] {dagbag.py:540} INFO - Filling up the DagBag from /home/airflow/.local/lib/python3.11/site-packages/airflow/example_dags/example_branch_datetime_operator.py
[2024-07-09T16:54:05.525+0000] {processor.py:840} INFO - DAG(s) 'example_branch_datetime_operator_3', 'example_branch_datetime_operator_2', 'example_branch_datetime_operator' retrieved from /home/airflow/.local/lib/python3.11/site-packages/airflow/example_dags/example_branch_datetime_operator.py
[2024-07-09T16:54:05.564+0000] {logging_mixin.py:188} INFO - [2024-07-09T16:54:05.564+0000] {dag.py:3047} INFO - Sync 3 DAGs
[2024-07-09T16:54:05.585+0000] {logging_mixin.py:188} INFO - [2024-07-09T16:54:05.585+0000] {dag.py:3834} INFO - Setting next_dagrun for example_branch_datetime_operator to 2024-07-08 00:00:00+00:00, run_after=2024-07-09 00:00:00+00:00
[2024-07-09T16:54:05.589+0000] {logging_mixin.py:188} INFO - [2024-07-09T16:54:05.589+0000] {dag.py:3834} INFO - Setting next_dagrun for example_branch_datetime_operator_2 to 2024-07-08 00:00:00+00:00, run_after=2024-07-09 00:00:00+00:00
[2024-07-09T16:54:05.591+0000] {logging_mixin.py:188} INFO - [2024-07-09T16:54:05.591+0000] {dag.py:3834} INFO - Setting next_dagrun for example_branch_datetime_operator_3 to 2024-07-08 00:00:00+00:00, run_after=2024-07-09 00:00:00+00:00
[2024-07-09T16:54:05.631+0000] {processor.py:183} INFO - Processing /home/airflow/.local/lib/python3.11/site-packages/airflow/example_dags/example_branch_datetime_operator.py took 0.126 seconds
[2024-07-09T16:54:36.137+0000] {processor.py:161} INFO - Started process (PID=2164) to work on /home/airflow/.local/lib/python3.11/site-packages/airflow/example_dags/example_branch_datetime_operator.py
[2024-07-09T16:54:36.138+0000] {processor.py:830} INFO - Processing file /home/airflow/.local/lib/python3.11/site-packages/airflow/example_dags/example_branch_datetime_operator.py for tasks to queue
[2024-07-09T16:54:36.139+0000] {logging_mixin.py:188} INFO - [2024-07-09T16:54:36.139+0000] {dagbag.py:540} INFO - Filling up the DagBag from /home/airflow/.local/lib/python3.11/site-packages/airflow/example_dags/example_branch_datetime_operator.py
[2024-07-09T16:54:36.151+0000] {processor.py:840} INFO - DAG(s) 'example_branch_datetime_operator_3', 'example_branch_datetime_operator_2', 'example_branch_datetime_operator' retrieved from /home/airflow/.local/lib/python3.11/site-packages/airflow/example_dags/example_branch_datetime_operator.py
[2024-07-09T16:54:36.178+0000] {logging_mixin.py:188} INFO - [2024-07-09T16:54:36.177+0000] {dag.py:3047} INFO - Sync 3 DAGs
[2024-07-09T16:54:36.197+0000] {logging_mixin.py:188} INFO - [2024-07-09T16:54:36.196+0000] {dag.py:3834} INFO - Setting next_dagrun for example_branch_datetime_operator to 2024-07-08 00:00:00+00:00, run_after=2024-07-09 00:00:00+00:00
[2024-07-09T16:54:36.201+0000] {logging_mixin.py:188} INFO - [2024-07-09T16:54:36.201+0000] {dag.py:3834} INFO - Setting next_dagrun for example_branch_datetime_operator_2 to 2024-07-08 00:00:00+00:00, run_after=2024-07-09 00:00:00+00:00
[2024-07-09T16:54:36.203+0000] {logging_mixin.py:188} INFO - [2024-07-09T16:54:36.203+0000] {dag.py:3834} INFO - Setting next_dagrun for example_branch_datetime_operator_3 to 2024-07-08 00:00:00+00:00, run_after=2024-07-09 00:00:00+00:00
[2024-07-09T16:54:36.221+0000] {processor.py:183} INFO - Processing /home/airflow/.local/lib/python3.11/site-packages/airflow/example_dags/example_branch_datetime_operator.py took 0.088 seconds
[2024-07-09T16:55:06.454+0000] {processor.py:161} INFO - Started process (PID=2426) to work on /home/airflow/.local/lib/python3.11/site-packages/airflow/example_dags/example_branch_datetime_operator.py
[2024-07-09T16:55:06.455+0000] {processor.py:830} INFO - Processing file /home/airflow/.local/lib/python3.11/site-packages/airflow/example_dags/example_branch_datetime_operator.py for tasks to queue
[2024-07-09T16:55:06.456+0000] {logging_mixin.py:188} INFO - [2024-07-09T16:55:06.456+0000] {dagbag.py:540} INFO - Filling up the DagBag from /home/airflow/.local/lib/python3.11/site-packages/airflow/example_dags/example_branch_datetime_operator.py
[2024-07-09T16:55:06.465+0000] {processor.py:840} INFO - DAG(s) 'example_branch_datetime_operator_2', 'example_branch_datetime_operator_3', 'example_branch_datetime_operator' retrieved from /home/airflow/.local/lib/python3.11/site-packages/airflow/example_dags/example_branch_datetime_operator.py
[2024-07-09T16:55:06.491+0000] {logging_mixin.py:188} INFO - [2024-07-09T16:55:06.491+0000] {dag.py:3047} INFO - Sync 3 DAGs
[2024-07-09T16:55:06.514+0000] {logging_mixin.py:188} INFO - [2024-07-09T16:55:06.514+0000] {dag.py:3834} INFO - Setting next_dagrun for example_branch_datetime_operator to 2024-07-08 00:00:00+00:00, run_after=2024-07-09 00:00:00+00:00
[2024-07-09T16:55:06.518+0000] {logging_mixin.py:188} INFO - [2024-07-09T16:55:06.518+0000] {dag.py:3834} INFO - Setting next_dagrun for example_branch_datetime_operator_2 to 2024-07-08 00:00:00+00:00, run_after=2024-07-09 00:00:00+00:00
[2024-07-09T16:55:06.520+0000] {logging_mixin.py:188} INFO - [2024-07-09T16:55:06.520+0000] {dag.py:3834} INFO - Setting next_dagrun for example_branch_datetime_operator_3 to 2024-07-08 00:00:00+00:00, run_after=2024-07-09 00:00:00+00:00
[2024-07-09T16:55:06.537+0000] {processor.py:183} INFO - Processing /home/airflow/.local/lib/python3.11/site-packages/airflow/example_dags/example_branch_datetime_operator.py took 0.086 seconds
[2024-07-09T16:55:37.026+0000] {processor.py:161} INFO - Started process (PID=2690) to work on /home/airflow/.local/lib/python3.11/site-packages/airflow/example_dags/example_branch_datetime_operator.py
[2024-07-09T16:55:37.027+0000] {processor.py:830} INFO - Processing file /home/airflow/.local/lib/python3.11/site-packages/airflow/example_dags/example_branch_datetime_operator.py for tasks to queue
[2024-07-09T16:55:37.028+0000] {logging_mixin.py:188} INFO - [2024-07-09T16:55:37.028+0000] {dagbag.py:540} INFO - Filling up the DagBag from /home/airflow/.local/lib/python3.11/site-packages/airflow/example_dags/example_branch_datetime_operator.py
[2024-07-09T16:55:37.038+0000] {processor.py:840} INFO - DAG(s) 'example_branch_datetime_operator', 'example_branch_datetime_operator_3', 'example_branch_datetime_operator_2' retrieved from /home/airflow/.local/lib/python3.11/site-packages/airflow/example_dags/example_branch_datetime_operator.py
[2024-07-09T16:55:37.065+0000] {logging_mixin.py:188} INFO - [2024-07-09T16:55:37.065+0000] {dag.py:3047} INFO - Sync 3 DAGs
[2024-07-09T16:55:37.087+0000] {logging_mixin.py:188} INFO - [2024-07-09T16:55:37.087+0000] {dag.py:3834} INFO - Setting next_dagrun for example_branch_datetime_operator to 2024-07-08 00:00:00+00:00, run_after=2024-07-09 00:00:00+00:00
[2024-07-09T16:55:37.092+0000] {logging_mixin.py:188} INFO - [2024-07-09T16:55:37.092+0000] {dag.py:3834} INFO - Setting next_dagrun for example_branch_datetime_operator_2 to 2024-07-08 00:00:00+00:00, run_after=2024-07-09 00:00:00+00:00
[2024-07-09T16:55:37.095+0000] {logging_mixin.py:188} INFO - [2024-07-09T16:55:37.095+0000] {dag.py:3834} INFO - Setting next_dagrun for example_branch_datetime_operator_3 to 2024-07-08 00:00:00+00:00, run_after=2024-07-09 00:00:00+00:00
[2024-07-09T16:55:37.112+0000] {processor.py:183} INFO - Processing /home/airflow/.local/lib/python3.11/site-packages/airflow/example_dags/example_branch_datetime_operator.py took 0.088 seconds
[2024-07-09T16:56:08.148+0000] {processor.py:161} INFO - Started process (PID=2950) to work on /home/airflow/.local/lib/python3.11/site-packages/airflow/example_dags/example_branch_datetime_operator.py
[2024-07-09T16:56:08.149+0000] {processor.py:830} INFO - Processing file /home/airflow/.local/lib/python3.11/site-packages/airflow/example_dags/example_branch_datetime_operator.py for tasks to queue
[2024-07-09T16:56:08.150+0000] {logging_mixin.py:188} INFO - [2024-07-09T16:56:08.150+0000] {dagbag.py:540} INFO - Filling up the DagBag from /home/airflow/.local/lib/python3.11/site-packages/airflow/example_dags/example_branch_datetime_operator.py
[2024-07-09T16:56:08.161+0000] {processor.py:840} INFO - DAG(s) 'example_branch_datetime_operator_2', 'example_branch_datetime_operator', 'example_branch_datetime_operator_3' retrieved from /home/airflow/.local/lib/python3.11/site-packages/airflow/example_dags/example_branch_datetime_operator.py
[2024-07-09T16:56:08.218+0000] {logging_mixin.py:188} INFO - [2024-07-09T16:56:08.218+0000] {dag.py:3047} INFO - Sync 3 DAGs
[2024-07-09T16:56:08.260+0000] {logging_mixin.py:188} INFO - [2024-07-09T16:56:08.259+0000] {dag.py:3834} INFO - Setting next_dagrun for example_branch_datetime_operator to 2024-07-08 00:00:00+00:00, run_after=2024-07-09 00:00:00+00:00
[2024-07-09T16:56:08.266+0000] {logging_mixin.py:188} INFO - [2024-07-09T16:56:08.265+0000] {dag.py:3834} INFO - Setting next_dagrun for example_branch_datetime_operator_2 to 2024-07-08 00:00:00+00:00, run_after=2024-07-09 00:00:00+00:00
[2024-07-09T16:56:08.269+0000] {logging_mixin.py:188} INFO - [2024-07-09T16:56:08.269+0000] {dag.py:3834} INFO - Setting next_dagrun for example_branch_datetime_operator_3 to 2024-07-08 00:00:00+00:00, run_after=2024-07-09 00:00:00+00:00
[2024-07-09T16:56:08.288+0000] {processor.py:183} INFO - Processing /home/airflow/.local/lib/python3.11/site-packages/airflow/example_dags/example_branch_datetime_operator.py took 0.143 seconds
[2024-07-09T16:56:38.512+0000] {processor.py:161} INFO - Started process (PID=3212) to work on /home/airflow/.local/lib/python3.11/site-packages/airflow/example_dags/example_branch_datetime_operator.py
[2024-07-09T16:56:38.516+0000] {processor.py:830} INFO - Processing file /home/airflow/.local/lib/python3.11/site-packages/airflow/example_dags/example_branch_datetime_operator.py for tasks to queue
[2024-07-09T16:56:38.519+0000] {logging_mixin.py:188} INFO - [2024-07-09T16:56:38.519+0000] {dagbag.py:540} INFO - Filling up the DagBag from /home/airflow/.local/lib/python3.11/site-packages/airflow/example_dags/example_branch_datetime_operator.py
[2024-07-09T16:56:38.533+0000] {processor.py:840} INFO - DAG(s) 'example_branch_datetime_operator_3', 'example_branch_datetime_operator_2', 'example_branch_datetime_operator' retrieved from /home/airflow/.local/lib/python3.11/site-packages/airflow/example_dags/example_branch_datetime_operator.py
[2024-07-09T16:56:38.632+0000] {logging_mixin.py:188} INFO - [2024-07-09T16:56:38.632+0000] {dag.py:3047} INFO - Sync 3 DAGs
[2024-07-09T16:56:38.653+0000] {logging_mixin.py:188} INFO - [2024-07-09T16:56:38.652+0000] {dag.py:3834} INFO - Setting next_dagrun for example_branch_datetime_operator to 2024-07-08 00:00:00+00:00, run_after=2024-07-09 00:00:00+00:00
[2024-07-09T16:56:38.657+0000] {logging_mixin.py:188} INFO - [2024-07-09T16:56:38.657+0000] {dag.py:3834} INFO - Setting next_dagrun for example_branch_datetime_operator_2 to 2024-07-08 00:00:00+00:00, run_after=2024-07-09 00:00:00+00:00
[2024-07-09T16:56:38.660+0000] {logging_mixin.py:188} INFO - [2024-07-09T16:56:38.660+0000] {dag.py:3834} INFO - Setting next_dagrun for example_branch_datetime_operator_3 to 2024-07-08 00:00:00+00:00, run_after=2024-07-09 00:00:00+00:00
[2024-07-09T16:56:38.694+0000] {processor.py:183} INFO - Processing /home/airflow/.local/lib/python3.11/site-packages/airflow/example_dags/example_branch_datetime_operator.py took 0.186 seconds
[2024-07-09T16:57:09.164+0000] {processor.py:161} INFO - Started process (PID=3460) to work on /home/airflow/.local/lib/python3.11/site-packages/airflow/example_dags/example_branch_datetime_operator.py
[2024-07-09T16:57:09.165+0000] {processor.py:830} INFO - Processing file /home/airflow/.local/lib/python3.11/site-packages/airflow/example_dags/example_branch_datetime_operator.py for tasks to queue
[2024-07-09T16:57:09.166+0000] {logging_mixin.py:188} INFO - [2024-07-09T16:57:09.166+0000] {dagbag.py:540} INFO - Filling up the DagBag from /home/airflow/.local/lib/python3.11/site-packages/airflow/example_dags/example_branch_datetime_operator.py
[2024-07-09T16:57:09.174+0000] {processor.py:840} INFO - DAG(s) 'example_branch_datetime_operator_3', 'example_branch_datetime_operator', 'example_branch_datetime_operator_2' retrieved from /home/airflow/.local/lib/python3.11/site-packages/airflow/example_dags/example_branch_datetime_operator.py
[2024-07-09T16:57:09.208+0000] {logging_mixin.py:188} INFO - [2024-07-09T16:57:09.208+0000] {dag.py:3047} INFO - Sync 3 DAGs
[2024-07-09T16:57:09.236+0000] {logging_mixin.py:188} INFO - [2024-07-09T16:57:09.236+0000] {dag.py:3834} INFO - Setting next_dagrun for example_branch_datetime_operator to 2024-07-08 00:00:00+00:00, run_after=2024-07-09 00:00:00+00:00
[2024-07-09T16:57:09.241+0000] {logging_mixin.py:188} INFO - [2024-07-09T16:57:09.241+0000] {dag.py:3834} INFO - Setting next_dagrun for example_branch_datetime_operator_2 to 2024-07-08 00:00:00+00:00, run_after=2024-07-09 00:00:00+00:00
[2024-07-09T16:57:09.243+0000] {logging_mixin.py:188} INFO - [2024-07-09T16:57:09.243+0000] {dag.py:3834} INFO - Setting next_dagrun for example_branch_datetime_operator_3 to 2024-07-08 00:00:00+00:00, run_after=2024-07-09 00:00:00+00:00
[2024-07-09T16:57:09.263+0000] {processor.py:183} INFO - Processing /home/airflow/.local/lib/python3.11/site-packages/airflow/example_dags/example_branch_datetime_operator.py took 0.101 seconds
[2024-07-09T16:57:40.298+0000] {processor.py:161} INFO - Started process (PID=3724) to work on /home/airflow/.local/lib/python3.11/site-packages/airflow/example_dags/example_branch_datetime_operator.py
[2024-07-09T16:57:40.300+0000] {processor.py:830} INFO - Processing file /home/airflow/.local/lib/python3.11/site-packages/airflow/example_dags/example_branch_datetime_operator.py for tasks to queue
[2024-07-09T16:57:40.301+0000] {logging_mixin.py:188} INFO - [2024-07-09T16:57:40.301+0000] {dagbag.py:540} INFO - Filling up the DagBag from /home/airflow/.local/lib/python3.11/site-packages/airflow/example_dags/example_branch_datetime_operator.py
[2024-07-09T16:57:40.310+0000] {processor.py:840} INFO - DAG(s) 'example_branch_datetime_operator', 'example_branch_datetime_operator_2', 'example_branch_datetime_operator_3' retrieved from /home/airflow/.local/lib/python3.11/site-packages/airflow/example_dags/example_branch_datetime_operator.py
[2024-07-09T16:57:40.334+0000] {logging_mixin.py:188} INFO - [2024-07-09T16:57:40.334+0000] {dag.py:3047} INFO - Sync 3 DAGs
[2024-07-09T16:57:40.352+0000] {logging_mixin.py:188} INFO - [2024-07-09T16:57:40.352+0000] {dag.py:3834} INFO - Setting next_dagrun for example_branch_datetime_operator to 2024-07-08 00:00:00+00:00, run_after=2024-07-09 00:00:00+00:00
[2024-07-09T16:57:40.356+0000] {logging_mixin.py:188} INFO - [2024-07-09T16:57:40.356+0000] {dag.py:3834} INFO - Setting next_dagrun for example_branch_datetime_operator_2 to 2024-07-08 00:00:00+00:00, run_after=2024-07-09 00:00:00+00:00
[2024-07-09T16:57:40.359+0000] {logging_mixin.py:188} INFO - [2024-07-09T16:57:40.358+0000] {dag.py:3834} INFO - Setting next_dagrun for example_branch_datetime_operator_3 to 2024-07-08 00:00:00+00:00, run_after=2024-07-09 00:00:00+00:00
[2024-07-09T16:57:40.372+0000] {processor.py:183} INFO - Processing /home/airflow/.local/lib/python3.11/site-packages/airflow/example_dags/example_branch_datetime_operator.py took 0.076 seconds
[2024-07-09T16:58:10.930+0000] {processor.py:161} INFO - Started process (PID=3984) to work on /home/airflow/.local/lib/python3.11/site-packages/airflow/example_dags/example_branch_datetime_operator.py
[2024-07-09T16:58:10.931+0000] {processor.py:830} INFO - Processing file /home/airflow/.local/lib/python3.11/site-packages/airflow/example_dags/example_branch_datetime_operator.py for tasks to queue
[2024-07-09T16:58:10.932+0000] {logging_mixin.py:188} INFO - [2024-07-09T16:58:10.931+0000] {dagbag.py:540} INFO - Filling up the DagBag from /home/airflow/.local/lib/python3.11/site-packages/airflow/example_dags/example_branch_datetime_operator.py
[2024-07-09T16:58:10.940+0000] {processor.py:840} INFO - DAG(s) 'example_branch_datetime_operator', 'example_branch_datetime_operator_2', 'example_branch_datetime_operator_3' retrieved from /home/airflow/.local/lib/python3.11/site-packages/airflow/example_dags/example_branch_datetime_operator.py
[2024-07-09T16:58:10.968+0000] {logging_mixin.py:188} INFO - [2024-07-09T16:58:10.968+0000] {dag.py:3047} INFO - Sync 3 DAGs
[2024-07-09T16:58:10.989+0000] {logging_mixin.py:188} INFO - [2024-07-09T16:58:10.988+0000] {dag.py:3834} INFO - Setting next_dagrun for example_branch_datetime_operator to 2024-07-08 00:00:00+00:00, run_after=2024-07-09 00:00:00+00:00
[2024-07-09T16:58:10.992+0000] {logging_mixin.py:188} INFO - [2024-07-09T16:58:10.992+0000] {dag.py:3834} INFO - Setting next_dagrun for example_branch_datetime_operator_2 to 2024-07-08 00:00:00+00:00, run_after=2024-07-09 00:00:00+00:00
[2024-07-09T16:58:10.995+0000] {logging_mixin.py:188} INFO - [2024-07-09T16:58:10.995+0000] {dag.py:3834} INFO - Setting next_dagrun for example_branch_datetime_operator_3 to 2024-07-08 00:00:00+00:00, run_after=2024-07-09 00:00:00+00:00
[2024-07-09T16:58:11.009+0000] {processor.py:183} INFO - Processing /home/airflow/.local/lib/python3.11/site-packages/airflow/example_dags/example_branch_datetime_operator.py took 0.082 seconds
[2024-07-09T16:58:41.362+0000] {processor.py:161} INFO - Started process (PID=4246) to work on /home/airflow/.local/lib/python3.11/site-packages/airflow/example_dags/example_branch_datetime_operator.py
[2024-07-09T16:58:41.363+0000] {processor.py:830} INFO - Processing file /home/airflow/.local/lib/python3.11/site-packages/airflow/example_dags/example_branch_datetime_operator.py for tasks to queue
[2024-07-09T16:58:41.364+0000] {logging_mixin.py:188} INFO - [2024-07-09T16:58:41.364+0000] {dagbag.py:540} INFO - Filling up the DagBag from /home/airflow/.local/lib/python3.11/site-packages/airflow/example_dags/example_branch_datetime_operator.py
[2024-07-09T16:58:41.374+0000] {processor.py:840} INFO - DAG(s) 'example_branch_datetime_operator', 'example_branch_datetime_operator_3', 'example_branch_datetime_operator_2' retrieved from /home/airflow/.local/lib/python3.11/site-packages/airflow/example_dags/example_branch_datetime_operator.py
[2024-07-09T16:58:41.401+0000] {logging_mixin.py:188} INFO - [2024-07-09T16:58:41.400+0000] {dag.py:3047} INFO - Sync 3 DAGs
[2024-07-09T16:58:41.421+0000] {logging_mixin.py:188} INFO - [2024-07-09T16:58:41.421+0000] {dag.py:3834} INFO - Setting next_dagrun for example_branch_datetime_operator to 2024-07-08 00:00:00+00:00, run_after=2024-07-09 00:00:00+00:00
[2024-07-09T16:58:41.425+0000] {logging_mixin.py:188} INFO - [2024-07-09T16:58:41.425+0000] {dag.py:3834} INFO - Setting next_dagrun for example_branch_datetime_operator_2 to 2024-07-08 00:00:00+00:00, run_after=2024-07-09 00:00:00+00:00
[2024-07-09T16:58:41.427+0000] {logging_mixin.py:188} INFO - [2024-07-09T16:58:41.427+0000] {dag.py:3834} INFO - Setting next_dagrun for example_branch_datetime_operator_3 to 2024-07-08 00:00:00+00:00, run_after=2024-07-09 00:00:00+00:00
[2024-07-09T16:58:41.440+0000] {processor.py:183} INFO - Processing /home/airflow/.local/lib/python3.11/site-packages/airflow/example_dags/example_branch_datetime_operator.py took 0.081 seconds
[2024-07-09T16:59:12.346+0000] {processor.py:161} INFO - Started process (PID=4508) to work on /home/airflow/.local/lib/python3.11/site-packages/airflow/example_dags/example_branch_datetime_operator.py
[2024-07-09T16:59:12.347+0000] {processor.py:830} INFO - Processing file /home/airflow/.local/lib/python3.11/site-packages/airflow/example_dags/example_branch_datetime_operator.py for tasks to queue
[2024-07-09T16:59:12.348+0000] {logging_mixin.py:188} INFO - [2024-07-09T16:59:12.347+0000] {dagbag.py:540} INFO - Filling up the DagBag from /home/airflow/.local/lib/python3.11/site-packages/airflow/example_dags/example_branch_datetime_operator.py
[2024-07-09T16:59:12.356+0000] {processor.py:840} INFO - DAG(s) 'example_branch_datetime_operator_3', 'example_branch_datetime_operator_2', 'example_branch_datetime_operator' retrieved from /home/airflow/.local/lib/python3.11/site-packages/airflow/example_dags/example_branch_datetime_operator.py
[2024-07-09T16:59:12.383+0000] {logging_mixin.py:188} INFO - [2024-07-09T16:59:12.383+0000] {dag.py:3047} INFO - Sync 3 DAGs
[2024-07-09T16:59:12.404+0000] {logging_mixin.py:188} INFO - [2024-07-09T16:59:12.404+0000] {dag.py:3834} INFO - Setting next_dagrun for example_branch_datetime_operator to 2024-07-08 00:00:00+00:00, run_after=2024-07-09 00:00:00+00:00
[2024-07-09T16:59:12.410+0000] {logging_mixin.py:188} INFO - [2024-07-09T16:59:12.409+0000] {dag.py:3834} INFO - Setting next_dagrun for example_branch_datetime_operator_2 to 2024-07-08 00:00:00+00:00, run_after=2024-07-09 00:00:00+00:00
[2024-07-09T16:59:12.413+0000] {logging_mixin.py:188} INFO - [2024-07-09T16:59:12.412+0000] {dag.py:3834} INFO - Setting next_dagrun for example_branch_datetime_operator_3 to 2024-07-08 00:00:00+00:00, run_after=2024-07-09 00:00:00+00:00
[2024-07-09T16:59:12.429+0000] {processor.py:183} INFO - Processing /home/airflow/.local/lib/python3.11/site-packages/airflow/example_dags/example_branch_datetime_operator.py took 0.086 seconds
[2024-07-09T16:59:42.606+0000] {processor.py:161} INFO - Started process (PID=4770) to work on /home/airflow/.local/lib/python3.11/site-packages/airflow/example_dags/example_branch_datetime_operator.py
[2024-07-09T16:59:42.607+0000] {processor.py:830} INFO - Processing file /home/airflow/.local/lib/python3.11/site-packages/airflow/example_dags/example_branch_datetime_operator.py for tasks to queue
[2024-07-09T16:59:42.608+0000] {logging_mixin.py:188} INFO - [2024-07-09T16:59:42.607+0000] {dagbag.py:540} INFO - Filling up the DagBag from /home/airflow/.local/lib/python3.11/site-packages/airflow/example_dags/example_branch_datetime_operator.py
[2024-07-09T16:59:42.617+0000] {processor.py:840} INFO - DAG(s) 'example_branch_datetime_operator_2', 'example_branch_datetime_operator_3', 'example_branch_datetime_operator' retrieved from /home/airflow/.local/lib/python3.11/site-packages/airflow/example_dags/example_branch_datetime_operator.py
[2024-07-09T16:59:42.652+0000] {logging_mixin.py:188} INFO - [2024-07-09T16:59:42.652+0000] {dag.py:3047} INFO - Sync 3 DAGs
[2024-07-09T16:59:42.677+0000] {logging_mixin.py:188} INFO - [2024-07-09T16:59:42.677+0000] {dag.py:3834} INFO - Setting next_dagrun for example_branch_datetime_operator to 2024-07-08 00:00:00+00:00, run_after=2024-07-09 00:00:00+00:00
[2024-07-09T16:59:42.682+0000] {logging_mixin.py:188} INFO - [2024-07-09T16:59:42.682+0000] {dag.py:3834} INFO - Setting next_dagrun for example_branch_datetime_operator_2 to 2024-07-08 00:00:00+00:00, run_after=2024-07-09 00:00:00+00:00
[2024-07-09T16:59:42.684+0000] {logging_mixin.py:188} INFO - [2024-07-09T16:59:42.684+0000] {dag.py:3834} INFO - Setting next_dagrun for example_branch_datetime_operator_3 to 2024-07-08 00:00:00+00:00, run_after=2024-07-09 00:00:00+00:00
[2024-07-09T16:59:42.702+0000] {processor.py:183} INFO - Processing /home/airflow/.local/lib/python3.11/site-packages/airflow/example_dags/example_branch_datetime_operator.py took 0.100 seconds
[2024-07-09T17:00:13.098+0000] {processor.py:161} INFO - Started process (PID=5032) to work on /home/airflow/.local/lib/python3.11/site-packages/airflow/example_dags/example_branch_datetime_operator.py
[2024-07-09T17:00:13.099+0000] {processor.py:830} INFO - Processing file /home/airflow/.local/lib/python3.11/site-packages/airflow/example_dags/example_branch_datetime_operator.py for tasks to queue
[2024-07-09T17:00:13.100+0000] {logging_mixin.py:188} INFO - [2024-07-09T17:00:13.099+0000] {dagbag.py:540} INFO - Filling up the DagBag from /home/airflow/.local/lib/python3.11/site-packages/airflow/example_dags/example_branch_datetime_operator.py
[2024-07-09T17:00:13.107+0000] {processor.py:840} INFO - DAG(s) 'example_branch_datetime_operator_3', 'example_branch_datetime_operator_2', 'example_branch_datetime_operator' retrieved from /home/airflow/.local/lib/python3.11/site-packages/airflow/example_dags/example_branch_datetime_operator.py
[2024-07-09T17:00:13.134+0000] {logging_mixin.py:188} INFO - [2024-07-09T17:00:13.134+0000] {dag.py:3047} INFO - Sync 3 DAGs
[2024-07-09T17:00:13.154+0000] {logging_mixin.py:188} INFO - [2024-07-09T17:00:13.154+0000] {dag.py:3834} INFO - Setting next_dagrun for example_branch_datetime_operator to 2024-07-08 00:00:00+00:00, run_after=2024-07-09 00:00:00+00:00
[2024-07-09T17:00:13.158+0000] {logging_mixin.py:188} INFO - [2024-07-09T17:00:13.158+0000] {dag.py:3834} INFO - Setting next_dagrun for example_branch_datetime_operator_2 to 2024-07-08 00:00:00+00:00, run_after=2024-07-09 00:00:00+00:00
[2024-07-09T17:00:13.162+0000] {logging_mixin.py:188} INFO - [2024-07-09T17:00:13.161+0000] {dag.py:3834} INFO - Setting next_dagrun for example_branch_datetime_operator_3 to 2024-07-08 00:00:00+00:00, run_after=2024-07-09 00:00:00+00:00
[2024-07-09T17:00:13.179+0000] {processor.py:183} INFO - Processing /home/airflow/.local/lib/python3.11/site-packages/airflow/example_dags/example_branch_datetime_operator.py took 0.084 seconds
[2024-07-09T17:00:43.574+0000] {processor.py:161} INFO - Started process (PID=5296) to work on /home/airflow/.local/lib/python3.11/site-packages/airflow/example_dags/example_branch_datetime_operator.py
[2024-07-09T17:00:43.575+0000] {processor.py:830} INFO - Processing file /home/airflow/.local/lib/python3.11/site-packages/airflow/example_dags/example_branch_datetime_operator.py for tasks to queue
[2024-07-09T17:00:43.576+0000] {logging_mixin.py:188} INFO - [2024-07-09T17:00:43.575+0000] {dagbag.py:540} INFO - Filling up the DagBag from /home/airflow/.local/lib/python3.11/site-packages/airflow/example_dags/example_branch_datetime_operator.py
[2024-07-09T17:00:43.584+0000] {processor.py:840} INFO - DAG(s) 'example_branch_datetime_operator', 'example_branch_datetime_operator_2', 'example_branch_datetime_operator_3' retrieved from /home/airflow/.local/lib/python3.11/site-packages/airflow/example_dags/example_branch_datetime_operator.py
[2024-07-09T17:00:43.611+0000] {logging_mixin.py:188} INFO - [2024-07-09T17:00:43.611+0000] {dag.py:3047} INFO - Sync 3 DAGs
[2024-07-09T17:00:43.631+0000] {logging_mixin.py:188} INFO - [2024-07-09T17:00:43.631+0000] {dag.py:3834} INFO - Setting next_dagrun for example_branch_datetime_operator to 2024-07-08 00:00:00+00:00, run_after=2024-07-09 00:00:00+00:00
[2024-07-09T17:00:43.635+0000] {logging_mixin.py:188} INFO - [2024-07-09T17:00:43.635+0000] {dag.py:3834} INFO - Setting next_dagrun for example_branch_datetime_operator_2 to 2024-07-08 00:00:00+00:00, run_after=2024-07-09 00:00:00+00:00
[2024-07-09T17:00:43.638+0000] {logging_mixin.py:188} INFO - [2024-07-09T17:00:43.637+0000] {dag.py:3834} INFO - Setting next_dagrun for example_branch_datetime_operator_3 to 2024-07-08 00:00:00+00:00, run_after=2024-07-09 00:00:00+00:00
[2024-07-09T17:00:43.651+0000] {processor.py:183} INFO - Processing /home/airflow/.local/lib/python3.11/site-packages/airflow/example_dags/example_branch_datetime_operator.py took 0.080 seconds
[2024-07-09T17:01:13.732+0000] {processor.py:161} INFO - Started process (PID=5556) to work on /home/airflow/.local/lib/python3.11/site-packages/airflow/example_dags/example_branch_datetime_operator.py
[2024-07-09T17:01:13.733+0000] {processor.py:830} INFO - Processing file /home/airflow/.local/lib/python3.11/site-packages/airflow/example_dags/example_branch_datetime_operator.py for tasks to queue
[2024-07-09T17:01:13.734+0000] {logging_mixin.py:188} INFO - [2024-07-09T17:01:13.734+0000] {dagbag.py:540} INFO - Filling up the DagBag from /home/airflow/.local/lib/python3.11/site-packages/airflow/example_dags/example_branch_datetime_operator.py
[2024-07-09T17:01:13.744+0000] {processor.py:840} INFO - DAG(s) 'example_branch_datetime_operator_3', 'example_branch_datetime_operator_2', 'example_branch_datetime_operator' retrieved from /home/airflow/.local/lib/python3.11/site-packages/airflow/example_dags/example_branch_datetime_operator.py
[2024-07-09T17:01:13.770+0000] {logging_mixin.py:188} INFO - [2024-07-09T17:01:13.770+0000] {dag.py:3047} INFO - Sync 3 DAGs
[2024-07-09T17:01:13.791+0000] {logging_mixin.py:188} INFO - [2024-07-09T17:01:13.790+0000] {dag.py:3834} INFO - Setting next_dagrun for example_branch_datetime_operator to 2024-07-08 00:00:00+00:00, run_after=2024-07-09 00:00:00+00:00
[2024-07-09T17:01:13.794+0000] {logging_mixin.py:188} INFO - [2024-07-09T17:01:13.794+0000] {dag.py:3834} INFO - Setting next_dagrun for example_branch_datetime_operator_2 to 2024-07-08 00:00:00+00:00, run_after=2024-07-09 00:00:00+00:00
[2024-07-09T17:01:13.796+0000] {logging_mixin.py:188} INFO - [2024-07-09T17:01:13.796+0000] {dag.py:3834} INFO - Setting next_dagrun for example_branch_datetime_operator_3 to 2024-07-08 00:00:00+00:00, run_after=2024-07-09 00:00:00+00:00
[2024-07-09T17:01:13.812+0000] {processor.py:183} INFO - Processing /home/airflow/.local/lib/python3.11/site-packages/airflow/example_dags/example_branch_datetime_operator.py took 0.084 seconds
[2024-07-09T17:01:43.997+0000] {processor.py:161} INFO - Started process (PID=5818) to work on /home/airflow/.local/lib/python3.11/site-packages/airflow/example_dags/example_branch_datetime_operator.py
[2024-07-09T17:01:43.998+0000] {processor.py:830} INFO - Processing file /home/airflow/.local/lib/python3.11/site-packages/airflow/example_dags/example_branch_datetime_operator.py for tasks to queue
[2024-07-09T17:01:43.999+0000] {logging_mixin.py:188} INFO - [2024-07-09T17:01:43.999+0000] {dagbag.py:540} INFO - Filling up the DagBag from /home/airflow/.local/lib/python3.11/site-packages/airflow/example_dags/example_branch_datetime_operator.py
[2024-07-09T17:01:44.009+0000] {processor.py:840} INFO - DAG(s) 'example_branch_datetime_operator', 'example_branch_datetime_operator_2', 'example_branch_datetime_operator_3' retrieved from /home/airflow/.local/lib/python3.11/site-packages/airflow/example_dags/example_branch_datetime_operator.py
[2024-07-09T17:01:44.039+0000] {logging_mixin.py:188} INFO - [2024-07-09T17:01:44.038+0000] {dag.py:3047} INFO - Sync 3 DAGs
[2024-07-09T17:01:44.059+0000] {logging_mixin.py:188} INFO - [2024-07-09T17:01:44.059+0000] {dag.py:3834} INFO - Setting next_dagrun for example_branch_datetime_operator to 2024-07-08 00:00:00+00:00, run_after=2024-07-09 00:00:00+00:00
[2024-07-09T17:01:44.064+0000] {logging_mixin.py:188} INFO - [2024-07-09T17:01:44.064+0000] {dag.py:3834} INFO - Setting next_dagrun for example_branch_datetime_operator_2 to 2024-07-08 00:00:00+00:00, run_after=2024-07-09 00:00:00+00:00
[2024-07-09T17:01:44.066+0000] {logging_mixin.py:188} INFO - [2024-07-09T17:01:44.066+0000] {dag.py:3834} INFO - Setting next_dagrun for example_branch_datetime_operator_3 to 2024-07-08 00:00:00+00:00, run_after=2024-07-09 00:00:00+00:00
[2024-07-09T17:01:44.083+0000] {processor.py:183} INFO - Processing /home/airflow/.local/lib/python3.11/site-packages/airflow/example_dags/example_branch_datetime_operator.py took 0.089 seconds
[2024-07-09T17:02:14.984+0000] {processor.py:161} INFO - Started process (PID=6080) to work on /home/airflow/.local/lib/python3.11/site-packages/airflow/example_dags/example_branch_datetime_operator.py
[2024-07-09T17:02:14.986+0000] {processor.py:830} INFO - Processing file /home/airflow/.local/lib/python3.11/site-packages/airflow/example_dags/example_branch_datetime_operator.py for tasks to queue
[2024-07-09T17:02:14.987+0000] {logging_mixin.py:188} INFO - [2024-07-09T17:02:14.986+0000] {dagbag.py:540} INFO - Filling up the DagBag from /home/airflow/.local/lib/python3.11/site-packages/airflow/example_dags/example_branch_datetime_operator.py
[2024-07-09T17:02:14.995+0000] {processor.py:840} INFO - DAG(s) 'example_branch_datetime_operator_3', 'example_branch_datetime_operator_2', 'example_branch_datetime_operator' retrieved from /home/airflow/.local/lib/python3.11/site-packages/airflow/example_dags/example_branch_datetime_operator.py
[2024-07-09T17:02:15.022+0000] {logging_mixin.py:188} INFO - [2024-07-09T17:02:15.022+0000] {dag.py:3047} INFO - Sync 3 DAGs
[2024-07-09T17:02:15.042+0000] {logging_mixin.py:188} INFO - [2024-07-09T17:02:15.041+0000] {dag.py:3834} INFO - Setting next_dagrun for example_branch_datetime_operator to 2024-07-08 00:00:00+00:00, run_after=2024-07-09 00:00:00+00:00
[2024-07-09T17:02:15.046+0000] {logging_mixin.py:188} INFO - [2024-07-09T17:02:15.046+0000] {dag.py:3834} INFO - Setting next_dagrun for example_branch_datetime_operator_2 to 2024-07-08 00:00:00+00:00, run_after=2024-07-09 00:00:00+00:00
[2024-07-09T17:02:15.048+0000] {logging_mixin.py:188} INFO - [2024-07-09T17:02:15.048+0000] {dag.py:3834} INFO - Setting next_dagrun for example_branch_datetime_operator_3 to 2024-07-08 00:00:00+00:00, run_after=2024-07-09 00:00:00+00:00
[2024-07-09T17:02:15.062+0000] {processor.py:183} INFO - Processing /home/airflow/.local/lib/python3.11/site-packages/airflow/example_dags/example_branch_datetime_operator.py took 0.080 seconds
[2024-07-09T17:02:45.652+0000] {processor.py:161} INFO - Started process (PID=6342) to work on /home/airflow/.local/lib/python3.11/site-packages/airflow/example_dags/example_branch_datetime_operator.py
[2024-07-09T17:02:45.654+0000] {processor.py:830} INFO - Processing file /home/airflow/.local/lib/python3.11/site-packages/airflow/example_dags/example_branch_datetime_operator.py for tasks to queue
[2024-07-09T17:02:45.655+0000] {logging_mixin.py:188} INFO - [2024-07-09T17:02:45.655+0000] {dagbag.py:540} INFO - Filling up the DagBag from /home/airflow/.local/lib/python3.11/site-packages/airflow/example_dags/example_branch_datetime_operator.py
[2024-07-09T17:02:45.664+0000] {processor.py:840} INFO - DAG(s) 'example_branch_datetime_operator_2', 'example_branch_datetime_operator', 'example_branch_datetime_operator_3' retrieved from /home/airflow/.local/lib/python3.11/site-packages/airflow/example_dags/example_branch_datetime_operator.py
[2024-07-09T17:02:45.691+0000] {logging_mixin.py:188} INFO - [2024-07-09T17:02:45.691+0000] {dag.py:3047} INFO - Sync 3 DAGs
[2024-07-09T17:02:45.712+0000] {logging_mixin.py:188} INFO - [2024-07-09T17:02:45.712+0000] {dag.py:3834} INFO - Setting next_dagrun for example_branch_datetime_operator to 2024-07-08 00:00:00+00:00, run_after=2024-07-09 00:00:00+00:00
[2024-07-09T17:02:45.716+0000] {logging_mixin.py:188} INFO - [2024-07-09T17:02:45.716+0000] {dag.py:3834} INFO - Setting next_dagrun for example_branch_datetime_operator_2 to 2024-07-08 00:00:00+00:00, run_after=2024-07-09 00:00:00+00:00
[2024-07-09T17:02:45.719+0000] {logging_mixin.py:188} INFO - [2024-07-09T17:02:45.719+0000] {dag.py:3834} INFO - Setting next_dagrun for example_branch_datetime_operator_3 to 2024-07-08 00:00:00+00:00, run_after=2024-07-09 00:00:00+00:00
[2024-07-09T17:02:45.736+0000] {processor.py:183} INFO - Processing /home/airflow/.local/lib/python3.11/site-packages/airflow/example_dags/example_branch_datetime_operator.py took 0.086 seconds
[2024-07-09T17:03:16.100+0000] {processor.py:161} INFO - Started process (PID=6604) to work on /home/airflow/.local/lib/python3.11/site-packages/airflow/example_dags/example_branch_datetime_operator.py
[2024-07-09T17:03:16.101+0000] {processor.py:830} INFO - Processing file /home/airflow/.local/lib/python3.11/site-packages/airflow/example_dags/example_branch_datetime_operator.py for tasks to queue
[2024-07-09T17:03:16.101+0000] {logging_mixin.py:188} INFO - [2024-07-09T17:03:16.101+0000] {dagbag.py:540} INFO - Filling up the DagBag from /home/airflow/.local/lib/python3.11/site-packages/airflow/example_dags/example_branch_datetime_operator.py
[2024-07-09T17:03:16.110+0000] {processor.py:840} INFO - DAG(s) 'example_branch_datetime_operator_3', 'example_branch_datetime_operator', 'example_branch_datetime_operator_2' retrieved from /home/airflow/.local/lib/python3.11/site-packages/airflow/example_dags/example_branch_datetime_operator.py
[2024-07-09T17:03:16.141+0000] {logging_mixin.py:188} INFO - [2024-07-09T17:03:16.141+0000] {dag.py:3047} INFO - Sync 3 DAGs
[2024-07-09T17:03:16.164+0000] {logging_mixin.py:188} INFO - [2024-07-09T17:03:16.163+0000] {dag.py:3834} INFO - Setting next_dagrun for example_branch_datetime_operator to 2024-07-08 00:00:00+00:00, run_after=2024-07-09 00:00:00+00:00
[2024-07-09T17:03:16.170+0000] {logging_mixin.py:188} INFO - [2024-07-09T17:03:16.170+0000] {dag.py:3834} INFO - Setting next_dagrun for example_branch_datetime_operator_2 to 2024-07-08 00:00:00+00:00, run_after=2024-07-09 00:00:00+00:00
[2024-07-09T17:03:16.173+0000] {logging_mixin.py:188} INFO - [2024-07-09T17:03:16.173+0000] {dag.py:3834} INFO - Setting next_dagrun for example_branch_datetime_operator_3 to 2024-07-08 00:00:00+00:00, run_after=2024-07-09 00:00:00+00:00
[2024-07-09T17:03:16.198+0000] {processor.py:183} INFO - Processing /home/airflow/.local/lib/python3.11/site-packages/airflow/example_dags/example_branch_datetime_operator.py took 0.100 seconds
[2024-07-09T17:03:46.846+0000] {processor.py:161} INFO - Started process (PID=6866) to work on /home/airflow/.local/lib/python3.11/site-packages/airflow/example_dags/example_branch_datetime_operator.py
[2024-07-09T17:03:46.847+0000] {processor.py:830} INFO - Processing file /home/airflow/.local/lib/python3.11/site-packages/airflow/example_dags/example_branch_datetime_operator.py for tasks to queue
[2024-07-09T17:03:46.848+0000] {logging_mixin.py:188} INFO - [2024-07-09T17:03:46.848+0000] {dagbag.py:540} INFO - Filling up the DagBag from /home/airflow/.local/lib/python3.11/site-packages/airflow/example_dags/example_branch_datetime_operator.py
[2024-07-09T17:03:46.858+0000] {processor.py:840} INFO - DAG(s) 'example_branch_datetime_operator_2', 'example_branch_datetime_operator_3', 'example_branch_datetime_operator' retrieved from /home/airflow/.local/lib/python3.11/site-packages/airflow/example_dags/example_branch_datetime_operator.py
[2024-07-09T17:03:46.889+0000] {logging_mixin.py:188} INFO - [2024-07-09T17:03:46.889+0000] {dag.py:3047} INFO - Sync 3 DAGs
[2024-07-09T17:03:46.911+0000] {logging_mixin.py:188} INFO - [2024-07-09T17:03:46.911+0000] {dag.py:3834} INFO - Setting next_dagrun for example_branch_datetime_operator to 2024-07-08 00:00:00+00:00, run_after=2024-07-09 00:00:00+00:00
[2024-07-09T17:03:46.915+0000] {logging_mixin.py:188} INFO - [2024-07-09T17:03:46.915+0000] {dag.py:3834} INFO - Setting next_dagrun for example_branch_datetime_operator_2 to 2024-07-08 00:00:00+00:00, run_after=2024-07-09 00:00:00+00:00
[2024-07-09T17:03:46.918+0000] {logging_mixin.py:188} INFO - [2024-07-09T17:03:46.918+0000] {dag.py:3834} INFO - Setting next_dagrun for example_branch_datetime_operator_3 to 2024-07-08 00:00:00+00:00, run_after=2024-07-09 00:00:00+00:00
[2024-07-09T17:03:46.934+0000] {processor.py:183} INFO - Processing /home/airflow/.local/lib/python3.11/site-packages/airflow/example_dags/example_branch_datetime_operator.py took 0.091 seconds
[2024-07-09T17:04:17.718+0000] {processor.py:161} INFO - Started process (PID=7128) to work on /home/airflow/.local/lib/python3.11/site-packages/airflow/example_dags/example_branch_datetime_operator.py
[2024-07-09T17:04:17.720+0000] {processor.py:830} INFO - Processing file /home/airflow/.local/lib/python3.11/site-packages/airflow/example_dags/example_branch_datetime_operator.py for tasks to queue
[2024-07-09T17:04:17.721+0000] {logging_mixin.py:188} INFO - [2024-07-09T17:04:17.721+0000] {dagbag.py:540} INFO - Filling up the DagBag from /home/airflow/.local/lib/python3.11/site-packages/airflow/example_dags/example_branch_datetime_operator.py
[2024-07-09T17:04:17.731+0000] {processor.py:840} INFO - DAG(s) 'example_branch_datetime_operator_2', 'example_branch_datetime_operator_3', 'example_branch_datetime_operator' retrieved from /home/airflow/.local/lib/python3.11/site-packages/airflow/example_dags/example_branch_datetime_operator.py
[2024-07-09T17:04:17.762+0000] {logging_mixin.py:188} INFO - [2024-07-09T17:04:17.762+0000] {dag.py:3047} INFO - Sync 3 DAGs
[2024-07-09T17:04:17.789+0000] {logging_mixin.py:188} INFO - [2024-07-09T17:04:17.789+0000] {dag.py:3834} INFO - Setting next_dagrun for example_branch_datetime_operator to 2024-07-08 00:00:00+00:00, run_after=2024-07-09 00:00:00+00:00
[2024-07-09T17:04:17.795+0000] {logging_mixin.py:188} INFO - [2024-07-09T17:04:17.794+0000] {dag.py:3834} INFO - Setting next_dagrun for example_branch_datetime_operator_2 to 2024-07-08 00:00:00+00:00, run_after=2024-07-09 00:00:00+00:00
[2024-07-09T17:04:17.798+0000] {logging_mixin.py:188} INFO - [2024-07-09T17:04:17.797+0000] {dag.py:3834} INFO - Setting next_dagrun for example_branch_datetime_operator_3 to 2024-07-08 00:00:00+00:00, run_after=2024-07-09 00:00:00+00:00
[2024-07-09T17:04:17.823+0000] {processor.py:183} INFO - Processing /home/airflow/.local/lib/python3.11/site-packages/airflow/example_dags/example_branch_datetime_operator.py took 0.108 seconds
[2024-07-09T17:04:48.576+0000] {processor.py:161} INFO - Started process (PID=7424) to work on /home/airflow/.local/lib/python3.11/site-packages/airflow/example_dags/example_branch_datetime_operator.py
[2024-07-09T17:04:48.577+0000] {processor.py:830} INFO - Processing file /home/airflow/.local/lib/python3.11/site-packages/airflow/example_dags/example_branch_datetime_operator.py for tasks to queue
[2024-07-09T17:04:48.579+0000] {logging_mixin.py:188} INFO - [2024-07-09T17:04:48.578+0000] {dagbag.py:540} INFO - Filling up the DagBag from /home/airflow/.local/lib/python3.11/site-packages/airflow/example_dags/example_branch_datetime_operator.py
[2024-07-09T17:04:48.587+0000] {processor.py:840} INFO - DAG(s) 'example_branch_datetime_operator_2', 'example_branch_datetime_operator_3', 'example_branch_datetime_operator' retrieved from /home/airflow/.local/lib/python3.11/site-packages/airflow/example_dags/example_branch_datetime_operator.py
[2024-07-09T17:04:48.615+0000] {logging_mixin.py:188} INFO - [2024-07-09T17:04:48.615+0000] {dag.py:3047} INFO - Sync 3 DAGs
[2024-07-09T17:04:48.635+0000] {logging_mixin.py:188} INFO - [2024-07-09T17:04:48.635+0000] {dag.py:3834} INFO - Setting next_dagrun for example_branch_datetime_operator to 2024-07-08 00:00:00+00:00, run_after=2024-07-09 00:00:00+00:00
[2024-07-09T17:04:48.639+0000] {logging_mixin.py:188} INFO - [2024-07-09T17:04:48.639+0000] {dag.py:3834} INFO - Setting next_dagrun for example_branch_datetime_operator_2 to 2024-07-08 00:00:00+00:00, run_after=2024-07-09 00:00:00+00:00
[2024-07-09T17:04:48.641+0000] {logging_mixin.py:188} INFO - [2024-07-09T17:04:48.641+0000] {dag.py:3834} INFO - Setting next_dagrun for example_branch_datetime_operator_3 to 2024-07-08 00:00:00+00:00, run_after=2024-07-09 00:00:00+00:00
[2024-07-09T17:04:48.656+0000] {processor.py:183} INFO - Processing /home/airflow/.local/lib/python3.11/site-packages/airflow/example_dags/example_branch_datetime_operator.py took 0.082 seconds
[2024-07-09T17:05:19.434+0000] {processor.py:161} INFO - Started process (PID=7686) to work on /home/airflow/.local/lib/python3.11/site-packages/airflow/example_dags/example_branch_datetime_operator.py
[2024-07-09T17:05:19.435+0000] {processor.py:830} INFO - Processing file /home/airflow/.local/lib/python3.11/site-packages/airflow/example_dags/example_branch_datetime_operator.py for tasks to queue
[2024-07-09T17:05:19.436+0000] {logging_mixin.py:188} INFO - [2024-07-09T17:05:19.436+0000] {dagbag.py:540} INFO - Filling up the DagBag from /home/airflow/.local/lib/python3.11/site-packages/airflow/example_dags/example_branch_datetime_operator.py
[2024-07-09T17:05:19.445+0000] {processor.py:840} INFO - DAG(s) 'example_branch_datetime_operator_3', 'example_branch_datetime_operator', 'example_branch_datetime_operator_2' retrieved from /home/airflow/.local/lib/python3.11/site-packages/airflow/example_dags/example_branch_datetime_operator.py
[2024-07-09T17:05:19.472+0000] {logging_mixin.py:188} INFO - [2024-07-09T17:05:19.472+0000] {dag.py:3047} INFO - Sync 3 DAGs
[2024-07-09T17:05:19.493+0000] {logging_mixin.py:188} INFO - [2024-07-09T17:05:19.493+0000] {dag.py:3834} INFO - Setting next_dagrun for example_branch_datetime_operator to 2024-07-08 00:00:00+00:00, run_after=2024-07-09 00:00:00+00:00
[2024-07-09T17:05:19.497+0000] {logging_mixin.py:188} INFO - [2024-07-09T17:05:19.497+0000] {dag.py:3834} INFO - Setting next_dagrun for example_branch_datetime_operator_2 to 2024-07-08 00:00:00+00:00, run_after=2024-07-09 00:00:00+00:00
[2024-07-09T17:05:19.500+0000] {logging_mixin.py:188} INFO - [2024-07-09T17:05:19.499+0000] {dag.py:3834} INFO - Setting next_dagrun for example_branch_datetime_operator_3 to 2024-07-08 00:00:00+00:00, run_after=2024-07-09 00:00:00+00:00
[2024-07-09T17:05:19.519+0000] {processor.py:183} INFO - Processing /home/airflow/.local/lib/python3.11/site-packages/airflow/example_dags/example_branch_datetime_operator.py took 0.087 seconds
[2024-07-09T17:05:50.087+0000] {processor.py:161} INFO - Started process (PID=7948) to work on /home/airflow/.local/lib/python3.11/site-packages/airflow/example_dags/example_branch_datetime_operator.py
[2024-07-09T17:05:50.088+0000] {processor.py:830} INFO - Processing file /home/airflow/.local/lib/python3.11/site-packages/airflow/example_dags/example_branch_datetime_operator.py for tasks to queue
[2024-07-09T17:05:50.090+0000] {logging_mixin.py:188} INFO - [2024-07-09T17:05:50.089+0000] {dagbag.py:540} INFO - Filling up the DagBag from /home/airflow/.local/lib/python3.11/site-packages/airflow/example_dags/example_branch_datetime_operator.py
[2024-07-09T17:05:50.101+0000] {processor.py:840} INFO - DAG(s) 'example_branch_datetime_operator_2', 'example_branch_datetime_operator', 'example_branch_datetime_operator_3' retrieved from /home/airflow/.local/lib/python3.11/site-packages/airflow/example_dags/example_branch_datetime_operator.py
[2024-07-09T17:05:50.135+0000] {logging_mixin.py:188} INFO - [2024-07-09T17:05:50.134+0000] {dag.py:3047} INFO - Sync 3 DAGs
[2024-07-09T17:05:50.162+0000] {logging_mixin.py:188} INFO - [2024-07-09T17:05:50.161+0000] {dag.py:3834} INFO - Setting next_dagrun for example_branch_datetime_operator to 2024-07-08 00:00:00+00:00, run_after=2024-07-09 00:00:00+00:00
[2024-07-09T17:05:50.167+0000] {logging_mixin.py:188} INFO - [2024-07-09T17:05:50.167+0000] {dag.py:3834} INFO - Setting next_dagrun for example_branch_datetime_operator_2 to 2024-07-08 00:00:00+00:00, run_after=2024-07-09 00:00:00+00:00
[2024-07-09T17:05:50.170+0000] {logging_mixin.py:188} INFO - [2024-07-09T17:05:50.170+0000] {dag.py:3834} INFO - Setting next_dagrun for example_branch_datetime_operator_3 to 2024-07-08 00:00:00+00:00, run_after=2024-07-09 00:00:00+00:00
[2024-07-09T17:05:50.187+0000] {processor.py:183} INFO - Processing /home/airflow/.local/lib/python3.11/site-packages/airflow/example_dags/example_branch_datetime_operator.py took 0.107 seconds
[2024-07-09T17:06:20.454+0000] {processor.py:161} INFO - Started process (PID=8212) to work on /home/airflow/.local/lib/python3.11/site-packages/airflow/example_dags/example_branch_datetime_operator.py
[2024-07-09T17:06:20.456+0000] {processor.py:830} INFO - Processing file /home/airflow/.local/lib/python3.11/site-packages/airflow/example_dags/example_branch_datetime_operator.py for tasks to queue
[2024-07-09T17:06:20.457+0000] {logging_mixin.py:188} INFO - [2024-07-09T17:06:20.456+0000] {dagbag.py:540} INFO - Filling up the DagBag from /home/airflow/.local/lib/python3.11/site-packages/airflow/example_dags/example_branch_datetime_operator.py
[2024-07-09T17:06:20.469+0000] {processor.py:840} INFO - DAG(s) 'example_branch_datetime_operator_3', 'example_branch_datetime_operator_2', 'example_branch_datetime_operator' retrieved from /home/airflow/.local/lib/python3.11/site-packages/airflow/example_dags/example_branch_datetime_operator.py
[2024-07-09T17:06:20.499+0000] {logging_mixin.py:188} INFO - [2024-07-09T17:06:20.499+0000] {dag.py:3047} INFO - Sync 3 DAGs
[2024-07-09T17:06:20.520+0000] {logging_mixin.py:188} INFO - [2024-07-09T17:06:20.520+0000] {dag.py:3834} INFO - Setting next_dagrun for example_branch_datetime_operator to 2024-07-08 00:00:00+00:00, run_after=2024-07-09 00:00:00+00:00
[2024-07-09T17:06:20.526+0000] {logging_mixin.py:188} INFO - [2024-07-09T17:06:20.526+0000] {dag.py:3834} INFO - Setting next_dagrun for example_branch_datetime_operator_2 to 2024-07-08 00:00:00+00:00, run_after=2024-07-09 00:00:00+00:00
[2024-07-09T17:06:20.528+0000] {logging_mixin.py:188} INFO - [2024-07-09T17:06:20.528+0000] {dag.py:3834} INFO - Setting next_dagrun for example_branch_datetime_operator_3 to 2024-07-08 00:00:00+00:00, run_after=2024-07-09 00:00:00+00:00
[2024-07-09T17:06:20.547+0000] {processor.py:183} INFO - Processing /home/airflow/.local/lib/python3.11/site-packages/airflow/example_dags/example_branch_datetime_operator.py took 0.096 seconds
[2024-07-09T17:06:51.319+0000] {processor.py:161} INFO - Started process (PID=8472) to work on /home/airflow/.local/lib/python3.11/site-packages/airflow/example_dags/example_branch_datetime_operator.py
[2024-07-09T17:06:51.320+0000] {processor.py:830} INFO - Processing file /home/airflow/.local/lib/python3.11/site-packages/airflow/example_dags/example_branch_datetime_operator.py for tasks to queue
[2024-07-09T17:06:51.321+0000] {logging_mixin.py:188} INFO - [2024-07-09T17:06:51.320+0000] {dagbag.py:540} INFO - Filling up the DagBag from /home/airflow/.local/lib/python3.11/site-packages/airflow/example_dags/example_branch_datetime_operator.py
[2024-07-09T17:06:51.331+0000] {processor.py:840} INFO - DAG(s) 'example_branch_datetime_operator_3', 'example_branch_datetime_operator_2', 'example_branch_datetime_operator' retrieved from /home/airflow/.local/lib/python3.11/site-packages/airflow/example_dags/example_branch_datetime_operator.py
[2024-07-09T17:06:51.361+0000] {logging_mixin.py:188} INFO - [2024-07-09T17:06:51.361+0000] {dag.py:3047} INFO - Sync 3 DAGs
[2024-07-09T17:06:51.382+0000] {logging_mixin.py:188} INFO - [2024-07-09T17:06:51.382+0000] {dag.py:3834} INFO - Setting next_dagrun for example_branch_datetime_operator to 2024-07-08 00:00:00+00:00, run_after=2024-07-09 00:00:00+00:00
[2024-07-09T17:06:51.387+0000] {logging_mixin.py:188} INFO - [2024-07-09T17:06:51.386+0000] {dag.py:3834} INFO - Setting next_dagrun for example_branch_datetime_operator_2 to 2024-07-08 00:00:00+00:00, run_after=2024-07-09 00:00:00+00:00
[2024-07-09T17:06:51.389+0000] {logging_mixin.py:188} INFO - [2024-07-09T17:06:51.389+0000] {dag.py:3834} INFO - Setting next_dagrun for example_branch_datetime_operator_3 to 2024-07-08 00:00:00+00:00, run_after=2024-07-09 00:00:00+00:00
[2024-07-09T17:06:51.406+0000] {processor.py:183} INFO - Processing /home/airflow/.local/lib/python3.11/site-packages/airflow/example_dags/example_branch_datetime_operator.py took 0.091 seconds
