[2024-07-09T16:50:59.046+0000] {processor.py:161} INFO - Started process (PID=247) to work on /home/airflow/.local/lib/python3.11/site-packages/airflow/example_dags/example_kubernetes_executor.py
[2024-07-09T16:50:59.051+0000] {processor.py:830} INFO - Processing file /home/airflow/.local/lib/python3.11/site-packages/airflow/example_dags/example_kubernetes_executor.py for tasks to queue
[2024-07-09T16:50:59.054+0000] {logging_mixin.py:188} INFO - [2024-07-09T16:50:59.054+0000] {dagbag.py:540} INFO - Filling up the DagBag from /home/airflow/.local/lib/python3.11/site-packages/airflow/example_dags/example_kubernetes_executor.py
[2024-07-09T16:50:59.100+0000] {processor.py:840} INFO - DAG(s) 'example_kubernetes_executor' retrieved from /home/airflow/.local/lib/python3.11/site-packages/airflow/example_dags/example_kubernetes_executor.py
[2024-07-09T16:50:59.407+0000] {logging_mixin.py:188} INFO - [2024-07-09T16:50:59.406+0000] {override.py:1769} INFO - Created Permission View: can delete on DAG:example_kubernetes_executor
[2024-07-09T16:50:59.455+0000] {logging_mixin.py:188} INFO - [2024-07-09T16:50:59.454+0000] {override.py:1769} INFO - Created Permission View: can edit on DAG:example_kubernetes_executor
[2024-07-09T16:50:59.476+0000] {logging_mixin.py:188} INFO - [2024-07-09T16:50:59.475+0000] {override.py:1769} INFO - Created Permission View: can read on DAG:example_kubernetes_executor
[2024-07-09T16:50:59.477+0000] {logging_mixin.py:188} INFO - [2024-07-09T16:50:59.477+0000] {dag.py:3047} INFO - Sync 1 DAGs
[2024-07-09T16:50:59.514+0000] {logging_mixin.py:188} INFO - [2024-07-09T16:50:59.513+0000] {dag.py:3069} INFO - Creating ORM DAG for example_kubernetes_executor
[2024-07-09T16:50:59.517+0000] {logging_mixin.py:188} INFO - [2024-07-09T16:50:59.516+0000] {dag.py:3834} INFO - Setting next_dagrun for example_kubernetes_executor to None, run_after=None
[2024-07-09T16:50:59.583+0000] {processor.py:183} INFO - Processing /home/airflow/.local/lib/python3.11/site-packages/airflow/example_dags/example_kubernetes_executor.py took 0.545 seconds
[2024-07-09T16:51:29.855+0000] {processor.py:161} INFO - Started process (PID=509) to work on /home/airflow/.local/lib/python3.11/site-packages/airflow/example_dags/example_kubernetes_executor.py
[2024-07-09T16:51:29.856+0000] {processor.py:830} INFO - Processing file /home/airflow/.local/lib/python3.11/site-packages/airflow/example_dags/example_kubernetes_executor.py for tasks to queue
[2024-07-09T16:51:29.857+0000] {logging_mixin.py:188} INFO - [2024-07-09T16:51:29.856+0000] {dagbag.py:540} INFO - Filling up the DagBag from /home/airflow/.local/lib/python3.11/site-packages/airflow/example_dags/example_kubernetes_executor.py
[2024-07-09T16:51:29.869+0000] {processor.py:840} INFO - DAG(s) 'example_kubernetes_executor' retrieved from /home/airflow/.local/lib/python3.11/site-packages/airflow/example_dags/example_kubernetes_executor.py
[2024-07-09T16:51:29.898+0000] {logging_mixin.py:188} INFO - [2024-07-09T16:51:29.898+0000] {dag.py:3047} INFO - Sync 1 DAGs
[2024-07-09T16:51:29.908+0000] {logging_mixin.py:188} INFO - [2024-07-09T16:51:29.908+0000] {dag.py:3834} INFO - Setting next_dagrun for example_kubernetes_executor to None, run_after=None
[2024-07-09T16:51:29.922+0000] {processor.py:183} INFO - Processing /home/airflow/.local/lib/python3.11/site-packages/airflow/example_dags/example_kubernetes_executor.py took 0.070 seconds
[2024-07-09T16:52:00.030+0000] {processor.py:161} INFO - Started process (PID=771) to work on /home/airflow/.local/lib/python3.11/site-packages/airflow/example_dags/example_kubernetes_executor.py
[2024-07-09T16:52:00.031+0000] {processor.py:830} INFO - Processing file /home/airflow/.local/lib/python3.11/site-packages/airflow/example_dags/example_kubernetes_executor.py for tasks to queue
[2024-07-09T16:52:00.032+0000] {logging_mixin.py:188} INFO - [2024-07-09T16:52:00.031+0000] {dagbag.py:540} INFO - Filling up the DagBag from /home/airflow/.local/lib/python3.11/site-packages/airflow/example_dags/example_kubernetes_executor.py
[2024-07-09T16:52:00.041+0000] {processor.py:840} INFO - DAG(s) 'example_kubernetes_executor' retrieved from /home/airflow/.local/lib/python3.11/site-packages/airflow/example_dags/example_kubernetes_executor.py
[2024-07-09T16:52:00.075+0000] {logging_mixin.py:188} INFO - [2024-07-09T16:52:00.075+0000] {dag.py:3047} INFO - Sync 1 DAGs
[2024-07-09T16:52:00.086+0000] {logging_mixin.py:188} INFO - [2024-07-09T16:52:00.086+0000] {dag.py:3834} INFO - Setting next_dagrun for example_kubernetes_executor to None, run_after=None
[2024-07-09T16:52:00.107+0000] {processor.py:183} INFO - Processing /home/airflow/.local/lib/python3.11/site-packages/airflow/example_dags/example_kubernetes_executor.py took 0.080 seconds
[2024-07-09T16:52:30.431+0000] {processor.py:161} INFO - Started process (PID=1031) to work on /home/airflow/.local/lib/python3.11/site-packages/airflow/example_dags/example_kubernetes_executor.py
[2024-07-09T16:52:30.433+0000] {processor.py:830} INFO - Processing file /home/airflow/.local/lib/python3.11/site-packages/airflow/example_dags/example_kubernetes_executor.py for tasks to queue
[2024-07-09T16:52:30.434+0000] {logging_mixin.py:188} INFO - [2024-07-09T16:52:30.434+0000] {dagbag.py:540} INFO - Filling up the DagBag from /home/airflow/.local/lib/python3.11/site-packages/airflow/example_dags/example_kubernetes_executor.py
[2024-07-09T16:52:30.449+0000] {processor.py:840} INFO - DAG(s) 'example_kubernetes_executor' retrieved from /home/airflow/.local/lib/python3.11/site-packages/airflow/example_dags/example_kubernetes_executor.py
[2024-07-09T16:52:30.492+0000] {logging_mixin.py:188} INFO - [2024-07-09T16:52:30.492+0000] {dag.py:3047} INFO - Sync 1 DAGs
[2024-07-09T16:52:30.506+0000] {logging_mixin.py:188} INFO - [2024-07-09T16:52:30.506+0000] {dag.py:3834} INFO - Setting next_dagrun for example_kubernetes_executor to None, run_after=None
[2024-07-09T16:52:30.544+0000] {processor.py:183} INFO - Processing /home/airflow/.local/lib/python3.11/site-packages/airflow/example_dags/example_kubernetes_executor.py took 0.118 seconds
[2024-07-09T16:53:01.350+0000] {processor.py:161} INFO - Started process (PID=1293) to work on /home/airflow/.local/lib/python3.11/site-packages/airflow/example_dags/example_kubernetes_executor.py
[2024-07-09T16:53:01.351+0000] {processor.py:830} INFO - Processing file /home/airflow/.local/lib/python3.11/site-packages/airflow/example_dags/example_kubernetes_executor.py for tasks to queue
[2024-07-09T16:53:01.352+0000] {logging_mixin.py:188} INFO - [2024-07-09T16:53:01.352+0000] {dagbag.py:540} INFO - Filling up the DagBag from /home/airflow/.local/lib/python3.11/site-packages/airflow/example_dags/example_kubernetes_executor.py
[2024-07-09T16:53:01.362+0000] {processor.py:840} INFO - DAG(s) 'example_kubernetes_executor' retrieved from /home/airflow/.local/lib/python3.11/site-packages/airflow/example_dags/example_kubernetes_executor.py
[2024-07-09T16:53:01.510+0000] {logging_mixin.py:188} INFO - [2024-07-09T16:53:01.510+0000] {dag.py:3047} INFO - Sync 1 DAGs
[2024-07-09T16:53:01.521+0000] {logging_mixin.py:188} INFO - [2024-07-09T16:53:01.520+0000] {dag.py:3834} INFO - Setting next_dagrun for example_kubernetes_executor to None, run_after=None
[2024-07-09T16:53:01.539+0000] {processor.py:183} INFO - Processing /home/airflow/.local/lib/python3.11/site-packages/airflow/example_dags/example_kubernetes_executor.py took 0.193 seconds
[2024-07-09T16:53:32.385+0000] {processor.py:161} INFO - Started process (PID=1547) to work on /home/airflow/.local/lib/python3.11/site-packages/airflow/example_dags/example_kubernetes_executor.py
[2024-07-09T16:53:32.386+0000] {processor.py:830} INFO - Processing file /home/airflow/.local/lib/python3.11/site-packages/airflow/example_dags/example_kubernetes_executor.py for tasks to queue
[2024-07-09T16:53:32.387+0000] {logging_mixin.py:188} INFO - [2024-07-09T16:53:32.387+0000] {dagbag.py:540} INFO - Filling up the DagBag from /home/airflow/.local/lib/python3.11/site-packages/airflow/example_dags/example_kubernetes_executor.py
[2024-07-09T16:53:32.398+0000] {processor.py:840} INFO - DAG(s) 'example_kubernetes_executor' retrieved from /home/airflow/.local/lib/python3.11/site-packages/airflow/example_dags/example_kubernetes_executor.py
[2024-07-09T16:53:32.434+0000] {logging_mixin.py:188} INFO - [2024-07-09T16:53:32.433+0000] {dag.py:3047} INFO - Sync 1 DAGs
[2024-07-09T16:53:32.447+0000] {logging_mixin.py:188} INFO - [2024-07-09T16:53:32.446+0000] {dag.py:3834} INFO - Setting next_dagrun for example_kubernetes_executor to None, run_after=None
[2024-07-09T16:53:32.470+0000] {processor.py:183} INFO - Processing /home/airflow/.local/lib/python3.11/site-packages/airflow/example_dags/example_kubernetes_executor.py took 0.089 seconds
[2024-07-09T16:54:02.753+0000] {processor.py:161} INFO - Started process (PID=1805) to work on /home/airflow/.local/lib/python3.11/site-packages/airflow/example_dags/example_kubernetes_executor.py
[2024-07-09T16:54:02.754+0000] {processor.py:830} INFO - Processing file /home/airflow/.local/lib/python3.11/site-packages/airflow/example_dags/example_kubernetes_executor.py for tasks to queue
[2024-07-09T16:54:02.755+0000] {logging_mixin.py:188} INFO - [2024-07-09T16:54:02.755+0000] {dagbag.py:540} INFO - Filling up the DagBag from /home/airflow/.local/lib/python3.11/site-packages/airflow/example_dags/example_kubernetes_executor.py
[2024-07-09T16:54:02.765+0000] {processor.py:840} INFO - DAG(s) 'example_kubernetes_executor' retrieved from /home/airflow/.local/lib/python3.11/site-packages/airflow/example_dags/example_kubernetes_executor.py
[2024-07-09T16:54:02.797+0000] {logging_mixin.py:188} INFO - [2024-07-09T16:54:02.797+0000] {dag.py:3047} INFO - Sync 1 DAGs
[2024-07-09T16:54:02.807+0000] {logging_mixin.py:188} INFO - [2024-07-09T16:54:02.806+0000] {dag.py:3834} INFO - Setting next_dagrun for example_kubernetes_executor to None, run_after=None
[2024-07-09T16:54:02.822+0000] {processor.py:183} INFO - Processing /home/airflow/.local/lib/python3.11/site-packages/airflow/example_dags/example_kubernetes_executor.py took 0.072 seconds
[2024-07-09T16:54:32.942+0000] {processor.py:161} INFO - Started process (PID=2067) to work on /home/airflow/.local/lib/python3.11/site-packages/airflow/example_dags/example_kubernetes_executor.py
[2024-07-09T16:54:32.943+0000] {processor.py:830} INFO - Processing file /home/airflow/.local/lib/python3.11/site-packages/airflow/example_dags/example_kubernetes_executor.py for tasks to queue
[2024-07-09T16:54:32.945+0000] {logging_mixin.py:188} INFO - [2024-07-09T16:54:32.944+0000] {dagbag.py:540} INFO - Filling up the DagBag from /home/airflow/.local/lib/python3.11/site-packages/airflow/example_dags/example_kubernetes_executor.py
[2024-07-09T16:54:32.956+0000] {processor.py:840} INFO - DAG(s) 'example_kubernetes_executor' retrieved from /home/airflow/.local/lib/python3.11/site-packages/airflow/example_dags/example_kubernetes_executor.py
[2024-07-09T16:54:32.992+0000] {logging_mixin.py:188} INFO - [2024-07-09T16:54:32.992+0000] {dag.py:3047} INFO - Sync 1 DAGs
[2024-07-09T16:54:33.001+0000] {logging_mixin.py:188} INFO - [2024-07-09T16:54:33.001+0000] {dag.py:3834} INFO - Setting next_dagrun for example_kubernetes_executor to None, run_after=None
[2024-07-09T16:54:33.023+0000] {processor.py:183} INFO - Processing /home/airflow/.local/lib/python3.11/site-packages/airflow/example_dags/example_kubernetes_executor.py took 0.084 seconds
[2024-07-09T16:55:03.172+0000] {processor.py:161} INFO - Started process (PID=2334) to work on /home/airflow/.local/lib/python3.11/site-packages/airflow/example_dags/example_kubernetes_executor.py
[2024-07-09T16:55:03.173+0000] {processor.py:830} INFO - Processing file /home/airflow/.local/lib/python3.11/site-packages/airflow/example_dags/example_kubernetes_executor.py for tasks to queue
[2024-07-09T16:55:03.174+0000] {logging_mixin.py:188} INFO - [2024-07-09T16:55:03.173+0000] {dagbag.py:540} INFO - Filling up the DagBag from /home/airflow/.local/lib/python3.11/site-packages/airflow/example_dags/example_kubernetes_executor.py
[2024-07-09T16:55:03.184+0000] {processor.py:840} INFO - DAG(s) 'example_kubernetes_executor' retrieved from /home/airflow/.local/lib/python3.11/site-packages/airflow/example_dags/example_kubernetes_executor.py
[2024-07-09T16:55:03.215+0000] {logging_mixin.py:188} INFO - [2024-07-09T16:55:03.215+0000] {dag.py:3047} INFO - Sync 1 DAGs
[2024-07-09T16:55:03.223+0000] {logging_mixin.py:188} INFO - [2024-07-09T16:55:03.223+0000] {dag.py:3834} INFO - Setting next_dagrun for example_kubernetes_executor to None, run_after=None
[2024-07-09T16:55:03.243+0000] {processor.py:183} INFO - Processing /home/airflow/.local/lib/python3.11/site-packages/airflow/example_dags/example_kubernetes_executor.py took 0.074 seconds
[2024-07-09T16:55:33.643+0000] {processor.py:161} INFO - Started process (PID=2591) to work on /home/airflow/.local/lib/python3.11/site-packages/airflow/example_dags/example_kubernetes_executor.py
[2024-07-09T16:55:33.644+0000] {processor.py:830} INFO - Processing file /home/airflow/.local/lib/python3.11/site-packages/airflow/example_dags/example_kubernetes_executor.py for tasks to queue
[2024-07-09T16:55:33.645+0000] {logging_mixin.py:188} INFO - [2024-07-09T16:55:33.645+0000] {dagbag.py:540} INFO - Filling up the DagBag from /home/airflow/.local/lib/python3.11/site-packages/airflow/example_dags/example_kubernetes_executor.py
[2024-07-09T16:55:33.656+0000] {processor.py:840} INFO - DAG(s) 'example_kubernetes_executor' retrieved from /home/airflow/.local/lib/python3.11/site-packages/airflow/example_dags/example_kubernetes_executor.py
[2024-07-09T16:55:33.687+0000] {logging_mixin.py:188} INFO - [2024-07-09T16:55:33.687+0000] {dag.py:3047} INFO - Sync 1 DAGs
[2024-07-09T16:55:33.696+0000] {logging_mixin.py:188} INFO - [2024-07-09T16:55:33.696+0000] {dag.py:3834} INFO - Setting next_dagrun for example_kubernetes_executor to None, run_after=None
[2024-07-09T16:55:33.713+0000] {processor.py:183} INFO - Processing /home/airflow/.local/lib/python3.11/site-packages/airflow/example_dags/example_kubernetes_executor.py took 0.073 seconds
[2024-07-09T16:56:03.798+0000] {processor.py:161} INFO - Started process (PID=2853) to work on /home/airflow/.local/lib/python3.11/site-packages/airflow/example_dags/example_kubernetes_executor.py
[2024-07-09T16:56:03.799+0000] {processor.py:830} INFO - Processing file /home/airflow/.local/lib/python3.11/site-packages/airflow/example_dags/example_kubernetes_executor.py for tasks to queue
[2024-07-09T16:56:03.800+0000] {logging_mixin.py:188} INFO - [2024-07-09T16:56:03.800+0000] {dagbag.py:540} INFO - Filling up the DagBag from /home/airflow/.local/lib/python3.11/site-packages/airflow/example_dags/example_kubernetes_executor.py
[2024-07-09T16:56:03.809+0000] {processor.py:840} INFO - DAG(s) 'example_kubernetes_executor' retrieved from /home/airflow/.local/lib/python3.11/site-packages/airflow/example_dags/example_kubernetes_executor.py
[2024-07-09T16:56:03.842+0000] {logging_mixin.py:188} INFO - [2024-07-09T16:56:03.842+0000] {dag.py:3047} INFO - Sync 1 DAGs
[2024-07-09T16:56:03.853+0000] {logging_mixin.py:188} INFO - [2024-07-09T16:56:03.853+0000] {dag.py:3834} INFO - Setting next_dagrun for example_kubernetes_executor to None, run_after=None
[2024-07-09T16:56:03.868+0000] {processor.py:183} INFO - Processing /home/airflow/.local/lib/python3.11/site-packages/airflow/example_dags/example_kubernetes_executor.py took 0.073 seconds
[2024-07-09T16:56:33.979+0000] {processor.py:161} INFO - Started process (PID=3115) to work on /home/airflow/.local/lib/python3.11/site-packages/airflow/example_dags/example_kubernetes_executor.py
[2024-07-09T16:56:33.980+0000] {processor.py:830} INFO - Processing file /home/airflow/.local/lib/python3.11/site-packages/airflow/example_dags/example_kubernetes_executor.py for tasks to queue
[2024-07-09T16:56:33.981+0000] {logging_mixin.py:188} INFO - [2024-07-09T16:56:33.981+0000] {dagbag.py:540} INFO - Filling up the DagBag from /home/airflow/.local/lib/python3.11/site-packages/airflow/example_dags/example_kubernetes_executor.py
[2024-07-09T16:56:33.991+0000] {processor.py:840} INFO - DAG(s) 'example_kubernetes_executor' retrieved from /home/airflow/.local/lib/python3.11/site-packages/airflow/example_dags/example_kubernetes_executor.py
[2024-07-09T16:56:34.021+0000] {logging_mixin.py:188} INFO - [2024-07-09T16:56:34.021+0000] {dag.py:3047} INFO - Sync 1 DAGs
[2024-07-09T16:56:34.031+0000] {logging_mixin.py:188} INFO - [2024-07-09T16:56:34.031+0000] {dag.py:3834} INFO - Setting next_dagrun for example_kubernetes_executor to None, run_after=None
[2024-07-09T16:56:34.048+0000] {processor.py:183} INFO - Processing /home/airflow/.local/lib/python3.11/site-packages/airflow/example_dags/example_kubernetes_executor.py took 0.072 seconds
[2024-07-09T16:57:04.261+0000] {processor.py:161} INFO - Started process (PID=3377) to work on /home/airflow/.local/lib/python3.11/site-packages/airflow/example_dags/example_kubernetes_executor.py
[2024-07-09T16:57:04.262+0000] {processor.py:830} INFO - Processing file /home/airflow/.local/lib/python3.11/site-packages/airflow/example_dags/example_kubernetes_executor.py for tasks to queue
[2024-07-09T16:57:04.263+0000] {logging_mixin.py:188} INFO - [2024-07-09T16:57:04.263+0000] {dagbag.py:540} INFO - Filling up the DagBag from /home/airflow/.local/lib/python3.11/site-packages/airflow/example_dags/example_kubernetes_executor.py
[2024-07-09T16:57:04.272+0000] {processor.py:840} INFO - DAG(s) 'example_kubernetes_executor' retrieved from /home/airflow/.local/lib/python3.11/site-packages/airflow/example_dags/example_kubernetes_executor.py
[2024-07-09T16:57:04.305+0000] {logging_mixin.py:188} INFO - [2024-07-09T16:57:04.305+0000] {dag.py:3047} INFO - Sync 1 DAGs
[2024-07-09T16:57:04.314+0000] {logging_mixin.py:188} INFO - [2024-07-09T16:57:04.314+0000] {dag.py:3834} INFO - Setting next_dagrun for example_kubernetes_executor to None, run_after=None
[2024-07-09T16:57:04.328+0000] {processor.py:183} INFO - Processing /home/airflow/.local/lib/python3.11/site-packages/airflow/example_dags/example_kubernetes_executor.py took 0.069 seconds
[2024-07-09T16:57:34.843+0000] {processor.py:161} INFO - Started process (PID=3639) to work on /home/airflow/.local/lib/python3.11/site-packages/airflow/example_dags/example_kubernetes_executor.py
[2024-07-09T16:57:34.844+0000] {processor.py:830} INFO - Processing file /home/airflow/.local/lib/python3.11/site-packages/airflow/example_dags/example_kubernetes_executor.py for tasks to queue
[2024-07-09T16:57:34.851+0000] {logging_mixin.py:188} INFO - [2024-07-09T16:57:34.851+0000] {dagbag.py:540} INFO - Filling up the DagBag from /home/airflow/.local/lib/python3.11/site-packages/airflow/example_dags/example_kubernetes_executor.py
[2024-07-09T16:57:34.864+0000] {processor.py:840} INFO - DAG(s) 'example_kubernetes_executor' retrieved from /home/airflow/.local/lib/python3.11/site-packages/airflow/example_dags/example_kubernetes_executor.py
[2024-07-09T16:57:34.920+0000] {logging_mixin.py:188} INFO - [2024-07-09T16:57:34.919+0000] {dag.py:3047} INFO - Sync 1 DAGs
[2024-07-09T16:57:34.931+0000] {logging_mixin.py:188} INFO - [2024-07-09T16:57:34.931+0000] {dag.py:3834} INFO - Setting next_dagrun for example_kubernetes_executor to None, run_after=None
[2024-07-09T16:57:34.950+0000] {processor.py:183} INFO - Processing /home/airflow/.local/lib/python3.11/site-packages/airflow/example_dags/example_kubernetes_executor.py took 0.110 seconds
[2024-07-09T16:58:04.994+0000] {processor.py:161} INFO - Started process (PID=3901) to work on /home/airflow/.local/lib/python3.11/site-packages/airflow/example_dags/example_kubernetes_executor.py
[2024-07-09T16:58:04.995+0000] {processor.py:830} INFO - Processing file /home/airflow/.local/lib/python3.11/site-packages/airflow/example_dags/example_kubernetes_executor.py for tasks to queue
[2024-07-09T16:58:04.996+0000] {logging_mixin.py:188} INFO - [2024-07-09T16:58:04.996+0000] {dagbag.py:540} INFO - Filling up the DagBag from /home/airflow/.local/lib/python3.11/site-packages/airflow/example_dags/example_kubernetes_executor.py
[2024-07-09T16:58:05.006+0000] {processor.py:840} INFO - DAG(s) 'example_kubernetes_executor' retrieved from /home/airflow/.local/lib/python3.11/site-packages/airflow/example_dags/example_kubernetes_executor.py
[2024-07-09T16:58:05.037+0000] {logging_mixin.py:188} INFO - [2024-07-09T16:58:05.037+0000] {dag.py:3047} INFO - Sync 1 DAGs
[2024-07-09T16:58:05.046+0000] {logging_mixin.py:188} INFO - [2024-07-09T16:58:05.046+0000] {dag.py:3834} INFO - Setting next_dagrun for example_kubernetes_executor to None, run_after=None
[2024-07-09T16:58:05.063+0000] {processor.py:183} INFO - Processing /home/airflow/.local/lib/python3.11/site-packages/airflow/example_dags/example_kubernetes_executor.py took 0.072 seconds
[2024-07-09T16:58:35.400+0000] {processor.py:161} INFO - Started process (PID=4163) to work on /home/airflow/.local/lib/python3.11/site-packages/airflow/example_dags/example_kubernetes_executor.py
[2024-07-09T16:58:35.402+0000] {processor.py:830} INFO - Processing file /home/airflow/.local/lib/python3.11/site-packages/airflow/example_dags/example_kubernetes_executor.py for tasks to queue
[2024-07-09T16:58:35.402+0000] {logging_mixin.py:188} INFO - [2024-07-09T16:58:35.402+0000] {dagbag.py:540} INFO - Filling up the DagBag from /home/airflow/.local/lib/python3.11/site-packages/airflow/example_dags/example_kubernetes_executor.py
[2024-07-09T16:58:35.411+0000] {processor.py:840} INFO - DAG(s) 'example_kubernetes_executor' retrieved from /home/airflow/.local/lib/python3.11/site-packages/airflow/example_dags/example_kubernetes_executor.py
[2024-07-09T16:58:35.443+0000] {logging_mixin.py:188} INFO - [2024-07-09T16:58:35.443+0000] {dag.py:3047} INFO - Sync 1 DAGs
[2024-07-09T16:58:35.453+0000] {logging_mixin.py:188} INFO - [2024-07-09T16:58:35.452+0000] {dag.py:3834} INFO - Setting next_dagrun for example_kubernetes_executor to None, run_after=None
[2024-07-09T16:58:35.466+0000] {processor.py:183} INFO - Processing /home/airflow/.local/lib/python3.11/site-packages/airflow/example_dags/example_kubernetes_executor.py took 0.068 seconds
[2024-07-09T16:59:06.258+0000] {processor.py:161} INFO - Started process (PID=4425) to work on /home/airflow/.local/lib/python3.11/site-packages/airflow/example_dags/example_kubernetes_executor.py
[2024-07-09T16:59:06.259+0000] {processor.py:830} INFO - Processing file /home/airflow/.local/lib/python3.11/site-packages/airflow/example_dags/example_kubernetes_executor.py for tasks to queue
[2024-07-09T16:59:06.260+0000] {logging_mixin.py:188} INFO - [2024-07-09T16:59:06.259+0000] {dagbag.py:540} INFO - Filling up the DagBag from /home/airflow/.local/lib/python3.11/site-packages/airflow/example_dags/example_kubernetes_executor.py
[2024-07-09T16:59:06.272+0000] {processor.py:840} INFO - DAG(s) 'example_kubernetes_executor' retrieved from /home/airflow/.local/lib/python3.11/site-packages/airflow/example_dags/example_kubernetes_executor.py
[2024-07-09T16:59:06.304+0000] {logging_mixin.py:188} INFO - [2024-07-09T16:59:06.304+0000] {dag.py:3047} INFO - Sync 1 DAGs
[2024-07-09T16:59:06.313+0000] {logging_mixin.py:188} INFO - [2024-07-09T16:59:06.313+0000] {dag.py:3834} INFO - Setting next_dagrun for example_kubernetes_executor to None, run_after=None
[2024-07-09T16:59:06.331+0000] {processor.py:183} INFO - Processing /home/airflow/.local/lib/python3.11/site-packages/airflow/example_dags/example_kubernetes_executor.py took 0.076 seconds
[2024-07-09T16:59:36.388+0000] {processor.py:161} INFO - Started process (PID=4687) to work on /home/airflow/.local/lib/python3.11/site-packages/airflow/example_dags/example_kubernetes_executor.py
[2024-07-09T16:59:36.389+0000] {processor.py:830} INFO - Processing file /home/airflow/.local/lib/python3.11/site-packages/airflow/example_dags/example_kubernetes_executor.py for tasks to queue
[2024-07-09T16:59:36.390+0000] {logging_mixin.py:188} INFO - [2024-07-09T16:59:36.389+0000] {dagbag.py:540} INFO - Filling up the DagBag from /home/airflow/.local/lib/python3.11/site-packages/airflow/example_dags/example_kubernetes_executor.py
[2024-07-09T16:59:36.401+0000] {processor.py:840} INFO - DAG(s) 'example_kubernetes_executor' retrieved from /home/airflow/.local/lib/python3.11/site-packages/airflow/example_dags/example_kubernetes_executor.py
[2024-07-09T16:59:36.464+0000] {logging_mixin.py:188} INFO - [2024-07-09T16:59:36.463+0000] {dag.py:3047} INFO - Sync 1 DAGs
[2024-07-09T16:59:36.474+0000] {logging_mixin.py:188} INFO - [2024-07-09T16:59:36.474+0000] {dag.py:3834} INFO - Setting next_dagrun for example_kubernetes_executor to None, run_after=None
[2024-07-09T16:59:36.498+0000] {processor.py:183} INFO - Processing /home/airflow/.local/lib/python3.11/site-packages/airflow/example_dags/example_kubernetes_executor.py took 0.113 seconds
[2024-07-09T17:00:06.958+0000] {processor.py:161} INFO - Started process (PID=4947) to work on /home/airflow/.local/lib/python3.11/site-packages/airflow/example_dags/example_kubernetes_executor.py
[2024-07-09T17:00:06.959+0000] {processor.py:830} INFO - Processing file /home/airflow/.local/lib/python3.11/site-packages/airflow/example_dags/example_kubernetes_executor.py for tasks to queue
[2024-07-09T17:00:06.961+0000] {logging_mixin.py:188} INFO - [2024-07-09T17:00:06.960+0000] {dagbag.py:540} INFO - Filling up the DagBag from /home/airflow/.local/lib/python3.11/site-packages/airflow/example_dags/example_kubernetes_executor.py
[2024-07-09T17:00:06.978+0000] {processor.py:840} INFO - DAG(s) 'example_kubernetes_executor' retrieved from /home/airflow/.local/lib/python3.11/site-packages/airflow/example_dags/example_kubernetes_executor.py
[2024-07-09T17:00:07.029+0000] {logging_mixin.py:188} INFO - [2024-07-09T17:00:07.029+0000] {dag.py:3047} INFO - Sync 1 DAGs
[2024-07-09T17:00:07.049+0000] {logging_mixin.py:188} INFO - [2024-07-09T17:00:07.049+0000] {dag.py:3834} INFO - Setting next_dagrun for example_kubernetes_executor to None, run_after=None
[2024-07-09T17:00:07.089+0000] {processor.py:183} INFO - Processing /home/airflow/.local/lib/python3.11/site-packages/airflow/example_dags/example_kubernetes_executor.py took 0.136 seconds
[2024-07-09T17:00:37.534+0000] {processor.py:161} INFO - Started process (PID=5209) to work on /home/airflow/.local/lib/python3.11/site-packages/airflow/example_dags/example_kubernetes_executor.py
[2024-07-09T17:00:37.536+0000] {processor.py:830} INFO - Processing file /home/airflow/.local/lib/python3.11/site-packages/airflow/example_dags/example_kubernetes_executor.py for tasks to queue
[2024-07-09T17:00:37.537+0000] {logging_mixin.py:188} INFO - [2024-07-09T17:00:37.536+0000] {dagbag.py:540} INFO - Filling up the DagBag from /home/airflow/.local/lib/python3.11/site-packages/airflow/example_dags/example_kubernetes_executor.py
[2024-07-09T17:00:37.548+0000] {processor.py:840} INFO - DAG(s) 'example_kubernetes_executor' retrieved from /home/airflow/.local/lib/python3.11/site-packages/airflow/example_dags/example_kubernetes_executor.py
[2024-07-09T17:00:37.587+0000] {logging_mixin.py:188} INFO - [2024-07-09T17:00:37.587+0000] {dag.py:3047} INFO - Sync 1 DAGs
[2024-07-09T17:00:37.600+0000] {logging_mixin.py:188} INFO - [2024-07-09T17:00:37.599+0000] {dag.py:3834} INFO - Setting next_dagrun for example_kubernetes_executor to None, run_after=None
[2024-07-09T17:00:37.617+0000] {processor.py:183} INFO - Processing /home/airflow/.local/lib/python3.11/site-packages/airflow/example_dags/example_kubernetes_executor.py took 0.086 seconds
[2024-07-09T17:01:08.634+0000] {processor.py:161} INFO - Started process (PID=5473) to work on /home/airflow/.local/lib/python3.11/site-packages/airflow/example_dags/example_kubernetes_executor.py
[2024-07-09T17:01:08.635+0000] {processor.py:830} INFO - Processing file /home/airflow/.local/lib/python3.11/site-packages/airflow/example_dags/example_kubernetes_executor.py for tasks to queue
[2024-07-09T17:01:08.636+0000] {logging_mixin.py:188} INFO - [2024-07-09T17:01:08.636+0000] {dagbag.py:540} INFO - Filling up the DagBag from /home/airflow/.local/lib/python3.11/site-packages/airflow/example_dags/example_kubernetes_executor.py
[2024-07-09T17:01:08.645+0000] {processor.py:840} INFO - DAG(s) 'example_kubernetes_executor' retrieved from /home/airflow/.local/lib/python3.11/site-packages/airflow/example_dags/example_kubernetes_executor.py
[2024-07-09T17:01:08.681+0000] {logging_mixin.py:188} INFO - [2024-07-09T17:01:08.681+0000] {dag.py:3047} INFO - Sync 1 DAGs
[2024-07-09T17:01:08.690+0000] {logging_mixin.py:188} INFO - [2024-07-09T17:01:08.690+0000] {dag.py:3834} INFO - Setting next_dagrun for example_kubernetes_executor to None, run_after=None
[2024-07-09T17:01:08.706+0000] {processor.py:183} INFO - Processing /home/airflow/.local/lib/python3.11/site-packages/airflow/example_dags/example_kubernetes_executor.py took 0.075 seconds
[2024-07-09T17:01:38.855+0000] {processor.py:161} INFO - Started process (PID=5735) to work on /home/airflow/.local/lib/python3.11/site-packages/airflow/example_dags/example_kubernetes_executor.py
[2024-07-09T17:01:38.858+0000] {processor.py:830} INFO - Processing file /home/airflow/.local/lib/python3.11/site-packages/airflow/example_dags/example_kubernetes_executor.py for tasks to queue
[2024-07-09T17:01:38.860+0000] {logging_mixin.py:188} INFO - [2024-07-09T17:01:38.859+0000] {dagbag.py:540} INFO - Filling up the DagBag from /home/airflow/.local/lib/python3.11/site-packages/airflow/example_dags/example_kubernetes_executor.py
[2024-07-09T17:01:38.878+0000] {processor.py:840} INFO - DAG(s) 'example_kubernetes_executor' retrieved from /home/airflow/.local/lib/python3.11/site-packages/airflow/example_dags/example_kubernetes_executor.py
[2024-07-09T17:01:38.921+0000] {logging_mixin.py:188} INFO - [2024-07-09T17:01:38.921+0000] {dag.py:3047} INFO - Sync 1 DAGs
[2024-07-09T17:01:38.931+0000] {logging_mixin.py:188} INFO - [2024-07-09T17:01:38.931+0000] {dag.py:3834} INFO - Setting next_dagrun for example_kubernetes_executor to None, run_after=None
[2024-07-09T17:01:38.947+0000] {processor.py:183} INFO - Processing /home/airflow/.local/lib/python3.11/site-packages/airflow/example_dags/example_kubernetes_executor.py took 0.099 seconds
[2024-07-09T17:02:09.878+0000] {processor.py:161} INFO - Started process (PID=5997) to work on /home/airflow/.local/lib/python3.11/site-packages/airflow/example_dags/example_kubernetes_executor.py
[2024-07-09T17:02:09.879+0000] {processor.py:830} INFO - Processing file /home/airflow/.local/lib/python3.11/site-packages/airflow/example_dags/example_kubernetes_executor.py for tasks to queue
[2024-07-09T17:02:09.880+0000] {logging_mixin.py:188} INFO - [2024-07-09T17:02:09.879+0000] {dagbag.py:540} INFO - Filling up the DagBag from /home/airflow/.local/lib/python3.11/site-packages/airflow/example_dags/example_kubernetes_executor.py
[2024-07-09T17:02:09.891+0000] {processor.py:840} INFO - DAG(s) 'example_kubernetes_executor' retrieved from /home/airflow/.local/lib/python3.11/site-packages/airflow/example_dags/example_kubernetes_executor.py
[2024-07-09T17:02:09.934+0000] {logging_mixin.py:188} INFO - [2024-07-09T17:02:09.934+0000] {dag.py:3047} INFO - Sync 1 DAGs
[2024-07-09T17:02:09.948+0000] {logging_mixin.py:188} INFO - [2024-07-09T17:02:09.948+0000] {dag.py:3834} INFO - Setting next_dagrun for example_kubernetes_executor to None, run_after=None
[2024-07-09T17:02:09.970+0000] {processor.py:183} INFO - Processing /home/airflow/.local/lib/python3.11/site-packages/airflow/example_dags/example_kubernetes_executor.py took 0.096 seconds
[2024-07-09T17:02:40.759+0000] {processor.py:161} INFO - Started process (PID=6259) to work on /home/airflow/.local/lib/python3.11/site-packages/airflow/example_dags/example_kubernetes_executor.py
[2024-07-09T17:02:40.760+0000] {processor.py:830} INFO - Processing file /home/airflow/.local/lib/python3.11/site-packages/airflow/example_dags/example_kubernetes_executor.py for tasks to queue
[2024-07-09T17:02:40.761+0000] {logging_mixin.py:188} INFO - [2024-07-09T17:02:40.761+0000] {dagbag.py:540} INFO - Filling up the DagBag from /home/airflow/.local/lib/python3.11/site-packages/airflow/example_dags/example_kubernetes_executor.py
[2024-07-09T17:02:40.774+0000] {processor.py:840} INFO - DAG(s) 'example_kubernetes_executor' retrieved from /home/airflow/.local/lib/python3.11/site-packages/airflow/example_dags/example_kubernetes_executor.py
[2024-07-09T17:02:40.811+0000] {logging_mixin.py:188} INFO - [2024-07-09T17:02:40.810+0000] {dag.py:3047} INFO - Sync 1 DAGs
[2024-07-09T17:02:40.823+0000] {logging_mixin.py:188} INFO - [2024-07-09T17:02:40.823+0000] {dag.py:3834} INFO - Setting next_dagrun for example_kubernetes_executor to None, run_after=None
[2024-07-09T17:02:40.852+0000] {processor.py:183} INFO - Processing /home/airflow/.local/lib/python3.11/site-packages/airflow/example_dags/example_kubernetes_executor.py took 0.097 seconds
[2024-07-09T17:03:11.083+0000] {processor.py:161} INFO - Started process (PID=6521) to work on /home/airflow/.local/lib/python3.11/site-packages/airflow/example_dags/example_kubernetes_executor.py
[2024-07-09T17:03:11.084+0000] {processor.py:830} INFO - Processing file /home/airflow/.local/lib/python3.11/site-packages/airflow/example_dags/example_kubernetes_executor.py for tasks to queue
[2024-07-09T17:03:11.085+0000] {logging_mixin.py:188} INFO - [2024-07-09T17:03:11.085+0000] {dagbag.py:540} INFO - Filling up the DagBag from /home/airflow/.local/lib/python3.11/site-packages/airflow/example_dags/example_kubernetes_executor.py
[2024-07-09T17:03:11.097+0000] {processor.py:840} INFO - DAG(s) 'example_kubernetes_executor' retrieved from /home/airflow/.local/lib/python3.11/site-packages/airflow/example_dags/example_kubernetes_executor.py
[2024-07-09T17:03:11.133+0000] {logging_mixin.py:188} INFO - [2024-07-09T17:03:11.133+0000] {dag.py:3047} INFO - Sync 1 DAGs
[2024-07-09T17:03:11.144+0000] {logging_mixin.py:188} INFO - [2024-07-09T17:03:11.144+0000] {dag.py:3834} INFO - Setting next_dagrun for example_kubernetes_executor to None, run_after=None
[2024-07-09T17:03:11.162+0000] {processor.py:183} INFO - Processing /home/airflow/.local/lib/python3.11/site-packages/airflow/example_dags/example_kubernetes_executor.py took 0.082 seconds
[2024-07-09T17:03:41.974+0000] {processor.py:161} INFO - Started process (PID=6783) to work on /home/airflow/.local/lib/python3.11/site-packages/airflow/example_dags/example_kubernetes_executor.py
[2024-07-09T17:03:41.975+0000] {processor.py:830} INFO - Processing file /home/airflow/.local/lib/python3.11/site-packages/airflow/example_dags/example_kubernetes_executor.py for tasks to queue
[2024-07-09T17:03:41.976+0000] {logging_mixin.py:188} INFO - [2024-07-09T17:03:41.976+0000] {dagbag.py:540} INFO - Filling up the DagBag from /home/airflow/.local/lib/python3.11/site-packages/airflow/example_dags/example_kubernetes_executor.py
[2024-07-09T17:03:41.987+0000] {processor.py:840} INFO - DAG(s) 'example_kubernetes_executor' retrieved from /home/airflow/.local/lib/python3.11/site-packages/airflow/example_dags/example_kubernetes_executor.py
[2024-07-09T17:03:42.028+0000] {logging_mixin.py:188} INFO - [2024-07-09T17:03:42.027+0000] {dag.py:3047} INFO - Sync 1 DAGs
[2024-07-09T17:03:42.039+0000] {logging_mixin.py:188} INFO - [2024-07-09T17:03:42.039+0000] {dag.py:3834} INFO - Setting next_dagrun for example_kubernetes_executor to None, run_after=None
[2024-07-09T17:03:42.070+0000] {processor.py:183} INFO - Processing /home/airflow/.local/lib/python3.11/site-packages/airflow/example_dags/example_kubernetes_executor.py took 0.098 seconds
[2024-07-09T17:04:12.720+0000] {processor.py:161} INFO - Started process (PID=7045) to work on /home/airflow/.local/lib/python3.11/site-packages/airflow/example_dags/example_kubernetes_executor.py
[2024-07-09T17:04:12.721+0000] {processor.py:830} INFO - Processing file /home/airflow/.local/lib/python3.11/site-packages/airflow/example_dags/example_kubernetes_executor.py for tasks to queue
[2024-07-09T17:04:12.722+0000] {logging_mixin.py:188} INFO - [2024-07-09T17:04:12.722+0000] {dagbag.py:540} INFO - Filling up the DagBag from /home/airflow/.local/lib/python3.11/site-packages/airflow/example_dags/example_kubernetes_executor.py
[2024-07-09T17:04:12.736+0000] {processor.py:840} INFO - DAG(s) 'example_kubernetes_executor' retrieved from /home/airflow/.local/lib/python3.11/site-packages/airflow/example_dags/example_kubernetes_executor.py
[2024-07-09T17:04:12.789+0000] {logging_mixin.py:188} INFO - [2024-07-09T17:04:12.789+0000] {dag.py:3047} INFO - Sync 1 DAGs
[2024-07-09T17:04:12.804+0000] {logging_mixin.py:188} INFO - [2024-07-09T17:04:12.803+0000] {dag.py:3834} INFO - Setting next_dagrun for example_kubernetes_executor to None, run_after=None
[2024-07-09T17:04:12.833+0000] {processor.py:183} INFO - Processing /home/airflow/.local/lib/python3.11/site-packages/airflow/example_dags/example_kubernetes_executor.py took 0.117 seconds
[2024-07-09T17:04:43.500+0000] {processor.py:161} INFO - Started process (PID=7317) to work on /home/airflow/.local/lib/python3.11/site-packages/airflow/example_dags/example_kubernetes_executor.py
[2024-07-09T17:04:43.501+0000] {processor.py:830} INFO - Processing file /home/airflow/.local/lib/python3.11/site-packages/airflow/example_dags/example_kubernetes_executor.py for tasks to queue
[2024-07-09T17:04:43.502+0000] {logging_mixin.py:188} INFO - [2024-07-09T17:04:43.502+0000] {dagbag.py:540} INFO - Filling up the DagBag from /home/airflow/.local/lib/python3.11/site-packages/airflow/example_dags/example_kubernetes_executor.py
[2024-07-09T17:04:43.518+0000] {processor.py:840} INFO - DAG(s) 'example_kubernetes_executor' retrieved from /home/airflow/.local/lib/python3.11/site-packages/airflow/example_dags/example_kubernetes_executor.py
[2024-07-09T17:04:43.563+0000] {logging_mixin.py:188} INFO - [2024-07-09T17:04:43.563+0000] {dag.py:3047} INFO - Sync 1 DAGs
[2024-07-09T17:04:43.575+0000] {logging_mixin.py:188} INFO - [2024-07-09T17:04:43.575+0000] {dag.py:3834} INFO - Setting next_dagrun for example_kubernetes_executor to None, run_after=None
[2024-07-09T17:04:43.614+0000] {processor.py:183} INFO - Processing /home/airflow/.local/lib/python3.11/site-packages/airflow/example_dags/example_kubernetes_executor.py took 0.119 seconds
[2024-07-09T17:05:14.477+0000] {processor.py:161} INFO - Started process (PID=7603) to work on /home/airflow/.local/lib/python3.11/site-packages/airflow/example_dags/example_kubernetes_executor.py
[2024-07-09T17:05:14.478+0000] {processor.py:830} INFO - Processing file /home/airflow/.local/lib/python3.11/site-packages/airflow/example_dags/example_kubernetes_executor.py for tasks to queue
[2024-07-09T17:05:14.480+0000] {logging_mixin.py:188} INFO - [2024-07-09T17:05:14.479+0000] {dagbag.py:540} INFO - Filling up the DagBag from /home/airflow/.local/lib/python3.11/site-packages/airflow/example_dags/example_kubernetes_executor.py
[2024-07-09T17:05:14.493+0000] {processor.py:840} INFO - DAG(s) 'example_kubernetes_executor' retrieved from /home/airflow/.local/lib/python3.11/site-packages/airflow/example_dags/example_kubernetes_executor.py
[2024-07-09T17:05:14.526+0000] {logging_mixin.py:188} INFO - [2024-07-09T17:05:14.526+0000] {dag.py:3047} INFO - Sync 1 DAGs
[2024-07-09T17:05:14.536+0000] {logging_mixin.py:188} INFO - [2024-07-09T17:05:14.536+0000] {dag.py:3834} INFO - Setting next_dagrun for example_kubernetes_executor to None, run_after=None
[2024-07-09T17:05:14.555+0000] {processor.py:183} INFO - Processing /home/airflow/.local/lib/python3.11/site-packages/airflow/example_dags/example_kubernetes_executor.py took 0.081 seconds
[2024-07-09T17:05:45.147+0000] {processor.py:161} INFO - Started process (PID=7865) to work on /home/airflow/.local/lib/python3.11/site-packages/airflow/example_dags/example_kubernetes_executor.py
[2024-07-09T17:05:45.148+0000] {processor.py:830} INFO - Processing file /home/airflow/.local/lib/python3.11/site-packages/airflow/example_dags/example_kubernetes_executor.py for tasks to queue
[2024-07-09T17:05:45.149+0000] {logging_mixin.py:188} INFO - [2024-07-09T17:05:45.149+0000] {dagbag.py:540} INFO - Filling up the DagBag from /home/airflow/.local/lib/python3.11/site-packages/airflow/example_dags/example_kubernetes_executor.py
[2024-07-09T17:05:45.163+0000] {processor.py:840} INFO - DAG(s) 'example_kubernetes_executor' retrieved from /home/airflow/.local/lib/python3.11/site-packages/airflow/example_dags/example_kubernetes_executor.py
[2024-07-09T17:05:45.197+0000] {logging_mixin.py:188} INFO - [2024-07-09T17:05:45.197+0000] {dag.py:3047} INFO - Sync 1 DAGs
[2024-07-09T17:05:45.209+0000] {logging_mixin.py:188} INFO - [2024-07-09T17:05:45.208+0000] {dag.py:3834} INFO - Setting next_dagrun for example_kubernetes_executor to None, run_after=None
[2024-07-09T17:05:45.225+0000] {processor.py:183} INFO - Processing /home/airflow/.local/lib/python3.11/site-packages/airflow/example_dags/example_kubernetes_executor.py took 0.080 seconds
[2024-07-09T17:06:16.067+0000] {processor.py:161} INFO - Started process (PID=8127) to work on /home/airflow/.local/lib/python3.11/site-packages/airflow/example_dags/example_kubernetes_executor.py
[2024-07-09T17:06:16.069+0000] {processor.py:830} INFO - Processing file /home/airflow/.local/lib/python3.11/site-packages/airflow/example_dags/example_kubernetes_executor.py for tasks to queue
[2024-07-09T17:06:16.070+0000] {logging_mixin.py:188} INFO - [2024-07-09T17:06:16.070+0000] {dagbag.py:540} INFO - Filling up the DagBag from /home/airflow/.local/lib/python3.11/site-packages/airflow/example_dags/example_kubernetes_executor.py
[2024-07-09T17:06:16.091+0000] {processor.py:840} INFO - DAG(s) 'example_kubernetes_executor' retrieved from /home/airflow/.local/lib/python3.11/site-packages/airflow/example_dags/example_kubernetes_executor.py
[2024-07-09T17:06:16.133+0000] {logging_mixin.py:188} INFO - [2024-07-09T17:06:16.133+0000] {dag.py:3047} INFO - Sync 1 DAGs
[2024-07-09T17:06:16.145+0000] {logging_mixin.py:188} INFO - [2024-07-09T17:06:16.145+0000] {dag.py:3834} INFO - Setting next_dagrun for example_kubernetes_executor to None, run_after=None
[2024-07-09T17:06:16.166+0000] {processor.py:183} INFO - Processing /home/airflow/.local/lib/python3.11/site-packages/airflow/example_dags/example_kubernetes_executor.py took 0.104 seconds
[2024-07-09T17:06:46.280+0000] {processor.py:161} INFO - Started process (PID=8389) to work on /home/airflow/.local/lib/python3.11/site-packages/airflow/example_dags/example_kubernetes_executor.py
[2024-07-09T17:06:46.281+0000] {processor.py:830} INFO - Processing file /home/airflow/.local/lib/python3.11/site-packages/airflow/example_dags/example_kubernetes_executor.py for tasks to queue
[2024-07-09T17:06:46.282+0000] {logging_mixin.py:188} INFO - [2024-07-09T17:06:46.282+0000] {dagbag.py:540} INFO - Filling up the DagBag from /home/airflow/.local/lib/python3.11/site-packages/airflow/example_dags/example_kubernetes_executor.py
[2024-07-09T17:06:46.296+0000] {processor.py:840} INFO - DAG(s) 'example_kubernetes_executor' retrieved from /home/airflow/.local/lib/python3.11/site-packages/airflow/example_dags/example_kubernetes_executor.py
[2024-07-09T17:06:46.334+0000] {logging_mixin.py:188} INFO - [2024-07-09T17:06:46.334+0000] {dag.py:3047} INFO - Sync 1 DAGs
[2024-07-09T17:06:46.348+0000] {logging_mixin.py:188} INFO - [2024-07-09T17:06:46.347+0000] {dag.py:3834} INFO - Setting next_dagrun for example_kubernetes_executor to None, run_after=None
[2024-07-09T17:06:46.367+0000] {processor.py:183} INFO - Processing /home/airflow/.local/lib/python3.11/site-packages/airflow/example_dags/example_kubernetes_executor.py took 0.091 seconds
