[2024-07-09T16:50:56.908+0000] {processor.py:161} INFO - Started process (PID=200) to work on /home/airflow/.local/lib/python3.11/site-packages/airflow/example_dags/example_trigger_target_dag.py
[2024-07-09T16:50:56.910+0000] {processor.py:830} INFO - Processing file /home/airflow/.local/lib/python3.11/site-packages/airflow/example_dags/example_trigger_target_dag.py for tasks to queue
[2024-07-09T16:50:56.912+0000] {logging_mixin.py:188} INFO - [2024-07-09T16:50:56.911+0000] {dagbag.py:540} INFO - Filling up the DagBag from /home/airflow/.local/lib/python3.11/site-packages/airflow/example_dags/example_trigger_target_dag.py
[2024-07-09T16:50:56.931+0000] {processor.py:840} INFO - DAG(s) 'example_trigger_target_dag' retrieved from /home/airflow/.local/lib/python3.11/site-packages/airflow/example_dags/example_trigger_target_dag.py
[2024-07-09T16:50:57.131+0000] {logging_mixin.py:188} INFO - [2024-07-09T16:50:57.130+0000] {override.py:1769} INFO - Created Permission View: can delete on DAG:example_trigger_target_dag
[2024-07-09T16:50:57.148+0000] {logging_mixin.py:188} INFO - [2024-07-09T16:50:57.147+0000] {override.py:1769} INFO - Created Permission View: can edit on DAG:example_trigger_target_dag
[2024-07-09T16:50:57.158+0000] {logging_mixin.py:188} INFO - [2024-07-09T16:50:57.157+0000] {override.py:1769} INFO - Created Permission View: can read on DAG:example_trigger_target_dag
[2024-07-09T16:50:57.159+0000] {logging_mixin.py:188} INFO - [2024-07-09T16:50:57.158+0000] {dag.py:3047} INFO - Sync 1 DAGs
[2024-07-09T16:50:57.175+0000] {logging_mixin.py:188} INFO - [2024-07-09T16:50:57.175+0000] {dag.py:3069} INFO - Creating ORM DAG for example_trigger_target_dag
[2024-07-09T16:50:57.177+0000] {logging_mixin.py:188} INFO - [2024-07-09T16:50:57.177+0000] {dag.py:3834} INFO - Setting next_dagrun for example_trigger_target_dag to None, run_after=None
[2024-07-09T16:50:57.202+0000] {processor.py:183} INFO - Processing /home/airflow/.local/lib/python3.11/site-packages/airflow/example_dags/example_trigger_target_dag.py took 0.304 seconds
[2024-07-09T16:51:27.381+0000] {processor.py:161} INFO - Started process (PID=464) to work on /home/airflow/.local/lib/python3.11/site-packages/airflow/example_dags/example_trigger_target_dag.py
[2024-07-09T16:51:27.382+0000] {processor.py:830} INFO - Processing file /home/airflow/.local/lib/python3.11/site-packages/airflow/example_dags/example_trigger_target_dag.py for tasks to queue
[2024-07-09T16:51:27.383+0000] {logging_mixin.py:188} INFO - [2024-07-09T16:51:27.383+0000] {dagbag.py:540} INFO - Filling up the DagBag from /home/airflow/.local/lib/python3.11/site-packages/airflow/example_dags/example_trigger_target_dag.py
[2024-07-09T16:51:27.388+0000] {processor.py:840} INFO - DAG(s) 'example_trigger_target_dag' retrieved from /home/airflow/.local/lib/python3.11/site-packages/airflow/example_dags/example_trigger_target_dag.py
[2024-07-09T16:51:27.408+0000] {logging_mixin.py:188} INFO - [2024-07-09T16:51:27.407+0000] {dag.py:3047} INFO - Sync 1 DAGs
[2024-07-09T16:51:27.419+0000] {logging_mixin.py:188} INFO - [2024-07-09T16:51:27.418+0000] {dag.py:3834} INFO - Setting next_dagrun for example_trigger_target_dag to None, run_after=None
[2024-07-09T16:51:27.440+0000] {processor.py:183} INFO - Processing /home/airflow/.local/lib/python3.11/site-packages/airflow/example_dags/example_trigger_target_dag.py took 0.061 seconds
[2024-07-09T16:51:58.186+0000] {processor.py:161} INFO - Started process (PID=716) to work on /home/airflow/.local/lib/python3.11/site-packages/airflow/example_dags/example_trigger_target_dag.py
[2024-07-09T16:51:58.187+0000] {processor.py:830} INFO - Processing file /home/airflow/.local/lib/python3.11/site-packages/airflow/example_dags/example_trigger_target_dag.py for tasks to queue
[2024-07-09T16:51:58.188+0000] {logging_mixin.py:188} INFO - [2024-07-09T16:51:58.188+0000] {dagbag.py:540} INFO - Filling up the DagBag from /home/airflow/.local/lib/python3.11/site-packages/airflow/example_dags/example_trigger_target_dag.py
[2024-07-09T16:51:58.193+0000] {processor.py:840} INFO - DAG(s) 'example_trigger_target_dag' retrieved from /home/airflow/.local/lib/python3.11/site-packages/airflow/example_dags/example_trigger_target_dag.py
[2024-07-09T16:51:58.214+0000] {logging_mixin.py:188} INFO - [2024-07-09T16:51:58.214+0000] {dag.py:3047} INFO - Sync 1 DAGs
[2024-07-09T16:51:58.225+0000] {logging_mixin.py:188} INFO - [2024-07-09T16:51:58.225+0000] {dag.py:3834} INFO - Setting next_dagrun for example_trigger_target_dag to None, run_after=None
[2024-07-09T16:51:58.247+0000] {processor.py:183} INFO - Processing /home/airflow/.local/lib/python3.11/site-packages/airflow/example_dags/example_trigger_target_dag.py took 0.064 seconds
[2024-07-09T16:52:28.433+0000] {processor.py:161} INFO - Started process (PID=974) to work on /home/airflow/.local/lib/python3.11/site-packages/airflow/example_dags/example_trigger_target_dag.py
[2024-07-09T16:52:28.434+0000] {processor.py:830} INFO - Processing file /home/airflow/.local/lib/python3.11/site-packages/airflow/example_dags/example_trigger_target_dag.py for tasks to queue
[2024-07-09T16:52:28.435+0000] {logging_mixin.py:188} INFO - [2024-07-09T16:52:28.435+0000] {dagbag.py:540} INFO - Filling up the DagBag from /home/airflow/.local/lib/python3.11/site-packages/airflow/example_dags/example_trigger_target_dag.py
[2024-07-09T16:52:28.441+0000] {processor.py:840} INFO - DAG(s) 'example_trigger_target_dag' retrieved from /home/airflow/.local/lib/python3.11/site-packages/airflow/example_dags/example_trigger_target_dag.py
[2024-07-09T16:52:28.465+0000] {logging_mixin.py:188} INFO - [2024-07-09T16:52:28.464+0000] {dag.py:3047} INFO - Sync 1 DAGs
[2024-07-09T16:52:28.478+0000] {logging_mixin.py:188} INFO - [2024-07-09T16:52:28.478+0000] {dag.py:3834} INFO - Setting next_dagrun for example_trigger_target_dag to None, run_after=None
[2024-07-09T16:52:28.504+0000] {processor.py:183} INFO - Processing /home/airflow/.local/lib/python3.11/site-packages/airflow/example_dags/example_trigger_target_dag.py took 0.075 seconds
[2024-07-09T16:52:58.952+0000] {processor.py:161} INFO - Started process (PID=1236) to work on /home/airflow/.local/lib/python3.11/site-packages/airflow/example_dags/example_trigger_target_dag.py
[2024-07-09T16:52:58.954+0000] {processor.py:830} INFO - Processing file /home/airflow/.local/lib/python3.11/site-packages/airflow/example_dags/example_trigger_target_dag.py for tasks to queue
[2024-07-09T16:52:58.954+0000] {logging_mixin.py:188} INFO - [2024-07-09T16:52:58.954+0000] {dagbag.py:540} INFO - Filling up the DagBag from /home/airflow/.local/lib/python3.11/site-packages/airflow/example_dags/example_trigger_target_dag.py
[2024-07-09T16:52:58.960+0000] {processor.py:840} INFO - DAG(s) 'example_trigger_target_dag' retrieved from /home/airflow/.local/lib/python3.11/site-packages/airflow/example_dags/example_trigger_target_dag.py
[2024-07-09T16:52:58.982+0000] {logging_mixin.py:188} INFO - [2024-07-09T16:52:58.982+0000] {dag.py:3047} INFO - Sync 1 DAGs
[2024-07-09T16:52:58.995+0000] {logging_mixin.py:188} INFO - [2024-07-09T16:52:58.995+0000] {dag.py:3834} INFO - Setting next_dagrun for example_trigger_target_dag to None, run_after=None
[2024-07-09T16:52:59.014+0000] {processor.py:183} INFO - Processing /home/airflow/.local/lib/python3.11/site-packages/airflow/example_dags/example_trigger_target_dag.py took 0.064 seconds
[2024-07-09T16:53:29.773+0000] {processor.py:161} INFO - Started process (PID=1496) to work on /home/airflow/.local/lib/python3.11/site-packages/airflow/example_dags/example_trigger_target_dag.py
[2024-07-09T16:53:29.774+0000] {processor.py:830} INFO - Processing file /home/airflow/.local/lib/python3.11/site-packages/airflow/example_dags/example_trigger_target_dag.py for tasks to queue
[2024-07-09T16:53:29.775+0000] {logging_mixin.py:188} INFO - [2024-07-09T16:53:29.775+0000] {dagbag.py:540} INFO - Filling up the DagBag from /home/airflow/.local/lib/python3.11/site-packages/airflow/example_dags/example_trigger_target_dag.py
[2024-07-09T16:53:29.781+0000] {processor.py:840} INFO - DAG(s) 'example_trigger_target_dag' retrieved from /home/airflow/.local/lib/python3.11/site-packages/airflow/example_dags/example_trigger_target_dag.py
[2024-07-09T16:53:29.802+0000] {logging_mixin.py:188} INFO - [2024-07-09T16:53:29.801+0000] {dag.py:3047} INFO - Sync 1 DAGs
[2024-07-09T16:53:29.814+0000] {logging_mixin.py:188} INFO - [2024-07-09T16:53:29.813+0000] {dag.py:3834} INFO - Setting next_dagrun for example_trigger_target_dag to None, run_after=None
[2024-07-09T16:53:29.839+0000] {processor.py:183} INFO - Processing /home/airflow/.local/lib/python3.11/site-packages/airflow/example_dags/example_trigger_target_dag.py took 0.070 seconds
[2024-07-09T16:54:00.193+0000] {processor.py:161} INFO - Started process (PID=1758) to work on /home/airflow/.local/lib/python3.11/site-packages/airflow/example_dags/example_trigger_target_dag.py
[2024-07-09T16:54:00.194+0000] {processor.py:830} INFO - Processing file /home/airflow/.local/lib/python3.11/site-packages/airflow/example_dags/example_trigger_target_dag.py for tasks to queue
[2024-07-09T16:54:00.196+0000] {logging_mixin.py:188} INFO - [2024-07-09T16:54:00.195+0000] {dagbag.py:540} INFO - Filling up the DagBag from /home/airflow/.local/lib/python3.11/site-packages/airflow/example_dags/example_trigger_target_dag.py
[2024-07-09T16:54:00.203+0000] {processor.py:840} INFO - DAG(s) 'example_trigger_target_dag' retrieved from /home/airflow/.local/lib/python3.11/site-packages/airflow/example_dags/example_trigger_target_dag.py
[2024-07-09T16:54:00.225+0000] {logging_mixin.py:188} INFO - [2024-07-09T16:54:00.225+0000] {dag.py:3047} INFO - Sync 1 DAGs
[2024-07-09T16:54:00.236+0000] {logging_mixin.py:188} INFO - [2024-07-09T16:54:00.236+0000] {dag.py:3834} INFO - Setting next_dagrun for example_trigger_target_dag to None, run_after=None
[2024-07-09T16:54:00.273+0000] {processor.py:183} INFO - Processing /home/airflow/.local/lib/python3.11/site-packages/airflow/example_dags/example_trigger_target_dag.py took 0.083 seconds
[2024-07-09T16:54:30.456+0000] {processor.py:161} INFO - Started process (PID=2020) to work on /home/airflow/.local/lib/python3.11/site-packages/airflow/example_dags/example_trigger_target_dag.py
[2024-07-09T16:54:30.457+0000] {processor.py:830} INFO - Processing file /home/airflow/.local/lib/python3.11/site-packages/airflow/example_dags/example_trigger_target_dag.py for tasks to queue
[2024-07-09T16:54:30.458+0000] {logging_mixin.py:188} INFO - [2024-07-09T16:54:30.457+0000] {dagbag.py:540} INFO - Filling up the DagBag from /home/airflow/.local/lib/python3.11/site-packages/airflow/example_dags/example_trigger_target_dag.py
[2024-07-09T16:54:30.463+0000] {processor.py:840} INFO - DAG(s) 'example_trigger_target_dag' retrieved from /home/airflow/.local/lib/python3.11/site-packages/airflow/example_dags/example_trigger_target_dag.py
[2024-07-09T16:54:30.486+0000] {logging_mixin.py:188} INFO - [2024-07-09T16:54:30.486+0000] {dag.py:3047} INFO - Sync 1 DAGs
[2024-07-09T16:54:30.498+0000] {logging_mixin.py:188} INFO - [2024-07-09T16:54:30.498+0000] {dag.py:3834} INFO - Setting next_dagrun for example_trigger_target_dag to None, run_after=None
[2024-07-09T16:54:30.534+0000] {processor.py:183} INFO - Processing /home/airflow/.local/lib/python3.11/site-packages/airflow/example_dags/example_trigger_target_dag.py took 0.081 seconds
[2024-07-09T16:55:00.668+0000] {processor.py:161} INFO - Started process (PID=2282) to work on /home/airflow/.local/lib/python3.11/site-packages/airflow/example_dags/example_trigger_target_dag.py
[2024-07-09T16:55:00.669+0000] {processor.py:830} INFO - Processing file /home/airflow/.local/lib/python3.11/site-packages/airflow/example_dags/example_trigger_target_dag.py for tasks to queue
[2024-07-09T16:55:00.670+0000] {logging_mixin.py:188} INFO - [2024-07-09T16:55:00.670+0000] {dagbag.py:540} INFO - Filling up the DagBag from /home/airflow/.local/lib/python3.11/site-packages/airflow/example_dags/example_trigger_target_dag.py
[2024-07-09T16:55:00.677+0000] {processor.py:840} INFO - DAG(s) 'example_trigger_target_dag' retrieved from /home/airflow/.local/lib/python3.11/site-packages/airflow/example_dags/example_trigger_target_dag.py
[2024-07-09T16:55:00.701+0000] {logging_mixin.py:188} INFO - [2024-07-09T16:55:00.701+0000] {dag.py:3047} INFO - Sync 1 DAGs
[2024-07-09T16:55:00.714+0000] {logging_mixin.py:188} INFO - [2024-07-09T16:55:00.714+0000] {dag.py:3834} INFO - Setting next_dagrun for example_trigger_target_dag to None, run_after=None
[2024-07-09T16:55:00.750+0000] {processor.py:183} INFO - Processing /home/airflow/.local/lib/python3.11/site-packages/airflow/example_dags/example_trigger_target_dag.py took 0.085 seconds
[2024-07-09T16:55:31.043+0000] {processor.py:161} INFO - Started process (PID=2544) to work on /home/airflow/.local/lib/python3.11/site-packages/airflow/example_dags/example_trigger_target_dag.py
[2024-07-09T16:55:31.044+0000] {processor.py:830} INFO - Processing file /home/airflow/.local/lib/python3.11/site-packages/airflow/example_dags/example_trigger_target_dag.py for tasks to queue
[2024-07-09T16:55:31.044+0000] {logging_mixin.py:188} INFO - [2024-07-09T16:55:31.044+0000] {dagbag.py:540} INFO - Filling up the DagBag from /home/airflow/.local/lib/python3.11/site-packages/airflow/example_dags/example_trigger_target_dag.py
[2024-07-09T16:55:31.050+0000] {processor.py:840} INFO - DAG(s) 'example_trigger_target_dag' retrieved from /home/airflow/.local/lib/python3.11/site-packages/airflow/example_dags/example_trigger_target_dag.py
[2024-07-09T16:55:31.073+0000] {logging_mixin.py:188} INFO - [2024-07-09T16:55:31.073+0000] {dag.py:3047} INFO - Sync 1 DAGs
[2024-07-09T16:55:31.084+0000] {logging_mixin.py:188} INFO - [2024-07-09T16:55:31.084+0000] {dag.py:3834} INFO - Setting next_dagrun for example_trigger_target_dag to None, run_after=None
[2024-07-09T16:55:31.101+0000] {processor.py:183} INFO - Processing /home/airflow/.local/lib/python3.11/site-packages/airflow/example_dags/example_trigger_target_dag.py took 0.061 seconds
[2024-07-09T16:56:01.210+0000] {processor.py:161} INFO - Started process (PID=2806) to work on /home/airflow/.local/lib/python3.11/site-packages/airflow/example_dags/example_trigger_target_dag.py
[2024-07-09T16:56:01.211+0000] {processor.py:830} INFO - Processing file /home/airflow/.local/lib/python3.11/site-packages/airflow/example_dags/example_trigger_target_dag.py for tasks to queue
[2024-07-09T16:56:01.212+0000] {logging_mixin.py:188} INFO - [2024-07-09T16:56:01.212+0000] {dagbag.py:540} INFO - Filling up the DagBag from /home/airflow/.local/lib/python3.11/site-packages/airflow/example_dags/example_trigger_target_dag.py
[2024-07-09T16:56:01.218+0000] {processor.py:840} INFO - DAG(s) 'example_trigger_target_dag' retrieved from /home/airflow/.local/lib/python3.11/site-packages/airflow/example_dags/example_trigger_target_dag.py
[2024-07-09T16:56:01.243+0000] {logging_mixin.py:188} INFO - [2024-07-09T16:56:01.243+0000] {dag.py:3047} INFO - Sync 1 DAGs
[2024-07-09T16:56:01.258+0000] {logging_mixin.py:188} INFO - [2024-07-09T16:56:01.257+0000] {dag.py:3834} INFO - Setting next_dagrun for example_trigger_target_dag to None, run_after=None
[2024-07-09T16:56:01.278+0000] {processor.py:183} INFO - Processing /home/airflow/.local/lib/python3.11/site-packages/airflow/example_dags/example_trigger_target_dag.py took 0.072 seconds
[2024-07-09T16:56:31.413+0000] {processor.py:161} INFO - Started process (PID=3068) to work on /home/airflow/.local/lib/python3.11/site-packages/airflow/example_dags/example_trigger_target_dag.py
[2024-07-09T16:56:31.414+0000] {processor.py:830} INFO - Processing file /home/airflow/.local/lib/python3.11/site-packages/airflow/example_dags/example_trigger_target_dag.py for tasks to queue
[2024-07-09T16:56:31.415+0000] {logging_mixin.py:188} INFO - [2024-07-09T16:56:31.415+0000] {dagbag.py:540} INFO - Filling up the DagBag from /home/airflow/.local/lib/python3.11/site-packages/airflow/example_dags/example_trigger_target_dag.py
[2024-07-09T16:56:31.421+0000] {processor.py:840} INFO - DAG(s) 'example_trigger_target_dag' retrieved from /home/airflow/.local/lib/python3.11/site-packages/airflow/example_dags/example_trigger_target_dag.py
[2024-07-09T16:56:31.443+0000] {logging_mixin.py:188} INFO - [2024-07-09T16:56:31.443+0000] {dag.py:3047} INFO - Sync 1 DAGs
[2024-07-09T16:56:31.454+0000] {logging_mixin.py:188} INFO - [2024-07-09T16:56:31.453+0000] {dag.py:3834} INFO - Setting next_dagrun for example_trigger_target_dag to None, run_after=None
[2024-07-09T16:56:31.489+0000] {processor.py:183} INFO - Processing /home/airflow/.local/lib/python3.11/site-packages/airflow/example_dags/example_trigger_target_dag.py took 0.079 seconds
[2024-07-09T16:57:01.742+0000] {processor.py:161} INFO - Started process (PID=3330) to work on /home/airflow/.local/lib/python3.11/site-packages/airflow/example_dags/example_trigger_target_dag.py
[2024-07-09T16:57:01.743+0000] {processor.py:830} INFO - Processing file /home/airflow/.local/lib/python3.11/site-packages/airflow/example_dags/example_trigger_target_dag.py for tasks to queue
[2024-07-09T16:57:01.744+0000] {logging_mixin.py:188} INFO - [2024-07-09T16:57:01.744+0000] {dagbag.py:540} INFO - Filling up the DagBag from /home/airflow/.local/lib/python3.11/site-packages/airflow/example_dags/example_trigger_target_dag.py
[2024-07-09T16:57:01.750+0000] {processor.py:840} INFO - DAG(s) 'example_trigger_target_dag' retrieved from /home/airflow/.local/lib/python3.11/site-packages/airflow/example_dags/example_trigger_target_dag.py
[2024-07-09T16:57:01.772+0000] {logging_mixin.py:188} INFO - [2024-07-09T16:57:01.771+0000] {dag.py:3047} INFO - Sync 1 DAGs
[2024-07-09T16:57:01.785+0000] {logging_mixin.py:188} INFO - [2024-07-09T16:57:01.785+0000] {dag.py:3834} INFO - Setting next_dagrun for example_trigger_target_dag to None, run_after=None
[2024-07-09T16:57:01.812+0000] {processor.py:183} INFO - Processing /home/airflow/.local/lib/python3.11/site-packages/airflow/example_dags/example_trigger_target_dag.py took 0.073 seconds
[2024-07-09T16:57:32.303+0000] {processor.py:161} INFO - Started process (PID=3592) to work on /home/airflow/.local/lib/python3.11/site-packages/airflow/example_dags/example_trigger_target_dag.py
[2024-07-09T16:57:32.304+0000] {processor.py:830} INFO - Processing file /home/airflow/.local/lib/python3.11/site-packages/airflow/example_dags/example_trigger_target_dag.py for tasks to queue
[2024-07-09T16:57:32.305+0000] {logging_mixin.py:188} INFO - [2024-07-09T16:57:32.305+0000] {dagbag.py:540} INFO - Filling up the DagBag from /home/airflow/.local/lib/python3.11/site-packages/airflow/example_dags/example_trigger_target_dag.py
[2024-07-09T16:57:32.311+0000] {processor.py:840} INFO - DAG(s) 'example_trigger_target_dag' retrieved from /home/airflow/.local/lib/python3.11/site-packages/airflow/example_dags/example_trigger_target_dag.py
[2024-07-09T16:57:32.331+0000] {logging_mixin.py:188} INFO - [2024-07-09T16:57:32.331+0000] {dag.py:3047} INFO - Sync 1 DAGs
[2024-07-09T16:57:32.346+0000] {logging_mixin.py:188} INFO - [2024-07-09T16:57:32.345+0000] {dag.py:3834} INFO - Setting next_dagrun for example_trigger_target_dag to None, run_after=None
[2024-07-09T16:57:32.367+0000] {processor.py:183} INFO - Processing /home/airflow/.local/lib/python3.11/site-packages/airflow/example_dags/example_trigger_target_dag.py took 0.066 seconds
[2024-07-09T16:58:02.496+0000] {processor.py:161} INFO - Started process (PID=3854) to work on /home/airflow/.local/lib/python3.11/site-packages/airflow/example_dags/example_trigger_target_dag.py
[2024-07-09T16:58:02.497+0000] {processor.py:830} INFO - Processing file /home/airflow/.local/lib/python3.11/site-packages/airflow/example_dags/example_trigger_target_dag.py for tasks to queue
[2024-07-09T16:58:02.498+0000] {logging_mixin.py:188} INFO - [2024-07-09T16:58:02.497+0000] {dagbag.py:540} INFO - Filling up the DagBag from /home/airflow/.local/lib/python3.11/site-packages/airflow/example_dags/example_trigger_target_dag.py
[2024-07-09T16:58:02.504+0000] {processor.py:840} INFO - DAG(s) 'example_trigger_target_dag' retrieved from /home/airflow/.local/lib/python3.11/site-packages/airflow/example_dags/example_trigger_target_dag.py
[2024-07-09T16:58:02.527+0000] {logging_mixin.py:188} INFO - [2024-07-09T16:58:02.527+0000] {dag.py:3047} INFO - Sync 1 DAGs
[2024-07-09T16:58:02.541+0000] {logging_mixin.py:188} INFO - [2024-07-09T16:58:02.540+0000] {dag.py:3834} INFO - Setting next_dagrun for example_trigger_target_dag to None, run_after=None
[2024-07-09T16:58:02.575+0000] {processor.py:183} INFO - Processing /home/airflow/.local/lib/python3.11/site-packages/airflow/example_dags/example_trigger_target_dag.py took 0.082 seconds
[2024-07-09T16:58:32.900+0000] {processor.py:161} INFO - Started process (PID=4116) to work on /home/airflow/.local/lib/python3.11/site-packages/airflow/example_dags/example_trigger_target_dag.py
[2024-07-09T16:58:32.910+0000] {processor.py:830} INFO - Processing file /home/airflow/.local/lib/python3.11/site-packages/airflow/example_dags/example_trigger_target_dag.py for tasks to queue
[2024-07-09T16:58:32.911+0000] {logging_mixin.py:188} INFO - [2024-07-09T16:58:32.911+0000] {dagbag.py:540} INFO - Filling up the DagBag from /home/airflow/.local/lib/python3.11/site-packages/airflow/example_dags/example_trigger_target_dag.py
[2024-07-09T16:58:32.917+0000] {processor.py:840} INFO - DAG(s) 'example_trigger_target_dag' retrieved from /home/airflow/.local/lib/python3.11/site-packages/airflow/example_dags/example_trigger_target_dag.py
[2024-07-09T16:58:32.937+0000] {logging_mixin.py:188} INFO - [2024-07-09T16:58:32.937+0000] {dag.py:3047} INFO - Sync 1 DAGs
[2024-07-09T16:58:32.949+0000] {logging_mixin.py:188} INFO - [2024-07-09T16:58:32.949+0000] {dag.py:3834} INFO - Setting next_dagrun for example_trigger_target_dag to None, run_after=None
[2024-07-09T16:58:32.967+0000] {processor.py:183} INFO - Processing /home/airflow/.local/lib/python3.11/site-packages/airflow/example_dags/example_trigger_target_dag.py took 0.070 seconds
[2024-07-09T16:59:03.573+0000] {processor.py:161} INFO - Started process (PID=4378) to work on /home/airflow/.local/lib/python3.11/site-packages/airflow/example_dags/example_trigger_target_dag.py
[2024-07-09T16:59:03.575+0000] {processor.py:830} INFO - Processing file /home/airflow/.local/lib/python3.11/site-packages/airflow/example_dags/example_trigger_target_dag.py for tasks to queue
[2024-07-09T16:59:03.576+0000] {logging_mixin.py:188} INFO - [2024-07-09T16:59:03.576+0000] {dagbag.py:540} INFO - Filling up the DagBag from /home/airflow/.local/lib/python3.11/site-packages/airflow/example_dags/example_trigger_target_dag.py
[2024-07-09T16:59:03.584+0000] {processor.py:840} INFO - DAG(s) 'example_trigger_target_dag' retrieved from /home/airflow/.local/lib/python3.11/site-packages/airflow/example_dags/example_trigger_target_dag.py
[2024-07-09T16:59:03.611+0000] {logging_mixin.py:188} INFO - [2024-07-09T16:59:03.610+0000] {dag.py:3047} INFO - Sync 1 DAGs
[2024-07-09T16:59:03.625+0000] {logging_mixin.py:188} INFO - [2024-07-09T16:59:03.625+0000] {dag.py:3834} INFO - Setting next_dagrun for example_trigger_target_dag to None, run_after=None
[2024-07-09T16:59:03.646+0000] {processor.py:183} INFO - Processing /home/airflow/.local/lib/python3.11/site-packages/airflow/example_dags/example_trigger_target_dag.py took 0.078 seconds
[2024-07-09T16:59:33.729+0000] {processor.py:161} INFO - Started process (PID=4640) to work on /home/airflow/.local/lib/python3.11/site-packages/airflow/example_dags/example_trigger_target_dag.py
[2024-07-09T16:59:33.730+0000] {processor.py:830} INFO - Processing file /home/airflow/.local/lib/python3.11/site-packages/airflow/example_dags/example_trigger_target_dag.py for tasks to queue
[2024-07-09T16:59:33.731+0000] {logging_mixin.py:188} INFO - [2024-07-09T16:59:33.731+0000] {dagbag.py:540} INFO - Filling up the DagBag from /home/airflow/.local/lib/python3.11/site-packages/airflow/example_dags/example_trigger_target_dag.py
[2024-07-09T16:59:33.736+0000] {processor.py:840} INFO - DAG(s) 'example_trigger_target_dag' retrieved from /home/airflow/.local/lib/python3.11/site-packages/airflow/example_dags/example_trigger_target_dag.py
[2024-07-09T16:59:33.758+0000] {logging_mixin.py:188} INFO - [2024-07-09T16:59:33.758+0000] {dag.py:3047} INFO - Sync 1 DAGs
[2024-07-09T16:59:33.768+0000] {logging_mixin.py:188} INFO - [2024-07-09T16:59:33.768+0000] {dag.py:3834} INFO - Setting next_dagrun for example_trigger_target_dag to None, run_after=None
[2024-07-09T16:59:33.787+0000] {processor.py:183} INFO - Processing /home/airflow/.local/lib/python3.11/site-packages/airflow/example_dags/example_trigger_target_dag.py took 0.061 seconds
[2024-07-09T17:00:04.393+0000] {processor.py:161} INFO - Started process (PID=4902) to work on /home/airflow/.local/lib/python3.11/site-packages/airflow/example_dags/example_trigger_target_dag.py
[2024-07-09T17:00:04.394+0000] {processor.py:830} INFO - Processing file /home/airflow/.local/lib/python3.11/site-packages/airflow/example_dags/example_trigger_target_dag.py for tasks to queue
[2024-07-09T17:00:04.395+0000] {logging_mixin.py:188} INFO - [2024-07-09T17:00:04.395+0000] {dagbag.py:540} INFO - Filling up the DagBag from /home/airflow/.local/lib/python3.11/site-packages/airflow/example_dags/example_trigger_target_dag.py
[2024-07-09T17:00:04.402+0000] {processor.py:840} INFO - DAG(s) 'example_trigger_target_dag' retrieved from /home/airflow/.local/lib/python3.11/site-packages/airflow/example_dags/example_trigger_target_dag.py
[2024-07-09T17:00:04.423+0000] {logging_mixin.py:188} INFO - [2024-07-09T17:00:04.423+0000] {dag.py:3047} INFO - Sync 1 DAGs
[2024-07-09T17:00:04.435+0000] {logging_mixin.py:188} INFO - [2024-07-09T17:00:04.435+0000] {dag.py:3834} INFO - Setting next_dagrun for example_trigger_target_dag to None, run_after=None
[2024-07-09T17:00:04.452+0000] {processor.py:183} INFO - Processing /home/airflow/.local/lib/python3.11/site-packages/airflow/example_dags/example_trigger_target_dag.py took 0.063 seconds
[2024-07-09T17:00:35.063+0000] {processor.py:161} INFO - Started process (PID=5166) to work on /home/airflow/.local/lib/python3.11/site-packages/airflow/example_dags/example_trigger_target_dag.py
[2024-07-09T17:00:35.064+0000] {processor.py:830} INFO - Processing file /home/airflow/.local/lib/python3.11/site-packages/airflow/example_dags/example_trigger_target_dag.py for tasks to queue
[2024-07-09T17:00:35.065+0000] {logging_mixin.py:188} INFO - [2024-07-09T17:00:35.065+0000] {dagbag.py:540} INFO - Filling up the DagBag from /home/airflow/.local/lib/python3.11/site-packages/airflow/example_dags/example_trigger_target_dag.py
[2024-07-09T17:00:35.070+0000] {processor.py:840} INFO - DAG(s) 'example_trigger_target_dag' retrieved from /home/airflow/.local/lib/python3.11/site-packages/airflow/example_dags/example_trigger_target_dag.py
[2024-07-09T17:00:35.089+0000] {logging_mixin.py:188} INFO - [2024-07-09T17:00:35.089+0000] {dag.py:3047} INFO - Sync 1 DAGs
[2024-07-09T17:00:35.100+0000] {logging_mixin.py:188} INFO - [2024-07-09T17:00:35.100+0000] {dag.py:3834} INFO - Setting next_dagrun for example_trigger_target_dag to None, run_after=None
[2024-07-09T17:00:35.151+0000] {processor.py:183} INFO - Processing /home/airflow/.local/lib/python3.11/site-packages/airflow/example_dags/example_trigger_target_dag.py took 0.090 seconds
[2024-07-09T17:01:06.048+0000] {processor.py:161} INFO - Started process (PID=5426) to work on /home/airflow/.local/lib/python3.11/site-packages/airflow/example_dags/example_trigger_target_dag.py
[2024-07-09T17:01:06.051+0000] {processor.py:830} INFO - Processing file /home/airflow/.local/lib/python3.11/site-packages/airflow/example_dags/example_trigger_target_dag.py for tasks to queue
[2024-07-09T17:01:06.052+0000] {logging_mixin.py:188} INFO - [2024-07-09T17:01:06.052+0000] {dagbag.py:540} INFO - Filling up the DagBag from /home/airflow/.local/lib/python3.11/site-packages/airflow/example_dags/example_trigger_target_dag.py
[2024-07-09T17:01:06.063+0000] {processor.py:840} INFO - DAG(s) 'example_trigger_target_dag' retrieved from /home/airflow/.local/lib/python3.11/site-packages/airflow/example_dags/example_trigger_target_dag.py
[2024-07-09T17:01:06.092+0000] {logging_mixin.py:188} INFO - [2024-07-09T17:01:06.092+0000] {dag.py:3047} INFO - Sync 1 DAGs
[2024-07-09T17:01:06.104+0000] {logging_mixin.py:188} INFO - [2024-07-09T17:01:06.103+0000] {dag.py:3834} INFO - Setting next_dagrun for example_trigger_target_dag to None, run_after=None
[2024-07-09T17:01:06.122+0000] {processor.py:183} INFO - Processing /home/airflow/.local/lib/python3.11/site-packages/airflow/example_dags/example_trigger_target_dag.py took 0.079 seconds
[2024-07-09T17:01:36.262+0000] {processor.py:161} INFO - Started process (PID=5690) to work on /home/airflow/.local/lib/python3.11/site-packages/airflow/example_dags/example_trigger_target_dag.py
[2024-07-09T17:01:36.263+0000] {processor.py:830} INFO - Processing file /home/airflow/.local/lib/python3.11/site-packages/airflow/example_dags/example_trigger_target_dag.py for tasks to queue
[2024-07-09T17:01:36.264+0000] {logging_mixin.py:188} INFO - [2024-07-09T17:01:36.264+0000] {dagbag.py:540} INFO - Filling up the DagBag from /home/airflow/.local/lib/python3.11/site-packages/airflow/example_dags/example_trigger_target_dag.py
[2024-07-09T17:01:36.269+0000] {processor.py:840} INFO - DAG(s) 'example_trigger_target_dag' retrieved from /home/airflow/.local/lib/python3.11/site-packages/airflow/example_dags/example_trigger_target_dag.py
[2024-07-09T17:01:36.287+0000] {logging_mixin.py:188} INFO - [2024-07-09T17:01:36.286+0000] {dag.py:3047} INFO - Sync 1 DAGs
[2024-07-09T17:01:36.295+0000] {logging_mixin.py:188} INFO - [2024-07-09T17:01:36.295+0000] {dag.py:3834} INFO - Setting next_dagrun for example_trigger_target_dag to None, run_after=None
[2024-07-09T17:01:36.311+0000] {processor.py:183} INFO - Processing /home/airflow/.local/lib/python3.11/site-packages/airflow/example_dags/example_trigger_target_dag.py took 0.051 seconds
[2024-07-09T17:02:06.440+0000] {processor.py:161} INFO - Started process (PID=5952) to work on /home/airflow/.local/lib/python3.11/site-packages/airflow/example_dags/example_trigger_target_dag.py
[2024-07-09T17:02:06.441+0000] {processor.py:830} INFO - Processing file /home/airflow/.local/lib/python3.11/site-packages/airflow/example_dags/example_trigger_target_dag.py for tasks to queue
[2024-07-09T17:02:06.442+0000] {logging_mixin.py:188} INFO - [2024-07-09T17:02:06.441+0000] {dagbag.py:540} INFO - Filling up the DagBag from /home/airflow/.local/lib/python3.11/site-packages/airflow/example_dags/example_trigger_target_dag.py
[2024-07-09T17:02:06.449+0000] {processor.py:840} INFO - DAG(s) 'example_trigger_target_dag' retrieved from /home/airflow/.local/lib/python3.11/site-packages/airflow/example_dags/example_trigger_target_dag.py
[2024-07-09T17:02:06.468+0000] {logging_mixin.py:188} INFO - [2024-07-09T17:02:06.468+0000] {dag.py:3047} INFO - Sync 1 DAGs
[2024-07-09T17:02:06.477+0000] {logging_mixin.py:188} INFO - [2024-07-09T17:02:06.477+0000] {dag.py:3834} INFO - Setting next_dagrun for example_trigger_target_dag to None, run_after=None
[2024-07-09T17:02:06.496+0000] {processor.py:183} INFO - Processing /home/airflow/.local/lib/python3.11/site-packages/airflow/example_dags/example_trigger_target_dag.py took 0.058 seconds
[2024-07-09T17:02:37.305+0000] {processor.py:161} INFO - Started process (PID=6214) to work on /home/airflow/.local/lib/python3.11/site-packages/airflow/example_dags/example_trigger_target_dag.py
[2024-07-09T17:02:37.306+0000] {processor.py:830} INFO - Processing file /home/airflow/.local/lib/python3.11/site-packages/airflow/example_dags/example_trigger_target_dag.py for tasks to queue
[2024-07-09T17:02:37.307+0000] {logging_mixin.py:188} INFO - [2024-07-09T17:02:37.307+0000] {dagbag.py:540} INFO - Filling up the DagBag from /home/airflow/.local/lib/python3.11/site-packages/airflow/example_dags/example_trigger_target_dag.py
[2024-07-09T17:02:37.315+0000] {processor.py:840} INFO - DAG(s) 'example_trigger_target_dag' retrieved from /home/airflow/.local/lib/python3.11/site-packages/airflow/example_dags/example_trigger_target_dag.py
[2024-07-09T17:02:37.348+0000] {logging_mixin.py:188} INFO - [2024-07-09T17:02:37.347+0000] {dag.py:3047} INFO - Sync 1 DAGs
[2024-07-09T17:02:37.360+0000] {logging_mixin.py:188} INFO - [2024-07-09T17:02:37.360+0000] {dag.py:3834} INFO - Setting next_dagrun for example_trigger_target_dag to None, run_after=None
[2024-07-09T17:02:37.374+0000] {processor.py:183} INFO - Processing /home/airflow/.local/lib/python3.11/site-packages/airflow/example_dags/example_trigger_target_dag.py took 0.073 seconds
[2024-07-09T17:03:07.571+0000] {processor.py:161} INFO - Started process (PID=6476) to work on /home/airflow/.local/lib/python3.11/site-packages/airflow/example_dags/example_trigger_target_dag.py
[2024-07-09T17:03:07.572+0000] {processor.py:830} INFO - Processing file /home/airflow/.local/lib/python3.11/site-packages/airflow/example_dags/example_trigger_target_dag.py for tasks to queue
[2024-07-09T17:03:07.573+0000] {logging_mixin.py:188} INFO - [2024-07-09T17:03:07.573+0000] {dagbag.py:540} INFO - Filling up the DagBag from /home/airflow/.local/lib/python3.11/site-packages/airflow/example_dags/example_trigger_target_dag.py
[2024-07-09T17:03:07.579+0000] {processor.py:840} INFO - DAG(s) 'example_trigger_target_dag' retrieved from /home/airflow/.local/lib/python3.11/site-packages/airflow/example_dags/example_trigger_target_dag.py
[2024-07-09T17:03:07.598+0000] {logging_mixin.py:188} INFO - [2024-07-09T17:03:07.597+0000] {dag.py:3047} INFO - Sync 1 DAGs
[2024-07-09T17:03:07.608+0000] {logging_mixin.py:188} INFO - [2024-07-09T17:03:07.608+0000] {dag.py:3834} INFO - Setting next_dagrun for example_trigger_target_dag to None, run_after=None
[2024-07-09T17:03:07.629+0000] {processor.py:183} INFO - Processing /home/airflow/.local/lib/python3.11/site-packages/airflow/example_dags/example_trigger_target_dag.py took 0.061 seconds
[2024-07-09T17:03:38.489+0000] {processor.py:161} INFO - Started process (PID=6738) to work on /home/airflow/.local/lib/python3.11/site-packages/airflow/example_dags/example_trigger_target_dag.py
[2024-07-09T17:03:38.490+0000] {processor.py:830} INFO - Processing file /home/airflow/.local/lib/python3.11/site-packages/airflow/example_dags/example_trigger_target_dag.py for tasks to queue
[2024-07-09T17:03:38.491+0000] {logging_mixin.py:188} INFO - [2024-07-09T17:03:38.491+0000] {dagbag.py:540} INFO - Filling up the DagBag from /home/airflow/.local/lib/python3.11/site-packages/airflow/example_dags/example_trigger_target_dag.py
[2024-07-09T17:03:38.497+0000] {processor.py:840} INFO - DAG(s) 'example_trigger_target_dag' retrieved from /home/airflow/.local/lib/python3.11/site-packages/airflow/example_dags/example_trigger_target_dag.py
[2024-07-09T17:03:38.516+0000] {logging_mixin.py:188} INFO - [2024-07-09T17:03:38.516+0000] {dag.py:3047} INFO - Sync 1 DAGs
[2024-07-09T17:03:38.525+0000] {logging_mixin.py:188} INFO - [2024-07-09T17:03:38.525+0000] {dag.py:3834} INFO - Setting next_dagrun for example_trigger_target_dag to None, run_after=None
[2024-07-09T17:03:38.540+0000] {processor.py:183} INFO - Processing /home/airflow/.local/lib/python3.11/site-packages/airflow/example_dags/example_trigger_target_dag.py took 0.053 seconds
[2024-07-09T17:04:09.190+0000] {processor.py:161} INFO - Started process (PID=7000) to work on /home/airflow/.local/lib/python3.11/site-packages/airflow/example_dags/example_trigger_target_dag.py
[2024-07-09T17:04:09.192+0000] {processor.py:830} INFO - Processing file /home/airflow/.local/lib/python3.11/site-packages/airflow/example_dags/example_trigger_target_dag.py for tasks to queue
[2024-07-09T17:04:09.193+0000] {logging_mixin.py:188} INFO - [2024-07-09T17:04:09.193+0000] {dagbag.py:540} INFO - Filling up the DagBag from /home/airflow/.local/lib/python3.11/site-packages/airflow/example_dags/example_trigger_target_dag.py
[2024-07-09T17:04:09.198+0000] {processor.py:840} INFO - DAG(s) 'example_trigger_target_dag' retrieved from /home/airflow/.local/lib/python3.11/site-packages/airflow/example_dags/example_trigger_target_dag.py
[2024-07-09T17:04:09.217+0000] {logging_mixin.py:188} INFO - [2024-07-09T17:04:09.217+0000] {dag.py:3047} INFO - Sync 1 DAGs
[2024-07-09T17:04:09.226+0000] {logging_mixin.py:188} INFO - [2024-07-09T17:04:09.226+0000] {dag.py:3834} INFO - Setting next_dagrun for example_trigger_target_dag to None, run_after=None
[2024-07-09T17:04:09.243+0000] {processor.py:183} INFO - Processing /home/airflow/.local/lib/python3.11/site-packages/airflow/example_dags/example_trigger_target_dag.py took 0.055 seconds
[2024-07-09T17:04:39.522+0000] {processor.py:161} INFO - Started process (PID=7262) to work on /home/airflow/.local/lib/python3.11/site-packages/airflow/example_dags/example_trigger_target_dag.py
[2024-07-09T17:04:39.523+0000] {processor.py:830} INFO - Processing file /home/airflow/.local/lib/python3.11/site-packages/airflow/example_dags/example_trigger_target_dag.py for tasks to queue
[2024-07-09T17:04:39.524+0000] {logging_mixin.py:188} INFO - [2024-07-09T17:04:39.523+0000] {dagbag.py:540} INFO - Filling up the DagBag from /home/airflow/.local/lib/python3.11/site-packages/airflow/example_dags/example_trigger_target_dag.py
[2024-07-09T17:04:39.529+0000] {processor.py:840} INFO - DAG(s) 'example_trigger_target_dag' retrieved from /home/airflow/.local/lib/python3.11/site-packages/airflow/example_dags/example_trigger_target_dag.py
[2024-07-09T17:04:39.547+0000] {logging_mixin.py:188} INFO - [2024-07-09T17:04:39.547+0000] {dag.py:3047} INFO - Sync 1 DAGs
[2024-07-09T17:04:39.556+0000] {logging_mixin.py:188} INFO - [2024-07-09T17:04:39.556+0000] {dag.py:3834} INFO - Setting next_dagrun for example_trigger_target_dag to None, run_after=None
[2024-07-09T17:04:39.571+0000] {processor.py:183} INFO - Processing /home/airflow/.local/lib/python3.11/site-packages/airflow/example_dags/example_trigger_target_dag.py took 0.052 seconds
[2024-07-09T17:05:09.878+0000] {processor.py:161} INFO - Started process (PID=7556) to work on /home/airflow/.local/lib/python3.11/site-packages/airflow/example_dags/example_trigger_target_dag.py
[2024-07-09T17:05:09.879+0000] {processor.py:830} INFO - Processing file /home/airflow/.local/lib/python3.11/site-packages/airflow/example_dags/example_trigger_target_dag.py for tasks to queue
[2024-07-09T17:05:09.880+0000] {logging_mixin.py:188} INFO - [2024-07-09T17:05:09.880+0000] {dagbag.py:540} INFO - Filling up the DagBag from /home/airflow/.local/lib/python3.11/site-packages/airflow/example_dags/example_trigger_target_dag.py
[2024-07-09T17:05:09.889+0000] {processor.py:840} INFO - DAG(s) 'example_trigger_target_dag' retrieved from /home/airflow/.local/lib/python3.11/site-packages/airflow/example_dags/example_trigger_target_dag.py
[2024-07-09T17:05:09.917+0000] {logging_mixin.py:188} INFO - [2024-07-09T17:05:09.917+0000] {dag.py:3047} INFO - Sync 1 DAGs
[2024-07-09T17:05:09.928+0000] {logging_mixin.py:188} INFO - [2024-07-09T17:05:09.928+0000] {dag.py:3834} INFO - Setting next_dagrun for example_trigger_target_dag to None, run_after=None
[2024-07-09T17:05:09.948+0000] {processor.py:183} INFO - Processing /home/airflow/.local/lib/python3.11/site-packages/airflow/example_dags/example_trigger_target_dag.py took 0.073 seconds
[2024-07-09T17:05:40.583+0000] {processor.py:161} INFO - Started process (PID=7818) to work on /home/airflow/.local/lib/python3.11/site-packages/airflow/example_dags/example_trigger_target_dag.py
[2024-07-09T17:05:40.584+0000] {processor.py:830} INFO - Processing file /home/airflow/.local/lib/python3.11/site-packages/airflow/example_dags/example_trigger_target_dag.py for tasks to queue
[2024-07-09T17:05:40.585+0000] {logging_mixin.py:188} INFO - [2024-07-09T17:05:40.585+0000] {dagbag.py:540} INFO - Filling up the DagBag from /home/airflow/.local/lib/python3.11/site-packages/airflow/example_dags/example_trigger_target_dag.py
[2024-07-09T17:05:40.591+0000] {processor.py:840} INFO - DAG(s) 'example_trigger_target_dag' retrieved from /home/airflow/.local/lib/python3.11/site-packages/airflow/example_dags/example_trigger_target_dag.py
[2024-07-09T17:05:40.610+0000] {logging_mixin.py:188} INFO - [2024-07-09T17:05:40.609+0000] {dag.py:3047} INFO - Sync 1 DAGs
[2024-07-09T17:05:40.619+0000] {logging_mixin.py:188} INFO - [2024-07-09T17:05:40.619+0000] {dag.py:3834} INFO - Setting next_dagrun for example_trigger_target_dag to None, run_after=None
[2024-07-09T17:05:40.641+0000] {processor.py:183} INFO - Processing /home/airflow/.local/lib/python3.11/site-packages/airflow/example_dags/example_trigger_target_dag.py took 0.061 seconds
[2024-07-09T17:06:11.512+0000] {processor.py:161} INFO - Started process (PID=8082) to work on /home/airflow/.local/lib/python3.11/site-packages/airflow/example_dags/example_trigger_target_dag.py
[2024-07-09T17:06:11.514+0000] {processor.py:830} INFO - Processing file /home/airflow/.local/lib/python3.11/site-packages/airflow/example_dags/example_trigger_target_dag.py for tasks to queue
[2024-07-09T17:06:11.515+0000] {logging_mixin.py:188} INFO - [2024-07-09T17:06:11.514+0000] {dagbag.py:540} INFO - Filling up the DagBag from /home/airflow/.local/lib/python3.11/site-packages/airflow/example_dags/example_trigger_target_dag.py
[2024-07-09T17:06:11.530+0000] {processor.py:840} INFO - DAG(s) 'example_trigger_target_dag' retrieved from /home/airflow/.local/lib/python3.11/site-packages/airflow/example_dags/example_trigger_target_dag.py
[2024-07-09T17:06:11.563+0000] {logging_mixin.py:188} INFO - [2024-07-09T17:06:11.563+0000] {dag.py:3047} INFO - Sync 1 DAGs
[2024-07-09T17:06:11.575+0000] {logging_mixin.py:188} INFO - [2024-07-09T17:06:11.575+0000] {dag.py:3834} INFO - Setting next_dagrun for example_trigger_target_dag to None, run_after=None
[2024-07-09T17:06:11.593+0000] {processor.py:183} INFO - Processing /home/airflow/.local/lib/python3.11/site-packages/airflow/example_dags/example_trigger_target_dag.py took 0.084 seconds
[2024-07-09T17:06:41.811+0000] {processor.py:161} INFO - Started process (PID=8344) to work on /home/airflow/.local/lib/python3.11/site-packages/airflow/example_dags/example_trigger_target_dag.py
[2024-07-09T17:06:41.812+0000] {processor.py:830} INFO - Processing file /home/airflow/.local/lib/python3.11/site-packages/airflow/example_dags/example_trigger_target_dag.py for tasks to queue
[2024-07-09T17:06:41.813+0000] {logging_mixin.py:188} INFO - [2024-07-09T17:06:41.813+0000] {dagbag.py:540} INFO - Filling up the DagBag from /home/airflow/.local/lib/python3.11/site-packages/airflow/example_dags/example_trigger_target_dag.py
[2024-07-09T17:06:41.818+0000] {processor.py:840} INFO - DAG(s) 'example_trigger_target_dag' retrieved from /home/airflow/.local/lib/python3.11/site-packages/airflow/example_dags/example_trigger_target_dag.py
[2024-07-09T17:06:41.839+0000] {logging_mixin.py:188} INFO - [2024-07-09T17:06:41.838+0000] {dag.py:3047} INFO - Sync 1 DAGs
[2024-07-09T17:06:41.849+0000] {logging_mixin.py:188} INFO - [2024-07-09T17:06:41.849+0000] {dag.py:3834} INFO - Setting next_dagrun for example_trigger_target_dag to None, run_after=None
[2024-07-09T17:06:41.865+0000] {processor.py:183} INFO - Processing /home/airflow/.local/lib/python3.11/site-packages/airflow/example_dags/example_trigger_target_dag.py took 0.058 seconds
