[2024-07-09T16:51:02.736+0000] {processor.py:161} INFO - Started process (PID=345) to work on /home/airflow/.local/lib/python3.11/site-packages/airflow/example_dags/example_datasets.py
[2024-07-09T16:51:02.737+0000] {processor.py:830} INFO - Processing file /home/airflow/.local/lib/python3.11/site-packages/airflow/example_dags/example_datasets.py for tasks to queue
[2024-07-09T16:51:02.738+0000] {logging_mixin.py:188} INFO - [2024-07-09T16:51:02.738+0000] {dagbag.py:540} INFO - Filling up the DagBag from /home/airflow/.local/lib/python3.11/site-packages/airflow/example_dags/example_datasets.py
[2024-07-09T16:51:02.750+0000] {processor.py:840} INFO - DAG(s) 'dataset_consumes_1_never_scheduled', 'dataset_produces_1', 'dataset_consumes_unknown_never_scheduled', 'dataset_produces_2', 'dataset_consumes_1_and_2', 'dataset_consumes_1' retrieved from /home/airflow/.local/lib/python3.11/site-packages/airflow/example_dags/example_datasets.py
[2024-07-09T16:51:02.872+0000] {logging_mixin.py:188} INFO - [2024-07-09T16:51:02.871+0000] {override.py:1769} INFO - Created Permission View: can delete on DAG:dataset_consumes_1_never_scheduled
[2024-07-09T16:51:02.884+0000] {logging_mixin.py:188} INFO - [2024-07-09T16:51:02.884+0000] {override.py:1769} INFO - Created Permission View: can edit on DAG:dataset_consumes_1_never_scheduled
[2024-07-09T16:51:02.891+0000] {logging_mixin.py:188} INFO - [2024-07-09T16:51:02.890+0000] {override.py:1769} INFO - Created Permission View: can read on DAG:dataset_consumes_1_never_scheduled
[2024-07-09T16:51:02.905+0000] {logging_mixin.py:188} INFO - [2024-07-09T16:51:02.905+0000] {override.py:1769} INFO - Created Permission View: can delete on DAG:dataset_produces_1
[2024-07-09T16:51:02.912+0000] {logging_mixin.py:188} INFO - [2024-07-09T16:51:02.912+0000] {override.py:1769} INFO - Created Permission View: can edit on DAG:dataset_produces_1
[2024-07-09T16:51:02.919+0000] {logging_mixin.py:188} INFO - [2024-07-09T16:51:02.919+0000] {override.py:1769} INFO - Created Permission View: can read on DAG:dataset_produces_1
[2024-07-09T16:51:02.932+0000] {logging_mixin.py:188} INFO - [2024-07-09T16:51:02.932+0000] {override.py:1769} INFO - Created Permission View: can delete on DAG:dataset_consumes_unknown_never_scheduled
[2024-07-09T16:51:02.938+0000] {logging_mixin.py:188} INFO - [2024-07-09T16:51:02.938+0000] {override.py:1769} INFO - Created Permission View: can edit on DAG:dataset_consumes_unknown_never_scheduled
[2024-07-09T16:51:02.945+0000] {logging_mixin.py:188} INFO - [2024-07-09T16:51:02.945+0000] {override.py:1769} INFO - Created Permission View: can read on DAG:dataset_consumes_unknown_never_scheduled
[2024-07-09T16:51:02.959+0000] {logging_mixin.py:188} INFO - [2024-07-09T16:51:02.958+0000] {override.py:1769} INFO - Created Permission View: can delete on DAG:dataset_produces_2
[2024-07-09T16:51:02.966+0000] {logging_mixin.py:188} INFO - [2024-07-09T16:51:02.966+0000] {override.py:1769} INFO - Created Permission View: can edit on DAG:dataset_produces_2
[2024-07-09T16:51:02.973+0000] {logging_mixin.py:188} INFO - [2024-07-09T16:51:02.972+0000] {override.py:1769} INFO - Created Permission View: can read on DAG:dataset_produces_2
[2024-07-09T16:51:02.985+0000] {logging_mixin.py:188} INFO - [2024-07-09T16:51:02.985+0000] {override.py:1769} INFO - Created Permission View: can delete on DAG:dataset_consumes_1_and_2
[2024-07-09T16:51:02.993+0000] {logging_mixin.py:188} INFO - [2024-07-09T16:51:02.993+0000] {override.py:1769} INFO - Created Permission View: can edit on DAG:dataset_consumes_1_and_2
[2024-07-09T16:51:03.001+0000] {logging_mixin.py:188} INFO - [2024-07-09T16:51:03.001+0000] {override.py:1769} INFO - Created Permission View: can read on DAG:dataset_consumes_1_and_2
[2024-07-09T16:51:03.015+0000] {logging_mixin.py:188} INFO - [2024-07-09T16:51:03.015+0000] {override.py:1769} INFO - Created Permission View: can delete on DAG:dataset_consumes_1
[2024-07-09T16:51:03.023+0000] {logging_mixin.py:188} INFO - [2024-07-09T16:51:03.022+0000] {override.py:1769} INFO - Created Permission View: can edit on DAG:dataset_consumes_1
[2024-07-09T16:51:03.030+0000] {logging_mixin.py:188} INFO - [2024-07-09T16:51:03.030+0000] {override.py:1769} INFO - Created Permission View: can read on DAG:dataset_consumes_1
[2024-07-09T16:51:03.031+0000] {logging_mixin.py:188} INFO - [2024-07-09T16:51:03.031+0000] {dag.py:3047} INFO - Sync 6 DAGs
[2024-07-09T16:51:03.046+0000] {logging_mixin.py:188} INFO - [2024-07-09T16:51:03.046+0000] {dag.py:3069} INFO - Creating ORM DAG for dataset_produces_2
[2024-07-09T16:51:03.047+0000] {logging_mixin.py:188} INFO - [2024-07-09T16:51:03.047+0000] {dag.py:3069} INFO - Creating ORM DAG for dataset_consumes_unknown_never_scheduled
[2024-07-09T16:51:03.048+0000] {logging_mixin.py:188} INFO - [2024-07-09T16:51:03.048+0000] {dag.py:3069} INFO - Creating ORM DAG for dataset_produces_1
[2024-07-09T16:51:03.049+0000] {logging_mixin.py:188} INFO - [2024-07-09T16:51:03.049+0000] {dag.py:3069} INFO - Creating ORM DAG for dataset_consumes_1
[2024-07-09T16:51:03.050+0000] {logging_mixin.py:188} INFO - [2024-07-09T16:51:03.049+0000] {dag.py:3069} INFO - Creating ORM DAG for dataset_consumes_1_and_2
[2024-07-09T16:51:03.050+0000] {logging_mixin.py:188} INFO - [2024-07-09T16:51:03.050+0000] {dag.py:3069} INFO - Creating ORM DAG for dataset_consumes_1_never_scheduled
[2024-07-09T16:51:03.063+0000] {logging_mixin.py:188} INFO - [2024-07-09T16:51:03.063+0000] {dag.py:3834} INFO - Setting next_dagrun for dataset_consumes_1 to None, run_after=None
[2024-07-09T16:51:03.064+0000] {logging_mixin.py:188} INFO - [2024-07-09T16:51:03.064+0000] {dag.py:3834} INFO - Setting next_dagrun for dataset_consumes_1_and_2 to None, run_after=None
[2024-07-09T16:51:03.066+0000] {logging_mixin.py:188} INFO - [2024-07-09T16:51:03.065+0000] {dag.py:3834} INFO - Setting next_dagrun for dataset_consumes_1_never_scheduled to None, run_after=None
[2024-07-09T16:51:03.067+0000] {logging_mixin.py:188} INFO - [2024-07-09T16:51:03.067+0000] {dag.py:3834} INFO - Setting next_dagrun for dataset_consumes_unknown_never_scheduled to None, run_after=None
[2024-07-09T16:51:03.069+0000] {logging_mixin.py:188} INFO - [2024-07-09T16:51:03.069+0000] {dag.py:3834} INFO - Setting next_dagrun for dataset_produces_1 to 2024-07-08 00:00:00+00:00, run_after=2024-07-09 00:00:00+00:00
[2024-07-09T16:51:03.071+0000] {logging_mixin.py:188} INFO - [2024-07-09T16:51:03.070+0000] {dag.py:3834} INFO - Setting next_dagrun for dataset_produces_2 to None, run_after=None
[2024-07-09T16:51:03.121+0000] {processor.py:183} INFO - Processing /home/airflow/.local/lib/python3.11/site-packages/airflow/example_dags/example_datasets.py took 0.389 seconds
[2024-07-09T16:51:33.237+0000] {processor.py:161} INFO - Started process (PID=614) to work on /home/airflow/.local/lib/python3.11/site-packages/airflow/example_dags/example_datasets.py
[2024-07-09T16:51:33.238+0000] {processor.py:830} INFO - Processing file /home/airflow/.local/lib/python3.11/site-packages/airflow/example_dags/example_datasets.py for tasks to queue
[2024-07-09T16:51:33.239+0000] {logging_mixin.py:188} INFO - [2024-07-09T16:51:33.239+0000] {dagbag.py:540} INFO - Filling up the DagBag from /home/airflow/.local/lib/python3.11/site-packages/airflow/example_dags/example_datasets.py
[2024-07-09T16:51:33.247+0000] {processor.py:840} INFO - DAG(s) 'dataset_produces_2', 'dataset_consumes_1_never_scheduled', 'dataset_consumes_unknown_never_scheduled', 'dataset_produces_1', 'dataset_consumes_1_and_2', 'dataset_consumes_1' retrieved from /home/airflow/.local/lib/python3.11/site-packages/airflow/example_dags/example_datasets.py
[2024-07-09T16:51:33.277+0000] {logging_mixin.py:188} INFO - [2024-07-09T16:51:33.277+0000] {dag.py:3047} INFO - Sync 6 DAGs
[2024-07-09T16:51:33.293+0000] {logging_mixin.py:188} INFO - [2024-07-09T16:51:33.293+0000] {dag.py:3834} INFO - Setting next_dagrun for dataset_consumes_1 to None, run_after=None
[2024-07-09T16:51:33.296+0000] {logging_mixin.py:188} INFO - [2024-07-09T16:51:33.296+0000] {dag.py:3834} INFO - Setting next_dagrun for dataset_consumes_1_and_2 to None, run_after=None
[2024-07-09T16:51:33.297+0000] {logging_mixin.py:188} INFO - [2024-07-09T16:51:33.297+0000] {dag.py:3834} INFO - Setting next_dagrun for dataset_consumes_1_never_scheduled to None, run_after=None
[2024-07-09T16:51:33.298+0000] {logging_mixin.py:188} INFO - [2024-07-09T16:51:33.298+0000] {dag.py:3834} INFO - Setting next_dagrun for dataset_consumes_unknown_never_scheduled to None, run_after=None
[2024-07-09T16:51:33.300+0000] {logging_mixin.py:188} INFO - [2024-07-09T16:51:33.299+0000] {dag.py:3834} INFO - Setting next_dagrun for dataset_produces_1 to 2024-07-08 00:00:00+00:00, run_after=2024-07-09 00:00:00+00:00
[2024-07-09T16:51:33.300+0000] {logging_mixin.py:188} INFO - [2024-07-09T16:51:33.300+0000] {dag.py:3834} INFO - Setting next_dagrun for dataset_produces_2 to None, run_after=None
[2024-07-09T16:51:33.323+0000] {processor.py:183} INFO - Processing /home/airflow/.local/lib/python3.11/site-packages/airflow/example_dags/example_datasets.py took 0.089 seconds
[2024-07-09T16:52:03.387+0000] {processor.py:161} INFO - Started process (PID=874) to work on /home/airflow/.local/lib/python3.11/site-packages/airflow/example_dags/example_datasets.py
[2024-07-09T16:52:03.388+0000] {processor.py:830} INFO - Processing file /home/airflow/.local/lib/python3.11/site-packages/airflow/example_dags/example_datasets.py for tasks to queue
[2024-07-09T16:52:03.389+0000] {logging_mixin.py:188} INFO - [2024-07-09T16:52:03.389+0000] {dagbag.py:540} INFO - Filling up the DagBag from /home/airflow/.local/lib/python3.11/site-packages/airflow/example_dags/example_datasets.py
[2024-07-09T16:52:03.397+0000] {processor.py:840} INFO - DAG(s) 'dataset_consumes_1_never_scheduled', 'dataset_consumes_1', 'dataset_produces_1', 'dataset_consumes_1_and_2', 'dataset_consumes_unknown_never_scheduled', 'dataset_produces_2' retrieved from /home/airflow/.local/lib/python3.11/site-packages/airflow/example_dags/example_datasets.py
[2024-07-09T16:52:03.427+0000] {logging_mixin.py:188} INFO - [2024-07-09T16:52:03.427+0000] {dag.py:3047} INFO - Sync 6 DAGs
[2024-07-09T16:52:03.447+0000] {logging_mixin.py:188} INFO - [2024-07-09T16:52:03.447+0000] {dag.py:3834} INFO - Setting next_dagrun for dataset_consumes_1 to None, run_after=None
[2024-07-09T16:52:03.450+0000] {logging_mixin.py:188} INFO - [2024-07-09T16:52:03.449+0000] {dag.py:3834} INFO - Setting next_dagrun for dataset_consumes_1_and_2 to None, run_after=None
[2024-07-09T16:52:03.451+0000] {logging_mixin.py:188} INFO - [2024-07-09T16:52:03.451+0000] {dag.py:3834} INFO - Setting next_dagrun for dataset_consumes_1_never_scheduled to None, run_after=None
[2024-07-09T16:52:03.453+0000] {logging_mixin.py:188} INFO - [2024-07-09T16:52:03.453+0000] {dag.py:3834} INFO - Setting next_dagrun for dataset_consumes_unknown_never_scheduled to None, run_after=None
[2024-07-09T16:52:03.457+0000] {logging_mixin.py:188} INFO - [2024-07-09T16:52:03.456+0000] {dag.py:3834} INFO - Setting next_dagrun for dataset_produces_1 to 2024-07-08 00:00:00+00:00, run_after=2024-07-09 00:00:00+00:00
[2024-07-09T16:52:03.458+0000] {logging_mixin.py:188} INFO - [2024-07-09T16:52:03.458+0000] {dag.py:3834} INFO - Setting next_dagrun for dataset_produces_2 to None, run_after=None
[2024-07-09T16:52:03.482+0000] {processor.py:183} INFO - Processing /home/airflow/.local/lib/python3.11/site-packages/airflow/example_dags/example_datasets.py took 0.098 seconds
[2024-07-09T16:52:33.833+0000] {processor.py:161} INFO - Started process (PID=1131) to work on /home/airflow/.local/lib/python3.11/site-packages/airflow/example_dags/example_datasets.py
[2024-07-09T16:52:33.834+0000] {processor.py:830} INFO - Processing file /home/airflow/.local/lib/python3.11/site-packages/airflow/example_dags/example_datasets.py for tasks to queue
[2024-07-09T16:52:33.835+0000] {logging_mixin.py:188} INFO - [2024-07-09T16:52:33.835+0000] {dagbag.py:540} INFO - Filling up the DagBag from /home/airflow/.local/lib/python3.11/site-packages/airflow/example_dags/example_datasets.py
[2024-07-09T16:52:33.844+0000] {processor.py:840} INFO - DAG(s) 'dataset_consumes_1', 'dataset_consumes_1_and_2', 'dataset_consumes_1_never_scheduled', 'dataset_produces_2', 'dataset_produces_1', 'dataset_consumes_unknown_never_scheduled' retrieved from /home/airflow/.local/lib/python3.11/site-packages/airflow/example_dags/example_datasets.py
[2024-07-09T16:52:33.880+0000] {logging_mixin.py:188} INFO - [2024-07-09T16:52:33.880+0000] {dag.py:3047} INFO - Sync 6 DAGs
[2024-07-09T16:52:33.903+0000] {logging_mixin.py:188} INFO - [2024-07-09T16:52:33.902+0000] {dag.py:3834} INFO - Setting next_dagrun for dataset_consumes_1 to None, run_after=None
[2024-07-09T16:52:33.907+0000] {logging_mixin.py:188} INFO - [2024-07-09T16:52:33.906+0000] {dag.py:3834} INFO - Setting next_dagrun for dataset_consumes_1_and_2 to None, run_after=None
[2024-07-09T16:52:33.908+0000] {logging_mixin.py:188} INFO - [2024-07-09T16:52:33.908+0000] {dag.py:3834} INFO - Setting next_dagrun for dataset_consumes_1_never_scheduled to None, run_after=None
[2024-07-09T16:52:33.910+0000] {logging_mixin.py:188} INFO - [2024-07-09T16:52:33.910+0000] {dag.py:3834} INFO - Setting next_dagrun for dataset_consumes_unknown_never_scheduled to None, run_after=None
[2024-07-09T16:52:33.912+0000] {logging_mixin.py:188} INFO - [2024-07-09T16:52:33.912+0000] {dag.py:3834} INFO - Setting next_dagrun for dataset_produces_1 to 2024-07-08 00:00:00+00:00, run_after=2024-07-09 00:00:00+00:00
[2024-07-09T16:52:33.913+0000] {logging_mixin.py:188} INFO - [2024-07-09T16:52:33.913+0000] {dag.py:3834} INFO - Setting next_dagrun for dataset_produces_2 to None, run_after=None
[2024-07-09T16:52:33.948+0000] {processor.py:183} INFO - Processing /home/airflow/.local/lib/python3.11/site-packages/airflow/example_dags/example_datasets.py took 0.118 seconds
[2024-07-09T16:53:04.684+0000] {processor.py:161} INFO - Started process (PID=1393) to work on /home/airflow/.local/lib/python3.11/site-packages/airflow/example_dags/example_datasets.py
[2024-07-09T16:53:04.685+0000] {processor.py:830} INFO - Processing file /home/airflow/.local/lib/python3.11/site-packages/airflow/example_dags/example_datasets.py for tasks to queue
[2024-07-09T16:53:04.686+0000] {logging_mixin.py:188} INFO - [2024-07-09T16:53:04.686+0000] {dagbag.py:540} INFO - Filling up the DagBag from /home/airflow/.local/lib/python3.11/site-packages/airflow/example_dags/example_datasets.py
[2024-07-09T16:53:04.696+0000] {processor.py:840} INFO - DAG(s) 'dataset_produces_1', 'dataset_consumes_unknown_never_scheduled', 'dataset_produces_2', 'dataset_consumes_1_never_scheduled', 'dataset_consumes_1', 'dataset_consumes_1_and_2' retrieved from /home/airflow/.local/lib/python3.11/site-packages/airflow/example_dags/example_datasets.py
[2024-07-09T16:53:04.864+0000] {logging_mixin.py:188} INFO - [2024-07-09T16:53:04.864+0000] {dag.py:3047} INFO - Sync 6 DAGs
[2024-07-09T16:53:04.887+0000] {logging_mixin.py:188} INFO - [2024-07-09T16:53:04.887+0000] {dag.py:3834} INFO - Setting next_dagrun for dataset_consumes_1 to None, run_after=None
[2024-07-09T16:53:04.891+0000] {logging_mixin.py:188} INFO - [2024-07-09T16:53:04.891+0000] {dag.py:3834} INFO - Setting next_dagrun for dataset_consumes_1_and_2 to None, run_after=None
[2024-07-09T16:53:04.893+0000] {logging_mixin.py:188} INFO - [2024-07-09T16:53:04.893+0000] {dag.py:3834} INFO - Setting next_dagrun for dataset_consumes_1_never_scheduled to None, run_after=None
[2024-07-09T16:53:04.894+0000] {logging_mixin.py:188} INFO - [2024-07-09T16:53:04.894+0000] {dag.py:3834} INFO - Setting next_dagrun for dataset_consumes_unknown_never_scheduled to None, run_after=None
[2024-07-09T16:53:04.896+0000] {logging_mixin.py:188} INFO - [2024-07-09T16:53:04.896+0000] {dag.py:3834} INFO - Setting next_dagrun for dataset_produces_1 to 2024-07-08 00:00:00+00:00, run_after=2024-07-09 00:00:00+00:00
[2024-07-09T16:53:04.898+0000] {logging_mixin.py:188} INFO - [2024-07-09T16:53:04.897+0000] {dag.py:3834} INFO - Setting next_dagrun for dataset_produces_2 to None, run_after=None
[2024-07-09T16:53:04.921+0000] {processor.py:183} INFO - Processing /home/airflow/.local/lib/python3.11/site-packages/airflow/example_dags/example_datasets.py took 0.241 seconds
[2024-07-09T16:53:35.799+0000] {processor.py:161} INFO - Started process (PID=1655) to work on /home/airflow/.local/lib/python3.11/site-packages/airflow/example_dags/example_datasets.py
[2024-07-09T16:53:35.801+0000] {processor.py:830} INFO - Processing file /home/airflow/.local/lib/python3.11/site-packages/airflow/example_dags/example_datasets.py for tasks to queue
[2024-07-09T16:53:35.802+0000] {logging_mixin.py:188} INFO - [2024-07-09T16:53:35.801+0000] {dagbag.py:540} INFO - Filling up the DagBag from /home/airflow/.local/lib/python3.11/site-packages/airflow/example_dags/example_datasets.py
[2024-07-09T16:53:35.811+0000] {processor.py:840} INFO - DAG(s) 'dataset_produces_1', 'dataset_consumes_1_never_scheduled', 'dataset_consumes_1_and_2', 'dataset_produces_2', 'dataset_consumes_1', 'dataset_consumes_unknown_never_scheduled' retrieved from /home/airflow/.local/lib/python3.11/site-packages/airflow/example_dags/example_datasets.py
[2024-07-09T16:53:35.847+0000] {logging_mixin.py:188} INFO - [2024-07-09T16:53:35.847+0000] {dag.py:3047} INFO - Sync 6 DAGs
[2024-07-09T16:53:35.870+0000] {logging_mixin.py:188} INFO - [2024-07-09T16:53:35.870+0000] {dag.py:3834} INFO - Setting next_dagrun for dataset_consumes_1 to None, run_after=None
[2024-07-09T16:53:35.873+0000] {logging_mixin.py:188} INFO - [2024-07-09T16:53:35.873+0000] {dag.py:3834} INFO - Setting next_dagrun for dataset_consumes_1_and_2 to None, run_after=None
[2024-07-09T16:53:35.875+0000] {logging_mixin.py:188} INFO - [2024-07-09T16:53:35.875+0000] {dag.py:3834} INFO - Setting next_dagrun for dataset_consumes_1_never_scheduled to None, run_after=None
[2024-07-09T16:53:35.876+0000] {logging_mixin.py:188} INFO - [2024-07-09T16:53:35.876+0000] {dag.py:3834} INFO - Setting next_dagrun for dataset_consumes_unknown_never_scheduled to None, run_after=None
[2024-07-09T16:53:35.878+0000] {logging_mixin.py:188} INFO - [2024-07-09T16:53:35.878+0000] {dag.py:3834} INFO - Setting next_dagrun for dataset_produces_1 to 2024-07-08 00:00:00+00:00, run_after=2024-07-09 00:00:00+00:00
[2024-07-09T16:53:35.879+0000] {logging_mixin.py:188} INFO - [2024-07-09T16:53:35.879+0000] {dag.py:3834} INFO - Setting next_dagrun for dataset_produces_2 to None, run_after=None
[2024-07-09T16:53:35.911+0000] {processor.py:183} INFO - Processing /home/airflow/.local/lib/python3.11/site-packages/airflow/example_dags/example_datasets.py took 0.115 seconds
[2024-07-09T16:54:06.681+0000] {processor.py:161} INFO - Started process (PID=1917) to work on /home/airflow/.local/lib/python3.11/site-packages/airflow/example_dags/example_datasets.py
[2024-07-09T16:54:06.683+0000] {processor.py:830} INFO - Processing file /home/airflow/.local/lib/python3.11/site-packages/airflow/example_dags/example_datasets.py for tasks to queue
[2024-07-09T16:54:06.685+0000] {logging_mixin.py:188} INFO - [2024-07-09T16:54:06.684+0000] {dagbag.py:540} INFO - Filling up the DagBag from /home/airflow/.local/lib/python3.11/site-packages/airflow/example_dags/example_datasets.py
[2024-07-09T16:54:06.699+0000] {processor.py:840} INFO - DAG(s) 'dataset_consumes_1', 'dataset_produces_2', 'dataset_consumes_1_and_2', 'dataset_produces_1', 'dataset_consumes_unknown_never_scheduled', 'dataset_consumes_1_never_scheduled' retrieved from /home/airflow/.local/lib/python3.11/site-packages/airflow/example_dags/example_datasets.py
[2024-07-09T16:54:06.752+0000] {logging_mixin.py:188} INFO - [2024-07-09T16:54:06.751+0000] {dag.py:3047} INFO - Sync 6 DAGs
[2024-07-09T16:54:06.780+0000] {logging_mixin.py:188} INFO - [2024-07-09T16:54:06.780+0000] {dag.py:3834} INFO - Setting next_dagrun for dataset_consumes_1 to None, run_after=None
[2024-07-09T16:54:06.786+0000] {logging_mixin.py:188} INFO - [2024-07-09T16:54:06.785+0000] {dag.py:3834} INFO - Setting next_dagrun for dataset_consumes_1_and_2 to None, run_after=None
[2024-07-09T16:54:06.788+0000] {logging_mixin.py:188} INFO - [2024-07-09T16:54:06.788+0000] {dag.py:3834} INFO - Setting next_dagrun for dataset_consumes_1_never_scheduled to None, run_after=None
[2024-07-09T16:54:06.790+0000] {logging_mixin.py:188} INFO - [2024-07-09T16:54:06.790+0000] {dag.py:3834} INFO - Setting next_dagrun for dataset_consumes_unknown_never_scheduled to None, run_after=None
[2024-07-09T16:54:06.794+0000] {logging_mixin.py:188} INFO - [2024-07-09T16:54:06.793+0000] {dag.py:3834} INFO - Setting next_dagrun for dataset_produces_1 to 2024-07-08 00:00:00+00:00, run_after=2024-07-09 00:00:00+00:00
[2024-07-09T16:54:06.796+0000] {logging_mixin.py:188} INFO - [2024-07-09T16:54:06.796+0000] {dag.py:3834} INFO - Setting next_dagrun for dataset_produces_2 to None, run_after=None
[2024-07-09T16:54:06.901+0000] {processor.py:183} INFO - Processing /home/airflow/.local/lib/python3.11/site-packages/airflow/example_dags/example_datasets.py took 0.224 seconds
[2024-07-09T16:54:37.189+0000] {processor.py:161} INFO - Started process (PID=2179) to work on /home/airflow/.local/lib/python3.11/site-packages/airflow/example_dags/example_datasets.py
[2024-07-09T16:54:37.190+0000] {processor.py:830} INFO - Processing file /home/airflow/.local/lib/python3.11/site-packages/airflow/example_dags/example_datasets.py for tasks to queue
[2024-07-09T16:54:37.191+0000] {logging_mixin.py:188} INFO - [2024-07-09T16:54:37.191+0000] {dagbag.py:540} INFO - Filling up the DagBag from /home/airflow/.local/lib/python3.11/site-packages/airflow/example_dags/example_datasets.py
[2024-07-09T16:54:37.203+0000] {processor.py:840} INFO - DAG(s) 'dataset_produces_1', 'dataset_consumes_1', 'dataset_consumes_1_never_scheduled', 'dataset_produces_2', 'dataset_consumes_1_and_2', 'dataset_consumes_unknown_never_scheduled' retrieved from /home/airflow/.local/lib/python3.11/site-packages/airflow/example_dags/example_datasets.py
[2024-07-09T16:54:37.249+0000] {logging_mixin.py:188} INFO - [2024-07-09T16:54:37.248+0000] {dag.py:3047} INFO - Sync 6 DAGs
[2024-07-09T16:54:37.274+0000] {logging_mixin.py:188} INFO - [2024-07-09T16:54:37.274+0000] {dag.py:3834} INFO - Setting next_dagrun for dataset_consumes_1 to None, run_after=None
[2024-07-09T16:54:37.278+0000] {logging_mixin.py:188} INFO - [2024-07-09T16:54:37.278+0000] {dag.py:3834} INFO - Setting next_dagrun for dataset_consumes_1_and_2 to None, run_after=None
[2024-07-09T16:54:37.280+0000] {logging_mixin.py:188} INFO - [2024-07-09T16:54:37.280+0000] {dag.py:3834} INFO - Setting next_dagrun for dataset_consumes_1_never_scheduled to None, run_after=None
[2024-07-09T16:54:37.281+0000] {logging_mixin.py:188} INFO - [2024-07-09T16:54:37.281+0000] {dag.py:3834} INFO - Setting next_dagrun for dataset_consumes_unknown_never_scheduled to None, run_after=None
[2024-07-09T16:54:37.284+0000] {logging_mixin.py:188} INFO - [2024-07-09T16:54:37.284+0000] {dag.py:3834} INFO - Setting next_dagrun for dataset_produces_1 to 2024-07-08 00:00:00+00:00, run_after=2024-07-09 00:00:00+00:00
[2024-07-09T16:54:37.287+0000] {logging_mixin.py:188} INFO - [2024-07-09T16:54:37.287+0000] {dag.py:3834} INFO - Setting next_dagrun for dataset_produces_2 to None, run_after=None
[2024-07-09T16:54:37.324+0000] {processor.py:183} INFO - Processing /home/airflow/.local/lib/python3.11/site-packages/airflow/example_dags/example_datasets.py took 0.138 seconds
[2024-07-09T16:55:07.588+0000] {processor.py:161} INFO - Started process (PID=2441) to work on /home/airflow/.local/lib/python3.11/site-packages/airflow/example_dags/example_datasets.py
[2024-07-09T16:55:07.590+0000] {processor.py:830} INFO - Processing file /home/airflow/.local/lib/python3.11/site-packages/airflow/example_dags/example_datasets.py for tasks to queue
[2024-07-09T16:55:07.591+0000] {logging_mixin.py:188} INFO - [2024-07-09T16:55:07.591+0000] {dagbag.py:540} INFO - Filling up the DagBag from /home/airflow/.local/lib/python3.11/site-packages/airflow/example_dags/example_datasets.py
[2024-07-09T16:55:07.602+0000] {processor.py:840} INFO - DAG(s) 'dataset_consumes_1_never_scheduled', 'dataset_consumes_1_and_2', 'dataset_produces_2', 'dataset_consumes_1', 'dataset_consumes_unknown_never_scheduled', 'dataset_produces_1' retrieved from /home/airflow/.local/lib/python3.11/site-packages/airflow/example_dags/example_datasets.py
[2024-07-09T16:55:07.635+0000] {logging_mixin.py:188} INFO - [2024-07-09T16:55:07.635+0000] {dag.py:3047} INFO - Sync 6 DAGs
[2024-07-09T16:55:07.655+0000] {logging_mixin.py:188} INFO - [2024-07-09T16:55:07.655+0000] {dag.py:3834} INFO - Setting next_dagrun for dataset_consumes_1 to None, run_after=None
[2024-07-09T16:55:07.658+0000] {logging_mixin.py:188} INFO - [2024-07-09T16:55:07.658+0000] {dag.py:3834} INFO - Setting next_dagrun for dataset_consumes_1_and_2 to None, run_after=None
[2024-07-09T16:55:07.659+0000] {logging_mixin.py:188} INFO - [2024-07-09T16:55:07.659+0000] {dag.py:3834} INFO - Setting next_dagrun for dataset_consumes_1_never_scheduled to None, run_after=None
[2024-07-09T16:55:07.661+0000] {logging_mixin.py:188} INFO - [2024-07-09T16:55:07.660+0000] {dag.py:3834} INFO - Setting next_dagrun for dataset_consumes_unknown_never_scheduled to None, run_after=None
[2024-07-09T16:55:07.663+0000] {logging_mixin.py:188} INFO - [2024-07-09T16:55:07.663+0000] {dag.py:3834} INFO - Setting next_dagrun for dataset_produces_1 to 2024-07-08 00:00:00+00:00, run_after=2024-07-09 00:00:00+00:00
[2024-07-09T16:55:07.664+0000] {logging_mixin.py:188} INFO - [2024-07-09T16:55:07.664+0000] {dag.py:3834} INFO - Setting next_dagrun for dataset_produces_2 to None, run_after=None
[2024-07-09T16:55:07.693+0000] {processor.py:183} INFO - Processing /home/airflow/.local/lib/python3.11/site-packages/airflow/example_dags/example_datasets.py took 0.109 seconds
[2024-07-09T16:55:38.134+0000] {processor.py:161} INFO - Started process (PID=2703) to work on /home/airflow/.local/lib/python3.11/site-packages/airflow/example_dags/example_datasets.py
[2024-07-09T16:55:38.135+0000] {processor.py:830} INFO - Processing file /home/airflow/.local/lib/python3.11/site-packages/airflow/example_dags/example_datasets.py for tasks to queue
[2024-07-09T16:55:38.136+0000] {logging_mixin.py:188} INFO - [2024-07-09T16:55:38.136+0000] {dagbag.py:540} INFO - Filling up the DagBag from /home/airflow/.local/lib/python3.11/site-packages/airflow/example_dags/example_datasets.py
[2024-07-09T16:55:38.145+0000] {processor.py:840} INFO - DAG(s) 'dataset_produces_2', 'dataset_consumes_unknown_never_scheduled', 'dataset_consumes_1', 'dataset_produces_1', 'dataset_consumes_1_never_scheduled', 'dataset_consumes_1_and_2' retrieved from /home/airflow/.local/lib/python3.11/site-packages/airflow/example_dags/example_datasets.py
[2024-07-09T16:55:38.187+0000] {logging_mixin.py:188} INFO - [2024-07-09T16:55:38.187+0000] {dag.py:3047} INFO - Sync 6 DAGs
[2024-07-09T16:55:38.206+0000] {logging_mixin.py:188} INFO - [2024-07-09T16:55:38.205+0000] {dag.py:3834} INFO - Setting next_dagrun for dataset_consumes_1 to None, run_after=None
[2024-07-09T16:55:38.209+0000] {logging_mixin.py:188} INFO - [2024-07-09T16:55:38.209+0000] {dag.py:3834} INFO - Setting next_dagrun for dataset_consumes_1_and_2 to None, run_after=None
[2024-07-09T16:55:38.211+0000] {logging_mixin.py:188} INFO - [2024-07-09T16:55:38.211+0000] {dag.py:3834} INFO - Setting next_dagrun for dataset_consumes_1_never_scheduled to None, run_after=None
[2024-07-09T16:55:38.212+0000] {logging_mixin.py:188} INFO - [2024-07-09T16:55:38.212+0000] {dag.py:3834} INFO - Setting next_dagrun for dataset_consumes_unknown_never_scheduled to None, run_after=None
[2024-07-09T16:55:38.215+0000] {logging_mixin.py:188} INFO - [2024-07-09T16:55:38.215+0000] {dag.py:3834} INFO - Setting next_dagrun for dataset_produces_1 to 2024-07-08 00:00:00+00:00, run_after=2024-07-09 00:00:00+00:00
[2024-07-09T16:55:38.217+0000] {logging_mixin.py:188} INFO - [2024-07-09T16:55:38.217+0000] {dag.py:3834} INFO - Setting next_dagrun for dataset_produces_2 to None, run_after=None
[2024-07-09T16:55:38.246+0000] {processor.py:183} INFO - Processing /home/airflow/.local/lib/python3.11/site-packages/airflow/example_dags/example_datasets.py took 0.115 seconds
[2024-07-09T16:56:08.377+0000] {processor.py:161} INFO - Started process (PID=2965) to work on /home/airflow/.local/lib/python3.11/site-packages/airflow/example_dags/example_datasets.py
[2024-07-09T16:56:08.378+0000] {processor.py:830} INFO - Processing file /home/airflow/.local/lib/python3.11/site-packages/airflow/example_dags/example_datasets.py for tasks to queue
[2024-07-09T16:56:08.379+0000] {logging_mixin.py:188} INFO - [2024-07-09T16:56:08.379+0000] {dagbag.py:540} INFO - Filling up the DagBag from /home/airflow/.local/lib/python3.11/site-packages/airflow/example_dags/example_datasets.py
[2024-07-09T16:56:08.388+0000] {processor.py:840} INFO - DAG(s) 'dataset_consumes_1_never_scheduled', 'dataset_consumes_1_and_2', 'dataset_consumes_1', 'dataset_consumes_unknown_never_scheduled', 'dataset_produces_1', 'dataset_produces_2' retrieved from /home/airflow/.local/lib/python3.11/site-packages/airflow/example_dags/example_datasets.py
[2024-07-09T16:56:08.419+0000] {logging_mixin.py:188} INFO - [2024-07-09T16:56:08.419+0000] {dag.py:3047} INFO - Sync 6 DAGs
[2024-07-09T16:56:08.437+0000] {logging_mixin.py:188} INFO - [2024-07-09T16:56:08.437+0000] {dag.py:3834} INFO - Setting next_dagrun for dataset_consumes_1 to None, run_after=None
[2024-07-09T16:56:08.441+0000] {logging_mixin.py:188} INFO - [2024-07-09T16:56:08.440+0000] {dag.py:3834} INFO - Setting next_dagrun for dataset_consumes_1_and_2 to None, run_after=None
[2024-07-09T16:56:08.442+0000] {logging_mixin.py:188} INFO - [2024-07-09T16:56:08.442+0000] {dag.py:3834} INFO - Setting next_dagrun for dataset_consumes_1_never_scheduled to None, run_after=None
[2024-07-09T16:56:08.443+0000] {logging_mixin.py:188} INFO - [2024-07-09T16:56:08.443+0000] {dag.py:3834} INFO - Setting next_dagrun for dataset_consumes_unknown_never_scheduled to None, run_after=None
[2024-07-09T16:56:08.445+0000] {logging_mixin.py:188} INFO - [2024-07-09T16:56:08.445+0000] {dag.py:3834} INFO - Setting next_dagrun for dataset_produces_1 to 2024-07-08 00:00:00+00:00, run_after=2024-07-09 00:00:00+00:00
[2024-07-09T16:56:08.446+0000] {logging_mixin.py:188} INFO - [2024-07-09T16:56:08.446+0000] {dag.py:3834} INFO - Setting next_dagrun for dataset_produces_2 to None, run_after=None
[2024-07-09T16:56:08.471+0000] {processor.py:183} INFO - Processing /home/airflow/.local/lib/python3.11/site-packages/airflow/example_dags/example_datasets.py took 0.096 seconds
[2024-07-09T16:56:38.820+0000] {processor.py:161} INFO - Started process (PID=3227) to work on /home/airflow/.local/lib/python3.11/site-packages/airflow/example_dags/example_datasets.py
[2024-07-09T16:56:38.821+0000] {processor.py:830} INFO - Processing file /home/airflow/.local/lib/python3.11/site-packages/airflow/example_dags/example_datasets.py for tasks to queue
[2024-07-09T16:56:38.822+0000] {logging_mixin.py:188} INFO - [2024-07-09T16:56:38.822+0000] {dagbag.py:540} INFO - Filling up the DagBag from /home/airflow/.local/lib/python3.11/site-packages/airflow/example_dags/example_datasets.py
[2024-07-09T16:56:38.830+0000] {processor.py:840} INFO - DAG(s) 'dataset_consumes_1_and_2', 'dataset_consumes_unknown_never_scheduled', 'dataset_consumes_1_never_scheduled', 'dataset_produces_2', 'dataset_consumes_1', 'dataset_produces_1' retrieved from /home/airflow/.local/lib/python3.11/site-packages/airflow/example_dags/example_datasets.py
[2024-07-09T16:56:38.867+0000] {logging_mixin.py:188} INFO - [2024-07-09T16:56:38.866+0000] {dag.py:3047} INFO - Sync 6 DAGs
[2024-07-09T16:56:38.888+0000] {logging_mixin.py:188} INFO - [2024-07-09T16:56:38.887+0000] {dag.py:3834} INFO - Setting next_dagrun for dataset_consumes_1 to None, run_after=None
[2024-07-09T16:56:38.891+0000] {logging_mixin.py:188} INFO - [2024-07-09T16:56:38.891+0000] {dag.py:3834} INFO - Setting next_dagrun for dataset_consumes_1_and_2 to None, run_after=None
[2024-07-09T16:56:38.893+0000] {logging_mixin.py:188} INFO - [2024-07-09T16:56:38.892+0000] {dag.py:3834} INFO - Setting next_dagrun for dataset_consumes_1_never_scheduled to None, run_after=None
[2024-07-09T16:56:38.894+0000] {logging_mixin.py:188} INFO - [2024-07-09T16:56:38.894+0000] {dag.py:3834} INFO - Setting next_dagrun for dataset_consumes_unknown_never_scheduled to None, run_after=None
[2024-07-09T16:56:38.896+0000] {logging_mixin.py:188} INFO - [2024-07-09T16:56:38.896+0000] {dag.py:3834} INFO - Setting next_dagrun for dataset_produces_1 to 2024-07-08 00:00:00+00:00, run_after=2024-07-09 00:00:00+00:00
[2024-07-09T16:56:38.897+0000] {logging_mixin.py:188} INFO - [2024-07-09T16:56:38.897+0000] {dag.py:3834} INFO - Setting next_dagrun for dataset_produces_2 to None, run_after=None
[2024-07-09T16:56:38.931+0000] {processor.py:183} INFO - Processing /home/airflow/.local/lib/python3.11/site-packages/airflow/example_dags/example_datasets.py took 0.113 seconds
[2024-07-09T16:57:09.499+0000] {processor.py:161} INFO - Started process (PID=3481) to work on /home/airflow/.local/lib/python3.11/site-packages/airflow/example_dags/example_datasets.py
[2024-07-09T16:57:09.501+0000] {processor.py:830} INFO - Processing file /home/airflow/.local/lib/python3.11/site-packages/airflow/example_dags/example_datasets.py for tasks to queue
[2024-07-09T16:57:09.502+0000] {logging_mixin.py:188} INFO - [2024-07-09T16:57:09.501+0000] {dagbag.py:540} INFO - Filling up the DagBag from /home/airflow/.local/lib/python3.11/site-packages/airflow/example_dags/example_datasets.py
[2024-07-09T16:57:09.513+0000] {processor.py:840} INFO - DAG(s) 'dataset_consumes_1', 'dataset_produces_2', 'dataset_produces_1', 'dataset_consumes_1_never_scheduled', 'dataset_consumes_1_and_2', 'dataset_consumes_unknown_never_scheduled' retrieved from /home/airflow/.local/lib/python3.11/site-packages/airflow/example_dags/example_datasets.py
[2024-07-09T16:57:09.566+0000] {logging_mixin.py:188} INFO - [2024-07-09T16:57:09.566+0000] {dag.py:3047} INFO - Sync 6 DAGs
[2024-07-09T16:57:09.624+0000] {logging_mixin.py:188} INFO - [2024-07-09T16:57:09.624+0000] {dag.py:3834} INFO - Setting next_dagrun for dataset_consumes_1 to None, run_after=None
[2024-07-09T16:57:09.629+0000] {logging_mixin.py:188} INFO - [2024-07-09T16:57:09.629+0000] {dag.py:3834} INFO - Setting next_dagrun for dataset_consumes_1_and_2 to None, run_after=None
[2024-07-09T16:57:09.631+0000] {logging_mixin.py:188} INFO - [2024-07-09T16:57:09.631+0000] {dag.py:3834} INFO - Setting next_dagrun for dataset_consumes_1_never_scheduled to None, run_after=None
[2024-07-09T16:57:09.645+0000] {logging_mixin.py:188} INFO - [2024-07-09T16:57:09.645+0000] {dag.py:3834} INFO - Setting next_dagrun for dataset_consumes_unknown_never_scheduled to None, run_after=None
[2024-07-09T16:57:09.662+0000] {logging_mixin.py:188} INFO - [2024-07-09T16:57:09.662+0000] {dag.py:3834} INFO - Setting next_dagrun for dataset_produces_1 to 2024-07-08 00:00:00+00:00, run_after=2024-07-09 00:00:00+00:00
[2024-07-09T16:57:09.664+0000] {logging_mixin.py:188} INFO - [2024-07-09T16:57:09.664+0000] {dag.py:3834} INFO - Setting next_dagrun for dataset_produces_2 to None, run_after=None
[2024-07-09T16:57:09.716+0000] {processor.py:183} INFO - Processing /home/airflow/.local/lib/python3.11/site-packages/airflow/example_dags/example_datasets.py took 0.220 seconds
[2024-07-09T16:57:40.523+0000] {processor.py:161} INFO - Started process (PID=3739) to work on /home/airflow/.local/lib/python3.11/site-packages/airflow/example_dags/example_datasets.py
[2024-07-09T16:57:40.525+0000] {processor.py:830} INFO - Processing file /home/airflow/.local/lib/python3.11/site-packages/airflow/example_dags/example_datasets.py for tasks to queue
[2024-07-09T16:57:40.526+0000] {logging_mixin.py:188} INFO - [2024-07-09T16:57:40.526+0000] {dagbag.py:540} INFO - Filling up the DagBag from /home/airflow/.local/lib/python3.11/site-packages/airflow/example_dags/example_datasets.py
[2024-07-09T16:57:40.536+0000] {processor.py:840} INFO - DAG(s) 'dataset_consumes_unknown_never_scheduled', 'dataset_consumes_1_never_scheduled', 'dataset_consumes_1', 'dataset_produces_1', 'dataset_consumes_1_and_2', 'dataset_produces_2' retrieved from /home/airflow/.local/lib/python3.11/site-packages/airflow/example_dags/example_datasets.py
[2024-07-09T16:57:40.571+0000] {logging_mixin.py:188} INFO - [2024-07-09T16:57:40.571+0000] {dag.py:3047} INFO - Sync 6 DAGs
[2024-07-09T16:57:40.595+0000] {logging_mixin.py:188} INFO - [2024-07-09T16:57:40.595+0000] {dag.py:3834} INFO - Setting next_dagrun for dataset_consumes_1 to None, run_after=None
[2024-07-09T16:57:40.599+0000] {logging_mixin.py:188} INFO - [2024-07-09T16:57:40.599+0000] {dag.py:3834} INFO - Setting next_dagrun for dataset_consumes_1_and_2 to None, run_after=None
[2024-07-09T16:57:40.601+0000] {logging_mixin.py:188} INFO - [2024-07-09T16:57:40.601+0000] {dag.py:3834} INFO - Setting next_dagrun for dataset_consumes_1_never_scheduled to None, run_after=None
[2024-07-09T16:57:40.603+0000] {logging_mixin.py:188} INFO - [2024-07-09T16:57:40.602+0000] {dag.py:3834} INFO - Setting next_dagrun for dataset_consumes_unknown_never_scheduled to None, run_after=None
[2024-07-09T16:57:40.605+0000] {logging_mixin.py:188} INFO - [2024-07-09T16:57:40.605+0000] {dag.py:3834} INFO - Setting next_dagrun for dataset_produces_1 to 2024-07-08 00:00:00+00:00, run_after=2024-07-09 00:00:00+00:00
[2024-07-09T16:57:40.607+0000] {logging_mixin.py:188} INFO - [2024-07-09T16:57:40.606+0000] {dag.py:3834} INFO - Setting next_dagrun for dataset_produces_2 to None, run_after=None
[2024-07-09T16:57:40.640+0000] {processor.py:183} INFO - Processing /home/airflow/.local/lib/python3.11/site-packages/airflow/example_dags/example_datasets.py took 0.120 seconds
[2024-07-09T16:58:11.075+0000] {processor.py:161} INFO - Started process (PID=3999) to work on /home/airflow/.local/lib/python3.11/site-packages/airflow/example_dags/example_datasets.py
[2024-07-09T16:58:11.076+0000] {processor.py:830} INFO - Processing file /home/airflow/.local/lib/python3.11/site-packages/airflow/example_dags/example_datasets.py for tasks to queue
[2024-07-09T16:58:11.077+0000] {logging_mixin.py:188} INFO - [2024-07-09T16:58:11.077+0000] {dagbag.py:540} INFO - Filling up the DagBag from /home/airflow/.local/lib/python3.11/site-packages/airflow/example_dags/example_datasets.py
[2024-07-09T16:58:11.085+0000] {processor.py:840} INFO - DAG(s) 'dataset_consumes_1', 'dataset_produces_2', 'dataset_consumes_1_never_scheduled', 'dataset_produces_1', 'dataset_consumes_1_and_2', 'dataset_consumes_unknown_never_scheduled' retrieved from /home/airflow/.local/lib/python3.11/site-packages/airflow/example_dags/example_datasets.py
[2024-07-09T16:58:11.118+0000] {logging_mixin.py:188} INFO - [2024-07-09T16:58:11.118+0000] {dag.py:3047} INFO - Sync 6 DAGs
[2024-07-09T16:58:11.138+0000] {logging_mixin.py:188} INFO - [2024-07-09T16:58:11.137+0000] {dag.py:3834} INFO - Setting next_dagrun for dataset_consumes_1 to None, run_after=None
[2024-07-09T16:58:11.141+0000] {logging_mixin.py:188} INFO - [2024-07-09T16:58:11.141+0000] {dag.py:3834} INFO - Setting next_dagrun for dataset_consumes_1_and_2 to None, run_after=None
[2024-07-09T16:58:11.143+0000] {logging_mixin.py:188} INFO - [2024-07-09T16:58:11.142+0000] {dag.py:3834} INFO - Setting next_dagrun for dataset_consumes_1_never_scheduled to None, run_after=None
[2024-07-09T16:58:11.144+0000] {logging_mixin.py:188} INFO - [2024-07-09T16:58:11.143+0000] {dag.py:3834} INFO - Setting next_dagrun for dataset_consumes_unknown_never_scheduled to None, run_after=None
[2024-07-09T16:58:11.146+0000] {logging_mixin.py:188} INFO - [2024-07-09T16:58:11.146+0000] {dag.py:3834} INFO - Setting next_dagrun for dataset_produces_1 to 2024-07-08 00:00:00+00:00, run_after=2024-07-09 00:00:00+00:00
[2024-07-09T16:58:11.147+0000] {logging_mixin.py:188} INFO - [2024-07-09T16:58:11.147+0000] {dag.py:3834} INFO - Setting next_dagrun for dataset_produces_2 to None, run_after=None
[2024-07-09T16:58:11.172+0000] {processor.py:183} INFO - Processing /home/airflow/.local/lib/python3.11/site-packages/airflow/example_dags/example_datasets.py took 0.100 seconds
[2024-07-09T16:58:41.509+0000] {processor.py:161} INFO - Started process (PID=4261) to work on /home/airflow/.local/lib/python3.11/site-packages/airflow/example_dags/example_datasets.py
[2024-07-09T16:58:41.510+0000] {processor.py:830} INFO - Processing file /home/airflow/.local/lib/python3.11/site-packages/airflow/example_dags/example_datasets.py for tasks to queue
[2024-07-09T16:58:41.511+0000] {logging_mixin.py:188} INFO - [2024-07-09T16:58:41.511+0000] {dagbag.py:540} INFO - Filling up the DagBag from /home/airflow/.local/lib/python3.11/site-packages/airflow/example_dags/example_datasets.py
[2024-07-09T16:58:41.521+0000] {processor.py:840} INFO - DAG(s) 'dataset_consumes_1_and_2', 'dataset_consumes_unknown_never_scheduled', 'dataset_consumes_1', 'dataset_produces_1', 'dataset_produces_2', 'dataset_consumes_1_never_scheduled' retrieved from /home/airflow/.local/lib/python3.11/site-packages/airflow/example_dags/example_datasets.py
[2024-07-09T16:58:41.566+0000] {logging_mixin.py:188} INFO - [2024-07-09T16:58:41.566+0000] {dag.py:3047} INFO - Sync 6 DAGs
[2024-07-09T16:58:41.592+0000] {logging_mixin.py:188} INFO - [2024-07-09T16:58:41.592+0000] {dag.py:3834} INFO - Setting next_dagrun for dataset_consumes_1 to None, run_after=None
[2024-07-09T16:58:41.596+0000] {logging_mixin.py:188} INFO - [2024-07-09T16:58:41.596+0000] {dag.py:3834} INFO - Setting next_dagrun for dataset_consumes_1_and_2 to None, run_after=None
[2024-07-09T16:58:41.598+0000] {logging_mixin.py:188} INFO - [2024-07-09T16:58:41.598+0000] {dag.py:3834} INFO - Setting next_dagrun for dataset_consumes_1_never_scheduled to None, run_after=None
[2024-07-09T16:58:41.599+0000] {logging_mixin.py:188} INFO - [2024-07-09T16:58:41.599+0000] {dag.py:3834} INFO - Setting next_dagrun for dataset_consumes_unknown_never_scheduled to None, run_after=None
[2024-07-09T16:58:41.601+0000] {logging_mixin.py:188} INFO - [2024-07-09T16:58:41.601+0000] {dag.py:3834} INFO - Setting next_dagrun for dataset_produces_1 to 2024-07-08 00:00:00+00:00, run_after=2024-07-09 00:00:00+00:00
[2024-07-09T16:58:41.603+0000] {logging_mixin.py:188} INFO - [2024-07-09T16:58:41.603+0000] {dag.py:3834} INFO - Setting next_dagrun for dataset_produces_2 to None, run_after=None
[2024-07-09T16:58:41.627+0000] {processor.py:183} INFO - Processing /home/airflow/.local/lib/python3.11/site-packages/airflow/example_dags/example_datasets.py took 0.120 seconds
[2024-07-09T16:59:12.510+0000] {processor.py:161} INFO - Started process (PID=4523) to work on /home/airflow/.local/lib/python3.11/site-packages/airflow/example_dags/example_datasets.py
[2024-07-09T16:59:12.511+0000] {processor.py:830} INFO - Processing file /home/airflow/.local/lib/python3.11/site-packages/airflow/example_dags/example_datasets.py for tasks to queue
[2024-07-09T16:59:12.512+0000] {logging_mixin.py:188} INFO - [2024-07-09T16:59:12.512+0000] {dagbag.py:540} INFO - Filling up the DagBag from /home/airflow/.local/lib/python3.11/site-packages/airflow/example_dags/example_datasets.py
[2024-07-09T16:59:12.522+0000] {processor.py:840} INFO - DAG(s) 'dataset_consumes_1_and_2', 'dataset_consumes_1', 'dataset_consumes_1_never_scheduled', 'dataset_consumes_unknown_never_scheduled', 'dataset_produces_1', 'dataset_produces_2' retrieved from /home/airflow/.local/lib/python3.11/site-packages/airflow/example_dags/example_datasets.py
[2024-07-09T16:59:12.557+0000] {logging_mixin.py:188} INFO - [2024-07-09T16:59:12.557+0000] {dag.py:3047} INFO - Sync 6 DAGs
[2024-07-09T16:59:12.579+0000] {logging_mixin.py:188} INFO - [2024-07-09T16:59:12.579+0000] {dag.py:3834} INFO - Setting next_dagrun for dataset_consumes_1 to None, run_after=None
[2024-07-09T16:59:12.583+0000] {logging_mixin.py:188} INFO - [2024-07-09T16:59:12.583+0000] {dag.py:3834} INFO - Setting next_dagrun for dataset_consumes_1_and_2 to None, run_after=None
[2024-07-09T16:59:12.585+0000] {logging_mixin.py:188} INFO - [2024-07-09T16:59:12.584+0000] {dag.py:3834} INFO - Setting next_dagrun for dataset_consumes_1_never_scheduled to None, run_after=None
[2024-07-09T16:59:12.586+0000] {logging_mixin.py:188} INFO - [2024-07-09T16:59:12.586+0000] {dag.py:3834} INFO - Setting next_dagrun for dataset_consumes_unknown_never_scheduled to None, run_after=None
[2024-07-09T16:59:12.589+0000] {logging_mixin.py:188} INFO - [2024-07-09T16:59:12.588+0000] {dag.py:3834} INFO - Setting next_dagrun for dataset_produces_1 to 2024-07-08 00:00:00+00:00, run_after=2024-07-09 00:00:00+00:00
[2024-07-09T16:59:12.590+0000] {logging_mixin.py:188} INFO - [2024-07-09T16:59:12.590+0000] {dag.py:3834} INFO - Setting next_dagrun for dataset_produces_2 to None, run_after=None
[2024-07-09T16:59:12.621+0000] {processor.py:183} INFO - Processing /home/airflow/.local/lib/python3.11/site-packages/airflow/example_dags/example_datasets.py took 0.114 seconds
[2024-07-09T16:59:42.753+0000] {processor.py:161} INFO - Started process (PID=4785) to work on /home/airflow/.local/lib/python3.11/site-packages/airflow/example_dags/example_datasets.py
[2024-07-09T16:59:42.754+0000] {processor.py:830} INFO - Processing file /home/airflow/.local/lib/python3.11/site-packages/airflow/example_dags/example_datasets.py for tasks to queue
[2024-07-09T16:59:42.755+0000] {logging_mixin.py:188} INFO - [2024-07-09T16:59:42.755+0000] {dagbag.py:540} INFO - Filling up the DagBag from /home/airflow/.local/lib/python3.11/site-packages/airflow/example_dags/example_datasets.py
[2024-07-09T16:59:42.764+0000] {processor.py:840} INFO - DAG(s) 'dataset_consumes_unknown_never_scheduled', 'dataset_consumes_1', 'dataset_consumes_1_and_2', 'dataset_consumes_1_never_scheduled', 'dataset_produces_2', 'dataset_produces_1' retrieved from /home/airflow/.local/lib/python3.11/site-packages/airflow/example_dags/example_datasets.py
[2024-07-09T16:59:42.801+0000] {logging_mixin.py:188} INFO - [2024-07-09T16:59:42.801+0000] {dag.py:3047} INFO - Sync 6 DAGs
[2024-07-09T16:59:42.823+0000] {logging_mixin.py:188} INFO - [2024-07-09T16:59:42.822+0000] {dag.py:3834} INFO - Setting next_dagrun for dataset_consumes_1 to None, run_after=None
[2024-07-09T16:59:42.826+0000] {logging_mixin.py:188} INFO - [2024-07-09T16:59:42.826+0000] {dag.py:3834} INFO - Setting next_dagrun for dataset_consumes_1_and_2 to None, run_after=None
[2024-07-09T16:59:42.827+0000] {logging_mixin.py:188} INFO - [2024-07-09T16:59:42.827+0000] {dag.py:3834} INFO - Setting next_dagrun for dataset_consumes_1_never_scheduled to None, run_after=None
[2024-07-09T16:59:42.828+0000] {logging_mixin.py:188} INFO - [2024-07-09T16:59:42.828+0000] {dag.py:3834} INFO - Setting next_dagrun for dataset_consumes_unknown_never_scheduled to None, run_after=None
[2024-07-09T16:59:42.831+0000] {logging_mixin.py:188} INFO - [2024-07-09T16:59:42.831+0000] {dag.py:3834} INFO - Setting next_dagrun for dataset_produces_1 to 2024-07-08 00:00:00+00:00, run_after=2024-07-09 00:00:00+00:00
[2024-07-09T16:59:42.833+0000] {logging_mixin.py:188} INFO - [2024-07-09T16:59:42.833+0000] {dag.py:3834} INFO - Setting next_dagrun for dataset_produces_2 to None, run_after=None
[2024-07-09T16:59:42.862+0000] {processor.py:183} INFO - Processing /home/airflow/.local/lib/python3.11/site-packages/airflow/example_dags/example_datasets.py took 0.113 seconds
[2024-07-09T17:00:13.281+0000] {processor.py:161} INFO - Started process (PID=5047) to work on /home/airflow/.local/lib/python3.11/site-packages/airflow/example_dags/example_datasets.py
[2024-07-09T17:00:13.282+0000] {processor.py:830} INFO - Processing file /home/airflow/.local/lib/python3.11/site-packages/airflow/example_dags/example_datasets.py for tasks to queue
[2024-07-09T17:00:13.284+0000] {logging_mixin.py:188} INFO - [2024-07-09T17:00:13.283+0000] {dagbag.py:540} INFO - Filling up the DagBag from /home/airflow/.local/lib/python3.11/site-packages/airflow/example_dags/example_datasets.py
[2024-07-09T17:00:13.292+0000] {processor.py:840} INFO - DAG(s) 'dataset_consumes_1', 'dataset_produces_1', 'dataset_produces_2', 'dataset_consumes_unknown_never_scheduled', 'dataset_consumes_1_and_2', 'dataset_consumes_1_never_scheduled' retrieved from /home/airflow/.local/lib/python3.11/site-packages/airflow/example_dags/example_datasets.py
[2024-07-09T17:00:13.322+0000] {logging_mixin.py:188} INFO - [2024-07-09T17:00:13.322+0000] {dag.py:3047} INFO - Sync 6 DAGs
[2024-07-09T17:00:13.341+0000] {logging_mixin.py:188} INFO - [2024-07-09T17:00:13.340+0000] {dag.py:3834} INFO - Setting next_dagrun for dataset_consumes_1 to None, run_after=None
[2024-07-09T17:00:13.344+0000] {logging_mixin.py:188} INFO - [2024-07-09T17:00:13.344+0000] {dag.py:3834} INFO - Setting next_dagrun for dataset_consumes_1_and_2 to None, run_after=None
[2024-07-09T17:00:13.346+0000] {logging_mixin.py:188} INFO - [2024-07-09T17:00:13.346+0000] {dag.py:3834} INFO - Setting next_dagrun for dataset_consumes_1_never_scheduled to None, run_after=None
[2024-07-09T17:00:13.347+0000] {logging_mixin.py:188} INFO - [2024-07-09T17:00:13.347+0000] {dag.py:3834} INFO - Setting next_dagrun for dataset_consumes_unknown_never_scheduled to None, run_after=None
[2024-07-09T17:00:13.350+0000] {logging_mixin.py:188} INFO - [2024-07-09T17:00:13.350+0000] {dag.py:3834} INFO - Setting next_dagrun for dataset_produces_1 to 2024-07-08 00:00:00+00:00, run_after=2024-07-09 00:00:00+00:00
[2024-07-09T17:00:13.351+0000] {logging_mixin.py:188} INFO - [2024-07-09T17:00:13.351+0000] {dag.py:3834} INFO - Setting next_dagrun for dataset_produces_2 to None, run_after=None
[2024-07-09T17:00:13.375+0000] {processor.py:183} INFO - Processing /home/airflow/.local/lib/python3.11/site-packages/airflow/example_dags/example_datasets.py took 0.098 seconds
[2024-07-09T17:00:43.777+0000] {processor.py:161} INFO - Started process (PID=5311) to work on /home/airflow/.local/lib/python3.11/site-packages/airflow/example_dags/example_datasets.py
[2024-07-09T17:00:43.778+0000] {processor.py:830} INFO - Processing file /home/airflow/.local/lib/python3.11/site-packages/airflow/example_dags/example_datasets.py for tasks to queue
[2024-07-09T17:00:43.779+0000] {logging_mixin.py:188} INFO - [2024-07-09T17:00:43.779+0000] {dagbag.py:540} INFO - Filling up the DagBag from /home/airflow/.local/lib/python3.11/site-packages/airflow/example_dags/example_datasets.py
[2024-07-09T17:00:43.787+0000] {processor.py:840} INFO - DAG(s) 'dataset_consumes_1_and_2', 'dataset_produces_2', 'dataset_consumes_1_never_scheduled', 'dataset_consumes_unknown_never_scheduled', 'dataset_consumes_1', 'dataset_produces_1' retrieved from /home/airflow/.local/lib/python3.11/site-packages/airflow/example_dags/example_datasets.py
[2024-07-09T17:00:43.816+0000] {logging_mixin.py:188} INFO - [2024-07-09T17:00:43.815+0000] {dag.py:3047} INFO - Sync 6 DAGs
[2024-07-09T17:00:43.833+0000] {logging_mixin.py:188} INFO - [2024-07-09T17:00:43.832+0000] {dag.py:3834} INFO - Setting next_dagrun for dataset_consumes_1 to None, run_after=None
[2024-07-09T17:00:43.836+0000] {logging_mixin.py:188} INFO - [2024-07-09T17:00:43.836+0000] {dag.py:3834} INFO - Setting next_dagrun for dataset_consumes_1_and_2 to None, run_after=None
[2024-07-09T17:00:43.837+0000] {logging_mixin.py:188} INFO - [2024-07-09T17:00:43.837+0000] {dag.py:3834} INFO - Setting next_dagrun for dataset_consumes_1_never_scheduled to None, run_after=None
[2024-07-09T17:00:43.838+0000] {logging_mixin.py:188} INFO - [2024-07-09T17:00:43.838+0000] {dag.py:3834} INFO - Setting next_dagrun for dataset_consumes_unknown_never_scheduled to None, run_after=None
[2024-07-09T17:00:43.840+0000] {logging_mixin.py:188} INFO - [2024-07-09T17:00:43.840+0000] {dag.py:3834} INFO - Setting next_dagrun for dataset_produces_1 to 2024-07-08 00:00:00+00:00, run_after=2024-07-09 00:00:00+00:00
[2024-07-09T17:00:43.842+0000] {logging_mixin.py:188} INFO - [2024-07-09T17:00:43.842+0000] {dag.py:3834} INFO - Setting next_dagrun for dataset_produces_2 to None, run_after=None
[2024-07-09T17:00:43.866+0000] {processor.py:183} INFO - Processing /home/airflow/.local/lib/python3.11/site-packages/airflow/example_dags/example_datasets.py took 0.091 seconds
[2024-07-09T17:01:13.971+0000] {processor.py:161} INFO - Started process (PID=5573) to work on /home/airflow/.local/lib/python3.11/site-packages/airflow/example_dags/example_datasets.py
[2024-07-09T17:01:13.972+0000] {processor.py:830} INFO - Processing file /home/airflow/.local/lib/python3.11/site-packages/airflow/example_dags/example_datasets.py for tasks to queue
[2024-07-09T17:01:13.973+0000] {logging_mixin.py:188} INFO - [2024-07-09T17:01:13.973+0000] {dagbag.py:540} INFO - Filling up the DagBag from /home/airflow/.local/lib/python3.11/site-packages/airflow/example_dags/example_datasets.py
[2024-07-09T17:01:13.981+0000] {processor.py:840} INFO - DAG(s) 'dataset_consumes_1_never_scheduled', 'dataset_consumes_1', 'dataset_produces_2', 'dataset_consumes_unknown_never_scheduled', 'dataset_produces_1', 'dataset_consumes_1_and_2' retrieved from /home/airflow/.local/lib/python3.11/site-packages/airflow/example_dags/example_datasets.py
[2024-07-09T17:01:14.011+0000] {logging_mixin.py:188} INFO - [2024-07-09T17:01:14.011+0000] {dag.py:3047} INFO - Sync 6 DAGs
[2024-07-09T17:01:14.032+0000] {logging_mixin.py:188} INFO - [2024-07-09T17:01:14.032+0000] {dag.py:3834} INFO - Setting next_dagrun for dataset_consumes_1 to None, run_after=None
[2024-07-09T17:01:14.036+0000] {logging_mixin.py:188} INFO - [2024-07-09T17:01:14.036+0000] {dag.py:3834} INFO - Setting next_dagrun for dataset_consumes_1_and_2 to None, run_after=None
[2024-07-09T17:01:14.038+0000] {logging_mixin.py:188} INFO - [2024-07-09T17:01:14.038+0000] {dag.py:3834} INFO - Setting next_dagrun for dataset_consumes_1_never_scheduled to None, run_after=None
[2024-07-09T17:01:14.040+0000] {logging_mixin.py:188} INFO - [2024-07-09T17:01:14.040+0000] {dag.py:3834} INFO - Setting next_dagrun for dataset_consumes_unknown_never_scheduled to None, run_after=None
[2024-07-09T17:01:14.043+0000] {logging_mixin.py:188} INFO - [2024-07-09T17:01:14.043+0000] {dag.py:3834} INFO - Setting next_dagrun for dataset_produces_1 to 2024-07-08 00:00:00+00:00, run_after=2024-07-09 00:00:00+00:00
[2024-07-09T17:01:14.045+0000] {logging_mixin.py:188} INFO - [2024-07-09T17:01:14.044+0000] {dag.py:3834} INFO - Setting next_dagrun for dataset_produces_2 to None, run_after=None
[2024-07-09T17:01:14.075+0000] {processor.py:183} INFO - Processing /home/airflow/.local/lib/python3.11/site-packages/airflow/example_dags/example_datasets.py took 0.107 seconds
[2024-07-09T17:01:44.137+0000] {processor.py:161} INFO - Started process (PID=5833) to work on /home/airflow/.local/lib/python3.11/site-packages/airflow/example_dags/example_datasets.py
[2024-07-09T17:01:44.138+0000] {processor.py:830} INFO - Processing file /home/airflow/.local/lib/python3.11/site-packages/airflow/example_dags/example_datasets.py for tasks to queue
[2024-07-09T17:01:44.139+0000] {logging_mixin.py:188} INFO - [2024-07-09T17:01:44.138+0000] {dagbag.py:540} INFO - Filling up the DagBag from /home/airflow/.local/lib/python3.11/site-packages/airflow/example_dags/example_datasets.py
[2024-07-09T17:01:44.147+0000] {processor.py:840} INFO - DAG(s) 'dataset_consumes_1_and_2', 'dataset_produces_2', 'dataset_consumes_1', 'dataset_consumes_unknown_never_scheduled', 'dataset_consumes_1_never_scheduled', 'dataset_produces_1' retrieved from /home/airflow/.local/lib/python3.11/site-packages/airflow/example_dags/example_datasets.py
[2024-07-09T17:01:44.180+0000] {logging_mixin.py:188} INFO - [2024-07-09T17:01:44.180+0000] {dag.py:3047} INFO - Sync 6 DAGs
[2024-07-09T17:01:44.206+0000] {logging_mixin.py:188} INFO - [2024-07-09T17:01:44.205+0000] {dag.py:3834} INFO - Setting next_dagrun for dataset_consumes_1 to None, run_after=None
[2024-07-09T17:01:44.209+0000] {logging_mixin.py:188} INFO - [2024-07-09T17:01:44.209+0000] {dag.py:3834} INFO - Setting next_dagrun for dataset_consumes_1_and_2 to None, run_after=None
[2024-07-09T17:01:44.210+0000] {logging_mixin.py:188} INFO - [2024-07-09T17:01:44.210+0000] {dag.py:3834} INFO - Setting next_dagrun for dataset_consumes_1_never_scheduled to None, run_after=None
[2024-07-09T17:01:44.211+0000] {logging_mixin.py:188} INFO - [2024-07-09T17:01:44.211+0000] {dag.py:3834} INFO - Setting next_dagrun for dataset_consumes_unknown_never_scheduled to None, run_after=None
[2024-07-09T17:01:44.213+0000] {logging_mixin.py:188} INFO - [2024-07-09T17:01:44.213+0000] {dag.py:3834} INFO - Setting next_dagrun for dataset_produces_1 to 2024-07-08 00:00:00+00:00, run_after=2024-07-09 00:00:00+00:00
[2024-07-09T17:01:44.215+0000] {logging_mixin.py:188} INFO - [2024-07-09T17:01:44.215+0000] {dag.py:3834} INFO - Setting next_dagrun for dataset_produces_2 to None, run_after=None
[2024-07-09T17:01:44.243+0000] {processor.py:183} INFO - Processing /home/airflow/.local/lib/python3.11/site-packages/airflow/example_dags/example_datasets.py took 0.110 seconds
[2024-07-09T17:02:15.184+0000] {processor.py:161} INFO - Started process (PID=6095) to work on /home/airflow/.local/lib/python3.11/site-packages/airflow/example_dags/example_datasets.py
[2024-07-09T17:02:15.185+0000] {processor.py:830} INFO - Processing file /home/airflow/.local/lib/python3.11/site-packages/airflow/example_dags/example_datasets.py for tasks to queue
[2024-07-09T17:02:15.186+0000] {logging_mixin.py:188} INFO - [2024-07-09T17:02:15.186+0000] {dagbag.py:540} INFO - Filling up the DagBag from /home/airflow/.local/lib/python3.11/site-packages/airflow/example_dags/example_datasets.py
[2024-07-09T17:02:15.197+0000] {processor.py:840} INFO - DAG(s) 'dataset_consumes_1', 'dataset_produces_1', 'dataset_consumes_unknown_never_scheduled', 'dataset_consumes_1_never_scheduled', 'dataset_produces_2', 'dataset_consumes_1_and_2' retrieved from /home/airflow/.local/lib/python3.11/site-packages/airflow/example_dags/example_datasets.py
[2024-07-09T17:02:15.240+0000] {logging_mixin.py:188} INFO - [2024-07-09T17:02:15.239+0000] {dag.py:3047} INFO - Sync 6 DAGs
[2024-07-09T17:02:15.264+0000] {logging_mixin.py:188} INFO - [2024-07-09T17:02:15.264+0000] {dag.py:3834} INFO - Setting next_dagrun for dataset_consumes_1 to None, run_after=None
[2024-07-09T17:02:15.267+0000] {logging_mixin.py:188} INFO - [2024-07-09T17:02:15.267+0000] {dag.py:3834} INFO - Setting next_dagrun for dataset_consumes_1_and_2 to None, run_after=None
[2024-07-09T17:02:15.268+0000] {logging_mixin.py:188} INFO - [2024-07-09T17:02:15.268+0000] {dag.py:3834} INFO - Setting next_dagrun for dataset_consumes_1_never_scheduled to None, run_after=None
[2024-07-09T17:02:15.270+0000] {logging_mixin.py:188} INFO - [2024-07-09T17:02:15.269+0000] {dag.py:3834} INFO - Setting next_dagrun for dataset_consumes_unknown_never_scheduled to None, run_after=None
[2024-07-09T17:02:15.272+0000] {logging_mixin.py:188} INFO - [2024-07-09T17:02:15.272+0000] {dag.py:3834} INFO - Setting next_dagrun for dataset_produces_1 to 2024-07-08 00:00:00+00:00, run_after=2024-07-09 00:00:00+00:00
[2024-07-09T17:02:15.273+0000] {logging_mixin.py:188} INFO - [2024-07-09T17:02:15.273+0000] {dag.py:3834} INFO - Setting next_dagrun for dataset_produces_2 to None, run_after=None
[2024-07-09T17:02:15.297+0000] {processor.py:183} INFO - Processing /home/airflow/.local/lib/python3.11/site-packages/airflow/example_dags/example_datasets.py took 0.116 seconds
[2024-07-09T17:02:45.876+0000] {processor.py:161} INFO - Started process (PID=6357) to work on /home/airflow/.local/lib/python3.11/site-packages/airflow/example_dags/example_datasets.py
[2024-07-09T17:02:45.879+0000] {processor.py:830} INFO - Processing file /home/airflow/.local/lib/python3.11/site-packages/airflow/example_dags/example_datasets.py for tasks to queue
[2024-07-09T17:02:45.880+0000] {logging_mixin.py:188} INFO - [2024-07-09T17:02:45.880+0000] {dagbag.py:540} INFO - Filling up the DagBag from /home/airflow/.local/lib/python3.11/site-packages/airflow/example_dags/example_datasets.py
[2024-07-09T17:02:45.893+0000] {processor.py:840} INFO - DAG(s) 'dataset_consumes_1', 'dataset_produces_1', 'dataset_consumes_1_never_scheduled', 'dataset_produces_2', 'dataset_consumes_unknown_never_scheduled', 'dataset_consumes_1_and_2' retrieved from /home/airflow/.local/lib/python3.11/site-packages/airflow/example_dags/example_datasets.py
[2024-07-09T17:02:45.931+0000] {logging_mixin.py:188} INFO - [2024-07-09T17:02:45.931+0000] {dag.py:3047} INFO - Sync 6 DAGs
[2024-07-09T17:02:45.952+0000] {logging_mixin.py:188} INFO - [2024-07-09T17:02:45.951+0000] {dag.py:3834} INFO - Setting next_dagrun for dataset_consumes_1 to None, run_after=None
[2024-07-09T17:02:45.956+0000] {logging_mixin.py:188} INFO - [2024-07-09T17:02:45.955+0000] {dag.py:3834} INFO - Setting next_dagrun for dataset_consumes_1_and_2 to None, run_after=None
[2024-07-09T17:02:45.957+0000] {logging_mixin.py:188} INFO - [2024-07-09T17:02:45.957+0000] {dag.py:3834} INFO - Setting next_dagrun for dataset_consumes_1_never_scheduled to None, run_after=None
[2024-07-09T17:02:45.959+0000] {logging_mixin.py:188} INFO - [2024-07-09T17:02:45.959+0000] {dag.py:3834} INFO - Setting next_dagrun for dataset_consumes_unknown_never_scheduled to None, run_after=None
[2024-07-09T17:02:45.962+0000] {logging_mixin.py:188} INFO - [2024-07-09T17:02:45.962+0000] {dag.py:3834} INFO - Setting next_dagrun for dataset_produces_1 to 2024-07-08 00:00:00+00:00, run_after=2024-07-09 00:00:00+00:00
[2024-07-09T17:02:45.964+0000] {logging_mixin.py:188} INFO - [2024-07-09T17:02:45.964+0000] {dag.py:3834} INFO - Setting next_dagrun for dataset_produces_2 to None, run_after=None
[2024-07-09T17:02:45.995+0000] {processor.py:183} INFO - Processing /home/airflow/.local/lib/python3.11/site-packages/airflow/example_dags/example_datasets.py took 0.123 seconds
[2024-07-09T17:03:16.344+0000] {processor.py:161} INFO - Started process (PID=6619) to work on /home/airflow/.local/lib/python3.11/site-packages/airflow/example_dags/example_datasets.py
[2024-07-09T17:03:16.345+0000] {processor.py:830} INFO - Processing file /home/airflow/.local/lib/python3.11/site-packages/airflow/example_dags/example_datasets.py for tasks to queue
[2024-07-09T17:03:16.346+0000] {logging_mixin.py:188} INFO - [2024-07-09T17:03:16.346+0000] {dagbag.py:540} INFO - Filling up the DagBag from /home/airflow/.local/lib/python3.11/site-packages/airflow/example_dags/example_datasets.py
[2024-07-09T17:03:16.355+0000] {processor.py:840} INFO - DAG(s) 'dataset_consumes_1', 'dataset_consumes_1_never_scheduled', 'dataset_consumes_unknown_never_scheduled', 'dataset_produces_2', 'dataset_consumes_1_and_2', 'dataset_produces_1' retrieved from /home/airflow/.local/lib/python3.11/site-packages/airflow/example_dags/example_datasets.py
[2024-07-09T17:03:16.387+0000] {logging_mixin.py:188} INFO - [2024-07-09T17:03:16.387+0000] {dag.py:3047} INFO - Sync 6 DAGs
[2024-07-09T17:03:16.405+0000] {logging_mixin.py:188} INFO - [2024-07-09T17:03:16.405+0000] {dag.py:3834} INFO - Setting next_dagrun for dataset_consumes_1 to None, run_after=None
[2024-07-09T17:03:16.409+0000] {logging_mixin.py:188} INFO - [2024-07-09T17:03:16.408+0000] {dag.py:3834} INFO - Setting next_dagrun for dataset_consumes_1_and_2 to None, run_after=None
[2024-07-09T17:03:16.411+0000] {logging_mixin.py:188} INFO - [2024-07-09T17:03:16.411+0000] {dag.py:3834} INFO - Setting next_dagrun for dataset_consumes_1_never_scheduled to None, run_after=None
[2024-07-09T17:03:16.413+0000] {logging_mixin.py:188} INFO - [2024-07-09T17:03:16.412+0000] {dag.py:3834} INFO - Setting next_dagrun for dataset_consumes_unknown_never_scheduled to None, run_after=None
[2024-07-09T17:03:16.416+0000] {logging_mixin.py:188} INFO - [2024-07-09T17:03:16.415+0000] {dag.py:3834} INFO - Setting next_dagrun for dataset_produces_1 to 2024-07-08 00:00:00+00:00, run_after=2024-07-09 00:00:00+00:00
[2024-07-09T17:03:16.417+0000] {logging_mixin.py:188} INFO - [2024-07-09T17:03:16.417+0000] {dag.py:3834} INFO - Setting next_dagrun for dataset_produces_2 to None, run_after=None
[2024-07-09T17:03:16.448+0000] {processor.py:183} INFO - Processing /home/airflow/.local/lib/python3.11/site-packages/airflow/example_dags/example_datasets.py took 0.107 seconds
[2024-07-09T17:03:46.984+0000] {processor.py:161} INFO - Started process (PID=6881) to work on /home/airflow/.local/lib/python3.11/site-packages/airflow/example_dags/example_datasets.py
[2024-07-09T17:03:46.985+0000] {processor.py:830} INFO - Processing file /home/airflow/.local/lib/python3.11/site-packages/airflow/example_dags/example_datasets.py for tasks to queue
[2024-07-09T17:03:46.986+0000] {logging_mixin.py:188} INFO - [2024-07-09T17:03:46.986+0000] {dagbag.py:540} INFO - Filling up the DagBag from /home/airflow/.local/lib/python3.11/site-packages/airflow/example_dags/example_datasets.py
[2024-07-09T17:03:46.995+0000] {processor.py:840} INFO - DAG(s) 'dataset_consumes_1', 'dataset_produces_2', 'dataset_produces_1', 'dataset_consumes_unknown_never_scheduled', 'dataset_consumes_1_never_scheduled', 'dataset_consumes_1_and_2' retrieved from /home/airflow/.local/lib/python3.11/site-packages/airflow/example_dags/example_datasets.py
[2024-07-09T17:03:47.026+0000] {logging_mixin.py:188} INFO - [2024-07-09T17:03:47.026+0000] {dag.py:3047} INFO - Sync 6 DAGs
[2024-07-09T17:03:47.046+0000] {logging_mixin.py:188} INFO - [2024-07-09T17:03:47.046+0000] {dag.py:3834} INFO - Setting next_dagrun for dataset_consumes_1 to None, run_after=None
[2024-07-09T17:03:47.050+0000] {logging_mixin.py:188} INFO - [2024-07-09T17:03:47.050+0000] {dag.py:3834} INFO - Setting next_dagrun for dataset_consumes_1_and_2 to None, run_after=None
[2024-07-09T17:03:47.052+0000] {logging_mixin.py:188} INFO - [2024-07-09T17:03:47.052+0000] {dag.py:3834} INFO - Setting next_dagrun for dataset_consumes_1_never_scheduled to None, run_after=None
[2024-07-09T17:03:47.053+0000] {logging_mixin.py:188} INFO - [2024-07-09T17:03:47.053+0000] {dag.py:3834} INFO - Setting next_dagrun for dataset_consumes_unknown_never_scheduled to None, run_after=None
[2024-07-09T17:03:47.056+0000] {logging_mixin.py:188} INFO - [2024-07-09T17:03:47.056+0000] {dag.py:3834} INFO - Setting next_dagrun for dataset_produces_1 to 2024-07-08 00:00:00+00:00, run_after=2024-07-09 00:00:00+00:00
[2024-07-09T17:03:47.057+0000] {logging_mixin.py:188} INFO - [2024-07-09T17:03:47.057+0000] {dag.py:3834} INFO - Setting next_dagrun for dataset_produces_2 to None, run_after=None
[2024-07-09T17:03:47.083+0000] {processor.py:183} INFO - Processing /home/airflow/.local/lib/python3.11/site-packages/airflow/example_dags/example_datasets.py took 0.102 seconds
[2024-07-09T17:04:17.947+0000] {processor.py:161} INFO - Started process (PID=7143) to work on /home/airflow/.local/lib/python3.11/site-packages/airflow/example_dags/example_datasets.py
[2024-07-09T17:04:17.948+0000] {processor.py:830} INFO - Processing file /home/airflow/.local/lib/python3.11/site-packages/airflow/example_dags/example_datasets.py for tasks to queue
[2024-07-09T17:04:17.949+0000] {logging_mixin.py:188} INFO - [2024-07-09T17:04:17.948+0000] {dagbag.py:540} INFO - Filling up the DagBag from /home/airflow/.local/lib/python3.11/site-packages/airflow/example_dags/example_datasets.py
[2024-07-09T17:04:17.959+0000] {processor.py:840} INFO - DAG(s) 'dataset_consumes_1', 'dataset_consumes_1_never_scheduled', 'dataset_produces_1', 'dataset_produces_2', 'dataset_consumes_1_and_2', 'dataset_consumes_unknown_never_scheduled' retrieved from /home/airflow/.local/lib/python3.11/site-packages/airflow/example_dags/example_datasets.py
[2024-07-09T17:04:17.991+0000] {logging_mixin.py:188} INFO - [2024-07-09T17:04:17.990+0000] {dag.py:3047} INFO - Sync 6 DAGs
[2024-07-09T17:04:18.010+0000] {logging_mixin.py:188} INFO - [2024-07-09T17:04:18.010+0000] {dag.py:3834} INFO - Setting next_dagrun for dataset_consumes_1 to None, run_after=None
[2024-07-09T17:04:18.014+0000] {logging_mixin.py:188} INFO - [2024-07-09T17:04:18.014+0000] {dag.py:3834} INFO - Setting next_dagrun for dataset_consumes_1_and_2 to None, run_after=None
[2024-07-09T17:04:18.016+0000] {logging_mixin.py:188} INFO - [2024-07-09T17:04:18.015+0000] {dag.py:3834} INFO - Setting next_dagrun for dataset_consumes_1_never_scheduled to None, run_after=None
[2024-07-09T17:04:18.017+0000] {logging_mixin.py:188} INFO - [2024-07-09T17:04:18.017+0000] {dag.py:3834} INFO - Setting next_dagrun for dataset_consumes_unknown_never_scheduled to None, run_after=None
[2024-07-09T17:04:18.020+0000] {logging_mixin.py:188} INFO - [2024-07-09T17:04:18.019+0000] {dag.py:3834} INFO - Setting next_dagrun for dataset_produces_1 to 2024-07-08 00:00:00+00:00, run_after=2024-07-09 00:00:00+00:00
[2024-07-09T17:04:18.021+0000] {logging_mixin.py:188} INFO - [2024-07-09T17:04:18.021+0000] {dag.py:3834} INFO - Setting next_dagrun for dataset_produces_2 to None, run_after=None
[2024-07-09T17:04:18.050+0000] {processor.py:183} INFO - Processing /home/airflow/.local/lib/python3.11/site-packages/airflow/example_dags/example_datasets.py took 0.105 seconds
[2024-07-09T17:04:48.797+0000] {processor.py:161} INFO - Started process (PID=7439) to work on /home/airflow/.local/lib/python3.11/site-packages/airflow/example_dags/example_datasets.py
[2024-07-09T17:04:48.798+0000] {processor.py:830} INFO - Processing file /home/airflow/.local/lib/python3.11/site-packages/airflow/example_dags/example_datasets.py for tasks to queue
[2024-07-09T17:04:48.799+0000] {logging_mixin.py:188} INFO - [2024-07-09T17:04:48.799+0000] {dagbag.py:540} INFO - Filling up the DagBag from /home/airflow/.local/lib/python3.11/site-packages/airflow/example_dags/example_datasets.py
[2024-07-09T17:04:48.808+0000] {processor.py:840} INFO - DAG(s) 'dataset_produces_2', 'dataset_consumes_unknown_never_scheduled', 'dataset_consumes_1', 'dataset_produces_1', 'dataset_consumes_1_never_scheduled', 'dataset_consumes_1_and_2' retrieved from /home/airflow/.local/lib/python3.11/site-packages/airflow/example_dags/example_datasets.py
[2024-07-09T17:04:48.841+0000] {logging_mixin.py:188} INFO - [2024-07-09T17:04:48.841+0000] {dag.py:3047} INFO - Sync 6 DAGs
[2024-07-09T17:04:48.860+0000] {logging_mixin.py:188} INFO - [2024-07-09T17:04:48.860+0000] {dag.py:3834} INFO - Setting next_dagrun for dataset_consumes_1 to None, run_after=None
[2024-07-09T17:04:48.864+0000] {logging_mixin.py:188} INFO - [2024-07-09T17:04:48.863+0000] {dag.py:3834} INFO - Setting next_dagrun for dataset_consumes_1_and_2 to None, run_after=None
[2024-07-09T17:04:48.865+0000] {logging_mixin.py:188} INFO - [2024-07-09T17:04:48.865+0000] {dag.py:3834} INFO - Setting next_dagrun for dataset_consumes_1_never_scheduled to None, run_after=None
[2024-07-09T17:04:48.867+0000] {logging_mixin.py:188} INFO - [2024-07-09T17:04:48.867+0000] {dag.py:3834} INFO - Setting next_dagrun for dataset_consumes_unknown_never_scheduled to None, run_after=None
[2024-07-09T17:04:48.870+0000] {logging_mixin.py:188} INFO - [2024-07-09T17:04:48.870+0000] {dag.py:3834} INFO - Setting next_dagrun for dataset_produces_1 to 2024-07-08 00:00:00+00:00, run_after=2024-07-09 00:00:00+00:00
[2024-07-09T17:04:48.872+0000] {logging_mixin.py:188} INFO - [2024-07-09T17:04:48.872+0000] {dag.py:3834} INFO - Setting next_dagrun for dataset_produces_2 to None, run_after=None
[2024-07-09T17:04:48.901+0000] {processor.py:183} INFO - Processing /home/airflow/.local/lib/python3.11/site-packages/airflow/example_dags/example_datasets.py took 0.107 seconds
[2024-07-09T17:05:19.636+0000] {processor.py:161} INFO - Started process (PID=7701) to work on /home/airflow/.local/lib/python3.11/site-packages/airflow/example_dags/example_datasets.py
[2024-07-09T17:05:19.637+0000] {processor.py:830} INFO - Processing file /home/airflow/.local/lib/python3.11/site-packages/airflow/example_dags/example_datasets.py for tasks to queue
[2024-07-09T17:05:19.638+0000] {logging_mixin.py:188} INFO - [2024-07-09T17:05:19.638+0000] {dagbag.py:540} INFO - Filling up the DagBag from /home/airflow/.local/lib/python3.11/site-packages/airflow/example_dags/example_datasets.py
[2024-07-09T17:05:19.648+0000] {processor.py:840} INFO - DAG(s) 'dataset_consumes_1_and_2', 'dataset_produces_2', 'dataset_consumes_1', 'dataset_consumes_unknown_never_scheduled', 'dataset_consumes_1_never_scheduled', 'dataset_produces_1' retrieved from /home/airflow/.local/lib/python3.11/site-packages/airflow/example_dags/example_datasets.py
[2024-07-09T17:05:19.681+0000] {logging_mixin.py:188} INFO - [2024-07-09T17:05:19.680+0000] {dag.py:3047} INFO - Sync 6 DAGs
[2024-07-09T17:05:19.702+0000] {logging_mixin.py:188} INFO - [2024-07-09T17:05:19.701+0000] {dag.py:3834} INFO - Setting next_dagrun for dataset_consumes_1 to None, run_after=None
[2024-07-09T17:05:19.705+0000] {logging_mixin.py:188} INFO - [2024-07-09T17:05:19.704+0000] {dag.py:3834} INFO - Setting next_dagrun for dataset_consumes_1_and_2 to None, run_after=None
[2024-07-09T17:05:19.706+0000] {logging_mixin.py:188} INFO - [2024-07-09T17:05:19.706+0000] {dag.py:3834} INFO - Setting next_dagrun for dataset_consumes_1_never_scheduled to None, run_after=None
[2024-07-09T17:05:19.708+0000] {logging_mixin.py:188} INFO - [2024-07-09T17:05:19.707+0000] {dag.py:3834} INFO - Setting next_dagrun for dataset_consumes_unknown_never_scheduled to None, run_after=None
[2024-07-09T17:05:19.710+0000] {logging_mixin.py:188} INFO - [2024-07-09T17:05:19.710+0000] {dag.py:3834} INFO - Setting next_dagrun for dataset_produces_1 to 2024-07-08 00:00:00+00:00, run_after=2024-07-09 00:00:00+00:00
[2024-07-09T17:05:19.712+0000] {logging_mixin.py:188} INFO - [2024-07-09T17:05:19.712+0000] {dag.py:3834} INFO - Setting next_dagrun for dataset_produces_2 to None, run_after=None
[2024-07-09T17:05:19.739+0000] {processor.py:183} INFO - Processing /home/airflow/.local/lib/python3.11/site-packages/airflow/example_dags/example_datasets.py took 0.106 seconds
[2024-07-09T17:05:50.260+0000] {processor.py:161} INFO - Started process (PID=7963) to work on /home/airflow/.local/lib/python3.11/site-packages/airflow/example_dags/example_datasets.py
[2024-07-09T17:05:50.261+0000] {processor.py:830} INFO - Processing file /home/airflow/.local/lib/python3.11/site-packages/airflow/example_dags/example_datasets.py for tasks to queue
[2024-07-09T17:05:50.262+0000] {logging_mixin.py:188} INFO - [2024-07-09T17:05:50.262+0000] {dagbag.py:540} INFO - Filling up the DagBag from /home/airflow/.local/lib/python3.11/site-packages/airflow/example_dags/example_datasets.py
[2024-07-09T17:05:50.271+0000] {processor.py:840} INFO - DAG(s) 'dataset_produces_2', 'dataset_consumes_1_and_2', 'dataset_produces_1', 'dataset_consumes_1', 'dataset_consumes_unknown_never_scheduled', 'dataset_consumes_1_never_scheduled' retrieved from /home/airflow/.local/lib/python3.11/site-packages/airflow/example_dags/example_datasets.py
[2024-07-09T17:05:50.305+0000] {logging_mixin.py:188} INFO - [2024-07-09T17:05:50.305+0000] {dag.py:3047} INFO - Sync 6 DAGs
[2024-07-09T17:05:50.328+0000] {logging_mixin.py:188} INFO - [2024-07-09T17:05:50.328+0000] {dag.py:3834} INFO - Setting next_dagrun for dataset_consumes_1 to None, run_after=None
[2024-07-09T17:05:50.333+0000] {logging_mixin.py:188} INFO - [2024-07-09T17:05:50.332+0000] {dag.py:3834} INFO - Setting next_dagrun for dataset_consumes_1_and_2 to None, run_after=None
[2024-07-09T17:05:50.334+0000] {logging_mixin.py:188} INFO - [2024-07-09T17:05:50.334+0000] {dag.py:3834} INFO - Setting next_dagrun for dataset_consumes_1_never_scheduled to None, run_after=None
[2024-07-09T17:05:50.335+0000] {logging_mixin.py:188} INFO - [2024-07-09T17:05:50.335+0000] {dag.py:3834} INFO - Setting next_dagrun for dataset_consumes_unknown_never_scheduled to None, run_after=None
[2024-07-09T17:05:50.338+0000] {logging_mixin.py:188} INFO - [2024-07-09T17:05:50.338+0000] {dag.py:3834} INFO - Setting next_dagrun for dataset_produces_1 to 2024-07-08 00:00:00+00:00, run_after=2024-07-09 00:00:00+00:00
[2024-07-09T17:05:50.339+0000] {logging_mixin.py:188} INFO - [2024-07-09T17:05:50.339+0000] {dag.py:3834} INFO - Setting next_dagrun for dataset_produces_2 to None, run_after=None
[2024-07-09T17:05:50.364+0000] {processor.py:183} INFO - Processing /home/airflow/.local/lib/python3.11/site-packages/airflow/example_dags/example_datasets.py took 0.107 seconds
[2024-07-09T17:06:20.583+0000] {processor.py:161} INFO - Started process (PID=8225) to work on /home/airflow/.local/lib/python3.11/site-packages/airflow/example_dags/example_datasets.py
[2024-07-09T17:06:20.584+0000] {processor.py:830} INFO - Processing file /home/airflow/.local/lib/python3.11/site-packages/airflow/example_dags/example_datasets.py for tasks to queue
[2024-07-09T17:06:20.585+0000] {logging_mixin.py:188} INFO - [2024-07-09T17:06:20.585+0000] {dagbag.py:540} INFO - Filling up the DagBag from /home/airflow/.local/lib/python3.11/site-packages/airflow/example_dags/example_datasets.py
[2024-07-09T17:06:20.597+0000] {processor.py:840} INFO - DAG(s) 'dataset_consumes_1', 'dataset_produces_1', 'dataset_consumes_1_never_scheduled', 'dataset_consumes_1_and_2', 'dataset_produces_2', 'dataset_consumes_unknown_never_scheduled' retrieved from /home/airflow/.local/lib/python3.11/site-packages/airflow/example_dags/example_datasets.py
[2024-07-09T17:06:20.628+0000] {logging_mixin.py:188} INFO - [2024-07-09T17:06:20.628+0000] {dag.py:3047} INFO - Sync 6 DAGs
[2024-07-09T17:06:20.650+0000] {logging_mixin.py:188} INFO - [2024-07-09T17:06:20.650+0000] {dag.py:3834} INFO - Setting next_dagrun for dataset_consumes_1 to None, run_after=None
[2024-07-09T17:06:20.654+0000] {logging_mixin.py:188} INFO - [2024-07-09T17:06:20.654+0000] {dag.py:3834} INFO - Setting next_dagrun for dataset_consumes_1_and_2 to None, run_after=None
[2024-07-09T17:06:20.655+0000] {logging_mixin.py:188} INFO - [2024-07-09T17:06:20.655+0000] {dag.py:3834} INFO - Setting next_dagrun for dataset_consumes_1_never_scheduled to None, run_after=None
[2024-07-09T17:06:20.656+0000] {logging_mixin.py:188} INFO - [2024-07-09T17:06:20.656+0000] {dag.py:3834} INFO - Setting next_dagrun for dataset_consumes_unknown_never_scheduled to None, run_after=None
[2024-07-09T17:06:20.660+0000] {logging_mixin.py:188} INFO - [2024-07-09T17:06:20.660+0000] {dag.py:3834} INFO - Setting next_dagrun for dataset_produces_1 to 2024-07-08 00:00:00+00:00, run_after=2024-07-09 00:00:00+00:00
[2024-07-09T17:06:20.661+0000] {logging_mixin.py:188} INFO - [2024-07-09T17:06:20.661+0000] {dag.py:3834} INFO - Setting next_dagrun for dataset_produces_2 to None, run_after=None
[2024-07-09T17:06:20.688+0000] {processor.py:183} INFO - Processing /home/airflow/.local/lib/python3.11/site-packages/airflow/example_dags/example_datasets.py took 0.108 seconds
[2024-07-09T17:06:51.607+0000] {processor.py:161} INFO - Started process (PID=8487) to work on /home/airflow/.local/lib/python3.11/site-packages/airflow/example_dags/example_datasets.py
[2024-07-09T17:06:51.609+0000] {processor.py:830} INFO - Processing file /home/airflow/.local/lib/python3.11/site-packages/airflow/example_dags/example_datasets.py for tasks to queue
[2024-07-09T17:06:51.610+0000] {logging_mixin.py:188} INFO - [2024-07-09T17:06:51.609+0000] {dagbag.py:540} INFO - Filling up the DagBag from /home/airflow/.local/lib/python3.11/site-packages/airflow/example_dags/example_datasets.py
[2024-07-09T17:06:51.621+0000] {processor.py:840} INFO - DAG(s) 'dataset_produces_1', 'dataset_consumes_1', 'dataset_produces_2', 'dataset_consumes_1_never_scheduled', 'dataset_consumes_1_and_2', 'dataset_consumes_unknown_never_scheduled' retrieved from /home/airflow/.local/lib/python3.11/site-packages/airflow/example_dags/example_datasets.py
[2024-07-09T17:06:51.691+0000] {logging_mixin.py:188} INFO - [2024-07-09T17:06:51.690+0000] {dag.py:3047} INFO - Sync 6 DAGs
[2024-07-09T17:06:51.760+0000] {logging_mixin.py:188} INFO - [2024-07-09T17:06:51.760+0000] {dag.py:3834} INFO - Setting next_dagrun for dataset_consumes_1 to None, run_after=None
[2024-07-09T17:06:51.769+0000] {logging_mixin.py:188} INFO - [2024-07-09T17:06:51.769+0000] {dag.py:3834} INFO - Setting next_dagrun for dataset_consumes_1_and_2 to None, run_after=None
[2024-07-09T17:06:51.782+0000] {logging_mixin.py:188} INFO - [2024-07-09T17:06:51.782+0000] {dag.py:3834} INFO - Setting next_dagrun for dataset_consumes_1_never_scheduled to None, run_after=None
[2024-07-09T17:06:51.796+0000] {logging_mixin.py:188} INFO - [2024-07-09T17:06:51.796+0000] {dag.py:3834} INFO - Setting next_dagrun for dataset_consumes_unknown_never_scheduled to None, run_after=None
[2024-07-09T17:06:51.813+0000] {logging_mixin.py:188} INFO - [2024-07-09T17:06:51.813+0000] {dag.py:3834} INFO - Setting next_dagrun for dataset_produces_1 to 2024-07-08 00:00:00+00:00, run_after=2024-07-09 00:00:00+00:00
[2024-07-09T17:06:51.821+0000] {logging_mixin.py:188} INFO - [2024-07-09T17:06:51.820+0000] {dag.py:3834} INFO - Setting next_dagrun for dataset_produces_2 to None, run_after=None
[2024-07-09T17:06:51.900+0000] {processor.py:183} INFO - Processing /home/airflow/.local/lib/python3.11/site-packages/airflow/example_dags/example_datasets.py took 0.296 seconds
