[2024-07-09T16:50:59.856+0000] {processor.py:161} INFO - Started process (PID=260) to work on /home/airflow/.local/lib/python3.11/site-packages/airflow/example_dags/example_dynamic_task_mapping.py
[2024-07-09T16:50:59.858+0000] {processor.py:830} INFO - Processing file /home/airflow/.local/lib/python3.11/site-packages/airflow/example_dags/example_dynamic_task_mapping.py for tasks to queue
[2024-07-09T16:50:59.859+0000] {logging_mixin.py:188} INFO - [2024-07-09T16:50:59.859+0000] {dagbag.py:540} INFO - Filling up the DagBag from /home/airflow/.local/lib/python3.11/site-packages/airflow/example_dags/example_dynamic_task_mapping.py
[2024-07-09T16:50:59.885+0000] {processor.py:840} INFO - DAG(s) 'example_dynamic_task_mapping' retrieved from /home/airflow/.local/lib/python3.11/site-packages/airflow/example_dags/example_dynamic_task_mapping.py
[2024-07-09T16:51:00.056+0000] {logging_mixin.py:188} INFO - [2024-07-09T16:51:00.055+0000] {override.py:1769} INFO - Created Permission View: can delete on DAG:example_dynamic_task_mapping
[2024-07-09T16:51:00.072+0000] {logging_mixin.py:188} INFO - [2024-07-09T16:51:00.071+0000] {override.py:1769} INFO - Created Permission View: can edit on DAG:example_dynamic_task_mapping
[2024-07-09T16:51:00.081+0000] {logging_mixin.py:188} INFO - [2024-07-09T16:51:00.080+0000] {override.py:1769} INFO - Created Permission View: can read on DAG:example_dynamic_task_mapping
[2024-07-09T16:51:00.082+0000] {logging_mixin.py:188} INFO - [2024-07-09T16:51:00.081+0000] {dag.py:3047} INFO - Sync 1 DAGs
[2024-07-09T16:51:00.097+0000] {logging_mixin.py:188} INFO - [2024-07-09T16:51:00.097+0000] {dag.py:3069} INFO - Creating ORM DAG for example_dynamic_task_mapping
[2024-07-09T16:51:00.127+0000] {logging_mixin.py:188} INFO - [2024-07-09T16:51:00.126+0000] {dag.py:3834} INFO - Setting next_dagrun for example_dynamic_task_mapping to 2022-03-04 00:00:00+00:00, run_after=2022-03-05 00:00:00+00:00
[2024-07-09T16:51:00.159+0000] {processor.py:183} INFO - Processing /home/airflow/.local/lib/python3.11/site-packages/airflow/example_dags/example_dynamic_task_mapping.py took 0.308 seconds
[2024-07-09T16:51:30.974+0000] {processor.py:161} INFO - Started process (PID=522) to work on /home/airflow/.local/lib/python3.11/site-packages/airflow/example_dags/example_dynamic_task_mapping.py
[2024-07-09T16:51:30.975+0000] {processor.py:830} INFO - Processing file /home/airflow/.local/lib/python3.11/site-packages/airflow/example_dags/example_dynamic_task_mapping.py for tasks to queue
[2024-07-09T16:51:30.976+0000] {logging_mixin.py:188} INFO - [2024-07-09T16:51:30.976+0000] {dagbag.py:540} INFO - Filling up the DagBag from /home/airflow/.local/lib/python3.11/site-packages/airflow/example_dags/example_dynamic_task_mapping.py
[2024-07-09T16:51:30.984+0000] {processor.py:840} INFO - DAG(s) 'example_dynamic_task_mapping' retrieved from /home/airflow/.local/lib/python3.11/site-packages/airflow/example_dags/example_dynamic_task_mapping.py
[2024-07-09T16:51:31.005+0000] {logging_mixin.py:188} INFO - [2024-07-09T16:51:31.005+0000] {dag.py:3047} INFO - Sync 1 DAGs
[2024-07-09T16:51:31.025+0000] {logging_mixin.py:188} INFO - [2024-07-09T16:51:31.024+0000] {dag.py:3834} INFO - Setting next_dagrun for example_dynamic_task_mapping to 2022-03-04 00:00:00+00:00, run_after=2022-03-05 00:00:00+00:00
[2024-07-09T16:51:31.041+0000] {processor.py:183} INFO - Processing /home/airflow/.local/lib/python3.11/site-packages/airflow/example_dags/example_dynamic_task_mapping.py took 0.070 seconds
[2024-07-09T16:52:01.148+0000] {processor.py:161} INFO - Started process (PID=784) to work on /home/airflow/.local/lib/python3.11/site-packages/airflow/example_dags/example_dynamic_task_mapping.py
[2024-07-09T16:52:01.149+0000] {processor.py:830} INFO - Processing file /home/airflow/.local/lib/python3.11/site-packages/airflow/example_dags/example_dynamic_task_mapping.py for tasks to queue
[2024-07-09T16:52:01.150+0000] {logging_mixin.py:188} INFO - [2024-07-09T16:52:01.150+0000] {dagbag.py:540} INFO - Filling up the DagBag from /home/airflow/.local/lib/python3.11/site-packages/airflow/example_dags/example_dynamic_task_mapping.py
[2024-07-09T16:52:01.156+0000] {processor.py:840} INFO - DAG(s) 'example_dynamic_task_mapping' retrieved from /home/airflow/.local/lib/python3.11/site-packages/airflow/example_dags/example_dynamic_task_mapping.py
[2024-07-09T16:52:01.179+0000] {logging_mixin.py:188} INFO - [2024-07-09T16:52:01.178+0000] {dag.py:3047} INFO - Sync 1 DAGs
[2024-07-09T16:52:01.199+0000] {logging_mixin.py:188} INFO - [2024-07-09T16:52:01.199+0000] {dag.py:3834} INFO - Setting next_dagrun for example_dynamic_task_mapping to 2022-03-04 00:00:00+00:00, run_after=2022-03-05 00:00:00+00:00
[2024-07-09T16:52:01.226+0000] {processor.py:183} INFO - Processing /home/airflow/.local/lib/python3.11/site-packages/airflow/example_dags/example_dynamic_task_mapping.py took 0.081 seconds
[2024-07-09T16:52:31.599+0000] {processor.py:161} INFO - Started process (PID=1046) to work on /home/airflow/.local/lib/python3.11/site-packages/airflow/example_dags/example_dynamic_task_mapping.py
[2024-07-09T16:52:31.600+0000] {processor.py:830} INFO - Processing file /home/airflow/.local/lib/python3.11/site-packages/airflow/example_dags/example_dynamic_task_mapping.py for tasks to queue
[2024-07-09T16:52:31.601+0000] {logging_mixin.py:188} INFO - [2024-07-09T16:52:31.601+0000] {dagbag.py:540} INFO - Filling up the DagBag from /home/airflow/.local/lib/python3.11/site-packages/airflow/example_dags/example_dynamic_task_mapping.py
[2024-07-09T16:52:31.608+0000] {processor.py:840} INFO - DAG(s) 'example_dynamic_task_mapping' retrieved from /home/airflow/.local/lib/python3.11/site-packages/airflow/example_dags/example_dynamic_task_mapping.py
[2024-07-09T16:52:31.632+0000] {logging_mixin.py:188} INFO - [2024-07-09T16:52:31.631+0000] {dag.py:3047} INFO - Sync 1 DAGs
[2024-07-09T16:52:31.669+0000] {logging_mixin.py:188} INFO - [2024-07-09T16:52:31.669+0000] {dag.py:3834} INFO - Setting next_dagrun for example_dynamic_task_mapping to 2022-03-04 00:00:00+00:00, run_after=2022-03-05 00:00:00+00:00
[2024-07-09T16:52:31.703+0000] {processor.py:183} INFO - Processing /home/airflow/.local/lib/python3.11/site-packages/airflow/example_dags/example_dynamic_task_mapping.py took 0.107 seconds
[2024-07-09T16:53:02.559+0000] {processor.py:161} INFO - Started process (PID=1308) to work on /home/airflow/.local/lib/python3.11/site-packages/airflow/example_dags/example_dynamic_task_mapping.py
[2024-07-09T16:53:02.560+0000] {processor.py:830} INFO - Processing file /home/airflow/.local/lib/python3.11/site-packages/airflow/example_dags/example_dynamic_task_mapping.py for tasks to queue
[2024-07-09T16:53:02.561+0000] {logging_mixin.py:188} INFO - [2024-07-09T16:53:02.561+0000] {dagbag.py:540} INFO - Filling up the DagBag from /home/airflow/.local/lib/python3.11/site-packages/airflow/example_dags/example_dynamic_task_mapping.py
[2024-07-09T16:53:02.569+0000] {processor.py:840} INFO - DAG(s) 'example_dynamic_task_mapping' retrieved from /home/airflow/.local/lib/python3.11/site-packages/airflow/example_dags/example_dynamic_task_mapping.py
[2024-07-09T16:53:02.590+0000] {logging_mixin.py:188} INFO - [2024-07-09T16:53:02.590+0000] {dag.py:3047} INFO - Sync 1 DAGs
[2024-07-09T16:53:02.750+0000] {logging_mixin.py:188} INFO - [2024-07-09T16:53:02.750+0000] {dag.py:3834} INFO - Setting next_dagrun for example_dynamic_task_mapping to 2022-03-04 00:00:00+00:00, run_after=2022-03-05 00:00:00+00:00
[2024-07-09T16:53:02.770+0000] {processor.py:183} INFO - Processing /home/airflow/.local/lib/python3.11/site-packages/airflow/example_dags/example_dynamic_task_mapping.py took 0.214 seconds
[2024-07-09T16:53:32.822+0000] {processor.py:161} INFO - Started process (PID=1570) to work on /home/airflow/.local/lib/python3.11/site-packages/airflow/example_dags/example_dynamic_task_mapping.py
[2024-07-09T16:53:32.823+0000] {processor.py:830} INFO - Processing file /home/airflow/.local/lib/python3.11/site-packages/airflow/example_dags/example_dynamic_task_mapping.py for tasks to queue
[2024-07-09T16:53:32.824+0000] {logging_mixin.py:188} INFO - [2024-07-09T16:53:32.824+0000] {dagbag.py:540} INFO - Filling up the DagBag from /home/airflow/.local/lib/python3.11/site-packages/airflow/example_dags/example_dynamic_task_mapping.py
[2024-07-09T16:53:32.832+0000] {processor.py:840} INFO - DAG(s) 'example_dynamic_task_mapping' retrieved from /home/airflow/.local/lib/python3.11/site-packages/airflow/example_dags/example_dynamic_task_mapping.py
[2024-07-09T16:53:32.855+0000] {logging_mixin.py:188} INFO - [2024-07-09T16:53:32.855+0000] {dag.py:3047} INFO - Sync 1 DAGs
[2024-07-09T16:53:32.877+0000] {logging_mixin.py:188} INFO - [2024-07-09T16:53:32.877+0000] {dag.py:3834} INFO - Setting next_dagrun for example_dynamic_task_mapping to 2022-03-04 00:00:00+00:00, run_after=2022-03-05 00:00:00+00:00
[2024-07-09T16:53:32.898+0000] {processor.py:183} INFO - Processing /home/airflow/.local/lib/python3.11/site-packages/airflow/example_dags/example_dynamic_task_mapping.py took 0.081 seconds
[2024-07-09T16:54:03.466+0000] {processor.py:161} INFO - Started process (PID=1832) to work on /home/airflow/.local/lib/python3.11/site-packages/airflow/example_dags/example_dynamic_task_mapping.py
[2024-07-09T16:54:03.468+0000] {processor.py:830} INFO - Processing file /home/airflow/.local/lib/python3.11/site-packages/airflow/example_dags/example_dynamic_task_mapping.py for tasks to queue
[2024-07-09T16:54:03.469+0000] {logging_mixin.py:188} INFO - [2024-07-09T16:54:03.469+0000] {dagbag.py:540} INFO - Filling up the DagBag from /home/airflow/.local/lib/python3.11/site-packages/airflow/example_dags/example_dynamic_task_mapping.py
[2024-07-09T16:54:03.481+0000] {processor.py:840} INFO - DAG(s) 'example_dynamic_task_mapping' retrieved from /home/airflow/.local/lib/python3.11/site-packages/airflow/example_dags/example_dynamic_task_mapping.py
[2024-07-09T16:54:03.506+0000] {logging_mixin.py:188} INFO - [2024-07-09T16:54:03.506+0000] {dag.py:3047} INFO - Sync 1 DAGs
[2024-07-09T16:54:03.524+0000] {logging_mixin.py:188} INFO - [2024-07-09T16:54:03.524+0000] {dag.py:3834} INFO - Setting next_dagrun for example_dynamic_task_mapping to 2022-03-04 00:00:00+00:00, run_after=2022-03-05 00:00:00+00:00
[2024-07-09T16:54:03.562+0000] {processor.py:183} INFO - Processing /home/airflow/.local/lib/python3.11/site-packages/airflow/example_dags/example_dynamic_task_mapping.py took 0.101 seconds
[2024-07-09T16:54:34.140+0000] {processor.py:161} INFO - Started process (PID=2085) to work on /home/airflow/.local/lib/python3.11/site-packages/airflow/example_dags/example_dynamic_task_mapping.py
[2024-07-09T16:54:34.142+0000] {processor.py:830} INFO - Processing file /home/airflow/.local/lib/python3.11/site-packages/airflow/example_dags/example_dynamic_task_mapping.py for tasks to queue
[2024-07-09T16:54:34.142+0000] {logging_mixin.py:188} INFO - [2024-07-09T16:54:34.142+0000] {dagbag.py:540} INFO - Filling up the DagBag from /home/airflow/.local/lib/python3.11/site-packages/airflow/example_dags/example_dynamic_task_mapping.py
[2024-07-09T16:54:34.148+0000] {processor.py:840} INFO - DAG(s) 'example_dynamic_task_mapping' retrieved from /home/airflow/.local/lib/python3.11/site-packages/airflow/example_dags/example_dynamic_task_mapping.py
[2024-07-09T16:54:34.168+0000] {logging_mixin.py:188} INFO - [2024-07-09T16:54:34.168+0000] {dag.py:3047} INFO - Sync 1 DAGs
[2024-07-09T16:54:34.188+0000] {logging_mixin.py:188} INFO - [2024-07-09T16:54:34.188+0000] {dag.py:3834} INFO - Setting next_dagrun for example_dynamic_task_mapping to 2022-03-04 00:00:00+00:00, run_after=2022-03-05 00:00:00+00:00
[2024-07-09T16:54:34.207+0000] {processor.py:183} INFO - Processing /home/airflow/.local/lib/python3.11/site-packages/airflow/example_dags/example_dynamic_task_mapping.py took 0.070 seconds
[2024-07-09T16:55:04.290+0000] {processor.py:161} INFO - Started process (PID=2344) to work on /home/airflow/.local/lib/python3.11/site-packages/airflow/example_dags/example_dynamic_task_mapping.py
[2024-07-09T16:55:04.292+0000] {processor.py:830} INFO - Processing file /home/airflow/.local/lib/python3.11/site-packages/airflow/example_dags/example_dynamic_task_mapping.py for tasks to queue
[2024-07-09T16:55:04.293+0000] {logging_mixin.py:188} INFO - [2024-07-09T16:55:04.292+0000] {dagbag.py:540} INFO - Filling up the DagBag from /home/airflow/.local/lib/python3.11/site-packages/airflow/example_dags/example_dynamic_task_mapping.py
[2024-07-09T16:55:04.299+0000] {processor.py:840} INFO - DAG(s) 'example_dynamic_task_mapping' retrieved from /home/airflow/.local/lib/python3.11/site-packages/airflow/example_dags/example_dynamic_task_mapping.py
[2024-07-09T16:55:04.319+0000] {logging_mixin.py:188} INFO - [2024-07-09T16:55:04.319+0000] {dag.py:3047} INFO - Sync 1 DAGs
[2024-07-09T16:55:04.336+0000] {logging_mixin.py:188} INFO - [2024-07-09T16:55:04.335+0000] {dag.py:3834} INFO - Setting next_dagrun for example_dynamic_task_mapping to 2022-03-04 00:00:00+00:00, run_after=2022-03-05 00:00:00+00:00
[2024-07-09T16:55:04.360+0000] {processor.py:183} INFO - Processing /home/airflow/.local/lib/python3.11/site-packages/airflow/example_dags/example_dynamic_task_mapping.py took 0.072 seconds
[2024-07-09T16:55:34.762+0000] {processor.py:161} INFO - Started process (PID=2604) to work on /home/airflow/.local/lib/python3.11/site-packages/airflow/example_dags/example_dynamic_task_mapping.py
[2024-07-09T16:55:34.763+0000] {processor.py:830} INFO - Processing file /home/airflow/.local/lib/python3.11/site-packages/airflow/example_dags/example_dynamic_task_mapping.py for tasks to queue
[2024-07-09T16:55:34.764+0000] {logging_mixin.py:188} INFO - [2024-07-09T16:55:34.763+0000] {dagbag.py:540} INFO - Filling up the DagBag from /home/airflow/.local/lib/python3.11/site-packages/airflow/example_dags/example_dynamic_task_mapping.py
[2024-07-09T16:55:34.770+0000] {processor.py:840} INFO - DAG(s) 'example_dynamic_task_mapping' retrieved from /home/airflow/.local/lib/python3.11/site-packages/airflow/example_dags/example_dynamic_task_mapping.py
[2024-07-09T16:55:34.793+0000] {logging_mixin.py:188} INFO - [2024-07-09T16:55:34.793+0000] {dag.py:3047} INFO - Sync 1 DAGs
[2024-07-09T16:55:34.814+0000] {logging_mixin.py:188} INFO - [2024-07-09T16:55:34.814+0000] {dag.py:3834} INFO - Setting next_dagrun for example_dynamic_task_mapping to 2022-03-04 00:00:00+00:00, run_after=2022-03-05 00:00:00+00:00
[2024-07-09T16:55:34.831+0000] {processor.py:183} INFO - Processing /home/airflow/.local/lib/python3.11/site-packages/airflow/example_dags/example_dynamic_task_mapping.py took 0.071 seconds
[2024-07-09T16:56:04.918+0000] {processor.py:161} INFO - Started process (PID=2866) to work on /home/airflow/.local/lib/python3.11/site-packages/airflow/example_dags/example_dynamic_task_mapping.py
[2024-07-09T16:56:04.920+0000] {processor.py:830} INFO - Processing file /home/airflow/.local/lib/python3.11/site-packages/airflow/example_dags/example_dynamic_task_mapping.py for tasks to queue
[2024-07-09T16:56:04.921+0000] {logging_mixin.py:188} INFO - [2024-07-09T16:56:04.920+0000] {dagbag.py:540} INFO - Filling up the DagBag from /home/airflow/.local/lib/python3.11/site-packages/airflow/example_dags/example_dynamic_task_mapping.py
[2024-07-09T16:56:04.930+0000] {processor.py:840} INFO - DAG(s) 'example_dynamic_task_mapping' retrieved from /home/airflow/.local/lib/python3.11/site-packages/airflow/example_dags/example_dynamic_task_mapping.py
[2024-07-09T16:56:04.950+0000] {logging_mixin.py:188} INFO - [2024-07-09T16:56:04.950+0000] {dag.py:3047} INFO - Sync 1 DAGs
[2024-07-09T16:56:04.969+0000] {logging_mixin.py:188} INFO - [2024-07-09T16:56:04.969+0000] {dag.py:3834} INFO - Setting next_dagrun for example_dynamic_task_mapping to 2022-03-04 00:00:00+00:00, run_after=2022-03-05 00:00:00+00:00
[2024-07-09T16:56:05.000+0000] {processor.py:183} INFO - Processing /home/airflow/.local/lib/python3.11/site-packages/airflow/example_dags/example_dynamic_task_mapping.py took 0.085 seconds
[2024-07-09T16:56:35.108+0000] {processor.py:161} INFO - Started process (PID=3128) to work on /home/airflow/.local/lib/python3.11/site-packages/airflow/example_dags/example_dynamic_task_mapping.py
[2024-07-09T16:56:35.109+0000] {processor.py:830} INFO - Processing file /home/airflow/.local/lib/python3.11/site-packages/airflow/example_dags/example_dynamic_task_mapping.py for tasks to queue
[2024-07-09T16:56:35.110+0000] {logging_mixin.py:188} INFO - [2024-07-09T16:56:35.110+0000] {dagbag.py:540} INFO - Filling up the DagBag from /home/airflow/.local/lib/python3.11/site-packages/airflow/example_dags/example_dynamic_task_mapping.py
[2024-07-09T16:56:35.126+0000] {processor.py:840} INFO - DAG(s) 'example_dynamic_task_mapping' retrieved from /home/airflow/.local/lib/python3.11/site-packages/airflow/example_dags/example_dynamic_task_mapping.py
[2024-07-09T16:56:35.150+0000] {logging_mixin.py:188} INFO - [2024-07-09T16:56:35.150+0000] {dag.py:3047} INFO - Sync 1 DAGs
[2024-07-09T16:56:35.169+0000] {logging_mixin.py:188} INFO - [2024-07-09T16:56:35.169+0000] {dag.py:3834} INFO - Setting next_dagrun for example_dynamic_task_mapping to 2022-03-04 00:00:00+00:00, run_after=2022-03-05 00:00:00+00:00
[2024-07-09T16:56:35.186+0000] {processor.py:183} INFO - Processing /home/airflow/.local/lib/python3.11/site-packages/airflow/example_dags/example_dynamic_task_mapping.py took 0.082 seconds
[2024-07-09T16:57:05.378+0000] {processor.py:161} INFO - Started process (PID=3390) to work on /home/airflow/.local/lib/python3.11/site-packages/airflow/example_dags/example_dynamic_task_mapping.py
[2024-07-09T16:57:05.379+0000] {processor.py:830} INFO - Processing file /home/airflow/.local/lib/python3.11/site-packages/airflow/example_dags/example_dynamic_task_mapping.py for tasks to queue
[2024-07-09T16:57:05.380+0000] {logging_mixin.py:188} INFO - [2024-07-09T16:57:05.380+0000] {dagbag.py:540} INFO - Filling up the DagBag from /home/airflow/.local/lib/python3.11/site-packages/airflow/example_dags/example_dynamic_task_mapping.py
[2024-07-09T16:57:05.387+0000] {processor.py:840} INFO - DAG(s) 'example_dynamic_task_mapping' retrieved from /home/airflow/.local/lib/python3.11/site-packages/airflow/example_dags/example_dynamic_task_mapping.py
[2024-07-09T16:57:05.409+0000] {logging_mixin.py:188} INFO - [2024-07-09T16:57:05.408+0000] {dag.py:3047} INFO - Sync 1 DAGs
[2024-07-09T16:57:05.427+0000] {logging_mixin.py:188} INFO - [2024-07-09T16:57:05.427+0000] {dag.py:3834} INFO - Setting next_dagrun for example_dynamic_task_mapping to 2022-03-04 00:00:00+00:00, run_after=2022-03-05 00:00:00+00:00
[2024-07-09T16:57:05.445+0000] {processor.py:183} INFO - Processing /home/airflow/.local/lib/python3.11/site-packages/airflow/example_dags/example_dynamic_task_mapping.py took 0.070 seconds
[2024-07-09T16:57:36.003+0000] {processor.py:161} INFO - Started process (PID=3652) to work on /home/airflow/.local/lib/python3.11/site-packages/airflow/example_dags/example_dynamic_task_mapping.py
[2024-07-09T16:57:36.004+0000] {processor.py:830} INFO - Processing file /home/airflow/.local/lib/python3.11/site-packages/airflow/example_dags/example_dynamic_task_mapping.py for tasks to queue
[2024-07-09T16:57:36.006+0000] {logging_mixin.py:188} INFO - [2024-07-09T16:57:36.005+0000] {dagbag.py:540} INFO - Filling up the DagBag from /home/airflow/.local/lib/python3.11/site-packages/airflow/example_dags/example_dynamic_task_mapping.py
[2024-07-09T16:57:36.017+0000] {processor.py:840} INFO - DAG(s) 'example_dynamic_task_mapping' retrieved from /home/airflow/.local/lib/python3.11/site-packages/airflow/example_dags/example_dynamic_task_mapping.py
[2024-07-09T16:57:36.045+0000] {logging_mixin.py:188} INFO - [2024-07-09T16:57:36.045+0000] {dag.py:3047} INFO - Sync 1 DAGs
[2024-07-09T16:57:36.098+0000] {logging_mixin.py:188} INFO - [2024-07-09T16:57:36.098+0000] {dag.py:3834} INFO - Setting next_dagrun for example_dynamic_task_mapping to 2022-03-04 00:00:00+00:00, run_after=2022-03-05 00:00:00+00:00
[2024-07-09T16:57:36.118+0000] {processor.py:183} INFO - Processing /home/airflow/.local/lib/python3.11/site-packages/airflow/example_dags/example_dynamic_task_mapping.py took 0.120 seconds
[2024-07-09T16:58:06.165+0000] {processor.py:161} INFO - Started process (PID=3914) to work on /home/airflow/.local/lib/python3.11/site-packages/airflow/example_dags/example_dynamic_task_mapping.py
[2024-07-09T16:58:06.166+0000] {processor.py:830} INFO - Processing file /home/airflow/.local/lib/python3.11/site-packages/airflow/example_dags/example_dynamic_task_mapping.py for tasks to queue
[2024-07-09T16:58:06.167+0000] {logging_mixin.py:188} INFO - [2024-07-09T16:58:06.166+0000] {dagbag.py:540} INFO - Filling up the DagBag from /home/airflow/.local/lib/python3.11/site-packages/airflow/example_dags/example_dynamic_task_mapping.py
[2024-07-09T16:58:06.172+0000] {processor.py:840} INFO - DAG(s) 'example_dynamic_task_mapping' retrieved from /home/airflow/.local/lib/python3.11/site-packages/airflow/example_dags/example_dynamic_task_mapping.py
[2024-07-09T16:58:06.194+0000] {logging_mixin.py:188} INFO - [2024-07-09T16:58:06.193+0000] {dag.py:3047} INFO - Sync 1 DAGs
[2024-07-09T16:58:06.216+0000] {logging_mixin.py:188} INFO - [2024-07-09T16:58:06.215+0000] {dag.py:3834} INFO - Setting next_dagrun for example_dynamic_task_mapping to 2022-03-04 00:00:00+00:00, run_after=2022-03-05 00:00:00+00:00
[2024-07-09T16:58:06.238+0000] {processor.py:183} INFO - Processing /home/airflow/.local/lib/python3.11/site-packages/airflow/example_dags/example_dynamic_task_mapping.py took 0.076 seconds
[2024-07-09T16:58:36.511+0000] {processor.py:161} INFO - Started process (PID=4176) to work on /home/airflow/.local/lib/python3.11/site-packages/airflow/example_dags/example_dynamic_task_mapping.py
[2024-07-09T16:58:36.512+0000] {processor.py:830} INFO - Processing file /home/airflow/.local/lib/python3.11/site-packages/airflow/example_dags/example_dynamic_task_mapping.py for tasks to queue
[2024-07-09T16:58:36.512+0000] {logging_mixin.py:188} INFO - [2024-07-09T16:58:36.512+0000] {dagbag.py:540} INFO - Filling up the DagBag from /home/airflow/.local/lib/python3.11/site-packages/airflow/example_dags/example_dynamic_task_mapping.py
[2024-07-09T16:58:36.519+0000] {processor.py:840} INFO - DAG(s) 'example_dynamic_task_mapping' retrieved from /home/airflow/.local/lib/python3.11/site-packages/airflow/example_dags/example_dynamic_task_mapping.py
[2024-07-09T16:58:36.542+0000] {logging_mixin.py:188} INFO - [2024-07-09T16:58:36.542+0000] {dag.py:3047} INFO - Sync 1 DAGs
[2024-07-09T16:58:36.560+0000] {logging_mixin.py:188} INFO - [2024-07-09T16:58:36.560+0000] {dag.py:3834} INFO - Setting next_dagrun for example_dynamic_task_mapping to 2022-03-04 00:00:00+00:00, run_after=2022-03-05 00:00:00+00:00
[2024-07-09T16:58:36.576+0000] {processor.py:183} INFO - Processing /home/airflow/.local/lib/python3.11/site-packages/airflow/example_dags/example_dynamic_task_mapping.py took 0.068 seconds
[2024-07-09T16:59:07.381+0000] {processor.py:161} INFO - Started process (PID=4438) to work on /home/airflow/.local/lib/python3.11/site-packages/airflow/example_dags/example_dynamic_task_mapping.py
[2024-07-09T16:59:07.383+0000] {processor.py:830} INFO - Processing file /home/airflow/.local/lib/python3.11/site-packages/airflow/example_dags/example_dynamic_task_mapping.py for tasks to queue
[2024-07-09T16:59:07.384+0000] {logging_mixin.py:188} INFO - [2024-07-09T16:59:07.384+0000] {dagbag.py:540} INFO - Filling up the DagBag from /home/airflow/.local/lib/python3.11/site-packages/airflow/example_dags/example_dynamic_task_mapping.py
[2024-07-09T16:59:07.392+0000] {processor.py:840} INFO - DAG(s) 'example_dynamic_task_mapping' retrieved from /home/airflow/.local/lib/python3.11/site-packages/airflow/example_dags/example_dynamic_task_mapping.py
[2024-07-09T16:59:07.417+0000] {logging_mixin.py:188} INFO - [2024-07-09T16:59:07.417+0000] {dag.py:3047} INFO - Sync 1 DAGs
[2024-07-09T16:59:07.439+0000] {logging_mixin.py:188} INFO - [2024-07-09T16:59:07.439+0000] {dag.py:3834} INFO - Setting next_dagrun for example_dynamic_task_mapping to 2022-03-04 00:00:00+00:00, run_after=2022-03-05 00:00:00+00:00
[2024-07-09T16:59:07.479+0000] {processor.py:183} INFO - Processing /home/airflow/.local/lib/python3.11/site-packages/airflow/example_dags/example_dynamic_task_mapping.py took 0.102 seconds
[2024-07-09T16:59:37.555+0000] {processor.py:161} INFO - Started process (PID=4700) to work on /home/airflow/.local/lib/python3.11/site-packages/airflow/example_dags/example_dynamic_task_mapping.py
[2024-07-09T16:59:37.557+0000] {processor.py:830} INFO - Processing file /home/airflow/.local/lib/python3.11/site-packages/airflow/example_dags/example_dynamic_task_mapping.py for tasks to queue
[2024-07-09T16:59:37.558+0000] {logging_mixin.py:188} INFO - [2024-07-09T16:59:37.557+0000] {dagbag.py:540} INFO - Filling up the DagBag from /home/airflow/.local/lib/python3.11/site-packages/airflow/example_dags/example_dynamic_task_mapping.py
[2024-07-09T16:59:37.565+0000] {processor.py:840} INFO - DAG(s) 'example_dynamic_task_mapping' retrieved from /home/airflow/.local/lib/python3.11/site-packages/airflow/example_dags/example_dynamic_task_mapping.py
[2024-07-09T16:59:37.594+0000] {logging_mixin.py:188} INFO - [2024-07-09T16:59:37.594+0000] {dag.py:3047} INFO - Sync 1 DAGs
[2024-07-09T16:59:37.617+0000] {logging_mixin.py:188} INFO - [2024-07-09T16:59:37.616+0000] {dag.py:3834} INFO - Setting next_dagrun for example_dynamic_task_mapping to 2022-03-04 00:00:00+00:00, run_after=2022-03-05 00:00:00+00:00
[2024-07-09T16:59:37.641+0000] {processor.py:183} INFO - Processing /home/airflow/.local/lib/python3.11/site-packages/airflow/example_dags/example_dynamic_task_mapping.py took 0.089 seconds
[2024-07-09T17:00:08.137+0000] {processor.py:161} INFO - Started process (PID=4962) to work on /home/airflow/.local/lib/python3.11/site-packages/airflow/example_dags/example_dynamic_task_mapping.py
[2024-07-09T17:00:08.138+0000] {processor.py:830} INFO - Processing file /home/airflow/.local/lib/python3.11/site-packages/airflow/example_dags/example_dynamic_task_mapping.py for tasks to queue
[2024-07-09T17:00:08.139+0000] {logging_mixin.py:188} INFO - [2024-07-09T17:00:08.139+0000] {dagbag.py:540} INFO - Filling up the DagBag from /home/airflow/.local/lib/python3.11/site-packages/airflow/example_dags/example_dynamic_task_mapping.py
[2024-07-09T17:00:08.145+0000] {processor.py:840} INFO - DAG(s) 'example_dynamic_task_mapping' retrieved from /home/airflow/.local/lib/python3.11/site-packages/airflow/example_dags/example_dynamic_task_mapping.py
[2024-07-09T17:00:08.168+0000] {logging_mixin.py:188} INFO - [2024-07-09T17:00:08.168+0000] {dag.py:3047} INFO - Sync 1 DAGs
[2024-07-09T17:00:08.189+0000] {logging_mixin.py:188} INFO - [2024-07-09T17:00:08.189+0000] {dag.py:3834} INFO - Setting next_dagrun for example_dynamic_task_mapping to 2022-03-04 00:00:00+00:00, run_after=2022-03-05 00:00:00+00:00
[2024-07-09T17:00:08.206+0000] {processor.py:183} INFO - Processing /home/airflow/.local/lib/python3.11/site-packages/airflow/example_dags/example_dynamic_task_mapping.py took 0.072 seconds
[2024-07-09T17:00:38.659+0000] {processor.py:161} INFO - Started process (PID=5224) to work on /home/airflow/.local/lib/python3.11/site-packages/airflow/example_dags/example_dynamic_task_mapping.py
[2024-07-09T17:00:38.660+0000] {processor.py:830} INFO - Processing file /home/airflow/.local/lib/python3.11/site-packages/airflow/example_dags/example_dynamic_task_mapping.py for tasks to queue
[2024-07-09T17:00:38.661+0000] {logging_mixin.py:188} INFO - [2024-07-09T17:00:38.661+0000] {dagbag.py:540} INFO - Filling up the DagBag from /home/airflow/.local/lib/python3.11/site-packages/airflow/example_dags/example_dynamic_task_mapping.py
[2024-07-09T17:00:38.668+0000] {processor.py:840} INFO - DAG(s) 'example_dynamic_task_mapping' retrieved from /home/airflow/.local/lib/python3.11/site-packages/airflow/example_dags/example_dynamic_task_mapping.py
[2024-07-09T17:00:38.688+0000] {logging_mixin.py:188} INFO - [2024-07-09T17:00:38.688+0000] {dag.py:3047} INFO - Sync 1 DAGs
[2024-07-09T17:00:38.709+0000] {logging_mixin.py:188} INFO - [2024-07-09T17:00:38.709+0000] {dag.py:3834} INFO - Setting next_dagrun for example_dynamic_task_mapping to 2022-03-04 00:00:00+00:00, run_after=2022-03-05 00:00:00+00:00
[2024-07-09T17:00:38.727+0000] {processor.py:183} INFO - Processing /home/airflow/.local/lib/python3.11/site-packages/airflow/example_dags/example_dynamic_task_mapping.py took 0.071 seconds
[2024-07-09T17:01:08.797+0000] {processor.py:161} INFO - Started process (PID=5486) to work on /home/airflow/.local/lib/python3.11/site-packages/airflow/example_dags/example_dynamic_task_mapping.py
[2024-07-09T17:01:08.798+0000] {processor.py:830} INFO - Processing file /home/airflow/.local/lib/python3.11/site-packages/airflow/example_dags/example_dynamic_task_mapping.py for tasks to queue
[2024-07-09T17:01:08.799+0000] {logging_mixin.py:188} INFO - [2024-07-09T17:01:08.799+0000] {dagbag.py:540} INFO - Filling up the DagBag from /home/airflow/.local/lib/python3.11/site-packages/airflow/example_dags/example_dynamic_task_mapping.py
[2024-07-09T17:01:08.806+0000] {processor.py:840} INFO - DAG(s) 'example_dynamic_task_mapping' retrieved from /home/airflow/.local/lib/python3.11/site-packages/airflow/example_dags/example_dynamic_task_mapping.py
[2024-07-09T17:01:08.825+0000] {logging_mixin.py:188} INFO - [2024-07-09T17:01:08.825+0000] {dag.py:3047} INFO - Sync 1 DAGs
[2024-07-09T17:01:08.845+0000] {logging_mixin.py:188} INFO - [2024-07-09T17:01:08.845+0000] {dag.py:3834} INFO - Setting next_dagrun for example_dynamic_task_mapping to 2022-03-04 00:00:00+00:00, run_after=2022-03-05 00:00:00+00:00
[2024-07-09T17:01:08.864+0000] {processor.py:183} INFO - Processing /home/airflow/.local/lib/python3.11/site-packages/airflow/example_dags/example_dynamic_task_mapping.py took 0.068 seconds
[2024-07-09T17:01:39.036+0000] {processor.py:161} INFO - Started process (PID=5748) to work on /home/airflow/.local/lib/python3.11/site-packages/airflow/example_dags/example_dynamic_task_mapping.py
[2024-07-09T17:01:39.037+0000] {processor.py:830} INFO - Processing file /home/airflow/.local/lib/python3.11/site-packages/airflow/example_dags/example_dynamic_task_mapping.py for tasks to queue
[2024-07-09T17:01:39.038+0000] {logging_mixin.py:188} INFO - [2024-07-09T17:01:39.037+0000] {dagbag.py:540} INFO - Filling up the DagBag from /home/airflow/.local/lib/python3.11/site-packages/airflow/example_dags/example_dynamic_task_mapping.py
[2024-07-09T17:01:39.044+0000] {processor.py:840} INFO - DAG(s) 'example_dynamic_task_mapping' retrieved from /home/airflow/.local/lib/python3.11/site-packages/airflow/example_dags/example_dynamic_task_mapping.py
[2024-07-09T17:01:39.064+0000] {logging_mixin.py:188} INFO - [2024-07-09T17:01:39.064+0000] {dag.py:3047} INFO - Sync 1 DAGs
[2024-07-09T17:01:39.082+0000] {logging_mixin.py:188} INFO - [2024-07-09T17:01:39.081+0000] {dag.py:3834} INFO - Setting next_dagrun for example_dynamic_task_mapping to 2022-03-04 00:00:00+00:00, run_after=2022-03-05 00:00:00+00:00
[2024-07-09T17:01:39.098+0000] {processor.py:183} INFO - Processing /home/airflow/.local/lib/python3.11/site-packages/airflow/example_dags/example_dynamic_task_mapping.py took 0.065 seconds
[2024-07-09T17:02:10.068+0000] {processor.py:161} INFO - Started process (PID=6012) to work on /home/airflow/.local/lib/python3.11/site-packages/airflow/example_dags/example_dynamic_task_mapping.py
[2024-07-09T17:02:10.069+0000] {processor.py:830} INFO - Processing file /home/airflow/.local/lib/python3.11/site-packages/airflow/example_dags/example_dynamic_task_mapping.py for tasks to queue
[2024-07-09T17:02:10.070+0000] {logging_mixin.py:188} INFO - [2024-07-09T17:02:10.069+0000] {dagbag.py:540} INFO - Filling up the DagBag from /home/airflow/.local/lib/python3.11/site-packages/airflow/example_dags/example_dynamic_task_mapping.py
[2024-07-09T17:02:10.076+0000] {processor.py:840} INFO - DAG(s) 'example_dynamic_task_mapping' retrieved from /home/airflow/.local/lib/python3.11/site-packages/airflow/example_dags/example_dynamic_task_mapping.py
[2024-07-09T17:02:10.095+0000] {logging_mixin.py:188} INFO - [2024-07-09T17:02:10.095+0000] {dag.py:3047} INFO - Sync 1 DAGs
[2024-07-09T17:02:10.118+0000] {logging_mixin.py:188} INFO - [2024-07-09T17:02:10.118+0000] {dag.py:3834} INFO - Setting next_dagrun for example_dynamic_task_mapping to 2022-03-04 00:00:00+00:00, run_after=2022-03-05 00:00:00+00:00
[2024-07-09T17:02:10.152+0000] {processor.py:183} INFO - Processing /home/airflow/.local/lib/python3.11/site-packages/airflow/example_dags/example_dynamic_task_mapping.py took 0.087 seconds
[2024-07-09T17:02:40.946+0000] {processor.py:161} INFO - Started process (PID=6274) to work on /home/airflow/.local/lib/python3.11/site-packages/airflow/example_dags/example_dynamic_task_mapping.py
[2024-07-09T17:02:40.947+0000] {processor.py:830} INFO - Processing file /home/airflow/.local/lib/python3.11/site-packages/airflow/example_dags/example_dynamic_task_mapping.py for tasks to queue
[2024-07-09T17:02:40.948+0000] {logging_mixin.py:188} INFO - [2024-07-09T17:02:40.948+0000] {dagbag.py:540} INFO - Filling up the DagBag from /home/airflow/.local/lib/python3.11/site-packages/airflow/example_dags/example_dynamic_task_mapping.py
[2024-07-09T17:02:40.956+0000] {processor.py:840} INFO - DAG(s) 'example_dynamic_task_mapping' retrieved from /home/airflow/.local/lib/python3.11/site-packages/airflow/example_dags/example_dynamic_task_mapping.py
[2024-07-09T17:02:40.976+0000] {logging_mixin.py:188} INFO - [2024-07-09T17:02:40.976+0000] {dag.py:3047} INFO - Sync 1 DAGs
[2024-07-09T17:02:40.993+0000] {logging_mixin.py:188} INFO - [2024-07-09T17:02:40.993+0000] {dag.py:3834} INFO - Setting next_dagrun for example_dynamic_task_mapping to 2022-03-04 00:00:00+00:00, run_after=2022-03-05 00:00:00+00:00
[2024-07-09T17:02:41.014+0000] {processor.py:183} INFO - Processing /home/airflow/.local/lib/python3.11/site-packages/airflow/example_dags/example_dynamic_task_mapping.py took 0.070 seconds
[2024-07-09T17:03:11.278+0000] {processor.py:161} INFO - Started process (PID=6536) to work on /home/airflow/.local/lib/python3.11/site-packages/airflow/example_dags/example_dynamic_task_mapping.py
[2024-07-09T17:03:11.279+0000] {processor.py:830} INFO - Processing file /home/airflow/.local/lib/python3.11/site-packages/airflow/example_dags/example_dynamic_task_mapping.py for tasks to queue
[2024-07-09T17:03:11.280+0000] {logging_mixin.py:188} INFO - [2024-07-09T17:03:11.280+0000] {dagbag.py:540} INFO - Filling up the DagBag from /home/airflow/.local/lib/python3.11/site-packages/airflow/example_dags/example_dynamic_task_mapping.py
[2024-07-09T17:03:11.288+0000] {processor.py:840} INFO - DAG(s) 'example_dynamic_task_mapping' retrieved from /home/airflow/.local/lib/python3.11/site-packages/airflow/example_dags/example_dynamic_task_mapping.py
[2024-07-09T17:03:11.311+0000] {logging_mixin.py:188} INFO - [2024-07-09T17:03:11.310+0000] {dag.py:3047} INFO - Sync 1 DAGs
[2024-07-09T17:03:11.331+0000] {logging_mixin.py:188} INFO - [2024-07-09T17:03:11.331+0000] {dag.py:3834} INFO - Setting next_dagrun for example_dynamic_task_mapping to 2022-03-04 00:00:00+00:00, run_after=2022-03-05 00:00:00+00:00
[2024-07-09T17:03:11.348+0000] {processor.py:183} INFO - Processing /home/airflow/.local/lib/python3.11/site-packages/airflow/example_dags/example_dynamic_task_mapping.py took 0.073 seconds
[2024-07-09T17:03:42.162+0000] {processor.py:161} INFO - Started process (PID=6798) to work on /home/airflow/.local/lib/python3.11/site-packages/airflow/example_dags/example_dynamic_task_mapping.py
[2024-07-09T17:03:42.163+0000] {processor.py:830} INFO - Processing file /home/airflow/.local/lib/python3.11/site-packages/airflow/example_dags/example_dynamic_task_mapping.py for tasks to queue
[2024-07-09T17:03:42.164+0000] {logging_mixin.py:188} INFO - [2024-07-09T17:03:42.163+0000] {dagbag.py:540} INFO - Filling up the DagBag from /home/airflow/.local/lib/python3.11/site-packages/airflow/example_dags/example_dynamic_task_mapping.py
[2024-07-09T17:03:42.170+0000] {processor.py:840} INFO - DAG(s) 'example_dynamic_task_mapping' retrieved from /home/airflow/.local/lib/python3.11/site-packages/airflow/example_dags/example_dynamic_task_mapping.py
[2024-07-09T17:03:42.186+0000] {logging_mixin.py:188} INFO - [2024-07-09T17:03:42.186+0000] {dag.py:3047} INFO - Sync 1 DAGs
[2024-07-09T17:03:42.202+0000] {logging_mixin.py:188} INFO - [2024-07-09T17:03:42.202+0000] {dag.py:3834} INFO - Setting next_dagrun for example_dynamic_task_mapping to 2022-03-04 00:00:00+00:00, run_after=2022-03-05 00:00:00+00:00
[2024-07-09T17:03:42.216+0000] {processor.py:183} INFO - Processing /home/airflow/.local/lib/python3.11/site-packages/airflow/example_dags/example_dynamic_task_mapping.py took 0.057 seconds
[2024-07-09T17:04:12.879+0000] {processor.py:161} INFO - Started process (PID=7058) to work on /home/airflow/.local/lib/python3.11/site-packages/airflow/example_dags/example_dynamic_task_mapping.py
[2024-07-09T17:04:12.881+0000] {processor.py:830} INFO - Processing file /home/airflow/.local/lib/python3.11/site-packages/airflow/example_dags/example_dynamic_task_mapping.py for tasks to queue
[2024-07-09T17:04:12.882+0000] {logging_mixin.py:188} INFO - [2024-07-09T17:04:12.882+0000] {dagbag.py:540} INFO - Filling up the DagBag from /home/airflow/.local/lib/python3.11/site-packages/airflow/example_dags/example_dynamic_task_mapping.py
[2024-07-09T17:04:12.898+0000] {processor.py:840} INFO - DAG(s) 'example_dynamic_task_mapping' retrieved from /home/airflow/.local/lib/python3.11/site-packages/airflow/example_dags/example_dynamic_task_mapping.py
[2024-07-09T17:04:12.948+0000] {logging_mixin.py:188} INFO - [2024-07-09T17:04:12.947+0000] {dag.py:3047} INFO - Sync 1 DAGs
[2024-07-09T17:04:12.986+0000] {logging_mixin.py:188} INFO - [2024-07-09T17:04:12.986+0000] {dag.py:3834} INFO - Setting next_dagrun for example_dynamic_task_mapping to 2022-03-04 00:00:00+00:00, run_after=2022-03-05 00:00:00+00:00
[2024-07-09T17:04:13.011+0000] {processor.py:183} INFO - Processing /home/airflow/.local/lib/python3.11/site-packages/airflow/example_dags/example_dynamic_task_mapping.py took 0.135 seconds
[2024-07-09T17:04:43.711+0000] {processor.py:161} INFO - Started process (PID=7332) to work on /home/airflow/.local/lib/python3.11/site-packages/airflow/example_dags/example_dynamic_task_mapping.py
[2024-07-09T17:04:43.712+0000] {processor.py:830} INFO - Processing file /home/airflow/.local/lib/python3.11/site-packages/airflow/example_dags/example_dynamic_task_mapping.py for tasks to queue
[2024-07-09T17:04:43.713+0000] {logging_mixin.py:188} INFO - [2024-07-09T17:04:43.713+0000] {dagbag.py:540} INFO - Filling up the DagBag from /home/airflow/.local/lib/python3.11/site-packages/airflow/example_dags/example_dynamic_task_mapping.py
[2024-07-09T17:04:43.724+0000] {processor.py:840} INFO - DAG(s) 'example_dynamic_task_mapping' retrieved from /home/airflow/.local/lib/python3.11/site-packages/airflow/example_dags/example_dynamic_task_mapping.py
[2024-07-09T17:04:43.748+0000] {logging_mixin.py:188} INFO - [2024-07-09T17:04:43.747+0000] {dag.py:3047} INFO - Sync 1 DAGs
[2024-07-09T17:04:43.768+0000] {logging_mixin.py:188} INFO - [2024-07-09T17:04:43.768+0000] {dag.py:3834} INFO - Setting next_dagrun for example_dynamic_task_mapping to 2022-03-04 00:00:00+00:00, run_after=2022-03-05 00:00:00+00:00
[2024-07-09T17:04:43.788+0000] {processor.py:183} INFO - Processing /home/airflow/.local/lib/python3.11/site-packages/airflow/example_dags/example_dynamic_task_mapping.py took 0.080 seconds
[2024-07-09T17:05:14.594+0000] {processor.py:161} INFO - Started process (PID=7616) to work on /home/airflow/.local/lib/python3.11/site-packages/airflow/example_dags/example_dynamic_task_mapping.py
[2024-07-09T17:05:14.595+0000] {processor.py:830} INFO - Processing file /home/airflow/.local/lib/python3.11/site-packages/airflow/example_dags/example_dynamic_task_mapping.py for tasks to queue
[2024-07-09T17:05:14.596+0000] {logging_mixin.py:188} INFO - [2024-07-09T17:05:14.596+0000] {dagbag.py:540} INFO - Filling up the DagBag from /home/airflow/.local/lib/python3.11/site-packages/airflow/example_dags/example_dynamic_task_mapping.py
[2024-07-09T17:05:14.602+0000] {processor.py:840} INFO - DAG(s) 'example_dynamic_task_mapping' retrieved from /home/airflow/.local/lib/python3.11/site-packages/airflow/example_dags/example_dynamic_task_mapping.py
[2024-07-09T17:05:14.622+0000] {logging_mixin.py:188} INFO - [2024-07-09T17:05:14.622+0000] {dag.py:3047} INFO - Sync 1 DAGs
[2024-07-09T17:05:14.642+0000] {logging_mixin.py:188} INFO - [2024-07-09T17:05:14.642+0000] {dag.py:3834} INFO - Setting next_dagrun for example_dynamic_task_mapping to 2022-03-04 00:00:00+00:00, run_after=2022-03-05 00:00:00+00:00
[2024-07-09T17:05:14.657+0000] {processor.py:183} INFO - Processing /home/airflow/.local/lib/python3.11/site-packages/airflow/example_dags/example_dynamic_task_mapping.py took 0.066 seconds
[2024-07-09T17:05:45.323+0000] {processor.py:161} INFO - Started process (PID=7880) to work on /home/airflow/.local/lib/python3.11/site-packages/airflow/example_dags/example_dynamic_task_mapping.py
[2024-07-09T17:05:45.324+0000] {processor.py:830} INFO - Processing file /home/airflow/.local/lib/python3.11/site-packages/airflow/example_dags/example_dynamic_task_mapping.py for tasks to queue
[2024-07-09T17:05:45.325+0000] {logging_mixin.py:188} INFO - [2024-07-09T17:05:45.324+0000] {dagbag.py:540} INFO - Filling up the DagBag from /home/airflow/.local/lib/python3.11/site-packages/airflow/example_dags/example_dynamic_task_mapping.py
[2024-07-09T17:05:45.330+0000] {processor.py:840} INFO - DAG(s) 'example_dynamic_task_mapping' retrieved from /home/airflow/.local/lib/python3.11/site-packages/airflow/example_dags/example_dynamic_task_mapping.py
[2024-07-09T17:05:45.346+0000] {logging_mixin.py:188} INFO - [2024-07-09T17:05:45.346+0000] {dag.py:3047} INFO - Sync 1 DAGs
[2024-07-09T17:05:45.362+0000] {logging_mixin.py:188} INFO - [2024-07-09T17:05:45.362+0000] {dag.py:3834} INFO - Setting next_dagrun for example_dynamic_task_mapping to 2022-03-04 00:00:00+00:00, run_after=2022-03-05 00:00:00+00:00
[2024-07-09T17:05:45.375+0000] {processor.py:183} INFO - Processing /home/airflow/.local/lib/python3.11/site-packages/airflow/example_dags/example_dynamic_task_mapping.py took 0.055 seconds
[2024-07-09T17:06:16.255+0000] {processor.py:161} INFO - Started process (PID=8142) to work on /home/airflow/.local/lib/python3.11/site-packages/airflow/example_dags/example_dynamic_task_mapping.py
[2024-07-09T17:06:16.256+0000] {processor.py:830} INFO - Processing file /home/airflow/.local/lib/python3.11/site-packages/airflow/example_dags/example_dynamic_task_mapping.py for tasks to queue
[2024-07-09T17:06:16.257+0000] {logging_mixin.py:188} INFO - [2024-07-09T17:06:16.256+0000] {dagbag.py:540} INFO - Filling up the DagBag from /home/airflow/.local/lib/python3.11/site-packages/airflow/example_dags/example_dynamic_task_mapping.py
[2024-07-09T17:06:16.263+0000] {processor.py:840} INFO - DAG(s) 'example_dynamic_task_mapping' retrieved from /home/airflow/.local/lib/python3.11/site-packages/airflow/example_dags/example_dynamic_task_mapping.py
[2024-07-09T17:06:16.284+0000] {logging_mixin.py:188} INFO - [2024-07-09T17:06:16.284+0000] {dag.py:3047} INFO - Sync 1 DAGs
[2024-07-09T17:06:16.305+0000] {logging_mixin.py:188} INFO - [2024-07-09T17:06:16.305+0000] {dag.py:3834} INFO - Setting next_dagrun for example_dynamic_task_mapping to 2022-03-04 00:00:00+00:00, run_after=2022-03-05 00:00:00+00:00
[2024-07-09T17:06:16.346+0000] {processor.py:183} INFO - Processing /home/airflow/.local/lib/python3.11/site-packages/airflow/example_dags/example_dynamic_task_mapping.py took 0.095 seconds
[2024-07-09T17:06:46.477+0000] {processor.py:161} INFO - Started process (PID=8404) to work on /home/airflow/.local/lib/python3.11/site-packages/airflow/example_dags/example_dynamic_task_mapping.py
[2024-07-09T17:06:46.478+0000] {processor.py:830} INFO - Processing file /home/airflow/.local/lib/python3.11/site-packages/airflow/example_dags/example_dynamic_task_mapping.py for tasks to queue
[2024-07-09T17:06:46.479+0000] {logging_mixin.py:188} INFO - [2024-07-09T17:06:46.479+0000] {dagbag.py:540} INFO - Filling up the DagBag from /home/airflow/.local/lib/python3.11/site-packages/airflow/example_dags/example_dynamic_task_mapping.py
[2024-07-09T17:06:46.490+0000] {processor.py:840} INFO - DAG(s) 'example_dynamic_task_mapping' retrieved from /home/airflow/.local/lib/python3.11/site-packages/airflow/example_dags/example_dynamic_task_mapping.py
[2024-07-09T17:06:46.513+0000] {logging_mixin.py:188} INFO - [2024-07-09T17:06:46.513+0000] {dag.py:3047} INFO - Sync 1 DAGs
[2024-07-09T17:06:46.534+0000] {logging_mixin.py:188} INFO - [2024-07-09T17:06:46.534+0000] {dag.py:3834} INFO - Setting next_dagrun for example_dynamic_task_mapping to 2022-03-04 00:00:00+00:00, run_after=2022-03-05 00:00:00+00:00
[2024-07-09T17:06:46.551+0000] {processor.py:183} INFO - Processing /home/airflow/.local/lib/python3.11/site-packages/airflow/example_dags/example_dynamic_task_mapping.py took 0.078 seconds
