[2024-07-09T16:50:56.287+0000] {processor.py:161} INFO - Started process (PID=190) to work on /home/airflow/.local/lib/python3.11/site-packages/airflow/example_dags/example_setup_teardown.py
[2024-07-09T16:50:56.289+0000] {processor.py:830} INFO - Processing file /home/airflow/.local/lib/python3.11/site-packages/airflow/example_dags/example_setup_teardown.py for tasks to queue
[2024-07-09T16:50:56.291+0000] {logging_mixin.py:188} INFO - [2024-07-09T16:50:56.290+0000] {dagbag.py:540} INFO - Filling up the DagBag from /home/airflow/.local/lib/python3.11/site-packages/airflow/example_dags/example_setup_teardown.py
[2024-07-09T16:50:56.315+0000] {processor.py:840} INFO - DAG(s) 'example_setup_teardown' retrieved from /home/airflow/.local/lib/python3.11/site-packages/airflow/example_dags/example_setup_teardown.py
[2024-07-09T16:50:56.667+0000] {logging_mixin.py:188} INFO - [2024-07-09T16:50:56.666+0000] {override.py:1769} INFO - Created Permission View: can delete on DAG:example_setup_teardown
[2024-07-09T16:50:56.709+0000] {logging_mixin.py:188} INFO - [2024-07-09T16:50:56.709+0000] {override.py:1769} INFO - Created Permission View: can edit on DAG:example_setup_teardown
[2024-07-09T16:50:56.731+0000] {logging_mixin.py:188} INFO - [2024-07-09T16:50:56.730+0000] {override.py:1769} INFO - Created Permission View: can read on DAG:example_setup_teardown
[2024-07-09T16:50:56.732+0000] {logging_mixin.py:188} INFO - [2024-07-09T16:50:56.731+0000] {dag.py:3047} INFO - Sync 1 DAGs
[2024-07-09T16:50:56.755+0000] {logging_mixin.py:188} INFO - [2024-07-09T16:50:56.755+0000] {dag.py:3069} INFO - Creating ORM DAG for example_setup_teardown
[2024-07-09T16:50:56.782+0000] {logging_mixin.py:188} INFO - [2024-07-09T16:50:56.776+0000] {dag.py:3834} INFO - Setting next_dagrun for example_setup_teardown to 2024-07-08 00:00:00+00:00, run_after=2024-07-09 00:00:00+00:00
[2024-07-09T16:50:56.823+0000] {processor.py:183} INFO - Processing /home/airflow/.local/lib/python3.11/site-packages/airflow/example_dags/example_setup_teardown.py took 0.541 seconds
[2024-07-09T16:51:27.142+0000] {processor.py:161} INFO - Started process (PID=452) to work on /home/airflow/.local/lib/python3.11/site-packages/airflow/example_dags/example_setup_teardown.py
[2024-07-09T16:51:27.143+0000] {processor.py:830} INFO - Processing file /home/airflow/.local/lib/python3.11/site-packages/airflow/example_dags/example_setup_teardown.py for tasks to queue
[2024-07-09T16:51:27.144+0000] {logging_mixin.py:188} INFO - [2024-07-09T16:51:27.144+0000] {dagbag.py:540} INFO - Filling up the DagBag from /home/airflow/.local/lib/python3.11/site-packages/airflow/example_dags/example_setup_teardown.py
[2024-07-09T16:51:27.153+0000] {processor.py:840} INFO - DAG(s) 'example_setup_teardown' retrieved from /home/airflow/.local/lib/python3.11/site-packages/airflow/example_dags/example_setup_teardown.py
[2024-07-09T16:51:27.179+0000] {logging_mixin.py:188} INFO - [2024-07-09T16:51:27.179+0000] {dag.py:3047} INFO - Sync 1 DAGs
[2024-07-09T16:51:27.199+0000] {logging_mixin.py:188} INFO - [2024-07-09T16:51:27.199+0000] {dag.py:3834} INFO - Setting next_dagrun for example_setup_teardown to 2024-07-08 00:00:00+00:00, run_after=2024-07-09 00:00:00+00:00
[2024-07-09T16:51:27.222+0000] {processor.py:183} INFO - Processing /home/airflow/.local/lib/python3.11/site-packages/airflow/example_dags/example_setup_teardown.py took 0.082 seconds
[2024-07-09T16:51:57.969+0000] {processor.py:161} INFO - Started process (PID=705) to work on /home/airflow/.local/lib/python3.11/site-packages/airflow/example_dags/example_setup_teardown.py
[2024-07-09T16:51:57.971+0000] {processor.py:830} INFO - Processing file /home/airflow/.local/lib/python3.11/site-packages/airflow/example_dags/example_setup_teardown.py for tasks to queue
[2024-07-09T16:51:57.972+0000] {logging_mixin.py:188} INFO - [2024-07-09T16:51:57.971+0000] {dagbag.py:540} INFO - Filling up the DagBag from /home/airflow/.local/lib/python3.11/site-packages/airflow/example_dags/example_setup_teardown.py
[2024-07-09T16:51:57.980+0000] {processor.py:840} INFO - DAG(s) 'example_setup_teardown' retrieved from /home/airflow/.local/lib/python3.11/site-packages/airflow/example_dags/example_setup_teardown.py
[2024-07-09T16:51:58.001+0000] {logging_mixin.py:188} INFO - [2024-07-09T16:51:58.000+0000] {dag.py:3047} INFO - Sync 1 DAGs
[2024-07-09T16:51:58.023+0000] {logging_mixin.py:188} INFO - [2024-07-09T16:51:58.022+0000] {dag.py:3834} INFO - Setting next_dagrun for example_setup_teardown to 2024-07-08 00:00:00+00:00, run_after=2024-07-09 00:00:00+00:00
[2024-07-09T16:51:58.041+0000] {processor.py:183} INFO - Processing /home/airflow/.local/lib/python3.11/site-packages/airflow/example_dags/example_setup_teardown.py took 0.075 seconds
[2024-07-09T16:52:28.222+0000] {processor.py:161} INFO - Started process (PID=962) to work on /home/airflow/.local/lib/python3.11/site-packages/airflow/example_dags/example_setup_teardown.py
[2024-07-09T16:52:28.224+0000] {processor.py:830} INFO - Processing file /home/airflow/.local/lib/python3.11/site-packages/airflow/example_dags/example_setup_teardown.py for tasks to queue
[2024-07-09T16:52:28.225+0000] {logging_mixin.py:188} INFO - [2024-07-09T16:52:28.224+0000] {dagbag.py:540} INFO - Filling up the DagBag from /home/airflow/.local/lib/python3.11/site-packages/airflow/example_dags/example_setup_teardown.py
[2024-07-09T16:52:28.233+0000] {processor.py:840} INFO - DAG(s) 'example_setup_teardown' retrieved from /home/airflow/.local/lib/python3.11/site-packages/airflow/example_dags/example_setup_teardown.py
[2024-07-09T16:52:28.255+0000] {logging_mixin.py:188} INFO - [2024-07-09T16:52:28.254+0000] {dag.py:3047} INFO - Sync 1 DAGs
[2024-07-09T16:52:28.274+0000] {logging_mixin.py:188} INFO - [2024-07-09T16:52:28.274+0000] {dag.py:3834} INFO - Setting next_dagrun for example_setup_teardown to 2024-07-08 00:00:00+00:00, run_after=2024-07-09 00:00:00+00:00
[2024-07-09T16:52:28.291+0000] {processor.py:183} INFO - Processing /home/airflow/.local/lib/python3.11/site-packages/airflow/example_dags/example_setup_teardown.py took 0.071 seconds
[2024-07-09T16:52:58.344+0000] {processor.py:161} INFO - Started process (PID=1224) to work on /home/airflow/.local/lib/python3.11/site-packages/airflow/example_dags/example_setup_teardown.py
[2024-07-09T16:52:58.346+0000] {processor.py:830} INFO - Processing file /home/airflow/.local/lib/python3.11/site-packages/airflow/example_dags/example_setup_teardown.py for tasks to queue
[2024-07-09T16:52:58.347+0000] {logging_mixin.py:188} INFO - [2024-07-09T16:52:58.346+0000] {dagbag.py:540} INFO - Filling up the DagBag from /home/airflow/.local/lib/python3.11/site-packages/airflow/example_dags/example_setup_teardown.py
[2024-07-09T16:52:58.354+0000] {processor.py:840} INFO - DAG(s) 'example_setup_teardown' retrieved from /home/airflow/.local/lib/python3.11/site-packages/airflow/example_dags/example_setup_teardown.py
[2024-07-09T16:52:58.376+0000] {logging_mixin.py:188} INFO - [2024-07-09T16:52:58.376+0000] {dag.py:3047} INFO - Sync 1 DAGs
[2024-07-09T16:52:58.397+0000] {logging_mixin.py:188} INFO - [2024-07-09T16:52:58.397+0000] {dag.py:3834} INFO - Setting next_dagrun for example_setup_teardown to 2024-07-08 00:00:00+00:00, run_after=2024-07-09 00:00:00+00:00
[2024-07-09T16:52:58.555+0000] {processor.py:183} INFO - Processing /home/airflow/.local/lib/python3.11/site-packages/airflow/example_dags/example_setup_teardown.py took 0.214 seconds
[2024-07-09T16:53:28.750+0000] {processor.py:161} INFO - Started process (PID=1486) to work on /home/airflow/.local/lib/python3.11/site-packages/airflow/example_dags/example_setup_teardown.py
[2024-07-09T16:53:28.752+0000] {processor.py:830} INFO - Processing file /home/airflow/.local/lib/python3.11/site-packages/airflow/example_dags/example_setup_teardown.py for tasks to queue
[2024-07-09T16:53:28.752+0000] {logging_mixin.py:188} INFO - [2024-07-09T16:53:28.752+0000] {dagbag.py:540} INFO - Filling up the DagBag from /home/airflow/.local/lib/python3.11/site-packages/airflow/example_dags/example_setup_teardown.py
[2024-07-09T16:53:28.761+0000] {processor.py:840} INFO - DAG(s) 'example_setup_teardown' retrieved from /home/airflow/.local/lib/python3.11/site-packages/airflow/example_dags/example_setup_teardown.py
[2024-07-09T16:53:28.784+0000] {logging_mixin.py:188} INFO - [2024-07-09T16:53:28.784+0000] {dag.py:3047} INFO - Sync 1 DAGs
[2024-07-09T16:53:28.809+0000] {logging_mixin.py:188} INFO - [2024-07-09T16:53:28.808+0000] {dag.py:3834} INFO - Setting next_dagrun for example_setup_teardown to 2024-07-08 00:00:00+00:00, run_after=2024-07-09 00:00:00+00:00
[2024-07-09T16:53:28.844+0000] {processor.py:183} INFO - Processing /home/airflow/.local/lib/python3.11/site-packages/airflow/example_dags/example_setup_teardown.py took 0.097 seconds
[2024-07-09T16:53:59.166+0000] {processor.py:161} INFO - Started process (PID=1748) to work on /home/airflow/.local/lib/python3.11/site-packages/airflow/example_dags/example_setup_teardown.py
[2024-07-09T16:53:59.167+0000] {processor.py:830} INFO - Processing file /home/airflow/.local/lib/python3.11/site-packages/airflow/example_dags/example_setup_teardown.py for tasks to queue
[2024-07-09T16:53:59.168+0000] {logging_mixin.py:188} INFO - [2024-07-09T16:53:59.168+0000] {dagbag.py:540} INFO - Filling up the DagBag from /home/airflow/.local/lib/python3.11/site-packages/airflow/example_dags/example_setup_teardown.py
[2024-07-09T16:53:59.176+0000] {processor.py:840} INFO - DAG(s) 'example_setup_teardown' retrieved from /home/airflow/.local/lib/python3.11/site-packages/airflow/example_dags/example_setup_teardown.py
[2024-07-09T16:53:59.204+0000] {logging_mixin.py:188} INFO - [2024-07-09T16:53:59.204+0000] {dag.py:3047} INFO - Sync 1 DAGs
[2024-07-09T16:53:59.227+0000] {logging_mixin.py:188} INFO - [2024-07-09T16:53:59.227+0000] {dag.py:3834} INFO - Setting next_dagrun for example_setup_teardown to 2024-07-08 00:00:00+00:00, run_after=2024-07-09 00:00:00+00:00
[2024-07-09T16:53:59.263+0000] {processor.py:183} INFO - Processing /home/airflow/.local/lib/python3.11/site-packages/airflow/example_dags/example_setup_teardown.py took 0.100 seconds
[2024-07-09T16:54:29.323+0000] {processor.py:161} INFO - Started process (PID=2010) to work on /home/airflow/.local/lib/python3.11/site-packages/airflow/example_dags/example_setup_teardown.py
[2024-07-09T16:54:29.324+0000] {processor.py:830} INFO - Processing file /home/airflow/.local/lib/python3.11/site-packages/airflow/example_dags/example_setup_teardown.py for tasks to queue
[2024-07-09T16:54:29.325+0000] {logging_mixin.py:188} INFO - [2024-07-09T16:54:29.325+0000] {dagbag.py:540} INFO - Filling up the DagBag from /home/airflow/.local/lib/python3.11/site-packages/airflow/example_dags/example_setup_teardown.py
[2024-07-09T16:54:29.332+0000] {processor.py:840} INFO - DAG(s) 'example_setup_teardown' retrieved from /home/airflow/.local/lib/python3.11/site-packages/airflow/example_dags/example_setup_teardown.py
[2024-07-09T16:54:29.357+0000] {logging_mixin.py:188} INFO - [2024-07-09T16:54:29.357+0000] {dag.py:3047} INFO - Sync 1 DAGs
[2024-07-09T16:54:29.384+0000] {logging_mixin.py:188} INFO - [2024-07-09T16:54:29.384+0000] {dag.py:3834} INFO - Setting next_dagrun for example_setup_teardown to 2024-07-08 00:00:00+00:00, run_after=2024-07-09 00:00:00+00:00
[2024-07-09T16:54:29.410+0000] {processor.py:183} INFO - Processing /home/airflow/.local/lib/python3.11/site-packages/airflow/example_dags/example_setup_teardown.py took 0.090 seconds
[2024-07-09T16:54:59.645+0000] {processor.py:161} INFO - Started process (PID=2272) to work on /home/airflow/.local/lib/python3.11/site-packages/airflow/example_dags/example_setup_teardown.py
[2024-07-09T16:54:59.646+0000] {processor.py:830} INFO - Processing file /home/airflow/.local/lib/python3.11/site-packages/airflow/example_dags/example_setup_teardown.py for tasks to queue
[2024-07-09T16:54:59.648+0000] {logging_mixin.py:188} INFO - [2024-07-09T16:54:59.647+0000] {dagbag.py:540} INFO - Filling up the DagBag from /home/airflow/.local/lib/python3.11/site-packages/airflow/example_dags/example_setup_teardown.py
[2024-07-09T16:54:59.662+0000] {processor.py:840} INFO - DAG(s) 'example_setup_teardown' retrieved from /home/airflow/.local/lib/python3.11/site-packages/airflow/example_dags/example_setup_teardown.py
[2024-07-09T16:54:59.686+0000] {logging_mixin.py:188} INFO - [2024-07-09T16:54:59.686+0000] {dag.py:3047} INFO - Sync 1 DAGs
[2024-07-09T16:54:59.716+0000] {logging_mixin.py:188} INFO - [2024-07-09T16:54:59.716+0000] {dag.py:3834} INFO - Setting next_dagrun for example_setup_teardown to 2024-07-08 00:00:00+00:00, run_after=2024-07-09 00:00:00+00:00
[2024-07-09T16:54:59.753+0000] {processor.py:183} INFO - Processing /home/airflow/.local/lib/python3.11/site-packages/airflow/example_dags/example_setup_teardown.py took 0.111 seconds
[2024-07-09T16:55:29.933+0000] {processor.py:161} INFO - Started process (PID=2534) to work on /home/airflow/.local/lib/python3.11/site-packages/airflow/example_dags/example_setup_teardown.py
[2024-07-09T16:55:29.934+0000] {processor.py:830} INFO - Processing file /home/airflow/.local/lib/python3.11/site-packages/airflow/example_dags/example_setup_teardown.py for tasks to queue
[2024-07-09T16:55:29.935+0000] {logging_mixin.py:188} INFO - [2024-07-09T16:55:29.935+0000] {dagbag.py:540} INFO - Filling up the DagBag from /home/airflow/.local/lib/python3.11/site-packages/airflow/example_dags/example_setup_teardown.py
[2024-07-09T16:55:29.942+0000] {processor.py:840} INFO - DAG(s) 'example_setup_teardown' retrieved from /home/airflow/.local/lib/python3.11/site-packages/airflow/example_dags/example_setup_teardown.py
[2024-07-09T16:55:29.965+0000] {logging_mixin.py:188} INFO - [2024-07-09T16:55:29.964+0000] {dag.py:3047} INFO - Sync 1 DAGs
[2024-07-09T16:55:29.982+0000] {logging_mixin.py:188} INFO - [2024-07-09T16:55:29.982+0000] {dag.py:3834} INFO - Setting next_dagrun for example_setup_teardown to 2024-07-08 00:00:00+00:00, run_after=2024-07-09 00:00:00+00:00
[2024-07-09T16:55:30.000+0000] {processor.py:183} INFO - Processing /home/airflow/.local/lib/python3.11/site-packages/airflow/example_dags/example_setup_teardown.py took 0.069 seconds
[2024-07-09T16:56:00.078+0000] {processor.py:161} INFO - Started process (PID=2796) to work on /home/airflow/.local/lib/python3.11/site-packages/airflow/example_dags/example_setup_teardown.py
[2024-07-09T16:56:00.081+0000] {processor.py:830} INFO - Processing file /home/airflow/.local/lib/python3.11/site-packages/airflow/example_dags/example_setup_teardown.py for tasks to queue
[2024-07-09T16:56:00.083+0000] {logging_mixin.py:188} INFO - [2024-07-09T16:56:00.083+0000] {dagbag.py:540} INFO - Filling up the DagBag from /home/airflow/.local/lib/python3.11/site-packages/airflow/example_dags/example_setup_teardown.py
[2024-07-09T16:56:00.092+0000] {processor.py:840} INFO - DAG(s) 'example_setup_teardown' retrieved from /home/airflow/.local/lib/python3.11/site-packages/airflow/example_dags/example_setup_teardown.py
[2024-07-09T16:56:00.117+0000] {logging_mixin.py:188} INFO - [2024-07-09T16:56:00.117+0000] {dag.py:3047} INFO - Sync 1 DAGs
[2024-07-09T16:56:00.139+0000] {logging_mixin.py:188} INFO - [2024-07-09T16:56:00.139+0000] {dag.py:3834} INFO - Setting next_dagrun for example_setup_teardown to 2024-07-08 00:00:00+00:00, run_after=2024-07-09 00:00:00+00:00
[2024-07-09T16:56:00.157+0000] {processor.py:183} INFO - Processing /home/airflow/.local/lib/python3.11/site-packages/airflow/example_dags/example_setup_teardown.py took 0.083 seconds
[2024-07-09T16:56:30.288+0000] {processor.py:161} INFO - Started process (PID=3058) to work on /home/airflow/.local/lib/python3.11/site-packages/airflow/example_dags/example_setup_teardown.py
[2024-07-09T16:56:30.289+0000] {processor.py:830} INFO - Processing file /home/airflow/.local/lib/python3.11/site-packages/airflow/example_dags/example_setup_teardown.py for tasks to queue
[2024-07-09T16:56:30.290+0000] {logging_mixin.py:188} INFO - [2024-07-09T16:56:30.290+0000] {dagbag.py:540} INFO - Filling up the DagBag from /home/airflow/.local/lib/python3.11/site-packages/airflow/example_dags/example_setup_teardown.py
[2024-07-09T16:56:30.301+0000] {processor.py:840} INFO - DAG(s) 'example_setup_teardown' retrieved from /home/airflow/.local/lib/python3.11/site-packages/airflow/example_dags/example_setup_teardown.py
[2024-07-09T16:56:30.330+0000] {logging_mixin.py:188} INFO - [2024-07-09T16:56:30.330+0000] {dag.py:3047} INFO - Sync 1 DAGs
[2024-07-09T16:56:30.356+0000] {logging_mixin.py:188} INFO - [2024-07-09T16:56:30.355+0000] {dag.py:3834} INFO - Setting next_dagrun for example_setup_teardown to 2024-07-08 00:00:00+00:00, run_after=2024-07-09 00:00:00+00:00
[2024-07-09T16:56:30.373+0000] {processor.py:183} INFO - Processing /home/airflow/.local/lib/python3.11/site-packages/airflow/example_dags/example_setup_teardown.py took 0.087 seconds
[2024-07-09T16:57:00.665+0000] {processor.py:161} INFO - Started process (PID=3320) to work on /home/airflow/.local/lib/python3.11/site-packages/airflow/example_dags/example_setup_teardown.py
[2024-07-09T16:57:00.667+0000] {processor.py:830} INFO - Processing file /home/airflow/.local/lib/python3.11/site-packages/airflow/example_dags/example_setup_teardown.py for tasks to queue
[2024-07-09T16:57:00.668+0000] {logging_mixin.py:188} INFO - [2024-07-09T16:57:00.668+0000] {dagbag.py:540} INFO - Filling up the DagBag from /home/airflow/.local/lib/python3.11/site-packages/airflow/example_dags/example_setup_teardown.py
[2024-07-09T16:57:00.675+0000] {processor.py:840} INFO - DAG(s) 'example_setup_teardown' retrieved from /home/airflow/.local/lib/python3.11/site-packages/airflow/example_dags/example_setup_teardown.py
[2024-07-09T16:57:00.697+0000] {logging_mixin.py:188} INFO - [2024-07-09T16:57:00.697+0000] {dag.py:3047} INFO - Sync 1 DAGs
[2024-07-09T16:57:00.717+0000] {logging_mixin.py:188} INFO - [2024-07-09T16:57:00.717+0000] {dag.py:3834} INFO - Setting next_dagrun for example_setup_teardown to 2024-07-08 00:00:00+00:00, run_after=2024-07-09 00:00:00+00:00
[2024-07-09T16:57:00.754+0000] {processor.py:183} INFO - Processing /home/airflow/.local/lib/python3.11/site-packages/airflow/example_dags/example_setup_teardown.py took 0.092 seconds
[2024-07-09T16:57:31.131+0000] {processor.py:161} INFO - Started process (PID=3582) to work on /home/airflow/.local/lib/python3.11/site-packages/airflow/example_dags/example_setup_teardown.py
[2024-07-09T16:57:31.133+0000] {processor.py:830} INFO - Processing file /home/airflow/.local/lib/python3.11/site-packages/airflow/example_dags/example_setup_teardown.py for tasks to queue
[2024-07-09T16:57:31.134+0000] {logging_mixin.py:188} INFO - [2024-07-09T16:57:31.133+0000] {dagbag.py:540} INFO - Filling up the DagBag from /home/airflow/.local/lib/python3.11/site-packages/airflow/example_dags/example_setup_teardown.py
[2024-07-09T16:57:31.152+0000] {processor.py:840} INFO - DAG(s) 'example_setup_teardown' retrieved from /home/airflow/.local/lib/python3.11/site-packages/airflow/example_dags/example_setup_teardown.py
[2024-07-09T16:57:31.187+0000] {logging_mixin.py:188} INFO - [2024-07-09T16:57:31.187+0000] {dag.py:3047} INFO - Sync 1 DAGs
[2024-07-09T16:57:31.219+0000] {logging_mixin.py:188} INFO - [2024-07-09T16:57:31.219+0000] {dag.py:3834} INFO - Setting next_dagrun for example_setup_teardown to 2024-07-08 00:00:00+00:00, run_after=2024-07-09 00:00:00+00:00
[2024-07-09T16:57:31.242+0000] {processor.py:183} INFO - Processing /home/airflow/.local/lib/python3.11/site-packages/airflow/example_dags/example_setup_teardown.py took 0.115 seconds
[2024-07-09T16:58:01.384+0000] {processor.py:161} INFO - Started process (PID=3844) to work on /home/airflow/.local/lib/python3.11/site-packages/airflow/example_dags/example_setup_teardown.py
[2024-07-09T16:58:01.386+0000] {processor.py:830} INFO - Processing file /home/airflow/.local/lib/python3.11/site-packages/airflow/example_dags/example_setup_teardown.py for tasks to queue
[2024-07-09T16:58:01.387+0000] {logging_mixin.py:188} INFO - [2024-07-09T16:58:01.386+0000] {dagbag.py:540} INFO - Filling up the DagBag from /home/airflow/.local/lib/python3.11/site-packages/airflow/example_dags/example_setup_teardown.py
[2024-07-09T16:58:01.394+0000] {processor.py:840} INFO - DAG(s) 'example_setup_teardown' retrieved from /home/airflow/.local/lib/python3.11/site-packages/airflow/example_dags/example_setup_teardown.py
[2024-07-09T16:58:01.421+0000] {logging_mixin.py:188} INFO - [2024-07-09T16:58:01.421+0000] {dag.py:3047} INFO - Sync 1 DAGs
[2024-07-09T16:58:01.439+0000] {logging_mixin.py:188} INFO - [2024-07-09T16:58:01.438+0000] {dag.py:3834} INFO - Setting next_dagrun for example_setup_teardown to 2024-07-08 00:00:00+00:00, run_after=2024-07-09 00:00:00+00:00
[2024-07-09T16:58:01.455+0000] {processor.py:183} INFO - Processing /home/airflow/.local/lib/python3.11/site-packages/airflow/example_dags/example_setup_teardown.py took 0.074 seconds
[2024-07-09T16:58:31.780+0000] {processor.py:161} INFO - Started process (PID=4106) to work on /home/airflow/.local/lib/python3.11/site-packages/airflow/example_dags/example_setup_teardown.py
[2024-07-09T16:58:31.782+0000] {processor.py:830} INFO - Processing file /home/airflow/.local/lib/python3.11/site-packages/airflow/example_dags/example_setup_teardown.py for tasks to queue
[2024-07-09T16:58:31.783+0000] {logging_mixin.py:188} INFO - [2024-07-09T16:58:31.782+0000] {dagbag.py:540} INFO - Filling up the DagBag from /home/airflow/.local/lib/python3.11/site-packages/airflow/example_dags/example_setup_teardown.py
[2024-07-09T16:58:31.789+0000] {processor.py:840} INFO - DAG(s) 'example_setup_teardown' retrieved from /home/airflow/.local/lib/python3.11/site-packages/airflow/example_dags/example_setup_teardown.py
[2024-07-09T16:58:31.812+0000] {logging_mixin.py:188} INFO - [2024-07-09T16:58:31.812+0000] {dag.py:3047} INFO - Sync 1 DAGs
[2024-07-09T16:58:31.831+0000] {logging_mixin.py:188} INFO - [2024-07-09T16:58:31.831+0000] {dag.py:3834} INFO - Setting next_dagrun for example_setup_teardown to 2024-07-08 00:00:00+00:00, run_after=2024-07-09 00:00:00+00:00
[2024-07-09T16:58:31.849+0000] {processor.py:183} INFO - Processing /home/airflow/.local/lib/python3.11/site-packages/airflow/example_dags/example_setup_teardown.py took 0.071 seconds
[2024-07-09T16:59:02.401+0000] {processor.py:161} INFO - Started process (PID=4368) to work on /home/airflow/.local/lib/python3.11/site-packages/airflow/example_dags/example_setup_teardown.py
[2024-07-09T16:59:02.403+0000] {processor.py:830} INFO - Processing file /home/airflow/.local/lib/python3.11/site-packages/airflow/example_dags/example_setup_teardown.py for tasks to queue
[2024-07-09T16:59:02.404+0000] {logging_mixin.py:188} INFO - [2024-07-09T16:59:02.404+0000] {dagbag.py:540} INFO - Filling up the DagBag from /home/airflow/.local/lib/python3.11/site-packages/airflow/example_dags/example_setup_teardown.py
[2024-07-09T16:59:02.413+0000] {processor.py:840} INFO - DAG(s) 'example_setup_teardown' retrieved from /home/airflow/.local/lib/python3.11/site-packages/airflow/example_dags/example_setup_teardown.py
[2024-07-09T16:59:02.442+0000] {logging_mixin.py:188} INFO - [2024-07-09T16:59:02.442+0000] {dag.py:3047} INFO - Sync 1 DAGs
[2024-07-09T16:59:02.467+0000] {logging_mixin.py:188} INFO - [2024-07-09T16:59:02.466+0000] {dag.py:3834} INFO - Setting next_dagrun for example_setup_teardown to 2024-07-08 00:00:00+00:00, run_after=2024-07-09 00:00:00+00:00
[2024-07-09T16:59:02.488+0000] {processor.py:183} INFO - Processing /home/airflow/.local/lib/python3.11/site-packages/airflow/example_dags/example_setup_teardown.py took 0.090 seconds
[2024-07-09T16:59:32.613+0000] {processor.py:161} INFO - Started process (PID=4630) to work on /home/airflow/.local/lib/python3.11/site-packages/airflow/example_dags/example_setup_teardown.py
[2024-07-09T16:59:32.615+0000] {processor.py:830} INFO - Processing file /home/airflow/.local/lib/python3.11/site-packages/airflow/example_dags/example_setup_teardown.py for tasks to queue
[2024-07-09T16:59:32.616+0000] {logging_mixin.py:188} INFO - [2024-07-09T16:59:32.615+0000] {dagbag.py:540} INFO - Filling up the DagBag from /home/airflow/.local/lib/python3.11/site-packages/airflow/example_dags/example_setup_teardown.py
[2024-07-09T16:59:32.623+0000] {processor.py:840} INFO - DAG(s) 'example_setup_teardown' retrieved from /home/airflow/.local/lib/python3.11/site-packages/airflow/example_dags/example_setup_teardown.py
[2024-07-09T16:59:32.644+0000] {logging_mixin.py:188} INFO - [2024-07-09T16:59:32.644+0000] {dag.py:3047} INFO - Sync 1 DAGs
[2024-07-09T16:59:32.663+0000] {logging_mixin.py:188} INFO - [2024-07-09T16:59:32.663+0000] {dag.py:3834} INFO - Setting next_dagrun for example_setup_teardown to 2024-07-08 00:00:00+00:00, run_after=2024-07-09 00:00:00+00:00
[2024-07-09T16:59:32.682+0000] {processor.py:183} INFO - Processing /home/airflow/.local/lib/python3.11/site-packages/airflow/example_dags/example_setup_teardown.py took 0.072 seconds
[2024-07-09T17:00:03.285+0000] {processor.py:161} INFO - Started process (PID=4892) to work on /home/airflow/.local/lib/python3.11/site-packages/airflow/example_dags/example_setup_teardown.py
[2024-07-09T17:00:03.286+0000] {processor.py:830} INFO - Processing file /home/airflow/.local/lib/python3.11/site-packages/airflow/example_dags/example_setup_teardown.py for tasks to queue
[2024-07-09T17:00:03.287+0000] {logging_mixin.py:188} INFO - [2024-07-09T17:00:03.287+0000] {dagbag.py:540} INFO - Filling up the DagBag from /home/airflow/.local/lib/python3.11/site-packages/airflow/example_dags/example_setup_teardown.py
[2024-07-09T17:00:03.293+0000] {processor.py:840} INFO - DAG(s) 'example_setup_teardown' retrieved from /home/airflow/.local/lib/python3.11/site-packages/airflow/example_dags/example_setup_teardown.py
[2024-07-09T17:00:03.315+0000] {logging_mixin.py:188} INFO - [2024-07-09T17:00:03.315+0000] {dag.py:3047} INFO - Sync 1 DAGs
[2024-07-09T17:00:03.335+0000] {logging_mixin.py:188} INFO - [2024-07-09T17:00:03.335+0000] {dag.py:3834} INFO - Setting next_dagrun for example_setup_teardown to 2024-07-08 00:00:00+00:00, run_after=2024-07-09 00:00:00+00:00
[2024-07-09T17:00:03.352+0000] {processor.py:183} INFO - Processing /home/airflow/.local/lib/python3.11/site-packages/airflow/example_dags/example_setup_teardown.py took 0.070 seconds
[2024-07-09T17:00:34.258+0000] {processor.py:161} INFO - Started process (PID=5154) to work on /home/airflow/.local/lib/python3.11/site-packages/airflow/example_dags/example_setup_teardown.py
[2024-07-09T17:00:34.259+0000] {processor.py:830} INFO - Processing file /home/airflow/.local/lib/python3.11/site-packages/airflow/example_dags/example_setup_teardown.py for tasks to queue
[2024-07-09T17:00:34.260+0000] {logging_mixin.py:188} INFO - [2024-07-09T17:00:34.260+0000] {dagbag.py:540} INFO - Filling up the DagBag from /home/airflow/.local/lib/python3.11/site-packages/airflow/example_dags/example_setup_teardown.py
[2024-07-09T17:00:34.268+0000] {processor.py:840} INFO - DAG(s) 'example_setup_teardown' retrieved from /home/airflow/.local/lib/python3.11/site-packages/airflow/example_dags/example_setup_teardown.py
[2024-07-09T17:00:34.288+0000] {logging_mixin.py:188} INFO - [2024-07-09T17:00:34.288+0000] {dag.py:3047} INFO - Sync 1 DAGs
[2024-07-09T17:00:34.306+0000] {logging_mixin.py:188} INFO - [2024-07-09T17:00:34.306+0000] {dag.py:3834} INFO - Setting next_dagrun for example_setup_teardown to 2024-07-08 00:00:00+00:00, run_after=2024-07-09 00:00:00+00:00
[2024-07-09T17:00:34.866+0000] {processor.py:183} INFO - Processing /home/airflow/.local/lib/python3.11/site-packages/airflow/example_dags/example_setup_teardown.py took 0.611 seconds
[2024-07-09T17:01:05.842+0000] {processor.py:161} INFO - Started process (PID=5416) to work on /home/airflow/.local/lib/python3.11/site-packages/airflow/example_dags/example_setup_teardown.py
[2024-07-09T17:01:05.844+0000] {processor.py:830} INFO - Processing file /home/airflow/.local/lib/python3.11/site-packages/airflow/example_dags/example_setup_teardown.py for tasks to queue
[2024-07-09T17:01:05.847+0000] {logging_mixin.py:188} INFO - [2024-07-09T17:01:05.846+0000] {dagbag.py:540} INFO - Filling up the DagBag from /home/airflow/.local/lib/python3.11/site-packages/airflow/example_dags/example_setup_teardown.py
[2024-07-09T17:01:05.862+0000] {processor.py:840} INFO - DAG(s) 'example_setup_teardown' retrieved from /home/airflow/.local/lib/python3.11/site-packages/airflow/example_dags/example_setup_teardown.py
[2024-07-09T17:01:05.910+0000] {logging_mixin.py:188} INFO - [2024-07-09T17:01:05.910+0000] {dag.py:3047} INFO - Sync 1 DAGs
[2024-07-09T17:01:05.949+0000] {logging_mixin.py:188} INFO - [2024-07-09T17:01:05.948+0000] {dag.py:3834} INFO - Setting next_dagrun for example_setup_teardown to 2024-07-08 00:00:00+00:00, run_after=2024-07-09 00:00:00+00:00
[2024-07-09T17:01:05.975+0000] {processor.py:183} INFO - Processing /home/airflow/.local/lib/python3.11/site-packages/airflow/example_dags/example_setup_teardown.py took 0.138 seconds
[2024-07-09T17:01:36.037+0000] {processor.py:161} INFO - Started process (PID=5675) to work on /home/airflow/.local/lib/python3.11/site-packages/airflow/example_dags/example_setup_teardown.py
[2024-07-09T17:01:36.038+0000] {processor.py:830} INFO - Processing file /home/airflow/.local/lib/python3.11/site-packages/airflow/example_dags/example_setup_teardown.py for tasks to queue
[2024-07-09T17:01:36.039+0000] {logging_mixin.py:188} INFO - [2024-07-09T17:01:36.038+0000] {dagbag.py:540} INFO - Filling up the DagBag from /home/airflow/.local/lib/python3.11/site-packages/airflow/example_dags/example_setup_teardown.py
[2024-07-09T17:01:36.046+0000] {processor.py:840} INFO - DAG(s) 'example_setup_teardown' retrieved from /home/airflow/.local/lib/python3.11/site-packages/airflow/example_dags/example_setup_teardown.py
[2024-07-09T17:01:36.069+0000] {logging_mixin.py:188} INFO - [2024-07-09T17:01:36.069+0000] {dag.py:3047} INFO - Sync 1 DAGs
[2024-07-09T17:01:36.091+0000] {logging_mixin.py:188} INFO - [2024-07-09T17:01:36.090+0000] {dag.py:3834} INFO - Setting next_dagrun for example_setup_teardown to 2024-07-08 00:00:00+00:00, run_after=2024-07-09 00:00:00+00:00
[2024-07-09T17:01:36.127+0000] {processor.py:183} INFO - Processing /home/airflow/.local/lib/python3.11/site-packages/airflow/example_dags/example_setup_teardown.py took 0.093 seconds
[2024-07-09T17:02:06.199+0000] {processor.py:161} INFO - Started process (PID=5940) to work on /home/airflow/.local/lib/python3.11/site-packages/airflow/example_dags/example_setup_teardown.py
[2024-07-09T17:02:06.200+0000] {processor.py:830} INFO - Processing file /home/airflow/.local/lib/python3.11/site-packages/airflow/example_dags/example_setup_teardown.py for tasks to queue
[2024-07-09T17:02:06.200+0000] {logging_mixin.py:188} INFO - [2024-07-09T17:02:06.200+0000] {dagbag.py:540} INFO - Filling up the DagBag from /home/airflow/.local/lib/python3.11/site-packages/airflow/example_dags/example_setup_teardown.py
[2024-07-09T17:02:06.207+0000] {processor.py:840} INFO - DAG(s) 'example_setup_teardown' retrieved from /home/airflow/.local/lib/python3.11/site-packages/airflow/example_dags/example_setup_teardown.py
[2024-07-09T17:02:06.231+0000] {logging_mixin.py:188} INFO - [2024-07-09T17:02:06.231+0000] {dag.py:3047} INFO - Sync 1 DAGs
[2024-07-09T17:02:06.252+0000] {logging_mixin.py:188} INFO - [2024-07-09T17:02:06.252+0000] {dag.py:3834} INFO - Setting next_dagrun for example_setup_teardown to 2024-07-08 00:00:00+00:00, run_after=2024-07-09 00:00:00+00:00
[2024-07-09T17:02:06.268+0000] {processor.py:183} INFO - Processing /home/airflow/.local/lib/python3.11/site-packages/airflow/example_dags/example_setup_teardown.py took 0.072 seconds
[2024-07-09T17:02:37.025+0000] {processor.py:161} INFO - Started process (PID=6202) to work on /home/airflow/.local/lib/python3.11/site-packages/airflow/example_dags/example_setup_teardown.py
[2024-07-09T17:02:37.026+0000] {processor.py:830} INFO - Processing file /home/airflow/.local/lib/python3.11/site-packages/airflow/example_dags/example_setup_teardown.py for tasks to queue
[2024-07-09T17:02:37.027+0000] {logging_mixin.py:188} INFO - [2024-07-09T17:02:37.027+0000] {dagbag.py:540} INFO - Filling up the DagBag from /home/airflow/.local/lib/python3.11/site-packages/airflow/example_dags/example_setup_teardown.py
[2024-07-09T17:02:37.035+0000] {processor.py:840} INFO - DAG(s) 'example_setup_teardown' retrieved from /home/airflow/.local/lib/python3.11/site-packages/airflow/example_dags/example_setup_teardown.py
[2024-07-09T17:02:37.063+0000] {logging_mixin.py:188} INFO - [2024-07-09T17:02:37.062+0000] {dag.py:3047} INFO - Sync 1 DAGs
[2024-07-09T17:02:37.105+0000] {logging_mixin.py:188} INFO - [2024-07-09T17:02:37.104+0000] {dag.py:3834} INFO - Setting next_dagrun for example_setup_teardown to 2024-07-08 00:00:00+00:00, run_after=2024-07-09 00:00:00+00:00
[2024-07-09T17:02:37.132+0000] {processor.py:183} INFO - Processing /home/airflow/.local/lib/python3.11/site-packages/airflow/example_dags/example_setup_teardown.py took 0.110 seconds
[2024-07-09T17:03:07.355+0000] {processor.py:161} INFO - Started process (PID=6464) to work on /home/airflow/.local/lib/python3.11/site-packages/airflow/example_dags/example_setup_teardown.py
[2024-07-09T17:03:07.356+0000] {processor.py:830} INFO - Processing file /home/airflow/.local/lib/python3.11/site-packages/airflow/example_dags/example_setup_teardown.py for tasks to queue
[2024-07-09T17:03:07.357+0000] {logging_mixin.py:188} INFO - [2024-07-09T17:03:07.357+0000] {dagbag.py:540} INFO - Filling up the DagBag from /home/airflow/.local/lib/python3.11/site-packages/airflow/example_dags/example_setup_teardown.py
[2024-07-09T17:03:07.364+0000] {processor.py:840} INFO - DAG(s) 'example_setup_teardown' retrieved from /home/airflow/.local/lib/python3.11/site-packages/airflow/example_dags/example_setup_teardown.py
[2024-07-09T17:03:07.390+0000] {logging_mixin.py:188} INFO - [2024-07-09T17:03:07.390+0000] {dag.py:3047} INFO - Sync 1 DAGs
[2024-07-09T17:03:07.412+0000] {logging_mixin.py:188} INFO - [2024-07-09T17:03:07.412+0000] {dag.py:3834} INFO - Setting next_dagrun for example_setup_teardown to 2024-07-08 00:00:00+00:00, run_after=2024-07-09 00:00:00+00:00
[2024-07-09T17:03:07.430+0000] {processor.py:183} INFO - Processing /home/airflow/.local/lib/python3.11/site-packages/airflow/example_dags/example_setup_teardown.py took 0.078 seconds
[2024-07-09T17:03:38.280+0000] {processor.py:161} INFO - Started process (PID=6726) to work on /home/airflow/.local/lib/python3.11/site-packages/airflow/example_dags/example_setup_teardown.py
[2024-07-09T17:03:38.281+0000] {processor.py:830} INFO - Processing file /home/airflow/.local/lib/python3.11/site-packages/airflow/example_dags/example_setup_teardown.py for tasks to queue
[2024-07-09T17:03:38.282+0000] {logging_mixin.py:188} INFO - [2024-07-09T17:03:38.282+0000] {dagbag.py:540} INFO - Filling up the DagBag from /home/airflow/.local/lib/python3.11/site-packages/airflow/example_dags/example_setup_teardown.py
[2024-07-09T17:03:38.290+0000] {processor.py:840} INFO - DAG(s) 'example_setup_teardown' retrieved from /home/airflow/.local/lib/python3.11/site-packages/airflow/example_dags/example_setup_teardown.py
[2024-07-09T17:03:38.312+0000] {logging_mixin.py:188} INFO - [2024-07-09T17:03:38.311+0000] {dag.py:3047} INFO - Sync 1 DAGs
[2024-07-09T17:03:38.330+0000] {logging_mixin.py:188} INFO - [2024-07-09T17:03:38.330+0000] {dag.py:3834} INFO - Setting next_dagrun for example_setup_teardown to 2024-07-08 00:00:00+00:00, run_after=2024-07-09 00:00:00+00:00
[2024-07-09T17:03:38.348+0000] {processor.py:183} INFO - Processing /home/airflow/.local/lib/python3.11/site-packages/airflow/example_dags/example_setup_teardown.py took 0.071 seconds
[2024-07-09T17:04:08.927+0000] {processor.py:161} INFO - Started process (PID=6988) to work on /home/airflow/.local/lib/python3.11/site-packages/airflow/example_dags/example_setup_teardown.py
[2024-07-09T17:04:08.929+0000] {processor.py:830} INFO - Processing file /home/airflow/.local/lib/python3.11/site-packages/airflow/example_dags/example_setup_teardown.py for tasks to queue
[2024-07-09T17:04:08.930+0000] {logging_mixin.py:188} INFO - [2024-07-09T17:04:08.930+0000] {dagbag.py:540} INFO - Filling up the DagBag from /home/airflow/.local/lib/python3.11/site-packages/airflow/example_dags/example_setup_teardown.py
[2024-07-09T17:04:08.942+0000] {processor.py:840} INFO - DAG(s) 'example_setup_teardown' retrieved from /home/airflow/.local/lib/python3.11/site-packages/airflow/example_dags/example_setup_teardown.py
[2024-07-09T17:04:08.975+0000] {logging_mixin.py:188} INFO - [2024-07-09T17:04:08.975+0000] {dag.py:3047} INFO - Sync 1 DAGs
[2024-07-09T17:04:08.995+0000] {logging_mixin.py:188} INFO - [2024-07-09T17:04:08.995+0000] {dag.py:3834} INFO - Setting next_dagrun for example_setup_teardown to 2024-07-08 00:00:00+00:00, run_after=2024-07-09 00:00:00+00:00
[2024-07-09T17:04:09.032+0000] {processor.py:183} INFO - Processing /home/airflow/.local/lib/python3.11/site-packages/airflow/example_dags/example_setup_teardown.py took 0.110 seconds
[2024-07-09T17:04:39.279+0000] {processor.py:161} INFO - Started process (PID=7250) to work on /home/airflow/.local/lib/python3.11/site-packages/airflow/example_dags/example_setup_teardown.py
[2024-07-09T17:04:39.281+0000] {processor.py:830} INFO - Processing file /home/airflow/.local/lib/python3.11/site-packages/airflow/example_dags/example_setup_teardown.py for tasks to queue
[2024-07-09T17:04:39.282+0000] {logging_mixin.py:188} INFO - [2024-07-09T17:04:39.282+0000] {dagbag.py:540} INFO - Filling up the DagBag from /home/airflow/.local/lib/python3.11/site-packages/airflow/example_dags/example_setup_teardown.py
[2024-07-09T17:04:39.288+0000] {processor.py:840} INFO - DAG(s) 'example_setup_teardown' retrieved from /home/airflow/.local/lib/python3.11/site-packages/airflow/example_dags/example_setup_teardown.py
[2024-07-09T17:04:39.314+0000] {logging_mixin.py:188} INFO - [2024-07-09T17:04:39.314+0000] {dag.py:3047} INFO - Sync 1 DAGs
[2024-07-09T17:04:39.335+0000] {logging_mixin.py:188} INFO - [2024-07-09T17:04:39.335+0000] {dag.py:3834} INFO - Setting next_dagrun for example_setup_teardown to 2024-07-08 00:00:00+00:00, run_after=2024-07-09 00:00:00+00:00
[2024-07-09T17:04:39.374+0000] {processor.py:183} INFO - Processing /home/airflow/.local/lib/python3.11/site-packages/airflow/example_dags/example_setup_teardown.py took 0.098 seconds
[2024-07-09T17:05:09.740+0000] {processor.py:161} INFO - Started process (PID=7546) to work on /home/airflow/.local/lib/python3.11/site-packages/airflow/example_dags/example_setup_teardown.py
[2024-07-09T17:05:09.742+0000] {processor.py:830} INFO - Processing file /home/airflow/.local/lib/python3.11/site-packages/airflow/example_dags/example_setup_teardown.py for tasks to queue
[2024-07-09T17:05:09.743+0000] {logging_mixin.py:188} INFO - [2024-07-09T17:05:09.742+0000] {dagbag.py:540} INFO - Filling up the DagBag from /home/airflow/.local/lib/python3.11/site-packages/airflow/example_dags/example_setup_teardown.py
[2024-07-09T17:05:09.751+0000] {processor.py:840} INFO - DAG(s) 'example_setup_teardown' retrieved from /home/airflow/.local/lib/python3.11/site-packages/airflow/example_dags/example_setup_teardown.py
[2024-07-09T17:05:09.775+0000] {logging_mixin.py:188} INFO - [2024-07-09T17:05:09.775+0000] {dag.py:3047} INFO - Sync 1 DAGs
[2024-07-09T17:05:09.794+0000] {logging_mixin.py:188} INFO - [2024-07-09T17:05:09.794+0000] {dag.py:3834} INFO - Setting next_dagrun for example_setup_teardown to 2024-07-08 00:00:00+00:00, run_after=2024-07-09 00:00:00+00:00
[2024-07-09T17:05:09.817+0000] {processor.py:183} INFO - Processing /home/airflow/.local/lib/python3.11/site-packages/airflow/example_dags/example_setup_teardown.py took 0.080 seconds
[2024-07-09T17:05:40.464+0000] {processor.py:161} INFO - Started process (PID=7808) to work on /home/airflow/.local/lib/python3.11/site-packages/airflow/example_dags/example_setup_teardown.py
[2024-07-09T17:05:40.465+0000] {processor.py:830} INFO - Processing file /home/airflow/.local/lib/python3.11/site-packages/airflow/example_dags/example_setup_teardown.py for tasks to queue
[2024-07-09T17:05:40.466+0000] {logging_mixin.py:188} INFO - [2024-07-09T17:05:40.466+0000] {dagbag.py:540} INFO - Filling up the DagBag from /home/airflow/.local/lib/python3.11/site-packages/airflow/example_dags/example_setup_teardown.py
[2024-07-09T17:05:40.474+0000] {processor.py:840} INFO - DAG(s) 'example_setup_teardown' retrieved from /home/airflow/.local/lib/python3.11/site-packages/airflow/example_dags/example_setup_teardown.py
[2024-07-09T17:05:40.499+0000] {logging_mixin.py:188} INFO - [2024-07-09T17:05:40.498+0000] {dag.py:3047} INFO - Sync 1 DAGs
[2024-07-09T17:05:40.517+0000] {logging_mixin.py:188} INFO - [2024-07-09T17:05:40.517+0000] {dag.py:3834} INFO - Setting next_dagrun for example_setup_teardown to 2024-07-08 00:00:00+00:00, run_after=2024-07-09 00:00:00+00:00
[2024-07-09T17:05:40.535+0000] {processor.py:183} INFO - Processing /home/airflow/.local/lib/python3.11/site-packages/airflow/example_dags/example_setup_teardown.py took 0.075 seconds
[2024-07-09T17:06:11.264+0000] {processor.py:161} INFO - Started process (PID=8070) to work on /home/airflow/.local/lib/python3.11/site-packages/airflow/example_dags/example_setup_teardown.py
[2024-07-09T17:06:11.266+0000] {processor.py:830} INFO - Processing file /home/airflow/.local/lib/python3.11/site-packages/airflow/example_dags/example_setup_teardown.py for tasks to queue
[2024-07-09T17:06:11.267+0000] {logging_mixin.py:188} INFO - [2024-07-09T17:06:11.267+0000] {dagbag.py:540} INFO - Filling up the DagBag from /home/airflow/.local/lib/python3.11/site-packages/airflow/example_dags/example_setup_teardown.py
[2024-07-09T17:06:11.278+0000] {processor.py:840} INFO - DAG(s) 'example_setup_teardown' retrieved from /home/airflow/.local/lib/python3.11/site-packages/airflow/example_dags/example_setup_teardown.py
[2024-07-09T17:06:11.301+0000] {logging_mixin.py:188} INFO - [2024-07-09T17:06:11.301+0000] {dag.py:3047} INFO - Sync 1 DAGs
[2024-07-09T17:06:11.323+0000] {logging_mixin.py:188} INFO - [2024-07-09T17:06:11.323+0000] {dag.py:3834} INFO - Setting next_dagrun for example_setup_teardown to 2024-07-08 00:00:00+00:00, run_after=2024-07-09 00:00:00+00:00
[2024-07-09T17:06:11.355+0000] {processor.py:183} INFO - Processing /home/airflow/.local/lib/python3.11/site-packages/airflow/example_dags/example_setup_teardown.py took 0.094 seconds
[2024-07-09T17:06:41.556+0000] {processor.py:161} INFO - Started process (PID=8332) to work on /home/airflow/.local/lib/python3.11/site-packages/airflow/example_dags/example_setup_teardown.py
[2024-07-09T17:06:41.557+0000] {processor.py:830} INFO - Processing file /home/airflow/.local/lib/python3.11/site-packages/airflow/example_dags/example_setup_teardown.py for tasks to queue
[2024-07-09T17:06:41.558+0000] {logging_mixin.py:188} INFO - [2024-07-09T17:06:41.557+0000] {dagbag.py:540} INFO - Filling up the DagBag from /home/airflow/.local/lib/python3.11/site-packages/airflow/example_dags/example_setup_teardown.py
[2024-07-09T17:06:41.566+0000] {processor.py:840} INFO - DAG(s) 'example_setup_teardown' retrieved from /home/airflow/.local/lib/python3.11/site-packages/airflow/example_dags/example_setup_teardown.py
[2024-07-09T17:06:41.591+0000] {logging_mixin.py:188} INFO - [2024-07-09T17:06:41.591+0000] {dag.py:3047} INFO - Sync 1 DAGs
[2024-07-09T17:06:41.617+0000] {logging_mixin.py:188} INFO - [2024-07-09T17:06:41.617+0000] {dag.py:3834} INFO - Setting next_dagrun for example_setup_teardown to 2024-07-08 00:00:00+00:00, run_after=2024-07-09 00:00:00+00:00
[2024-07-09T17:06:41.659+0000] {processor.py:183} INFO - Processing /home/airflow/.local/lib/python3.11/site-packages/airflow/example_dags/example_setup_teardown.py took 0.106 seconds
