[2024-07-09T16:50:59.588+0000] {processor.py:161} INFO - Started process (PID=250) to work on /home/airflow/.local/lib/python3.11/site-packages/airflow/example_dags/example_local_kubernetes_executor.py
[2024-07-09T16:50:59.592+0000] {processor.py:830} INFO - Processing file /home/airflow/.local/lib/python3.11/site-packages/airflow/example_dags/example_local_kubernetes_executor.py for tasks to queue
[2024-07-09T16:50:59.594+0000] {logging_mixin.py:188} INFO - [2024-07-09T16:50:59.593+0000] {dagbag.py:540} INFO - Filling up the DagBag from /home/airflow/.local/lib/python3.11/site-packages/airflow/example_dags/example_local_kubernetes_executor.py
[2024-07-09T16:50:59.625+0000] {processor.py:840} INFO - DAG(s) 'example_local_kubernetes_executor' retrieved from /home/airflow/.local/lib/python3.11/site-packages/airflow/example_dags/example_local_kubernetes_executor.py
[2024-07-09T16:50:59.935+0000] {logging_mixin.py:188} INFO - [2024-07-09T16:50:59.934+0000] {override.py:1769} INFO - Created Permission View: can delete on DAG:example_local_kubernetes_executor
[2024-07-09T16:50:59.950+0000] {logging_mixin.py:188} INFO - [2024-07-09T16:50:59.949+0000] {override.py:1769} INFO - Created Permission View: can edit on DAG:example_local_kubernetes_executor
[2024-07-09T16:50:59.959+0000] {logging_mixin.py:188} INFO - [2024-07-09T16:50:59.958+0000] {override.py:1769} INFO - Created Permission View: can read on DAG:example_local_kubernetes_executor
[2024-07-09T16:50:59.960+0000] {logging_mixin.py:188} INFO - [2024-07-09T16:50:59.959+0000] {dag.py:3047} INFO - Sync 1 DAGs
[2024-07-09T16:50:59.974+0000] {logging_mixin.py:188} INFO - [2024-07-09T16:50:59.974+0000] {dag.py:3069} INFO - Creating ORM DAG for example_local_kubernetes_executor
[2024-07-09T16:50:59.976+0000] {logging_mixin.py:188} INFO - [2024-07-09T16:50:59.976+0000] {dag.py:3834} INFO - Setting next_dagrun for example_local_kubernetes_executor to None, run_after=None
[2024-07-09T16:51:00.007+0000] {processor.py:183} INFO - Processing /home/airflow/.local/lib/python3.11/site-packages/airflow/example_dags/example_local_kubernetes_executor.py took 0.425 seconds
[2024-07-09T16:51:30.973+0000] {processor.py:161} INFO - Started process (PID=519) to work on /home/airflow/.local/lib/python3.11/site-packages/airflow/example_dags/example_local_kubernetes_executor.py
[2024-07-09T16:51:30.975+0000] {processor.py:830} INFO - Processing file /home/airflow/.local/lib/python3.11/site-packages/airflow/example_dags/example_local_kubernetes_executor.py for tasks to queue
[2024-07-09T16:51:30.976+0000] {logging_mixin.py:188} INFO - [2024-07-09T16:51:30.976+0000] {dagbag.py:540} INFO - Filling up the DagBag from /home/airflow/.local/lib/python3.11/site-packages/airflow/example_dags/example_local_kubernetes_executor.py
[2024-07-09T16:51:30.982+0000] {processor.py:840} INFO - DAG(s) 'example_local_kubernetes_executor' retrieved from /home/airflow/.local/lib/python3.11/site-packages/airflow/example_dags/example_local_kubernetes_executor.py
[2024-07-09T16:51:31.016+0000] {logging_mixin.py:188} INFO - [2024-07-09T16:51:31.016+0000] {dag.py:3047} INFO - Sync 1 DAGs
[2024-07-09T16:51:31.026+0000] {logging_mixin.py:188} INFO - [2024-07-09T16:51:31.026+0000] {dag.py:3834} INFO - Setting next_dagrun for example_local_kubernetes_executor to None, run_after=None
[2024-07-09T16:51:31.042+0000] {processor.py:183} INFO - Processing /home/airflow/.local/lib/python3.11/site-packages/airflow/example_dags/example_local_kubernetes_executor.py took 0.072 seconds
[2024-07-09T16:52:01.148+0000] {processor.py:161} INFO - Started process (PID=781) to work on /home/airflow/.local/lib/python3.11/site-packages/airflow/example_dags/example_local_kubernetes_executor.py
[2024-07-09T16:52:01.149+0000] {processor.py:830} INFO - Processing file /home/airflow/.local/lib/python3.11/site-packages/airflow/example_dags/example_local_kubernetes_executor.py for tasks to queue
[2024-07-09T16:52:01.150+0000] {logging_mixin.py:188} INFO - [2024-07-09T16:52:01.150+0000] {dagbag.py:540} INFO - Filling up the DagBag from /home/airflow/.local/lib/python3.11/site-packages/airflow/example_dags/example_local_kubernetes_executor.py
[2024-07-09T16:52:01.157+0000] {processor.py:840} INFO - DAG(s) 'example_local_kubernetes_executor' retrieved from /home/airflow/.local/lib/python3.11/site-packages/airflow/example_dags/example_local_kubernetes_executor.py
[2024-07-09T16:52:01.192+0000] {logging_mixin.py:188} INFO - [2024-07-09T16:52:01.191+0000] {dag.py:3047} INFO - Sync 1 DAGs
[2024-07-09T16:52:01.206+0000] {logging_mixin.py:188} INFO - [2024-07-09T16:52:01.205+0000] {dag.py:3834} INFO - Setting next_dagrun for example_local_kubernetes_executor to None, run_after=None
[2024-07-09T16:52:01.226+0000] {processor.py:183} INFO - Processing /home/airflow/.local/lib/python3.11/site-packages/airflow/example_dags/example_local_kubernetes_executor.py took 0.082 seconds
[2024-07-09T16:52:31.599+0000] {processor.py:161} INFO - Started process (PID=1043) to work on /home/airflow/.local/lib/python3.11/site-packages/airflow/example_dags/example_local_kubernetes_executor.py
[2024-07-09T16:52:31.600+0000] {processor.py:830} INFO - Processing file /home/airflow/.local/lib/python3.11/site-packages/airflow/example_dags/example_local_kubernetes_executor.py for tasks to queue
[2024-07-09T16:52:31.601+0000] {logging_mixin.py:188} INFO - [2024-07-09T16:52:31.601+0000] {dagbag.py:540} INFO - Filling up the DagBag from /home/airflow/.local/lib/python3.11/site-packages/airflow/example_dags/example_local_kubernetes_executor.py
[2024-07-09T16:52:31.608+0000] {processor.py:840} INFO - DAG(s) 'example_local_kubernetes_executor' retrieved from /home/airflow/.local/lib/python3.11/site-packages/airflow/example_dags/example_local_kubernetes_executor.py
[2024-07-09T16:52:31.659+0000] {logging_mixin.py:188} INFO - [2024-07-09T16:52:31.659+0000] {dag.py:3047} INFO - Sync 1 DAGs
[2024-07-09T16:52:31.678+0000] {logging_mixin.py:188} INFO - [2024-07-09T16:52:31.678+0000] {dag.py:3834} INFO - Setting next_dagrun for example_local_kubernetes_executor to None, run_after=None
[2024-07-09T16:52:31.703+0000] {processor.py:183} INFO - Processing /home/airflow/.local/lib/python3.11/site-packages/airflow/example_dags/example_local_kubernetes_executor.py took 0.107 seconds
[2024-07-09T16:53:02.557+0000] {processor.py:161} INFO - Started process (PID=1305) to work on /home/airflow/.local/lib/python3.11/site-packages/airflow/example_dags/example_local_kubernetes_executor.py
[2024-07-09T16:53:02.559+0000] {processor.py:830} INFO - Processing file /home/airflow/.local/lib/python3.11/site-packages/airflow/example_dags/example_local_kubernetes_executor.py for tasks to queue
[2024-07-09T16:53:02.560+0000] {logging_mixin.py:188} INFO - [2024-07-09T16:53:02.559+0000] {dagbag.py:540} INFO - Filling up the DagBag from /home/airflow/.local/lib/python3.11/site-packages/airflow/example_dags/example_local_kubernetes_executor.py
[2024-07-09T16:53:02.567+0000] {processor.py:840} INFO - DAG(s) 'example_local_kubernetes_executor' retrieved from /home/airflow/.local/lib/python3.11/site-packages/airflow/example_dags/example_local_kubernetes_executor.py
[2024-07-09T16:53:02.740+0000] {logging_mixin.py:188} INFO - [2024-07-09T16:53:02.740+0000] {dag.py:3047} INFO - Sync 1 DAGs
[2024-07-09T16:53:02.752+0000] {logging_mixin.py:188} INFO - [2024-07-09T16:53:02.752+0000] {dag.py:3834} INFO - Setting next_dagrun for example_local_kubernetes_executor to None, run_after=None
[2024-07-09T16:53:02.774+0000] {processor.py:183} INFO - Processing /home/airflow/.local/lib/python3.11/site-packages/airflow/example_dags/example_local_kubernetes_executor.py took 0.220 seconds
[2024-07-09T16:53:32.821+0000] {processor.py:161} INFO - Started process (PID=1567) to work on /home/airflow/.local/lib/python3.11/site-packages/airflow/example_dags/example_local_kubernetes_executor.py
[2024-07-09T16:53:32.822+0000] {processor.py:830} INFO - Processing file /home/airflow/.local/lib/python3.11/site-packages/airflow/example_dags/example_local_kubernetes_executor.py for tasks to queue
[2024-07-09T16:53:32.824+0000] {logging_mixin.py:188} INFO - [2024-07-09T16:53:32.823+0000] {dagbag.py:540} INFO - Filling up the DagBag from /home/airflow/.local/lib/python3.11/site-packages/airflow/example_dags/example_local_kubernetes_executor.py
[2024-07-09T16:53:32.830+0000] {processor.py:840} INFO - DAG(s) 'example_local_kubernetes_executor' retrieved from /home/airflow/.local/lib/python3.11/site-packages/airflow/example_dags/example_local_kubernetes_executor.py
[2024-07-09T16:53:32.870+0000] {logging_mixin.py:188} INFO - [2024-07-09T16:53:32.869+0000] {dag.py:3047} INFO - Sync 1 DAGs
[2024-07-09T16:53:32.883+0000] {logging_mixin.py:188} INFO - [2024-07-09T16:53:32.882+0000] {dag.py:3834} INFO - Setting next_dagrun for example_local_kubernetes_executor to None, run_after=None
[2024-07-09T16:53:32.902+0000] {processor.py:183} INFO - Processing /home/airflow/.local/lib/python3.11/site-packages/airflow/example_dags/example_local_kubernetes_executor.py took 0.085 seconds
[2024-07-09T16:54:03.464+0000] {processor.py:161} INFO - Started process (PID=1829) to work on /home/airflow/.local/lib/python3.11/site-packages/airflow/example_dags/example_local_kubernetes_executor.py
[2024-07-09T16:54:03.466+0000] {processor.py:830} INFO - Processing file /home/airflow/.local/lib/python3.11/site-packages/airflow/example_dags/example_local_kubernetes_executor.py for tasks to queue
[2024-07-09T16:54:03.468+0000] {logging_mixin.py:188} INFO - [2024-07-09T16:54:03.467+0000] {dagbag.py:540} INFO - Filling up the DagBag from /home/airflow/.local/lib/python3.11/site-packages/airflow/example_dags/example_local_kubernetes_executor.py
[2024-07-09T16:54:03.479+0000] {processor.py:840} INFO - DAG(s) 'example_local_kubernetes_executor' retrieved from /home/airflow/.local/lib/python3.11/site-packages/airflow/example_dags/example_local_kubernetes_executor.py
[2024-07-09T16:54:03.519+0000] {logging_mixin.py:188} INFO - [2024-07-09T16:54:03.519+0000] {dag.py:3047} INFO - Sync 1 DAGs
[2024-07-09T16:54:03.529+0000] {logging_mixin.py:188} INFO - [2024-07-09T16:54:03.529+0000] {dag.py:3834} INFO - Setting next_dagrun for example_local_kubernetes_executor to None, run_after=None
[2024-07-09T16:54:03.605+0000] {processor.py:183} INFO - Processing /home/airflow/.local/lib/python3.11/site-packages/airflow/example_dags/example_local_kubernetes_executor.py took 0.146 seconds
[2024-07-09T16:54:34.026+0000] {processor.py:161} INFO - Started process (PID=2080) to work on /home/airflow/.local/lib/python3.11/site-packages/airflow/example_dags/example_local_kubernetes_executor.py
[2024-07-09T16:54:34.028+0000] {processor.py:830} INFO - Processing file /home/airflow/.local/lib/python3.11/site-packages/airflow/example_dags/example_local_kubernetes_executor.py for tasks to queue
[2024-07-09T16:54:34.029+0000] {logging_mixin.py:188} INFO - [2024-07-09T16:54:34.029+0000] {dagbag.py:540} INFO - Filling up the DagBag from /home/airflow/.local/lib/python3.11/site-packages/airflow/example_dags/example_local_kubernetes_executor.py
[2024-07-09T16:54:34.039+0000] {processor.py:840} INFO - DAG(s) 'example_local_kubernetes_executor' retrieved from /home/airflow/.local/lib/python3.11/site-packages/airflow/example_dags/example_local_kubernetes_executor.py
[2024-07-09T16:54:34.079+0000] {logging_mixin.py:188} INFO - [2024-07-09T16:54:34.079+0000] {dag.py:3047} INFO - Sync 1 DAGs
[2024-07-09T16:54:34.092+0000] {logging_mixin.py:188} INFO - [2024-07-09T16:54:34.091+0000] {dag.py:3834} INFO - Setting next_dagrun for example_local_kubernetes_executor to None, run_after=None
[2024-07-09T16:54:34.111+0000] {processor.py:183} INFO - Processing /home/airflow/.local/lib/python3.11/site-packages/airflow/example_dags/example_local_kubernetes_executor.py took 0.088 seconds
[2024-07-09T16:55:04.187+0000] {processor.py:161} INFO - Started process (PID=2339) to work on /home/airflow/.local/lib/python3.11/site-packages/airflow/example_dags/example_local_kubernetes_executor.py
[2024-07-09T16:55:04.188+0000] {processor.py:830} INFO - Processing file /home/airflow/.local/lib/python3.11/site-packages/airflow/example_dags/example_local_kubernetes_executor.py for tasks to queue
[2024-07-09T16:55:04.189+0000] {logging_mixin.py:188} INFO - [2024-07-09T16:55:04.189+0000] {dagbag.py:540} INFO - Filling up the DagBag from /home/airflow/.local/lib/python3.11/site-packages/airflow/example_dags/example_local_kubernetes_executor.py
[2024-07-09T16:55:04.195+0000] {processor.py:840} INFO - DAG(s) 'example_local_kubernetes_executor' retrieved from /home/airflow/.local/lib/python3.11/site-packages/airflow/example_dags/example_local_kubernetes_executor.py
[2024-07-09T16:55:04.224+0000] {logging_mixin.py:188} INFO - [2024-07-09T16:55:04.223+0000] {dag.py:3047} INFO - Sync 1 DAGs
[2024-07-09T16:55:04.233+0000] {logging_mixin.py:188} INFO - [2024-07-09T16:55:04.233+0000] {dag.py:3834} INFO - Setting next_dagrun for example_local_kubernetes_executor to None, run_after=None
[2024-07-09T16:55:04.249+0000] {processor.py:183} INFO - Processing /home/airflow/.local/lib/python3.11/site-packages/airflow/example_dags/example_local_kubernetes_executor.py took 0.064 seconds
[2024-07-09T16:55:34.761+0000] {processor.py:161} INFO - Started process (PID=2601) to work on /home/airflow/.local/lib/python3.11/site-packages/airflow/example_dags/example_local_kubernetes_executor.py
[2024-07-09T16:55:34.762+0000] {processor.py:830} INFO - Processing file /home/airflow/.local/lib/python3.11/site-packages/airflow/example_dags/example_local_kubernetes_executor.py for tasks to queue
[2024-07-09T16:55:34.763+0000] {logging_mixin.py:188} INFO - [2024-07-09T16:55:34.763+0000] {dagbag.py:540} INFO - Filling up the DagBag from /home/airflow/.local/lib/python3.11/site-packages/airflow/example_dags/example_local_kubernetes_executor.py
[2024-07-09T16:55:34.769+0000] {processor.py:840} INFO - DAG(s) 'example_local_kubernetes_executor' retrieved from /home/airflow/.local/lib/python3.11/site-packages/airflow/example_dags/example_local_kubernetes_executor.py
[2024-07-09T16:55:34.802+0000] {logging_mixin.py:188} INFO - [2024-07-09T16:55:34.802+0000] {dag.py:3047} INFO - Sync 1 DAGs
[2024-07-09T16:55:34.813+0000] {logging_mixin.py:188} INFO - [2024-07-09T16:55:34.813+0000] {dag.py:3834} INFO - Setting next_dagrun for example_local_kubernetes_executor to None, run_after=None
[2024-07-09T16:55:34.832+0000] {processor.py:183} INFO - Processing /home/airflow/.local/lib/python3.11/site-packages/airflow/example_dags/example_local_kubernetes_executor.py took 0.073 seconds
[2024-07-09T16:56:04.916+0000] {processor.py:161} INFO - Started process (PID=2863) to work on /home/airflow/.local/lib/python3.11/site-packages/airflow/example_dags/example_local_kubernetes_executor.py
[2024-07-09T16:56:04.917+0000] {processor.py:830} INFO - Processing file /home/airflow/.local/lib/python3.11/site-packages/airflow/example_dags/example_local_kubernetes_executor.py for tasks to queue
[2024-07-09T16:56:04.918+0000] {logging_mixin.py:188} INFO - [2024-07-09T16:56:04.917+0000] {dagbag.py:540} INFO - Filling up the DagBag from /home/airflow/.local/lib/python3.11/site-packages/airflow/example_dags/example_local_kubernetes_executor.py
[2024-07-09T16:56:04.925+0000] {processor.py:840} INFO - DAG(s) 'example_local_kubernetes_executor' retrieved from /home/airflow/.local/lib/python3.11/site-packages/airflow/example_dags/example_local_kubernetes_executor.py
[2024-07-09T16:56:04.960+0000] {logging_mixin.py:188} INFO - [2024-07-09T16:56:04.960+0000] {dag.py:3047} INFO - Sync 1 DAGs
[2024-07-09T16:56:04.971+0000] {logging_mixin.py:188} INFO - [2024-07-09T16:56:04.970+0000] {dag.py:3834} INFO - Setting next_dagrun for example_local_kubernetes_executor to None, run_after=None
[2024-07-09T16:56:04.995+0000] {processor.py:183} INFO - Processing /home/airflow/.local/lib/python3.11/site-packages/airflow/example_dags/example_local_kubernetes_executor.py took 0.083 seconds
[2024-07-09T16:56:35.103+0000] {processor.py:161} INFO - Started process (PID=3125) to work on /home/airflow/.local/lib/python3.11/site-packages/airflow/example_dags/example_local_kubernetes_executor.py
[2024-07-09T16:56:35.105+0000] {processor.py:830} INFO - Processing file /home/airflow/.local/lib/python3.11/site-packages/airflow/example_dags/example_local_kubernetes_executor.py for tasks to queue
[2024-07-09T16:56:35.106+0000] {logging_mixin.py:188} INFO - [2024-07-09T16:56:35.106+0000] {dagbag.py:540} INFO - Filling up the DagBag from /home/airflow/.local/lib/python3.11/site-packages/airflow/example_dags/example_local_kubernetes_executor.py
[2024-07-09T16:56:35.117+0000] {processor.py:840} INFO - DAG(s) 'example_local_kubernetes_executor' retrieved from /home/airflow/.local/lib/python3.11/site-packages/airflow/example_dags/example_local_kubernetes_executor.py
[2024-07-09T16:56:35.160+0000] {logging_mixin.py:188} INFO - [2024-07-09T16:56:35.160+0000] {dag.py:3047} INFO - Sync 1 DAGs
[2024-07-09T16:56:35.170+0000] {logging_mixin.py:188} INFO - [2024-07-09T16:56:35.170+0000] {dag.py:3834} INFO - Setting next_dagrun for example_local_kubernetes_executor to None, run_after=None
[2024-07-09T16:56:35.187+0000] {processor.py:183} INFO - Processing /home/airflow/.local/lib/python3.11/site-packages/airflow/example_dags/example_local_kubernetes_executor.py took 0.089 seconds
[2024-07-09T16:57:05.376+0000] {processor.py:161} INFO - Started process (PID=3387) to work on /home/airflow/.local/lib/python3.11/site-packages/airflow/example_dags/example_local_kubernetes_executor.py
[2024-07-09T16:57:05.377+0000] {processor.py:830} INFO - Processing file /home/airflow/.local/lib/python3.11/site-packages/airflow/example_dags/example_local_kubernetes_executor.py for tasks to queue
[2024-07-09T16:57:05.378+0000] {logging_mixin.py:188} INFO - [2024-07-09T16:57:05.378+0000] {dagbag.py:540} INFO - Filling up the DagBag from /home/airflow/.local/lib/python3.11/site-packages/airflow/example_dags/example_local_kubernetes_executor.py
[2024-07-09T16:57:05.385+0000] {processor.py:840} INFO - DAG(s) 'example_local_kubernetes_executor' retrieved from /home/airflow/.local/lib/python3.11/site-packages/airflow/example_dags/example_local_kubernetes_executor.py
[2024-07-09T16:57:05.418+0000] {logging_mixin.py:188} INFO - [2024-07-09T16:57:05.418+0000] {dag.py:3047} INFO - Sync 1 DAGs
[2024-07-09T16:57:05.430+0000] {logging_mixin.py:188} INFO - [2024-07-09T16:57:05.430+0000] {dag.py:3834} INFO - Setting next_dagrun for example_local_kubernetes_executor to None, run_after=None
[2024-07-09T16:57:05.446+0000] {processor.py:183} INFO - Processing /home/airflow/.local/lib/python3.11/site-packages/airflow/example_dags/example_local_kubernetes_executor.py took 0.073 seconds
[2024-07-09T16:57:36.001+0000] {processor.py:161} INFO - Started process (PID=3649) to work on /home/airflow/.local/lib/python3.11/site-packages/airflow/example_dags/example_local_kubernetes_executor.py
[2024-07-09T16:57:36.002+0000] {processor.py:830} INFO - Processing file /home/airflow/.local/lib/python3.11/site-packages/airflow/example_dags/example_local_kubernetes_executor.py for tasks to queue
[2024-07-09T16:57:36.005+0000] {logging_mixin.py:188} INFO - [2024-07-09T16:57:36.005+0000] {dagbag.py:540} INFO - Filling up the DagBag from /home/airflow/.local/lib/python3.11/site-packages/airflow/example_dags/example_local_kubernetes_executor.py
[2024-07-09T16:57:36.015+0000] {processor.py:840} INFO - DAG(s) 'example_local_kubernetes_executor' retrieved from /home/airflow/.local/lib/python3.11/site-packages/airflow/example_dags/example_local_kubernetes_executor.py
[2024-07-09T16:57:36.090+0000] {logging_mixin.py:188} INFO - [2024-07-09T16:57:36.090+0000] {dag.py:3047} INFO - Sync 1 DAGs
[2024-07-09T16:57:36.104+0000] {logging_mixin.py:188} INFO - [2024-07-09T16:57:36.104+0000] {dag.py:3834} INFO - Setting next_dagrun for example_local_kubernetes_executor to None, run_after=None
[2024-07-09T16:57:36.128+0000] {processor.py:183} INFO - Processing /home/airflow/.local/lib/python3.11/site-packages/airflow/example_dags/example_local_kubernetes_executor.py took 0.131 seconds
[2024-07-09T16:58:06.164+0000] {processor.py:161} INFO - Started process (PID=3911) to work on /home/airflow/.local/lib/python3.11/site-packages/airflow/example_dags/example_local_kubernetes_executor.py
[2024-07-09T16:58:06.165+0000] {processor.py:830} INFO - Processing file /home/airflow/.local/lib/python3.11/site-packages/airflow/example_dags/example_local_kubernetes_executor.py for tasks to queue
[2024-07-09T16:58:06.166+0000] {logging_mixin.py:188} INFO - [2024-07-09T16:58:06.166+0000] {dagbag.py:540} INFO - Filling up the DagBag from /home/airflow/.local/lib/python3.11/site-packages/airflow/example_dags/example_local_kubernetes_executor.py
[2024-07-09T16:58:06.172+0000] {processor.py:840} INFO - DAG(s) 'example_local_kubernetes_executor' retrieved from /home/airflow/.local/lib/python3.11/site-packages/airflow/example_dags/example_local_kubernetes_executor.py
[2024-07-09T16:58:06.206+0000] {logging_mixin.py:188} INFO - [2024-07-09T16:58:06.206+0000] {dag.py:3047} INFO - Sync 1 DAGs
[2024-07-09T16:58:06.219+0000] {logging_mixin.py:188} INFO - [2024-07-09T16:58:06.219+0000] {dag.py:3834} INFO - Setting next_dagrun for example_local_kubernetes_executor to None, run_after=None
[2024-07-09T16:58:06.238+0000] {processor.py:183} INFO - Processing /home/airflow/.local/lib/python3.11/site-packages/airflow/example_dags/example_local_kubernetes_executor.py took 0.077 seconds
[2024-07-09T16:58:36.510+0000] {processor.py:161} INFO - Started process (PID=4173) to work on /home/airflow/.local/lib/python3.11/site-packages/airflow/example_dags/example_local_kubernetes_executor.py
[2024-07-09T16:58:36.511+0000] {processor.py:830} INFO - Processing file /home/airflow/.local/lib/python3.11/site-packages/airflow/example_dags/example_local_kubernetes_executor.py for tasks to queue
[2024-07-09T16:58:36.512+0000] {logging_mixin.py:188} INFO - [2024-07-09T16:58:36.512+0000] {dagbag.py:540} INFO - Filling up the DagBag from /home/airflow/.local/lib/python3.11/site-packages/airflow/example_dags/example_local_kubernetes_executor.py
[2024-07-09T16:58:36.519+0000] {processor.py:840} INFO - DAG(s) 'example_local_kubernetes_executor' retrieved from /home/airflow/.local/lib/python3.11/site-packages/airflow/example_dags/example_local_kubernetes_executor.py
[2024-07-09T16:58:36.555+0000] {logging_mixin.py:188} INFO - [2024-07-09T16:58:36.555+0000] {dag.py:3047} INFO - Sync 1 DAGs
[2024-07-09T16:58:36.565+0000] {logging_mixin.py:188} INFO - [2024-07-09T16:58:36.565+0000] {dag.py:3834} INFO - Setting next_dagrun for example_local_kubernetes_executor to None, run_after=None
[2024-07-09T16:58:36.581+0000] {processor.py:183} INFO - Processing /home/airflow/.local/lib/python3.11/site-packages/airflow/example_dags/example_local_kubernetes_executor.py took 0.074 seconds
[2024-07-09T16:59:07.380+0000] {processor.py:161} INFO - Started process (PID=4435) to work on /home/airflow/.local/lib/python3.11/site-packages/airflow/example_dags/example_local_kubernetes_executor.py
[2024-07-09T16:59:07.382+0000] {processor.py:830} INFO - Processing file /home/airflow/.local/lib/python3.11/site-packages/airflow/example_dags/example_local_kubernetes_executor.py for tasks to queue
[2024-07-09T16:59:07.383+0000] {logging_mixin.py:188} INFO - [2024-07-09T16:59:07.383+0000] {dagbag.py:540} INFO - Filling up the DagBag from /home/airflow/.local/lib/python3.11/site-packages/airflow/example_dags/example_local_kubernetes_executor.py
[2024-07-09T16:59:07.390+0000] {processor.py:840} INFO - DAG(s) 'example_local_kubernetes_executor' retrieved from /home/airflow/.local/lib/python3.11/site-packages/airflow/example_dags/example_local_kubernetes_executor.py
[2024-07-09T16:59:07.431+0000] {logging_mixin.py:188} INFO - [2024-07-09T16:59:07.431+0000] {dag.py:3047} INFO - Sync 1 DAGs
[2024-07-09T16:59:07.444+0000] {logging_mixin.py:188} INFO - [2024-07-09T16:59:07.444+0000] {dag.py:3834} INFO - Setting next_dagrun for example_local_kubernetes_executor to None, run_after=None
[2024-07-09T16:59:07.511+0000] {processor.py:183} INFO - Processing /home/airflow/.local/lib/python3.11/site-packages/airflow/example_dags/example_local_kubernetes_executor.py took 0.133 seconds
[2024-07-09T16:59:37.555+0000] {processor.py:161} INFO - Started process (PID=4697) to work on /home/airflow/.local/lib/python3.11/site-packages/airflow/example_dags/example_local_kubernetes_executor.py
[2024-07-09T16:59:37.556+0000] {processor.py:830} INFO - Processing file /home/airflow/.local/lib/python3.11/site-packages/airflow/example_dags/example_local_kubernetes_executor.py for tasks to queue
[2024-07-09T16:59:37.557+0000] {logging_mixin.py:188} INFO - [2024-07-09T16:59:37.557+0000] {dagbag.py:540} INFO - Filling up the DagBag from /home/airflow/.local/lib/python3.11/site-packages/airflow/example_dags/example_local_kubernetes_executor.py
[2024-07-09T16:59:37.564+0000] {processor.py:840} INFO - DAG(s) 'example_local_kubernetes_executor' retrieved from /home/airflow/.local/lib/python3.11/site-packages/airflow/example_dags/example_local_kubernetes_executor.py
[2024-07-09T16:59:37.608+0000] {logging_mixin.py:188} INFO - [2024-07-09T16:59:37.608+0000] {dag.py:3047} INFO - Sync 1 DAGs
[2024-07-09T16:59:37.623+0000] {logging_mixin.py:188} INFO - [2024-07-09T16:59:37.622+0000] {dag.py:3834} INFO - Setting next_dagrun for example_local_kubernetes_executor to None, run_after=None
[2024-07-09T16:59:37.647+0000] {processor.py:183} INFO - Processing /home/airflow/.local/lib/python3.11/site-packages/airflow/example_dags/example_local_kubernetes_executor.py took 0.095 seconds
[2024-07-09T17:00:08.137+0000] {processor.py:161} INFO - Started process (PID=4959) to work on /home/airflow/.local/lib/python3.11/site-packages/airflow/example_dags/example_local_kubernetes_executor.py
[2024-07-09T17:00:08.138+0000] {processor.py:830} INFO - Processing file /home/airflow/.local/lib/python3.11/site-packages/airflow/example_dags/example_local_kubernetes_executor.py for tasks to queue
[2024-07-09T17:00:08.139+0000] {logging_mixin.py:188} INFO - [2024-07-09T17:00:08.139+0000] {dagbag.py:540} INFO - Filling up the DagBag from /home/airflow/.local/lib/python3.11/site-packages/airflow/example_dags/example_local_kubernetes_executor.py
[2024-07-09T17:00:08.146+0000] {processor.py:840} INFO - DAG(s) 'example_local_kubernetes_executor' retrieved from /home/airflow/.local/lib/python3.11/site-packages/airflow/example_dags/example_local_kubernetes_executor.py
[2024-07-09T17:00:08.184+0000] {logging_mixin.py:188} INFO - [2024-07-09T17:00:08.184+0000] {dag.py:3047} INFO - Sync 1 DAGs
[2024-07-09T17:00:08.194+0000] {logging_mixin.py:188} INFO - [2024-07-09T17:00:08.194+0000] {dag.py:3834} INFO - Setting next_dagrun for example_local_kubernetes_executor to None, run_after=None
[2024-07-09T17:00:08.213+0000] {processor.py:183} INFO - Processing /home/airflow/.local/lib/python3.11/site-packages/airflow/example_dags/example_local_kubernetes_executor.py took 0.079 seconds
[2024-07-09T17:00:38.658+0000] {processor.py:161} INFO - Started process (PID=5221) to work on /home/airflow/.local/lib/python3.11/site-packages/airflow/example_dags/example_local_kubernetes_executor.py
[2024-07-09T17:00:38.659+0000] {processor.py:830} INFO - Processing file /home/airflow/.local/lib/python3.11/site-packages/airflow/example_dags/example_local_kubernetes_executor.py for tasks to queue
[2024-07-09T17:00:38.660+0000] {logging_mixin.py:188} INFO - [2024-07-09T17:00:38.660+0000] {dagbag.py:540} INFO - Filling up the DagBag from /home/airflow/.local/lib/python3.11/site-packages/airflow/example_dags/example_local_kubernetes_executor.py
[2024-07-09T17:00:38.668+0000] {processor.py:840} INFO - DAG(s) 'example_local_kubernetes_executor' retrieved from /home/airflow/.local/lib/python3.11/site-packages/airflow/example_dags/example_local_kubernetes_executor.py
[2024-07-09T17:00:38.702+0000] {logging_mixin.py:188} INFO - [2024-07-09T17:00:38.702+0000] {dag.py:3047} INFO - Sync 1 DAGs
[2024-07-09T17:00:38.714+0000] {logging_mixin.py:188} INFO - [2024-07-09T17:00:38.713+0000] {dag.py:3834} INFO - Setting next_dagrun for example_local_kubernetes_executor to None, run_after=None
[2024-07-09T17:00:38.729+0000] {processor.py:183} INFO - Processing /home/airflow/.local/lib/python3.11/site-packages/airflow/example_dags/example_local_kubernetes_executor.py took 0.074 seconds
[2024-07-09T17:01:08.797+0000] {processor.py:161} INFO - Started process (PID=5483) to work on /home/airflow/.local/lib/python3.11/site-packages/airflow/example_dags/example_local_kubernetes_executor.py
[2024-07-09T17:01:08.798+0000] {processor.py:830} INFO - Processing file /home/airflow/.local/lib/python3.11/site-packages/airflow/example_dags/example_local_kubernetes_executor.py for tasks to queue
[2024-07-09T17:01:08.799+0000] {logging_mixin.py:188} INFO - [2024-07-09T17:01:08.799+0000] {dagbag.py:540} INFO - Filling up the DagBag from /home/airflow/.local/lib/python3.11/site-packages/airflow/example_dags/example_local_kubernetes_executor.py
[2024-07-09T17:01:08.805+0000] {processor.py:840} INFO - DAG(s) 'example_local_kubernetes_executor' retrieved from /home/airflow/.local/lib/python3.11/site-packages/airflow/example_dags/example_local_kubernetes_executor.py
[2024-07-09T17:01:08.840+0000] {logging_mixin.py:188} INFO - [2024-07-09T17:01:08.840+0000] {dag.py:3047} INFO - Sync 1 DAGs
[2024-07-09T17:01:08.851+0000] {logging_mixin.py:188} INFO - [2024-07-09T17:01:08.851+0000] {dag.py:3834} INFO - Setting next_dagrun for example_local_kubernetes_executor to None, run_after=None
[2024-07-09T17:01:08.869+0000] {processor.py:183} INFO - Processing /home/airflow/.local/lib/python3.11/site-packages/airflow/example_dags/example_local_kubernetes_executor.py took 0.074 seconds
[2024-07-09T17:01:39.029+0000] {processor.py:161} INFO - Started process (PID=5745) to work on /home/airflow/.local/lib/python3.11/site-packages/airflow/example_dags/example_local_kubernetes_executor.py
[2024-07-09T17:01:39.030+0000] {processor.py:830} INFO - Processing file /home/airflow/.local/lib/python3.11/site-packages/airflow/example_dags/example_local_kubernetes_executor.py for tasks to queue
[2024-07-09T17:01:39.031+0000] {logging_mixin.py:188} INFO - [2024-07-09T17:01:39.031+0000] {dagbag.py:540} INFO - Filling up the DagBag from /home/airflow/.local/lib/python3.11/site-packages/airflow/example_dags/example_local_kubernetes_executor.py
[2024-07-09T17:01:39.037+0000] {processor.py:840} INFO - DAG(s) 'example_local_kubernetes_executor' retrieved from /home/airflow/.local/lib/python3.11/site-packages/airflow/example_dags/example_local_kubernetes_executor.py
[2024-07-09T17:01:39.072+0000] {logging_mixin.py:188} INFO - [2024-07-09T17:01:39.072+0000] {dag.py:3047} INFO - Sync 1 DAGs
[2024-07-09T17:01:39.083+0000] {logging_mixin.py:188} INFO - [2024-07-09T17:01:39.083+0000] {dag.py:3834} INFO - Setting next_dagrun for example_local_kubernetes_executor to None, run_after=None
[2024-07-09T17:01:39.099+0000] {processor.py:183} INFO - Processing /home/airflow/.local/lib/python3.11/site-packages/airflow/example_dags/example_local_kubernetes_executor.py took 0.073 seconds
[2024-07-09T17:02:09.880+0000] {processor.py:161} INFO - Started process (PID=6000) to work on /home/airflow/.local/lib/python3.11/site-packages/airflow/example_dags/example_local_kubernetes_executor.py
[2024-07-09T17:02:09.881+0000] {processor.py:830} INFO - Processing file /home/airflow/.local/lib/python3.11/site-packages/airflow/example_dags/example_local_kubernetes_executor.py for tasks to queue
[2024-07-09T17:02:09.882+0000] {logging_mixin.py:188} INFO - [2024-07-09T17:02:09.882+0000] {dagbag.py:540} INFO - Filling up the DagBag from /home/airflow/.local/lib/python3.11/site-packages/airflow/example_dags/example_local_kubernetes_executor.py
[2024-07-09T17:02:09.889+0000] {processor.py:840} INFO - DAG(s) 'example_local_kubernetes_executor' retrieved from /home/airflow/.local/lib/python3.11/site-packages/airflow/example_dags/example_local_kubernetes_executor.py
[2024-07-09T17:02:09.930+0000] {logging_mixin.py:188} INFO - [2024-07-09T17:02:09.929+0000] {dag.py:3047} INFO - Sync 1 DAGs
[2024-07-09T17:02:09.946+0000] {logging_mixin.py:188} INFO - [2024-07-09T17:02:09.946+0000] {dag.py:3834} INFO - Setting next_dagrun for example_local_kubernetes_executor to None, run_after=None
[2024-07-09T17:02:09.969+0000] {processor.py:183} INFO - Processing /home/airflow/.local/lib/python3.11/site-packages/airflow/example_dags/example_local_kubernetes_executor.py took 0.092 seconds
[2024-07-09T17:02:40.760+0000] {processor.py:161} INFO - Started process (PID=6262) to work on /home/airflow/.local/lib/python3.11/site-packages/airflow/example_dags/example_local_kubernetes_executor.py
[2024-07-09T17:02:40.761+0000] {processor.py:830} INFO - Processing file /home/airflow/.local/lib/python3.11/site-packages/airflow/example_dags/example_local_kubernetes_executor.py for tasks to queue
[2024-07-09T17:02:40.762+0000] {logging_mixin.py:188} INFO - [2024-07-09T17:02:40.762+0000] {dagbag.py:540} INFO - Filling up the DagBag from /home/airflow/.local/lib/python3.11/site-packages/airflow/example_dags/example_local_kubernetes_executor.py
[2024-07-09T17:02:40.768+0000] {processor.py:840} INFO - DAG(s) 'example_local_kubernetes_executor' retrieved from /home/airflow/.local/lib/python3.11/site-packages/airflow/example_dags/example_local_kubernetes_executor.py
[2024-07-09T17:02:40.803+0000] {logging_mixin.py:188} INFO - [2024-07-09T17:02:40.803+0000] {dag.py:3047} INFO - Sync 1 DAGs
[2024-07-09T17:02:40.816+0000] {logging_mixin.py:188} INFO - [2024-07-09T17:02:40.816+0000] {dag.py:3834} INFO - Setting next_dagrun for example_local_kubernetes_executor to None, run_after=None
[2024-07-09T17:02:40.851+0000] {processor.py:183} INFO - Processing /home/airflow/.local/lib/python3.11/site-packages/airflow/example_dags/example_local_kubernetes_executor.py took 0.095 seconds
[2024-07-09T17:03:11.091+0000] {processor.py:161} INFO - Started process (PID=6524) to work on /home/airflow/.local/lib/python3.11/site-packages/airflow/example_dags/example_local_kubernetes_executor.py
[2024-07-09T17:03:11.092+0000] {processor.py:830} INFO - Processing file /home/airflow/.local/lib/python3.11/site-packages/airflow/example_dags/example_local_kubernetes_executor.py for tasks to queue
[2024-07-09T17:03:11.093+0000] {logging_mixin.py:188} INFO - [2024-07-09T17:03:11.092+0000] {dagbag.py:540} INFO - Filling up the DagBag from /home/airflow/.local/lib/python3.11/site-packages/airflow/example_dags/example_local_kubernetes_executor.py
[2024-07-09T17:03:11.099+0000] {processor.py:840} INFO - DAG(s) 'example_local_kubernetes_executor' retrieved from /home/airflow/.local/lib/python3.11/site-packages/airflow/example_dags/example_local_kubernetes_executor.py
[2024-07-09T17:03:11.132+0000] {logging_mixin.py:188} INFO - [2024-07-09T17:03:11.132+0000] {dag.py:3047} INFO - Sync 1 DAGs
[2024-07-09T17:03:11.143+0000] {logging_mixin.py:188} INFO - [2024-07-09T17:03:11.143+0000] {dag.py:3834} INFO - Setting next_dagrun for example_local_kubernetes_executor to None, run_after=None
[2024-07-09T17:03:11.161+0000] {processor.py:183} INFO - Processing /home/airflow/.local/lib/python3.11/site-packages/airflow/example_dags/example_local_kubernetes_executor.py took 0.073 seconds
[2024-07-09T17:03:41.981+0000] {processor.py:161} INFO - Started process (PID=6786) to work on /home/airflow/.local/lib/python3.11/site-packages/airflow/example_dags/example_local_kubernetes_executor.py
[2024-07-09T17:03:41.982+0000] {processor.py:830} INFO - Processing file /home/airflow/.local/lib/python3.11/site-packages/airflow/example_dags/example_local_kubernetes_executor.py for tasks to queue
[2024-07-09T17:03:41.983+0000] {logging_mixin.py:188} INFO - [2024-07-09T17:03:41.983+0000] {dagbag.py:540} INFO - Filling up the DagBag from /home/airflow/.local/lib/python3.11/site-packages/airflow/example_dags/example_local_kubernetes_executor.py
[2024-07-09T17:03:41.991+0000] {processor.py:840} INFO - DAG(s) 'example_local_kubernetes_executor' retrieved from /home/airflow/.local/lib/python3.11/site-packages/airflow/example_dags/example_local_kubernetes_executor.py
[2024-07-09T17:03:42.023+0000] {logging_mixin.py:188} INFO - [2024-07-09T17:03:42.023+0000] {dag.py:3047} INFO - Sync 1 DAGs
[2024-07-09T17:03:42.033+0000] {logging_mixin.py:188} INFO - [2024-07-09T17:03:42.033+0000] {dag.py:3834} INFO - Setting next_dagrun for example_local_kubernetes_executor to None, run_after=None
[2024-07-09T17:03:42.067+0000] {processor.py:183} INFO - Processing /home/airflow/.local/lib/python3.11/site-packages/airflow/example_dags/example_local_kubernetes_executor.py took 0.089 seconds
[2024-07-09T17:04:12.722+0000] {processor.py:161} INFO - Started process (PID=7048) to work on /home/airflow/.local/lib/python3.11/site-packages/airflow/example_dags/example_local_kubernetes_executor.py
[2024-07-09T17:04:12.723+0000] {processor.py:830} INFO - Processing file /home/airflow/.local/lib/python3.11/site-packages/airflow/example_dags/example_local_kubernetes_executor.py for tasks to queue
[2024-07-09T17:04:12.724+0000] {logging_mixin.py:188} INFO - [2024-07-09T17:04:12.724+0000] {dagbag.py:540} INFO - Filling up the DagBag from /home/airflow/.local/lib/python3.11/site-packages/airflow/example_dags/example_local_kubernetes_executor.py
[2024-07-09T17:04:12.732+0000] {processor.py:840} INFO - DAG(s) 'example_local_kubernetes_executor' retrieved from /home/airflow/.local/lib/python3.11/site-packages/airflow/example_dags/example_local_kubernetes_executor.py
[2024-07-09T17:04:12.773+0000] {logging_mixin.py:188} INFO - [2024-07-09T17:04:12.773+0000] {dag.py:3047} INFO - Sync 1 DAGs
[2024-07-09T17:04:12.787+0000] {logging_mixin.py:188} INFO - [2024-07-09T17:04:12.787+0000] {dag.py:3834} INFO - Setting next_dagrun for example_local_kubernetes_executor to None, run_after=None
[2024-07-09T17:04:12.810+0000] {processor.py:183} INFO - Processing /home/airflow/.local/lib/python3.11/site-packages/airflow/example_dags/example_local_kubernetes_executor.py took 0.092 seconds
[2024-07-09T17:04:43.502+0000] {processor.py:161} INFO - Started process (PID=7320) to work on /home/airflow/.local/lib/python3.11/site-packages/airflow/example_dags/example_local_kubernetes_executor.py
[2024-07-09T17:04:43.505+0000] {processor.py:830} INFO - Processing file /home/airflow/.local/lib/python3.11/site-packages/airflow/example_dags/example_local_kubernetes_executor.py for tasks to queue
[2024-07-09T17:04:43.506+0000] {logging_mixin.py:188} INFO - [2024-07-09T17:04:43.505+0000] {dagbag.py:540} INFO - Filling up the DagBag from /home/airflow/.local/lib/python3.11/site-packages/airflow/example_dags/example_local_kubernetes_executor.py
[2024-07-09T17:04:43.514+0000] {processor.py:840} INFO - DAG(s) 'example_local_kubernetes_executor' retrieved from /home/airflow/.local/lib/python3.11/site-packages/airflow/example_dags/example_local_kubernetes_executor.py
[2024-07-09T17:04:43.565+0000] {logging_mixin.py:188} INFO - [2024-07-09T17:04:43.565+0000] {dag.py:3047} INFO - Sync 1 DAGs
[2024-07-09T17:04:43.577+0000] {logging_mixin.py:188} INFO - [2024-07-09T17:04:43.577+0000] {dag.py:3834} INFO - Setting next_dagrun for example_local_kubernetes_executor to None, run_after=None
[2024-07-09T17:04:43.613+0000] {processor.py:183} INFO - Processing /home/airflow/.local/lib/python3.11/site-packages/airflow/example_dags/example_local_kubernetes_executor.py took 0.114 seconds
[2024-07-09T17:05:14.479+0000] {processor.py:161} INFO - Started process (PID=7606) to work on /home/airflow/.local/lib/python3.11/site-packages/airflow/example_dags/example_local_kubernetes_executor.py
[2024-07-09T17:05:14.480+0000] {processor.py:830} INFO - Processing file /home/airflow/.local/lib/python3.11/site-packages/airflow/example_dags/example_local_kubernetes_executor.py for tasks to queue
[2024-07-09T17:05:14.481+0000] {logging_mixin.py:188} INFO - [2024-07-09T17:05:14.480+0000] {dagbag.py:540} INFO - Filling up the DagBag from /home/airflow/.local/lib/python3.11/site-packages/airflow/example_dags/example_local_kubernetes_executor.py
[2024-07-09T17:05:14.487+0000] {processor.py:840} INFO - DAG(s) 'example_local_kubernetes_executor' retrieved from /home/airflow/.local/lib/python3.11/site-packages/airflow/example_dags/example_local_kubernetes_executor.py
[2024-07-09T17:05:14.523+0000] {logging_mixin.py:188} INFO - [2024-07-09T17:05:14.522+0000] {dag.py:3047} INFO - Sync 1 DAGs
[2024-07-09T17:05:14.535+0000] {logging_mixin.py:188} INFO - [2024-07-09T17:05:14.535+0000] {dag.py:3834} INFO - Setting next_dagrun for example_local_kubernetes_executor to None, run_after=None
[2024-07-09T17:05:14.555+0000] {processor.py:183} INFO - Processing /home/airflow/.local/lib/python3.11/site-packages/airflow/example_dags/example_local_kubernetes_executor.py took 0.079 seconds
[2024-07-09T17:05:45.149+0000] {processor.py:161} INFO - Started process (PID=7868) to work on /home/airflow/.local/lib/python3.11/site-packages/airflow/example_dags/example_local_kubernetes_executor.py
[2024-07-09T17:05:45.150+0000] {processor.py:830} INFO - Processing file /home/airflow/.local/lib/python3.11/site-packages/airflow/example_dags/example_local_kubernetes_executor.py for tasks to queue
[2024-07-09T17:05:45.152+0000] {logging_mixin.py:188} INFO - [2024-07-09T17:05:45.151+0000] {dagbag.py:540} INFO - Filling up the DagBag from /home/airflow/.local/lib/python3.11/site-packages/airflow/example_dags/example_local_kubernetes_executor.py
[2024-07-09T17:05:45.159+0000] {processor.py:840} INFO - DAG(s) 'example_local_kubernetes_executor' retrieved from /home/airflow/.local/lib/python3.11/site-packages/airflow/example_dags/example_local_kubernetes_executor.py
[2024-07-09T17:05:45.195+0000] {logging_mixin.py:188} INFO - [2024-07-09T17:05:45.194+0000] {dag.py:3047} INFO - Sync 1 DAGs
[2024-07-09T17:05:45.205+0000] {logging_mixin.py:188} INFO - [2024-07-09T17:05:45.205+0000] {dag.py:3834} INFO - Setting next_dagrun for example_local_kubernetes_executor to None, run_after=None
[2024-07-09T17:05:45.224+0000] {processor.py:183} INFO - Processing /home/airflow/.local/lib/python3.11/site-packages/airflow/example_dags/example_local_kubernetes_executor.py took 0.077 seconds
[2024-07-09T17:06:16.071+0000] {processor.py:161} INFO - Started process (PID=8130) to work on /home/airflow/.local/lib/python3.11/site-packages/airflow/example_dags/example_local_kubernetes_executor.py
[2024-07-09T17:06:16.072+0000] {processor.py:830} INFO - Processing file /home/airflow/.local/lib/python3.11/site-packages/airflow/example_dags/example_local_kubernetes_executor.py for tasks to queue
[2024-07-09T17:06:16.074+0000] {logging_mixin.py:188} INFO - [2024-07-09T17:06:16.073+0000] {dagbag.py:540} INFO - Filling up the DagBag from /home/airflow/.local/lib/python3.11/site-packages/airflow/example_dags/example_local_kubernetes_executor.py
[2024-07-09T17:06:16.083+0000] {processor.py:840} INFO - DAG(s) 'example_local_kubernetes_executor' retrieved from /home/airflow/.local/lib/python3.11/site-packages/airflow/example_dags/example_local_kubernetes_executor.py
[2024-07-09T17:06:16.125+0000] {logging_mixin.py:188} INFO - [2024-07-09T17:06:16.124+0000] {dag.py:3047} INFO - Sync 1 DAGs
[2024-07-09T17:06:16.139+0000] {logging_mixin.py:188} INFO - [2024-07-09T17:06:16.139+0000] {dag.py:3834} INFO - Setting next_dagrun for example_local_kubernetes_executor to None, run_after=None
[2024-07-09T17:06:16.162+0000] {processor.py:183} INFO - Processing /home/airflow/.local/lib/python3.11/site-packages/airflow/example_dags/example_local_kubernetes_executor.py took 0.095 seconds
[2024-07-09T17:06:46.280+0000] {processor.py:161} INFO - Started process (PID=8392) to work on /home/airflow/.local/lib/python3.11/site-packages/airflow/example_dags/example_local_kubernetes_executor.py
[2024-07-09T17:06:46.281+0000] {processor.py:830} INFO - Processing file /home/airflow/.local/lib/python3.11/site-packages/airflow/example_dags/example_local_kubernetes_executor.py for tasks to queue
[2024-07-09T17:06:46.283+0000] {logging_mixin.py:188} INFO - [2024-07-09T17:06:46.282+0000] {dagbag.py:540} INFO - Filling up the DagBag from /home/airflow/.local/lib/python3.11/site-packages/airflow/example_dags/example_local_kubernetes_executor.py
[2024-07-09T17:06:46.291+0000] {processor.py:840} INFO - DAG(s) 'example_local_kubernetes_executor' retrieved from /home/airflow/.local/lib/python3.11/site-packages/airflow/example_dags/example_local_kubernetes_executor.py
[2024-07-09T17:06:46.330+0000] {logging_mixin.py:188} INFO - [2024-07-09T17:06:46.330+0000] {dag.py:3047} INFO - Sync 1 DAGs
[2024-07-09T17:06:46.342+0000] {logging_mixin.py:188} INFO - [2024-07-09T17:06:46.341+0000] {dag.py:3834} INFO - Setting next_dagrun for example_local_kubernetes_executor to None, run_after=None
[2024-07-09T17:06:46.362+0000] {processor.py:183} INFO - Processing /home/airflow/.local/lib/python3.11/site-packages/airflow/example_dags/example_local_kubernetes_executor.py took 0.086 seconds
