[2024-07-09T16:50:56.858+0000] {processor.py:161} INFO - Started process (PID=195) to work on /home/airflow/.local/lib/python3.11/site-packages/airflow/example_dags/example_short_circuit_decorator.py
[2024-07-09T16:50:56.861+0000] {processor.py:830} INFO - Processing file /home/airflow/.local/lib/python3.11/site-packages/airflow/example_dags/example_short_circuit_decorator.py for tasks to queue
[2024-07-09T16:50:56.864+0000] {logging_mixin.py:188} INFO - [2024-07-09T16:50:56.863+0000] {dagbag.py:540} INFO - Filling up the DagBag from /home/airflow/.local/lib/python3.11/site-packages/airflow/example_dags/example_short_circuit_decorator.py
[2024-07-09T16:50:56.904+0000] {processor.py:840} INFO - DAG(s) 'example_short_circuit_decorator' retrieved from /home/airflow/.local/lib/python3.11/site-packages/airflow/example_dags/example_short_circuit_decorator.py
[2024-07-09T16:50:57.106+0000] {logging_mixin.py:188} INFO - [2024-07-09T16:50:57.105+0000] {override.py:1769} INFO - Created Permission View: can delete on DAG:example_short_circuit_decorator
[2024-07-09T16:50:57.122+0000] {logging_mixin.py:188} INFO - [2024-07-09T16:50:57.122+0000] {override.py:1769} INFO - Created Permission View: can edit on DAG:example_short_circuit_decorator
[2024-07-09T16:50:57.132+0000] {logging_mixin.py:188} INFO - [2024-07-09T16:50:57.132+0000] {override.py:1769} INFO - Created Permission View: can read on DAG:example_short_circuit_decorator
[2024-07-09T16:50:57.133+0000] {logging_mixin.py:188} INFO - [2024-07-09T16:50:57.133+0000] {dag.py:3047} INFO - Sync 1 DAGs
[2024-07-09T16:50:57.150+0000] {logging_mixin.py:188} INFO - [2024-07-09T16:50:57.149+0000] {dag.py:3069} INFO - Creating ORM DAG for example_short_circuit_decorator
[2024-07-09T16:50:57.164+0000] {logging_mixin.py:188} INFO - [2024-07-09T16:50:57.164+0000] {dag.py:3834} INFO - Setting next_dagrun for example_short_circuit_decorator to 2024-07-08 00:00:00+00:00, run_after=2024-07-09 00:00:00+00:00
[2024-07-09T16:50:57.188+0000] {processor.py:183} INFO - Processing /home/airflow/.local/lib/python3.11/site-packages/airflow/example_dags/example_short_circuit_decorator.py took 0.338 seconds
[2024-07-09T16:51:27.261+0000] {processor.py:161} INFO - Started process (PID=459) to work on /home/airflow/.local/lib/python3.11/site-packages/airflow/example_dags/example_short_circuit_decorator.py
[2024-07-09T16:51:27.262+0000] {processor.py:830} INFO - Processing file /home/airflow/.local/lib/python3.11/site-packages/airflow/example_dags/example_short_circuit_decorator.py for tasks to queue
[2024-07-09T16:51:27.263+0000] {logging_mixin.py:188} INFO - [2024-07-09T16:51:27.263+0000] {dagbag.py:540} INFO - Filling up the DagBag from /home/airflow/.local/lib/python3.11/site-packages/airflow/example_dags/example_short_circuit_decorator.py
[2024-07-09T16:51:27.271+0000] {processor.py:840} INFO - DAG(s) 'example_short_circuit_decorator' retrieved from /home/airflow/.local/lib/python3.11/site-packages/airflow/example_dags/example_short_circuit_decorator.py
[2024-07-09T16:51:27.298+0000] {logging_mixin.py:188} INFO - [2024-07-09T16:51:27.297+0000] {dag.py:3047} INFO - Sync 1 DAGs
[2024-07-09T16:51:27.319+0000] {logging_mixin.py:188} INFO - [2024-07-09T16:51:27.318+0000] {dag.py:3834} INFO - Setting next_dagrun for example_short_circuit_decorator to 2024-07-08 00:00:00+00:00, run_after=2024-07-09 00:00:00+00:00
[2024-07-09T16:51:27.340+0000] {processor.py:183} INFO - Processing /home/airflow/.local/lib/python3.11/site-packages/airflow/example_dags/example_short_circuit_decorator.py took 0.081 seconds
[2024-07-09T16:51:58.076+0000] {processor.py:161} INFO - Started process (PID=710) to work on /home/airflow/.local/lib/python3.11/site-packages/airflow/example_dags/example_short_circuit_decorator.py
[2024-07-09T16:51:58.077+0000] {processor.py:830} INFO - Processing file /home/airflow/.local/lib/python3.11/site-packages/airflow/example_dags/example_short_circuit_decorator.py for tasks to queue
[2024-07-09T16:51:58.078+0000] {logging_mixin.py:188} INFO - [2024-07-09T16:51:58.077+0000] {dagbag.py:540} INFO - Filling up the DagBag from /home/airflow/.local/lib/python3.11/site-packages/airflow/example_dags/example_short_circuit_decorator.py
[2024-07-09T16:51:58.086+0000] {processor.py:840} INFO - DAG(s) 'example_short_circuit_decorator' retrieved from /home/airflow/.local/lib/python3.11/site-packages/airflow/example_dags/example_short_circuit_decorator.py
[2024-07-09T16:51:58.112+0000] {logging_mixin.py:188} INFO - [2024-07-09T16:51:58.112+0000] {dag.py:3047} INFO - Sync 1 DAGs
[2024-07-09T16:51:58.137+0000] {logging_mixin.py:188} INFO - [2024-07-09T16:51:58.137+0000] {dag.py:3834} INFO - Setting next_dagrun for example_short_circuit_decorator to 2024-07-08 00:00:00+00:00, run_after=2024-07-09 00:00:00+00:00
[2024-07-09T16:51:58.153+0000] {processor.py:183} INFO - Processing /home/airflow/.local/lib/python3.11/site-packages/airflow/example_dags/example_short_circuit_decorator.py took 0.080 seconds
[2024-07-09T16:52:28.330+0000] {processor.py:161} INFO - Started process (PID=969) to work on /home/airflow/.local/lib/python3.11/site-packages/airflow/example_dags/example_short_circuit_decorator.py
[2024-07-09T16:52:28.331+0000] {processor.py:830} INFO - Processing file /home/airflow/.local/lib/python3.11/site-packages/airflow/example_dags/example_short_circuit_decorator.py for tasks to queue
[2024-07-09T16:52:28.332+0000] {logging_mixin.py:188} INFO - [2024-07-09T16:52:28.332+0000] {dagbag.py:540} INFO - Filling up the DagBag from /home/airflow/.local/lib/python3.11/site-packages/airflow/example_dags/example_short_circuit_decorator.py
[2024-07-09T16:52:28.342+0000] {processor.py:840} INFO - DAG(s) 'example_short_circuit_decorator' retrieved from /home/airflow/.local/lib/python3.11/site-packages/airflow/example_dags/example_short_circuit_decorator.py
[2024-07-09T16:52:28.361+0000] {logging_mixin.py:188} INFO - [2024-07-09T16:52:28.360+0000] {dag.py:3047} INFO - Sync 1 DAGs
[2024-07-09T16:52:28.377+0000] {logging_mixin.py:188} INFO - [2024-07-09T16:52:28.377+0000] {dag.py:3834} INFO - Setting next_dagrun for example_short_circuit_decorator to 2024-07-08 00:00:00+00:00, run_after=2024-07-09 00:00:00+00:00
[2024-07-09T16:52:28.392+0000] {processor.py:183} INFO - Processing /home/airflow/.local/lib/python3.11/site-packages/airflow/example_dags/example_short_circuit_decorator.py took 0.065 seconds
[2024-07-09T16:52:58.600+0000] {processor.py:161} INFO - Started process (PID=1231) to work on /home/airflow/.local/lib/python3.11/site-packages/airflow/example_dags/example_short_circuit_decorator.py
[2024-07-09T16:52:58.602+0000] {processor.py:830} INFO - Processing file /home/airflow/.local/lib/python3.11/site-packages/airflow/example_dags/example_short_circuit_decorator.py for tasks to queue
[2024-07-09T16:52:58.603+0000] {logging_mixin.py:188} INFO - [2024-07-09T16:52:58.603+0000] {dagbag.py:540} INFO - Filling up the DagBag from /home/airflow/.local/lib/python3.11/site-packages/airflow/example_dags/example_short_circuit_decorator.py
[2024-07-09T16:52:58.614+0000] {processor.py:840} INFO - DAG(s) 'example_short_circuit_decorator' retrieved from /home/airflow/.local/lib/python3.11/site-packages/airflow/example_dags/example_short_circuit_decorator.py
[2024-07-09T16:52:58.653+0000] {logging_mixin.py:188} INFO - [2024-07-09T16:52:58.653+0000] {dag.py:3047} INFO - Sync 1 DAGs
[2024-07-09T16:52:58.689+0000] {logging_mixin.py:188} INFO - [2024-07-09T16:52:58.689+0000] {dag.py:3834} INFO - Setting next_dagrun for example_short_circuit_decorator to 2024-07-08 00:00:00+00:00, run_after=2024-07-09 00:00:00+00:00
[2024-07-09T16:52:58.911+0000] {processor.py:183} INFO - Processing /home/airflow/.local/lib/python3.11/site-packages/airflow/example_dags/example_short_circuit_decorator.py took 0.315 seconds
[2024-07-09T16:53:29.770+0000] {processor.py:161} INFO - Started process (PID=1493) to work on /home/airflow/.local/lib/python3.11/site-packages/airflow/example_dags/example_short_circuit_decorator.py
[2024-07-09T16:53:29.771+0000] {processor.py:830} INFO - Processing file /home/airflow/.local/lib/python3.11/site-packages/airflow/example_dags/example_short_circuit_decorator.py for tasks to queue
[2024-07-09T16:53:29.772+0000] {logging_mixin.py:188} INFO - [2024-07-09T16:53:29.771+0000] {dagbag.py:540} INFO - Filling up the DagBag from /home/airflow/.local/lib/python3.11/site-packages/airflow/example_dags/example_short_circuit_decorator.py
[2024-07-09T16:53:29.782+0000] {processor.py:840} INFO - DAG(s) 'example_short_circuit_decorator' retrieved from /home/airflow/.local/lib/python3.11/site-packages/airflow/example_dags/example_short_circuit_decorator.py
[2024-07-09T16:53:29.805+0000] {logging_mixin.py:188} INFO - [2024-07-09T16:53:29.805+0000] {dag.py:3047} INFO - Sync 1 DAGs
[2024-07-09T16:53:29.825+0000] {logging_mixin.py:188} INFO - [2024-07-09T16:53:29.825+0000] {dag.py:3834} INFO - Setting next_dagrun for example_short_circuit_decorator to 2024-07-08 00:00:00+00:00, run_after=2024-07-09 00:00:00+00:00
[2024-07-09T16:53:29.840+0000] {processor.py:183} INFO - Processing /home/airflow/.local/lib/python3.11/site-packages/airflow/example_dags/example_short_circuit_decorator.py took 0.074 seconds
[2024-07-09T16:54:00.191+0000] {processor.py:161} INFO - Started process (PID=1755) to work on /home/airflow/.local/lib/python3.11/site-packages/airflow/example_dags/example_short_circuit_decorator.py
[2024-07-09T16:54:00.192+0000] {processor.py:830} INFO - Processing file /home/airflow/.local/lib/python3.11/site-packages/airflow/example_dags/example_short_circuit_decorator.py for tasks to queue
[2024-07-09T16:54:00.193+0000] {logging_mixin.py:188} INFO - [2024-07-09T16:54:00.192+0000] {dagbag.py:540} INFO - Filling up the DagBag from /home/airflow/.local/lib/python3.11/site-packages/airflow/example_dags/example_short_circuit_decorator.py
[2024-07-09T16:54:00.204+0000] {processor.py:840} INFO - DAG(s) 'example_short_circuit_decorator' retrieved from /home/airflow/.local/lib/python3.11/site-packages/airflow/example_dags/example_short_circuit_decorator.py
[2024-07-09T16:54:00.228+0000] {logging_mixin.py:188} INFO - [2024-07-09T16:54:00.228+0000] {dag.py:3047} INFO - Sync 1 DAGs
[2024-07-09T16:54:00.248+0000] {logging_mixin.py:188} INFO - [2024-07-09T16:54:00.247+0000] {dag.py:3834} INFO - Setting next_dagrun for example_short_circuit_decorator to 2024-07-08 00:00:00+00:00, run_after=2024-07-09 00:00:00+00:00
[2024-07-09T16:54:00.274+0000] {processor.py:183} INFO - Processing /home/airflow/.local/lib/python3.11/site-packages/airflow/example_dags/example_short_circuit_decorator.py took 0.086 seconds
[2024-07-09T16:54:30.455+0000] {processor.py:161} INFO - Started process (PID=2017) to work on /home/airflow/.local/lib/python3.11/site-packages/airflow/example_dags/example_short_circuit_decorator.py
[2024-07-09T16:54:30.457+0000] {processor.py:830} INFO - Processing file /home/airflow/.local/lib/python3.11/site-packages/airflow/example_dags/example_short_circuit_decorator.py for tasks to queue
[2024-07-09T16:54:30.458+0000] {logging_mixin.py:188} INFO - [2024-07-09T16:54:30.457+0000] {dagbag.py:540} INFO - Filling up the DagBag from /home/airflow/.local/lib/python3.11/site-packages/airflow/example_dags/example_short_circuit_decorator.py
[2024-07-09T16:54:30.467+0000] {processor.py:840} INFO - DAG(s) 'example_short_circuit_decorator' retrieved from /home/airflow/.local/lib/python3.11/site-packages/airflow/example_dags/example_short_circuit_decorator.py
[2024-07-09T16:54:30.490+0000] {logging_mixin.py:188} INFO - [2024-07-09T16:54:30.490+0000] {dag.py:3047} INFO - Sync 1 DAGs
[2024-07-09T16:54:30.513+0000] {logging_mixin.py:188} INFO - [2024-07-09T16:54:30.513+0000] {dag.py:3834} INFO - Setting next_dagrun for example_short_circuit_decorator to 2024-07-08 00:00:00+00:00, run_after=2024-07-09 00:00:00+00:00
[2024-07-09T16:54:30.535+0000] {processor.py:183} INFO - Processing /home/airflow/.local/lib/python3.11/site-packages/airflow/example_dags/example_short_circuit_decorator.py took 0.084 seconds
[2024-07-09T16:55:00.665+0000] {processor.py:161} INFO - Started process (PID=2279) to work on /home/airflow/.local/lib/python3.11/site-packages/airflow/example_dags/example_short_circuit_decorator.py
[2024-07-09T16:55:00.666+0000] {processor.py:830} INFO - Processing file /home/airflow/.local/lib/python3.11/site-packages/airflow/example_dags/example_short_circuit_decorator.py for tasks to queue
[2024-07-09T16:55:00.667+0000] {logging_mixin.py:188} INFO - [2024-07-09T16:55:00.667+0000] {dagbag.py:540} INFO - Filling up the DagBag from /home/airflow/.local/lib/python3.11/site-packages/airflow/example_dags/example_short_circuit_decorator.py
[2024-07-09T16:55:00.677+0000] {processor.py:840} INFO - DAG(s) 'example_short_circuit_decorator' retrieved from /home/airflow/.local/lib/python3.11/site-packages/airflow/example_dags/example_short_circuit_decorator.py
[2024-07-09T16:55:00.705+0000] {logging_mixin.py:188} INFO - [2024-07-09T16:55:00.705+0000] {dag.py:3047} INFO - Sync 1 DAGs
[2024-07-09T16:55:00.725+0000] {logging_mixin.py:188} INFO - [2024-07-09T16:55:00.724+0000] {dag.py:3834} INFO - Setting next_dagrun for example_short_circuit_decorator to 2024-07-08 00:00:00+00:00, run_after=2024-07-09 00:00:00+00:00
[2024-07-09T16:55:00.750+0000] {processor.py:183} INFO - Processing /home/airflow/.local/lib/python3.11/site-packages/airflow/example_dags/example_short_circuit_decorator.py took 0.089 seconds
[2024-07-09T16:55:31.041+0000] {processor.py:161} INFO - Started process (PID=2541) to work on /home/airflow/.local/lib/python3.11/site-packages/airflow/example_dags/example_short_circuit_decorator.py
[2024-07-09T16:55:31.043+0000] {processor.py:830} INFO - Processing file /home/airflow/.local/lib/python3.11/site-packages/airflow/example_dags/example_short_circuit_decorator.py for tasks to queue
[2024-07-09T16:55:31.043+0000] {logging_mixin.py:188} INFO - [2024-07-09T16:55:31.043+0000] {dagbag.py:540} INFO - Filling up the DagBag from /home/airflow/.local/lib/python3.11/site-packages/airflow/example_dags/example_short_circuit_decorator.py
[2024-07-09T16:55:31.054+0000] {processor.py:840} INFO - DAG(s) 'example_short_circuit_decorator' retrieved from /home/airflow/.local/lib/python3.11/site-packages/airflow/example_dags/example_short_circuit_decorator.py
[2024-07-09T16:55:31.076+0000] {logging_mixin.py:188} INFO - [2024-07-09T16:55:31.076+0000] {dag.py:3047} INFO - Sync 1 DAGs
[2024-07-09T16:55:31.094+0000] {logging_mixin.py:188} INFO - [2024-07-09T16:55:31.094+0000] {dag.py:3834} INFO - Setting next_dagrun for example_short_circuit_decorator to 2024-07-08 00:00:00+00:00, run_after=2024-07-09 00:00:00+00:00
[2024-07-09T16:55:31.111+0000] {processor.py:183} INFO - Processing /home/airflow/.local/lib/python3.11/site-packages/airflow/example_dags/example_short_circuit_decorator.py took 0.073 seconds
[2024-07-09T16:56:01.207+0000] {processor.py:161} INFO - Started process (PID=2803) to work on /home/airflow/.local/lib/python3.11/site-packages/airflow/example_dags/example_short_circuit_decorator.py
[2024-07-09T16:56:01.208+0000] {processor.py:830} INFO - Processing file /home/airflow/.local/lib/python3.11/site-packages/airflow/example_dags/example_short_circuit_decorator.py for tasks to queue
[2024-07-09T16:56:01.210+0000] {logging_mixin.py:188} INFO - [2024-07-09T16:56:01.209+0000] {dagbag.py:540} INFO - Filling up the DagBag from /home/airflow/.local/lib/python3.11/site-packages/airflow/example_dags/example_short_circuit_decorator.py
[2024-07-09T16:56:01.222+0000] {processor.py:840} INFO - DAG(s) 'example_short_circuit_decorator' retrieved from /home/airflow/.local/lib/python3.11/site-packages/airflow/example_dags/example_short_circuit_decorator.py
[2024-07-09T16:56:01.247+0000] {logging_mixin.py:188} INFO - [2024-07-09T16:56:01.247+0000] {dag.py:3047} INFO - Sync 1 DAGs
[2024-07-09T16:56:01.270+0000] {logging_mixin.py:188} INFO - [2024-07-09T16:56:01.270+0000] {dag.py:3834} INFO - Setting next_dagrun for example_short_circuit_decorator to 2024-07-08 00:00:00+00:00, run_after=2024-07-09 00:00:00+00:00
[2024-07-09T16:56:01.288+0000] {processor.py:183} INFO - Processing /home/airflow/.local/lib/python3.11/site-packages/airflow/example_dags/example_short_circuit_decorator.py took 0.085 seconds
[2024-07-09T16:56:31.413+0000] {processor.py:161} INFO - Started process (PID=3065) to work on /home/airflow/.local/lib/python3.11/site-packages/airflow/example_dags/example_short_circuit_decorator.py
[2024-07-09T16:56:31.414+0000] {processor.py:830} INFO - Processing file /home/airflow/.local/lib/python3.11/site-packages/airflow/example_dags/example_short_circuit_decorator.py for tasks to queue
[2024-07-09T16:56:31.415+0000] {logging_mixin.py:188} INFO - [2024-07-09T16:56:31.415+0000] {dagbag.py:540} INFO - Filling up the DagBag from /home/airflow/.local/lib/python3.11/site-packages/airflow/example_dags/example_short_circuit_decorator.py
[2024-07-09T16:56:31.425+0000] {processor.py:840} INFO - DAG(s) 'example_short_circuit_decorator' retrieved from /home/airflow/.local/lib/python3.11/site-packages/airflow/example_dags/example_short_circuit_decorator.py
[2024-07-09T16:56:31.447+0000] {logging_mixin.py:188} INFO - [2024-07-09T16:56:31.447+0000] {dag.py:3047} INFO - Sync 1 DAGs
[2024-07-09T16:56:31.464+0000] {logging_mixin.py:188} INFO - [2024-07-09T16:56:31.463+0000] {dag.py:3834} INFO - Setting next_dagrun for example_short_circuit_decorator to 2024-07-08 00:00:00+00:00, run_after=2024-07-09 00:00:00+00:00
[2024-07-09T16:56:31.490+0000] {processor.py:183} INFO - Processing /home/airflow/.local/lib/python3.11/site-packages/airflow/example_dags/example_short_circuit_decorator.py took 0.081 seconds
[2024-07-09T16:57:01.735+0000] {processor.py:161} INFO - Started process (PID=3327) to work on /home/airflow/.local/lib/python3.11/site-packages/airflow/example_dags/example_short_circuit_decorator.py
[2024-07-09T16:57:01.739+0000] {processor.py:830} INFO - Processing file /home/airflow/.local/lib/python3.11/site-packages/airflow/example_dags/example_short_circuit_decorator.py for tasks to queue
[2024-07-09T16:57:01.740+0000] {logging_mixin.py:188} INFO - [2024-07-09T16:57:01.739+0000] {dagbag.py:540} INFO - Filling up the DagBag from /home/airflow/.local/lib/python3.11/site-packages/airflow/example_dags/example_short_circuit_decorator.py
[2024-07-09T16:57:01.749+0000] {processor.py:840} INFO - DAG(s) 'example_short_circuit_decorator' retrieved from /home/airflow/.local/lib/python3.11/site-packages/airflow/example_dags/example_short_circuit_decorator.py
[2024-07-09T16:57:01.775+0000] {logging_mixin.py:188} INFO - [2024-07-09T16:57:01.774+0000] {dag.py:3047} INFO - Sync 1 DAGs
[2024-07-09T16:57:01.797+0000] {logging_mixin.py:188} INFO - [2024-07-09T16:57:01.797+0000] {dag.py:3834} INFO - Setting next_dagrun for example_short_circuit_decorator to 2024-07-08 00:00:00+00:00, run_after=2024-07-09 00:00:00+00:00
[2024-07-09T16:57:01.813+0000] {processor.py:183} INFO - Processing /home/airflow/.local/lib/python3.11/site-packages/airflow/example_dags/example_short_circuit_decorator.py took 0.082 seconds
[2024-07-09T16:57:32.303+0000] {processor.py:161} INFO - Started process (PID=3589) to work on /home/airflow/.local/lib/python3.11/site-packages/airflow/example_dags/example_short_circuit_decorator.py
[2024-07-09T16:57:32.304+0000] {processor.py:830} INFO - Processing file /home/airflow/.local/lib/python3.11/site-packages/airflow/example_dags/example_short_circuit_decorator.py for tasks to queue
[2024-07-09T16:57:32.305+0000] {logging_mixin.py:188} INFO - [2024-07-09T16:57:32.305+0000] {dagbag.py:540} INFO - Filling up the DagBag from /home/airflow/.local/lib/python3.11/site-packages/airflow/example_dags/example_short_circuit_decorator.py
[2024-07-09T16:57:32.313+0000] {processor.py:840} INFO - DAG(s) 'example_short_circuit_decorator' retrieved from /home/airflow/.local/lib/python3.11/site-packages/airflow/example_dags/example_short_circuit_decorator.py
[2024-07-09T16:57:32.334+0000] {logging_mixin.py:188} INFO - [2024-07-09T16:57:32.333+0000] {dag.py:3047} INFO - Sync 1 DAGs
[2024-07-09T16:57:32.352+0000] {logging_mixin.py:188} INFO - [2024-07-09T16:57:32.352+0000] {dag.py:3834} INFO - Setting next_dagrun for example_short_circuit_decorator to 2024-07-08 00:00:00+00:00, run_after=2024-07-09 00:00:00+00:00
[2024-07-09T16:57:32.368+0000] {processor.py:183} INFO - Processing /home/airflow/.local/lib/python3.11/site-packages/airflow/example_dags/example_short_circuit_decorator.py took 0.068 seconds
[2024-07-09T16:58:02.496+0000] {processor.py:161} INFO - Started process (PID=3851) to work on /home/airflow/.local/lib/python3.11/site-packages/airflow/example_dags/example_short_circuit_decorator.py
[2024-07-09T16:58:02.497+0000] {processor.py:830} INFO - Processing file /home/airflow/.local/lib/python3.11/site-packages/airflow/example_dags/example_short_circuit_decorator.py for tasks to queue
[2024-07-09T16:58:02.498+0000] {logging_mixin.py:188} INFO - [2024-07-09T16:58:02.497+0000] {dagbag.py:540} INFO - Filling up the DagBag from /home/airflow/.local/lib/python3.11/site-packages/airflow/example_dags/example_short_circuit_decorator.py
[2024-07-09T16:58:02.507+0000] {processor.py:840} INFO - DAG(s) 'example_short_circuit_decorator' retrieved from /home/airflow/.local/lib/python3.11/site-packages/airflow/example_dags/example_short_circuit_decorator.py
[2024-07-09T16:58:02.530+0000] {logging_mixin.py:188} INFO - [2024-07-09T16:58:02.530+0000] {dag.py:3047} INFO - Sync 1 DAGs
[2024-07-09T16:58:02.551+0000] {logging_mixin.py:188} INFO - [2024-07-09T16:58:02.551+0000] {dag.py:3834} INFO - Setting next_dagrun for example_short_circuit_decorator to 2024-07-08 00:00:00+00:00, run_after=2024-07-09 00:00:00+00:00
[2024-07-09T16:58:02.575+0000] {processor.py:183} INFO - Processing /home/airflow/.local/lib/python3.11/site-packages/airflow/example_dags/example_short_circuit_decorator.py took 0.083 seconds
[2024-07-09T16:58:32.900+0000] {processor.py:161} INFO - Started process (PID=4113) to work on /home/airflow/.local/lib/python3.11/site-packages/airflow/example_dags/example_short_circuit_decorator.py
[2024-07-09T16:58:32.910+0000] {processor.py:830} INFO - Processing file /home/airflow/.local/lib/python3.11/site-packages/airflow/example_dags/example_short_circuit_decorator.py for tasks to queue
[2024-07-09T16:58:32.911+0000] {logging_mixin.py:188} INFO - [2024-07-09T16:58:32.911+0000] {dagbag.py:540} INFO - Filling up the DagBag from /home/airflow/.local/lib/python3.11/site-packages/airflow/example_dags/example_short_circuit_decorator.py
[2024-07-09T16:58:32.919+0000] {processor.py:840} INFO - DAG(s) 'example_short_circuit_decorator' retrieved from /home/airflow/.local/lib/python3.11/site-packages/airflow/example_dags/example_short_circuit_decorator.py
[2024-07-09T16:58:32.940+0000] {logging_mixin.py:188} INFO - [2024-07-09T16:58:32.939+0000] {dag.py:3047} INFO - Sync 1 DAGs
[2024-07-09T16:58:32.960+0000] {logging_mixin.py:188} INFO - [2024-07-09T16:58:32.960+0000] {dag.py:3834} INFO - Setting next_dagrun for example_short_circuit_decorator to 2024-07-08 00:00:00+00:00, run_after=2024-07-09 00:00:00+00:00
[2024-07-09T16:58:32.978+0000] {processor.py:183} INFO - Processing /home/airflow/.local/lib/python3.11/site-packages/airflow/example_dags/example_short_circuit_decorator.py took 0.081 seconds
[2024-07-09T16:59:03.565+0000] {processor.py:161} INFO - Started process (PID=4375) to work on /home/airflow/.local/lib/python3.11/site-packages/airflow/example_dags/example_short_circuit_decorator.py
[2024-07-09T16:59:03.567+0000] {processor.py:830} INFO - Processing file /home/airflow/.local/lib/python3.11/site-packages/airflow/example_dags/example_short_circuit_decorator.py for tasks to queue
[2024-07-09T16:59:03.568+0000] {logging_mixin.py:188} INFO - [2024-07-09T16:59:03.568+0000] {dagbag.py:540} INFO - Filling up the DagBag from /home/airflow/.local/lib/python3.11/site-packages/airflow/example_dags/example_short_circuit_decorator.py
[2024-07-09T16:59:03.587+0000] {processor.py:840} INFO - DAG(s) 'example_short_circuit_decorator' retrieved from /home/airflow/.local/lib/python3.11/site-packages/airflow/example_dags/example_short_circuit_decorator.py
[2024-07-09T16:59:03.614+0000] {logging_mixin.py:188} INFO - [2024-07-09T16:59:03.614+0000] {dag.py:3047} INFO - Sync 1 DAGs
[2024-07-09T16:59:03.636+0000] {logging_mixin.py:188} INFO - [2024-07-09T16:59:03.636+0000] {dag.py:3834} INFO - Setting next_dagrun for example_short_circuit_decorator to 2024-07-08 00:00:00+00:00, run_after=2024-07-09 00:00:00+00:00
[2024-07-09T16:59:03.659+0000] {processor.py:183} INFO - Processing /home/airflow/.local/lib/python3.11/site-packages/airflow/example_dags/example_short_circuit_decorator.py took 0.099 seconds
[2024-07-09T16:59:33.729+0000] {processor.py:161} INFO - Started process (PID=4637) to work on /home/airflow/.local/lib/python3.11/site-packages/airflow/example_dags/example_short_circuit_decorator.py
[2024-07-09T16:59:33.730+0000] {processor.py:830} INFO - Processing file /home/airflow/.local/lib/python3.11/site-packages/airflow/example_dags/example_short_circuit_decorator.py for tasks to queue
[2024-07-09T16:59:33.731+0000] {logging_mixin.py:188} INFO - [2024-07-09T16:59:33.731+0000] {dagbag.py:540} INFO - Filling up the DagBag from /home/airflow/.local/lib/python3.11/site-packages/airflow/example_dags/example_short_circuit_decorator.py
[2024-07-09T16:59:33.742+0000] {processor.py:840} INFO - DAG(s) 'example_short_circuit_decorator' retrieved from /home/airflow/.local/lib/python3.11/site-packages/airflow/example_dags/example_short_circuit_decorator.py
[2024-07-09T16:59:33.765+0000] {logging_mixin.py:188} INFO - [2024-07-09T16:59:33.765+0000] {dag.py:3047} INFO - Sync 1 DAGs
[2024-07-09T16:59:33.785+0000] {logging_mixin.py:188} INFO - [2024-07-09T16:59:33.785+0000] {dag.py:3834} INFO - Setting next_dagrun for example_short_circuit_decorator to 2024-07-08 00:00:00+00:00, run_after=2024-07-09 00:00:00+00:00
[2024-07-09T16:59:33.803+0000] {processor.py:183} INFO - Processing /home/airflow/.local/lib/python3.11/site-packages/airflow/example_dags/example_short_circuit_decorator.py took 0.077 seconds
[2024-07-09T17:00:04.393+0000] {processor.py:161} INFO - Started process (PID=4899) to work on /home/airflow/.local/lib/python3.11/site-packages/airflow/example_dags/example_short_circuit_decorator.py
[2024-07-09T17:00:04.394+0000] {processor.py:830} INFO - Processing file /home/airflow/.local/lib/python3.11/site-packages/airflow/example_dags/example_short_circuit_decorator.py for tasks to queue
[2024-07-09T17:00:04.395+0000] {logging_mixin.py:188} INFO - [2024-07-09T17:00:04.395+0000] {dagbag.py:540} INFO - Filling up the DagBag from /home/airflow/.local/lib/python3.11/site-packages/airflow/example_dags/example_short_circuit_decorator.py
[2024-07-09T17:00:04.405+0000] {processor.py:840} INFO - DAG(s) 'example_short_circuit_decorator' retrieved from /home/airflow/.local/lib/python3.11/site-packages/airflow/example_dags/example_short_circuit_decorator.py
[2024-07-09T17:00:04.427+0000] {logging_mixin.py:188} INFO - [2024-07-09T17:00:04.427+0000] {dag.py:3047} INFO - Sync 1 DAGs
[2024-07-09T17:00:04.446+0000] {logging_mixin.py:188} INFO - [2024-07-09T17:00:04.446+0000] {dag.py:3834} INFO - Setting next_dagrun for example_short_circuit_decorator to 2024-07-08 00:00:00+00:00, run_after=2024-07-09 00:00:00+00:00
[2024-07-09T17:00:04.463+0000] {processor.py:183} INFO - Processing /home/airflow/.local/lib/python3.11/site-packages/airflow/example_dags/example_short_circuit_decorator.py took 0.074 seconds
[2024-07-09T17:00:34.920+0000] {processor.py:161} INFO - Started process (PID=5161) to work on /home/airflow/.local/lib/python3.11/site-packages/airflow/example_dags/example_short_circuit_decorator.py
[2024-07-09T17:00:34.922+0000] {processor.py:830} INFO - Processing file /home/airflow/.local/lib/python3.11/site-packages/airflow/example_dags/example_short_circuit_decorator.py for tasks to queue
[2024-07-09T17:00:34.923+0000] {logging_mixin.py:188} INFO - [2024-07-09T17:00:34.923+0000] {dagbag.py:540} INFO - Filling up the DagBag from /home/airflow/.local/lib/python3.11/site-packages/airflow/example_dags/example_short_circuit_decorator.py
[2024-07-09T17:00:34.931+0000] {processor.py:840} INFO - DAG(s) 'example_short_circuit_decorator' retrieved from /home/airflow/.local/lib/python3.11/site-packages/airflow/example_dags/example_short_circuit_decorator.py
[2024-07-09T17:00:34.953+0000] {logging_mixin.py:188} INFO - [2024-07-09T17:00:34.953+0000] {dag.py:3047} INFO - Sync 1 DAGs
[2024-07-09T17:00:34.969+0000] {logging_mixin.py:188} INFO - [2024-07-09T17:00:34.969+0000] {dag.py:3834} INFO - Setting next_dagrun for example_short_circuit_decorator to 2024-07-08 00:00:00+00:00, run_after=2024-07-09 00:00:00+00:00
[2024-07-09T17:00:35.031+0000] {processor.py:183} INFO - Processing /home/airflow/.local/lib/python3.11/site-packages/airflow/example_dags/example_short_circuit_decorator.py took 0.113 seconds
[2024-07-09T17:01:06.016+0000] {processor.py:161} INFO - Started process (PID=5423) to work on /home/airflow/.local/lib/python3.11/site-packages/airflow/example_dags/example_short_circuit_decorator.py
[2024-07-09T17:01:06.020+0000] {processor.py:830} INFO - Processing file /home/airflow/.local/lib/python3.11/site-packages/airflow/example_dags/example_short_circuit_decorator.py for tasks to queue
[2024-07-09T17:01:06.021+0000] {logging_mixin.py:188} INFO - [2024-07-09T17:01:06.021+0000] {dagbag.py:540} INFO - Filling up the DagBag from /home/airflow/.local/lib/python3.11/site-packages/airflow/example_dags/example_short_circuit_decorator.py
[2024-07-09T17:01:06.044+0000] {processor.py:840} INFO - DAG(s) 'example_short_circuit_decorator' retrieved from /home/airflow/.local/lib/python3.11/site-packages/airflow/example_dags/example_short_circuit_decorator.py
[2024-07-09T17:01:06.080+0000] {logging_mixin.py:188} INFO - [2024-07-09T17:01:06.080+0000] {dag.py:3047} INFO - Sync 1 DAGs
[2024-07-09T17:01:06.104+0000] {logging_mixin.py:188} INFO - [2024-07-09T17:01:06.103+0000] {dag.py:3834} INFO - Setting next_dagrun for example_short_circuit_decorator to 2024-07-08 00:00:00+00:00, run_after=2024-07-09 00:00:00+00:00
[2024-07-09T17:01:06.122+0000] {processor.py:183} INFO - Processing /home/airflow/.local/lib/python3.11/site-packages/airflow/example_dags/example_short_circuit_decorator.py took 0.110 seconds
[2024-07-09T17:01:36.169+0000] {processor.py:161} INFO - Started process (PID=5685) to work on /home/airflow/.local/lib/python3.11/site-packages/airflow/example_dags/example_short_circuit_decorator.py
[2024-07-09T17:01:36.170+0000] {processor.py:830} INFO - Processing file /home/airflow/.local/lib/python3.11/site-packages/airflow/example_dags/example_short_circuit_decorator.py for tasks to queue
[2024-07-09T17:01:36.170+0000] {logging_mixin.py:188} INFO - [2024-07-09T17:01:36.170+0000] {dagbag.py:540} INFO - Filling up the DagBag from /home/airflow/.local/lib/python3.11/site-packages/airflow/example_dags/example_short_circuit_decorator.py
[2024-07-09T17:01:36.179+0000] {processor.py:840} INFO - DAG(s) 'example_short_circuit_decorator' retrieved from /home/airflow/.local/lib/python3.11/site-packages/airflow/example_dags/example_short_circuit_decorator.py
[2024-07-09T17:01:36.199+0000] {logging_mixin.py:188} INFO - [2024-07-09T17:01:36.198+0000] {dag.py:3047} INFO - Sync 1 DAGs
[2024-07-09T17:01:36.214+0000] {logging_mixin.py:188} INFO - [2024-07-09T17:01:36.214+0000] {dag.py:3834} INFO - Setting next_dagrun for example_short_circuit_decorator to 2024-07-08 00:00:00+00:00, run_after=2024-07-09 00:00:00+00:00
[2024-07-09T17:01:36.228+0000] {processor.py:183} INFO - Processing /home/airflow/.local/lib/python3.11/site-packages/airflow/example_dags/example_short_circuit_decorator.py took 0.062 seconds
[2024-07-09T17:02:06.310+0000] {processor.py:161} INFO - Started process (PID=5947) to work on /home/airflow/.local/lib/python3.11/site-packages/airflow/example_dags/example_short_circuit_decorator.py
[2024-07-09T17:02:06.312+0000] {processor.py:830} INFO - Processing file /home/airflow/.local/lib/python3.11/site-packages/airflow/example_dags/example_short_circuit_decorator.py for tasks to queue
[2024-07-09T17:02:06.313+0000] {logging_mixin.py:188} INFO - [2024-07-09T17:02:06.313+0000] {dagbag.py:540} INFO - Filling up the DagBag from /home/airflow/.local/lib/python3.11/site-packages/airflow/example_dags/example_short_circuit_decorator.py
[2024-07-09T17:02:06.323+0000] {processor.py:840} INFO - DAG(s) 'example_short_circuit_decorator' retrieved from /home/airflow/.local/lib/python3.11/site-packages/airflow/example_dags/example_short_circuit_decorator.py
[2024-07-09T17:02:06.350+0000] {logging_mixin.py:188} INFO - [2024-07-09T17:02:06.350+0000] {dag.py:3047} INFO - Sync 1 DAGs
[2024-07-09T17:02:06.371+0000] {logging_mixin.py:188} INFO - [2024-07-09T17:02:06.371+0000] {dag.py:3834} INFO - Setting next_dagrun for example_short_circuit_decorator to 2024-07-08 00:00:00+00:00, run_after=2024-07-09 00:00:00+00:00
[2024-07-09T17:02:06.393+0000] {processor.py:183} INFO - Processing /home/airflow/.local/lib/python3.11/site-packages/airflow/example_dags/example_short_circuit_decorator.py took 0.086 seconds
[2024-07-09T17:02:37.180+0000] {processor.py:161} INFO - Started process (PID=6209) to work on /home/airflow/.local/lib/python3.11/site-packages/airflow/example_dags/example_short_circuit_decorator.py
[2024-07-09T17:02:37.182+0000] {processor.py:830} INFO - Processing file /home/airflow/.local/lib/python3.11/site-packages/airflow/example_dags/example_short_circuit_decorator.py for tasks to queue
[2024-07-09T17:02:37.183+0000] {logging_mixin.py:188} INFO - [2024-07-09T17:02:37.183+0000] {dagbag.py:540} INFO - Filling up the DagBag from /home/airflow/.local/lib/python3.11/site-packages/airflow/example_dags/example_short_circuit_decorator.py
[2024-07-09T17:02:37.194+0000] {processor.py:840} INFO - DAG(s) 'example_short_circuit_decorator' retrieved from /home/airflow/.local/lib/python3.11/site-packages/airflow/example_dags/example_short_circuit_decorator.py
[2024-07-09T17:02:37.231+0000] {logging_mixin.py:188} INFO - [2024-07-09T17:02:37.231+0000] {dag.py:3047} INFO - Sync 1 DAGs
[2024-07-09T17:02:37.249+0000] {logging_mixin.py:188} INFO - [2024-07-09T17:02:37.249+0000] {dag.py:3834} INFO - Setting next_dagrun for example_short_circuit_decorator to 2024-07-08 00:00:00+00:00, run_after=2024-07-09 00:00:00+00:00
[2024-07-09T17:02:37.266+0000] {processor.py:183} INFO - Processing /home/airflow/.local/lib/python3.11/site-packages/airflow/example_dags/example_short_circuit_decorator.py took 0.089 seconds
[2024-07-09T17:03:07.467+0000] {processor.py:161} INFO - Started process (PID=6471) to work on /home/airflow/.local/lib/python3.11/site-packages/airflow/example_dags/example_short_circuit_decorator.py
[2024-07-09T17:03:07.468+0000] {processor.py:830} INFO - Processing file /home/airflow/.local/lib/python3.11/site-packages/airflow/example_dags/example_short_circuit_decorator.py for tasks to queue
[2024-07-09T17:03:07.469+0000] {logging_mixin.py:188} INFO - [2024-07-09T17:03:07.469+0000] {dagbag.py:540} INFO - Filling up the DagBag from /home/airflow/.local/lib/python3.11/site-packages/airflow/example_dags/example_short_circuit_decorator.py
[2024-07-09T17:03:07.478+0000] {processor.py:840} INFO - DAG(s) 'example_short_circuit_decorator' retrieved from /home/airflow/.local/lib/python3.11/site-packages/airflow/example_dags/example_short_circuit_decorator.py
[2024-07-09T17:03:07.497+0000] {logging_mixin.py:188} INFO - [2024-07-09T17:03:07.497+0000] {dag.py:3047} INFO - Sync 1 DAGs
[2024-07-09T17:03:07.514+0000] {logging_mixin.py:188} INFO - [2024-07-09T17:03:07.514+0000] {dag.py:3834} INFO - Setting next_dagrun for example_short_circuit_decorator to 2024-07-08 00:00:00+00:00, run_after=2024-07-09 00:00:00+00:00
[2024-07-09T17:03:07.530+0000] {processor.py:183} INFO - Processing /home/airflow/.local/lib/python3.11/site-packages/airflow/example_dags/example_short_circuit_decorator.py took 0.066 seconds
[2024-07-09T17:03:38.391+0000] {processor.py:161} INFO - Started process (PID=6733) to work on /home/airflow/.local/lib/python3.11/site-packages/airflow/example_dags/example_short_circuit_decorator.py
[2024-07-09T17:03:38.393+0000] {processor.py:830} INFO - Processing file /home/airflow/.local/lib/python3.11/site-packages/airflow/example_dags/example_short_circuit_decorator.py for tasks to queue
[2024-07-09T17:03:38.394+0000] {logging_mixin.py:188} INFO - [2024-07-09T17:03:38.393+0000] {dagbag.py:540} INFO - Filling up the DagBag from /home/airflow/.local/lib/python3.11/site-packages/airflow/example_dags/example_short_circuit_decorator.py
[2024-07-09T17:03:38.402+0000] {processor.py:840} INFO - DAG(s) 'example_short_circuit_decorator' retrieved from /home/airflow/.local/lib/python3.11/site-packages/airflow/example_dags/example_short_circuit_decorator.py
[2024-07-09T17:03:38.422+0000] {logging_mixin.py:188} INFO - [2024-07-09T17:03:38.422+0000] {dag.py:3047} INFO - Sync 1 DAGs
[2024-07-09T17:03:38.438+0000] {logging_mixin.py:188} INFO - [2024-07-09T17:03:38.438+0000] {dag.py:3834} INFO - Setting next_dagrun for example_short_circuit_decorator to 2024-07-08 00:00:00+00:00, run_after=2024-07-09 00:00:00+00:00
[2024-07-09T17:03:38.455+0000] {processor.py:183} INFO - Processing /home/airflow/.local/lib/python3.11/site-packages/airflow/example_dags/example_short_circuit_decorator.py took 0.066 seconds
[2024-07-09T17:04:09.076+0000] {processor.py:161} INFO - Started process (PID=6995) to work on /home/airflow/.local/lib/python3.11/site-packages/airflow/example_dags/example_short_circuit_decorator.py
[2024-07-09T17:04:09.078+0000] {processor.py:830} INFO - Processing file /home/airflow/.local/lib/python3.11/site-packages/airflow/example_dags/example_short_circuit_decorator.py for tasks to queue
[2024-07-09T17:04:09.079+0000] {logging_mixin.py:188} INFO - [2024-07-09T17:04:09.079+0000] {dagbag.py:540} INFO - Filling up the DagBag from /home/airflow/.local/lib/python3.11/site-packages/airflow/example_dags/example_short_circuit_decorator.py
[2024-07-09T17:04:09.088+0000] {processor.py:840} INFO - DAG(s) 'example_short_circuit_decorator' retrieved from /home/airflow/.local/lib/python3.11/site-packages/airflow/example_dags/example_short_circuit_decorator.py
[2024-07-09T17:04:09.110+0000] {logging_mixin.py:188} INFO - [2024-07-09T17:04:09.110+0000] {dag.py:3047} INFO - Sync 1 DAGs
[2024-07-09T17:04:09.126+0000] {logging_mixin.py:188} INFO - [2024-07-09T17:04:09.126+0000] {dag.py:3834} INFO - Setting next_dagrun for example_short_circuit_decorator to 2024-07-08 00:00:00+00:00, run_after=2024-07-09 00:00:00+00:00
[2024-07-09T17:04:09.143+0000] {processor.py:183} INFO - Processing /home/airflow/.local/lib/python3.11/site-packages/airflow/example_dags/example_short_circuit_decorator.py took 0.069 seconds
[2024-07-09T17:04:39.417+0000] {processor.py:161} INFO - Started process (PID=7257) to work on /home/airflow/.local/lib/python3.11/site-packages/airflow/example_dags/example_short_circuit_decorator.py
[2024-07-09T17:04:39.419+0000] {processor.py:830} INFO - Processing file /home/airflow/.local/lib/python3.11/site-packages/airflow/example_dags/example_short_circuit_decorator.py for tasks to queue
[2024-07-09T17:04:39.419+0000] {logging_mixin.py:188} INFO - [2024-07-09T17:04:39.419+0000] {dagbag.py:540} INFO - Filling up the DagBag from /home/airflow/.local/lib/python3.11/site-packages/airflow/example_dags/example_short_circuit_decorator.py
[2024-07-09T17:04:39.428+0000] {processor.py:840} INFO - DAG(s) 'example_short_circuit_decorator' retrieved from /home/airflow/.local/lib/python3.11/site-packages/airflow/example_dags/example_short_circuit_decorator.py
[2024-07-09T17:04:39.449+0000] {logging_mixin.py:188} INFO - [2024-07-09T17:04:39.449+0000] {dag.py:3047} INFO - Sync 1 DAGs
[2024-07-09T17:04:39.466+0000] {logging_mixin.py:188} INFO - [2024-07-09T17:04:39.466+0000] {dag.py:3834} INFO - Setting next_dagrun for example_short_circuit_decorator to 2024-07-08 00:00:00+00:00, run_after=2024-07-09 00:00:00+00:00
[2024-07-09T17:04:39.482+0000] {processor.py:183} INFO - Processing /home/airflow/.local/lib/python3.11/site-packages/airflow/example_dags/example_short_circuit_decorator.py took 0.067 seconds
[2024-07-09T17:05:09.854+0000] {processor.py:161} INFO - Started process (PID=7551) to work on /home/airflow/.local/lib/python3.11/site-packages/airflow/example_dags/example_short_circuit_decorator.py
[2024-07-09T17:05:09.855+0000] {processor.py:830} INFO - Processing file /home/airflow/.local/lib/python3.11/site-packages/airflow/example_dags/example_short_circuit_decorator.py for tasks to queue
[2024-07-09T17:05:09.856+0000] {logging_mixin.py:188} INFO - [2024-07-09T17:05:09.856+0000] {dagbag.py:540} INFO - Filling up the DagBag from /home/airflow/.local/lib/python3.11/site-packages/airflow/example_dags/example_short_circuit_decorator.py
[2024-07-09T17:05:09.867+0000] {processor.py:840} INFO - DAG(s) 'example_short_circuit_decorator' retrieved from /home/airflow/.local/lib/python3.11/site-packages/airflow/example_dags/example_short_circuit_decorator.py
[2024-07-09T17:05:09.894+0000] {logging_mixin.py:188} INFO - [2024-07-09T17:05:09.893+0000] {dag.py:3047} INFO - Sync 1 DAGs
[2024-07-09T17:05:09.919+0000] {logging_mixin.py:188} INFO - [2024-07-09T17:05:09.919+0000] {dag.py:3834} INFO - Setting next_dagrun for example_short_circuit_decorator to 2024-07-08 00:00:00+00:00, run_after=2024-07-09 00:00:00+00:00
[2024-07-09T17:05:09.935+0000] {processor.py:183} INFO - Processing /home/airflow/.local/lib/python3.11/site-packages/airflow/example_dags/example_short_circuit_decorator.py took 0.086 seconds
[2024-07-09T17:05:40.573+0000] {processor.py:161} INFO - Started process (PID=7815) to work on /home/airflow/.local/lib/python3.11/site-packages/airflow/example_dags/example_short_circuit_decorator.py
[2024-07-09T17:05:40.574+0000] {processor.py:830} INFO - Processing file /home/airflow/.local/lib/python3.11/site-packages/airflow/example_dags/example_short_circuit_decorator.py for tasks to queue
[2024-07-09T17:05:40.575+0000] {logging_mixin.py:188} INFO - [2024-07-09T17:05:40.575+0000] {dagbag.py:540} INFO - Filling up the DagBag from /home/airflow/.local/lib/python3.11/site-packages/airflow/example_dags/example_short_circuit_decorator.py
[2024-07-09T17:05:40.584+0000] {processor.py:840} INFO - DAG(s) 'example_short_circuit_decorator' retrieved from /home/airflow/.local/lib/python3.11/site-packages/airflow/example_dags/example_short_circuit_decorator.py
[2024-07-09T17:05:40.607+0000] {logging_mixin.py:188} INFO - [2024-07-09T17:05:40.606+0000] {dag.py:3047} INFO - Sync 1 DAGs
[2024-07-09T17:05:40.625+0000] {logging_mixin.py:188} INFO - [2024-07-09T17:05:40.625+0000] {dag.py:3834} INFO - Setting next_dagrun for example_short_circuit_decorator to 2024-07-08 00:00:00+00:00, run_after=2024-07-09 00:00:00+00:00
[2024-07-09T17:05:40.647+0000] {processor.py:183} INFO - Processing /home/airflow/.local/lib/python3.11/site-packages/airflow/example_dags/example_short_circuit_decorator.py took 0.077 seconds
[2024-07-09T17:06:11.395+0000] {processor.py:161} INFO - Started process (PID=8077) to work on /home/airflow/.local/lib/python3.11/site-packages/airflow/example_dags/example_short_circuit_decorator.py
[2024-07-09T17:06:11.396+0000] {processor.py:830} INFO - Processing file /home/airflow/.local/lib/python3.11/site-packages/airflow/example_dags/example_short_circuit_decorator.py for tasks to queue
[2024-07-09T17:06:11.397+0000] {logging_mixin.py:188} INFO - [2024-07-09T17:06:11.397+0000] {dagbag.py:540} INFO - Filling up the DagBag from /home/airflow/.local/lib/python3.11/site-packages/airflow/example_dags/example_short_circuit_decorator.py
[2024-07-09T17:06:11.407+0000] {processor.py:840} INFO - DAG(s) 'example_short_circuit_decorator' retrieved from /home/airflow/.local/lib/python3.11/site-packages/airflow/example_dags/example_short_circuit_decorator.py
[2024-07-09T17:06:11.429+0000] {logging_mixin.py:188} INFO - [2024-07-09T17:06:11.429+0000] {dag.py:3047} INFO - Sync 1 DAGs
[2024-07-09T17:06:11.451+0000] {logging_mixin.py:188} INFO - [2024-07-09T17:06:11.451+0000] {dag.py:3834} INFO - Setting next_dagrun for example_short_circuit_decorator to 2024-07-08 00:00:00+00:00, run_after=2024-07-09 00:00:00+00:00
[2024-07-09T17:06:11.471+0000] {processor.py:183} INFO - Processing /home/airflow/.local/lib/python3.11/site-packages/airflow/example_dags/example_short_circuit_decorator.py took 0.079 seconds
[2024-07-09T17:06:41.705+0000] {processor.py:161} INFO - Started process (PID=8339) to work on /home/airflow/.local/lib/python3.11/site-packages/airflow/example_dags/example_short_circuit_decorator.py
[2024-07-09T17:06:41.706+0000] {processor.py:830} INFO - Processing file /home/airflow/.local/lib/python3.11/site-packages/airflow/example_dags/example_short_circuit_decorator.py for tasks to queue
[2024-07-09T17:06:41.707+0000] {logging_mixin.py:188} INFO - [2024-07-09T17:06:41.706+0000] {dagbag.py:540} INFO - Filling up the DagBag from /home/airflow/.local/lib/python3.11/site-packages/airflow/example_dags/example_short_circuit_decorator.py
[2024-07-09T17:06:41.717+0000] {processor.py:840} INFO - DAG(s) 'example_short_circuit_decorator' retrieved from /home/airflow/.local/lib/python3.11/site-packages/airflow/example_dags/example_short_circuit_decorator.py
[2024-07-09T17:06:41.737+0000] {logging_mixin.py:188} INFO - [2024-07-09T17:06:41.737+0000] {dag.py:3047} INFO - Sync 1 DAGs
[2024-07-09T17:06:41.755+0000] {logging_mixin.py:188} INFO - [2024-07-09T17:06:41.755+0000] {dag.py:3834} INFO - Setting next_dagrun for example_short_circuit_decorator to 2024-07-08 00:00:00+00:00, run_after=2024-07-09 00:00:00+00:00
[2024-07-09T17:06:41.771+0000] {processor.py:183} INFO - Processing /home/airflow/.local/lib/python3.11/site-packages/airflow/example_dags/example_short_circuit_decorator.py took 0.070 seconds
