[2024-07-09T16:51:03.644+0000] {processor.py:161} INFO - Started process (PID=380) to work on /home/airflow/.local/lib/python3.11/site-packages/airflow/example_dags/example_branch_labels.py
[2024-07-09T16:51:03.646+0000] {processor.py:830} INFO - Processing file /home/airflow/.local/lib/python3.11/site-packages/airflow/example_dags/example_branch_labels.py for tasks to queue
[2024-07-09T16:51:03.647+0000] {logging_mixin.py:188} INFO - [2024-07-09T16:51:03.647+0000] {dagbag.py:540} INFO - Filling up the DagBag from /home/airflow/.local/lib/python3.11/site-packages/airflow/example_dags/example_branch_labels.py
[2024-07-09T16:51:03.658+0000] {processor.py:840} INFO - DAG(s) 'example_branch_labels' retrieved from /home/airflow/.local/lib/python3.11/site-packages/airflow/example_dags/example_branch_labels.py
[2024-07-09T16:51:03.779+0000] {logging_mixin.py:188} INFO - [2024-07-09T16:51:03.779+0000] {override.py:1769} INFO - Created Permission View: can delete on DAG:example_branch_labels
[2024-07-09T16:51:03.789+0000] {logging_mixin.py:188} INFO - [2024-07-09T16:51:03.789+0000] {override.py:1769} INFO - Created Permission View: can edit on DAG:example_branch_labels
[2024-07-09T16:51:03.797+0000] {logging_mixin.py:188} INFO - [2024-07-09T16:51:03.796+0000] {override.py:1769} INFO - Created Permission View: can read on DAG:example_branch_labels
[2024-07-09T16:51:03.798+0000] {logging_mixin.py:188} INFO - [2024-07-09T16:51:03.797+0000] {dag.py:3047} INFO - Sync 1 DAGs
[2024-07-09T16:51:03.809+0000] {logging_mixin.py:188} INFO - [2024-07-09T16:51:03.808+0000] {dag.py:3069} INFO - Creating ORM DAG for example_branch_labels
[2024-07-09T16:51:03.824+0000] {logging_mixin.py:188} INFO - [2024-07-09T16:51:03.823+0000] {dag.py:3834} INFO - Setting next_dagrun for example_branch_labels to 2024-07-08 00:00:00+00:00, run_after=2024-07-09 00:00:00+00:00
[2024-07-09T16:51:03.843+0000] {processor.py:183} INFO - Processing /home/airflow/.local/lib/python3.11/site-packages/airflow/example_dags/example_branch_labels.py took 0.203 seconds
[2024-07-09T16:51:34.581+0000] {processor.py:161} INFO - Started process (PID=644) to work on /home/airflow/.local/lib/python3.11/site-packages/airflow/example_dags/example_branch_labels.py
[2024-07-09T16:51:34.582+0000] {processor.py:830} INFO - Processing file /home/airflow/.local/lib/python3.11/site-packages/airflow/example_dags/example_branch_labels.py for tasks to queue
[2024-07-09T16:51:34.583+0000] {logging_mixin.py:188} INFO - [2024-07-09T16:51:34.583+0000] {dagbag.py:540} INFO - Filling up the DagBag from /home/airflow/.local/lib/python3.11/site-packages/airflow/example_dags/example_branch_labels.py
[2024-07-09T16:51:34.590+0000] {processor.py:840} INFO - DAG(s) 'example_branch_labels' retrieved from /home/airflow/.local/lib/python3.11/site-packages/airflow/example_dags/example_branch_labels.py
[2024-07-09T16:51:34.612+0000] {logging_mixin.py:188} INFO - [2024-07-09T16:51:34.612+0000] {dag.py:3047} INFO - Sync 1 DAGs
[2024-07-09T16:51:34.632+0000] {logging_mixin.py:188} INFO - [2024-07-09T16:51:34.631+0000] {dag.py:3834} INFO - Setting next_dagrun for example_branch_labels to 2024-07-08 00:00:00+00:00, run_after=2024-07-09 00:00:00+00:00
[2024-07-09T16:51:34.648+0000] {processor.py:183} INFO - Processing /home/airflow/.local/lib/python3.11/site-packages/airflow/example_dags/example_branch_labels.py took 0.069 seconds
[2024-07-09T16:52:04.786+0000] {processor.py:161} INFO - Started process (PID=906) to work on /home/airflow/.local/lib/python3.11/site-packages/airflow/example_dags/example_branch_labels.py
[2024-07-09T16:52:04.787+0000] {processor.py:830} INFO - Processing file /home/airflow/.local/lib/python3.11/site-packages/airflow/example_dags/example_branch_labels.py for tasks to queue
[2024-07-09T16:52:04.789+0000] {logging_mixin.py:188} INFO - [2024-07-09T16:52:04.788+0000] {dagbag.py:540} INFO - Filling up the DagBag from /home/airflow/.local/lib/python3.11/site-packages/airflow/example_dags/example_branch_labels.py
[2024-07-09T16:52:04.795+0000] {processor.py:840} INFO - DAG(s) 'example_branch_labels' retrieved from /home/airflow/.local/lib/python3.11/site-packages/airflow/example_dags/example_branch_labels.py
[2024-07-09T16:52:04.819+0000] {logging_mixin.py:188} INFO - [2024-07-09T16:52:04.819+0000] {dag.py:3047} INFO - Sync 1 DAGs
[2024-07-09T16:52:04.842+0000] {logging_mixin.py:188} INFO - [2024-07-09T16:52:04.842+0000] {dag.py:3834} INFO - Setting next_dagrun for example_branch_labels to 2024-07-08 00:00:00+00:00, run_after=2024-07-09 00:00:00+00:00
[2024-07-09T16:52:04.858+0000] {processor.py:183} INFO - Processing /home/airflow/.local/lib/python3.11/site-packages/airflow/example_dags/example_branch_labels.py took 0.074 seconds
[2024-07-09T16:52:35.255+0000] {processor.py:161} INFO - Started process (PID=1166) to work on /home/airflow/.local/lib/python3.11/site-packages/airflow/example_dags/example_branch_labels.py
[2024-07-09T16:52:35.256+0000] {processor.py:830} INFO - Processing file /home/airflow/.local/lib/python3.11/site-packages/airflow/example_dags/example_branch_labels.py for tasks to queue
[2024-07-09T16:52:35.257+0000] {logging_mixin.py:188} INFO - [2024-07-09T16:52:35.257+0000] {dagbag.py:540} INFO - Filling up the DagBag from /home/airflow/.local/lib/python3.11/site-packages/airflow/example_dags/example_branch_labels.py
[2024-07-09T16:52:35.267+0000] {processor.py:840} INFO - DAG(s) 'example_branch_labels' retrieved from /home/airflow/.local/lib/python3.11/site-packages/airflow/example_dags/example_branch_labels.py
[2024-07-09T16:52:35.294+0000] {logging_mixin.py:188} INFO - [2024-07-09T16:52:35.294+0000] {dag.py:3047} INFO - Sync 1 DAGs
[2024-07-09T16:52:35.316+0000] {logging_mixin.py:188} INFO - [2024-07-09T16:52:35.315+0000] {dag.py:3834} INFO - Setting next_dagrun for example_branch_labels to 2024-07-08 00:00:00+00:00, run_after=2024-07-09 00:00:00+00:00
[2024-07-09T16:52:35.338+0000] {processor.py:183} INFO - Processing /home/airflow/.local/lib/python3.11/site-packages/airflow/example_dags/example_branch_labels.py took 0.085 seconds
[2024-07-09T16:53:05.936+0000] {processor.py:161} INFO - Started process (PID=1430) to work on /home/airflow/.local/lib/python3.11/site-packages/airflow/example_dags/example_branch_labels.py
[2024-07-09T16:53:05.937+0000] {processor.py:830} INFO - Processing file /home/airflow/.local/lib/python3.11/site-packages/airflow/example_dags/example_branch_labels.py for tasks to queue
[2024-07-09T16:53:05.938+0000] {logging_mixin.py:188} INFO - [2024-07-09T16:53:05.938+0000] {dagbag.py:540} INFO - Filling up the DagBag from /home/airflow/.local/lib/python3.11/site-packages/airflow/example_dags/example_branch_labels.py
[2024-07-09T16:53:05.946+0000] {processor.py:840} INFO - DAG(s) 'example_branch_labels' retrieved from /home/airflow/.local/lib/python3.11/site-packages/airflow/example_dags/example_branch_labels.py
[2024-07-09T16:53:06.073+0000] {logging_mixin.py:188} INFO - [2024-07-09T16:53:06.073+0000] {dag.py:3047} INFO - Sync 1 DAGs
[2024-07-09T16:53:06.091+0000] {logging_mixin.py:188} INFO - [2024-07-09T16:53:06.091+0000] {dag.py:3834} INFO - Setting next_dagrun for example_branch_labels to 2024-07-08 00:00:00+00:00, run_after=2024-07-09 00:00:00+00:00
[2024-07-09T16:53:06.107+0000] {processor.py:183} INFO - Processing /home/airflow/.local/lib/python3.11/site-packages/airflow/example_dags/example_branch_labels.py took 0.173 seconds
[2024-07-09T16:53:36.234+0000] {processor.py:161} INFO - Started process (PID=1690) to work on /home/airflow/.local/lib/python3.11/site-packages/airflow/example_dags/example_branch_labels.py
[2024-07-09T16:53:36.235+0000] {processor.py:830} INFO - Processing file /home/airflow/.local/lib/python3.11/site-packages/airflow/example_dags/example_branch_labels.py for tasks to queue
[2024-07-09T16:53:36.236+0000] {logging_mixin.py:188} INFO - [2024-07-09T16:53:36.236+0000] {dagbag.py:540} INFO - Filling up the DagBag from /home/airflow/.local/lib/python3.11/site-packages/airflow/example_dags/example_branch_labels.py
[2024-07-09T16:53:36.245+0000] {processor.py:840} INFO - DAG(s) 'example_branch_labels' retrieved from /home/airflow/.local/lib/python3.11/site-packages/airflow/example_dags/example_branch_labels.py
[2024-07-09T16:53:36.268+0000] {logging_mixin.py:188} INFO - [2024-07-09T16:53:36.267+0000] {dag.py:3047} INFO - Sync 1 DAGs
[2024-07-09T16:53:36.290+0000] {logging_mixin.py:188} INFO - [2024-07-09T16:53:36.290+0000] {dag.py:3834} INFO - Setting next_dagrun for example_branch_labels to 2024-07-08 00:00:00+00:00, run_after=2024-07-09 00:00:00+00:00
[2024-07-09T16:53:36.306+0000] {processor.py:183} INFO - Processing /home/airflow/.local/lib/python3.11/site-packages/airflow/example_dags/example_branch_labels.py took 0.075 seconds
[2024-07-09T16:54:07.378+0000] {processor.py:161} INFO - Started process (PID=1952) to work on /home/airflow/.local/lib/python3.11/site-packages/airflow/example_dags/example_branch_labels.py
[2024-07-09T16:54:07.379+0000] {processor.py:830} INFO - Processing file /home/airflow/.local/lib/python3.11/site-packages/airflow/example_dags/example_branch_labels.py for tasks to queue
[2024-07-09T16:54:07.381+0000] {logging_mixin.py:188} INFO - [2024-07-09T16:54:07.380+0000] {dagbag.py:540} INFO - Filling up the DagBag from /home/airflow/.local/lib/python3.11/site-packages/airflow/example_dags/example_branch_labels.py
[2024-07-09T16:54:07.388+0000] {processor.py:840} INFO - DAG(s) 'example_branch_labels' retrieved from /home/airflow/.local/lib/python3.11/site-packages/airflow/example_dags/example_branch_labels.py
[2024-07-09T16:54:07.412+0000] {logging_mixin.py:188} INFO - [2024-07-09T16:54:07.412+0000] {dag.py:3047} INFO - Sync 1 DAGs
[2024-07-09T16:54:07.431+0000] {logging_mixin.py:188} INFO - [2024-07-09T16:54:07.431+0000] {dag.py:3834} INFO - Setting next_dagrun for example_branch_labels to 2024-07-08 00:00:00+00:00, run_after=2024-07-09 00:00:00+00:00
[2024-07-09T16:54:07.535+0000] {processor.py:183} INFO - Processing /home/airflow/.local/lib/python3.11/site-packages/airflow/example_dags/example_branch_labels.py took 0.160 seconds
[2024-07-09T16:54:37.643+0000] {processor.py:161} INFO - Started process (PID=2214) to work on /home/airflow/.local/lib/python3.11/site-packages/airflow/example_dags/example_branch_labels.py
[2024-07-09T16:54:37.644+0000] {processor.py:830} INFO - Processing file /home/airflow/.local/lib/python3.11/site-packages/airflow/example_dags/example_branch_labels.py for tasks to queue
[2024-07-09T16:54:37.645+0000] {logging_mixin.py:188} INFO - [2024-07-09T16:54:37.644+0000] {dagbag.py:540} INFO - Filling up the DagBag from /home/airflow/.local/lib/python3.11/site-packages/airflow/example_dags/example_branch_labels.py
[2024-07-09T16:54:37.652+0000] {processor.py:840} INFO - DAG(s) 'example_branch_labels' retrieved from /home/airflow/.local/lib/python3.11/site-packages/airflow/example_dags/example_branch_labels.py
[2024-07-09T16:54:37.685+0000] {logging_mixin.py:188} INFO - [2024-07-09T16:54:37.684+0000] {dag.py:3047} INFO - Sync 1 DAGs
[2024-07-09T16:54:37.714+0000] {logging_mixin.py:188} INFO - [2024-07-09T16:54:37.714+0000] {dag.py:3834} INFO - Setting next_dagrun for example_branch_labels to 2024-07-08 00:00:00+00:00, run_after=2024-07-09 00:00:00+00:00
[2024-07-09T16:54:37.736+0000] {processor.py:183} INFO - Processing /home/airflow/.local/lib/python3.11/site-packages/airflow/example_dags/example_branch_labels.py took 0.097 seconds
[2024-07-09T16:55:08.055+0000] {processor.py:161} INFO - Started process (PID=2476) to work on /home/airflow/.local/lib/python3.11/site-packages/airflow/example_dags/example_branch_labels.py
[2024-07-09T16:55:08.057+0000] {processor.py:830} INFO - Processing file /home/airflow/.local/lib/python3.11/site-packages/airflow/example_dags/example_branch_labels.py for tasks to queue
[2024-07-09T16:55:08.058+0000] {logging_mixin.py:188} INFO - [2024-07-09T16:55:08.057+0000] {dagbag.py:540} INFO - Filling up the DagBag from /home/airflow/.local/lib/python3.11/site-packages/airflow/example_dags/example_branch_labels.py
[2024-07-09T16:55:08.065+0000] {processor.py:840} INFO - DAG(s) 'example_branch_labels' retrieved from /home/airflow/.local/lib/python3.11/site-packages/airflow/example_dags/example_branch_labels.py
[2024-07-09T16:55:08.088+0000] {logging_mixin.py:188} INFO - [2024-07-09T16:55:08.087+0000] {dag.py:3047} INFO - Sync 1 DAGs
[2024-07-09T16:55:08.113+0000] {logging_mixin.py:188} INFO - [2024-07-09T16:55:08.112+0000] {dag.py:3834} INFO - Setting next_dagrun for example_branch_labels to 2024-07-08 00:00:00+00:00, run_after=2024-07-09 00:00:00+00:00
[2024-07-09T16:55:08.133+0000] {processor.py:183} INFO - Processing /home/airflow/.local/lib/python3.11/site-packages/airflow/example_dags/example_branch_labels.py took 0.081 seconds
[2024-07-09T16:55:38.538+0000] {processor.py:161} INFO - Started process (PID=2738) to work on /home/airflow/.local/lib/python3.11/site-packages/airflow/example_dags/example_branch_labels.py
[2024-07-09T16:55:38.539+0000] {processor.py:830} INFO - Processing file /home/airflow/.local/lib/python3.11/site-packages/airflow/example_dags/example_branch_labels.py for tasks to queue
[2024-07-09T16:55:38.540+0000] {logging_mixin.py:188} INFO - [2024-07-09T16:55:38.540+0000] {dagbag.py:540} INFO - Filling up the DagBag from /home/airflow/.local/lib/python3.11/site-packages/airflow/example_dags/example_branch_labels.py
[2024-07-09T16:55:38.547+0000] {processor.py:840} INFO - DAG(s) 'example_branch_labels' retrieved from /home/airflow/.local/lib/python3.11/site-packages/airflow/example_dags/example_branch_labels.py
[2024-07-09T16:55:38.570+0000] {logging_mixin.py:188} INFO - [2024-07-09T16:55:38.570+0000] {dag.py:3047} INFO - Sync 1 DAGs
[2024-07-09T16:55:38.590+0000] {logging_mixin.py:188} INFO - [2024-07-09T16:55:38.590+0000] {dag.py:3834} INFO - Setting next_dagrun for example_branch_labels to 2024-07-08 00:00:00+00:00, run_after=2024-07-09 00:00:00+00:00
[2024-07-09T16:55:38.608+0000] {processor.py:183} INFO - Processing /home/airflow/.local/lib/python3.11/site-packages/airflow/example_dags/example_branch_labels.py took 0.073 seconds
[2024-07-09T16:56:08.812+0000] {processor.py:161} INFO - Started process (PID=3002) to work on /home/airflow/.local/lib/python3.11/site-packages/airflow/example_dags/example_branch_labels.py
[2024-07-09T16:56:08.813+0000] {processor.py:830} INFO - Processing file /home/airflow/.local/lib/python3.11/site-packages/airflow/example_dags/example_branch_labels.py for tasks to queue
[2024-07-09T16:56:08.814+0000] {logging_mixin.py:188} INFO - [2024-07-09T16:56:08.814+0000] {dagbag.py:540} INFO - Filling up the DagBag from /home/airflow/.local/lib/python3.11/site-packages/airflow/example_dags/example_branch_labels.py
[2024-07-09T16:56:08.822+0000] {processor.py:840} INFO - DAG(s) 'example_branch_labels' retrieved from /home/airflow/.local/lib/python3.11/site-packages/airflow/example_dags/example_branch_labels.py
[2024-07-09T16:56:08.851+0000] {logging_mixin.py:188} INFO - [2024-07-09T16:56:08.851+0000] {dag.py:3047} INFO - Sync 1 DAGs
[2024-07-09T16:56:08.881+0000] {logging_mixin.py:188} INFO - [2024-07-09T16:56:08.880+0000] {dag.py:3834} INFO - Setting next_dagrun for example_branch_labels to 2024-07-08 00:00:00+00:00, run_after=2024-07-09 00:00:00+00:00
[2024-07-09T16:56:08.900+0000] {processor.py:183} INFO - Processing /home/airflow/.local/lib/python3.11/site-packages/airflow/example_dags/example_branch_labels.py took 0.092 seconds
[2024-07-09T16:56:39.227+0000] {processor.py:161} INFO - Started process (PID=3262) to work on /home/airflow/.local/lib/python3.11/site-packages/airflow/example_dags/example_branch_labels.py
[2024-07-09T16:56:39.228+0000] {processor.py:830} INFO - Processing file /home/airflow/.local/lib/python3.11/site-packages/airflow/example_dags/example_branch_labels.py for tasks to queue
[2024-07-09T16:56:39.229+0000] {logging_mixin.py:188} INFO - [2024-07-09T16:56:39.229+0000] {dagbag.py:540} INFO - Filling up the DagBag from /home/airflow/.local/lib/python3.11/site-packages/airflow/example_dags/example_branch_labels.py
[2024-07-09T16:56:39.236+0000] {processor.py:840} INFO - DAG(s) 'example_branch_labels' retrieved from /home/airflow/.local/lib/python3.11/site-packages/airflow/example_dags/example_branch_labels.py
[2024-07-09T16:56:39.259+0000] {logging_mixin.py:188} INFO - [2024-07-09T16:56:39.258+0000] {dag.py:3047} INFO - Sync 1 DAGs
[2024-07-09T16:56:39.280+0000] {logging_mixin.py:188} INFO - [2024-07-09T16:56:39.280+0000] {dag.py:3834} INFO - Setting next_dagrun for example_branch_labels to 2024-07-08 00:00:00+00:00, run_after=2024-07-09 00:00:00+00:00
[2024-07-09T16:56:39.296+0000] {processor.py:183} INFO - Processing /home/airflow/.local/lib/python3.11/site-packages/airflow/example_dags/example_branch_labels.py took 0.073 seconds
[2024-07-09T16:57:10.192+0000] {processor.py:161} INFO - Started process (PID=3524) to work on /home/airflow/.local/lib/python3.11/site-packages/airflow/example_dags/example_branch_labels.py
[2024-07-09T16:57:10.194+0000] {processor.py:830} INFO - Processing file /home/airflow/.local/lib/python3.11/site-packages/airflow/example_dags/example_branch_labels.py for tasks to queue
[2024-07-09T16:57:10.195+0000] {logging_mixin.py:188} INFO - [2024-07-09T16:57:10.194+0000] {dagbag.py:540} INFO - Filling up the DagBag from /home/airflow/.local/lib/python3.11/site-packages/airflow/example_dags/example_branch_labels.py
[2024-07-09T16:57:10.203+0000] {processor.py:840} INFO - DAG(s) 'example_branch_labels' retrieved from /home/airflow/.local/lib/python3.11/site-packages/airflow/example_dags/example_branch_labels.py
[2024-07-09T16:57:10.229+0000] {logging_mixin.py:188} INFO - [2024-07-09T16:57:10.228+0000] {dag.py:3047} INFO - Sync 1 DAGs
[2024-07-09T16:57:10.254+0000] {logging_mixin.py:188} INFO - [2024-07-09T16:57:10.254+0000] {dag.py:3834} INFO - Setting next_dagrun for example_branch_labels to 2024-07-08 00:00:00+00:00, run_after=2024-07-09 00:00:00+00:00
[2024-07-09T16:57:10.277+0000] {processor.py:183} INFO - Processing /home/airflow/.local/lib/python3.11/site-packages/airflow/example_dags/example_branch_labels.py took 0.090 seconds
[2024-07-09T16:57:41.338+0000] {processor.py:161} INFO - Started process (PID=3786) to work on /home/airflow/.local/lib/python3.11/site-packages/airflow/example_dags/example_branch_labels.py
[2024-07-09T16:57:41.339+0000] {processor.py:830} INFO - Processing file /home/airflow/.local/lib/python3.11/site-packages/airflow/example_dags/example_branch_labels.py for tasks to queue
[2024-07-09T16:57:41.340+0000] {logging_mixin.py:188} INFO - [2024-07-09T16:57:41.339+0000] {dagbag.py:540} INFO - Filling up the DagBag from /home/airflow/.local/lib/python3.11/site-packages/airflow/example_dags/example_branch_labels.py
[2024-07-09T16:57:41.348+0000] {processor.py:840} INFO - DAG(s) 'example_branch_labels' retrieved from /home/airflow/.local/lib/python3.11/site-packages/airflow/example_dags/example_branch_labels.py
[2024-07-09T16:57:41.380+0000] {logging_mixin.py:188} INFO - [2024-07-09T16:57:41.380+0000] {dag.py:3047} INFO - Sync 1 DAGs
[2024-07-09T16:57:41.405+0000] {logging_mixin.py:188} INFO - [2024-07-09T16:57:41.404+0000] {dag.py:3834} INFO - Setting next_dagrun for example_branch_labels to 2024-07-08 00:00:00+00:00, run_after=2024-07-09 00:00:00+00:00
[2024-07-09T16:57:41.429+0000] {processor.py:183} INFO - Processing /home/airflow/.local/lib/python3.11/site-packages/airflow/example_dags/example_branch_labels.py took 0.095 seconds
[2024-07-09T16:58:11.771+0000] {processor.py:161} INFO - Started process (PID=4048) to work on /home/airflow/.local/lib/python3.11/site-packages/airflow/example_dags/example_branch_labels.py
[2024-07-09T16:58:11.772+0000] {processor.py:830} INFO - Processing file /home/airflow/.local/lib/python3.11/site-packages/airflow/example_dags/example_branch_labels.py for tasks to queue
[2024-07-09T16:58:11.773+0000] {logging_mixin.py:188} INFO - [2024-07-09T16:58:11.773+0000] {dagbag.py:540} INFO - Filling up the DagBag from /home/airflow/.local/lib/python3.11/site-packages/airflow/example_dags/example_branch_labels.py
[2024-07-09T16:58:11.784+0000] {processor.py:840} INFO - DAG(s) 'example_branch_labels' retrieved from /home/airflow/.local/lib/python3.11/site-packages/airflow/example_dags/example_branch_labels.py
[2024-07-09T16:58:11.812+0000] {logging_mixin.py:188} INFO - [2024-07-09T16:58:11.812+0000] {dag.py:3047} INFO - Sync 1 DAGs
[2024-07-09T16:58:11.839+0000] {logging_mixin.py:188} INFO - [2024-07-09T16:58:11.838+0000] {dag.py:3834} INFO - Setting next_dagrun for example_branch_labels to 2024-07-08 00:00:00+00:00, run_after=2024-07-09 00:00:00+00:00
[2024-07-09T16:58:11.858+0000] {processor.py:183} INFO - Processing /home/airflow/.local/lib/python3.11/site-packages/airflow/example_dags/example_branch_labels.py took 0.089 seconds
[2024-07-09T16:58:41.983+0000] {processor.py:161} INFO - Started process (PID=4301) to work on /home/airflow/.local/lib/python3.11/site-packages/airflow/example_dags/example_branch_labels.py
[2024-07-09T16:58:41.984+0000] {processor.py:830} INFO - Processing file /home/airflow/.local/lib/python3.11/site-packages/airflow/example_dags/example_branch_labels.py for tasks to queue
[2024-07-09T16:58:41.985+0000] {logging_mixin.py:188} INFO - [2024-07-09T16:58:41.985+0000] {dagbag.py:540} INFO - Filling up the DagBag from /home/airflow/.local/lib/python3.11/site-packages/airflow/example_dags/example_branch_labels.py
[2024-07-09T16:58:41.993+0000] {processor.py:840} INFO - DAG(s) 'example_branch_labels' retrieved from /home/airflow/.local/lib/python3.11/site-packages/airflow/example_dags/example_branch_labels.py
[2024-07-09T16:58:42.019+0000] {logging_mixin.py:188} INFO - [2024-07-09T16:58:42.019+0000] {dag.py:3047} INFO - Sync 1 DAGs
[2024-07-09T16:58:42.044+0000] {logging_mixin.py:188} INFO - [2024-07-09T16:58:42.043+0000] {dag.py:3834} INFO - Setting next_dagrun for example_branch_labels to 2024-07-08 00:00:00+00:00, run_after=2024-07-09 00:00:00+00:00
[2024-07-09T16:58:42.062+0000] {processor.py:183} INFO - Processing /home/airflow/.local/lib/python3.11/site-packages/airflow/example_dags/example_branch_labels.py took 0.083 seconds
[2024-07-09T16:59:13.513+0000] {processor.py:161} INFO - Started process (PID=4572) to work on /home/airflow/.local/lib/python3.11/site-packages/airflow/example_dags/example_branch_labels.py
[2024-07-09T16:59:13.514+0000] {processor.py:830} INFO - Processing file /home/airflow/.local/lib/python3.11/site-packages/airflow/example_dags/example_branch_labels.py for tasks to queue
[2024-07-09T16:59:13.516+0000] {logging_mixin.py:188} INFO - [2024-07-09T16:59:13.515+0000] {dagbag.py:540} INFO - Filling up the DagBag from /home/airflow/.local/lib/python3.11/site-packages/airflow/example_dags/example_branch_labels.py
[2024-07-09T16:59:13.523+0000] {processor.py:840} INFO - DAG(s) 'example_branch_labels' retrieved from /home/airflow/.local/lib/python3.11/site-packages/airflow/example_dags/example_branch_labels.py
[2024-07-09T16:59:13.550+0000] {logging_mixin.py:188} INFO - [2024-07-09T16:59:13.550+0000] {dag.py:3047} INFO - Sync 1 DAGs
[2024-07-09T16:59:13.569+0000] {logging_mixin.py:188} INFO - [2024-07-09T16:59:13.569+0000] {dag.py:3834} INFO - Setting next_dagrun for example_branch_labels to 2024-07-08 00:00:00+00:00, run_after=2024-07-09 00:00:00+00:00
[2024-07-09T16:59:13.588+0000] {processor.py:183} INFO - Processing /home/airflow/.local/lib/python3.11/site-packages/airflow/example_dags/example_branch_labels.py took 0.079 seconds
[2024-07-09T16:59:44.300+0000] {processor.py:161} INFO - Started process (PID=4825) to work on /home/airflow/.local/lib/python3.11/site-packages/airflow/example_dags/example_branch_labels.py
[2024-07-09T16:59:44.302+0000] {processor.py:830} INFO - Processing file /home/airflow/.local/lib/python3.11/site-packages/airflow/example_dags/example_branch_labels.py for tasks to queue
[2024-07-09T16:59:44.303+0000] {logging_mixin.py:188} INFO - [2024-07-09T16:59:44.303+0000] {dagbag.py:540} INFO - Filling up the DagBag from /home/airflow/.local/lib/python3.11/site-packages/airflow/example_dags/example_branch_labels.py
[2024-07-09T16:59:44.311+0000] {processor.py:840} INFO - DAG(s) 'example_branch_labels' retrieved from /home/airflow/.local/lib/python3.11/site-packages/airflow/example_dags/example_branch_labels.py
[2024-07-09T16:59:44.333+0000] {logging_mixin.py:188} INFO - [2024-07-09T16:59:44.333+0000] {dag.py:3047} INFO - Sync 1 DAGs
[2024-07-09T16:59:44.357+0000] {logging_mixin.py:188} INFO - [2024-07-09T16:59:44.357+0000] {dag.py:3834} INFO - Setting next_dagrun for example_branch_labels to 2024-07-08 00:00:00+00:00, run_after=2024-07-09 00:00:00+00:00
[2024-07-09T16:59:44.380+0000] {processor.py:183} INFO - Processing /home/airflow/.local/lib/python3.11/site-packages/airflow/example_dags/example_branch_labels.py took 0.086 seconds
[2024-07-09T17:00:14.717+0000] {processor.py:161} INFO - Started process (PID=5082) to work on /home/airflow/.local/lib/python3.11/site-packages/airflow/example_dags/example_branch_labels.py
[2024-07-09T17:00:14.718+0000] {processor.py:830} INFO - Processing file /home/airflow/.local/lib/python3.11/site-packages/airflow/example_dags/example_branch_labels.py for tasks to queue
[2024-07-09T17:00:14.719+0000] {logging_mixin.py:188} INFO - [2024-07-09T17:00:14.718+0000] {dagbag.py:540} INFO - Filling up the DagBag from /home/airflow/.local/lib/python3.11/site-packages/airflow/example_dags/example_branch_labels.py
[2024-07-09T17:00:14.728+0000] {processor.py:840} INFO - DAG(s) 'example_branch_labels' retrieved from /home/airflow/.local/lib/python3.11/site-packages/airflow/example_dags/example_branch_labels.py
[2024-07-09T17:00:14.753+0000] {logging_mixin.py:188} INFO - [2024-07-09T17:00:14.753+0000] {dag.py:3047} INFO - Sync 1 DAGs
[2024-07-09T17:00:14.773+0000] {logging_mixin.py:188} INFO - [2024-07-09T17:00:14.773+0000] {dag.py:3834} INFO - Setting next_dagrun for example_branch_labels to 2024-07-08 00:00:00+00:00, run_after=2024-07-09 00:00:00+00:00
[2024-07-09T17:00:14.793+0000] {processor.py:183} INFO - Processing /home/airflow/.local/lib/python3.11/site-packages/airflow/example_dags/example_branch_labels.py took 0.079 seconds
[2024-07-09T17:00:45.248+0000] {processor.py:161} INFO - Started process (PID=5344) to work on /home/airflow/.local/lib/python3.11/site-packages/airflow/example_dags/example_branch_labels.py
[2024-07-09T17:00:45.249+0000] {processor.py:830} INFO - Processing file /home/airflow/.local/lib/python3.11/site-packages/airflow/example_dags/example_branch_labels.py for tasks to queue
[2024-07-09T17:00:45.250+0000] {logging_mixin.py:188} INFO - [2024-07-09T17:00:45.250+0000] {dagbag.py:540} INFO - Filling up the DagBag from /home/airflow/.local/lib/python3.11/site-packages/airflow/example_dags/example_branch_labels.py
[2024-07-09T17:00:45.257+0000] {processor.py:840} INFO - DAG(s) 'example_branch_labels' retrieved from /home/airflow/.local/lib/python3.11/site-packages/airflow/example_dags/example_branch_labels.py
[2024-07-09T17:00:45.278+0000] {logging_mixin.py:188} INFO - [2024-07-09T17:00:45.278+0000] {dag.py:3047} INFO - Sync 1 DAGs
[2024-07-09T17:00:45.298+0000] {logging_mixin.py:188} INFO - [2024-07-09T17:00:45.297+0000] {dag.py:3834} INFO - Setting next_dagrun for example_branch_labels to 2024-07-08 00:00:00+00:00, run_after=2024-07-09 00:00:00+00:00
[2024-07-09T17:00:45.314+0000] {processor.py:183} INFO - Processing /home/airflow/.local/lib/python3.11/site-packages/airflow/example_dags/example_branch_labels.py took 0.069 seconds
[2024-07-09T17:01:15.470+0000] {processor.py:161} INFO - Started process (PID=5606) to work on /home/airflow/.local/lib/python3.11/site-packages/airflow/example_dags/example_branch_labels.py
[2024-07-09T17:01:15.471+0000] {processor.py:830} INFO - Processing file /home/airflow/.local/lib/python3.11/site-packages/airflow/example_dags/example_branch_labels.py for tasks to queue
[2024-07-09T17:01:15.471+0000] {logging_mixin.py:188} INFO - [2024-07-09T17:01:15.471+0000] {dagbag.py:540} INFO - Filling up the DagBag from /home/airflow/.local/lib/python3.11/site-packages/airflow/example_dags/example_branch_labels.py
[2024-07-09T17:01:15.483+0000] {processor.py:840} INFO - DAG(s) 'example_branch_labels' retrieved from /home/airflow/.local/lib/python3.11/site-packages/airflow/example_dags/example_branch_labels.py
[2024-07-09T17:01:15.505+0000] {logging_mixin.py:188} INFO - [2024-07-09T17:01:15.505+0000] {dag.py:3047} INFO - Sync 1 DAGs
[2024-07-09T17:01:15.524+0000] {logging_mixin.py:188} INFO - [2024-07-09T17:01:15.524+0000] {dag.py:3834} INFO - Setting next_dagrun for example_branch_labels to 2024-07-08 00:00:00+00:00, run_after=2024-07-09 00:00:00+00:00
[2024-07-09T17:01:15.549+0000] {processor.py:183} INFO - Processing /home/airflow/.local/lib/python3.11/site-packages/airflow/example_dags/example_branch_labels.py took 0.081 seconds
[2024-07-09T17:01:45.669+0000] {processor.py:161} INFO - Started process (PID=5868) to work on /home/airflow/.local/lib/python3.11/site-packages/airflow/example_dags/example_branch_labels.py
[2024-07-09T17:01:45.670+0000] {processor.py:830} INFO - Processing file /home/airflow/.local/lib/python3.11/site-packages/airflow/example_dags/example_branch_labels.py for tasks to queue
[2024-07-09T17:01:45.671+0000] {logging_mixin.py:188} INFO - [2024-07-09T17:01:45.670+0000] {dagbag.py:540} INFO - Filling up the DagBag from /home/airflow/.local/lib/python3.11/site-packages/airflow/example_dags/example_branch_labels.py
[2024-07-09T17:01:45.677+0000] {processor.py:840} INFO - DAG(s) 'example_branch_labels' retrieved from /home/airflow/.local/lib/python3.11/site-packages/airflow/example_dags/example_branch_labels.py
[2024-07-09T17:01:45.698+0000] {logging_mixin.py:188} INFO - [2024-07-09T17:01:45.698+0000] {dag.py:3047} INFO - Sync 1 DAGs
[2024-07-09T17:01:45.717+0000] {logging_mixin.py:188} INFO - [2024-07-09T17:01:45.716+0000] {dag.py:3834} INFO - Setting next_dagrun for example_branch_labels to 2024-07-08 00:00:00+00:00, run_after=2024-07-09 00:00:00+00:00
[2024-07-09T17:01:45.747+0000] {processor.py:183} INFO - Processing /home/airflow/.local/lib/python3.11/site-packages/airflow/example_dags/example_branch_labels.py took 0.081 seconds
[2024-07-09T17:02:16.568+0000] {processor.py:161} INFO - Started process (PID=6130) to work on /home/airflow/.local/lib/python3.11/site-packages/airflow/example_dags/example_branch_labels.py
[2024-07-09T17:02:16.569+0000] {processor.py:830} INFO - Processing file /home/airflow/.local/lib/python3.11/site-packages/airflow/example_dags/example_branch_labels.py for tasks to queue
[2024-07-09T17:02:16.570+0000] {logging_mixin.py:188} INFO - [2024-07-09T17:02:16.569+0000] {dagbag.py:540} INFO - Filling up the DagBag from /home/airflow/.local/lib/python3.11/site-packages/airflow/example_dags/example_branch_labels.py
[2024-07-09T17:02:16.577+0000] {processor.py:840} INFO - DAG(s) 'example_branch_labels' retrieved from /home/airflow/.local/lib/python3.11/site-packages/airflow/example_dags/example_branch_labels.py
[2024-07-09T17:02:16.602+0000] {logging_mixin.py:188} INFO - [2024-07-09T17:02:16.602+0000] {dag.py:3047} INFO - Sync 1 DAGs
[2024-07-09T17:02:16.621+0000] {logging_mixin.py:188} INFO - [2024-07-09T17:02:16.620+0000] {dag.py:3834} INFO - Setting next_dagrun for example_branch_labels to 2024-07-08 00:00:00+00:00, run_after=2024-07-09 00:00:00+00:00
[2024-07-09T17:02:16.638+0000] {processor.py:183} INFO - Processing /home/airflow/.local/lib/python3.11/site-packages/airflow/example_dags/example_branch_labels.py took 0.073 seconds
[2024-07-09T17:02:47.269+0000] {processor.py:161} INFO - Started process (PID=6392) to work on /home/airflow/.local/lib/python3.11/site-packages/airflow/example_dags/example_branch_labels.py
[2024-07-09T17:02:47.270+0000] {processor.py:830} INFO - Processing file /home/airflow/.local/lib/python3.11/site-packages/airflow/example_dags/example_branch_labels.py for tasks to queue
[2024-07-09T17:02:47.271+0000] {logging_mixin.py:188} INFO - [2024-07-09T17:02:47.270+0000] {dagbag.py:540} INFO - Filling up the DagBag from /home/airflow/.local/lib/python3.11/site-packages/airflow/example_dags/example_branch_labels.py
[2024-07-09T17:02:47.277+0000] {processor.py:840} INFO - DAG(s) 'example_branch_labels' retrieved from /home/airflow/.local/lib/python3.11/site-packages/airflow/example_dags/example_branch_labels.py
[2024-07-09T17:02:47.299+0000] {logging_mixin.py:188} INFO - [2024-07-09T17:02:47.299+0000] {dag.py:3047} INFO - Sync 1 DAGs
[2024-07-09T17:02:47.319+0000] {logging_mixin.py:188} INFO - [2024-07-09T17:02:47.319+0000] {dag.py:3834} INFO - Setting next_dagrun for example_branch_labels to 2024-07-08 00:00:00+00:00, run_after=2024-07-09 00:00:00+00:00
[2024-07-09T17:02:47.345+0000] {processor.py:183} INFO - Processing /home/airflow/.local/lib/python3.11/site-packages/airflow/example_dags/example_branch_labels.py took 0.080 seconds
[2024-07-09T17:03:17.695+0000] {processor.py:161} INFO - Started process (PID=6654) to work on /home/airflow/.local/lib/python3.11/site-packages/airflow/example_dags/example_branch_labels.py
[2024-07-09T17:03:17.696+0000] {processor.py:830} INFO - Processing file /home/airflow/.local/lib/python3.11/site-packages/airflow/example_dags/example_branch_labels.py for tasks to queue
[2024-07-09T17:03:17.696+0000] {logging_mixin.py:188} INFO - [2024-07-09T17:03:17.696+0000] {dagbag.py:540} INFO - Filling up the DagBag from /home/airflow/.local/lib/python3.11/site-packages/airflow/example_dags/example_branch_labels.py
[2024-07-09T17:03:17.703+0000] {processor.py:840} INFO - DAG(s) 'example_branch_labels' retrieved from /home/airflow/.local/lib/python3.11/site-packages/airflow/example_dags/example_branch_labels.py
[2024-07-09T17:03:17.727+0000] {logging_mixin.py:188} INFO - [2024-07-09T17:03:17.726+0000] {dag.py:3047} INFO - Sync 1 DAGs
[2024-07-09T17:03:17.746+0000] {logging_mixin.py:188} INFO - [2024-07-09T17:03:17.746+0000] {dag.py:3834} INFO - Setting next_dagrun for example_branch_labels to 2024-07-08 00:00:00+00:00, run_after=2024-07-09 00:00:00+00:00
[2024-07-09T17:03:17.763+0000] {processor.py:183} INFO - Processing /home/airflow/.local/lib/python3.11/site-packages/airflow/example_dags/example_branch_labels.py took 0.071 seconds
[2024-07-09T17:03:48.402+0000] {processor.py:161} INFO - Started process (PID=6916) to work on /home/airflow/.local/lib/python3.11/site-packages/airflow/example_dags/example_branch_labels.py
[2024-07-09T17:03:48.403+0000] {processor.py:830} INFO - Processing file /home/airflow/.local/lib/python3.11/site-packages/airflow/example_dags/example_branch_labels.py for tasks to queue
[2024-07-09T17:03:48.404+0000] {logging_mixin.py:188} INFO - [2024-07-09T17:03:48.404+0000] {dagbag.py:540} INFO - Filling up the DagBag from /home/airflow/.local/lib/python3.11/site-packages/airflow/example_dags/example_branch_labels.py
[2024-07-09T17:03:48.410+0000] {processor.py:840} INFO - DAG(s) 'example_branch_labels' retrieved from /home/airflow/.local/lib/python3.11/site-packages/airflow/example_dags/example_branch_labels.py
[2024-07-09T17:03:48.431+0000] {logging_mixin.py:188} INFO - [2024-07-09T17:03:48.431+0000] {dag.py:3047} INFO - Sync 1 DAGs
[2024-07-09T17:03:48.451+0000] {logging_mixin.py:188} INFO - [2024-07-09T17:03:48.451+0000] {dag.py:3834} INFO - Setting next_dagrun for example_branch_labels to 2024-07-08 00:00:00+00:00, run_after=2024-07-09 00:00:00+00:00
[2024-07-09T17:03:48.479+0000] {processor.py:183} INFO - Processing /home/airflow/.local/lib/python3.11/site-packages/airflow/example_dags/example_branch_labels.py took 0.080 seconds
[2024-07-09T17:04:19.196+0000] {processor.py:161} INFO - Started process (PID=7178) to work on /home/airflow/.local/lib/python3.11/site-packages/airflow/example_dags/example_branch_labels.py
[2024-07-09T17:04:19.197+0000] {processor.py:830} INFO - Processing file /home/airflow/.local/lib/python3.11/site-packages/airflow/example_dags/example_branch_labels.py for tasks to queue
[2024-07-09T17:04:19.198+0000] {logging_mixin.py:188} INFO - [2024-07-09T17:04:19.198+0000] {dagbag.py:540} INFO - Filling up the DagBag from /home/airflow/.local/lib/python3.11/site-packages/airflow/example_dags/example_branch_labels.py
[2024-07-09T17:04:19.206+0000] {processor.py:840} INFO - DAG(s) 'example_branch_labels' retrieved from /home/airflow/.local/lib/python3.11/site-packages/airflow/example_dags/example_branch_labels.py
[2024-07-09T17:04:19.229+0000] {logging_mixin.py:188} INFO - [2024-07-09T17:04:19.229+0000] {dag.py:3047} INFO - Sync 1 DAGs
[2024-07-09T17:04:19.249+0000] {logging_mixin.py:188} INFO - [2024-07-09T17:04:19.249+0000] {dag.py:3834} INFO - Setting next_dagrun for example_branch_labels to 2024-07-08 00:00:00+00:00, run_after=2024-07-09 00:00:00+00:00
[2024-07-09T17:04:19.271+0000] {processor.py:183} INFO - Processing /home/airflow/.local/lib/python3.11/site-packages/airflow/example_dags/example_branch_labels.py took 0.079 seconds
[2024-07-09T17:04:50.177+0000] {processor.py:161} INFO - Started process (PID=7474) to work on /home/airflow/.local/lib/python3.11/site-packages/airflow/example_dags/example_branch_labels.py
[2024-07-09T17:04:50.178+0000] {processor.py:830} INFO - Processing file /home/airflow/.local/lib/python3.11/site-packages/airflow/example_dags/example_branch_labels.py for tasks to queue
[2024-07-09T17:04:50.179+0000] {logging_mixin.py:188} INFO - [2024-07-09T17:04:50.179+0000] {dagbag.py:540} INFO - Filling up the DagBag from /home/airflow/.local/lib/python3.11/site-packages/airflow/example_dags/example_branch_labels.py
[2024-07-09T17:04:50.189+0000] {processor.py:840} INFO - DAG(s) 'example_branch_labels' retrieved from /home/airflow/.local/lib/python3.11/site-packages/airflow/example_dags/example_branch_labels.py
[2024-07-09T17:04:50.219+0000] {logging_mixin.py:188} INFO - [2024-07-09T17:04:50.219+0000] {dag.py:3047} INFO - Sync 1 DAGs
[2024-07-09T17:04:50.244+0000] {logging_mixin.py:188} INFO - [2024-07-09T17:04:50.244+0000] {dag.py:3834} INFO - Setting next_dagrun for example_branch_labels to 2024-07-08 00:00:00+00:00, run_after=2024-07-09 00:00:00+00:00
[2024-07-09T17:04:50.275+0000] {processor.py:183} INFO - Processing /home/airflow/.local/lib/python3.11/site-packages/airflow/example_dags/example_branch_labels.py took 0.101 seconds
[2024-07-09T17:05:20.896+0000] {processor.py:161} INFO - Started process (PID=7736) to work on /home/airflow/.local/lib/python3.11/site-packages/airflow/example_dags/example_branch_labels.py
[2024-07-09T17:05:20.897+0000] {processor.py:830} INFO - Processing file /home/airflow/.local/lib/python3.11/site-packages/airflow/example_dags/example_branch_labels.py for tasks to queue
[2024-07-09T17:05:20.898+0000] {logging_mixin.py:188} INFO - [2024-07-09T17:05:20.898+0000] {dagbag.py:540} INFO - Filling up the DagBag from /home/airflow/.local/lib/python3.11/site-packages/airflow/example_dags/example_branch_labels.py
[2024-07-09T17:05:20.907+0000] {processor.py:840} INFO - DAG(s) 'example_branch_labels' retrieved from /home/airflow/.local/lib/python3.11/site-packages/airflow/example_dags/example_branch_labels.py
[2024-07-09T17:05:20.932+0000] {logging_mixin.py:188} INFO - [2024-07-09T17:05:20.931+0000] {dag.py:3047} INFO - Sync 1 DAGs
[2024-07-09T17:05:20.949+0000] {logging_mixin.py:188} INFO - [2024-07-09T17:05:20.949+0000] {dag.py:3834} INFO - Setting next_dagrun for example_branch_labels to 2024-07-08 00:00:00+00:00, run_after=2024-07-09 00:00:00+00:00
[2024-07-09T17:05:20.971+0000] {processor.py:183} INFO - Processing /home/airflow/.local/lib/python3.11/site-packages/airflow/example_dags/example_branch_labels.py took 0.078 seconds
[2024-07-09T17:05:51.636+0000] {processor.py:161} INFO - Started process (PID=7998) to work on /home/airflow/.local/lib/python3.11/site-packages/airflow/example_dags/example_branch_labels.py
[2024-07-09T17:05:51.637+0000] {processor.py:830} INFO - Processing file /home/airflow/.local/lib/python3.11/site-packages/airflow/example_dags/example_branch_labels.py for tasks to queue
[2024-07-09T17:05:51.638+0000] {logging_mixin.py:188} INFO - [2024-07-09T17:05:51.638+0000] {dagbag.py:540} INFO - Filling up the DagBag from /home/airflow/.local/lib/python3.11/site-packages/airflow/example_dags/example_branch_labels.py
[2024-07-09T17:05:51.644+0000] {processor.py:840} INFO - DAG(s) 'example_branch_labels' retrieved from /home/airflow/.local/lib/python3.11/site-packages/airflow/example_dags/example_branch_labels.py
[2024-07-09T17:05:51.667+0000] {logging_mixin.py:188} INFO - [2024-07-09T17:05:51.666+0000] {dag.py:3047} INFO - Sync 1 DAGs
[2024-07-09T17:05:51.686+0000] {logging_mixin.py:188} INFO - [2024-07-09T17:05:51.685+0000] {dag.py:3834} INFO - Setting next_dagrun for example_branch_labels to 2024-07-08 00:00:00+00:00, run_after=2024-07-09 00:00:00+00:00
[2024-07-09T17:05:51.714+0000] {processor.py:183} INFO - Processing /home/airflow/.local/lib/python3.11/site-packages/airflow/example_dags/example_branch_labels.py took 0.081 seconds
[2024-07-09T17:06:21.996+0000] {processor.py:161} INFO - Started process (PID=8260) to work on /home/airflow/.local/lib/python3.11/site-packages/airflow/example_dags/example_branch_labels.py
[2024-07-09T17:06:21.997+0000] {processor.py:830} INFO - Processing file /home/airflow/.local/lib/python3.11/site-packages/airflow/example_dags/example_branch_labels.py for tasks to queue
[2024-07-09T17:06:21.998+0000] {logging_mixin.py:188} INFO - [2024-07-09T17:06:21.998+0000] {dagbag.py:540} INFO - Filling up the DagBag from /home/airflow/.local/lib/python3.11/site-packages/airflow/example_dags/example_branch_labels.py
[2024-07-09T17:06:22.005+0000] {processor.py:840} INFO - DAG(s) 'example_branch_labels' retrieved from /home/airflow/.local/lib/python3.11/site-packages/airflow/example_dags/example_branch_labels.py
[2024-07-09T17:06:22.031+0000] {logging_mixin.py:188} INFO - [2024-07-09T17:06:22.031+0000] {dag.py:3047} INFO - Sync 1 DAGs
[2024-07-09T17:06:22.052+0000] {logging_mixin.py:188} INFO - [2024-07-09T17:06:22.051+0000] {dag.py:3834} INFO - Setting next_dagrun for example_branch_labels to 2024-07-08 00:00:00+00:00, run_after=2024-07-09 00:00:00+00:00
[2024-07-09T17:06:22.071+0000] {processor.py:183} INFO - Processing /home/airflow/.local/lib/python3.11/site-packages/airflow/example_dags/example_branch_labels.py took 0.078 seconds
[2024-07-09T17:06:52.595+0000] {processor.py:161} INFO - Started process (PID=8502) to work on /home/airflow/.local/lib/python3.11/site-packages/airflow/example_dags/example_branch_labels.py
[2024-07-09T17:06:52.597+0000] {processor.py:830} INFO - Processing file /home/airflow/.local/lib/python3.11/site-packages/airflow/example_dags/example_branch_labels.py for tasks to queue
[2024-07-09T17:06:52.598+0000] {logging_mixin.py:188} INFO - [2024-07-09T17:06:52.598+0000] {dagbag.py:540} INFO - Filling up the DagBag from /home/airflow/.local/lib/python3.11/site-packages/airflow/example_dags/example_branch_labels.py
[2024-07-09T17:06:52.611+0000] {processor.py:840} INFO - DAG(s) 'example_branch_labels' retrieved from /home/airflow/.local/lib/python3.11/site-packages/airflow/example_dags/example_branch_labels.py
[2024-07-09T17:06:52.655+0000] {logging_mixin.py:188} INFO - [2024-07-09T17:06:52.655+0000] {dag.py:3047} INFO - Sync 1 DAGs
[2024-07-09T17:06:52.691+0000] {logging_mixin.py:188} INFO - [2024-07-09T17:06:52.691+0000] {dag.py:3834} INFO - Setting next_dagrun for example_branch_labels to 2024-07-08 00:00:00+00:00, run_after=2024-07-09 00:00:00+00:00
[2024-07-09T17:06:52.726+0000] {processor.py:183} INFO - Processing /home/airflow/.local/lib/python3.11/site-packages/airflow/example_dags/example_branch_labels.py took 0.135 seconds
