[2024-07-09T16:50:58.035+0000] {processor.py:161} INFO - Started process (PID=230) to work on /home/airflow/.local/lib/python3.11/site-packages/airflow/example_dags/example_external_task_marker_dag.py
[2024-07-09T16:50:58.037+0000] {processor.py:830} INFO - Processing file /home/airflow/.local/lib/python3.11/site-packages/airflow/example_dags/example_external_task_marker_dag.py for tasks to queue
[2024-07-09T16:50:58.040+0000] {logging_mixin.py:188} INFO - [2024-07-09T16:50:58.039+0000] {dagbag.py:540} INFO - Filling up the DagBag from /home/airflow/.local/lib/python3.11/site-packages/airflow/example_dags/example_external_task_marker_dag.py
[2024-07-09T16:50:58.058+0000] {processor.py:840} INFO - DAG(s) 'example_external_task_marker_parent', 'example_external_task_marker_child' retrieved from /home/airflow/.local/lib/python3.11/site-packages/airflow/example_dags/example_external_task_marker_dag.py
[2024-07-09T16:50:58.329+0000] {logging_mixin.py:188} INFO - [2024-07-09T16:50:58.328+0000] {override.py:1769} INFO - Created Permission View: can delete on DAG:example_external_task_marker_parent
[2024-07-09T16:50:58.348+0000] {logging_mixin.py:188} INFO - [2024-07-09T16:50:58.347+0000] {override.py:1769} INFO - Created Permission View: can edit on DAG:example_external_task_marker_parent
[2024-07-09T16:50:58.362+0000] {logging_mixin.py:188} INFO - [2024-07-09T16:50:58.361+0000] {override.py:1769} INFO - Created Permission View: can read on DAG:example_external_task_marker_parent
[2024-07-09T16:50:58.385+0000] {logging_mixin.py:188} INFO - [2024-07-09T16:50:58.385+0000] {override.py:1769} INFO - Created Permission View: can delete on DAG:example_external_task_marker_child
[2024-07-09T16:50:58.397+0000] {logging_mixin.py:188} INFO - [2024-07-09T16:50:58.396+0000] {override.py:1769} INFO - Created Permission View: can edit on DAG:example_external_task_marker_child
[2024-07-09T16:50:58.411+0000] {logging_mixin.py:188} INFO - [2024-07-09T16:50:58.410+0000] {override.py:1769} INFO - Created Permission View: can read on DAG:example_external_task_marker_child
[2024-07-09T16:50:58.412+0000] {logging_mixin.py:188} INFO - [2024-07-09T16:50:58.412+0000] {dag.py:3047} INFO - Sync 2 DAGs
[2024-07-09T16:50:58.436+0000] {logging_mixin.py:188} INFO - [2024-07-09T16:50:58.435+0000] {dag.py:3069} INFO - Creating ORM DAG for example_external_task_marker_child
[2024-07-09T16:50:58.438+0000] {logging_mixin.py:188} INFO - [2024-07-09T16:50:58.437+0000] {dag.py:3069} INFO - Creating ORM DAG for example_external_task_marker_parent
[2024-07-09T16:50:58.439+0000] {logging_mixin.py:188} INFO - [2024-07-09T16:50:58.439+0000] {dag.py:3834} INFO - Setting next_dagrun for example_external_task_marker_child to None, run_after=None
[2024-07-09T16:50:58.441+0000] {logging_mixin.py:188} INFO - [2024-07-09T16:50:58.441+0000] {dag.py:3834} INFO - Setting next_dagrun for example_external_task_marker_parent to None, run_after=None
[2024-07-09T16:50:58.494+0000] {processor.py:183} INFO - Processing /home/airflow/.local/lib/python3.11/site-packages/airflow/example_dags/example_external_task_marker_dag.py took 0.463 seconds
[2024-07-09T16:51:28.705+0000] {processor.py:161} INFO - Started process (PID=492) to work on /home/airflow/.local/lib/python3.11/site-packages/airflow/example_dags/example_external_task_marker_dag.py
[2024-07-09T16:51:28.706+0000] {processor.py:830} INFO - Processing file /home/airflow/.local/lib/python3.11/site-packages/airflow/example_dags/example_external_task_marker_dag.py for tasks to queue
[2024-07-09T16:51:28.706+0000] {logging_mixin.py:188} INFO - [2024-07-09T16:51:28.706+0000] {dagbag.py:540} INFO - Filling up the DagBag from /home/airflow/.local/lib/python3.11/site-packages/airflow/example_dags/example_external_task_marker_dag.py
[2024-07-09T16:51:28.715+0000] {processor.py:840} INFO - DAG(s) 'example_external_task_marker_parent', 'example_external_task_marker_child' retrieved from /home/airflow/.local/lib/python3.11/site-packages/airflow/example_dags/example_external_task_marker_dag.py
[2024-07-09T16:51:28.748+0000] {logging_mixin.py:188} INFO - [2024-07-09T16:51:28.748+0000] {dag.py:3047} INFO - Sync 2 DAGs
[2024-07-09T16:51:28.761+0000] {logging_mixin.py:188} INFO - [2024-07-09T16:51:28.760+0000] {dag.py:3834} INFO - Setting next_dagrun for example_external_task_marker_child to None, run_after=None
[2024-07-09T16:51:28.765+0000] {logging_mixin.py:188} INFO - [2024-07-09T16:51:28.764+0000] {dag.py:3834} INFO - Setting next_dagrun for example_external_task_marker_parent to None, run_after=None
[2024-07-09T16:51:28.786+0000] {processor.py:183} INFO - Processing /home/airflow/.local/lib/python3.11/site-packages/airflow/example_dags/example_external_task_marker_dag.py took 0.084 seconds
[2024-07-09T16:51:58.879+0000] {processor.py:161} INFO - Started process (PID=754) to work on /home/airflow/.local/lib/python3.11/site-packages/airflow/example_dags/example_external_task_marker_dag.py
[2024-07-09T16:51:58.880+0000] {processor.py:830} INFO - Processing file /home/airflow/.local/lib/python3.11/site-packages/airflow/example_dags/example_external_task_marker_dag.py for tasks to queue
[2024-07-09T16:51:58.881+0000] {logging_mixin.py:188} INFO - [2024-07-09T16:51:58.881+0000] {dagbag.py:540} INFO - Filling up the DagBag from /home/airflow/.local/lib/python3.11/site-packages/airflow/example_dags/example_external_task_marker_dag.py
[2024-07-09T16:51:58.889+0000] {processor.py:840} INFO - DAG(s) 'example_external_task_marker_child', 'example_external_task_marker_parent' retrieved from /home/airflow/.local/lib/python3.11/site-packages/airflow/example_dags/example_external_task_marker_dag.py
[2024-07-09T16:51:58.917+0000] {logging_mixin.py:188} INFO - [2024-07-09T16:51:58.917+0000] {dag.py:3047} INFO - Sync 2 DAGs
[2024-07-09T16:51:58.929+0000] {logging_mixin.py:188} INFO - [2024-07-09T16:51:58.929+0000] {dag.py:3834} INFO - Setting next_dagrun for example_external_task_marker_child to None, run_after=None
[2024-07-09T16:51:58.933+0000] {logging_mixin.py:188} INFO - [2024-07-09T16:51:58.933+0000] {dag.py:3834} INFO - Setting next_dagrun for example_external_task_marker_parent to None, run_after=None
[2024-07-09T16:51:58.948+0000] {processor.py:183} INFO - Processing /home/airflow/.local/lib/python3.11/site-packages/airflow/example_dags/example_external_task_marker_dag.py took 0.072 seconds
[2024-07-09T16:52:30.140+0000] {processor.py:161} INFO - Started process (PID=1016) to work on /home/airflow/.local/lib/python3.11/site-packages/airflow/example_dags/example_external_task_marker_dag.py
[2024-07-09T16:52:30.142+0000] {processor.py:830} INFO - Processing file /home/airflow/.local/lib/python3.11/site-packages/airflow/example_dags/example_external_task_marker_dag.py for tasks to queue
[2024-07-09T16:52:30.143+0000] {logging_mixin.py:188} INFO - [2024-07-09T16:52:30.142+0000] {dagbag.py:540} INFO - Filling up the DagBag from /home/airflow/.local/lib/python3.11/site-packages/airflow/example_dags/example_external_task_marker_dag.py
[2024-07-09T16:52:30.151+0000] {processor.py:840} INFO - DAG(s) 'example_external_task_marker_child', 'example_external_task_marker_parent' retrieved from /home/airflow/.local/lib/python3.11/site-packages/airflow/example_dags/example_external_task_marker_dag.py
[2024-07-09T16:52:30.187+0000] {logging_mixin.py:188} INFO - [2024-07-09T16:52:30.187+0000] {dag.py:3047} INFO - Sync 2 DAGs
[2024-07-09T16:52:30.202+0000] {logging_mixin.py:188} INFO - [2024-07-09T16:52:30.201+0000] {dag.py:3834} INFO - Setting next_dagrun for example_external_task_marker_child to None, run_after=None
[2024-07-09T16:52:30.206+0000] {logging_mixin.py:188} INFO - [2024-07-09T16:52:30.205+0000] {dag.py:3834} INFO - Setting next_dagrun for example_external_task_marker_parent to None, run_after=None
[2024-07-09T16:52:30.232+0000] {processor.py:183} INFO - Processing /home/airflow/.local/lib/python3.11/site-packages/airflow/example_dags/example_external_task_marker_dag.py took 0.095 seconds
[2024-07-09T16:53:00.796+0000] {processor.py:161} INFO - Started process (PID=1269) to work on /home/airflow/.local/lib/python3.11/site-packages/airflow/example_dags/example_external_task_marker_dag.py
[2024-07-09T16:53:00.797+0000] {processor.py:830} INFO - Processing file /home/airflow/.local/lib/python3.11/site-packages/airflow/example_dags/example_external_task_marker_dag.py for tasks to queue
[2024-07-09T16:53:00.798+0000] {logging_mixin.py:188} INFO - [2024-07-09T16:53:00.798+0000] {dagbag.py:540} INFO - Filling up the DagBag from /home/airflow/.local/lib/python3.11/site-packages/airflow/example_dags/example_external_task_marker_dag.py
[2024-07-09T16:53:00.805+0000] {processor.py:840} INFO - DAG(s) 'example_external_task_marker_parent', 'example_external_task_marker_child' retrieved from /home/airflow/.local/lib/python3.11/site-packages/airflow/example_dags/example_external_task_marker_dag.py
[2024-07-09T16:53:00.835+0000] {logging_mixin.py:188} INFO - [2024-07-09T16:53:00.835+0000] {dag.py:3047} INFO - Sync 2 DAGs
[2024-07-09T16:53:00.848+0000] {logging_mixin.py:188} INFO - [2024-07-09T16:53:00.848+0000] {dag.py:3834} INFO - Setting next_dagrun for example_external_task_marker_child to None, run_after=None
[2024-07-09T16:53:00.853+0000] {logging_mixin.py:188} INFO - [2024-07-09T16:53:00.852+0000] {dag.py:3834} INFO - Setting next_dagrun for example_external_task_marker_parent to None, run_after=None
[2024-07-09T16:53:01.000+0000] {processor.py:183} INFO - Processing /home/airflow/.local/lib/python3.11/site-packages/airflow/example_dags/example_external_task_marker_dag.py took 0.207 seconds
[2024-07-09T16:53:31.134+0000] {processor.py:161} INFO - Started process (PID=1526) to work on /home/airflow/.local/lib/python3.11/site-packages/airflow/example_dags/example_external_task_marker_dag.py
[2024-07-09T16:53:31.135+0000] {processor.py:830} INFO - Processing file /home/airflow/.local/lib/python3.11/site-packages/airflow/example_dags/example_external_task_marker_dag.py for tasks to queue
[2024-07-09T16:53:31.136+0000] {logging_mixin.py:188} INFO - [2024-07-09T16:53:31.136+0000] {dagbag.py:540} INFO - Filling up the DagBag from /home/airflow/.local/lib/python3.11/site-packages/airflow/example_dags/example_external_task_marker_dag.py
[2024-07-09T16:53:31.143+0000] {processor.py:840} INFO - DAG(s) 'example_external_task_marker_parent', 'example_external_task_marker_child' retrieved from /home/airflow/.local/lib/python3.11/site-packages/airflow/example_dags/example_external_task_marker_dag.py
[2024-07-09T16:53:31.169+0000] {logging_mixin.py:188} INFO - [2024-07-09T16:53:31.169+0000] {dag.py:3047} INFO - Sync 2 DAGs
[2024-07-09T16:53:31.181+0000] {logging_mixin.py:188} INFO - [2024-07-09T16:53:31.181+0000] {dag.py:3834} INFO - Setting next_dagrun for example_external_task_marker_child to None, run_after=None
[2024-07-09T16:53:31.184+0000] {logging_mixin.py:188} INFO - [2024-07-09T16:53:31.184+0000] {dag.py:3834} INFO - Setting next_dagrun for example_external_task_marker_parent to None, run_after=None
[2024-07-09T16:53:31.204+0000] {processor.py:183} INFO - Processing /home/airflow/.local/lib/python3.11/site-packages/airflow/example_dags/example_external_task_marker_dag.py took 0.073 seconds
[2024-07-09T16:54:01.640+0000] {processor.py:161} INFO - Started process (PID=1790) to work on /home/airflow/.local/lib/python3.11/site-packages/airflow/example_dags/example_external_task_marker_dag.py
[2024-07-09T16:54:01.641+0000] {processor.py:830} INFO - Processing file /home/airflow/.local/lib/python3.11/site-packages/airflow/example_dags/example_external_task_marker_dag.py for tasks to queue
[2024-07-09T16:54:01.642+0000] {logging_mixin.py:188} INFO - [2024-07-09T16:54:01.641+0000] {dagbag.py:540} INFO - Filling up the DagBag from /home/airflow/.local/lib/python3.11/site-packages/airflow/example_dags/example_external_task_marker_dag.py
[2024-07-09T16:54:01.648+0000] {processor.py:840} INFO - DAG(s) 'example_external_task_marker_parent', 'example_external_task_marker_child' retrieved from /home/airflow/.local/lib/python3.11/site-packages/airflow/example_dags/example_external_task_marker_dag.py
[2024-07-09T16:54:01.671+0000] {logging_mixin.py:188} INFO - [2024-07-09T16:54:01.671+0000] {dag.py:3047} INFO - Sync 2 DAGs
[2024-07-09T16:54:01.681+0000] {logging_mixin.py:188} INFO - [2024-07-09T16:54:01.680+0000] {dag.py:3834} INFO - Setting next_dagrun for example_external_task_marker_child to None, run_after=None
[2024-07-09T16:54:01.684+0000] {logging_mixin.py:188} INFO - [2024-07-09T16:54:01.683+0000] {dag.py:3834} INFO - Setting next_dagrun for example_external_task_marker_parent to None, run_after=None
[2024-07-09T16:54:01.698+0000] {processor.py:183} INFO - Processing /home/airflow/.local/lib/python3.11/site-packages/airflow/example_dags/example_external_task_marker_dag.py took 0.060 seconds
[2024-07-09T16:54:31.819+0000] {processor.py:161} INFO - Started process (PID=2052) to work on /home/airflow/.local/lib/python3.11/site-packages/airflow/example_dags/example_external_task_marker_dag.py
[2024-07-09T16:54:31.820+0000] {processor.py:830} INFO - Processing file /home/airflow/.local/lib/python3.11/site-packages/airflow/example_dags/example_external_task_marker_dag.py for tasks to queue
[2024-07-09T16:54:31.821+0000] {logging_mixin.py:188} INFO - [2024-07-09T16:54:31.821+0000] {dagbag.py:540} INFO - Filling up the DagBag from /home/airflow/.local/lib/python3.11/site-packages/airflow/example_dags/example_external_task_marker_dag.py
[2024-07-09T16:54:31.828+0000] {processor.py:840} INFO - DAG(s) 'example_external_task_marker_parent', 'example_external_task_marker_child' retrieved from /home/airflow/.local/lib/python3.11/site-packages/airflow/example_dags/example_external_task_marker_dag.py
[2024-07-09T16:54:31.854+0000] {logging_mixin.py:188} INFO - [2024-07-09T16:54:31.854+0000] {dag.py:3047} INFO - Sync 2 DAGs
[2024-07-09T16:54:31.868+0000] {logging_mixin.py:188} INFO - [2024-07-09T16:54:31.868+0000] {dag.py:3834} INFO - Setting next_dagrun for example_external_task_marker_child to None, run_after=None
[2024-07-09T16:54:31.874+0000] {logging_mixin.py:188} INFO - [2024-07-09T16:54:31.874+0000] {dag.py:3834} INFO - Setting next_dagrun for example_external_task_marker_parent to None, run_after=None
[2024-07-09T16:54:31.897+0000] {processor.py:183} INFO - Processing /home/airflow/.local/lib/python3.11/site-packages/airflow/example_dags/example_external_task_marker_dag.py took 0.080 seconds
[2024-07-09T16:55:01.999+0000] {processor.py:161} INFO - Started process (PID=2314) to work on /home/airflow/.local/lib/python3.11/site-packages/airflow/example_dags/example_external_task_marker_dag.py
[2024-07-09T16:55:02.000+0000] {processor.py:830} INFO - Processing file /home/airflow/.local/lib/python3.11/site-packages/airflow/example_dags/example_external_task_marker_dag.py for tasks to queue
[2024-07-09T16:55:02.001+0000] {logging_mixin.py:188} INFO - [2024-07-09T16:55:02.000+0000] {dagbag.py:540} INFO - Filling up the DagBag from /home/airflow/.local/lib/python3.11/site-packages/airflow/example_dags/example_external_task_marker_dag.py
[2024-07-09T16:55:02.006+0000] {processor.py:840} INFO - DAG(s) 'example_external_task_marker_parent', 'example_external_task_marker_child' retrieved from /home/airflow/.local/lib/python3.11/site-packages/airflow/example_dags/example_external_task_marker_dag.py
[2024-07-09T16:55:02.027+0000] {logging_mixin.py:188} INFO - [2024-07-09T16:55:02.027+0000] {dag.py:3047} INFO - Sync 2 DAGs
[2024-07-09T16:55:02.039+0000] {logging_mixin.py:188} INFO - [2024-07-09T16:55:02.038+0000] {dag.py:3834} INFO - Setting next_dagrun for example_external_task_marker_child to None, run_after=None
[2024-07-09T16:55:02.042+0000] {logging_mixin.py:188} INFO - [2024-07-09T16:55:02.042+0000] {dag.py:3834} INFO - Setting next_dagrun for example_external_task_marker_parent to None, run_after=None
[2024-07-09T16:55:02.054+0000] {processor.py:183} INFO - Processing /home/airflow/.local/lib/python3.11/site-packages/airflow/example_dags/example_external_task_marker_dag.py took 0.058 seconds
[2024-07-09T16:55:32.462+0000] {processor.py:161} INFO - Started process (PID=2574) to work on /home/airflow/.local/lib/python3.11/site-packages/airflow/example_dags/example_external_task_marker_dag.py
[2024-07-09T16:55:32.463+0000] {processor.py:830} INFO - Processing file /home/airflow/.local/lib/python3.11/site-packages/airflow/example_dags/example_external_task_marker_dag.py for tasks to queue
[2024-07-09T16:55:32.464+0000] {logging_mixin.py:188} INFO - [2024-07-09T16:55:32.464+0000] {dagbag.py:540} INFO - Filling up the DagBag from /home/airflow/.local/lib/python3.11/site-packages/airflow/example_dags/example_external_task_marker_dag.py
[2024-07-09T16:55:32.469+0000] {processor.py:840} INFO - DAG(s) 'example_external_task_marker_parent', 'example_external_task_marker_child' retrieved from /home/airflow/.local/lib/python3.11/site-packages/airflow/example_dags/example_external_task_marker_dag.py
[2024-07-09T16:55:32.490+0000] {logging_mixin.py:188} INFO - [2024-07-09T16:55:32.490+0000] {dag.py:3047} INFO - Sync 2 DAGs
[2024-07-09T16:55:32.500+0000] {logging_mixin.py:188} INFO - [2024-07-09T16:55:32.500+0000] {dag.py:3834} INFO - Setting next_dagrun for example_external_task_marker_child to None, run_after=None
[2024-07-09T16:55:32.503+0000] {logging_mixin.py:188} INFO - [2024-07-09T16:55:32.503+0000] {dag.py:3834} INFO - Setting next_dagrun for example_external_task_marker_parent to None, run_after=None
[2024-07-09T16:55:32.515+0000] {processor.py:183} INFO - Processing /home/airflow/.local/lib/python3.11/site-packages/airflow/example_dags/example_external_task_marker_dag.py took 0.056 seconds
[2024-07-09T16:56:02.661+0000] {processor.py:161} INFO - Started process (PID=2838) to work on /home/airflow/.local/lib/python3.11/site-packages/airflow/example_dags/example_external_task_marker_dag.py
[2024-07-09T16:56:02.662+0000] {processor.py:830} INFO - Processing file /home/airflow/.local/lib/python3.11/site-packages/airflow/example_dags/example_external_task_marker_dag.py for tasks to queue
[2024-07-09T16:56:02.663+0000] {logging_mixin.py:188} INFO - [2024-07-09T16:56:02.663+0000] {dagbag.py:540} INFO - Filling up the DagBag from /home/airflow/.local/lib/python3.11/site-packages/airflow/example_dags/example_external_task_marker_dag.py
[2024-07-09T16:56:02.668+0000] {processor.py:840} INFO - DAG(s) 'example_external_task_marker_child', 'example_external_task_marker_parent' retrieved from /home/airflow/.local/lib/python3.11/site-packages/airflow/example_dags/example_external_task_marker_dag.py
[2024-07-09T16:56:02.690+0000] {logging_mixin.py:188} INFO - [2024-07-09T16:56:02.690+0000] {dag.py:3047} INFO - Sync 2 DAGs
[2024-07-09T16:56:02.700+0000] {logging_mixin.py:188} INFO - [2024-07-09T16:56:02.700+0000] {dag.py:3834} INFO - Setting next_dagrun for example_external_task_marker_child to None, run_after=None
[2024-07-09T16:56:02.703+0000] {logging_mixin.py:188} INFO - [2024-07-09T16:56:02.703+0000] {dag.py:3834} INFO - Setting next_dagrun for example_external_task_marker_parent to None, run_after=None
[2024-07-09T16:56:02.717+0000] {processor.py:183} INFO - Processing /home/airflow/.local/lib/python3.11/site-packages/airflow/example_dags/example_external_task_marker_dag.py took 0.059 seconds
[2024-07-09T16:56:32.842+0000] {processor.py:161} INFO - Started process (PID=3098) to work on /home/airflow/.local/lib/python3.11/site-packages/airflow/example_dags/example_external_task_marker_dag.py
[2024-07-09T16:56:32.843+0000] {processor.py:830} INFO - Processing file /home/airflow/.local/lib/python3.11/site-packages/airflow/example_dags/example_external_task_marker_dag.py for tasks to queue
[2024-07-09T16:56:32.844+0000] {logging_mixin.py:188} INFO - [2024-07-09T16:56:32.844+0000] {dagbag.py:540} INFO - Filling up the DagBag from /home/airflow/.local/lib/python3.11/site-packages/airflow/example_dags/example_external_task_marker_dag.py
[2024-07-09T16:56:32.851+0000] {processor.py:840} INFO - DAG(s) 'example_external_task_marker_child', 'example_external_task_marker_parent' retrieved from /home/airflow/.local/lib/python3.11/site-packages/airflow/example_dags/example_external_task_marker_dag.py
[2024-07-09T16:56:32.876+0000] {logging_mixin.py:188} INFO - [2024-07-09T16:56:32.876+0000] {dag.py:3047} INFO - Sync 2 DAGs
[2024-07-09T16:56:32.888+0000] {logging_mixin.py:188} INFO - [2024-07-09T16:56:32.888+0000] {dag.py:3834} INFO - Setting next_dagrun for example_external_task_marker_child to None, run_after=None
[2024-07-09T16:56:32.892+0000] {logging_mixin.py:188} INFO - [2024-07-09T16:56:32.892+0000] {dag.py:3834} INFO - Setting next_dagrun for example_external_task_marker_parent to None, run_after=None
[2024-07-09T16:56:32.907+0000] {processor.py:183} INFO - Processing /home/airflow/.local/lib/python3.11/site-packages/airflow/example_dags/example_external_task_marker_dag.py took 0.068 seconds
[2024-07-09T16:57:03.141+0000] {processor.py:161} INFO - Started process (PID=3362) to work on /home/airflow/.local/lib/python3.11/site-packages/airflow/example_dags/example_external_task_marker_dag.py
[2024-07-09T16:57:03.142+0000] {processor.py:830} INFO - Processing file /home/airflow/.local/lib/python3.11/site-packages/airflow/example_dags/example_external_task_marker_dag.py for tasks to queue
[2024-07-09T16:57:03.143+0000] {logging_mixin.py:188} INFO - [2024-07-09T16:57:03.142+0000] {dagbag.py:540} INFO - Filling up the DagBag from /home/airflow/.local/lib/python3.11/site-packages/airflow/example_dags/example_external_task_marker_dag.py
[2024-07-09T16:57:03.148+0000] {processor.py:840} INFO - DAG(s) 'example_external_task_marker_child', 'example_external_task_marker_parent' retrieved from /home/airflow/.local/lib/python3.11/site-packages/airflow/example_dags/example_external_task_marker_dag.py
[2024-07-09T16:57:03.168+0000] {logging_mixin.py:188} INFO - [2024-07-09T16:57:03.168+0000] {dag.py:3047} INFO - Sync 2 DAGs
[2024-07-09T16:57:03.179+0000] {logging_mixin.py:188} INFO - [2024-07-09T16:57:03.178+0000] {dag.py:3834} INFO - Setting next_dagrun for example_external_task_marker_child to None, run_after=None
[2024-07-09T16:57:03.182+0000] {logging_mixin.py:188} INFO - [2024-07-09T16:57:03.181+0000] {dag.py:3834} INFO - Setting next_dagrun for example_external_task_marker_parent to None, run_after=None
[2024-07-09T16:57:03.194+0000] {processor.py:183} INFO - Processing /home/airflow/.local/lib/python3.11/site-packages/airflow/example_dags/example_external_task_marker_dag.py took 0.056 seconds
[2024-07-09T16:57:33.686+0000] {processor.py:161} INFO - Started process (PID=3622) to work on /home/airflow/.local/lib/python3.11/site-packages/airflow/example_dags/example_external_task_marker_dag.py
[2024-07-09T16:57:33.687+0000] {processor.py:830} INFO - Processing file /home/airflow/.local/lib/python3.11/site-packages/airflow/example_dags/example_external_task_marker_dag.py for tasks to queue
[2024-07-09T16:57:33.688+0000] {logging_mixin.py:188} INFO - [2024-07-09T16:57:33.688+0000] {dagbag.py:540} INFO - Filling up the DagBag from /home/airflow/.local/lib/python3.11/site-packages/airflow/example_dags/example_external_task_marker_dag.py
[2024-07-09T16:57:33.693+0000] {processor.py:840} INFO - DAG(s) 'example_external_task_marker_parent', 'example_external_task_marker_child' retrieved from /home/airflow/.local/lib/python3.11/site-packages/airflow/example_dags/example_external_task_marker_dag.py
[2024-07-09T16:57:33.715+0000] {logging_mixin.py:188} INFO - [2024-07-09T16:57:33.715+0000] {dag.py:3047} INFO - Sync 2 DAGs
[2024-07-09T16:57:33.728+0000] {logging_mixin.py:188} INFO - [2024-07-09T16:57:33.728+0000] {dag.py:3834} INFO - Setting next_dagrun for example_external_task_marker_child to None, run_after=None
[2024-07-09T16:57:33.731+0000] {logging_mixin.py:188} INFO - [2024-07-09T16:57:33.731+0000] {dag.py:3834} INFO - Setting next_dagrun for example_external_task_marker_parent to None, run_after=None
[2024-07-09T16:57:33.748+0000] {processor.py:183} INFO - Processing /home/airflow/.local/lib/python3.11/site-packages/airflow/example_dags/example_external_task_marker_dag.py took 0.066 seconds
[2024-07-09T16:58:03.848+0000] {processor.py:161} INFO - Started process (PID=3886) to work on /home/airflow/.local/lib/python3.11/site-packages/airflow/example_dags/example_external_task_marker_dag.py
[2024-07-09T16:58:03.849+0000] {processor.py:830} INFO - Processing file /home/airflow/.local/lib/python3.11/site-packages/airflow/example_dags/example_external_task_marker_dag.py for tasks to queue
[2024-07-09T16:58:03.850+0000] {logging_mixin.py:188} INFO - [2024-07-09T16:58:03.850+0000] {dagbag.py:540} INFO - Filling up the DagBag from /home/airflow/.local/lib/python3.11/site-packages/airflow/example_dags/example_external_task_marker_dag.py
[2024-07-09T16:58:03.858+0000] {processor.py:840} INFO - DAG(s) 'example_external_task_marker_parent', 'example_external_task_marker_child' retrieved from /home/airflow/.local/lib/python3.11/site-packages/airflow/example_dags/example_external_task_marker_dag.py
[2024-07-09T16:58:03.879+0000] {logging_mixin.py:188} INFO - [2024-07-09T16:58:03.879+0000] {dag.py:3047} INFO - Sync 2 DAGs
[2024-07-09T16:58:03.890+0000] {logging_mixin.py:188} INFO - [2024-07-09T16:58:03.890+0000] {dag.py:3834} INFO - Setting next_dagrun for example_external_task_marker_child to None, run_after=None
[2024-07-09T16:58:03.894+0000] {logging_mixin.py:188} INFO - [2024-07-09T16:58:03.894+0000] {dag.py:3834} INFO - Setting next_dagrun for example_external_task_marker_parent to None, run_after=None
[2024-07-09T16:58:03.911+0000] {processor.py:183} INFO - Processing /home/airflow/.local/lib/python3.11/site-packages/airflow/example_dags/example_external_task_marker_dag.py took 0.065 seconds
[2024-07-09T16:58:34.250+0000] {processor.py:161} INFO - Started process (PID=4146) to work on /home/airflow/.local/lib/python3.11/site-packages/airflow/example_dags/example_external_task_marker_dag.py
[2024-07-09T16:58:34.250+0000] {processor.py:830} INFO - Processing file /home/airflow/.local/lib/python3.11/site-packages/airflow/example_dags/example_external_task_marker_dag.py for tasks to queue
[2024-07-09T16:58:34.251+0000] {logging_mixin.py:188} INFO - [2024-07-09T16:58:34.251+0000] {dagbag.py:540} INFO - Filling up the DagBag from /home/airflow/.local/lib/python3.11/site-packages/airflow/example_dags/example_external_task_marker_dag.py
[2024-07-09T16:58:34.257+0000] {processor.py:840} INFO - DAG(s) 'example_external_task_marker_child', 'example_external_task_marker_parent' retrieved from /home/airflow/.local/lib/python3.11/site-packages/airflow/example_dags/example_external_task_marker_dag.py
[2024-07-09T16:58:34.277+0000] {logging_mixin.py:188} INFO - [2024-07-09T16:58:34.277+0000] {dag.py:3047} INFO - Sync 2 DAGs
[2024-07-09T16:58:34.289+0000] {logging_mixin.py:188} INFO - [2024-07-09T16:58:34.289+0000] {dag.py:3834} INFO - Setting next_dagrun for example_external_task_marker_child to None, run_after=None
[2024-07-09T16:58:34.293+0000] {logging_mixin.py:188} INFO - [2024-07-09T16:58:34.293+0000] {dag.py:3834} INFO - Setting next_dagrun for example_external_task_marker_parent to None, run_after=None
[2024-07-09T16:58:34.306+0000] {processor.py:183} INFO - Processing /home/airflow/.local/lib/python3.11/site-packages/airflow/example_dags/example_external_task_marker_dag.py took 0.059 seconds
[2024-07-09T16:59:05.107+0000] {processor.py:161} INFO - Started process (PID=4410) to work on /home/airflow/.local/lib/python3.11/site-packages/airflow/example_dags/example_external_task_marker_dag.py
[2024-07-09T16:59:05.108+0000] {processor.py:830} INFO - Processing file /home/airflow/.local/lib/python3.11/site-packages/airflow/example_dags/example_external_task_marker_dag.py for tasks to queue
[2024-07-09T16:59:05.109+0000] {logging_mixin.py:188} INFO - [2024-07-09T16:59:05.109+0000] {dagbag.py:540} INFO - Filling up the DagBag from /home/airflow/.local/lib/python3.11/site-packages/airflow/example_dags/example_external_task_marker_dag.py
[2024-07-09T16:59:05.118+0000] {processor.py:840} INFO - DAG(s) 'example_external_task_marker_parent', 'example_external_task_marker_child' retrieved from /home/airflow/.local/lib/python3.11/site-packages/airflow/example_dags/example_external_task_marker_dag.py
[2024-07-09T16:59:05.146+0000] {logging_mixin.py:188} INFO - [2024-07-09T16:59:05.146+0000] {dag.py:3047} INFO - Sync 2 DAGs
[2024-07-09T16:59:05.161+0000] {logging_mixin.py:188} INFO - [2024-07-09T16:59:05.161+0000] {dag.py:3834} INFO - Setting next_dagrun for example_external_task_marker_child to None, run_after=None
[2024-07-09T16:59:05.165+0000] {logging_mixin.py:188} INFO - [2024-07-09T16:59:05.165+0000] {dag.py:3834} INFO - Setting next_dagrun for example_external_task_marker_parent to None, run_after=None
[2024-07-09T16:59:05.184+0000] {processor.py:183} INFO - Processing /home/airflow/.local/lib/python3.11/site-packages/airflow/example_dags/example_external_task_marker_dag.py took 0.080 seconds
[2024-07-09T16:59:36.164+0000] {processor.py:161} INFO - Started process (PID=4672) to work on /home/airflow/.local/lib/python3.11/site-packages/airflow/example_dags/example_external_task_marker_dag.py
[2024-07-09T16:59:36.165+0000] {processor.py:830} INFO - Processing file /home/airflow/.local/lib/python3.11/site-packages/airflow/example_dags/example_external_task_marker_dag.py for tasks to queue
[2024-07-09T16:59:36.166+0000] {logging_mixin.py:188} INFO - [2024-07-09T16:59:36.166+0000] {dagbag.py:540} INFO - Filling up the DagBag from /home/airflow/.local/lib/python3.11/site-packages/airflow/example_dags/example_external_task_marker_dag.py
[2024-07-09T16:59:36.172+0000] {processor.py:840} INFO - DAG(s) 'example_external_task_marker_child', 'example_external_task_marker_parent' retrieved from /home/airflow/.local/lib/python3.11/site-packages/airflow/example_dags/example_external_task_marker_dag.py
[2024-07-09T16:59:36.198+0000] {logging_mixin.py:188} INFO - [2024-07-09T16:59:36.198+0000] {dag.py:3047} INFO - Sync 2 DAGs
[2024-07-09T16:59:36.212+0000] {logging_mixin.py:188} INFO - [2024-07-09T16:59:36.212+0000] {dag.py:3834} INFO - Setting next_dagrun for example_external_task_marker_child to None, run_after=None
[2024-07-09T16:59:36.217+0000] {logging_mixin.py:188} INFO - [2024-07-09T16:59:36.216+0000] {dag.py:3834} INFO - Setting next_dagrun for example_external_task_marker_parent to None, run_after=None
[2024-07-09T16:59:36.235+0000] {processor.py:183} INFO - Processing /home/airflow/.local/lib/python3.11/site-packages/airflow/example_dags/example_external_task_marker_dag.py took 0.074 seconds
[2024-07-09T17:00:06.826+0000] {processor.py:161} INFO - Started process (PID=4934) to work on /home/airflow/.local/lib/python3.11/site-packages/airflow/example_dags/example_external_task_marker_dag.py
[2024-07-09T17:00:06.827+0000] {processor.py:830} INFO - Processing file /home/airflow/.local/lib/python3.11/site-packages/airflow/example_dags/example_external_task_marker_dag.py for tasks to queue
[2024-07-09T17:00:06.828+0000] {logging_mixin.py:188} INFO - [2024-07-09T17:00:06.828+0000] {dagbag.py:540} INFO - Filling up the DagBag from /home/airflow/.local/lib/python3.11/site-packages/airflow/example_dags/example_external_task_marker_dag.py
[2024-07-09T17:00:06.835+0000] {processor.py:840} INFO - DAG(s) 'example_external_task_marker_parent', 'example_external_task_marker_child' retrieved from /home/airflow/.local/lib/python3.11/site-packages/airflow/example_dags/example_external_task_marker_dag.py
[2024-07-09T17:00:06.858+0000] {logging_mixin.py:188} INFO - [2024-07-09T17:00:06.858+0000] {dag.py:3047} INFO - Sync 2 DAGs
[2024-07-09T17:00:06.870+0000] {logging_mixin.py:188} INFO - [2024-07-09T17:00:06.869+0000] {dag.py:3834} INFO - Setting next_dagrun for example_external_task_marker_child to None, run_after=None
[2024-07-09T17:00:06.874+0000] {logging_mixin.py:188} INFO - [2024-07-09T17:00:06.874+0000] {dag.py:3834} INFO - Setting next_dagrun for example_external_task_marker_parent to None, run_after=None
[2024-07-09T17:00:06.888+0000] {processor.py:183} INFO - Processing /home/airflow/.local/lib/python3.11/site-packages/airflow/example_dags/example_external_task_marker_dag.py took 0.064 seconds
[2024-07-09T17:00:37.406+0000] {processor.py:161} INFO - Started process (PID=5194) to work on /home/airflow/.local/lib/python3.11/site-packages/airflow/example_dags/example_external_task_marker_dag.py
[2024-07-09T17:00:37.407+0000] {processor.py:830} INFO - Processing file /home/airflow/.local/lib/python3.11/site-packages/airflow/example_dags/example_external_task_marker_dag.py for tasks to queue
[2024-07-09T17:00:37.408+0000] {logging_mixin.py:188} INFO - [2024-07-09T17:00:37.408+0000] {dagbag.py:540} INFO - Filling up the DagBag from /home/airflow/.local/lib/python3.11/site-packages/airflow/example_dags/example_external_task_marker_dag.py
[2024-07-09T17:00:37.415+0000] {processor.py:840} INFO - DAG(s) 'example_external_task_marker_parent', 'example_external_task_marker_child' retrieved from /home/airflow/.local/lib/python3.11/site-packages/airflow/example_dags/example_external_task_marker_dag.py
[2024-07-09T17:00:37.439+0000] {logging_mixin.py:188} INFO - [2024-07-09T17:00:37.439+0000] {dag.py:3047} INFO - Sync 2 DAGs
[2024-07-09T17:00:37.451+0000] {logging_mixin.py:188} INFO - [2024-07-09T17:00:37.450+0000] {dag.py:3834} INFO - Setting next_dagrun for example_external_task_marker_child to None, run_after=None
[2024-07-09T17:00:37.454+0000] {logging_mixin.py:188} INFO - [2024-07-09T17:00:37.454+0000] {dag.py:3834} INFO - Setting next_dagrun for example_external_task_marker_parent to None, run_after=None
[2024-07-09T17:00:37.474+0000] {processor.py:183} INFO - Processing /home/airflow/.local/lib/python3.11/site-packages/airflow/example_dags/example_external_task_marker_dag.py took 0.071 seconds
[2024-07-09T17:01:08.400+0000] {processor.py:161} INFO - Started process (PID=5458) to work on /home/airflow/.local/lib/python3.11/site-packages/airflow/example_dags/example_external_task_marker_dag.py
[2024-07-09T17:01:08.402+0000] {processor.py:830} INFO - Processing file /home/airflow/.local/lib/python3.11/site-packages/airflow/example_dags/example_external_task_marker_dag.py for tasks to queue
[2024-07-09T17:01:08.404+0000] {logging_mixin.py:188} INFO - [2024-07-09T17:01:08.404+0000] {dagbag.py:540} INFO - Filling up the DagBag from /home/airflow/.local/lib/python3.11/site-packages/airflow/example_dags/example_external_task_marker_dag.py
[2024-07-09T17:01:08.410+0000] {processor.py:840} INFO - DAG(s) 'example_external_task_marker_child', 'example_external_task_marker_parent' retrieved from /home/airflow/.local/lib/python3.11/site-packages/airflow/example_dags/example_external_task_marker_dag.py
[2024-07-09T17:01:08.432+0000] {logging_mixin.py:188} INFO - [2024-07-09T17:01:08.432+0000] {dag.py:3047} INFO - Sync 2 DAGs
[2024-07-09T17:01:08.444+0000] {logging_mixin.py:188} INFO - [2024-07-09T17:01:08.444+0000] {dag.py:3834} INFO - Setting next_dagrun for example_external_task_marker_child to None, run_after=None
[2024-07-09T17:01:08.448+0000] {logging_mixin.py:188} INFO - [2024-07-09T17:01:08.448+0000] {dag.py:3834} INFO - Setting next_dagrun for example_external_task_marker_parent to None, run_after=None
[2024-07-09T17:01:08.465+0000] {processor.py:183} INFO - Processing /home/airflow/.local/lib/python3.11/site-packages/airflow/example_dags/example_external_task_marker_dag.py took 0.068 seconds
[2024-07-09T17:01:38.620+0000] {processor.py:161} INFO - Started process (PID=5720) to work on /home/airflow/.local/lib/python3.11/site-packages/airflow/example_dags/example_external_task_marker_dag.py
[2024-07-09T17:01:38.621+0000] {processor.py:830} INFO - Processing file /home/airflow/.local/lib/python3.11/site-packages/airflow/example_dags/example_external_task_marker_dag.py for tasks to queue
[2024-07-09T17:01:38.623+0000] {logging_mixin.py:188} INFO - [2024-07-09T17:01:38.622+0000] {dagbag.py:540} INFO - Filling up the DagBag from /home/airflow/.local/lib/python3.11/site-packages/airflow/example_dags/example_external_task_marker_dag.py
[2024-07-09T17:01:38.630+0000] {processor.py:840} INFO - DAG(s) 'example_external_task_marker_parent', 'example_external_task_marker_child' retrieved from /home/airflow/.local/lib/python3.11/site-packages/airflow/example_dags/example_external_task_marker_dag.py
[2024-07-09T17:01:38.654+0000] {logging_mixin.py:188} INFO - [2024-07-09T17:01:38.654+0000] {dag.py:3047} INFO - Sync 2 DAGs
[2024-07-09T17:01:38.666+0000] {logging_mixin.py:188} INFO - [2024-07-09T17:01:38.666+0000] {dag.py:3834} INFO - Setting next_dagrun for example_external_task_marker_child to None, run_after=None
[2024-07-09T17:01:38.669+0000] {logging_mixin.py:188} INFO - [2024-07-09T17:01:38.669+0000] {dag.py:3834} INFO - Setting next_dagrun for example_external_task_marker_parent to None, run_after=None
[2024-07-09T17:01:38.685+0000] {processor.py:183} INFO - Processing /home/airflow/.local/lib/python3.11/site-packages/airflow/example_dags/example_external_task_marker_dag.py took 0.068 seconds
[2024-07-09T17:02:08.767+0000] {processor.py:161} INFO - Started process (PID=5982) to work on /home/airflow/.local/lib/python3.11/site-packages/airflow/example_dags/example_external_task_marker_dag.py
[2024-07-09T17:02:08.768+0000] {processor.py:830} INFO - Processing file /home/airflow/.local/lib/python3.11/site-packages/airflow/example_dags/example_external_task_marker_dag.py for tasks to queue
[2024-07-09T17:02:08.769+0000] {logging_mixin.py:188} INFO - [2024-07-09T17:02:08.769+0000] {dagbag.py:540} INFO - Filling up the DagBag from /home/airflow/.local/lib/python3.11/site-packages/airflow/example_dags/example_external_task_marker_dag.py
[2024-07-09T17:02:08.775+0000] {processor.py:840} INFO - DAG(s) 'example_external_task_marker_parent', 'example_external_task_marker_child' retrieved from /home/airflow/.local/lib/python3.11/site-packages/airflow/example_dags/example_external_task_marker_dag.py
[2024-07-09T17:02:08.795+0000] {logging_mixin.py:188} INFO - [2024-07-09T17:02:08.794+0000] {dag.py:3047} INFO - Sync 2 DAGs
[2024-07-09T17:02:08.804+0000] {logging_mixin.py:188} INFO - [2024-07-09T17:02:08.804+0000] {dag.py:3834} INFO - Setting next_dagrun for example_external_task_marker_child to None, run_after=None
[2024-07-09T17:02:08.807+0000] {logging_mixin.py:188} INFO - [2024-07-09T17:02:08.807+0000] {dag.py:3834} INFO - Setting next_dagrun for example_external_task_marker_parent to None, run_after=None
[2024-07-09T17:02:08.818+0000] {processor.py:183} INFO - Processing /home/airflow/.local/lib/python3.11/site-packages/airflow/example_dags/example_external_task_marker_dag.py took 0.053 seconds
[2024-07-09T17:02:39.649+0000] {processor.py:161} INFO - Started process (PID=6244) to work on /home/airflow/.local/lib/python3.11/site-packages/airflow/example_dags/example_external_task_marker_dag.py
[2024-07-09T17:02:39.650+0000] {processor.py:830} INFO - Processing file /home/airflow/.local/lib/python3.11/site-packages/airflow/example_dags/example_external_task_marker_dag.py for tasks to queue
[2024-07-09T17:02:39.651+0000] {logging_mixin.py:188} INFO - [2024-07-09T17:02:39.651+0000] {dagbag.py:540} INFO - Filling up the DagBag from /home/airflow/.local/lib/python3.11/site-packages/airflow/example_dags/example_external_task_marker_dag.py
[2024-07-09T17:02:39.657+0000] {processor.py:840} INFO - DAG(s) 'example_external_task_marker_child', 'example_external_task_marker_parent' retrieved from /home/airflow/.local/lib/python3.11/site-packages/airflow/example_dags/example_external_task_marker_dag.py
[2024-07-09T17:02:39.679+0000] {logging_mixin.py:188} INFO - [2024-07-09T17:02:39.678+0000] {dag.py:3047} INFO - Sync 2 DAGs
[2024-07-09T17:02:39.691+0000] {logging_mixin.py:188} INFO - [2024-07-09T17:02:39.690+0000] {dag.py:3834} INFO - Setting next_dagrun for example_external_task_marker_child to None, run_after=None
[2024-07-09T17:02:39.694+0000] {logging_mixin.py:188} INFO - [2024-07-09T17:02:39.693+0000] {dag.py:3834} INFO - Setting next_dagrun for example_external_task_marker_parent to None, run_after=None
[2024-07-09T17:02:39.706+0000] {processor.py:183} INFO - Processing /home/airflow/.local/lib/python3.11/site-packages/airflow/example_dags/example_external_task_marker_dag.py took 0.059 seconds
[2024-07-09T17:03:09.949+0000] {processor.py:161} INFO - Started process (PID=6506) to work on /home/airflow/.local/lib/python3.11/site-packages/airflow/example_dags/example_external_task_marker_dag.py
[2024-07-09T17:03:09.950+0000] {processor.py:830} INFO - Processing file /home/airflow/.local/lib/python3.11/site-packages/airflow/example_dags/example_external_task_marker_dag.py for tasks to queue
[2024-07-09T17:03:09.952+0000] {logging_mixin.py:188} INFO - [2024-07-09T17:03:09.951+0000] {dagbag.py:540} INFO - Filling up the DagBag from /home/airflow/.local/lib/python3.11/site-packages/airflow/example_dags/example_external_task_marker_dag.py
[2024-07-09T17:03:09.961+0000] {processor.py:840} INFO - DAG(s) 'example_external_task_marker_parent', 'example_external_task_marker_child' retrieved from /home/airflow/.local/lib/python3.11/site-packages/airflow/example_dags/example_external_task_marker_dag.py
[2024-07-09T17:03:09.991+0000] {logging_mixin.py:188} INFO - [2024-07-09T17:03:09.990+0000] {dag.py:3047} INFO - Sync 2 DAGs
[2024-07-09T17:03:10.004+0000] {logging_mixin.py:188} INFO - [2024-07-09T17:03:10.004+0000] {dag.py:3834} INFO - Setting next_dagrun for example_external_task_marker_child to None, run_after=None
[2024-07-09T17:03:10.008+0000] {logging_mixin.py:188} INFO - [2024-07-09T17:03:10.008+0000] {dag.py:3834} INFO - Setting next_dagrun for example_external_task_marker_parent to None, run_after=None
[2024-07-09T17:03:10.023+0000] {processor.py:183} INFO - Processing /home/airflow/.local/lib/python3.11/site-packages/airflow/example_dags/example_external_task_marker_dag.py took 0.077 seconds
[2024-07-09T17:03:40.844+0000] {processor.py:161} INFO - Started process (PID=6768) to work on /home/airflow/.local/lib/python3.11/site-packages/airflow/example_dags/example_external_task_marker_dag.py
[2024-07-09T17:03:40.845+0000] {processor.py:830} INFO - Processing file /home/airflow/.local/lib/python3.11/site-packages/airflow/example_dags/example_external_task_marker_dag.py for tasks to queue
[2024-07-09T17:03:40.846+0000] {logging_mixin.py:188} INFO - [2024-07-09T17:03:40.846+0000] {dagbag.py:540} INFO - Filling up the DagBag from /home/airflow/.local/lib/python3.11/site-packages/airflow/example_dags/example_external_task_marker_dag.py
[2024-07-09T17:03:40.852+0000] {processor.py:840} INFO - DAG(s) 'example_external_task_marker_parent', 'example_external_task_marker_child' retrieved from /home/airflow/.local/lib/python3.11/site-packages/airflow/example_dags/example_external_task_marker_dag.py
[2024-07-09T17:03:40.880+0000] {logging_mixin.py:188} INFO - [2024-07-09T17:03:40.879+0000] {dag.py:3047} INFO - Sync 2 DAGs
[2024-07-09T17:03:40.890+0000] {logging_mixin.py:188} INFO - [2024-07-09T17:03:40.890+0000] {dag.py:3834} INFO - Setting next_dagrun for example_external_task_marker_child to None, run_after=None
[2024-07-09T17:03:40.894+0000] {logging_mixin.py:188} INFO - [2024-07-09T17:03:40.894+0000] {dag.py:3834} INFO - Setting next_dagrun for example_external_task_marker_parent to None, run_after=None
[2024-07-09T17:03:40.912+0000] {processor.py:183} INFO - Processing /home/airflow/.local/lib/python3.11/site-packages/airflow/example_dags/example_external_task_marker_dag.py took 0.070 seconds
[2024-07-09T17:04:11.573+0000] {processor.py:161} INFO - Started process (PID=7030) to work on /home/airflow/.local/lib/python3.11/site-packages/airflow/example_dags/example_external_task_marker_dag.py
[2024-07-09T17:04:11.574+0000] {processor.py:830} INFO - Processing file /home/airflow/.local/lib/python3.11/site-packages/airflow/example_dags/example_external_task_marker_dag.py for tasks to queue
[2024-07-09T17:04:11.576+0000] {logging_mixin.py:188} INFO - [2024-07-09T17:04:11.575+0000] {dagbag.py:540} INFO - Filling up the DagBag from /home/airflow/.local/lib/python3.11/site-packages/airflow/example_dags/example_external_task_marker_dag.py
[2024-07-09T17:04:11.583+0000] {processor.py:840} INFO - DAG(s) 'example_external_task_marker_child', 'example_external_task_marker_parent' retrieved from /home/airflow/.local/lib/python3.11/site-packages/airflow/example_dags/example_external_task_marker_dag.py
[2024-07-09T17:04:11.607+0000] {logging_mixin.py:188} INFO - [2024-07-09T17:04:11.607+0000] {dag.py:3047} INFO - Sync 2 DAGs
[2024-07-09T17:04:11.620+0000] {logging_mixin.py:188} INFO - [2024-07-09T17:04:11.620+0000] {dag.py:3834} INFO - Setting next_dagrun for example_external_task_marker_child to None, run_after=None
[2024-07-09T17:04:11.623+0000] {logging_mixin.py:188} INFO - [2024-07-09T17:04:11.623+0000] {dag.py:3834} INFO - Setting next_dagrun for example_external_task_marker_parent to None, run_after=None
[2024-07-09T17:04:11.638+0000] {processor.py:183} INFO - Processing /home/airflow/.local/lib/python3.11/site-packages/airflow/example_dags/example_external_task_marker_dag.py took 0.068 seconds
[2024-07-09T17:04:42.151+0000] {processor.py:161} INFO - Started process (PID=7292) to work on /home/airflow/.local/lib/python3.11/site-packages/airflow/example_dags/example_external_task_marker_dag.py
[2024-07-09T17:04:42.153+0000] {processor.py:830} INFO - Processing file /home/airflow/.local/lib/python3.11/site-packages/airflow/example_dags/example_external_task_marker_dag.py for tasks to queue
[2024-07-09T17:04:42.154+0000] {logging_mixin.py:188} INFO - [2024-07-09T17:04:42.154+0000] {dagbag.py:540} INFO - Filling up the DagBag from /home/airflow/.local/lib/python3.11/site-packages/airflow/example_dags/example_external_task_marker_dag.py
[2024-07-09T17:04:42.176+0000] {processor.py:840} INFO - DAG(s) 'example_external_task_marker_parent', 'example_external_task_marker_child' retrieved from /home/airflow/.local/lib/python3.11/site-packages/airflow/example_dags/example_external_task_marker_dag.py
[2024-07-09T17:04:42.240+0000] {logging_mixin.py:188} INFO - [2024-07-09T17:04:42.239+0000] {dag.py:3047} INFO - Sync 2 DAGs
[2024-07-09T17:04:42.263+0000] {logging_mixin.py:188} INFO - [2024-07-09T17:04:42.263+0000] {dag.py:3834} INFO - Setting next_dagrun for example_external_task_marker_child to None, run_after=None
[2024-07-09T17:04:42.275+0000] {logging_mixin.py:188} INFO - [2024-07-09T17:04:42.269+0000] {dag.py:3834} INFO - Setting next_dagrun for example_external_task_marker_parent to None, run_after=None
[2024-07-09T17:04:42.308+0000] {processor.py:183} INFO - Processing /home/airflow/.local/lib/python3.11/site-packages/airflow/example_dags/example_external_task_marker_dag.py took 0.162 seconds
[2024-07-09T17:05:12.355+0000] {processor.py:161} INFO - Started process (PID=7588) to work on /home/airflow/.local/lib/python3.11/site-packages/airflow/example_dags/example_external_task_marker_dag.py
[2024-07-09T17:05:12.356+0000] {processor.py:830} INFO - Processing file /home/airflow/.local/lib/python3.11/site-packages/airflow/example_dags/example_external_task_marker_dag.py for tasks to queue
[2024-07-09T17:05:12.357+0000] {logging_mixin.py:188} INFO - [2024-07-09T17:05:12.357+0000] {dagbag.py:540} INFO - Filling up the DagBag from /home/airflow/.local/lib/python3.11/site-packages/airflow/example_dags/example_external_task_marker_dag.py
[2024-07-09T17:05:12.363+0000] {processor.py:840} INFO - DAG(s) 'example_external_task_marker_child', 'example_external_task_marker_parent' retrieved from /home/airflow/.local/lib/python3.11/site-packages/airflow/example_dags/example_external_task_marker_dag.py
[2024-07-09T17:05:12.383+0000] {logging_mixin.py:188} INFO - [2024-07-09T17:05:12.382+0000] {dag.py:3047} INFO - Sync 2 DAGs
[2024-07-09T17:05:12.392+0000] {logging_mixin.py:188} INFO - [2024-07-09T17:05:12.392+0000] {dag.py:3834} INFO - Setting next_dagrun for example_external_task_marker_child to None, run_after=None
[2024-07-09T17:05:12.395+0000] {logging_mixin.py:188} INFO - [2024-07-09T17:05:12.395+0000] {dag.py:3834} INFO - Setting next_dagrun for example_external_task_marker_parent to None, run_after=None
[2024-07-09T17:05:12.410+0000] {processor.py:183} INFO - Processing /home/airflow/.local/lib/python3.11/site-packages/airflow/example_dags/example_external_task_marker_dag.py took 0.058 seconds
[2024-07-09T17:05:43.043+0000] {processor.py:161} INFO - Started process (PID=7850) to work on /home/airflow/.local/lib/python3.11/site-packages/airflow/example_dags/example_external_task_marker_dag.py
[2024-07-09T17:05:43.044+0000] {processor.py:830} INFO - Processing file /home/airflow/.local/lib/python3.11/site-packages/airflow/example_dags/example_external_task_marker_dag.py for tasks to queue
[2024-07-09T17:05:43.045+0000] {logging_mixin.py:188} INFO - [2024-07-09T17:05:43.044+0000] {dagbag.py:540} INFO - Filling up the DagBag from /home/airflow/.local/lib/python3.11/site-packages/airflow/example_dags/example_external_task_marker_dag.py
[2024-07-09T17:05:43.050+0000] {processor.py:840} INFO - DAG(s) 'example_external_task_marker_child', 'example_external_task_marker_parent' retrieved from /home/airflow/.local/lib/python3.11/site-packages/airflow/example_dags/example_external_task_marker_dag.py
[2024-07-09T17:05:43.071+0000] {logging_mixin.py:188} INFO - [2024-07-09T17:05:43.070+0000] {dag.py:3047} INFO - Sync 2 DAGs
[2024-07-09T17:05:43.083+0000] {logging_mixin.py:188} INFO - [2024-07-09T17:05:43.083+0000] {dag.py:3834} INFO - Setting next_dagrun for example_external_task_marker_child to None, run_after=None
[2024-07-09T17:05:43.088+0000] {logging_mixin.py:188} INFO - [2024-07-09T17:05:43.088+0000] {dag.py:3834} INFO - Setting next_dagrun for example_external_task_marker_parent to None, run_after=None
[2024-07-09T17:05:43.100+0000] {processor.py:183} INFO - Processing /home/airflow/.local/lib/python3.11/site-packages/airflow/example_dags/example_external_task_marker_dag.py took 0.060 seconds
[2024-07-09T17:06:13.819+0000] {processor.py:161} INFO - Started process (PID=8110) to work on /home/airflow/.local/lib/python3.11/site-packages/airflow/example_dags/example_external_task_marker_dag.py
[2024-07-09T17:06:13.820+0000] {processor.py:830} INFO - Processing file /home/airflow/.local/lib/python3.11/site-packages/airflow/example_dags/example_external_task_marker_dag.py for tasks to queue
[2024-07-09T17:06:13.821+0000] {logging_mixin.py:188} INFO - [2024-07-09T17:06:13.820+0000] {dagbag.py:540} INFO - Filling up the DagBag from /home/airflow/.local/lib/python3.11/site-packages/airflow/example_dags/example_external_task_marker_dag.py
[2024-07-09T17:06:13.828+0000] {processor.py:840} INFO - DAG(s) 'example_external_task_marker_parent', 'example_external_task_marker_child' retrieved from /home/airflow/.local/lib/python3.11/site-packages/airflow/example_dags/example_external_task_marker_dag.py
[2024-07-09T17:06:13.852+0000] {logging_mixin.py:188} INFO - [2024-07-09T17:06:13.852+0000] {dag.py:3047} INFO - Sync 2 DAGs
[2024-07-09T17:06:13.864+0000] {logging_mixin.py:188} INFO - [2024-07-09T17:06:13.864+0000] {dag.py:3834} INFO - Setting next_dagrun for example_external_task_marker_child to None, run_after=None
[2024-07-09T17:06:13.867+0000] {logging_mixin.py:188} INFO - [2024-07-09T17:06:13.867+0000] {dag.py:3834} INFO - Setting next_dagrun for example_external_task_marker_parent to None, run_after=None
[2024-07-09T17:06:13.884+0000] {processor.py:183} INFO - Processing /home/airflow/.local/lib/python3.11/site-packages/airflow/example_dags/example_external_task_marker_dag.py took 0.068 seconds
[2024-07-09T17:06:44.147+0000] {processor.py:161} INFO - Started process (PID=8374) to work on /home/airflow/.local/lib/python3.11/site-packages/airflow/example_dags/example_external_task_marker_dag.py
[2024-07-09T17:06:44.148+0000] {processor.py:830} INFO - Processing file /home/airflow/.local/lib/python3.11/site-packages/airflow/example_dags/example_external_task_marker_dag.py for tasks to queue
[2024-07-09T17:06:44.149+0000] {logging_mixin.py:188} INFO - [2024-07-09T17:06:44.149+0000] {dagbag.py:540} INFO - Filling up the DagBag from /home/airflow/.local/lib/python3.11/site-packages/airflow/example_dags/example_external_task_marker_dag.py
[2024-07-09T17:06:44.154+0000] {processor.py:840} INFO - DAG(s) 'example_external_task_marker_parent', 'example_external_task_marker_child' retrieved from /home/airflow/.local/lib/python3.11/site-packages/airflow/example_dags/example_external_task_marker_dag.py
[2024-07-09T17:06:44.178+0000] {logging_mixin.py:188} INFO - [2024-07-09T17:06:44.178+0000] {dag.py:3047} INFO - Sync 2 DAGs
[2024-07-09T17:06:44.188+0000] {logging_mixin.py:188} INFO - [2024-07-09T17:06:44.188+0000] {dag.py:3834} INFO - Setting next_dagrun for example_external_task_marker_child to None, run_after=None
[2024-07-09T17:06:44.190+0000] {logging_mixin.py:188} INFO - [2024-07-09T17:06:44.190+0000] {dag.py:3834} INFO - Setting next_dagrun for example_external_task_marker_parent to None, run_after=None
[2024-07-09T17:06:44.202+0000] {processor.py:183} INFO - Processing /home/airflow/.local/lib/python3.11/site-packages/airflow/example_dags/example_external_task_marker_dag.py took 0.058 seconds
