[2024-07-09T16:51:00.204+0000] {processor.py:161} INFO - Started process (PID=270) to work on /home/airflow/.local/lib/python3.11/site-packages/airflow/example_dags/example_latest_only.py
[2024-07-09T16:51:00.206+0000] {processor.py:830} INFO - Processing file /home/airflow/.local/lib/python3.11/site-packages/airflow/example_dags/example_latest_only.py for tasks to queue
[2024-07-09T16:51:00.207+0000] {logging_mixin.py:188} INFO - [2024-07-09T16:51:00.207+0000] {dagbag.py:540} INFO - Filling up the DagBag from /home/airflow/.local/lib/python3.11/site-packages/airflow/example_dags/example_latest_only.py
[2024-07-09T16:51:00.220+0000] {processor.py:840} INFO - DAG(s) 'latest_only' retrieved from /home/airflow/.local/lib/python3.11/site-packages/airflow/example_dags/example_latest_only.py
[2024-07-09T16:51:00.390+0000] {logging_mixin.py:188} INFO - [2024-07-09T16:51:00.390+0000] {override.py:1769} INFO - Created Permission View: can delete on DAG:latest_only
[2024-07-09T16:51:00.407+0000] {logging_mixin.py:188} INFO - [2024-07-09T16:51:00.407+0000] {override.py:1769} INFO - Created Permission View: can edit on DAG:latest_only
[2024-07-09T16:51:00.417+0000] {logging_mixin.py:188} INFO - [2024-07-09T16:51:00.417+0000] {override.py:1769} INFO - Created Permission View: can read on DAG:latest_only
[2024-07-09T16:51:00.418+0000] {logging_mixin.py:188} INFO - [2024-07-09T16:51:00.418+0000] {dag.py:3047} INFO - Sync 1 DAGs
[2024-07-09T16:51:00.432+0000] {logging_mixin.py:188} INFO - [2024-07-09T16:51:00.432+0000] {dag.py:3069} INFO - Creating ORM DAG for latest_only
[2024-07-09T16:51:00.446+0000] {logging_mixin.py:188} INFO - [2024-07-09T16:51:00.445+0000] {dag.py:3834} INFO - Setting next_dagrun for latest_only to 2024-07-09 12:00:00+00:00, run_after=2024-07-09 16:00:00+00:00
[2024-07-09T16:51:00.470+0000] {processor.py:183} INFO - Processing /home/airflow/.local/lib/python3.11/site-packages/airflow/example_dags/example_latest_only.py took 0.270 seconds
[2024-07-09T16:51:31.175+0000] {processor.py:161} INFO - Started process (PID=534) to work on /home/airflow/.local/lib/python3.11/site-packages/airflow/example_dags/example_latest_only.py
[2024-07-09T16:51:31.177+0000] {processor.py:830} INFO - Processing file /home/airflow/.local/lib/python3.11/site-packages/airflow/example_dags/example_latest_only.py for tasks to queue
[2024-07-09T16:51:31.177+0000] {logging_mixin.py:188} INFO - [2024-07-09T16:51:31.177+0000] {dagbag.py:540} INFO - Filling up the DagBag from /home/airflow/.local/lib/python3.11/site-packages/airflow/example_dags/example_latest_only.py
[2024-07-09T16:51:31.182+0000] {processor.py:840} INFO - DAG(s) 'latest_only' retrieved from /home/airflow/.local/lib/python3.11/site-packages/airflow/example_dags/example_latest_only.py
[2024-07-09T16:51:31.205+0000] {logging_mixin.py:188} INFO - [2024-07-09T16:51:31.204+0000] {dag.py:3047} INFO - Sync 1 DAGs
[2024-07-09T16:51:31.226+0000] {logging_mixin.py:188} INFO - [2024-07-09T16:51:31.226+0000] {dag.py:3834} INFO - Setting next_dagrun for latest_only to 2024-07-09 12:00:00+00:00, run_after=2024-07-09 16:00:00+00:00
[2024-07-09T16:51:31.243+0000] {processor.py:183} INFO - Processing /home/airflow/.local/lib/python3.11/site-packages/airflow/example_dags/example_latest_only.py took 0.071 seconds
[2024-07-09T16:52:01.358+0000] {processor.py:161} INFO - Started process (PID=796) to work on /home/airflow/.local/lib/python3.11/site-packages/airflow/example_dags/example_latest_only.py
[2024-07-09T16:52:01.359+0000] {processor.py:830} INFO - Processing file /home/airflow/.local/lib/python3.11/site-packages/airflow/example_dags/example_latest_only.py for tasks to queue
[2024-07-09T16:52:01.360+0000] {logging_mixin.py:188} INFO - [2024-07-09T16:52:01.359+0000] {dagbag.py:540} INFO - Filling up the DagBag from /home/airflow/.local/lib/python3.11/site-packages/airflow/example_dags/example_latest_only.py
[2024-07-09T16:52:01.365+0000] {processor.py:840} INFO - DAG(s) 'latest_only' retrieved from /home/airflow/.local/lib/python3.11/site-packages/airflow/example_dags/example_latest_only.py
[2024-07-09T16:52:01.390+0000] {logging_mixin.py:188} INFO - [2024-07-09T16:52:01.390+0000] {dag.py:3047} INFO - Sync 1 DAGs
[2024-07-09T16:52:01.412+0000] {logging_mixin.py:188} INFO - [2024-07-09T16:52:01.411+0000] {dag.py:3834} INFO - Setting next_dagrun for latest_only to 2024-07-09 12:00:00+00:00, run_after=2024-07-09 16:00:00+00:00
[2024-07-09T16:52:01.433+0000] {processor.py:183} INFO - Processing /home/airflow/.local/lib/python3.11/site-packages/airflow/example_dags/example_latest_only.py took 0.078 seconds
[2024-07-09T16:52:31.830+0000] {processor.py:161} INFO - Started process (PID=1058) to work on /home/airflow/.local/lib/python3.11/site-packages/airflow/example_dags/example_latest_only.py
[2024-07-09T16:52:31.831+0000] {processor.py:830} INFO - Processing file /home/airflow/.local/lib/python3.11/site-packages/airflow/example_dags/example_latest_only.py for tasks to queue
[2024-07-09T16:52:31.832+0000] {logging_mixin.py:188} INFO - [2024-07-09T16:52:31.832+0000] {dagbag.py:540} INFO - Filling up the DagBag from /home/airflow/.local/lib/python3.11/site-packages/airflow/example_dags/example_latest_only.py
[2024-07-09T16:52:31.837+0000] {processor.py:840} INFO - DAG(s) 'latest_only' retrieved from /home/airflow/.local/lib/python3.11/site-packages/airflow/example_dags/example_latest_only.py
[2024-07-09T16:52:31.859+0000] {logging_mixin.py:188} INFO - [2024-07-09T16:52:31.859+0000] {dag.py:3047} INFO - Sync 1 DAGs
[2024-07-09T16:52:31.901+0000] {logging_mixin.py:188} INFO - [2024-07-09T16:52:31.901+0000] {dag.py:3834} INFO - Setting next_dagrun for latest_only to 2024-07-09 12:00:00+00:00, run_after=2024-07-09 16:00:00+00:00
[2024-07-09T16:52:31.922+0000] {processor.py:183} INFO - Processing /home/airflow/.local/lib/python3.11/site-packages/airflow/example_dags/example_latest_only.py took 0.095 seconds
[2024-07-09T16:53:03.013+0000] {processor.py:161} INFO - Started process (PID=1320) to work on /home/airflow/.local/lib/python3.11/site-packages/airflow/example_dags/example_latest_only.py
[2024-07-09T16:53:03.014+0000] {processor.py:830} INFO - Processing file /home/airflow/.local/lib/python3.11/site-packages/airflow/example_dags/example_latest_only.py for tasks to queue
[2024-07-09T16:53:03.015+0000] {logging_mixin.py:188} INFO - [2024-07-09T16:53:03.015+0000] {dagbag.py:540} INFO - Filling up the DagBag from /home/airflow/.local/lib/python3.11/site-packages/airflow/example_dags/example_latest_only.py
[2024-07-09T16:53:03.020+0000] {processor.py:840} INFO - DAG(s) 'latest_only' retrieved from /home/airflow/.local/lib/python3.11/site-packages/airflow/example_dags/example_latest_only.py
[2024-07-09T16:53:03.048+0000] {logging_mixin.py:188} INFO - [2024-07-09T16:53:03.047+0000] {dag.py:3047} INFO - Sync 1 DAGs
[2024-07-09T16:53:03.192+0000] {logging_mixin.py:188} INFO - [2024-07-09T16:53:03.192+0000] {dag.py:3834} INFO - Setting next_dagrun for latest_only to 2024-07-09 12:00:00+00:00, run_after=2024-07-09 16:00:00+00:00
[2024-07-09T16:53:03.210+0000] {processor.py:183} INFO - Processing /home/airflow/.local/lib/python3.11/site-packages/airflow/example_dags/example_latest_only.py took 0.201 seconds
[2024-07-09T16:53:33.838+0000] {processor.py:161} INFO - Started process (PID=1580) to work on /home/airflow/.local/lib/python3.11/site-packages/airflow/example_dags/example_latest_only.py
[2024-07-09T16:53:33.839+0000] {processor.py:830} INFO - Processing file /home/airflow/.local/lib/python3.11/site-packages/airflow/example_dags/example_latest_only.py for tasks to queue
[2024-07-09T16:53:33.840+0000] {logging_mixin.py:188} INFO - [2024-07-09T16:53:33.840+0000] {dagbag.py:540} INFO - Filling up the DagBag from /home/airflow/.local/lib/python3.11/site-packages/airflow/example_dags/example_latest_only.py
[2024-07-09T16:53:33.847+0000] {processor.py:840} INFO - DAG(s) 'latest_only' retrieved from /home/airflow/.local/lib/python3.11/site-packages/airflow/example_dags/example_latest_only.py
[2024-07-09T16:53:33.870+0000] {logging_mixin.py:188} INFO - [2024-07-09T16:53:33.869+0000] {dag.py:3047} INFO - Sync 1 DAGs
[2024-07-09T16:53:33.890+0000] {logging_mixin.py:188} INFO - [2024-07-09T16:53:33.889+0000] {dag.py:3834} INFO - Setting next_dagrun for latest_only to 2024-07-09 12:00:00+00:00, run_after=2024-07-09 16:00:00+00:00
[2024-07-09T16:53:33.927+0000] {processor.py:183} INFO - Processing /home/airflow/.local/lib/python3.11/site-packages/airflow/example_dags/example_latest_only.py took 0.092 seconds
[2024-07-09T16:54:04.605+0000] {processor.py:161} INFO - Started process (PID=1842) to work on /home/airflow/.local/lib/python3.11/site-packages/airflow/example_dags/example_latest_only.py
[2024-07-09T16:54:04.606+0000] {processor.py:830} INFO - Processing file /home/airflow/.local/lib/python3.11/site-packages/airflow/example_dags/example_latest_only.py for tasks to queue
[2024-07-09T16:54:04.607+0000] {logging_mixin.py:188} INFO - [2024-07-09T16:54:04.607+0000] {dagbag.py:540} INFO - Filling up the DagBag from /home/airflow/.local/lib/python3.11/site-packages/airflow/example_dags/example_latest_only.py
[2024-07-09T16:54:04.613+0000] {processor.py:840} INFO - DAG(s) 'latest_only' retrieved from /home/airflow/.local/lib/python3.11/site-packages/airflow/example_dags/example_latest_only.py
[2024-07-09T16:54:04.634+0000] {logging_mixin.py:188} INFO - [2024-07-09T16:54:04.633+0000] {dag.py:3047} INFO - Sync 1 DAGs
[2024-07-09T16:54:04.653+0000] {logging_mixin.py:188} INFO - [2024-07-09T16:54:04.652+0000] {dag.py:3834} INFO - Setting next_dagrun for latest_only to 2024-07-09 12:00:00+00:00, run_after=2024-07-09 16:00:00+00:00
[2024-07-09T16:54:04.714+0000] {processor.py:183} INFO - Processing /home/airflow/.local/lib/python3.11/site-packages/airflow/example_dags/example_latest_only.py took 0.112 seconds
[2024-07-09T16:54:35.248+0000] {processor.py:161} INFO - Started process (PID=2104) to work on /home/airflow/.local/lib/python3.11/site-packages/airflow/example_dags/example_latest_only.py
[2024-07-09T16:54:35.249+0000] {processor.py:830} INFO - Processing file /home/airflow/.local/lib/python3.11/site-packages/airflow/example_dags/example_latest_only.py for tasks to queue
[2024-07-09T16:54:35.250+0000] {logging_mixin.py:188} INFO - [2024-07-09T16:54:35.249+0000] {dagbag.py:540} INFO - Filling up the DagBag from /home/airflow/.local/lib/python3.11/site-packages/airflow/example_dags/example_latest_only.py
[2024-07-09T16:54:35.255+0000] {processor.py:840} INFO - DAG(s) 'latest_only' retrieved from /home/airflow/.local/lib/python3.11/site-packages/airflow/example_dags/example_latest_only.py
[2024-07-09T16:54:35.280+0000] {logging_mixin.py:188} INFO - [2024-07-09T16:54:35.280+0000] {dag.py:3047} INFO - Sync 1 DAGs
[2024-07-09T16:54:35.300+0000] {logging_mixin.py:188} INFO - [2024-07-09T16:54:35.299+0000] {dag.py:3834} INFO - Setting next_dagrun for latest_only to 2024-07-09 12:00:00+00:00, run_after=2024-07-09 16:00:00+00:00
[2024-07-09T16:54:35.317+0000] {processor.py:183} INFO - Processing /home/airflow/.local/lib/python3.11/site-packages/airflow/example_dags/example_latest_only.py took 0.073 seconds
[2024-07-09T16:55:05.525+0000] {processor.py:161} INFO - Started process (PID=2357) to work on /home/airflow/.local/lib/python3.11/site-packages/airflow/example_dags/example_latest_only.py
[2024-07-09T16:55:05.526+0000] {processor.py:830} INFO - Processing file /home/airflow/.local/lib/python3.11/site-packages/airflow/example_dags/example_latest_only.py for tasks to queue
[2024-07-09T16:55:05.527+0000] {logging_mixin.py:188} INFO - [2024-07-09T16:55:05.527+0000] {dagbag.py:540} INFO - Filling up the DagBag from /home/airflow/.local/lib/python3.11/site-packages/airflow/example_dags/example_latest_only.py
[2024-07-09T16:55:05.532+0000] {processor.py:840} INFO - DAG(s) 'latest_only' retrieved from /home/airflow/.local/lib/python3.11/site-packages/airflow/example_dags/example_latest_only.py
[2024-07-09T16:55:05.554+0000] {logging_mixin.py:188} INFO - [2024-07-09T16:55:05.554+0000] {dag.py:3047} INFO - Sync 1 DAGs
[2024-07-09T16:55:05.575+0000] {logging_mixin.py:188} INFO - [2024-07-09T16:55:05.575+0000] {dag.py:3834} INFO - Setting next_dagrun for latest_only to 2024-07-09 12:00:00+00:00, run_after=2024-07-09 16:00:00+00:00
[2024-07-09T16:55:05.598+0000] {processor.py:183} INFO - Processing /home/airflow/.local/lib/python3.11/site-packages/airflow/example_dags/example_latest_only.py took 0.076 seconds
[2024-07-09T16:55:35.810+0000] {processor.py:161} INFO - Started process (PID=2614) to work on /home/airflow/.local/lib/python3.11/site-packages/airflow/example_dags/example_latest_only.py
[2024-07-09T16:55:35.811+0000] {processor.py:830} INFO - Processing file /home/airflow/.local/lib/python3.11/site-packages/airflow/example_dags/example_latest_only.py for tasks to queue
[2024-07-09T16:55:35.812+0000] {logging_mixin.py:188} INFO - [2024-07-09T16:55:35.812+0000] {dagbag.py:540} INFO - Filling up the DagBag from /home/airflow/.local/lib/python3.11/site-packages/airflow/example_dags/example_latest_only.py
[2024-07-09T16:55:35.816+0000] {processor.py:840} INFO - DAG(s) 'latest_only' retrieved from /home/airflow/.local/lib/python3.11/site-packages/airflow/example_dags/example_latest_only.py
[2024-07-09T16:55:35.841+0000] {logging_mixin.py:188} INFO - [2024-07-09T16:55:35.841+0000] {dag.py:3047} INFO - Sync 1 DAGs
[2024-07-09T16:55:35.862+0000] {logging_mixin.py:188} INFO - [2024-07-09T16:55:35.862+0000] {dag.py:3834} INFO - Setting next_dagrun for latest_only to 2024-07-09 12:00:00+00:00, run_after=2024-07-09 16:00:00+00:00
[2024-07-09T16:55:35.884+0000] {processor.py:183} INFO - Processing /home/airflow/.local/lib/python3.11/site-packages/airflow/example_dags/example_latest_only.py took 0.077 seconds
[2024-07-09T16:56:05.973+0000] {processor.py:161} INFO - Started process (PID=2876) to work on /home/airflow/.local/lib/python3.11/site-packages/airflow/example_dags/example_latest_only.py
[2024-07-09T16:56:05.974+0000] {processor.py:830} INFO - Processing file /home/airflow/.local/lib/python3.11/site-packages/airflow/example_dags/example_latest_only.py for tasks to queue
[2024-07-09T16:56:05.975+0000] {logging_mixin.py:188} INFO - [2024-07-09T16:56:05.975+0000] {dagbag.py:540} INFO - Filling up the DagBag from /home/airflow/.local/lib/python3.11/site-packages/airflow/example_dags/example_latest_only.py
[2024-07-09T16:56:05.981+0000] {processor.py:840} INFO - DAG(s) 'latest_only' retrieved from /home/airflow/.local/lib/python3.11/site-packages/airflow/example_dags/example_latest_only.py
[2024-07-09T16:56:06.002+0000] {logging_mixin.py:188} INFO - [2024-07-09T16:56:06.001+0000] {dag.py:3047} INFO - Sync 1 DAGs
[2024-07-09T16:56:06.021+0000] {logging_mixin.py:188} INFO - [2024-07-09T16:56:06.021+0000] {dag.py:3834} INFO - Setting next_dagrun for latest_only to 2024-07-09 12:00:00+00:00, run_after=2024-07-09 16:00:00+00:00
[2024-07-09T16:56:06.057+0000] {processor.py:183} INFO - Processing /home/airflow/.local/lib/python3.11/site-packages/airflow/example_dags/example_latest_only.py took 0.087 seconds
[2024-07-09T16:56:36.158+0000] {processor.py:161} INFO - Started process (PID=3138) to work on /home/airflow/.local/lib/python3.11/site-packages/airflow/example_dags/example_latest_only.py
[2024-07-09T16:56:36.159+0000] {processor.py:830} INFO - Processing file /home/airflow/.local/lib/python3.11/site-packages/airflow/example_dags/example_latest_only.py for tasks to queue
[2024-07-09T16:56:36.159+0000] {logging_mixin.py:188} INFO - [2024-07-09T16:56:36.159+0000] {dagbag.py:540} INFO - Filling up the DagBag from /home/airflow/.local/lib/python3.11/site-packages/airflow/example_dags/example_latest_only.py
[2024-07-09T16:56:36.164+0000] {processor.py:840} INFO - DAG(s) 'latest_only' retrieved from /home/airflow/.local/lib/python3.11/site-packages/airflow/example_dags/example_latest_only.py
[2024-07-09T16:56:36.184+0000] {logging_mixin.py:188} INFO - [2024-07-09T16:56:36.184+0000] {dag.py:3047} INFO - Sync 1 DAGs
[2024-07-09T16:56:36.205+0000] {logging_mixin.py:188} INFO - [2024-07-09T16:56:36.205+0000] {dag.py:3834} INFO - Setting next_dagrun for latest_only to 2024-07-09 12:00:00+00:00, run_after=2024-07-09 16:00:00+00:00
[2024-07-09T16:56:36.241+0000] {processor.py:183} INFO - Processing /home/airflow/.local/lib/python3.11/site-packages/airflow/example_dags/example_latest_only.py took 0.087 seconds
[2024-07-09T16:57:06.438+0000] {processor.py:161} INFO - Started process (PID=3400) to work on /home/airflow/.local/lib/python3.11/site-packages/airflow/example_dags/example_latest_only.py
[2024-07-09T16:57:06.444+0000] {processor.py:830} INFO - Processing file /home/airflow/.local/lib/python3.11/site-packages/airflow/example_dags/example_latest_only.py for tasks to queue
[2024-07-09T16:57:06.445+0000] {logging_mixin.py:188} INFO - [2024-07-09T16:57:06.445+0000] {dagbag.py:540} INFO - Filling up the DagBag from /home/airflow/.local/lib/python3.11/site-packages/airflow/example_dags/example_latest_only.py
[2024-07-09T16:57:06.451+0000] {processor.py:840} INFO - DAG(s) 'latest_only' retrieved from /home/airflow/.local/lib/python3.11/site-packages/airflow/example_dags/example_latest_only.py
[2024-07-09T16:57:06.473+0000] {logging_mixin.py:188} INFO - [2024-07-09T16:57:06.473+0000] {dag.py:3047} INFO - Sync 1 DAGs
[2024-07-09T16:57:06.493+0000] {logging_mixin.py:188} INFO - [2024-07-09T16:57:06.493+0000] {dag.py:3834} INFO - Setting next_dagrun for latest_only to 2024-07-09 12:00:00+00:00, run_after=2024-07-09 16:00:00+00:00
[2024-07-09T16:57:06.510+0000] {processor.py:183} INFO - Processing /home/airflow/.local/lib/python3.11/site-packages/airflow/example_dags/example_latest_only.py took 0.076 seconds
[2024-07-09T16:57:37.172+0000] {processor.py:161} INFO - Started process (PID=3662) to work on /home/airflow/.local/lib/python3.11/site-packages/airflow/example_dags/example_latest_only.py
[2024-07-09T16:57:37.173+0000] {processor.py:830} INFO - Processing file /home/airflow/.local/lib/python3.11/site-packages/airflow/example_dags/example_latest_only.py for tasks to queue
[2024-07-09T16:57:37.174+0000] {logging_mixin.py:188} INFO - [2024-07-09T16:57:37.174+0000] {dagbag.py:540} INFO - Filling up the DagBag from /home/airflow/.local/lib/python3.11/site-packages/airflow/example_dags/example_latest_only.py
[2024-07-09T16:57:37.179+0000] {processor.py:840} INFO - DAG(s) 'latest_only' retrieved from /home/airflow/.local/lib/python3.11/site-packages/airflow/example_dags/example_latest_only.py
[2024-07-09T16:57:37.213+0000] {logging_mixin.py:188} INFO - [2024-07-09T16:57:37.213+0000] {dag.py:3047} INFO - Sync 1 DAGs
[2024-07-09T16:57:37.245+0000] {logging_mixin.py:188} INFO - [2024-07-09T16:57:37.245+0000] {dag.py:3834} INFO - Setting next_dagrun for latest_only to 2024-07-09 12:00:00+00:00, run_after=2024-07-09 16:00:00+00:00
[2024-07-09T16:57:37.291+0000] {processor.py:183} INFO - Processing /home/airflow/.local/lib/python3.11/site-packages/airflow/example_dags/example_latest_only.py took 0.123 seconds
[2024-07-09T16:58:08.196+0000] {processor.py:161} INFO - Started process (PID=3924) to work on /home/airflow/.local/lib/python3.11/site-packages/airflow/example_dags/example_latest_only.py
[2024-07-09T16:58:08.197+0000] {processor.py:830} INFO - Processing file /home/airflow/.local/lib/python3.11/site-packages/airflow/example_dags/example_latest_only.py for tasks to queue
[2024-07-09T16:58:08.197+0000] {logging_mixin.py:188} INFO - [2024-07-09T16:58:08.197+0000] {dagbag.py:540} INFO - Filling up the DagBag from /home/airflow/.local/lib/python3.11/site-packages/airflow/example_dags/example_latest_only.py
[2024-07-09T16:58:08.202+0000] {processor.py:840} INFO - DAG(s) 'latest_only' retrieved from /home/airflow/.local/lib/python3.11/site-packages/airflow/example_dags/example_latest_only.py
[2024-07-09T16:58:08.224+0000] {logging_mixin.py:188} INFO - [2024-07-09T16:58:08.224+0000] {dag.py:3047} INFO - Sync 1 DAGs
[2024-07-09T16:58:08.244+0000] {logging_mixin.py:188} INFO - [2024-07-09T16:58:08.243+0000] {dag.py:3834} INFO - Setting next_dagrun for latest_only to 2024-07-09 12:00:00+00:00, run_after=2024-07-09 16:00:00+00:00
[2024-07-09T16:58:08.262+0000] {processor.py:183} INFO - Processing /home/airflow/.local/lib/python3.11/site-packages/airflow/example_dags/example_latest_only.py took 0.070 seconds
[2024-07-09T16:58:38.621+0000] {processor.py:161} INFO - Started process (PID=4186) to work on /home/airflow/.local/lib/python3.11/site-packages/airflow/example_dags/example_latest_only.py
[2024-07-09T16:58:38.622+0000] {processor.py:830} INFO - Processing file /home/airflow/.local/lib/python3.11/site-packages/airflow/example_dags/example_latest_only.py for tasks to queue
[2024-07-09T16:58:38.623+0000] {logging_mixin.py:188} INFO - [2024-07-09T16:58:38.622+0000] {dagbag.py:540} INFO - Filling up the DagBag from /home/airflow/.local/lib/python3.11/site-packages/airflow/example_dags/example_latest_only.py
[2024-07-09T16:58:38.628+0000] {processor.py:840} INFO - DAG(s) 'latest_only' retrieved from /home/airflow/.local/lib/python3.11/site-packages/airflow/example_dags/example_latest_only.py
[2024-07-09T16:58:38.650+0000] {logging_mixin.py:188} INFO - [2024-07-09T16:58:38.649+0000] {dag.py:3047} INFO - Sync 1 DAGs
[2024-07-09T16:58:38.668+0000] {logging_mixin.py:188} INFO - [2024-07-09T16:58:38.668+0000] {dag.py:3834} INFO - Setting next_dagrun for latest_only to 2024-07-09 12:00:00+00:00, run_after=2024-07-09 16:00:00+00:00
[2024-07-09T16:58:38.703+0000] {processor.py:183} INFO - Processing /home/airflow/.local/lib/python3.11/site-packages/airflow/example_dags/example_latest_only.py took 0.084 seconds
[2024-07-09T16:59:09.529+0000] {processor.py:161} INFO - Started process (PID=4448) to work on /home/airflow/.local/lib/python3.11/site-packages/airflow/example_dags/example_latest_only.py
[2024-07-09T16:59:09.531+0000] {processor.py:830} INFO - Processing file /home/airflow/.local/lib/python3.11/site-packages/airflow/example_dags/example_latest_only.py for tasks to queue
[2024-07-09T16:59:09.532+0000] {logging_mixin.py:188} INFO - [2024-07-09T16:59:09.531+0000] {dagbag.py:540} INFO - Filling up the DagBag from /home/airflow/.local/lib/python3.11/site-packages/airflow/example_dags/example_latest_only.py
[2024-07-09T16:59:09.538+0000] {processor.py:840} INFO - DAG(s) 'latest_only' retrieved from /home/airflow/.local/lib/python3.11/site-packages/airflow/example_dags/example_latest_only.py
[2024-07-09T16:59:09.563+0000] {logging_mixin.py:188} INFO - [2024-07-09T16:59:09.563+0000] {dag.py:3047} INFO - Sync 1 DAGs
[2024-07-09T16:59:09.585+0000] {logging_mixin.py:188} INFO - [2024-07-09T16:59:09.585+0000] {dag.py:3834} INFO - Setting next_dagrun for latest_only to 2024-07-09 12:00:00+00:00, run_after=2024-07-09 16:00:00+00:00
[2024-07-09T16:59:09.604+0000] {processor.py:183} INFO - Processing /home/airflow/.local/lib/python3.11/site-packages/airflow/example_dags/example_latest_only.py took 0.078 seconds
[2024-07-09T16:59:39.703+0000] {processor.py:161} INFO - Started process (PID=4710) to work on /home/airflow/.local/lib/python3.11/site-packages/airflow/example_dags/example_latest_only.py
[2024-07-09T16:59:39.705+0000] {processor.py:830} INFO - Processing file /home/airflow/.local/lib/python3.11/site-packages/airflow/example_dags/example_latest_only.py for tasks to queue
[2024-07-09T16:59:39.706+0000] {logging_mixin.py:188} INFO - [2024-07-09T16:59:39.706+0000] {dagbag.py:540} INFO - Filling up the DagBag from /home/airflow/.local/lib/python3.11/site-packages/airflow/example_dags/example_latest_only.py
[2024-07-09T16:59:39.712+0000] {processor.py:840} INFO - DAG(s) 'latest_only' retrieved from /home/airflow/.local/lib/python3.11/site-packages/airflow/example_dags/example_latest_only.py
[2024-07-09T16:59:39.737+0000] {logging_mixin.py:188} INFO - [2024-07-09T16:59:39.736+0000] {dag.py:3047} INFO - Sync 1 DAGs
[2024-07-09T16:59:39.765+0000] {logging_mixin.py:188} INFO - [2024-07-09T16:59:39.765+0000] {dag.py:3834} INFO - Setting next_dagrun for latest_only to 2024-07-09 12:00:00+00:00, run_after=2024-07-09 16:00:00+00:00
[2024-07-09T16:59:39.796+0000] {processor.py:183} INFO - Processing /home/airflow/.local/lib/python3.11/site-packages/airflow/example_dags/example_latest_only.py took 0.095 seconds
[2024-07-09T17:00:10.252+0000] {processor.py:161} INFO - Started process (PID=4972) to work on /home/airflow/.local/lib/python3.11/site-packages/airflow/example_dags/example_latest_only.py
[2024-07-09T17:00:10.254+0000] {processor.py:830} INFO - Processing file /home/airflow/.local/lib/python3.11/site-packages/airflow/example_dags/example_latest_only.py for tasks to queue
[2024-07-09T17:00:10.255+0000] {logging_mixin.py:188} INFO - [2024-07-09T17:00:10.254+0000] {dagbag.py:540} INFO - Filling up the DagBag from /home/airflow/.local/lib/python3.11/site-packages/airflow/example_dags/example_latest_only.py
[2024-07-09T17:00:10.260+0000] {processor.py:840} INFO - DAG(s) 'latest_only' retrieved from /home/airflow/.local/lib/python3.11/site-packages/airflow/example_dags/example_latest_only.py
[2024-07-09T17:00:10.284+0000] {logging_mixin.py:188} INFO - [2024-07-09T17:00:10.284+0000] {dag.py:3047} INFO - Sync 1 DAGs
[2024-07-09T17:00:10.303+0000] {logging_mixin.py:188} INFO - [2024-07-09T17:00:10.303+0000] {dag.py:3834} INFO - Setting next_dagrun for latest_only to 2024-07-09 12:00:00+00:00, run_after=2024-07-09 16:00:00+00:00
[2024-07-09T17:00:10.338+0000] {processor.py:183} INFO - Processing /home/airflow/.local/lib/python3.11/site-packages/airflow/example_dags/example_latest_only.py took 0.089 seconds
[2024-07-09T17:00:40.690+0000] {processor.py:161} INFO - Started process (PID=5234) to work on /home/airflow/.local/lib/python3.11/site-packages/airflow/example_dags/example_latest_only.py
[2024-07-09T17:00:40.692+0000] {processor.py:830} INFO - Processing file /home/airflow/.local/lib/python3.11/site-packages/airflow/example_dags/example_latest_only.py for tasks to queue
[2024-07-09T17:00:40.692+0000] {logging_mixin.py:188} INFO - [2024-07-09T17:00:40.692+0000] {dagbag.py:540} INFO - Filling up the DagBag from /home/airflow/.local/lib/python3.11/site-packages/airflow/example_dags/example_latest_only.py
[2024-07-09T17:00:40.698+0000] {processor.py:840} INFO - DAG(s) 'latest_only' retrieved from /home/airflow/.local/lib/python3.11/site-packages/airflow/example_dags/example_latest_only.py
[2024-07-09T17:00:40.719+0000] {logging_mixin.py:188} INFO - [2024-07-09T17:00:40.719+0000] {dag.py:3047} INFO - Sync 1 DAGs
[2024-07-09T17:00:40.738+0000] {logging_mixin.py:188} INFO - [2024-07-09T17:00:40.738+0000] {dag.py:3834} INFO - Setting next_dagrun for latest_only to 2024-07-09 12:00:00+00:00, run_after=2024-07-09 16:00:00+00:00
[2024-07-09T17:00:40.776+0000] {processor.py:183} INFO - Processing /home/airflow/.local/lib/python3.11/site-packages/airflow/example_dags/example_latest_only.py took 0.087 seconds
[2024-07-09T17:01:10.910+0000] {processor.py:161} INFO - Started process (PID=5496) to work on /home/airflow/.local/lib/python3.11/site-packages/airflow/example_dags/example_latest_only.py
[2024-07-09T17:01:10.912+0000] {processor.py:830} INFO - Processing file /home/airflow/.local/lib/python3.11/site-packages/airflow/example_dags/example_latest_only.py for tasks to queue
[2024-07-09T17:01:10.913+0000] {logging_mixin.py:188} INFO - [2024-07-09T17:01:10.913+0000] {dagbag.py:540} INFO - Filling up the DagBag from /home/airflow/.local/lib/python3.11/site-packages/airflow/example_dags/example_latest_only.py
[2024-07-09T17:01:10.919+0000] {processor.py:840} INFO - DAG(s) 'latest_only' retrieved from /home/airflow/.local/lib/python3.11/site-packages/airflow/example_dags/example_latest_only.py
[2024-07-09T17:01:10.943+0000] {logging_mixin.py:188} INFO - [2024-07-09T17:01:10.943+0000] {dag.py:3047} INFO - Sync 1 DAGs
[2024-07-09T17:01:10.969+0000] {logging_mixin.py:188} INFO - [2024-07-09T17:01:10.969+0000] {dag.py:3834} INFO - Setting next_dagrun for latest_only to 2024-07-09 12:00:00+00:00, run_after=2024-07-09 16:00:00+00:00
[2024-07-09T17:01:10.988+0000] {processor.py:183} INFO - Processing /home/airflow/.local/lib/python3.11/site-packages/airflow/example_dags/example_latest_only.py took 0.081 seconds
[2024-07-09T17:01:41.066+0000] {processor.py:161} INFO - Started process (PID=5758) to work on /home/airflow/.local/lib/python3.11/site-packages/airflow/example_dags/example_latest_only.py
[2024-07-09T17:01:41.067+0000] {processor.py:830} INFO - Processing file /home/airflow/.local/lib/python3.11/site-packages/airflow/example_dags/example_latest_only.py for tasks to queue
[2024-07-09T17:01:41.068+0000] {logging_mixin.py:188} INFO - [2024-07-09T17:01:41.067+0000] {dagbag.py:540} INFO - Filling up the DagBag from /home/airflow/.local/lib/python3.11/site-packages/airflow/example_dags/example_latest_only.py
[2024-07-09T17:01:41.073+0000] {processor.py:840} INFO - DAG(s) 'latest_only' retrieved from /home/airflow/.local/lib/python3.11/site-packages/airflow/example_dags/example_latest_only.py
[2024-07-09T17:01:41.096+0000] {logging_mixin.py:188} INFO - [2024-07-09T17:01:41.096+0000] {dag.py:3047} INFO - Sync 1 DAGs
[2024-07-09T17:01:41.114+0000] {logging_mixin.py:188} INFO - [2024-07-09T17:01:41.114+0000] {dag.py:3834} INFO - Setting next_dagrun for latest_only to 2024-07-09 12:00:00+00:00, run_after=2024-07-09 16:00:00+00:00
[2024-07-09T17:01:41.132+0000] {processor.py:183} INFO - Processing /home/airflow/.local/lib/python3.11/site-packages/airflow/example_dags/example_latest_only.py took 0.070 seconds
[2024-07-09T17:02:11.194+0000] {processor.py:161} INFO - Started process (PID=6020) to work on /home/airflow/.local/lib/python3.11/site-packages/airflow/example_dags/example_latest_only.py
[2024-07-09T17:02:11.195+0000] {processor.py:830} INFO - Processing file /home/airflow/.local/lib/python3.11/site-packages/airflow/example_dags/example_latest_only.py for tasks to queue
[2024-07-09T17:02:11.196+0000] {logging_mixin.py:188} INFO - [2024-07-09T17:02:11.195+0000] {dagbag.py:540} INFO - Filling up the DagBag from /home/airflow/.local/lib/python3.11/site-packages/airflow/example_dags/example_latest_only.py
[2024-07-09T17:02:11.201+0000] {processor.py:840} INFO - DAG(s) 'latest_only' retrieved from /home/airflow/.local/lib/python3.11/site-packages/airflow/example_dags/example_latest_only.py
[2024-07-09T17:02:11.222+0000] {logging_mixin.py:188} INFO - [2024-07-09T17:02:11.222+0000] {dag.py:3047} INFO - Sync 1 DAGs
[2024-07-09T17:02:11.243+0000] {logging_mixin.py:188} INFO - [2024-07-09T17:02:11.243+0000] {dag.py:3834} INFO - Setting next_dagrun for latest_only to 2024-07-09 12:00:00+00:00, run_after=2024-07-09 16:00:00+00:00
[2024-07-09T17:02:11.278+0000] {processor.py:183} INFO - Processing /home/airflow/.local/lib/python3.11/site-packages/airflow/example_dags/example_latest_only.py took 0.087 seconds
[2024-07-09T17:02:41.959+0000] {processor.py:161} INFO - Started process (PID=6282) to work on /home/airflow/.local/lib/python3.11/site-packages/airflow/example_dags/example_latest_only.py
[2024-07-09T17:02:41.960+0000] {processor.py:830} INFO - Processing file /home/airflow/.local/lib/python3.11/site-packages/airflow/example_dags/example_latest_only.py for tasks to queue
[2024-07-09T17:02:41.961+0000] {logging_mixin.py:188} INFO - [2024-07-09T17:02:41.961+0000] {dagbag.py:540} INFO - Filling up the DagBag from /home/airflow/.local/lib/python3.11/site-packages/airflow/example_dags/example_latest_only.py
[2024-07-09T17:02:41.966+0000] {processor.py:840} INFO - DAG(s) 'latest_only' retrieved from /home/airflow/.local/lib/python3.11/site-packages/airflow/example_dags/example_latest_only.py
[2024-07-09T17:02:41.989+0000] {logging_mixin.py:188} INFO - [2024-07-09T17:02:41.989+0000] {dag.py:3047} INFO - Sync 1 DAGs
[2024-07-09T17:02:42.007+0000] {logging_mixin.py:188} INFO - [2024-07-09T17:02:42.007+0000] {dag.py:3834} INFO - Setting next_dagrun for latest_only to 2024-07-09 12:00:00+00:00, run_after=2024-07-09 16:00:00+00:00
[2024-07-09T17:02:42.044+0000] {processor.py:183} INFO - Processing /home/airflow/.local/lib/python3.11/site-packages/airflow/example_dags/example_latest_only.py took 0.088 seconds
[2024-07-09T17:03:12.280+0000] {processor.py:161} INFO - Started process (PID=6544) to work on /home/airflow/.local/lib/python3.11/site-packages/airflow/example_dags/example_latest_only.py
[2024-07-09T17:03:12.282+0000] {processor.py:830} INFO - Processing file /home/airflow/.local/lib/python3.11/site-packages/airflow/example_dags/example_latest_only.py for tasks to queue
[2024-07-09T17:03:12.283+0000] {logging_mixin.py:188} INFO - [2024-07-09T17:03:12.283+0000] {dagbag.py:540} INFO - Filling up the DagBag from /home/airflow/.local/lib/python3.11/site-packages/airflow/example_dags/example_latest_only.py
[2024-07-09T17:03:12.288+0000] {processor.py:840} INFO - DAG(s) 'latest_only' retrieved from /home/airflow/.local/lib/python3.11/site-packages/airflow/example_dags/example_latest_only.py
[2024-07-09T17:03:12.312+0000] {logging_mixin.py:188} INFO - [2024-07-09T17:03:12.312+0000] {dag.py:3047} INFO - Sync 1 DAGs
[2024-07-09T17:03:12.332+0000] {logging_mixin.py:188} INFO - [2024-07-09T17:03:12.332+0000] {dag.py:3834} INFO - Setting next_dagrun for latest_only to 2024-07-09 12:00:00+00:00, run_after=2024-07-09 16:00:00+00:00
[2024-07-09T17:03:12.349+0000] {processor.py:183} INFO - Processing /home/airflow/.local/lib/python3.11/site-packages/airflow/example_dags/example_latest_only.py took 0.073 seconds
[2024-07-09T17:03:43.170+0000] {processor.py:161} INFO - Started process (PID=6806) to work on /home/airflow/.local/lib/python3.11/site-packages/airflow/example_dags/example_latest_only.py
[2024-07-09T17:03:43.171+0000] {processor.py:830} INFO - Processing file /home/airflow/.local/lib/python3.11/site-packages/airflow/example_dags/example_latest_only.py for tasks to queue
[2024-07-09T17:03:43.172+0000] {logging_mixin.py:188} INFO - [2024-07-09T17:03:43.172+0000] {dagbag.py:540} INFO - Filling up the DagBag from /home/airflow/.local/lib/python3.11/site-packages/airflow/example_dags/example_latest_only.py
[2024-07-09T17:03:43.177+0000] {processor.py:840} INFO - DAG(s) 'latest_only' retrieved from /home/airflow/.local/lib/python3.11/site-packages/airflow/example_dags/example_latest_only.py
[2024-07-09T17:03:43.198+0000] {logging_mixin.py:188} INFO - [2024-07-09T17:03:43.197+0000] {dag.py:3047} INFO - Sync 1 DAGs
[2024-07-09T17:03:43.219+0000] {logging_mixin.py:188} INFO - [2024-07-09T17:03:43.218+0000] {dag.py:3834} INFO - Setting next_dagrun for latest_only to 2024-07-09 12:00:00+00:00, run_after=2024-07-09 16:00:00+00:00
[2024-07-09T17:03:43.236+0000] {processor.py:183} INFO - Processing /home/airflow/.local/lib/python3.11/site-packages/airflow/example_dags/example_latest_only.py took 0.069 seconds
[2024-07-09T17:04:13.971+0000] {processor.py:161} INFO - Started process (PID=7068) to work on /home/airflow/.local/lib/python3.11/site-packages/airflow/example_dags/example_latest_only.py
[2024-07-09T17:04:13.973+0000] {processor.py:830} INFO - Processing file /home/airflow/.local/lib/python3.11/site-packages/airflow/example_dags/example_latest_only.py for tasks to queue
[2024-07-09T17:04:13.973+0000] {logging_mixin.py:188} INFO - [2024-07-09T17:04:13.973+0000] {dagbag.py:540} INFO - Filling up the DagBag from /home/airflow/.local/lib/python3.11/site-packages/airflow/example_dags/example_latest_only.py
[2024-07-09T17:04:13.980+0000] {processor.py:840} INFO - DAG(s) 'latest_only' retrieved from /home/airflow/.local/lib/python3.11/site-packages/airflow/example_dags/example_latest_only.py
[2024-07-09T17:04:14.004+0000] {logging_mixin.py:188} INFO - [2024-07-09T17:04:14.004+0000] {dag.py:3047} INFO - Sync 1 DAGs
[2024-07-09T17:04:14.026+0000] {logging_mixin.py:188} INFO - [2024-07-09T17:04:14.025+0000] {dag.py:3834} INFO - Setting next_dagrun for latest_only to 2024-07-09 12:00:00+00:00, run_after=2024-07-09 16:00:00+00:00
[2024-07-09T17:04:14.062+0000] {processor.py:183} INFO - Processing /home/airflow/.local/lib/python3.11/site-packages/airflow/example_dags/example_latest_only.py took 0.094 seconds
[2024-07-09T17:04:44.732+0000] {processor.py:161} INFO - Started process (PID=7350) to work on /home/airflow/.local/lib/python3.11/site-packages/airflow/example_dags/example_latest_only.py
[2024-07-09T17:04:44.734+0000] {processor.py:830} INFO - Processing file /home/airflow/.local/lib/python3.11/site-packages/airflow/example_dags/example_latest_only.py for tasks to queue
[2024-07-09T17:04:44.735+0000] {logging_mixin.py:188} INFO - [2024-07-09T17:04:44.735+0000] {dagbag.py:540} INFO - Filling up the DagBag from /home/airflow/.local/lib/python3.11/site-packages/airflow/example_dags/example_latest_only.py
[2024-07-09T17:04:44.743+0000] {processor.py:840} INFO - DAG(s) 'latest_only' retrieved from /home/airflow/.local/lib/python3.11/site-packages/airflow/example_dags/example_latest_only.py
[2024-07-09T17:04:44.774+0000] {logging_mixin.py:188} INFO - [2024-07-09T17:04:44.773+0000] {dag.py:3047} INFO - Sync 1 DAGs
[2024-07-09T17:04:44.801+0000] {logging_mixin.py:188} INFO - [2024-07-09T17:04:44.800+0000] {dag.py:3834} INFO - Setting next_dagrun for latest_only to 2024-07-09 12:00:00+00:00, run_after=2024-07-09 16:00:00+00:00
[2024-07-09T17:04:44.839+0000] {processor.py:183} INFO - Processing /home/airflow/.local/lib/python3.11/site-packages/airflow/example_dags/example_latest_only.py took 0.111 seconds
[2024-07-09T17:05:15.661+0000] {processor.py:161} INFO - Started process (PID=7626) to work on /home/airflow/.local/lib/python3.11/site-packages/airflow/example_dags/example_latest_only.py
[2024-07-09T17:05:15.662+0000] {processor.py:830} INFO - Processing file /home/airflow/.local/lib/python3.11/site-packages/airflow/example_dags/example_latest_only.py for tasks to queue
[2024-07-09T17:05:15.663+0000] {logging_mixin.py:188} INFO - [2024-07-09T17:05:15.663+0000] {dagbag.py:540} INFO - Filling up the DagBag from /home/airflow/.local/lib/python3.11/site-packages/airflow/example_dags/example_latest_only.py
[2024-07-09T17:05:15.670+0000] {processor.py:840} INFO - DAG(s) 'latest_only' retrieved from /home/airflow/.local/lib/python3.11/site-packages/airflow/example_dags/example_latest_only.py
[2024-07-09T17:05:15.692+0000] {logging_mixin.py:188} INFO - [2024-07-09T17:05:15.692+0000] {dag.py:3047} INFO - Sync 1 DAGs
[2024-07-09T17:05:15.715+0000] {logging_mixin.py:188} INFO - [2024-07-09T17:05:15.715+0000] {dag.py:3834} INFO - Setting next_dagrun for latest_only to 2024-07-09 12:00:00+00:00, run_after=2024-07-09 16:00:00+00:00
[2024-07-09T17:05:15.752+0000] {processor.py:183} INFO - Processing /home/airflow/.local/lib/python3.11/site-packages/airflow/example_dags/example_latest_only.py took 0.095 seconds
[2024-07-09T17:05:46.329+0000] {processor.py:161} INFO - Started process (PID=7888) to work on /home/airflow/.local/lib/python3.11/site-packages/airflow/example_dags/example_latest_only.py
[2024-07-09T17:05:46.330+0000] {processor.py:830} INFO - Processing file /home/airflow/.local/lib/python3.11/site-packages/airflow/example_dags/example_latest_only.py for tasks to queue
[2024-07-09T17:05:46.331+0000] {logging_mixin.py:188} INFO - [2024-07-09T17:05:46.331+0000] {dagbag.py:540} INFO - Filling up the DagBag from /home/airflow/.local/lib/python3.11/site-packages/airflow/example_dags/example_latest_only.py
[2024-07-09T17:05:46.338+0000] {processor.py:840} INFO - DAG(s) 'latest_only' retrieved from /home/airflow/.local/lib/python3.11/site-packages/airflow/example_dags/example_latest_only.py
[2024-07-09T17:05:46.363+0000] {logging_mixin.py:188} INFO - [2024-07-09T17:05:46.363+0000] {dag.py:3047} INFO - Sync 1 DAGs
[2024-07-09T17:05:46.384+0000] {logging_mixin.py:188} INFO - [2024-07-09T17:05:46.383+0000] {dag.py:3834} INFO - Setting next_dagrun for latest_only to 2024-07-09 12:00:00+00:00, run_after=2024-07-09 16:00:00+00:00
[2024-07-09T17:05:46.422+0000] {processor.py:183} INFO - Processing /home/airflow/.local/lib/python3.11/site-packages/airflow/example_dags/example_latest_only.py took 0.097 seconds
[2024-07-09T17:06:17.379+0000] {processor.py:161} INFO - Started process (PID=8150) to work on /home/airflow/.local/lib/python3.11/site-packages/airflow/example_dags/example_latest_only.py
[2024-07-09T17:06:17.381+0000] {processor.py:830} INFO - Processing file /home/airflow/.local/lib/python3.11/site-packages/airflow/example_dags/example_latest_only.py for tasks to queue
[2024-07-09T17:06:17.382+0000] {logging_mixin.py:188} INFO - [2024-07-09T17:06:17.382+0000] {dagbag.py:540} INFO - Filling up the DagBag from /home/airflow/.local/lib/python3.11/site-packages/airflow/example_dags/example_latest_only.py
[2024-07-09T17:06:17.394+0000] {processor.py:840} INFO - DAG(s) 'latest_only' retrieved from /home/airflow/.local/lib/python3.11/site-packages/airflow/example_dags/example_latest_only.py
[2024-07-09T17:06:17.426+0000] {logging_mixin.py:188} INFO - [2024-07-09T17:06:17.426+0000] {dag.py:3047} INFO - Sync 1 DAGs
[2024-07-09T17:06:17.465+0000] {logging_mixin.py:188} INFO - [2024-07-09T17:06:17.464+0000] {dag.py:3834} INFO - Setting next_dagrun for latest_only to 2024-07-09 12:00:00+00:00, run_after=2024-07-09 16:00:00+00:00
[2024-07-09T17:06:17.490+0000] {processor.py:183} INFO - Processing /home/airflow/.local/lib/python3.11/site-packages/airflow/example_dags/example_latest_only.py took 0.123 seconds
[2024-07-09T17:06:47.600+0000] {processor.py:161} INFO - Started process (PID=8412) to work on /home/airflow/.local/lib/python3.11/site-packages/airflow/example_dags/example_latest_only.py
[2024-07-09T17:06:47.601+0000] {processor.py:830} INFO - Processing file /home/airflow/.local/lib/python3.11/site-packages/airflow/example_dags/example_latest_only.py for tasks to queue
[2024-07-09T17:06:47.602+0000] {logging_mixin.py:188} INFO - [2024-07-09T17:06:47.602+0000] {dagbag.py:540} INFO - Filling up the DagBag from /home/airflow/.local/lib/python3.11/site-packages/airflow/example_dags/example_latest_only.py
[2024-07-09T17:06:47.608+0000] {processor.py:840} INFO - DAG(s) 'latest_only' retrieved from /home/airflow/.local/lib/python3.11/site-packages/airflow/example_dags/example_latest_only.py
[2024-07-09T17:06:47.627+0000] {logging_mixin.py:188} INFO - [2024-07-09T17:06:47.627+0000] {dag.py:3047} INFO - Sync 1 DAGs
[2024-07-09T17:06:47.647+0000] {logging_mixin.py:188} INFO - [2024-07-09T17:06:47.647+0000] {dag.py:3834} INFO - Setting next_dagrun for latest_only to 2024-07-09 12:00:00+00:00, run_after=2024-07-09 16:00:00+00:00
[2024-07-09T17:06:47.666+0000] {processor.py:183} INFO - Processing /home/airflow/.local/lib/python3.11/site-packages/airflow/example_dags/example_latest_only.py took 0.069 seconds
