[2024-07-09T16:51:03.370+0000] {processor.py:161} INFO - Started process (PID=365) to work on /home/airflow/.local/lib/python3.11/site-packages/airflow/example_dags/example_params_ui_tutorial.py
[2024-07-09T16:51:03.371+0000] {processor.py:830} INFO - Processing file /home/airflow/.local/lib/python3.11/site-packages/airflow/example_dags/example_params_ui_tutorial.py for tasks to queue
[2024-07-09T16:51:03.372+0000] {logging_mixin.py:188} INFO - [2024-07-09T16:51:03.372+0000] {dagbag.py:540} INFO - Filling up the DagBag from /home/airflow/.local/lib/python3.11/site-packages/airflow/example_dags/example_params_ui_tutorial.py
[2024-07-09T16:51:03.389+0000] {processor.py:840} INFO - DAG(s) 'example_params_ui_tutorial' retrieved from /home/airflow/.local/lib/python3.11/site-packages/airflow/example_dags/example_params_ui_tutorial.py
[2024-07-09T16:51:03.533+0000] {logging_mixin.py:188} INFO - [2024-07-09T16:51:03.532+0000] {override.py:1769} INFO - Created Permission View: can delete on DAG:example_params_ui_tutorial
[2024-07-09T16:51:03.544+0000] {logging_mixin.py:188} INFO - [2024-07-09T16:51:03.544+0000] {override.py:1769} INFO - Created Permission View: can edit on DAG:example_params_ui_tutorial
[2024-07-09T16:51:03.551+0000] {logging_mixin.py:188} INFO - [2024-07-09T16:51:03.551+0000] {override.py:1769} INFO - Created Permission View: can read on DAG:example_params_ui_tutorial
[2024-07-09T16:51:03.552+0000] {logging_mixin.py:188} INFO - [2024-07-09T16:51:03.551+0000] {dag.py:3047} INFO - Sync 1 DAGs
[2024-07-09T16:51:03.564+0000] {logging_mixin.py:188} INFO - [2024-07-09T16:51:03.564+0000] {dag.py:3069} INFO - Creating ORM DAG for example_params_ui_tutorial
[2024-07-09T16:51:03.565+0000] {logging_mixin.py:188} INFO - [2024-07-09T16:51:03.565+0000] {dag.py:3834} INFO - Setting next_dagrun for example_params_ui_tutorial to None, run_after=None
[2024-07-09T16:51:03.585+0000] {processor.py:183} INFO - Processing /home/airflow/.local/lib/python3.11/site-packages/airflow/example_dags/example_params_ui_tutorial.py took 0.220 seconds
[2024-07-09T16:51:34.359+0000] {processor.py:161} INFO - Started process (PID=629) to work on /home/airflow/.local/lib/python3.11/site-packages/airflow/example_dags/example_params_ui_tutorial.py
[2024-07-09T16:51:34.360+0000] {processor.py:830} INFO - Processing file /home/airflow/.local/lib/python3.11/site-packages/airflow/example_dags/example_params_ui_tutorial.py for tasks to queue
[2024-07-09T16:51:34.362+0000] {logging_mixin.py:188} INFO - [2024-07-09T16:51:34.361+0000] {dagbag.py:540} INFO - Filling up the DagBag from /home/airflow/.local/lib/python3.11/site-packages/airflow/example_dags/example_params_ui_tutorial.py
[2024-07-09T16:51:34.371+0000] {processor.py:840} INFO - DAG(s) 'example_params_ui_tutorial' retrieved from /home/airflow/.local/lib/python3.11/site-packages/airflow/example_dags/example_params_ui_tutorial.py
[2024-07-09T16:51:34.409+0000] {logging_mixin.py:188} INFO - [2024-07-09T16:51:34.409+0000] {dag.py:3047} INFO - Sync 1 DAGs
[2024-07-09T16:51:34.419+0000] {logging_mixin.py:188} INFO - [2024-07-09T16:51:34.419+0000] {dag.py:3834} INFO - Setting next_dagrun for example_params_ui_tutorial to None, run_after=None
[2024-07-09T16:51:34.434+0000] {processor.py:183} INFO - Processing /home/airflow/.local/lib/python3.11/site-packages/airflow/example_dags/example_params_ui_tutorial.py took 0.078 seconds
[2024-07-09T16:52:04.551+0000] {processor.py:161} INFO - Started process (PID=891) to work on /home/airflow/.local/lib/python3.11/site-packages/airflow/example_dags/example_params_ui_tutorial.py
[2024-07-09T16:52:04.552+0000] {processor.py:830} INFO - Processing file /home/airflow/.local/lib/python3.11/site-packages/airflow/example_dags/example_params_ui_tutorial.py for tasks to queue
[2024-07-09T16:52:04.553+0000] {logging_mixin.py:188} INFO - [2024-07-09T16:52:04.553+0000] {dagbag.py:540} INFO - Filling up the DagBag from /home/airflow/.local/lib/python3.11/site-packages/airflow/example_dags/example_params_ui_tutorial.py
[2024-07-09T16:52:04.563+0000] {processor.py:840} INFO - DAG(s) 'example_params_ui_tutorial' retrieved from /home/airflow/.local/lib/python3.11/site-packages/airflow/example_dags/example_params_ui_tutorial.py
[2024-07-09T16:52:04.603+0000] {logging_mixin.py:188} INFO - [2024-07-09T16:52:04.602+0000] {dag.py:3047} INFO - Sync 1 DAGs
[2024-07-09T16:52:04.613+0000] {logging_mixin.py:188} INFO - [2024-07-09T16:52:04.612+0000] {dag.py:3834} INFO - Setting next_dagrun for example_params_ui_tutorial to None, run_after=None
[2024-07-09T16:52:04.637+0000] {processor.py:183} INFO - Processing /home/airflow/.local/lib/python3.11/site-packages/airflow/example_dags/example_params_ui_tutorial.py took 0.088 seconds
[2024-07-09T16:52:35.123+0000] {processor.py:161} INFO - Started process (PID=1153) to work on /home/airflow/.local/lib/python3.11/site-packages/airflow/example_dags/example_params_ui_tutorial.py
[2024-07-09T16:52:35.124+0000] {processor.py:830} INFO - Processing file /home/airflow/.local/lib/python3.11/site-packages/airflow/example_dags/example_params_ui_tutorial.py for tasks to queue
[2024-07-09T16:52:35.125+0000] {logging_mixin.py:188} INFO - [2024-07-09T16:52:35.125+0000] {dagbag.py:540} INFO - Filling up the DagBag from /home/airflow/.local/lib/python3.11/site-packages/airflow/example_dags/example_params_ui_tutorial.py
[2024-07-09T16:52:35.140+0000] {processor.py:840} INFO - DAG(s) 'example_params_ui_tutorial' retrieved from /home/airflow/.local/lib/python3.11/site-packages/airflow/example_dags/example_params_ui_tutorial.py
[2024-07-09T16:52:35.188+0000] {logging_mixin.py:188} INFO - [2024-07-09T16:52:35.188+0000] {dag.py:3047} INFO - Sync 1 DAGs
[2024-07-09T16:52:35.200+0000] {logging_mixin.py:188} INFO - [2024-07-09T16:52:35.200+0000] {dag.py:3834} INFO - Setting next_dagrun for example_params_ui_tutorial to None, run_after=None
[2024-07-09T16:52:35.220+0000] {processor.py:183} INFO - Processing /home/airflow/.local/lib/python3.11/site-packages/airflow/example_dags/example_params_ui_tutorial.py took 0.101 seconds
[2024-07-09T16:53:05.423+0000] {processor.py:161} INFO - Started process (PID=1413) to work on /home/airflow/.local/lib/python3.11/site-packages/airflow/example_dags/example_params_ui_tutorial.py
[2024-07-09T16:53:05.424+0000] {processor.py:830} INFO - Processing file /home/airflow/.local/lib/python3.11/site-packages/airflow/example_dags/example_params_ui_tutorial.py for tasks to queue
[2024-07-09T16:53:05.425+0000] {logging_mixin.py:188} INFO - [2024-07-09T16:53:05.425+0000] {dagbag.py:540} INFO - Filling up the DagBag from /home/airflow/.local/lib/python3.11/site-packages/airflow/example_dags/example_params_ui_tutorial.py
[2024-07-09T16:53:05.437+0000] {processor.py:840} INFO - DAG(s) 'example_params_ui_tutorial' retrieved from /home/airflow/.local/lib/python3.11/site-packages/airflow/example_dags/example_params_ui_tutorial.py
[2024-07-09T16:53:05.610+0000] {logging_mixin.py:188} INFO - [2024-07-09T16:53:05.609+0000] {dag.py:3047} INFO - Sync 1 DAGs
[2024-07-09T16:53:05.620+0000] {logging_mixin.py:188} INFO - [2024-07-09T16:53:05.620+0000] {dag.py:3834} INFO - Setting next_dagrun for example_params_ui_tutorial to None, run_after=None
[2024-07-09T16:53:05.640+0000] {processor.py:183} INFO - Processing /home/airflow/.local/lib/python3.11/site-packages/airflow/example_dags/example_params_ui_tutorial.py took 0.221 seconds
[2024-07-09T16:53:36.038+0000] {processor.py:161} INFO - Started process (PID=1675) to work on /home/airflow/.local/lib/python3.11/site-packages/airflow/example_dags/example_params_ui_tutorial.py
[2024-07-09T16:53:36.040+0000] {processor.py:830} INFO - Processing file /home/airflow/.local/lib/python3.11/site-packages/airflow/example_dags/example_params_ui_tutorial.py for tasks to queue
[2024-07-09T16:53:36.041+0000] {logging_mixin.py:188} INFO - [2024-07-09T16:53:36.040+0000] {dagbag.py:540} INFO - Filling up the DagBag from /home/airflow/.local/lib/python3.11/site-packages/airflow/example_dags/example_params_ui_tutorial.py
[2024-07-09T16:53:36.051+0000] {processor.py:840} INFO - DAG(s) 'example_params_ui_tutorial' retrieved from /home/airflow/.local/lib/python3.11/site-packages/airflow/example_dags/example_params_ui_tutorial.py
[2024-07-09T16:53:36.102+0000] {logging_mixin.py:188} INFO - [2024-07-09T16:53:36.102+0000] {dag.py:3047} INFO - Sync 1 DAGs
[2024-07-09T16:53:36.114+0000] {logging_mixin.py:188} INFO - [2024-07-09T16:53:36.114+0000] {dag.py:3834} INFO - Setting next_dagrun for example_params_ui_tutorial to None, run_after=None
[2024-07-09T16:53:36.130+0000] {processor.py:183} INFO - Processing /home/airflow/.local/lib/python3.11/site-packages/airflow/example_dags/example_params_ui_tutorial.py took 0.095 seconds
[2024-07-09T16:54:07.037+0000] {processor.py:161} INFO - Started process (PID=1937) to work on /home/airflow/.local/lib/python3.11/site-packages/airflow/example_dags/example_params_ui_tutorial.py
[2024-07-09T16:54:07.039+0000] {processor.py:830} INFO - Processing file /home/airflow/.local/lib/python3.11/site-packages/airflow/example_dags/example_params_ui_tutorial.py for tasks to queue
[2024-07-09T16:54:07.040+0000] {logging_mixin.py:188} INFO - [2024-07-09T16:54:07.039+0000] {dagbag.py:540} INFO - Filling up the DagBag from /home/airflow/.local/lib/python3.11/site-packages/airflow/example_dags/example_params_ui_tutorial.py
[2024-07-09T16:54:07.052+0000] {processor.py:840} INFO - DAG(s) 'example_params_ui_tutorial' retrieved from /home/airflow/.local/lib/python3.11/site-packages/airflow/example_dags/example_params_ui_tutorial.py
[2024-07-09T16:54:07.098+0000] {logging_mixin.py:188} INFO - [2024-07-09T16:54:07.098+0000] {dag.py:3047} INFO - Sync 1 DAGs
[2024-07-09T16:54:07.109+0000] {logging_mixin.py:188} INFO - [2024-07-09T16:54:07.109+0000] {dag.py:3834} INFO - Setting next_dagrun for example_params_ui_tutorial to None, run_after=None
[2024-07-09T16:54:07.197+0000] {processor.py:183} INFO - Processing /home/airflow/.local/lib/python3.11/site-packages/airflow/example_dags/example_params_ui_tutorial.py took 0.163 seconds
[2024-07-09T16:54:37.462+0000] {processor.py:161} INFO - Started process (PID=2199) to work on /home/airflow/.local/lib/python3.11/site-packages/airflow/example_dags/example_params_ui_tutorial.py
[2024-07-09T16:54:37.463+0000] {processor.py:830} INFO - Processing file /home/airflow/.local/lib/python3.11/site-packages/airflow/example_dags/example_params_ui_tutorial.py for tasks to queue
[2024-07-09T16:54:37.464+0000] {logging_mixin.py:188} INFO - [2024-07-09T16:54:37.463+0000] {dagbag.py:540} INFO - Filling up the DagBag from /home/airflow/.local/lib/python3.11/site-packages/airflow/example_dags/example_params_ui_tutorial.py
[2024-07-09T16:54:37.475+0000] {processor.py:840} INFO - DAG(s) 'example_params_ui_tutorial' retrieved from /home/airflow/.local/lib/python3.11/site-packages/airflow/example_dags/example_params_ui_tutorial.py
[2024-07-09T16:54:37.526+0000] {logging_mixin.py:188} INFO - [2024-07-09T16:54:37.525+0000] {dag.py:3047} INFO - Sync 1 DAGs
[2024-07-09T16:54:37.536+0000] {logging_mixin.py:188} INFO - [2024-07-09T16:54:37.536+0000] {dag.py:3834} INFO - Setting next_dagrun for example_params_ui_tutorial to None, run_after=None
[2024-07-09T16:54:37.555+0000] {processor.py:183} INFO - Processing /home/airflow/.local/lib/python3.11/site-packages/airflow/example_dags/example_params_ui_tutorial.py took 0.096 seconds
[2024-07-09T16:55:07.925+0000] {processor.py:161} INFO - Started process (PID=2463) to work on /home/airflow/.local/lib/python3.11/site-packages/airflow/example_dags/example_params_ui_tutorial.py
[2024-07-09T16:55:07.926+0000] {processor.py:830} INFO - Processing file /home/airflow/.local/lib/python3.11/site-packages/airflow/example_dags/example_params_ui_tutorial.py for tasks to queue
[2024-07-09T16:55:07.927+0000] {logging_mixin.py:188} INFO - [2024-07-09T16:55:07.926+0000] {dagbag.py:540} INFO - Filling up the DagBag from /home/airflow/.local/lib/python3.11/site-packages/airflow/example_dags/example_params_ui_tutorial.py
[2024-07-09T16:55:07.939+0000] {processor.py:840} INFO - DAG(s) 'example_params_ui_tutorial' retrieved from /home/airflow/.local/lib/python3.11/site-packages/airflow/example_dags/example_params_ui_tutorial.py
[2024-07-09T16:55:07.989+0000] {logging_mixin.py:188} INFO - [2024-07-09T16:55:07.989+0000] {dag.py:3047} INFO - Sync 1 DAGs
[2024-07-09T16:55:08.000+0000] {logging_mixin.py:188} INFO - [2024-07-09T16:55:08.000+0000] {dag.py:3834} INFO - Setting next_dagrun for example_params_ui_tutorial to None, run_after=None
[2024-07-09T16:55:08.020+0000] {processor.py:183} INFO - Processing /home/airflow/.local/lib/python3.11/site-packages/airflow/example_dags/example_params_ui_tutorial.py took 0.099 seconds
[2024-07-09T16:55:38.364+0000] {processor.py:161} INFO - Started process (PID=2723) to work on /home/airflow/.local/lib/python3.11/site-packages/airflow/example_dags/example_params_ui_tutorial.py
[2024-07-09T16:55:38.365+0000] {processor.py:830} INFO - Processing file /home/airflow/.local/lib/python3.11/site-packages/airflow/example_dags/example_params_ui_tutorial.py for tasks to queue
[2024-07-09T16:55:38.366+0000] {logging_mixin.py:188} INFO - [2024-07-09T16:55:38.366+0000] {dagbag.py:540} INFO - Filling up the DagBag from /home/airflow/.local/lib/python3.11/site-packages/airflow/example_dags/example_params_ui_tutorial.py
[2024-07-09T16:55:38.376+0000] {processor.py:840} INFO - DAG(s) 'example_params_ui_tutorial' retrieved from /home/airflow/.local/lib/python3.11/site-packages/airflow/example_dags/example_params_ui_tutorial.py
[2024-07-09T16:55:38.423+0000] {logging_mixin.py:188} INFO - [2024-07-09T16:55:38.423+0000] {dag.py:3047} INFO - Sync 1 DAGs
[2024-07-09T16:55:38.434+0000] {logging_mixin.py:188} INFO - [2024-07-09T16:55:38.434+0000] {dag.py:3834} INFO - Setting next_dagrun for example_params_ui_tutorial to None, run_after=None
[2024-07-09T16:55:38.450+0000] {processor.py:183} INFO - Processing /home/airflow/.local/lib/python3.11/site-packages/airflow/example_dags/example_params_ui_tutorial.py took 0.089 seconds
[2024-07-09T16:56:08.592+0000] {processor.py:161} INFO - Started process (PID=2985) to work on /home/airflow/.local/lib/python3.11/site-packages/airflow/example_dags/example_params_ui_tutorial.py
[2024-07-09T16:56:08.593+0000] {processor.py:830} INFO - Processing file /home/airflow/.local/lib/python3.11/site-packages/airflow/example_dags/example_params_ui_tutorial.py for tasks to queue
[2024-07-09T16:56:08.594+0000] {logging_mixin.py:188} INFO - [2024-07-09T16:56:08.594+0000] {dagbag.py:540} INFO - Filling up the DagBag from /home/airflow/.local/lib/python3.11/site-packages/airflow/example_dags/example_params_ui_tutorial.py
[2024-07-09T16:56:08.607+0000] {processor.py:840} INFO - DAG(s) 'example_params_ui_tutorial' retrieved from /home/airflow/.local/lib/python3.11/site-packages/airflow/example_dags/example_params_ui_tutorial.py
[2024-07-09T16:56:08.656+0000] {logging_mixin.py:188} INFO - [2024-07-09T16:56:08.656+0000] {dag.py:3047} INFO - Sync 1 DAGs
[2024-07-09T16:56:08.667+0000] {logging_mixin.py:188} INFO - [2024-07-09T16:56:08.667+0000] {dag.py:3834} INFO - Setting next_dagrun for example_params_ui_tutorial to None, run_after=None
[2024-07-09T16:56:08.684+0000] {processor.py:183} INFO - Processing /home/airflow/.local/lib/python3.11/site-packages/airflow/example_dags/example_params_ui_tutorial.py took 0.095 seconds
[2024-07-09T16:56:39.065+0000] {processor.py:161} INFO - Started process (PID=3247) to work on /home/airflow/.local/lib/python3.11/site-packages/airflow/example_dags/example_params_ui_tutorial.py
[2024-07-09T16:56:39.066+0000] {processor.py:830} INFO - Processing file /home/airflow/.local/lib/python3.11/site-packages/airflow/example_dags/example_params_ui_tutorial.py for tasks to queue
[2024-07-09T16:56:39.067+0000] {logging_mixin.py:188} INFO - [2024-07-09T16:56:39.067+0000] {dagbag.py:540} INFO - Filling up the DagBag from /home/airflow/.local/lib/python3.11/site-packages/airflow/example_dags/example_params_ui_tutorial.py
[2024-07-09T16:56:39.080+0000] {processor.py:840} INFO - DAG(s) 'example_params_ui_tutorial' retrieved from /home/airflow/.local/lib/python3.11/site-packages/airflow/example_dags/example_params_ui_tutorial.py
[2024-07-09T16:56:39.131+0000] {logging_mixin.py:188} INFO - [2024-07-09T16:56:39.131+0000] {dag.py:3047} INFO - Sync 1 DAGs
[2024-07-09T16:56:39.143+0000] {logging_mixin.py:188} INFO - [2024-07-09T16:56:39.143+0000] {dag.py:3834} INFO - Setting next_dagrun for example_params_ui_tutorial to None, run_after=None
[2024-07-09T16:56:39.160+0000] {processor.py:183} INFO - Processing /home/airflow/.local/lib/python3.11/site-packages/airflow/example_dags/example_params_ui_tutorial.py took 0.100 seconds
[2024-07-09T16:57:09.958+0000] {processor.py:161} INFO - Started process (PID=3509) to work on /home/airflow/.local/lib/python3.11/site-packages/airflow/example_dags/example_params_ui_tutorial.py
[2024-07-09T16:57:09.959+0000] {processor.py:830} INFO - Processing file /home/airflow/.local/lib/python3.11/site-packages/airflow/example_dags/example_params_ui_tutorial.py for tasks to queue
[2024-07-09T16:57:09.959+0000] {logging_mixin.py:188} INFO - [2024-07-09T16:57:09.959+0000] {dagbag.py:540} INFO - Filling up the DagBag from /home/airflow/.local/lib/python3.11/site-packages/airflow/example_dags/example_params_ui_tutorial.py
[2024-07-09T16:57:09.971+0000] {processor.py:840} INFO - DAG(s) 'example_params_ui_tutorial' retrieved from /home/airflow/.local/lib/python3.11/site-packages/airflow/example_dags/example_params_ui_tutorial.py
[2024-07-09T16:57:10.021+0000] {logging_mixin.py:188} INFO - [2024-07-09T16:57:10.021+0000] {dag.py:3047} INFO - Sync 1 DAGs
[2024-07-09T16:57:10.036+0000] {logging_mixin.py:188} INFO - [2024-07-09T16:57:10.035+0000] {dag.py:3834} INFO - Setting next_dagrun for example_params_ui_tutorial to None, run_after=None
[2024-07-09T16:57:10.060+0000] {processor.py:183} INFO - Processing /home/airflow/.local/lib/python3.11/site-packages/airflow/example_dags/example_params_ui_tutorial.py took 0.104 seconds
[2024-07-09T16:57:41.032+0000] {processor.py:161} INFO - Started process (PID=3771) to work on /home/airflow/.local/lib/python3.11/site-packages/airflow/example_dags/example_params_ui_tutorial.py
[2024-07-09T16:57:41.034+0000] {processor.py:830} INFO - Processing file /home/airflow/.local/lib/python3.11/site-packages/airflow/example_dags/example_params_ui_tutorial.py for tasks to queue
[2024-07-09T16:57:41.035+0000] {logging_mixin.py:188} INFO - [2024-07-09T16:57:41.035+0000] {dagbag.py:540} INFO - Filling up the DagBag from /home/airflow/.local/lib/python3.11/site-packages/airflow/example_dags/example_params_ui_tutorial.py
[2024-07-09T16:57:41.064+0000] {processor.py:840} INFO - DAG(s) 'example_params_ui_tutorial' retrieved from /home/airflow/.local/lib/python3.11/site-packages/airflow/example_dags/example_params_ui_tutorial.py
[2024-07-09T16:57:41.167+0000] {logging_mixin.py:188} INFO - [2024-07-09T16:57:41.167+0000] {dag.py:3047} INFO - Sync 1 DAGs
[2024-07-09T16:57:41.179+0000] {logging_mixin.py:188} INFO - [2024-07-09T16:57:41.178+0000] {dag.py:3834} INFO - Setting next_dagrun for example_params_ui_tutorial to None, run_after=None
[2024-07-09T16:57:41.195+0000] {processor.py:183} INFO - Processing /home/airflow/.local/lib/python3.11/site-packages/airflow/example_dags/example_params_ui_tutorial.py took 0.168 seconds
[2024-07-09T16:58:11.321+0000] {processor.py:161} INFO - Started process (PID=4024) to work on /home/airflow/.local/lib/python3.11/site-packages/airflow/example_dags/example_params_ui_tutorial.py
[2024-07-09T16:58:11.323+0000] {processor.py:830} INFO - Processing file /home/airflow/.local/lib/python3.11/site-packages/airflow/example_dags/example_params_ui_tutorial.py for tasks to queue
[2024-07-09T16:58:11.323+0000] {logging_mixin.py:188} INFO - [2024-07-09T16:58:11.323+0000] {dagbag.py:540} INFO - Filling up the DagBag from /home/airflow/.local/lib/python3.11/site-packages/airflow/example_dags/example_params_ui_tutorial.py
[2024-07-09T16:58:11.336+0000] {processor.py:840} INFO - DAG(s) 'example_params_ui_tutorial' retrieved from /home/airflow/.local/lib/python3.11/site-packages/airflow/example_dags/example_params_ui_tutorial.py
[2024-07-09T16:58:11.381+0000] {logging_mixin.py:188} INFO - [2024-07-09T16:58:11.381+0000] {dag.py:3047} INFO - Sync 1 DAGs
[2024-07-09T16:58:11.393+0000] {logging_mixin.py:188} INFO - [2024-07-09T16:58:11.393+0000] {dag.py:3834} INFO - Setting next_dagrun for example_params_ui_tutorial to None, run_after=None
[2024-07-09T16:58:11.409+0000] {processor.py:183} INFO - Processing /home/airflow/.local/lib/python3.11/site-packages/airflow/example_dags/example_params_ui_tutorial.py took 0.091 seconds
[2024-07-09T16:58:41.746+0000] {processor.py:161} INFO - Started process (PID=4281) to work on /home/airflow/.local/lib/python3.11/site-packages/airflow/example_dags/example_params_ui_tutorial.py
[2024-07-09T16:58:41.747+0000] {processor.py:830} INFO - Processing file /home/airflow/.local/lib/python3.11/site-packages/airflow/example_dags/example_params_ui_tutorial.py for tasks to queue
[2024-07-09T16:58:41.748+0000] {logging_mixin.py:188} INFO - [2024-07-09T16:58:41.748+0000] {dagbag.py:540} INFO - Filling up the DagBag from /home/airflow/.local/lib/python3.11/site-packages/airflow/example_dags/example_params_ui_tutorial.py
[2024-07-09T16:58:41.759+0000] {processor.py:840} INFO - DAG(s) 'example_params_ui_tutorial' retrieved from /home/airflow/.local/lib/python3.11/site-packages/airflow/example_dags/example_params_ui_tutorial.py
[2024-07-09T16:58:41.817+0000] {logging_mixin.py:188} INFO - [2024-07-09T16:58:41.817+0000] {dag.py:3047} INFO - Sync 1 DAGs
[2024-07-09T16:58:41.832+0000] {logging_mixin.py:188} INFO - [2024-07-09T16:58:41.832+0000] {dag.py:3834} INFO - Setting next_dagrun for example_params_ui_tutorial to None, run_after=None
[2024-07-09T16:58:41.848+0000] {processor.py:183} INFO - Processing /home/airflow/.local/lib/python3.11/site-packages/airflow/example_dags/example_params_ui_tutorial.py took 0.105 seconds
[2024-07-09T16:59:12.746+0000] {processor.py:161} INFO - Started process (PID=4544) to work on /home/airflow/.local/lib/python3.11/site-packages/airflow/example_dags/example_params_ui_tutorial.py
[2024-07-09T16:59:12.747+0000] {processor.py:830} INFO - Processing file /home/airflow/.local/lib/python3.11/site-packages/airflow/example_dags/example_params_ui_tutorial.py for tasks to queue
[2024-07-09T16:59:12.748+0000] {logging_mixin.py:188} INFO - [2024-07-09T16:59:12.748+0000] {dagbag.py:540} INFO - Filling up the DagBag from /home/airflow/.local/lib/python3.11/site-packages/airflow/example_dags/example_params_ui_tutorial.py
[2024-07-09T16:59:12.768+0000] {processor.py:840} INFO - DAG(s) 'example_params_ui_tutorial' retrieved from /home/airflow/.local/lib/python3.11/site-packages/airflow/example_dags/example_params_ui_tutorial.py
[2024-07-09T16:59:12.817+0000] {logging_mixin.py:188} INFO - [2024-07-09T16:59:12.817+0000] {dag.py:3047} INFO - Sync 1 DAGs
[2024-07-09T16:59:12.828+0000] {logging_mixin.py:188} INFO - [2024-07-09T16:59:12.827+0000] {dag.py:3834} INFO - Setting next_dagrun for example_params_ui_tutorial to None, run_after=None
[2024-07-09T16:59:12.844+0000] {processor.py:183} INFO - Processing /home/airflow/.local/lib/python3.11/site-packages/airflow/example_dags/example_params_ui_tutorial.py took 0.101 seconds
[2024-07-09T16:59:43.000+0000] {processor.py:161} INFO - Started process (PID=4805) to work on /home/airflow/.local/lib/python3.11/site-packages/airflow/example_dags/example_params_ui_tutorial.py
[2024-07-09T16:59:43.001+0000] {processor.py:830} INFO - Processing file /home/airflow/.local/lib/python3.11/site-packages/airflow/example_dags/example_params_ui_tutorial.py for tasks to queue
[2024-07-09T16:59:43.002+0000] {logging_mixin.py:188} INFO - [2024-07-09T16:59:43.002+0000] {dagbag.py:540} INFO - Filling up the DagBag from /home/airflow/.local/lib/python3.11/site-packages/airflow/example_dags/example_params_ui_tutorial.py
[2024-07-09T16:59:43.014+0000] {processor.py:840} INFO - DAG(s) 'example_params_ui_tutorial' retrieved from /home/airflow/.local/lib/python3.11/site-packages/airflow/example_dags/example_params_ui_tutorial.py
[2024-07-09T16:59:43.070+0000] {logging_mixin.py:188} INFO - [2024-07-09T16:59:43.069+0000] {dag.py:3047} INFO - Sync 1 DAGs
[2024-07-09T16:59:43.082+0000] {logging_mixin.py:188} INFO - [2024-07-09T16:59:43.082+0000] {dag.py:3834} INFO - Setting next_dagrun for example_params_ui_tutorial to None, run_after=None
[2024-07-09T16:59:43.104+0000] {processor.py:183} INFO - Processing /home/airflow/.local/lib/python3.11/site-packages/airflow/example_dags/example_params_ui_tutorial.py took 0.107 seconds
[2024-07-09T17:00:13.593+0000] {processor.py:161} INFO - Started process (PID=5069) to work on /home/airflow/.local/lib/python3.11/site-packages/airflow/example_dags/example_params_ui_tutorial.py
[2024-07-09T17:00:13.594+0000] {processor.py:830} INFO - Processing file /home/airflow/.local/lib/python3.11/site-packages/airflow/example_dags/example_params_ui_tutorial.py for tasks to queue
[2024-07-09T17:00:13.595+0000] {logging_mixin.py:188} INFO - [2024-07-09T17:00:13.595+0000] {dagbag.py:540} INFO - Filling up the DagBag from /home/airflow/.local/lib/python3.11/site-packages/airflow/example_dags/example_params_ui_tutorial.py
[2024-07-09T17:00:13.605+0000] {processor.py:840} INFO - DAG(s) 'example_params_ui_tutorial' retrieved from /home/airflow/.local/lib/python3.11/site-packages/airflow/example_dags/example_params_ui_tutorial.py
[2024-07-09T17:00:13.656+0000] {logging_mixin.py:188} INFO - [2024-07-09T17:00:13.656+0000] {dag.py:3047} INFO - Sync 1 DAGs
[2024-07-09T17:00:13.669+0000] {logging_mixin.py:188} INFO - [2024-07-09T17:00:13.668+0000] {dag.py:3834} INFO - Setting next_dagrun for example_params_ui_tutorial to None, run_after=None
[2024-07-09T17:00:13.689+0000] {processor.py:183} INFO - Processing /home/airflow/.local/lib/python3.11/site-packages/airflow/example_dags/example_params_ui_tutorial.py took 0.100 seconds
[2024-07-09T17:00:44.118+0000] {processor.py:161} INFO - Started process (PID=5331) to work on /home/airflow/.local/lib/python3.11/site-packages/airflow/example_dags/example_params_ui_tutorial.py
[2024-07-09T17:00:44.120+0000] {processor.py:830} INFO - Processing file /home/airflow/.local/lib/python3.11/site-packages/airflow/example_dags/example_params_ui_tutorial.py for tasks to queue
[2024-07-09T17:00:44.121+0000] {logging_mixin.py:188} INFO - [2024-07-09T17:00:44.121+0000] {dagbag.py:540} INFO - Filling up the DagBag from /home/airflow/.local/lib/python3.11/site-packages/airflow/example_dags/example_params_ui_tutorial.py
[2024-07-09T17:00:44.133+0000] {processor.py:840} INFO - DAG(s) 'example_params_ui_tutorial' retrieved from /home/airflow/.local/lib/python3.11/site-packages/airflow/example_dags/example_params_ui_tutorial.py
[2024-07-09T17:00:44.182+0000] {logging_mixin.py:188} INFO - [2024-07-09T17:00:44.182+0000] {dag.py:3047} INFO - Sync 1 DAGs
[2024-07-09T17:00:44.193+0000] {logging_mixin.py:188} INFO - [2024-07-09T17:00:44.192+0000] {dag.py:3834} INFO - Setting next_dagrun for example_params_ui_tutorial to None, run_after=None
[2024-07-09T17:00:44.210+0000] {processor.py:183} INFO - Processing /home/airflow/.local/lib/python3.11/site-packages/airflow/example_dags/example_params_ui_tutorial.py took 0.094 seconds
[2024-07-09T17:01:14.326+0000] {processor.py:161} INFO - Started process (PID=5593) to work on /home/airflow/.local/lib/python3.11/site-packages/airflow/example_dags/example_params_ui_tutorial.py
[2024-07-09T17:01:14.327+0000] {processor.py:830} INFO - Processing file /home/airflow/.local/lib/python3.11/site-packages/airflow/example_dags/example_params_ui_tutorial.py for tasks to queue
[2024-07-09T17:01:14.328+0000] {logging_mixin.py:188} INFO - [2024-07-09T17:01:14.328+0000] {dagbag.py:540} INFO - Filling up the DagBag from /home/airflow/.local/lib/python3.11/site-packages/airflow/example_dags/example_params_ui_tutorial.py
[2024-07-09T17:01:14.338+0000] {processor.py:840} INFO - DAG(s) 'example_params_ui_tutorial' retrieved from /home/airflow/.local/lib/python3.11/site-packages/airflow/example_dags/example_params_ui_tutorial.py
[2024-07-09T17:01:14.383+0000] {logging_mixin.py:188} INFO - [2024-07-09T17:01:14.383+0000] {dag.py:3047} INFO - Sync 1 DAGs
[2024-07-09T17:01:14.393+0000] {logging_mixin.py:188} INFO - [2024-07-09T17:01:14.393+0000] {dag.py:3834} INFO - Setting next_dagrun for example_params_ui_tutorial to None, run_after=None
[2024-07-09T17:01:14.412+0000] {processor.py:183} INFO - Processing /home/airflow/.local/lib/python3.11/site-packages/airflow/example_dags/example_params_ui_tutorial.py took 0.089 seconds
[2024-07-09T17:01:44.522+0000] {processor.py:161} INFO - Started process (PID=5855) to work on /home/airflow/.local/lib/python3.11/site-packages/airflow/example_dags/example_params_ui_tutorial.py
[2024-07-09T17:01:44.523+0000] {processor.py:830} INFO - Processing file /home/airflow/.local/lib/python3.11/site-packages/airflow/example_dags/example_params_ui_tutorial.py for tasks to queue
[2024-07-09T17:01:44.524+0000] {logging_mixin.py:188} INFO - [2024-07-09T17:01:44.524+0000] {dagbag.py:540} INFO - Filling up the DagBag from /home/airflow/.local/lib/python3.11/site-packages/airflow/example_dags/example_params_ui_tutorial.py
[2024-07-09T17:01:44.536+0000] {processor.py:840} INFO - DAG(s) 'example_params_ui_tutorial' retrieved from /home/airflow/.local/lib/python3.11/site-packages/airflow/example_dags/example_params_ui_tutorial.py
[2024-07-09T17:01:44.584+0000] {logging_mixin.py:188} INFO - [2024-07-09T17:01:44.583+0000] {dag.py:3047} INFO - Sync 1 DAGs
[2024-07-09T17:01:44.593+0000] {logging_mixin.py:188} INFO - [2024-07-09T17:01:44.592+0000] {dag.py:3834} INFO - Setting next_dagrun for example_params_ui_tutorial to None, run_after=None
[2024-07-09T17:01:44.610+0000] {processor.py:183} INFO - Processing /home/airflow/.local/lib/python3.11/site-packages/airflow/example_dags/example_params_ui_tutorial.py took 0.091 seconds
[2024-07-09T17:02:15.430+0000] {processor.py:161} INFO - Started process (PID=6115) to work on /home/airflow/.local/lib/python3.11/site-packages/airflow/example_dags/example_params_ui_tutorial.py
[2024-07-09T17:02:15.431+0000] {processor.py:830} INFO - Processing file /home/airflow/.local/lib/python3.11/site-packages/airflow/example_dags/example_params_ui_tutorial.py for tasks to queue
[2024-07-09T17:02:15.432+0000] {logging_mixin.py:188} INFO - [2024-07-09T17:02:15.432+0000] {dagbag.py:540} INFO - Filling up the DagBag from /home/airflow/.local/lib/python3.11/site-packages/airflow/example_dags/example_params_ui_tutorial.py
[2024-07-09T17:02:15.442+0000] {processor.py:840} INFO - DAG(s) 'example_params_ui_tutorial' retrieved from /home/airflow/.local/lib/python3.11/site-packages/airflow/example_dags/example_params_ui_tutorial.py
[2024-07-09T17:02:15.489+0000] {logging_mixin.py:188} INFO - [2024-07-09T17:02:15.489+0000] {dag.py:3047} INFO - Sync 1 DAGs
[2024-07-09T17:02:15.501+0000] {logging_mixin.py:188} INFO - [2024-07-09T17:02:15.501+0000] {dag.py:3834} INFO - Setting next_dagrun for example_params_ui_tutorial to None, run_after=None
[2024-07-09T17:02:15.520+0000] {processor.py:183} INFO - Processing /home/airflow/.local/lib/python3.11/site-packages/airflow/example_dags/example_params_ui_tutorial.py took 0.093 seconds
[2024-07-09T17:02:46.129+0000] {processor.py:161} INFO - Started process (PID=6377) to work on /home/airflow/.local/lib/python3.11/site-packages/airflow/example_dags/example_params_ui_tutorial.py
[2024-07-09T17:02:46.130+0000] {processor.py:830} INFO - Processing file /home/airflow/.local/lib/python3.11/site-packages/airflow/example_dags/example_params_ui_tutorial.py for tasks to queue
[2024-07-09T17:02:46.131+0000] {logging_mixin.py:188} INFO - [2024-07-09T17:02:46.131+0000] {dagbag.py:540} INFO - Filling up the DagBag from /home/airflow/.local/lib/python3.11/site-packages/airflow/example_dags/example_params_ui_tutorial.py
[2024-07-09T17:02:46.144+0000] {processor.py:840} INFO - DAG(s) 'example_params_ui_tutorial' retrieved from /home/airflow/.local/lib/python3.11/site-packages/airflow/example_dags/example_params_ui_tutorial.py
[2024-07-09T17:02:46.198+0000] {logging_mixin.py:188} INFO - [2024-07-09T17:02:46.197+0000] {dag.py:3047} INFO - Sync 1 DAGs
[2024-07-09T17:02:46.209+0000] {logging_mixin.py:188} INFO - [2024-07-09T17:02:46.208+0000] {dag.py:3834} INFO - Setting next_dagrun for example_params_ui_tutorial to None, run_after=None
[2024-07-09T17:02:46.226+0000] {processor.py:183} INFO - Processing /home/airflow/.local/lib/python3.11/site-packages/airflow/example_dags/example_params_ui_tutorial.py took 0.100 seconds
[2024-07-09T17:03:16.564+0000] {processor.py:161} INFO - Started process (PID=6639) to work on /home/airflow/.local/lib/python3.11/site-packages/airflow/example_dags/example_params_ui_tutorial.py
[2024-07-09T17:03:16.565+0000] {processor.py:830} INFO - Processing file /home/airflow/.local/lib/python3.11/site-packages/airflow/example_dags/example_params_ui_tutorial.py for tasks to queue
[2024-07-09T17:03:16.566+0000] {logging_mixin.py:188} INFO - [2024-07-09T17:03:16.566+0000] {dagbag.py:540} INFO - Filling up the DagBag from /home/airflow/.local/lib/python3.11/site-packages/airflow/example_dags/example_params_ui_tutorial.py
[2024-07-09T17:03:16.576+0000] {processor.py:840} INFO - DAG(s) 'example_params_ui_tutorial' retrieved from /home/airflow/.local/lib/python3.11/site-packages/airflow/example_dags/example_params_ui_tutorial.py
[2024-07-09T17:03:16.626+0000] {logging_mixin.py:188} INFO - [2024-07-09T17:03:16.626+0000] {dag.py:3047} INFO - Sync 1 DAGs
[2024-07-09T17:03:16.636+0000] {logging_mixin.py:188} INFO - [2024-07-09T17:03:16.636+0000] {dag.py:3834} INFO - Setting next_dagrun for example_params_ui_tutorial to None, run_after=None
[2024-07-09T17:03:16.652+0000] {processor.py:183} INFO - Processing /home/airflow/.local/lib/python3.11/site-packages/airflow/example_dags/example_params_ui_tutorial.py took 0.091 seconds
[2024-07-09T17:03:47.243+0000] {processor.py:161} INFO - Started process (PID=6901) to work on /home/airflow/.local/lib/python3.11/site-packages/airflow/example_dags/example_params_ui_tutorial.py
[2024-07-09T17:03:47.245+0000] {processor.py:830} INFO - Processing file /home/airflow/.local/lib/python3.11/site-packages/airflow/example_dags/example_params_ui_tutorial.py for tasks to queue
[2024-07-09T17:03:47.246+0000] {logging_mixin.py:188} INFO - [2024-07-09T17:03:47.246+0000] {dagbag.py:540} INFO - Filling up the DagBag from /home/airflow/.local/lib/python3.11/site-packages/airflow/example_dags/example_params_ui_tutorial.py
[2024-07-09T17:03:47.263+0000] {processor.py:840} INFO - DAG(s) 'example_params_ui_tutorial' retrieved from /home/airflow/.local/lib/python3.11/site-packages/airflow/example_dags/example_params_ui_tutorial.py
[2024-07-09T17:03:47.328+0000] {logging_mixin.py:188} INFO - [2024-07-09T17:03:47.328+0000] {dag.py:3047} INFO - Sync 1 DAGs
[2024-07-09T17:03:47.338+0000] {logging_mixin.py:188} INFO - [2024-07-09T17:03:47.338+0000] {dag.py:3834} INFO - Setting next_dagrun for example_params_ui_tutorial to None, run_after=None
[2024-07-09T17:03:47.357+0000] {processor.py:183} INFO - Processing /home/airflow/.local/lib/python3.11/site-packages/airflow/example_dags/example_params_ui_tutorial.py took 0.117 seconds
[2024-07-09T17:04:18.151+0000] {processor.py:161} INFO - Started process (PID=7163) to work on /home/airflow/.local/lib/python3.11/site-packages/airflow/example_dags/example_params_ui_tutorial.py
[2024-07-09T17:04:18.153+0000] {processor.py:830} INFO - Processing file /home/airflow/.local/lib/python3.11/site-packages/airflow/example_dags/example_params_ui_tutorial.py for tasks to queue
[2024-07-09T17:04:18.154+0000] {logging_mixin.py:188} INFO - [2024-07-09T17:04:18.153+0000] {dagbag.py:540} INFO - Filling up the DagBag from /home/airflow/.local/lib/python3.11/site-packages/airflow/example_dags/example_params_ui_tutorial.py
[2024-07-09T17:04:18.167+0000] {processor.py:840} INFO - DAG(s) 'example_params_ui_tutorial' retrieved from /home/airflow/.local/lib/python3.11/site-packages/airflow/example_dags/example_params_ui_tutorial.py
[2024-07-09T17:04:18.215+0000] {logging_mixin.py:188} INFO - [2024-07-09T17:04:18.215+0000] {dag.py:3047} INFO - Sync 1 DAGs
[2024-07-09T17:04:18.226+0000] {logging_mixin.py:188} INFO - [2024-07-09T17:04:18.226+0000] {dag.py:3834} INFO - Setting next_dagrun for example_params_ui_tutorial to None, run_after=None
[2024-07-09T17:04:18.242+0000] {processor.py:183} INFO - Processing /home/airflow/.local/lib/python3.11/site-packages/airflow/example_dags/example_params_ui_tutorial.py took 0.094 seconds
[2024-07-09T17:04:49.026+0000] {processor.py:161} INFO - Started process (PID=7459) to work on /home/airflow/.local/lib/python3.11/site-packages/airflow/example_dags/example_params_ui_tutorial.py
[2024-07-09T17:04:49.028+0000] {processor.py:830} INFO - Processing file /home/airflow/.local/lib/python3.11/site-packages/airflow/example_dags/example_params_ui_tutorial.py for tasks to queue
[2024-07-09T17:04:49.028+0000] {logging_mixin.py:188} INFO - [2024-07-09T17:04:49.028+0000] {dagbag.py:540} INFO - Filling up the DagBag from /home/airflow/.local/lib/python3.11/site-packages/airflow/example_dags/example_params_ui_tutorial.py
[2024-07-09T17:04:49.039+0000] {processor.py:840} INFO - DAG(s) 'example_params_ui_tutorial' retrieved from /home/airflow/.local/lib/python3.11/site-packages/airflow/example_dags/example_params_ui_tutorial.py
[2024-07-09T17:04:49.088+0000] {logging_mixin.py:188} INFO - [2024-07-09T17:04:49.088+0000] {dag.py:3047} INFO - Sync 1 DAGs
[2024-07-09T17:04:49.099+0000] {logging_mixin.py:188} INFO - [2024-07-09T17:04:49.099+0000] {dag.py:3834} INFO - Setting next_dagrun for example_params_ui_tutorial to None, run_after=None
[2024-07-09T17:04:49.120+0000] {processor.py:183} INFO - Processing /home/airflow/.local/lib/python3.11/site-packages/airflow/example_dags/example_params_ui_tutorial.py took 0.096 seconds
[2024-07-09T17:05:19.847+0000] {processor.py:161} INFO - Started process (PID=7721) to work on /home/airflow/.local/lib/python3.11/site-packages/airflow/example_dags/example_params_ui_tutorial.py
[2024-07-09T17:05:19.848+0000] {processor.py:830} INFO - Processing file /home/airflow/.local/lib/python3.11/site-packages/airflow/example_dags/example_params_ui_tutorial.py for tasks to queue
[2024-07-09T17:05:19.849+0000] {logging_mixin.py:188} INFO - [2024-07-09T17:05:19.849+0000] {dagbag.py:540} INFO - Filling up the DagBag from /home/airflow/.local/lib/python3.11/site-packages/airflow/example_dags/example_params_ui_tutorial.py
[2024-07-09T17:05:19.863+0000] {processor.py:840} INFO - DAG(s) 'example_params_ui_tutorial' retrieved from /home/airflow/.local/lib/python3.11/site-packages/airflow/example_dags/example_params_ui_tutorial.py
[2024-07-09T17:05:19.920+0000] {logging_mixin.py:188} INFO - [2024-07-09T17:05:19.920+0000] {dag.py:3047} INFO - Sync 1 DAGs
[2024-07-09T17:05:19.931+0000] {logging_mixin.py:188} INFO - [2024-07-09T17:05:19.931+0000] {dag.py:3834} INFO - Setting next_dagrun for example_params_ui_tutorial to None, run_after=None
[2024-07-09T17:05:19.953+0000] {processor.py:183} INFO - Processing /home/airflow/.local/lib/python3.11/site-packages/airflow/example_dags/example_params_ui_tutorial.py took 0.110 seconds
[2024-07-09T17:05:50.487+0000] {processor.py:161} INFO - Started process (PID=7983) to work on /home/airflow/.local/lib/python3.11/site-packages/airflow/example_dags/example_params_ui_tutorial.py
[2024-07-09T17:05:50.488+0000] {processor.py:830} INFO - Processing file /home/airflow/.local/lib/python3.11/site-packages/airflow/example_dags/example_params_ui_tutorial.py for tasks to queue
[2024-07-09T17:05:50.489+0000] {logging_mixin.py:188} INFO - [2024-07-09T17:05:50.488+0000] {dagbag.py:540} INFO - Filling up the DagBag from /home/airflow/.local/lib/python3.11/site-packages/airflow/example_dags/example_params_ui_tutorial.py
[2024-07-09T17:05:50.501+0000] {processor.py:840} INFO - DAG(s) 'example_params_ui_tutorial' retrieved from /home/airflow/.local/lib/python3.11/site-packages/airflow/example_dags/example_params_ui_tutorial.py
[2024-07-09T17:05:50.558+0000] {logging_mixin.py:188} INFO - [2024-07-09T17:05:50.558+0000] {dag.py:3047} INFO - Sync 1 DAGs
[2024-07-09T17:05:50.569+0000] {logging_mixin.py:188} INFO - [2024-07-09T17:05:50.568+0000] {dag.py:3834} INFO - Setting next_dagrun for example_params_ui_tutorial to None, run_after=None
[2024-07-09T17:05:50.588+0000] {processor.py:183} INFO - Processing /home/airflow/.local/lib/python3.11/site-packages/airflow/example_dags/example_params_ui_tutorial.py took 0.104 seconds
[2024-07-09T17:06:20.819+0000] {processor.py:161} INFO - Started process (PID=8245) to work on /home/airflow/.local/lib/python3.11/site-packages/airflow/example_dags/example_params_ui_tutorial.py
[2024-07-09T17:06:20.821+0000] {processor.py:830} INFO - Processing file /home/airflow/.local/lib/python3.11/site-packages/airflow/example_dags/example_params_ui_tutorial.py for tasks to queue
[2024-07-09T17:06:20.822+0000] {logging_mixin.py:188} INFO - [2024-07-09T17:06:20.822+0000] {dagbag.py:540} INFO - Filling up the DagBag from /home/airflow/.local/lib/python3.11/site-packages/airflow/example_dags/example_params_ui_tutorial.py
[2024-07-09T17:06:20.834+0000] {processor.py:840} INFO - DAG(s) 'example_params_ui_tutorial' retrieved from /home/airflow/.local/lib/python3.11/site-packages/airflow/example_dags/example_params_ui_tutorial.py
[2024-07-09T17:06:20.898+0000] {logging_mixin.py:188} INFO - [2024-07-09T17:06:20.898+0000] {dag.py:3047} INFO - Sync 1 DAGs
[2024-07-09T17:06:20.912+0000] {logging_mixin.py:188} INFO - [2024-07-09T17:06:20.912+0000] {dag.py:3834} INFO - Setting next_dagrun for example_params_ui_tutorial to None, run_after=None
[2024-07-09T17:06:20.941+0000] {processor.py:183} INFO - Processing /home/airflow/.local/lib/python3.11/site-packages/airflow/example_dags/example_params_ui_tutorial.py took 0.124 seconds
[2024-07-09T17:06:52.198+0000] {processor.py:161} INFO - Started process (PID=8499) to work on /home/airflow/.local/lib/python3.11/site-packages/airflow/example_dags/example_params_ui_tutorial.py
[2024-07-09T17:06:52.200+0000] {processor.py:830} INFO - Processing file /home/airflow/.local/lib/python3.11/site-packages/airflow/example_dags/example_params_ui_tutorial.py for tasks to queue
[2024-07-09T17:06:52.204+0000] {logging_mixin.py:188} INFO - [2024-07-09T17:06:52.204+0000] {dagbag.py:540} INFO - Filling up the DagBag from /home/airflow/.local/lib/python3.11/site-packages/airflow/example_dags/example_params_ui_tutorial.py
[2024-07-09T17:06:52.226+0000] {processor.py:840} INFO - DAG(s) 'example_params_ui_tutorial' retrieved from /home/airflow/.local/lib/python3.11/site-packages/airflow/example_dags/example_params_ui_tutorial.py
[2024-07-09T17:06:52.317+0000] {logging_mixin.py:188} INFO - [2024-07-09T17:06:52.317+0000] {dag.py:3047} INFO - Sync 1 DAGs
[2024-07-09T17:06:52.337+0000] {logging_mixin.py:188} INFO - [2024-07-09T17:06:52.337+0000] {dag.py:3834} INFO - Setting next_dagrun for example_params_ui_tutorial to None, run_after=None
[2024-07-09T17:06:52.387+0000] {processor.py:183} INFO - Processing /home/airflow/.local/lib/python3.11/site-packages/airflow/example_dags/example_params_ui_tutorial.py took 0.193 seconds
