[2024-07-09T16:51:00.513+0000] {processor.py:161} INFO - Started process (PID=280) to work on /home/airflow/.local/lib/python3.11/site-packages/airflow/example_dags/example_sensor_decorator.py
[2024-07-09T16:51:00.515+0000] {processor.py:830} INFO - Processing file /home/airflow/.local/lib/python3.11/site-packages/airflow/example_dags/example_sensor_decorator.py for tasks to queue
[2024-07-09T16:51:00.516+0000] {logging_mixin.py:188} INFO - [2024-07-09T16:51:00.516+0000] {dagbag.py:540} INFO - Filling up the DagBag from /home/airflow/.local/lib/python3.11/site-packages/airflow/example_dags/example_sensor_decorator.py
[2024-07-09T16:51:00.532+0000] {processor.py:840} INFO - DAG(s) 'example_sensor_decorator' retrieved from /home/airflow/.local/lib/python3.11/site-packages/airflow/example_dags/example_sensor_decorator.py
[2024-07-09T16:51:00.708+0000] {logging_mixin.py:188} INFO - [2024-07-09T16:51:00.704+0000] {override.py:1769} INFO - Created Permission View: can delete on DAG:example_sensor_decorator
[2024-07-09T16:51:00.748+0000] {logging_mixin.py:188} INFO - [2024-07-09T16:51:00.746+0000] {override.py:1769} INFO - Created Permission View: can edit on DAG:example_sensor_decorator
[2024-07-09T16:51:00.766+0000] {logging_mixin.py:188} INFO - [2024-07-09T16:51:00.766+0000] {override.py:1769} INFO - Created Permission View: can read on DAG:example_sensor_decorator
[2024-07-09T16:51:00.767+0000] {logging_mixin.py:188} INFO - [2024-07-09T16:51:00.767+0000] {dag.py:3047} INFO - Sync 1 DAGs
[2024-07-09T16:51:00.818+0000] {logging_mixin.py:188} INFO - [2024-07-09T16:51:00.818+0000] {dag.py:3069} INFO - Creating ORM DAG for example_sensor_decorator
[2024-07-09T16:51:00.820+0000] {logging_mixin.py:188} INFO - [2024-07-09T16:51:00.820+0000] {dag.py:3834} INFO - Setting next_dagrun for example_sensor_decorator to None, run_after=None
[2024-07-09T16:51:00.875+0000] {processor.py:183} INFO - Processing /home/airflow/.local/lib/python3.11/site-packages/airflow/example_dags/example_sensor_decorator.py took 0.366 seconds
[2024-07-09T16:51:31.284+0000] {processor.py:161} INFO - Started process (PID=544) to work on /home/airflow/.local/lib/python3.11/site-packages/airflow/example_dags/example_sensor_decorator.py
[2024-07-09T16:51:31.285+0000] {processor.py:830} INFO - Processing file /home/airflow/.local/lib/python3.11/site-packages/airflow/example_dags/example_sensor_decorator.py for tasks to queue
[2024-07-09T16:51:31.286+0000] {logging_mixin.py:188} INFO - [2024-07-09T16:51:31.286+0000] {dagbag.py:540} INFO - Filling up the DagBag from /home/airflow/.local/lib/python3.11/site-packages/airflow/example_dags/example_sensor_decorator.py
[2024-07-09T16:51:31.291+0000] {processor.py:840} INFO - DAG(s) 'example_sensor_decorator' retrieved from /home/airflow/.local/lib/python3.11/site-packages/airflow/example_dags/example_sensor_decorator.py
[2024-07-09T16:51:31.311+0000] {logging_mixin.py:188} INFO - [2024-07-09T16:51:31.310+0000] {dag.py:3047} INFO - Sync 1 DAGs
[2024-07-09T16:51:31.320+0000] {logging_mixin.py:188} INFO - [2024-07-09T16:51:31.320+0000] {dag.py:3834} INFO - Setting next_dagrun for example_sensor_decorator to None, run_after=None
[2024-07-09T16:51:31.337+0000] {processor.py:183} INFO - Processing /home/airflow/.local/lib/python3.11/site-packages/airflow/example_dags/example_sensor_decorator.py took 0.055 seconds
[2024-07-09T16:52:01.480+0000] {processor.py:161} INFO - Started process (PID=806) to work on /home/airflow/.local/lib/python3.11/site-packages/airflow/example_dags/example_sensor_decorator.py
[2024-07-09T16:52:01.481+0000] {processor.py:830} INFO - Processing file /home/airflow/.local/lib/python3.11/site-packages/airflow/example_dags/example_sensor_decorator.py for tasks to queue
[2024-07-09T16:52:01.482+0000] {logging_mixin.py:188} INFO - [2024-07-09T16:52:01.481+0000] {dagbag.py:540} INFO - Filling up the DagBag from /home/airflow/.local/lib/python3.11/site-packages/airflow/example_dags/example_sensor_decorator.py
[2024-07-09T16:52:01.488+0000] {processor.py:840} INFO - DAG(s) 'example_sensor_decorator' retrieved from /home/airflow/.local/lib/python3.11/site-packages/airflow/example_dags/example_sensor_decorator.py
[2024-07-09T16:52:01.507+0000] {logging_mixin.py:188} INFO - [2024-07-09T16:52:01.507+0000] {dag.py:3047} INFO - Sync 1 DAGs
[2024-07-09T16:52:01.517+0000] {logging_mixin.py:188} INFO - [2024-07-09T16:52:01.517+0000] {dag.py:3834} INFO - Setting next_dagrun for example_sensor_decorator to None, run_after=None
[2024-07-09T16:52:01.536+0000] {processor.py:183} INFO - Processing /home/airflow/.local/lib/python3.11/site-packages/airflow/example_dags/example_sensor_decorator.py took 0.059 seconds
[2024-07-09T16:52:31.960+0000] {processor.py:161} INFO - Started process (PID=1068) to work on /home/airflow/.local/lib/python3.11/site-packages/airflow/example_dags/example_sensor_decorator.py
[2024-07-09T16:52:31.961+0000] {processor.py:830} INFO - Processing file /home/airflow/.local/lib/python3.11/site-packages/airflow/example_dags/example_sensor_decorator.py for tasks to queue
[2024-07-09T16:52:31.962+0000] {logging_mixin.py:188} INFO - [2024-07-09T16:52:31.962+0000] {dagbag.py:540} INFO - Filling up the DagBag from /home/airflow/.local/lib/python3.11/site-packages/airflow/example_dags/example_sensor_decorator.py
[2024-07-09T16:52:31.968+0000] {processor.py:840} INFO - DAG(s) 'example_sensor_decorator' retrieved from /home/airflow/.local/lib/python3.11/site-packages/airflow/example_dags/example_sensor_decorator.py
[2024-07-09T16:52:31.989+0000] {logging_mixin.py:188} INFO - [2024-07-09T16:52:31.989+0000] {dag.py:3047} INFO - Sync 1 DAGs
[2024-07-09T16:52:32.001+0000] {logging_mixin.py:188} INFO - [2024-07-09T16:52:32.000+0000] {dag.py:3834} INFO - Setting next_dagrun for example_sensor_decorator to None, run_after=None
[2024-07-09T16:52:32.021+0000] {processor.py:183} INFO - Processing /home/airflow/.local/lib/python3.11/site-packages/airflow/example_dags/example_sensor_decorator.py took 0.063 seconds
[2024-07-09T16:53:03.251+0000] {processor.py:161} INFO - Started process (PID=1330) to work on /home/airflow/.local/lib/python3.11/site-packages/airflow/example_dags/example_sensor_decorator.py
[2024-07-09T16:53:03.253+0000] {processor.py:830} INFO - Processing file /home/airflow/.local/lib/python3.11/site-packages/airflow/example_dags/example_sensor_decorator.py for tasks to queue
[2024-07-09T16:53:03.254+0000] {logging_mixin.py:188} INFO - [2024-07-09T16:53:03.254+0000] {dagbag.py:540} INFO - Filling up the DagBag from /home/airflow/.local/lib/python3.11/site-packages/airflow/example_dags/example_sensor_decorator.py
[2024-07-09T16:53:03.260+0000] {processor.py:840} INFO - DAG(s) 'example_sensor_decorator' retrieved from /home/airflow/.local/lib/python3.11/site-packages/airflow/example_dags/example_sensor_decorator.py
[2024-07-09T16:53:03.284+0000] {logging_mixin.py:188} INFO - [2024-07-09T16:53:03.284+0000] {dag.py:3047} INFO - Sync 1 DAGs
[2024-07-09T16:53:03.412+0000] {logging_mixin.py:188} INFO - [2024-07-09T16:53:03.412+0000] {dag.py:3834} INFO - Setting next_dagrun for example_sensor_decorator to None, run_after=None
[2024-07-09T16:53:03.427+0000] {processor.py:183} INFO - Processing /home/airflow/.local/lib/python3.11/site-packages/airflow/example_dags/example_sensor_decorator.py took 0.179 seconds
[2024-07-09T16:53:34.063+0000] {processor.py:161} INFO - Started process (PID=1592) to work on /home/airflow/.local/lib/python3.11/site-packages/airflow/example_dags/example_sensor_decorator.py
[2024-07-09T16:53:34.064+0000] {processor.py:830} INFO - Processing file /home/airflow/.local/lib/python3.11/site-packages/airflow/example_dags/example_sensor_decorator.py for tasks to queue
[2024-07-09T16:53:34.065+0000] {logging_mixin.py:188} INFO - [2024-07-09T16:53:34.065+0000] {dagbag.py:540} INFO - Filling up the DagBag from /home/airflow/.local/lib/python3.11/site-packages/airflow/example_dags/example_sensor_decorator.py
[2024-07-09T16:53:34.070+0000] {processor.py:840} INFO - DAG(s) 'example_sensor_decorator' retrieved from /home/airflow/.local/lib/python3.11/site-packages/airflow/example_dags/example_sensor_decorator.py
[2024-07-09T16:53:34.090+0000] {logging_mixin.py:188} INFO - [2024-07-09T16:53:34.090+0000] {dag.py:3047} INFO - Sync 1 DAGs
[2024-07-09T16:53:34.101+0000] {logging_mixin.py:188} INFO - [2024-07-09T16:53:34.100+0000] {dag.py:3834} INFO - Setting next_dagrun for example_sensor_decorator to None, run_after=None
[2024-07-09T16:53:34.117+0000] {processor.py:183} INFO - Processing /home/airflow/.local/lib/python3.11/site-packages/airflow/example_dags/example_sensor_decorator.py took 0.057 seconds
[2024-07-09T16:54:04.771+0000] {processor.py:161} INFO - Started process (PID=1852) to work on /home/airflow/.local/lib/python3.11/site-packages/airflow/example_dags/example_sensor_decorator.py
[2024-07-09T16:54:04.772+0000] {processor.py:830} INFO - Processing file /home/airflow/.local/lib/python3.11/site-packages/airflow/example_dags/example_sensor_decorator.py for tasks to queue
[2024-07-09T16:54:04.773+0000] {logging_mixin.py:188} INFO - [2024-07-09T16:54:04.773+0000] {dagbag.py:540} INFO - Filling up the DagBag from /home/airflow/.local/lib/python3.11/site-packages/airflow/example_dags/example_sensor_decorator.py
[2024-07-09T16:54:04.779+0000] {processor.py:840} INFO - DAG(s) 'example_sensor_decorator' retrieved from /home/airflow/.local/lib/python3.11/site-packages/airflow/example_dags/example_sensor_decorator.py
[2024-07-09T16:54:04.800+0000] {logging_mixin.py:188} INFO - [2024-07-09T16:54:04.800+0000] {dag.py:3047} INFO - Sync 1 DAGs
[2024-07-09T16:54:04.810+0000] {logging_mixin.py:188} INFO - [2024-07-09T16:54:04.810+0000] {dag.py:3834} INFO - Setting next_dagrun for example_sensor_decorator to None, run_after=None
[2024-07-09T16:54:04.862+0000] {processor.py:183} INFO - Processing /home/airflow/.local/lib/python3.11/site-packages/airflow/example_dags/example_sensor_decorator.py took 0.094 seconds
[2024-07-09T16:54:35.473+0000] {processor.py:161} INFO - Started process (PID=2116) to work on /home/airflow/.local/lib/python3.11/site-packages/airflow/example_dags/example_sensor_decorator.py
[2024-07-09T16:54:35.475+0000] {processor.py:830} INFO - Processing file /home/airflow/.local/lib/python3.11/site-packages/airflow/example_dags/example_sensor_decorator.py for tasks to queue
[2024-07-09T16:54:35.476+0000] {logging_mixin.py:188} INFO - [2024-07-09T16:54:35.476+0000] {dagbag.py:540} INFO - Filling up the DagBag from /home/airflow/.local/lib/python3.11/site-packages/airflow/example_dags/example_sensor_decorator.py
[2024-07-09T16:54:35.484+0000] {processor.py:840} INFO - DAG(s) 'example_sensor_decorator' retrieved from /home/airflow/.local/lib/python3.11/site-packages/airflow/example_dags/example_sensor_decorator.py
[2024-07-09T16:54:35.516+0000] {logging_mixin.py:188} INFO - [2024-07-09T16:54:35.516+0000] {dag.py:3047} INFO - Sync 1 DAGs
[2024-07-09T16:54:35.534+0000] {logging_mixin.py:188} INFO - [2024-07-09T16:54:35.533+0000] {dag.py:3834} INFO - Setting next_dagrun for example_sensor_decorator to None, run_after=None
[2024-07-09T16:54:35.558+0000] {processor.py:183} INFO - Processing /home/airflow/.local/lib/python3.11/site-packages/airflow/example_dags/example_sensor_decorator.py took 0.089 seconds
[2024-07-09T16:55:05.863+0000] {processor.py:161} INFO - Started process (PID=2376) to work on /home/airflow/.local/lib/python3.11/site-packages/airflow/example_dags/example_sensor_decorator.py
[2024-07-09T16:55:05.864+0000] {processor.py:830} INFO - Processing file /home/airflow/.local/lib/python3.11/site-packages/airflow/example_dags/example_sensor_decorator.py for tasks to queue
[2024-07-09T16:55:05.866+0000] {logging_mixin.py:188} INFO - [2024-07-09T16:55:05.865+0000] {dagbag.py:540} INFO - Filling up the DagBag from /home/airflow/.local/lib/python3.11/site-packages/airflow/example_dags/example_sensor_decorator.py
[2024-07-09T16:55:05.873+0000] {processor.py:840} INFO - DAG(s) 'example_sensor_decorator' retrieved from /home/airflow/.local/lib/python3.11/site-packages/airflow/example_dags/example_sensor_decorator.py
[2024-07-09T16:55:05.902+0000] {logging_mixin.py:188} INFO - [2024-07-09T16:55:05.901+0000] {dag.py:3047} INFO - Sync 1 DAGs
[2024-07-09T16:55:05.912+0000] {logging_mixin.py:188} INFO - [2024-07-09T16:55:05.912+0000] {dag.py:3834} INFO - Setting next_dagrun for example_sensor_decorator to None, run_after=None
[2024-07-09T16:55:05.929+0000] {processor.py:183} INFO - Processing /home/airflow/.local/lib/python3.11/site-packages/airflow/example_dags/example_sensor_decorator.py took 0.070 seconds
[2024-07-09T16:55:36.029+0000] {processor.py:161} INFO - Started process (PID=2629) to work on /home/airflow/.local/lib/python3.11/site-packages/airflow/example_dags/example_sensor_decorator.py
[2024-07-09T16:55:36.031+0000] {processor.py:830} INFO - Processing file /home/airflow/.local/lib/python3.11/site-packages/airflow/example_dags/example_sensor_decorator.py for tasks to queue
[2024-07-09T16:55:36.032+0000] {logging_mixin.py:188} INFO - [2024-07-09T16:55:36.031+0000] {dagbag.py:540} INFO - Filling up the DagBag from /home/airflow/.local/lib/python3.11/site-packages/airflow/example_dags/example_sensor_decorator.py
[2024-07-09T16:55:36.038+0000] {processor.py:840} INFO - DAG(s) 'example_sensor_decorator' retrieved from /home/airflow/.local/lib/python3.11/site-packages/airflow/example_dags/example_sensor_decorator.py
[2024-07-09T16:55:36.061+0000] {logging_mixin.py:188} INFO - [2024-07-09T16:55:36.061+0000] {dag.py:3047} INFO - Sync 1 DAGs
[2024-07-09T16:55:36.073+0000] {logging_mixin.py:188} INFO - [2024-07-09T16:55:36.073+0000] {dag.py:3834} INFO - Setting next_dagrun for example_sensor_decorator to None, run_after=None
[2024-07-09T16:55:36.101+0000] {processor.py:183} INFO - Processing /home/airflow/.local/lib/python3.11/site-packages/airflow/example_dags/example_sensor_decorator.py took 0.075 seconds
[2024-07-09T16:56:06.191+0000] {processor.py:161} INFO - Started process (PID=2888) to work on /home/airflow/.local/lib/python3.11/site-packages/airflow/example_dags/example_sensor_decorator.py
[2024-07-09T16:56:06.192+0000] {processor.py:830} INFO - Processing file /home/airflow/.local/lib/python3.11/site-packages/airflow/example_dags/example_sensor_decorator.py for tasks to queue
[2024-07-09T16:56:06.194+0000] {logging_mixin.py:188} INFO - [2024-07-09T16:56:06.193+0000] {dagbag.py:540} INFO - Filling up the DagBag from /home/airflow/.local/lib/python3.11/site-packages/airflow/example_dags/example_sensor_decorator.py
[2024-07-09T16:56:06.199+0000] {processor.py:840} INFO - DAG(s) 'example_sensor_decorator' retrieved from /home/airflow/.local/lib/python3.11/site-packages/airflow/example_dags/example_sensor_decorator.py
[2024-07-09T16:56:06.218+0000] {logging_mixin.py:188} INFO - [2024-07-09T16:56:06.218+0000] {dag.py:3047} INFO - Sync 1 DAGs
[2024-07-09T16:56:06.228+0000] {logging_mixin.py:188} INFO - [2024-07-09T16:56:06.228+0000] {dag.py:3834} INFO - Setting next_dagrun for example_sensor_decorator to None, run_after=None
[2024-07-09T16:56:06.245+0000] {processor.py:183} INFO - Processing /home/airflow/.local/lib/python3.11/site-packages/airflow/example_dags/example_sensor_decorator.py took 0.057 seconds
[2024-07-09T16:56:36.369+0000] {processor.py:161} INFO - Started process (PID=3150) to work on /home/airflow/.local/lib/python3.11/site-packages/airflow/example_dags/example_sensor_decorator.py
[2024-07-09T16:56:36.370+0000] {processor.py:830} INFO - Processing file /home/airflow/.local/lib/python3.11/site-packages/airflow/example_dags/example_sensor_decorator.py for tasks to queue
[2024-07-09T16:56:36.371+0000] {logging_mixin.py:188} INFO - [2024-07-09T16:56:36.371+0000] {dagbag.py:540} INFO - Filling up the DagBag from /home/airflow/.local/lib/python3.11/site-packages/airflow/example_dags/example_sensor_decorator.py
[2024-07-09T16:56:36.376+0000] {processor.py:840} INFO - DAG(s) 'example_sensor_decorator' retrieved from /home/airflow/.local/lib/python3.11/site-packages/airflow/example_dags/example_sensor_decorator.py
[2024-07-09T16:56:36.395+0000] {logging_mixin.py:188} INFO - [2024-07-09T16:56:36.395+0000] {dag.py:3047} INFO - Sync 1 DAGs
[2024-07-09T16:56:36.404+0000] {logging_mixin.py:188} INFO - [2024-07-09T16:56:36.403+0000] {dag.py:3834} INFO - Setting next_dagrun for example_sensor_decorator to None, run_after=None
[2024-07-09T16:56:36.419+0000] {processor.py:183} INFO - Processing /home/airflow/.local/lib/python3.11/site-packages/airflow/example_dags/example_sensor_decorator.py took 0.053 seconds
[2024-07-09T16:57:06.644+0000] {processor.py:161} INFO - Started process (PID=3412) to work on /home/airflow/.local/lib/python3.11/site-packages/airflow/example_dags/example_sensor_decorator.py
[2024-07-09T16:57:06.645+0000] {processor.py:830} INFO - Processing file /home/airflow/.local/lib/python3.11/site-packages/airflow/example_dags/example_sensor_decorator.py for tasks to queue
[2024-07-09T16:57:06.646+0000] {logging_mixin.py:188} INFO - [2024-07-09T16:57:06.646+0000] {dagbag.py:540} INFO - Filling up the DagBag from /home/airflow/.local/lib/python3.11/site-packages/airflow/example_dags/example_sensor_decorator.py
[2024-07-09T16:57:06.652+0000] {processor.py:840} INFO - DAG(s) 'example_sensor_decorator' retrieved from /home/airflow/.local/lib/python3.11/site-packages/airflow/example_dags/example_sensor_decorator.py
[2024-07-09T16:57:06.674+0000] {logging_mixin.py:188} INFO - [2024-07-09T16:57:06.673+0000] {dag.py:3047} INFO - Sync 1 DAGs
[2024-07-09T16:57:06.686+0000] {logging_mixin.py:188} INFO - [2024-07-09T16:57:06.686+0000] {dag.py:3834} INFO - Setting next_dagrun for example_sensor_decorator to None, run_after=None
[2024-07-09T16:57:06.709+0000] {processor.py:183} INFO - Processing /home/airflow/.local/lib/python3.11/site-packages/airflow/example_dags/example_sensor_decorator.py took 0.068 seconds
[2024-07-09T16:57:37.601+0000] {processor.py:161} INFO - Started process (PID=3674) to work on /home/airflow/.local/lib/python3.11/site-packages/airflow/example_dags/example_sensor_decorator.py
[2024-07-09T16:57:37.603+0000] {processor.py:830} INFO - Processing file /home/airflow/.local/lib/python3.11/site-packages/airflow/example_dags/example_sensor_decorator.py for tasks to queue
[2024-07-09T16:57:37.604+0000] {logging_mixin.py:188} INFO - [2024-07-09T16:57:37.604+0000] {dagbag.py:540} INFO - Filling up the DagBag from /home/airflow/.local/lib/python3.11/site-packages/airflow/example_dags/example_sensor_decorator.py
[2024-07-09T16:57:37.630+0000] {processor.py:840} INFO - DAG(s) 'example_sensor_decorator' retrieved from /home/airflow/.local/lib/python3.11/site-packages/airflow/example_dags/example_sensor_decorator.py
[2024-07-09T16:57:37.681+0000] {logging_mixin.py:188} INFO - [2024-07-09T16:57:37.681+0000] {dag.py:3047} INFO - Sync 1 DAGs
[2024-07-09T16:57:37.693+0000] {logging_mixin.py:188} INFO - [2024-07-09T16:57:37.693+0000] {dag.py:3834} INFO - Setting next_dagrun for example_sensor_decorator to None, run_after=None
[2024-07-09T16:57:37.713+0000] {processor.py:183} INFO - Processing /home/airflow/.local/lib/python3.11/site-packages/airflow/example_dags/example_sensor_decorator.py took 0.116 seconds
[2024-07-09T16:58:08.397+0000] {processor.py:161} INFO - Started process (PID=3936) to work on /home/airflow/.local/lib/python3.11/site-packages/airflow/example_dags/example_sensor_decorator.py
[2024-07-09T16:58:08.398+0000] {processor.py:830} INFO - Processing file /home/airflow/.local/lib/python3.11/site-packages/airflow/example_dags/example_sensor_decorator.py for tasks to queue
[2024-07-09T16:58:08.398+0000] {logging_mixin.py:188} INFO - [2024-07-09T16:58:08.398+0000] {dagbag.py:540} INFO - Filling up the DagBag from /home/airflow/.local/lib/python3.11/site-packages/airflow/example_dags/example_sensor_decorator.py
[2024-07-09T16:58:08.404+0000] {processor.py:840} INFO - DAG(s) 'example_sensor_decorator' retrieved from /home/airflow/.local/lib/python3.11/site-packages/airflow/example_dags/example_sensor_decorator.py
[2024-07-09T16:58:08.424+0000] {logging_mixin.py:188} INFO - [2024-07-09T16:58:08.424+0000] {dag.py:3047} INFO - Sync 1 DAGs
[2024-07-09T16:58:08.435+0000] {logging_mixin.py:188} INFO - [2024-07-09T16:58:08.434+0000] {dag.py:3834} INFO - Setting next_dagrun for example_sensor_decorator to None, run_after=None
[2024-07-09T16:58:08.451+0000] {processor.py:183} INFO - Processing /home/airflow/.local/lib/python3.11/site-packages/airflow/example_dags/example_sensor_decorator.py took 0.057 seconds
[2024-07-09T16:58:38.834+0000] {processor.py:161} INFO - Started process (PID=4198) to work on /home/airflow/.local/lib/python3.11/site-packages/airflow/example_dags/example_sensor_decorator.py
[2024-07-09T16:58:38.835+0000] {processor.py:830} INFO - Processing file /home/airflow/.local/lib/python3.11/site-packages/airflow/example_dags/example_sensor_decorator.py for tasks to queue
[2024-07-09T16:58:38.836+0000] {logging_mixin.py:188} INFO - [2024-07-09T16:58:38.836+0000] {dagbag.py:540} INFO - Filling up the DagBag from /home/airflow/.local/lib/python3.11/site-packages/airflow/example_dags/example_sensor_decorator.py
[2024-07-09T16:58:38.841+0000] {processor.py:840} INFO - DAG(s) 'example_sensor_decorator' retrieved from /home/airflow/.local/lib/python3.11/site-packages/airflow/example_dags/example_sensor_decorator.py
[2024-07-09T16:58:38.861+0000] {logging_mixin.py:188} INFO - [2024-07-09T16:58:38.860+0000] {dag.py:3047} INFO - Sync 1 DAGs
[2024-07-09T16:58:38.871+0000] {logging_mixin.py:188} INFO - [2024-07-09T16:58:38.871+0000] {dag.py:3834} INFO - Setting next_dagrun for example_sensor_decorator to None, run_after=None
[2024-07-09T16:58:38.889+0000] {processor.py:183} INFO - Processing /home/airflow/.local/lib/python3.11/site-packages/airflow/example_dags/example_sensor_decorator.py took 0.058 seconds
[2024-07-09T16:59:09.767+0000] {processor.py:161} INFO - Started process (PID=4460) to work on /home/airflow/.local/lib/python3.11/site-packages/airflow/example_dags/example_sensor_decorator.py
[2024-07-09T16:59:09.769+0000] {processor.py:830} INFO - Processing file /home/airflow/.local/lib/python3.11/site-packages/airflow/example_dags/example_sensor_decorator.py for tasks to queue
[2024-07-09T16:59:09.770+0000] {logging_mixin.py:188} INFO - [2024-07-09T16:59:09.769+0000] {dagbag.py:540} INFO - Filling up the DagBag from /home/airflow/.local/lib/python3.11/site-packages/airflow/example_dags/example_sensor_decorator.py
[2024-07-09T16:59:09.776+0000] {processor.py:840} INFO - DAG(s) 'example_sensor_decorator' retrieved from /home/airflow/.local/lib/python3.11/site-packages/airflow/example_dags/example_sensor_decorator.py
[2024-07-09T16:59:09.797+0000] {logging_mixin.py:188} INFO - [2024-07-09T16:59:09.796+0000] {dag.py:3047} INFO - Sync 1 DAGs
[2024-07-09T16:59:09.808+0000] {logging_mixin.py:188} INFO - [2024-07-09T16:59:09.808+0000] {dag.py:3834} INFO - Setting next_dagrun for example_sensor_decorator to None, run_after=None
[2024-07-09T16:59:09.833+0000] {processor.py:183} INFO - Processing /home/airflow/.local/lib/python3.11/site-packages/airflow/example_dags/example_sensor_decorator.py took 0.070 seconds
[2024-07-09T16:59:39.979+0000] {processor.py:161} INFO - Started process (PID=4722) to work on /home/airflow/.local/lib/python3.11/site-packages/airflow/example_dags/example_sensor_decorator.py
[2024-07-09T16:59:39.980+0000] {processor.py:830} INFO - Processing file /home/airflow/.local/lib/python3.11/site-packages/airflow/example_dags/example_sensor_decorator.py for tasks to queue
[2024-07-09T16:59:39.981+0000] {logging_mixin.py:188} INFO - [2024-07-09T16:59:39.981+0000] {dagbag.py:540} INFO - Filling up the DagBag from /home/airflow/.local/lib/python3.11/site-packages/airflow/example_dags/example_sensor_decorator.py
[2024-07-09T16:59:39.987+0000] {processor.py:840} INFO - DAG(s) 'example_sensor_decorator' retrieved from /home/airflow/.local/lib/python3.11/site-packages/airflow/example_dags/example_sensor_decorator.py
[2024-07-09T16:59:40.007+0000] {logging_mixin.py:188} INFO - [2024-07-09T16:59:40.007+0000] {dag.py:3047} INFO - Sync 1 DAGs
[2024-07-09T16:59:40.021+0000] {logging_mixin.py:188} INFO - [2024-07-09T16:59:40.021+0000] {dag.py:3834} INFO - Setting next_dagrun for example_sensor_decorator to None, run_after=None
[2024-07-09T16:59:40.044+0000] {processor.py:183} INFO - Processing /home/airflow/.local/lib/python3.11/site-packages/airflow/example_dags/example_sensor_decorator.py took 0.068 seconds
[2024-07-09T17:00:10.376+0000] {processor.py:161} INFO - Started process (PID=4982) to work on /home/airflow/.local/lib/python3.11/site-packages/airflow/example_dags/example_sensor_decorator.py
[2024-07-09T17:00:10.377+0000] {processor.py:830} INFO - Processing file /home/airflow/.local/lib/python3.11/site-packages/airflow/example_dags/example_sensor_decorator.py for tasks to queue
[2024-07-09T17:00:10.378+0000] {logging_mixin.py:188} INFO - [2024-07-09T17:00:10.378+0000] {dagbag.py:540} INFO - Filling up the DagBag from /home/airflow/.local/lib/python3.11/site-packages/airflow/example_dags/example_sensor_decorator.py
[2024-07-09T17:00:10.384+0000] {processor.py:840} INFO - DAG(s) 'example_sensor_decorator' retrieved from /home/airflow/.local/lib/python3.11/site-packages/airflow/example_dags/example_sensor_decorator.py
[2024-07-09T17:00:10.404+0000] {logging_mixin.py:188} INFO - [2024-07-09T17:00:10.403+0000] {dag.py:3047} INFO - Sync 1 DAGs
[2024-07-09T17:00:10.414+0000] {logging_mixin.py:188} INFO - [2024-07-09T17:00:10.414+0000] {dag.py:3834} INFO - Setting next_dagrun for example_sensor_decorator to None, run_after=None
[2024-07-09T17:00:10.438+0000] {processor.py:183} INFO - Processing /home/airflow/.local/lib/python3.11/site-packages/airflow/example_dags/example_sensor_decorator.py took 0.064 seconds
[2024-07-09T17:00:40.935+0000] {processor.py:161} INFO - Started process (PID=5246) to work on /home/airflow/.local/lib/python3.11/site-packages/airflow/example_dags/example_sensor_decorator.py
[2024-07-09T17:00:40.937+0000] {processor.py:830} INFO - Processing file /home/airflow/.local/lib/python3.11/site-packages/airflow/example_dags/example_sensor_decorator.py for tasks to queue
[2024-07-09T17:00:40.938+0000] {logging_mixin.py:188} INFO - [2024-07-09T17:00:40.938+0000] {dagbag.py:540} INFO - Filling up the DagBag from /home/airflow/.local/lib/python3.11/site-packages/airflow/example_dags/example_sensor_decorator.py
[2024-07-09T17:00:40.945+0000] {processor.py:840} INFO - DAG(s) 'example_sensor_decorator' retrieved from /home/airflow/.local/lib/python3.11/site-packages/airflow/example_dags/example_sensor_decorator.py
[2024-07-09T17:00:40.968+0000] {logging_mixin.py:188} INFO - [2024-07-09T17:00:40.968+0000] {dag.py:3047} INFO - Sync 1 DAGs
[2024-07-09T17:00:40.979+0000] {logging_mixin.py:188} INFO - [2024-07-09T17:00:40.979+0000] {dag.py:3834} INFO - Setting next_dagrun for example_sensor_decorator to None, run_after=None
[2024-07-09T17:00:40.995+0000] {processor.py:183} INFO - Processing /home/airflow/.local/lib/python3.11/site-packages/airflow/example_dags/example_sensor_decorator.py took 0.062 seconds
[2024-07-09T17:01:11.057+0000] {processor.py:161} INFO - Started process (PID=5508) to work on /home/airflow/.local/lib/python3.11/site-packages/airflow/example_dags/example_sensor_decorator.py
[2024-07-09T17:01:11.058+0000] {processor.py:830} INFO - Processing file /home/airflow/.local/lib/python3.11/site-packages/airflow/example_dags/example_sensor_decorator.py for tasks to queue
[2024-07-09T17:01:11.059+0000] {logging_mixin.py:188} INFO - [2024-07-09T17:01:11.059+0000] {dagbag.py:540} INFO - Filling up the DagBag from /home/airflow/.local/lib/python3.11/site-packages/airflow/example_dags/example_sensor_decorator.py
[2024-07-09T17:01:11.065+0000] {processor.py:840} INFO - DAG(s) 'example_sensor_decorator' retrieved from /home/airflow/.local/lib/python3.11/site-packages/airflow/example_dags/example_sensor_decorator.py
[2024-07-09T17:01:11.087+0000] {logging_mixin.py:188} INFO - [2024-07-09T17:01:11.086+0000] {dag.py:3047} INFO - Sync 1 DAGs
[2024-07-09T17:01:11.096+0000] {logging_mixin.py:188} INFO - [2024-07-09T17:01:11.096+0000] {dag.py:3834} INFO - Setting next_dagrun for example_sensor_decorator to None, run_after=None
[2024-07-09T17:01:11.113+0000] {processor.py:183} INFO - Processing /home/airflow/.local/lib/python3.11/site-packages/airflow/example_dags/example_sensor_decorator.py took 0.058 seconds
[2024-07-09T17:01:41.278+0000] {processor.py:161} INFO - Started process (PID=5770) to work on /home/airflow/.local/lib/python3.11/site-packages/airflow/example_dags/example_sensor_decorator.py
[2024-07-09T17:01:41.279+0000] {processor.py:830} INFO - Processing file /home/airflow/.local/lib/python3.11/site-packages/airflow/example_dags/example_sensor_decorator.py for tasks to queue
[2024-07-09T17:01:41.280+0000] {logging_mixin.py:188} INFO - [2024-07-09T17:01:41.280+0000] {dagbag.py:540} INFO - Filling up the DagBag from /home/airflow/.local/lib/python3.11/site-packages/airflow/example_dags/example_sensor_decorator.py
[2024-07-09T17:01:41.287+0000] {processor.py:840} INFO - DAG(s) 'example_sensor_decorator' retrieved from /home/airflow/.local/lib/python3.11/site-packages/airflow/example_dags/example_sensor_decorator.py
[2024-07-09T17:01:41.309+0000] {logging_mixin.py:188} INFO - [2024-07-09T17:01:41.309+0000] {dag.py:3047} INFO - Sync 1 DAGs
[2024-07-09T17:01:41.319+0000] {logging_mixin.py:188} INFO - [2024-07-09T17:01:41.319+0000] {dag.py:3834} INFO - Setting next_dagrun for example_sensor_decorator to None, run_after=None
[2024-07-09T17:01:41.337+0000] {processor.py:183} INFO - Processing /home/airflow/.local/lib/python3.11/site-packages/airflow/example_dags/example_sensor_decorator.py took 0.062 seconds
[2024-07-09T17:02:11.426+0000] {processor.py:161} INFO - Started process (PID=6032) to work on /home/airflow/.local/lib/python3.11/site-packages/airflow/example_dags/example_sensor_decorator.py
[2024-07-09T17:02:11.427+0000] {processor.py:830} INFO - Processing file /home/airflow/.local/lib/python3.11/site-packages/airflow/example_dags/example_sensor_decorator.py for tasks to queue
[2024-07-09T17:02:11.428+0000] {logging_mixin.py:188} INFO - [2024-07-09T17:02:11.428+0000] {dagbag.py:540} INFO - Filling up the DagBag from /home/airflow/.local/lib/python3.11/site-packages/airflow/example_dags/example_sensor_decorator.py
[2024-07-09T17:02:11.434+0000] {processor.py:840} INFO - DAG(s) 'example_sensor_decorator' retrieved from /home/airflow/.local/lib/python3.11/site-packages/airflow/example_dags/example_sensor_decorator.py
[2024-07-09T17:02:11.458+0000] {logging_mixin.py:188} INFO - [2024-07-09T17:02:11.458+0000] {dag.py:3047} INFO - Sync 1 DAGs
[2024-07-09T17:02:11.469+0000] {logging_mixin.py:188} INFO - [2024-07-09T17:02:11.469+0000] {dag.py:3834} INFO - Setting next_dagrun for example_sensor_decorator to None, run_after=None
[2024-07-09T17:02:11.487+0000] {processor.py:183} INFO - Processing /home/airflow/.local/lib/python3.11/site-packages/airflow/example_dags/example_sensor_decorator.py took 0.064 seconds
[2024-07-09T17:02:42.182+0000] {processor.py:161} INFO - Started process (PID=6294) to work on /home/airflow/.local/lib/python3.11/site-packages/airflow/example_dags/example_sensor_decorator.py
[2024-07-09T17:02:42.184+0000] {processor.py:830} INFO - Processing file /home/airflow/.local/lib/python3.11/site-packages/airflow/example_dags/example_sensor_decorator.py for tasks to queue
[2024-07-09T17:02:42.184+0000] {logging_mixin.py:188} INFO - [2024-07-09T17:02:42.184+0000] {dagbag.py:540} INFO - Filling up the DagBag from /home/airflow/.local/lib/python3.11/site-packages/airflow/example_dags/example_sensor_decorator.py
[2024-07-09T17:02:42.189+0000] {processor.py:840} INFO - DAG(s) 'example_sensor_decorator' retrieved from /home/airflow/.local/lib/python3.11/site-packages/airflow/example_dags/example_sensor_decorator.py
[2024-07-09T17:02:42.210+0000] {logging_mixin.py:188} INFO - [2024-07-09T17:02:42.210+0000] {dag.py:3047} INFO - Sync 1 DAGs
[2024-07-09T17:02:42.222+0000] {logging_mixin.py:188} INFO - [2024-07-09T17:02:42.222+0000] {dag.py:3834} INFO - Setting next_dagrun for example_sensor_decorator to None, run_after=None
[2024-07-09T17:02:42.239+0000] {processor.py:183} INFO - Processing /home/airflow/.local/lib/python3.11/site-packages/airflow/example_dags/example_sensor_decorator.py took 0.059 seconds
[2024-07-09T17:03:12.506+0000] {processor.py:161} INFO - Started process (PID=6556) to work on /home/airflow/.local/lib/python3.11/site-packages/airflow/example_dags/example_sensor_decorator.py
[2024-07-09T17:03:12.507+0000] {processor.py:830} INFO - Processing file /home/airflow/.local/lib/python3.11/site-packages/airflow/example_dags/example_sensor_decorator.py for tasks to queue
[2024-07-09T17:03:12.508+0000] {logging_mixin.py:188} INFO - [2024-07-09T17:03:12.508+0000] {dagbag.py:540} INFO - Filling up the DagBag from /home/airflow/.local/lib/python3.11/site-packages/airflow/example_dags/example_sensor_decorator.py
[2024-07-09T17:03:12.513+0000] {processor.py:840} INFO - DAG(s) 'example_sensor_decorator' retrieved from /home/airflow/.local/lib/python3.11/site-packages/airflow/example_dags/example_sensor_decorator.py
[2024-07-09T17:03:12.536+0000] {logging_mixin.py:188} INFO - [2024-07-09T17:03:12.536+0000] {dag.py:3047} INFO - Sync 1 DAGs
[2024-07-09T17:03:12.547+0000] {logging_mixin.py:188} INFO - [2024-07-09T17:03:12.547+0000] {dag.py:3834} INFO - Setting next_dagrun for example_sensor_decorator to None, run_after=None
[2024-07-09T17:03:12.565+0000] {processor.py:183} INFO - Processing /home/airflow/.local/lib/python3.11/site-packages/airflow/example_dags/example_sensor_decorator.py took 0.062 seconds
[2024-07-09T17:03:43.278+0000] {processor.py:161} INFO - Started process (PID=6816) to work on /home/airflow/.local/lib/python3.11/site-packages/airflow/example_dags/example_sensor_decorator.py
[2024-07-09T17:03:43.279+0000] {processor.py:830} INFO - Processing file /home/airflow/.local/lib/python3.11/site-packages/airflow/example_dags/example_sensor_decorator.py for tasks to queue
[2024-07-09T17:03:43.280+0000] {logging_mixin.py:188} INFO - [2024-07-09T17:03:43.279+0000] {dagbag.py:540} INFO - Filling up the DagBag from /home/airflow/.local/lib/python3.11/site-packages/airflow/example_dags/example_sensor_decorator.py
[2024-07-09T17:03:43.285+0000] {processor.py:840} INFO - DAG(s) 'example_sensor_decorator' retrieved from /home/airflow/.local/lib/python3.11/site-packages/airflow/example_dags/example_sensor_decorator.py
[2024-07-09T17:03:43.307+0000] {logging_mixin.py:188} INFO - [2024-07-09T17:03:43.307+0000] {dag.py:3047} INFO - Sync 1 DAGs
[2024-07-09T17:03:43.318+0000] {logging_mixin.py:188} INFO - [2024-07-09T17:03:43.318+0000] {dag.py:3834} INFO - Setting next_dagrun for example_sensor_decorator to None, run_after=None
[2024-07-09T17:03:43.337+0000] {processor.py:183} INFO - Processing /home/airflow/.local/lib/python3.11/site-packages/airflow/example_dags/example_sensor_decorator.py took 0.062 seconds
[2024-07-09T17:04:14.207+0000] {processor.py:161} INFO - Started process (PID=7080) to work on /home/airflow/.local/lib/python3.11/site-packages/airflow/example_dags/example_sensor_decorator.py
[2024-07-09T17:04:14.209+0000] {processor.py:830} INFO - Processing file /home/airflow/.local/lib/python3.11/site-packages/airflow/example_dags/example_sensor_decorator.py for tasks to queue
[2024-07-09T17:04:14.210+0000] {logging_mixin.py:188} INFO - [2024-07-09T17:04:14.209+0000] {dagbag.py:540} INFO - Filling up the DagBag from /home/airflow/.local/lib/python3.11/site-packages/airflow/example_dags/example_sensor_decorator.py
[2024-07-09T17:04:14.215+0000] {processor.py:840} INFO - DAG(s) 'example_sensor_decorator' retrieved from /home/airflow/.local/lib/python3.11/site-packages/airflow/example_dags/example_sensor_decorator.py
[2024-07-09T17:04:14.237+0000] {logging_mixin.py:188} INFO - [2024-07-09T17:04:14.236+0000] {dag.py:3047} INFO - Sync 1 DAGs
[2024-07-09T17:04:14.247+0000] {logging_mixin.py:188} INFO - [2024-07-09T17:04:14.247+0000] {dag.py:3834} INFO - Setting next_dagrun for example_sensor_decorator to None, run_after=None
[2024-07-09T17:04:14.264+0000] {processor.py:183} INFO - Processing /home/airflow/.local/lib/python3.11/site-packages/airflow/example_dags/example_sensor_decorator.py took 0.060 seconds
[2024-07-09T17:04:44.989+0000] {processor.py:161} INFO - Started process (PID=7376) to work on /home/airflow/.local/lib/python3.11/site-packages/airflow/example_dags/example_sensor_decorator.py
[2024-07-09T17:04:44.990+0000] {processor.py:830} INFO - Processing file /home/airflow/.local/lib/python3.11/site-packages/airflow/example_dags/example_sensor_decorator.py for tasks to queue
[2024-07-09T17:04:44.991+0000] {logging_mixin.py:188} INFO - [2024-07-09T17:04:44.991+0000] {dagbag.py:540} INFO - Filling up the DagBag from /home/airflow/.local/lib/python3.11/site-packages/airflow/example_dags/example_sensor_decorator.py
[2024-07-09T17:04:44.998+0000] {processor.py:840} INFO - DAG(s) 'example_sensor_decorator' retrieved from /home/airflow/.local/lib/python3.11/site-packages/airflow/example_dags/example_sensor_decorator.py
[2024-07-09T17:04:45.025+0000] {logging_mixin.py:188} INFO - [2024-07-09T17:04:45.025+0000] {dag.py:3047} INFO - Sync 1 DAGs
[2024-07-09T17:04:45.037+0000] {logging_mixin.py:188} INFO - [2024-07-09T17:04:45.037+0000] {dag.py:3834} INFO - Setting next_dagrun for example_sensor_decorator to None, run_after=None
[2024-07-09T17:04:45.056+0000] {processor.py:183} INFO - Processing /home/airflow/.local/lib/python3.11/site-packages/airflow/example_dags/example_sensor_decorator.py took 0.070 seconds
[2024-07-09T17:05:15.903+0000] {processor.py:161} INFO - Started process (PID=7638) to work on /home/airflow/.local/lib/python3.11/site-packages/airflow/example_dags/example_sensor_decorator.py
[2024-07-09T17:05:15.904+0000] {processor.py:830} INFO - Processing file /home/airflow/.local/lib/python3.11/site-packages/airflow/example_dags/example_sensor_decorator.py for tasks to queue
[2024-07-09T17:05:15.906+0000] {logging_mixin.py:188} INFO - [2024-07-09T17:05:15.905+0000] {dagbag.py:540} INFO - Filling up the DagBag from /home/airflow/.local/lib/python3.11/site-packages/airflow/example_dags/example_sensor_decorator.py
[2024-07-09T17:05:15.913+0000] {processor.py:840} INFO - DAG(s) 'example_sensor_decorator' retrieved from /home/airflow/.local/lib/python3.11/site-packages/airflow/example_dags/example_sensor_decorator.py
[2024-07-09T17:05:15.936+0000] {logging_mixin.py:188} INFO - [2024-07-09T17:05:15.936+0000] {dag.py:3047} INFO - Sync 1 DAGs
[2024-07-09T17:05:15.948+0000] {logging_mixin.py:188} INFO - [2024-07-09T17:05:15.948+0000] {dag.py:3834} INFO - Setting next_dagrun for example_sensor_decorator to None, run_after=None
[2024-07-09T17:05:15.966+0000] {processor.py:183} INFO - Processing /home/airflow/.local/lib/python3.11/site-packages/airflow/example_dags/example_sensor_decorator.py took 0.065 seconds
[2024-07-09T17:05:46.579+0000] {processor.py:161} INFO - Started process (PID=7900) to work on /home/airflow/.local/lib/python3.11/site-packages/airflow/example_dags/example_sensor_decorator.py
[2024-07-09T17:05:46.580+0000] {processor.py:830} INFO - Processing file /home/airflow/.local/lib/python3.11/site-packages/airflow/example_dags/example_sensor_decorator.py for tasks to queue
[2024-07-09T17:05:46.581+0000] {logging_mixin.py:188} INFO - [2024-07-09T17:05:46.581+0000] {dagbag.py:540} INFO - Filling up the DagBag from /home/airflow/.local/lib/python3.11/site-packages/airflow/example_dags/example_sensor_decorator.py
[2024-07-09T17:05:46.588+0000] {processor.py:840} INFO - DAG(s) 'example_sensor_decorator' retrieved from /home/airflow/.local/lib/python3.11/site-packages/airflow/example_dags/example_sensor_decorator.py
[2024-07-09T17:05:46.611+0000] {logging_mixin.py:188} INFO - [2024-07-09T17:05:46.610+0000] {dag.py:3047} INFO - Sync 1 DAGs
[2024-07-09T17:05:46.621+0000] {logging_mixin.py:188} INFO - [2024-07-09T17:05:46.621+0000] {dag.py:3834} INFO - Setting next_dagrun for example_sensor_decorator to None, run_after=None
[2024-07-09T17:05:46.638+0000] {processor.py:183} INFO - Processing /home/airflow/.local/lib/python3.11/site-packages/airflow/example_dags/example_sensor_decorator.py took 0.062 seconds
[2024-07-09T17:06:17.675+0000] {processor.py:161} INFO - Started process (PID=8162) to work on /home/airflow/.local/lib/python3.11/site-packages/airflow/example_dags/example_sensor_decorator.py
[2024-07-09T17:06:17.676+0000] {processor.py:830} INFO - Processing file /home/airflow/.local/lib/python3.11/site-packages/airflow/example_dags/example_sensor_decorator.py for tasks to queue
[2024-07-09T17:06:17.678+0000] {logging_mixin.py:188} INFO - [2024-07-09T17:06:17.677+0000] {dagbag.py:540} INFO - Filling up the DagBag from /home/airflow/.local/lib/python3.11/site-packages/airflow/example_dags/example_sensor_decorator.py
[2024-07-09T17:06:17.687+0000] {processor.py:840} INFO - DAG(s) 'example_sensor_decorator' retrieved from /home/airflow/.local/lib/python3.11/site-packages/airflow/example_dags/example_sensor_decorator.py
[2024-07-09T17:06:17.716+0000] {logging_mixin.py:188} INFO - [2024-07-09T17:06:17.716+0000] {dag.py:3047} INFO - Sync 1 DAGs
[2024-07-09T17:06:17.730+0000] {logging_mixin.py:188} INFO - [2024-07-09T17:06:17.729+0000] {dag.py:3834} INFO - Setting next_dagrun for example_sensor_decorator to None, run_after=None
[2024-07-09T17:06:17.752+0000] {processor.py:183} INFO - Processing /home/airflow/.local/lib/python3.11/site-packages/airflow/example_dags/example_sensor_decorator.py took 0.080 seconds
[2024-07-09T17:06:47.828+0000] {processor.py:161} INFO - Started process (PID=8424) to work on /home/airflow/.local/lib/python3.11/site-packages/airflow/example_dags/example_sensor_decorator.py
[2024-07-09T17:06:47.829+0000] {processor.py:830} INFO - Processing file /home/airflow/.local/lib/python3.11/site-packages/airflow/example_dags/example_sensor_decorator.py for tasks to queue
[2024-07-09T17:06:47.830+0000] {logging_mixin.py:188} INFO - [2024-07-09T17:06:47.830+0000] {dagbag.py:540} INFO - Filling up the DagBag from /home/airflow/.local/lib/python3.11/site-packages/airflow/example_dags/example_sensor_decorator.py
[2024-07-09T17:06:47.836+0000] {processor.py:840} INFO - DAG(s) 'example_sensor_decorator' retrieved from /home/airflow/.local/lib/python3.11/site-packages/airflow/example_dags/example_sensor_decorator.py
[2024-07-09T17:06:47.856+0000] {logging_mixin.py:188} INFO - [2024-07-09T17:06:47.856+0000] {dag.py:3047} INFO - Sync 1 DAGs
[2024-07-09T17:06:47.868+0000] {logging_mixin.py:188} INFO - [2024-07-09T17:06:47.868+0000] {dag.py:3834} INFO - Setting next_dagrun for example_sensor_decorator to None, run_after=None
[2024-07-09T17:06:47.885+0000] {processor.py:183} INFO - Processing /home/airflow/.local/lib/python3.11/site-packages/airflow/example_dags/example_sensor_decorator.py took 0.060 seconds
