[2024-07-09T16:50:55.193+0000] {processor.py:161} INFO - Started process (PID=166) to work on /home/airflow/.local/lib/python3.11/site-packages/airflow/example_dags/example_params_trigger_ui.py
[2024-07-09T16:50:55.195+0000] {processor.py:830} INFO - Processing file /home/airflow/.local/lib/python3.11/site-packages/airflow/example_dags/example_params_trigger_ui.py for tasks to queue
[2024-07-09T16:50:55.197+0000] {logging_mixin.py:188} INFO - [2024-07-09T16:50:55.196+0000] {dagbag.py:540} INFO - Filling up the DagBag from /home/airflow/.local/lib/python3.11/site-packages/airflow/example_dags/example_params_trigger_ui.py
[2024-07-09T16:50:55.240+0000] {processor.py:840} INFO - DAG(s) 'example_params_trigger_ui' retrieved from /home/airflow/.local/lib/python3.11/site-packages/airflow/example_dags/example_params_trigger_ui.py
[2024-07-09T16:50:55.470+0000] {logging_mixin.py:188} INFO - [2024-07-09T16:50:55.469+0000] {override.py:1769} INFO - Created Permission View: can delete on DAG:example_params_trigger_ui
[2024-07-09T16:50:55.488+0000] {logging_mixin.py:188} INFO - [2024-07-09T16:50:55.488+0000] {override.py:1769} INFO - Created Permission View: can edit on DAG:example_params_trigger_ui
[2024-07-09T16:50:55.502+0000] {logging_mixin.py:188} INFO - [2024-07-09T16:50:55.501+0000] {override.py:1769} INFO - Created Permission View: can read on DAG:example_params_trigger_ui
[2024-07-09T16:50:55.506+0000] {logging_mixin.py:188} INFO - [2024-07-09T16:50:55.506+0000] {dag.py:3047} INFO - Sync 1 DAGs
[2024-07-09T16:50:55.535+0000] {logging_mixin.py:188} INFO - [2024-07-09T16:50:55.534+0000] {dag.py:3069} INFO - Creating ORM DAG for example_params_trigger_ui
[2024-07-09T16:50:55.537+0000] {logging_mixin.py:188} INFO - [2024-07-09T16:50:55.536+0000] {dag.py:3834} INFO - Setting next_dagrun for example_params_trigger_ui to None, run_after=None
[2024-07-09T16:50:55.594+0000] {processor.py:183} INFO - Processing /home/airflow/.local/lib/python3.11/site-packages/airflow/example_dags/example_params_trigger_ui.py took 0.406 seconds
[2024-07-09T16:51:26.295+0000] {processor.py:161} INFO - Started process (PID=428) to work on /home/airflow/.local/lib/python3.11/site-packages/airflow/example_dags/example_params_trigger_ui.py
[2024-07-09T16:51:26.296+0000] {processor.py:830} INFO - Processing file /home/airflow/.local/lib/python3.11/site-packages/airflow/example_dags/example_params_trigger_ui.py for tasks to queue
[2024-07-09T16:51:26.297+0000] {logging_mixin.py:188} INFO - [2024-07-09T16:51:26.297+0000] {dagbag.py:540} INFO - Filling up the DagBag from /home/airflow/.local/lib/python3.11/site-packages/airflow/example_dags/example_params_trigger_ui.py
[2024-07-09T16:51:26.312+0000] {processor.py:840} INFO - DAG(s) 'example_params_trigger_ui' retrieved from /home/airflow/.local/lib/python3.11/site-packages/airflow/example_dags/example_params_trigger_ui.py
[2024-07-09T16:51:26.363+0000] {logging_mixin.py:188} INFO - [2024-07-09T16:51:26.363+0000] {dag.py:3047} INFO - Sync 1 DAGs
[2024-07-09T16:51:26.377+0000] {logging_mixin.py:188} INFO - [2024-07-09T16:51:26.377+0000] {dag.py:3834} INFO - Setting next_dagrun for example_params_trigger_ui to None, run_after=None
[2024-07-09T16:51:26.401+0000] {processor.py:183} INFO - Processing /home/airflow/.local/lib/python3.11/site-packages/airflow/example_dags/example_params_trigger_ui.py took 0.109 seconds
[2024-07-09T16:51:56.698+0000] {processor.py:161} INFO - Started process (PID=687) to work on /home/airflow/.local/lib/python3.11/site-packages/airflow/example_dags/example_params_trigger_ui.py
[2024-07-09T16:51:56.699+0000] {processor.py:830} INFO - Processing file /home/airflow/.local/lib/python3.11/site-packages/airflow/example_dags/example_params_trigger_ui.py for tasks to queue
[2024-07-09T16:51:56.701+0000] {logging_mixin.py:188} INFO - [2024-07-09T16:51:56.701+0000] {dagbag.py:540} INFO - Filling up the DagBag from /home/airflow/.local/lib/python3.11/site-packages/airflow/example_dags/example_params_trigger_ui.py
[2024-07-09T16:51:56.725+0000] {processor.py:840} INFO - DAG(s) 'example_params_trigger_ui' retrieved from /home/airflow/.local/lib/python3.11/site-packages/airflow/example_dags/example_params_trigger_ui.py
[2024-07-09T16:51:56.776+0000] {logging_mixin.py:188} INFO - [2024-07-09T16:51:56.776+0000] {dag.py:3047} INFO - Sync 1 DAGs
[2024-07-09T16:51:56.793+0000] {logging_mixin.py:188} INFO - [2024-07-09T16:51:56.792+0000] {dag.py:3834} INFO - Setting next_dagrun for example_params_trigger_ui to None, run_after=None
[2024-07-09T16:51:56.815+0000] {processor.py:183} INFO - Processing /home/airflow/.local/lib/python3.11/site-packages/airflow/example_dags/example_params_trigger_ui.py took 0.123 seconds
[2024-07-09T16:52:27.141+0000] {processor.py:161} INFO - Started process (PID=949) to work on /home/airflow/.local/lib/python3.11/site-packages/airflow/example_dags/example_params_trigger_ui.py
[2024-07-09T16:52:27.142+0000] {processor.py:830} INFO - Processing file /home/airflow/.local/lib/python3.11/site-packages/airflow/example_dags/example_params_trigger_ui.py for tasks to queue
[2024-07-09T16:52:27.143+0000] {logging_mixin.py:188} INFO - [2024-07-09T16:52:27.143+0000] {dagbag.py:540} INFO - Filling up the DagBag from /home/airflow/.local/lib/python3.11/site-packages/airflow/example_dags/example_params_trigger_ui.py
[2024-07-09T16:52:27.160+0000] {processor.py:840} INFO - DAG(s) 'example_params_trigger_ui' retrieved from /home/airflow/.local/lib/python3.11/site-packages/airflow/example_dags/example_params_trigger_ui.py
[2024-07-09T16:52:27.236+0000] {logging_mixin.py:188} INFO - [2024-07-09T16:52:27.236+0000] {dag.py:3047} INFO - Sync 1 DAGs
[2024-07-09T16:52:27.251+0000] {logging_mixin.py:188} INFO - [2024-07-09T16:52:27.251+0000] {dag.py:3834} INFO - Setting next_dagrun for example_params_trigger_ui to None, run_after=None
[2024-07-09T16:52:27.271+0000] {processor.py:183} INFO - Processing /home/airflow/.local/lib/python3.11/site-packages/airflow/example_dags/example_params_trigger_ui.py took 0.134 seconds
[2024-07-09T16:52:57.329+0000] {processor.py:161} INFO - Started process (PID=1211) to work on /home/airflow/.local/lib/python3.11/site-packages/airflow/example_dags/example_params_trigger_ui.py
[2024-07-09T16:52:57.330+0000] {processor.py:830} INFO - Processing file /home/airflow/.local/lib/python3.11/site-packages/airflow/example_dags/example_params_trigger_ui.py for tasks to queue
[2024-07-09T16:52:57.331+0000] {logging_mixin.py:188} INFO - [2024-07-09T16:52:57.330+0000] {dagbag.py:540} INFO - Filling up the DagBag from /home/airflow/.local/lib/python3.11/site-packages/airflow/example_dags/example_params_trigger_ui.py
[2024-07-09T16:52:57.344+0000] {processor.py:840} INFO - DAG(s) 'example_params_trigger_ui' retrieved from /home/airflow/.local/lib/python3.11/site-packages/airflow/example_dags/example_params_trigger_ui.py
[2024-07-09T16:52:57.397+0000] {logging_mixin.py:188} INFO - [2024-07-09T16:52:57.397+0000] {dag.py:3047} INFO - Sync 1 DAGs
[2024-07-09T16:52:57.409+0000] {logging_mixin.py:188} INFO - [2024-07-09T16:52:57.409+0000] {dag.py:3834} INFO - Setting next_dagrun for example_params_trigger_ui to None, run_after=None
[2024-07-09T16:52:57.556+0000] {processor.py:183} INFO - Processing /home/airflow/.local/lib/python3.11/site-packages/airflow/example_dags/example_params_trigger_ui.py took 0.231 seconds
[2024-07-09T16:53:27.612+0000] {processor.py:161} INFO - Started process (PID=1473) to work on /home/airflow/.local/lib/python3.11/site-packages/airflow/example_dags/example_params_trigger_ui.py
[2024-07-09T16:53:27.614+0000] {processor.py:830} INFO - Processing file /home/airflow/.local/lib/python3.11/site-packages/airflow/example_dags/example_params_trigger_ui.py for tasks to queue
[2024-07-09T16:53:27.614+0000] {logging_mixin.py:188} INFO - [2024-07-09T16:53:27.614+0000] {dagbag.py:540} INFO - Filling up the DagBag from /home/airflow/.local/lib/python3.11/site-packages/airflow/example_dags/example_params_trigger_ui.py
[2024-07-09T16:53:27.630+0000] {processor.py:840} INFO - DAG(s) 'example_params_trigger_ui' retrieved from /home/airflow/.local/lib/python3.11/site-packages/airflow/example_dags/example_params_trigger_ui.py
[2024-07-09T16:53:27.680+0000] {logging_mixin.py:188} INFO - [2024-07-09T16:53:27.680+0000] {dag.py:3047} INFO - Sync 1 DAGs
[2024-07-09T16:53:27.692+0000] {logging_mixin.py:188} INFO - [2024-07-09T16:53:27.691+0000] {dag.py:3834} INFO - Setting next_dagrun for example_params_trigger_ui to None, run_after=None
[2024-07-09T16:53:27.711+0000] {processor.py:183} INFO - Processing /home/airflow/.local/lib/python3.11/site-packages/airflow/example_dags/example_params_trigger_ui.py took 0.103 seconds
[2024-07-09T16:53:58.041+0000] {processor.py:161} INFO - Started process (PID=1735) to work on /home/airflow/.local/lib/python3.11/site-packages/airflow/example_dags/example_params_trigger_ui.py
[2024-07-09T16:53:58.042+0000] {processor.py:830} INFO - Processing file /home/airflow/.local/lib/python3.11/site-packages/airflow/example_dags/example_params_trigger_ui.py for tasks to queue
[2024-07-09T16:53:58.042+0000] {logging_mixin.py:188} INFO - [2024-07-09T16:53:58.042+0000] {dagbag.py:540} INFO - Filling up the DagBag from /home/airflow/.local/lib/python3.11/site-packages/airflow/example_dags/example_params_trigger_ui.py
[2024-07-09T16:53:58.056+0000] {processor.py:840} INFO - DAG(s) 'example_params_trigger_ui' retrieved from /home/airflow/.local/lib/python3.11/site-packages/airflow/example_dags/example_params_trigger_ui.py
[2024-07-09T16:53:58.102+0000] {logging_mixin.py:188} INFO - [2024-07-09T16:53:58.102+0000] {dag.py:3047} INFO - Sync 1 DAGs
[2024-07-09T16:53:58.113+0000] {logging_mixin.py:188} INFO - [2024-07-09T16:53:58.113+0000] {dag.py:3834} INFO - Setting next_dagrun for example_params_trigger_ui to None, run_after=None
[2024-07-09T16:53:58.131+0000] {processor.py:183} INFO - Processing /home/airflow/.local/lib/python3.11/site-packages/airflow/example_dags/example_params_trigger_ui.py took 0.093 seconds
[2024-07-09T16:54:28.191+0000] {processor.py:161} INFO - Started process (PID=1997) to work on /home/airflow/.local/lib/python3.11/site-packages/airflow/example_dags/example_params_trigger_ui.py
[2024-07-09T16:54:28.193+0000] {processor.py:830} INFO - Processing file /home/airflow/.local/lib/python3.11/site-packages/airflow/example_dags/example_params_trigger_ui.py for tasks to queue
[2024-07-09T16:54:28.194+0000] {logging_mixin.py:188} INFO - [2024-07-09T16:54:28.193+0000] {dagbag.py:540} INFO - Filling up the DagBag from /home/airflow/.local/lib/python3.11/site-packages/airflow/example_dags/example_params_trigger_ui.py
[2024-07-09T16:54:28.206+0000] {processor.py:840} INFO - DAG(s) 'example_params_trigger_ui' retrieved from /home/airflow/.local/lib/python3.11/site-packages/airflow/example_dags/example_params_trigger_ui.py
[2024-07-09T16:54:28.280+0000] {logging_mixin.py:188} INFO - [2024-07-09T16:54:28.280+0000] {dag.py:3047} INFO - Sync 1 DAGs
[2024-07-09T16:54:28.300+0000] {logging_mixin.py:188} INFO - [2024-07-09T16:54:28.300+0000] {dag.py:3834} INFO - Setting next_dagrun for example_params_trigger_ui to None, run_after=None
[2024-07-09T16:54:28.325+0000] {processor.py:183} INFO - Processing /home/airflow/.local/lib/python3.11/site-packages/airflow/example_dags/example_params_trigger_ui.py took 0.137 seconds
[2024-07-09T16:54:58.511+0000] {processor.py:161} INFO - Started process (PID=2259) to work on /home/airflow/.local/lib/python3.11/site-packages/airflow/example_dags/example_params_trigger_ui.py
[2024-07-09T16:54:58.513+0000] {processor.py:830} INFO - Processing file /home/airflow/.local/lib/python3.11/site-packages/airflow/example_dags/example_params_trigger_ui.py for tasks to queue
[2024-07-09T16:54:58.513+0000] {logging_mixin.py:188} INFO - [2024-07-09T16:54:58.513+0000] {dagbag.py:540} INFO - Filling up the DagBag from /home/airflow/.local/lib/python3.11/site-packages/airflow/example_dags/example_params_trigger_ui.py
[2024-07-09T16:54:58.528+0000] {processor.py:840} INFO - DAG(s) 'example_params_trigger_ui' retrieved from /home/airflow/.local/lib/python3.11/site-packages/airflow/example_dags/example_params_trigger_ui.py
[2024-07-09T16:54:58.573+0000] {logging_mixin.py:188} INFO - [2024-07-09T16:54:58.572+0000] {dag.py:3047} INFO - Sync 1 DAGs
[2024-07-09T16:54:58.583+0000] {logging_mixin.py:188} INFO - [2024-07-09T16:54:58.582+0000] {dag.py:3834} INFO - Setting next_dagrun for example_params_trigger_ui to None, run_after=None
[2024-07-09T16:54:58.610+0000] {processor.py:183} INFO - Processing /home/airflow/.local/lib/python3.11/site-packages/airflow/example_dags/example_params_trigger_ui.py took 0.101 seconds
[2024-07-09T16:55:28.805+0000] {processor.py:161} INFO - Started process (PID=2521) to work on /home/airflow/.local/lib/python3.11/site-packages/airflow/example_dags/example_params_trigger_ui.py
[2024-07-09T16:55:28.806+0000] {processor.py:830} INFO - Processing file /home/airflow/.local/lib/python3.11/site-packages/airflow/example_dags/example_params_trigger_ui.py for tasks to queue
[2024-07-09T16:55:28.807+0000] {logging_mixin.py:188} INFO - [2024-07-09T16:55:28.807+0000] {dagbag.py:540} INFO - Filling up the DagBag from /home/airflow/.local/lib/python3.11/site-packages/airflow/example_dags/example_params_trigger_ui.py
[2024-07-09T16:55:28.820+0000] {processor.py:840} INFO - DAG(s) 'example_params_trigger_ui' retrieved from /home/airflow/.local/lib/python3.11/site-packages/airflow/example_dags/example_params_trigger_ui.py
[2024-07-09T16:55:28.869+0000] {logging_mixin.py:188} INFO - [2024-07-09T16:55:28.869+0000] {dag.py:3047} INFO - Sync 1 DAGs
[2024-07-09T16:55:28.880+0000] {logging_mixin.py:188} INFO - [2024-07-09T16:55:28.880+0000] {dag.py:3834} INFO - Setting next_dagrun for example_params_trigger_ui to None, run_after=None
[2024-07-09T16:55:28.910+0000] {processor.py:183} INFO - Processing /home/airflow/.local/lib/python3.11/site-packages/airflow/example_dags/example_params_trigger_ui.py took 0.107 seconds
[2024-07-09T16:55:58.953+0000] {processor.py:161} INFO - Started process (PID=2783) to work on /home/airflow/.local/lib/python3.11/site-packages/airflow/example_dags/example_params_trigger_ui.py
[2024-07-09T16:55:58.954+0000] {processor.py:830} INFO - Processing file /home/airflow/.local/lib/python3.11/site-packages/airflow/example_dags/example_params_trigger_ui.py for tasks to queue
[2024-07-09T16:55:58.955+0000] {logging_mixin.py:188} INFO - [2024-07-09T16:55:58.955+0000] {dagbag.py:540} INFO - Filling up the DagBag from /home/airflow/.local/lib/python3.11/site-packages/airflow/example_dags/example_params_trigger_ui.py
[2024-07-09T16:55:58.968+0000] {processor.py:840} INFO - DAG(s) 'example_params_trigger_ui' retrieved from /home/airflow/.local/lib/python3.11/site-packages/airflow/example_dags/example_params_trigger_ui.py
[2024-07-09T16:55:59.009+0000] {logging_mixin.py:188} INFO - [2024-07-09T16:55:59.009+0000] {dag.py:3047} INFO - Sync 1 DAGs
[2024-07-09T16:55:59.024+0000] {logging_mixin.py:188} INFO - [2024-07-09T16:55:59.024+0000] {dag.py:3834} INFO - Setting next_dagrun for example_params_trigger_ui to None, run_after=None
[2024-07-09T16:55:59.040+0000] {processor.py:183} INFO - Processing /home/airflow/.local/lib/python3.11/site-packages/airflow/example_dags/example_params_trigger_ui.py took 0.090 seconds
[2024-07-09T16:56:29.178+0000] {processor.py:161} INFO - Started process (PID=3045) to work on /home/airflow/.local/lib/python3.11/site-packages/airflow/example_dags/example_params_trigger_ui.py
[2024-07-09T16:56:29.179+0000] {processor.py:830} INFO - Processing file /home/airflow/.local/lib/python3.11/site-packages/airflow/example_dags/example_params_trigger_ui.py for tasks to queue
[2024-07-09T16:56:29.181+0000] {logging_mixin.py:188} INFO - [2024-07-09T16:56:29.180+0000] {dagbag.py:540} INFO - Filling up the DagBag from /home/airflow/.local/lib/python3.11/site-packages/airflow/example_dags/example_params_trigger_ui.py
[2024-07-09T16:56:29.195+0000] {processor.py:840} INFO - DAG(s) 'example_params_trigger_ui' retrieved from /home/airflow/.local/lib/python3.11/site-packages/airflow/example_dags/example_params_trigger_ui.py
[2024-07-09T16:56:29.234+0000] {logging_mixin.py:188} INFO - [2024-07-09T16:56:29.234+0000] {dag.py:3047} INFO - Sync 1 DAGs
[2024-07-09T16:56:29.245+0000] {logging_mixin.py:188} INFO - [2024-07-09T16:56:29.245+0000] {dag.py:3834} INFO - Setting next_dagrun for example_params_trigger_ui to None, run_after=None
[2024-07-09T16:56:29.275+0000] {processor.py:183} INFO - Processing /home/airflow/.local/lib/python3.11/site-packages/airflow/example_dags/example_params_trigger_ui.py took 0.100 seconds
[2024-07-09T16:56:59.567+0000] {processor.py:161} INFO - Started process (PID=3307) to work on /home/airflow/.local/lib/python3.11/site-packages/airflow/example_dags/example_params_trigger_ui.py
[2024-07-09T16:56:59.568+0000] {processor.py:830} INFO - Processing file /home/airflow/.local/lib/python3.11/site-packages/airflow/example_dags/example_params_trigger_ui.py for tasks to queue
[2024-07-09T16:56:59.570+0000] {logging_mixin.py:188} INFO - [2024-07-09T16:56:59.569+0000] {dagbag.py:540} INFO - Filling up the DagBag from /home/airflow/.local/lib/python3.11/site-packages/airflow/example_dags/example_params_trigger_ui.py
[2024-07-09T16:56:59.585+0000] {processor.py:840} INFO - DAG(s) 'example_params_trigger_ui' retrieved from /home/airflow/.local/lib/python3.11/site-packages/airflow/example_dags/example_params_trigger_ui.py
[2024-07-09T16:56:59.625+0000] {logging_mixin.py:188} INFO - [2024-07-09T16:56:59.625+0000] {dag.py:3047} INFO - Sync 1 DAGs
[2024-07-09T16:56:59.657+0000] {logging_mixin.py:188} INFO - [2024-07-09T16:56:59.657+0000] {dag.py:3834} INFO - Setting next_dagrun for example_params_trigger_ui to None, run_after=None
[2024-07-09T16:56:59.686+0000] {processor.py:183} INFO - Processing /home/airflow/.local/lib/python3.11/site-packages/airflow/example_dags/example_params_trigger_ui.py took 0.122 seconds
[2024-07-09T16:57:30.020+0000] {processor.py:161} INFO - Started process (PID=3569) to work on /home/airflow/.local/lib/python3.11/site-packages/airflow/example_dags/example_params_trigger_ui.py
[2024-07-09T16:57:30.021+0000] {processor.py:830} INFO - Processing file /home/airflow/.local/lib/python3.11/site-packages/airflow/example_dags/example_params_trigger_ui.py for tasks to queue
[2024-07-09T16:57:30.022+0000] {logging_mixin.py:188} INFO - [2024-07-09T16:57:30.022+0000] {dagbag.py:540} INFO - Filling up the DagBag from /home/airflow/.local/lib/python3.11/site-packages/airflow/example_dags/example_params_trigger_ui.py
[2024-07-09T16:57:30.037+0000] {processor.py:840} INFO - DAG(s) 'example_params_trigger_ui' retrieved from /home/airflow/.local/lib/python3.11/site-packages/airflow/example_dags/example_params_trigger_ui.py
[2024-07-09T16:57:30.083+0000] {logging_mixin.py:188} INFO - [2024-07-09T16:57:30.083+0000] {dag.py:3047} INFO - Sync 1 DAGs
[2024-07-09T16:57:30.097+0000] {logging_mixin.py:188} INFO - [2024-07-09T16:57:30.097+0000] {dag.py:3834} INFO - Setting next_dagrun for example_params_trigger_ui to None, run_after=None
[2024-07-09T16:57:30.134+0000] {processor.py:183} INFO - Processing /home/airflow/.local/lib/python3.11/site-packages/airflow/example_dags/example_params_trigger_ui.py took 0.116 seconds
[2024-07-09T16:58:00.249+0000] {processor.py:161} INFO - Started process (PID=3831) to work on /home/airflow/.local/lib/python3.11/site-packages/airflow/example_dags/example_params_trigger_ui.py
[2024-07-09T16:58:00.250+0000] {processor.py:830} INFO - Processing file /home/airflow/.local/lib/python3.11/site-packages/airflow/example_dags/example_params_trigger_ui.py for tasks to queue
[2024-07-09T16:58:00.251+0000] {logging_mixin.py:188} INFO - [2024-07-09T16:58:00.251+0000] {dagbag.py:540} INFO - Filling up the DagBag from /home/airflow/.local/lib/python3.11/site-packages/airflow/example_dags/example_params_trigger_ui.py
[2024-07-09T16:58:00.264+0000] {processor.py:840} INFO - DAG(s) 'example_params_trigger_ui' retrieved from /home/airflow/.local/lib/python3.11/site-packages/airflow/example_dags/example_params_trigger_ui.py
[2024-07-09T16:58:00.306+0000] {logging_mixin.py:188} INFO - [2024-07-09T16:58:00.305+0000] {dag.py:3047} INFO - Sync 1 DAGs
[2024-07-09T16:58:00.317+0000] {logging_mixin.py:188} INFO - [2024-07-09T16:58:00.317+0000] {dag.py:3834} INFO - Setting next_dagrun for example_params_trigger_ui to None, run_after=None
[2024-07-09T16:58:00.337+0000] {processor.py:183} INFO - Processing /home/airflow/.local/lib/python3.11/site-packages/airflow/example_dags/example_params_trigger_ui.py took 0.091 seconds
[2024-07-09T16:58:30.655+0000] {processor.py:161} INFO - Started process (PID=4093) to work on /home/airflow/.local/lib/python3.11/site-packages/airflow/example_dags/example_params_trigger_ui.py
[2024-07-09T16:58:30.656+0000] {processor.py:830} INFO - Processing file /home/airflow/.local/lib/python3.11/site-packages/airflow/example_dags/example_params_trigger_ui.py for tasks to queue
[2024-07-09T16:58:30.657+0000] {logging_mixin.py:188} INFO - [2024-07-09T16:58:30.657+0000] {dagbag.py:540} INFO - Filling up the DagBag from /home/airflow/.local/lib/python3.11/site-packages/airflow/example_dags/example_params_trigger_ui.py
[2024-07-09T16:58:30.675+0000] {processor.py:840} INFO - DAG(s) 'example_params_trigger_ui' retrieved from /home/airflow/.local/lib/python3.11/site-packages/airflow/example_dags/example_params_trigger_ui.py
[2024-07-09T16:58:30.716+0000] {logging_mixin.py:188} INFO - [2024-07-09T16:58:30.715+0000] {dag.py:3047} INFO - Sync 1 DAGs
[2024-07-09T16:58:30.728+0000] {logging_mixin.py:188} INFO - [2024-07-09T16:58:30.727+0000] {dag.py:3834} INFO - Setting next_dagrun for example_params_trigger_ui to None, run_after=None
[2024-07-09T16:58:30.762+0000] {processor.py:183} INFO - Processing /home/airflow/.local/lib/python3.11/site-packages/airflow/example_dags/example_params_trigger_ui.py took 0.110 seconds
[2024-07-09T16:59:01.235+0000] {processor.py:161} INFO - Started process (PID=4355) to work on /home/airflow/.local/lib/python3.11/site-packages/airflow/example_dags/example_params_trigger_ui.py
[2024-07-09T16:59:01.236+0000] {processor.py:830} INFO - Processing file /home/airflow/.local/lib/python3.11/site-packages/airflow/example_dags/example_params_trigger_ui.py for tasks to queue
[2024-07-09T16:59:01.237+0000] {logging_mixin.py:188} INFO - [2024-07-09T16:59:01.237+0000] {dagbag.py:540} INFO - Filling up the DagBag from /home/airflow/.local/lib/python3.11/site-packages/airflow/example_dags/example_params_trigger_ui.py
[2024-07-09T16:59:01.256+0000] {processor.py:840} INFO - DAG(s) 'example_params_trigger_ui' retrieved from /home/airflow/.local/lib/python3.11/site-packages/airflow/example_dags/example_params_trigger_ui.py
[2024-07-09T16:59:01.316+0000] {logging_mixin.py:188} INFO - [2024-07-09T16:59:01.315+0000] {dag.py:3047} INFO - Sync 1 DAGs
[2024-07-09T16:59:01.334+0000] {logging_mixin.py:188} INFO - [2024-07-09T16:59:01.333+0000] {dag.py:3834} INFO - Setting next_dagrun for example_params_trigger_ui to None, run_after=None
[2024-07-09T16:59:01.361+0000] {processor.py:183} INFO - Processing /home/airflow/.local/lib/python3.11/site-packages/airflow/example_dags/example_params_trigger_ui.py took 0.130 seconds
[2024-07-09T16:59:31.486+0000] {processor.py:161} INFO - Started process (PID=4617) to work on /home/airflow/.local/lib/python3.11/site-packages/airflow/example_dags/example_params_trigger_ui.py
[2024-07-09T16:59:31.487+0000] {processor.py:830} INFO - Processing file /home/airflow/.local/lib/python3.11/site-packages/airflow/example_dags/example_params_trigger_ui.py for tasks to queue
[2024-07-09T16:59:31.488+0000] {logging_mixin.py:188} INFO - [2024-07-09T16:59:31.488+0000] {dagbag.py:540} INFO - Filling up the DagBag from /home/airflow/.local/lib/python3.11/site-packages/airflow/example_dags/example_params_trigger_ui.py
[2024-07-09T16:59:31.504+0000] {processor.py:840} INFO - DAG(s) 'example_params_trigger_ui' retrieved from /home/airflow/.local/lib/python3.11/site-packages/airflow/example_dags/example_params_trigger_ui.py
[2024-07-09T16:59:31.545+0000] {logging_mixin.py:188} INFO - [2024-07-09T16:59:31.545+0000] {dag.py:3047} INFO - Sync 1 DAGs
[2024-07-09T16:59:31.559+0000] {logging_mixin.py:188} INFO - [2024-07-09T16:59:31.559+0000] {dag.py:3834} INFO - Setting next_dagrun for example_params_trigger_ui to None, run_after=None
[2024-07-09T16:59:31.579+0000] {processor.py:183} INFO - Processing /home/airflow/.local/lib/python3.11/site-packages/airflow/example_dags/example_params_trigger_ui.py took 0.096 seconds
[2024-07-09T17:00:02.175+0000] {processor.py:161} INFO - Started process (PID=4879) to work on /home/airflow/.local/lib/python3.11/site-packages/airflow/example_dags/example_params_trigger_ui.py
[2024-07-09T17:00:02.176+0000] {processor.py:830} INFO - Processing file /home/airflow/.local/lib/python3.11/site-packages/airflow/example_dags/example_params_trigger_ui.py for tasks to queue
[2024-07-09T17:00:02.178+0000] {logging_mixin.py:188} INFO - [2024-07-09T17:00:02.177+0000] {dagbag.py:540} INFO - Filling up the DagBag from /home/airflow/.local/lib/python3.11/site-packages/airflow/example_dags/example_params_trigger_ui.py
[2024-07-09T17:00:02.192+0000] {processor.py:840} INFO - DAG(s) 'example_params_trigger_ui' retrieved from /home/airflow/.local/lib/python3.11/site-packages/airflow/example_dags/example_params_trigger_ui.py
[2024-07-09T17:00:02.237+0000] {logging_mixin.py:188} INFO - [2024-07-09T17:00:02.236+0000] {dag.py:3047} INFO - Sync 1 DAGs
[2024-07-09T17:00:02.248+0000] {logging_mixin.py:188} INFO - [2024-07-09T17:00:02.247+0000] {dag.py:3834} INFO - Setting next_dagrun for example_params_trigger_ui to None, run_after=None
[2024-07-09T17:00:02.266+0000] {processor.py:183} INFO - Processing /home/airflow/.local/lib/python3.11/site-packages/airflow/example_dags/example_params_trigger_ui.py took 0.095 seconds
[2024-07-09T17:00:33.157+0000] {processor.py:161} INFO - Started process (PID=5141) to work on /home/airflow/.local/lib/python3.11/site-packages/airflow/example_dags/example_params_trigger_ui.py
[2024-07-09T17:00:33.158+0000] {processor.py:830} INFO - Processing file /home/airflow/.local/lib/python3.11/site-packages/airflow/example_dags/example_params_trigger_ui.py for tasks to queue
[2024-07-09T17:00:33.159+0000] {logging_mixin.py:188} INFO - [2024-07-09T17:00:33.159+0000] {dagbag.py:540} INFO - Filling up the DagBag from /home/airflow/.local/lib/python3.11/site-packages/airflow/example_dags/example_params_trigger_ui.py
[2024-07-09T17:00:33.172+0000] {processor.py:840} INFO - DAG(s) 'example_params_trigger_ui' retrieved from /home/airflow/.local/lib/python3.11/site-packages/airflow/example_dags/example_params_trigger_ui.py
[2024-07-09T17:00:33.215+0000] {logging_mixin.py:188} INFO - [2024-07-09T17:00:33.215+0000] {dag.py:3047} INFO - Sync 1 DAGs
[2024-07-09T17:00:33.231+0000] {logging_mixin.py:188} INFO - [2024-07-09T17:00:33.231+0000] {dag.py:3834} INFO - Setting next_dagrun for example_params_trigger_ui to None, run_after=None
[2024-07-09T17:00:33.249+0000] {processor.py:183} INFO - Processing /home/airflow/.local/lib/python3.11/site-packages/airflow/example_dags/example_params_trigger_ui.py took 0.094 seconds
[2024-07-09T17:01:03.718+0000] {processor.py:161} INFO - Started process (PID=5403) to work on /home/airflow/.local/lib/python3.11/site-packages/airflow/example_dags/example_params_trigger_ui.py
[2024-07-09T17:01:03.719+0000] {processor.py:830} INFO - Processing file /home/airflow/.local/lib/python3.11/site-packages/airflow/example_dags/example_params_trigger_ui.py for tasks to queue
[2024-07-09T17:01:03.720+0000] {logging_mixin.py:188} INFO - [2024-07-09T17:01:03.720+0000] {dagbag.py:540} INFO - Filling up the DagBag from /home/airflow/.local/lib/python3.11/site-packages/airflow/example_dags/example_params_trigger_ui.py
[2024-07-09T17:01:03.731+0000] {processor.py:840} INFO - DAG(s) 'example_params_trigger_ui' retrieved from /home/airflow/.local/lib/python3.11/site-packages/airflow/example_dags/example_params_trigger_ui.py
[2024-07-09T17:01:03.778+0000] {logging_mixin.py:188} INFO - [2024-07-09T17:01:03.778+0000] {dag.py:3047} INFO - Sync 1 DAGs
[2024-07-09T17:01:03.789+0000] {logging_mixin.py:188} INFO - [2024-07-09T17:01:03.789+0000] {dag.py:3834} INFO - Setting next_dagrun for example_params_trigger_ui to None, run_after=None
[2024-07-09T17:01:03.826+0000] {processor.py:183} INFO - Processing /home/airflow/.local/lib/python3.11/site-packages/airflow/example_dags/example_params_trigger_ui.py took 0.111 seconds
[2024-07-09T17:01:33.902+0000] {processor.py:161} INFO - Started process (PID=5665) to work on /home/airflow/.local/lib/python3.11/site-packages/airflow/example_dags/example_params_trigger_ui.py
[2024-07-09T17:01:33.903+0000] {processor.py:830} INFO - Processing file /home/airflow/.local/lib/python3.11/site-packages/airflow/example_dags/example_params_trigger_ui.py for tasks to queue
[2024-07-09T17:01:33.904+0000] {logging_mixin.py:188} INFO - [2024-07-09T17:01:33.904+0000] {dagbag.py:540} INFO - Filling up the DagBag from /home/airflow/.local/lib/python3.11/site-packages/airflow/example_dags/example_params_trigger_ui.py
[2024-07-09T17:01:33.918+0000] {processor.py:840} INFO - DAG(s) 'example_params_trigger_ui' retrieved from /home/airflow/.local/lib/python3.11/site-packages/airflow/example_dags/example_params_trigger_ui.py
[2024-07-09T17:01:33.955+0000] {logging_mixin.py:188} INFO - [2024-07-09T17:01:33.955+0000] {dag.py:3047} INFO - Sync 1 DAGs
[2024-07-09T17:01:33.967+0000] {logging_mixin.py:188} INFO - [2024-07-09T17:01:33.967+0000] {dag.py:3834} INFO - Setting next_dagrun for example_params_trigger_ui to None, run_after=None
[2024-07-09T17:01:33.997+0000] {processor.py:183} INFO - Processing /home/airflow/.local/lib/python3.11/site-packages/airflow/example_dags/example_params_trigger_ui.py took 0.098 seconds
[2024-07-09T17:02:04.099+0000] {processor.py:161} INFO - Started process (PID=5927) to work on /home/airflow/.local/lib/python3.11/site-packages/airflow/example_dags/example_params_trigger_ui.py
[2024-07-09T17:02:04.100+0000] {processor.py:830} INFO - Processing file /home/airflow/.local/lib/python3.11/site-packages/airflow/example_dags/example_params_trigger_ui.py for tasks to queue
[2024-07-09T17:02:04.101+0000] {logging_mixin.py:188} INFO - [2024-07-09T17:02:04.101+0000] {dagbag.py:540} INFO - Filling up the DagBag from /home/airflow/.local/lib/python3.11/site-packages/airflow/example_dags/example_params_trigger_ui.py
[2024-07-09T17:02:04.124+0000] {processor.py:840} INFO - DAG(s) 'example_params_trigger_ui' retrieved from /home/airflow/.local/lib/python3.11/site-packages/airflow/example_dags/example_params_trigger_ui.py
[2024-07-09T17:02:04.182+0000] {logging_mixin.py:188} INFO - [2024-07-09T17:02:04.181+0000] {dag.py:3047} INFO - Sync 1 DAGs
[2024-07-09T17:02:04.196+0000] {logging_mixin.py:188} INFO - [2024-07-09T17:02:04.195+0000] {dag.py:3834} INFO - Setting next_dagrun for example_params_trigger_ui to None, run_after=None
[2024-07-09T17:02:04.225+0000] {processor.py:183} INFO - Processing /home/airflow/.local/lib/python3.11/site-packages/airflow/example_dags/example_params_trigger_ui.py took 0.130 seconds
[2024-07-09T17:02:34.923+0000] {processor.py:161} INFO - Started process (PID=6189) to work on /home/airflow/.local/lib/python3.11/site-packages/airflow/example_dags/example_params_trigger_ui.py
[2024-07-09T17:02:34.924+0000] {processor.py:830} INFO - Processing file /home/airflow/.local/lib/python3.11/site-packages/airflow/example_dags/example_params_trigger_ui.py for tasks to queue
[2024-07-09T17:02:34.926+0000] {logging_mixin.py:188} INFO - [2024-07-09T17:02:34.925+0000] {dagbag.py:540} INFO - Filling up the DagBag from /home/airflow/.local/lib/python3.11/site-packages/airflow/example_dags/example_params_trigger_ui.py
[2024-07-09T17:02:34.943+0000] {processor.py:840} INFO - DAG(s) 'example_params_trigger_ui' retrieved from /home/airflow/.local/lib/python3.11/site-packages/airflow/example_dags/example_params_trigger_ui.py
[2024-07-09T17:02:35.011+0000] {logging_mixin.py:188} INFO - [2024-07-09T17:02:35.011+0000] {dag.py:3047} INFO - Sync 1 DAGs
[2024-07-09T17:02:35.038+0000] {logging_mixin.py:188} INFO - [2024-07-09T17:02:35.038+0000] {dag.py:3834} INFO - Setting next_dagrun for example_params_trigger_ui to None, run_after=None
[2024-07-09T17:02:35.064+0000] {processor.py:183} INFO - Processing /home/airflow/.local/lib/python3.11/site-packages/airflow/example_dags/example_params_trigger_ui.py took 0.145 seconds
[2024-07-09T17:03:05.221+0000] {processor.py:161} INFO - Started process (PID=6451) to work on /home/airflow/.local/lib/python3.11/site-packages/airflow/example_dags/example_params_trigger_ui.py
[2024-07-09T17:03:05.222+0000] {processor.py:830} INFO - Processing file /home/airflow/.local/lib/python3.11/site-packages/airflow/example_dags/example_params_trigger_ui.py for tasks to queue
[2024-07-09T17:03:05.223+0000] {logging_mixin.py:188} INFO - [2024-07-09T17:03:05.223+0000] {dagbag.py:540} INFO - Filling up the DagBag from /home/airflow/.local/lib/python3.11/site-packages/airflow/example_dags/example_params_trigger_ui.py
[2024-07-09T17:03:05.237+0000] {processor.py:840} INFO - DAG(s) 'example_params_trigger_ui' retrieved from /home/airflow/.local/lib/python3.11/site-packages/airflow/example_dags/example_params_trigger_ui.py
[2024-07-09T17:03:05.280+0000] {logging_mixin.py:188} INFO - [2024-07-09T17:03:05.280+0000] {dag.py:3047} INFO - Sync 1 DAGs
[2024-07-09T17:03:05.290+0000] {logging_mixin.py:188} INFO - [2024-07-09T17:03:05.290+0000] {dag.py:3834} INFO - Setting next_dagrun for example_params_trigger_ui to None, run_after=None
[2024-07-09T17:03:05.307+0000] {processor.py:183} INFO - Processing /home/airflow/.local/lib/python3.11/site-packages/airflow/example_dags/example_params_trigger_ui.py took 0.089 seconds
[2024-07-09T17:03:36.144+0000] {processor.py:161} INFO - Started process (PID=6713) to work on /home/airflow/.local/lib/python3.11/site-packages/airflow/example_dags/example_params_trigger_ui.py
[2024-07-09T17:03:36.145+0000] {processor.py:830} INFO - Processing file /home/airflow/.local/lib/python3.11/site-packages/airflow/example_dags/example_params_trigger_ui.py for tasks to queue
[2024-07-09T17:03:36.146+0000] {logging_mixin.py:188} INFO - [2024-07-09T17:03:36.145+0000] {dagbag.py:540} INFO - Filling up the DagBag from /home/airflow/.local/lib/python3.11/site-packages/airflow/example_dags/example_params_trigger_ui.py
[2024-07-09T17:03:36.160+0000] {processor.py:840} INFO - DAG(s) 'example_params_trigger_ui' retrieved from /home/airflow/.local/lib/python3.11/site-packages/airflow/example_dags/example_params_trigger_ui.py
[2024-07-09T17:03:36.204+0000] {logging_mixin.py:188} INFO - [2024-07-09T17:03:36.204+0000] {dag.py:3047} INFO - Sync 1 DAGs
[2024-07-09T17:03:36.217+0000] {logging_mixin.py:188} INFO - [2024-07-09T17:03:36.216+0000] {dag.py:3834} INFO - Setting next_dagrun for example_params_trigger_ui to None, run_after=None
[2024-07-09T17:03:36.235+0000] {processor.py:183} INFO - Processing /home/airflow/.local/lib/python3.11/site-packages/airflow/example_dags/example_params_trigger_ui.py took 0.095 seconds
[2024-07-09T17:04:06.849+0000] {processor.py:161} INFO - Started process (PID=6975) to work on /home/airflow/.local/lib/python3.11/site-packages/airflow/example_dags/example_params_trigger_ui.py
[2024-07-09T17:04:06.850+0000] {processor.py:830} INFO - Processing file /home/airflow/.local/lib/python3.11/site-packages/airflow/example_dags/example_params_trigger_ui.py for tasks to queue
[2024-07-09T17:04:06.852+0000] {logging_mixin.py:188} INFO - [2024-07-09T17:04:06.851+0000] {dagbag.py:540} INFO - Filling up the DagBag from /home/airflow/.local/lib/python3.11/site-packages/airflow/example_dags/example_params_trigger_ui.py
[2024-07-09T17:04:06.868+0000] {processor.py:840} INFO - DAG(s) 'example_params_trigger_ui' retrieved from /home/airflow/.local/lib/python3.11/site-packages/airflow/example_dags/example_params_trigger_ui.py
[2024-07-09T17:04:06.908+0000] {logging_mixin.py:188} INFO - [2024-07-09T17:04:06.908+0000] {dag.py:3047} INFO - Sync 1 DAGs
[2024-07-09T17:04:06.920+0000] {logging_mixin.py:188} INFO - [2024-07-09T17:04:06.919+0000] {dag.py:3834} INFO - Setting next_dagrun for example_params_trigger_ui to None, run_after=None
[2024-07-09T17:04:06.954+0000] {processor.py:183} INFO - Processing /home/airflow/.local/lib/python3.11/site-packages/airflow/example_dags/example_params_trigger_ui.py took 0.107 seconds
[2024-07-09T17:04:37.147+0000] {processor.py:161} INFO - Started process (PID=7237) to work on /home/airflow/.local/lib/python3.11/site-packages/airflow/example_dags/example_params_trigger_ui.py
[2024-07-09T17:04:37.148+0000] {processor.py:830} INFO - Processing file /home/airflow/.local/lib/python3.11/site-packages/airflow/example_dags/example_params_trigger_ui.py for tasks to queue
[2024-07-09T17:04:37.149+0000] {logging_mixin.py:188} INFO - [2024-07-09T17:04:37.149+0000] {dagbag.py:540} INFO - Filling up the DagBag from /home/airflow/.local/lib/python3.11/site-packages/airflow/example_dags/example_params_trigger_ui.py
[2024-07-09T17:04:37.164+0000] {processor.py:840} INFO - DAG(s) 'example_params_trigger_ui' retrieved from /home/airflow/.local/lib/python3.11/site-packages/airflow/example_dags/example_params_trigger_ui.py
[2024-07-09T17:04:37.240+0000] {logging_mixin.py:188} INFO - [2024-07-09T17:04:37.239+0000] {dag.py:3047} INFO - Sync 1 DAGs
[2024-07-09T17:04:37.260+0000] {logging_mixin.py:188} INFO - [2024-07-09T17:04:37.260+0000] {dag.py:3834} INFO - Setting next_dagrun for example_params_trigger_ui to None, run_after=None
[2024-07-09T17:04:37.283+0000] {processor.py:183} INFO - Processing /home/airflow/.local/lib/python3.11/site-packages/airflow/example_dags/example_params_trigger_ui.py took 0.140 seconds
[2024-07-09T17:05:07.613+0000] {processor.py:161} INFO - Started process (PID=7533) to work on /home/airflow/.local/lib/python3.11/site-packages/airflow/example_dags/example_params_trigger_ui.py
[2024-07-09T17:05:07.614+0000] {processor.py:830} INFO - Processing file /home/airflow/.local/lib/python3.11/site-packages/airflow/example_dags/example_params_trigger_ui.py for tasks to queue
[2024-07-09T17:05:07.615+0000] {logging_mixin.py:188} INFO - [2024-07-09T17:05:07.614+0000] {dagbag.py:540} INFO - Filling up the DagBag from /home/airflow/.local/lib/python3.11/site-packages/airflow/example_dags/example_params_trigger_ui.py
[2024-07-09T17:05:07.628+0000] {processor.py:840} INFO - DAG(s) 'example_params_trigger_ui' retrieved from /home/airflow/.local/lib/python3.11/site-packages/airflow/example_dags/example_params_trigger_ui.py
[2024-07-09T17:05:07.671+0000] {logging_mixin.py:188} INFO - [2024-07-09T17:05:07.671+0000] {dag.py:3047} INFO - Sync 1 DAGs
[2024-07-09T17:05:07.682+0000] {logging_mixin.py:188} INFO - [2024-07-09T17:05:07.682+0000] {dag.py:3834} INFO - Setting next_dagrun for example_params_trigger_ui to None, run_after=None
[2024-07-09T17:05:07.712+0000] {processor.py:183} INFO - Processing /home/airflow/.local/lib/python3.11/site-packages/airflow/example_dags/example_params_trigger_ui.py took 0.103 seconds
[2024-07-09T17:05:38.391+0000] {processor.py:161} INFO - Started process (PID=7795) to work on /home/airflow/.local/lib/python3.11/site-packages/airflow/example_dags/example_params_trigger_ui.py
[2024-07-09T17:05:38.393+0000] {processor.py:830} INFO - Processing file /home/airflow/.local/lib/python3.11/site-packages/airflow/example_dags/example_params_trigger_ui.py for tasks to queue
[2024-07-09T17:05:38.394+0000] {logging_mixin.py:188} INFO - [2024-07-09T17:05:38.393+0000] {dagbag.py:540} INFO - Filling up the DagBag from /home/airflow/.local/lib/python3.11/site-packages/airflow/example_dags/example_params_trigger_ui.py
[2024-07-09T17:05:38.406+0000] {processor.py:840} INFO - DAG(s) 'example_params_trigger_ui' retrieved from /home/airflow/.local/lib/python3.11/site-packages/airflow/example_dags/example_params_trigger_ui.py
[2024-07-09T17:05:38.452+0000] {logging_mixin.py:188} INFO - [2024-07-09T17:05:38.452+0000] {dag.py:3047} INFO - Sync 1 DAGs
[2024-07-09T17:05:38.463+0000] {logging_mixin.py:188} INFO - [2024-07-09T17:05:38.463+0000] {dag.py:3834} INFO - Setting next_dagrun for example_params_trigger_ui to None, run_after=None
[2024-07-09T17:05:38.499+0000] {processor.py:183} INFO - Processing /home/airflow/.local/lib/python3.11/site-packages/airflow/example_dags/example_params_trigger_ui.py took 0.112 seconds
[2024-07-09T17:06:09.092+0000] {processor.py:161} INFO - Started process (PID=8057) to work on /home/airflow/.local/lib/python3.11/site-packages/airflow/example_dags/example_params_trigger_ui.py
[2024-07-09T17:06:09.093+0000] {processor.py:830} INFO - Processing file /home/airflow/.local/lib/python3.11/site-packages/airflow/example_dags/example_params_trigger_ui.py for tasks to queue
[2024-07-09T17:06:09.095+0000] {logging_mixin.py:188} INFO - [2024-07-09T17:06:09.094+0000] {dagbag.py:540} INFO - Filling up the DagBag from /home/airflow/.local/lib/python3.11/site-packages/airflow/example_dags/example_params_trigger_ui.py
[2024-07-09T17:06:09.112+0000] {processor.py:840} INFO - DAG(s) 'example_params_trigger_ui' retrieved from /home/airflow/.local/lib/python3.11/site-packages/airflow/example_dags/example_params_trigger_ui.py
[2024-07-09T17:06:09.171+0000] {logging_mixin.py:188} INFO - [2024-07-09T17:06:09.170+0000] {dag.py:3047} INFO - Sync 1 DAGs
[2024-07-09T17:06:09.182+0000] {logging_mixin.py:188} INFO - [2024-07-09T17:06:09.181+0000] {dag.py:3834} INFO - Setting next_dagrun for example_params_trigger_ui to None, run_after=None
[2024-07-09T17:06:09.210+0000] {processor.py:183} INFO - Processing /home/airflow/.local/lib/python3.11/site-packages/airflow/example_dags/example_params_trigger_ui.py took 0.122 seconds
[2024-07-09T17:06:39.418+0000] {processor.py:161} INFO - Started process (PID=8319) to work on /home/airflow/.local/lib/python3.11/site-packages/airflow/example_dags/example_params_trigger_ui.py
[2024-07-09T17:06:39.419+0000] {processor.py:830} INFO - Processing file /home/airflow/.local/lib/python3.11/site-packages/airflow/example_dags/example_params_trigger_ui.py for tasks to queue
[2024-07-09T17:06:39.421+0000] {logging_mixin.py:188} INFO - [2024-07-09T17:06:39.421+0000] {dagbag.py:540} INFO - Filling up the DagBag from /home/airflow/.local/lib/python3.11/site-packages/airflow/example_dags/example_params_trigger_ui.py
[2024-07-09T17:06:39.434+0000] {processor.py:840} INFO - DAG(s) 'example_params_trigger_ui' retrieved from /home/airflow/.local/lib/python3.11/site-packages/airflow/example_dags/example_params_trigger_ui.py
[2024-07-09T17:06:39.474+0000] {logging_mixin.py:188} INFO - [2024-07-09T17:06:39.474+0000] {dag.py:3047} INFO - Sync 1 DAGs
[2024-07-09T17:06:39.488+0000] {logging_mixin.py:188} INFO - [2024-07-09T17:06:39.488+0000] {dag.py:3834} INFO - Setting next_dagrun for example_params_trigger_ui to None, run_after=None
[2024-07-09T17:06:39.508+0000] {processor.py:183} INFO - Processing /home/airflow/.local/lib/python3.11/site-packages/airflow/example_dags/example_params_trigger_ui.py took 0.094 seconds
