[2024-07-09T16:50:56.179+0000] {processor.py:161} INFO - Started process (PID=185) to work on /home/airflow/.local/lib/python3.11/site-packages/airflow/example_dags/example_task_group_decorator.py
[2024-07-09T16:50:56.181+0000] {processor.py:830} INFO - Processing file /home/airflow/.local/lib/python3.11/site-packages/airflow/example_dags/example_task_group_decorator.py for tasks to queue
[2024-07-09T16:50:56.183+0000] {logging_mixin.py:188} INFO - [2024-07-09T16:50:56.182+0000] {dagbag.py:540} INFO - Filling up the DagBag from /home/airflow/.local/lib/python3.11/site-packages/airflow/example_dags/example_task_group_decorator.py
[2024-07-09T16:50:56.218+0000] {processor.py:840} INFO - DAG(s) 'example_task_group_decorator' retrieved from /home/airflow/.local/lib/python3.11/site-packages/airflow/example_dags/example_task_group_decorator.py
[2024-07-09T16:50:56.586+0000] {logging_mixin.py:188} INFO - [2024-07-09T16:50:56.585+0000] {override.py:1769} INFO - Created Permission View: can delete on DAG:example_task_group_decorator
[2024-07-09T16:50:56.647+0000] {logging_mixin.py:188} INFO - [2024-07-09T16:50:56.646+0000] {override.py:1769} INFO - Created Permission View: can edit on DAG:example_task_group_decorator
[2024-07-09T16:50:56.678+0000] {logging_mixin.py:188} INFO - [2024-07-09T16:50:56.677+0000] {override.py:1769} INFO - Created Permission View: can read on DAG:example_task_group_decorator
[2024-07-09T16:50:56.681+0000] {logging_mixin.py:188} INFO - [2024-07-09T16:50:56.680+0000] {dag.py:3047} INFO - Sync 1 DAGs
[2024-07-09T16:50:56.712+0000] {logging_mixin.py:188} INFO - [2024-07-09T16:50:56.712+0000] {dag.py:3069} INFO - Creating ORM DAG for example_task_group_decorator
[2024-07-09T16:50:56.738+0000] {logging_mixin.py:188} INFO - [2024-07-09T16:50:56.738+0000] {dag.py:3834} INFO - Setting next_dagrun for example_task_group_decorator to 2024-07-08 00:00:00+00:00, run_after=2024-07-09 00:00:00+00:00
[2024-07-09T16:50:56.785+0000] {processor.py:183} INFO - Processing /home/airflow/.local/lib/python3.11/site-packages/airflow/example_dags/example_task_group_decorator.py took 0.611 seconds
[2024-07-09T16:51:27.142+0000] {processor.py:161} INFO - Started process (PID=449) to work on /home/airflow/.local/lib/python3.11/site-packages/airflow/example_dags/example_task_group_decorator.py
[2024-07-09T16:51:27.143+0000] {processor.py:830} INFO - Processing file /home/airflow/.local/lib/python3.11/site-packages/airflow/example_dags/example_task_group_decorator.py for tasks to queue
[2024-07-09T16:51:27.144+0000] {logging_mixin.py:188} INFO - [2024-07-09T16:51:27.144+0000] {dagbag.py:540} INFO - Filling up the DagBag from /home/airflow/.local/lib/python3.11/site-packages/airflow/example_dags/example_task_group_decorator.py
[2024-07-09T16:51:27.161+0000] {processor.py:840} INFO - DAG(s) 'example_task_group_decorator' retrieved from /home/airflow/.local/lib/python3.11/site-packages/airflow/example_dags/example_task_group_decorator.py
[2024-07-09T16:51:27.187+0000] {logging_mixin.py:188} INFO - [2024-07-09T16:51:27.186+0000] {dag.py:3047} INFO - Sync 1 DAGs
[2024-07-09T16:51:27.206+0000] {logging_mixin.py:188} INFO - [2024-07-09T16:51:27.206+0000] {dag.py:3834} INFO - Setting next_dagrun for example_task_group_decorator to 2024-07-08 00:00:00+00:00, run_after=2024-07-09 00:00:00+00:00
[2024-07-09T16:51:27.224+0000] {processor.py:183} INFO - Processing /home/airflow/.local/lib/python3.11/site-packages/airflow/example_dags/example_task_group_decorator.py took 0.084 seconds
[2024-07-09T16:51:57.855+0000] {processor.py:161} INFO - Started process (PID=700) to work on /home/airflow/.local/lib/python3.11/site-packages/airflow/example_dags/example_task_group_decorator.py
[2024-07-09T16:51:57.856+0000] {processor.py:830} INFO - Processing file /home/airflow/.local/lib/python3.11/site-packages/airflow/example_dags/example_task_group_decorator.py for tasks to queue
[2024-07-09T16:51:57.857+0000] {logging_mixin.py:188} INFO - [2024-07-09T16:51:57.856+0000] {dagbag.py:540} INFO - Filling up the DagBag from /home/airflow/.local/lib/python3.11/site-packages/airflow/example_dags/example_task_group_decorator.py
[2024-07-09T16:51:57.872+0000] {processor.py:840} INFO - DAG(s) 'example_task_group_decorator' retrieved from /home/airflow/.local/lib/python3.11/site-packages/airflow/example_dags/example_task_group_decorator.py
[2024-07-09T16:51:57.898+0000] {logging_mixin.py:188} INFO - [2024-07-09T16:51:57.898+0000] {dag.py:3047} INFO - Sync 1 DAGs
[2024-07-09T16:51:57.919+0000] {logging_mixin.py:188} INFO - [2024-07-09T16:51:57.919+0000] {dag.py:3834} INFO - Setting next_dagrun for example_task_group_decorator to 2024-07-08 00:00:00+00:00, run_after=2024-07-09 00:00:00+00:00
[2024-07-09T16:51:57.936+0000] {processor.py:183} INFO - Processing /home/airflow/.local/lib/python3.11/site-packages/airflow/example_dags/example_task_group_decorator.py took 0.084 seconds
[2024-07-09T16:52:28.223+0000] {processor.py:161} INFO - Started process (PID=959) to work on /home/airflow/.local/lib/python3.11/site-packages/airflow/example_dags/example_task_group_decorator.py
[2024-07-09T16:52:28.224+0000] {processor.py:830} INFO - Processing file /home/airflow/.local/lib/python3.11/site-packages/airflow/example_dags/example_task_group_decorator.py for tasks to queue
[2024-07-09T16:52:28.225+0000] {logging_mixin.py:188} INFO - [2024-07-09T16:52:28.224+0000] {dagbag.py:540} INFO - Filling up the DagBag from /home/airflow/.local/lib/python3.11/site-packages/airflow/example_dags/example_task_group_decorator.py
[2024-07-09T16:52:28.238+0000] {processor.py:840} INFO - DAG(s) 'example_task_group_decorator' retrieved from /home/airflow/.local/lib/python3.11/site-packages/airflow/example_dags/example_task_group_decorator.py
[2024-07-09T16:52:28.260+0000] {logging_mixin.py:188} INFO - [2024-07-09T16:52:28.260+0000] {dag.py:3047} INFO - Sync 1 DAGs
[2024-07-09T16:52:28.281+0000] {logging_mixin.py:188} INFO - [2024-07-09T16:52:28.281+0000] {dag.py:3834} INFO - Setting next_dagrun for example_task_group_decorator to 2024-07-08 00:00:00+00:00, run_after=2024-07-09 00:00:00+00:00
[2024-07-09T16:52:28.297+0000] {processor.py:183} INFO - Processing /home/airflow/.local/lib/python3.11/site-packages/airflow/example_dags/example_task_group_decorator.py took 0.077 seconds
[2024-07-09T16:52:58.340+0000] {processor.py:161} INFO - Started process (PID=1221) to work on /home/airflow/.local/lib/python3.11/site-packages/airflow/example_dags/example_task_group_decorator.py
[2024-07-09T16:52:58.341+0000] {processor.py:830} INFO - Processing file /home/airflow/.local/lib/python3.11/site-packages/airflow/example_dags/example_task_group_decorator.py for tasks to queue
[2024-07-09T16:52:58.342+0000] {logging_mixin.py:188} INFO - [2024-07-09T16:52:58.341+0000] {dagbag.py:540} INFO - Filling up the DagBag from /home/airflow/.local/lib/python3.11/site-packages/airflow/example_dags/example_task_group_decorator.py
[2024-07-09T16:52:58.356+0000] {processor.py:840} INFO - DAG(s) 'example_task_group_decorator' retrieved from /home/airflow/.local/lib/python3.11/site-packages/airflow/example_dags/example_task_group_decorator.py
[2024-07-09T16:52:58.380+0000] {logging_mixin.py:188} INFO - [2024-07-09T16:52:58.380+0000] {dag.py:3047} INFO - Sync 1 DAGs
[2024-07-09T16:52:58.538+0000] {logging_mixin.py:188} INFO - [2024-07-09T16:52:58.538+0000] {dag.py:3834} INFO - Setting next_dagrun for example_task_group_decorator to 2024-07-08 00:00:00+00:00, run_after=2024-07-09 00:00:00+00:00
[2024-07-09T16:52:58.555+0000] {processor.py:183} INFO - Processing /home/airflow/.local/lib/python3.11/site-packages/airflow/example_dags/example_task_group_decorator.py took 0.218 seconds
[2024-07-09T16:53:28.749+0000] {processor.py:161} INFO - Started process (PID=1483) to work on /home/airflow/.local/lib/python3.11/site-packages/airflow/example_dags/example_task_group_decorator.py
[2024-07-09T16:53:28.750+0000] {processor.py:830} INFO - Processing file /home/airflow/.local/lib/python3.11/site-packages/airflow/example_dags/example_task_group_decorator.py for tasks to queue
[2024-07-09T16:53:28.751+0000] {logging_mixin.py:188} INFO - [2024-07-09T16:53:28.751+0000] {dagbag.py:540} INFO - Filling up the DagBag from /home/airflow/.local/lib/python3.11/site-packages/airflow/example_dags/example_task_group_decorator.py
[2024-07-09T16:53:28.766+0000] {processor.py:840} INFO - DAG(s) 'example_task_group_decorator' retrieved from /home/airflow/.local/lib/python3.11/site-packages/airflow/example_dags/example_task_group_decorator.py
[2024-07-09T16:53:28.797+0000] {logging_mixin.py:188} INFO - [2024-07-09T16:53:28.796+0000] {dag.py:3047} INFO - Sync 1 DAGs
[2024-07-09T16:53:28.818+0000] {logging_mixin.py:188} INFO - [2024-07-09T16:53:28.818+0000] {dag.py:3834} INFO - Setting next_dagrun for example_task_group_decorator to 2024-07-08 00:00:00+00:00, run_after=2024-07-09 00:00:00+00:00
[2024-07-09T16:53:28.845+0000] {processor.py:183} INFO - Processing /home/airflow/.local/lib/python3.11/site-packages/airflow/example_dags/example_task_group_decorator.py took 0.100 seconds
[2024-07-09T16:53:59.166+0000] {processor.py:161} INFO - Started process (PID=1745) to work on /home/airflow/.local/lib/python3.11/site-packages/airflow/example_dags/example_task_group_decorator.py
[2024-07-09T16:53:59.167+0000] {processor.py:830} INFO - Processing file /home/airflow/.local/lib/python3.11/site-packages/airflow/example_dags/example_task_group_decorator.py for tasks to queue
[2024-07-09T16:53:59.168+0000] {logging_mixin.py:188} INFO - [2024-07-09T16:53:59.167+0000] {dagbag.py:540} INFO - Filling up the DagBag from /home/airflow/.local/lib/python3.11/site-packages/airflow/example_dags/example_task_group_decorator.py
[2024-07-09T16:53:59.183+0000] {processor.py:840} INFO - DAG(s) 'example_task_group_decorator' retrieved from /home/airflow/.local/lib/python3.11/site-packages/airflow/example_dags/example_task_group_decorator.py
[2024-07-09T16:53:59.211+0000] {logging_mixin.py:188} INFO - [2024-07-09T16:53:59.211+0000] {dag.py:3047} INFO - Sync 1 DAGs
[2024-07-09T16:53:59.232+0000] {logging_mixin.py:188} INFO - [2024-07-09T16:53:59.232+0000] {dag.py:3834} INFO - Setting next_dagrun for example_task_group_decorator to 2024-07-08 00:00:00+00:00, run_after=2024-07-09 00:00:00+00:00
[2024-07-09T16:53:59.264+0000] {processor.py:183} INFO - Processing /home/airflow/.local/lib/python3.11/site-packages/airflow/example_dags/example_task_group_decorator.py took 0.102 seconds
[2024-07-09T16:54:29.322+0000] {processor.py:161} INFO - Started process (PID=2007) to work on /home/airflow/.local/lib/python3.11/site-packages/airflow/example_dags/example_task_group_decorator.py
[2024-07-09T16:54:29.323+0000] {processor.py:830} INFO - Processing file /home/airflow/.local/lib/python3.11/site-packages/airflow/example_dags/example_task_group_decorator.py for tasks to queue
[2024-07-09T16:54:29.324+0000] {logging_mixin.py:188} INFO - [2024-07-09T16:54:29.323+0000] {dagbag.py:540} INFO - Filling up the DagBag from /home/airflow/.local/lib/python3.11/site-packages/airflow/example_dags/example_task_group_decorator.py
[2024-07-09T16:54:29.339+0000] {processor.py:840} INFO - DAG(s) 'example_task_group_decorator' retrieved from /home/airflow/.local/lib/python3.11/site-packages/airflow/example_dags/example_task_group_decorator.py
[2024-07-09T16:54:29.369+0000] {logging_mixin.py:188} INFO - [2024-07-09T16:54:29.369+0000] {dag.py:3047} INFO - Sync 1 DAGs
[2024-07-09T16:54:29.395+0000] {logging_mixin.py:188} INFO - [2024-07-09T16:54:29.395+0000] {dag.py:3834} INFO - Setting next_dagrun for example_task_group_decorator to 2024-07-08 00:00:00+00:00, run_after=2024-07-09 00:00:00+00:00
[2024-07-09T16:54:29.415+0000] {processor.py:183} INFO - Processing /home/airflow/.local/lib/python3.11/site-packages/airflow/example_dags/example_task_group_decorator.py took 0.097 seconds
[2024-07-09T16:54:59.643+0000] {processor.py:161} INFO - Started process (PID=2269) to work on /home/airflow/.local/lib/python3.11/site-packages/airflow/example_dags/example_task_group_decorator.py
[2024-07-09T16:54:59.645+0000] {processor.py:830} INFO - Processing file /home/airflow/.local/lib/python3.11/site-packages/airflow/example_dags/example_task_group_decorator.py for tasks to queue
[2024-07-09T16:54:59.646+0000] {logging_mixin.py:188} INFO - [2024-07-09T16:54:59.646+0000] {dagbag.py:540} INFO - Filling up the DagBag from /home/airflow/.local/lib/python3.11/site-packages/airflow/example_dags/example_task_group_decorator.py
[2024-07-09T16:54:59.671+0000] {processor.py:840} INFO - DAG(s) 'example_task_group_decorator' retrieved from /home/airflow/.local/lib/python3.11/site-packages/airflow/example_dags/example_task_group_decorator.py
[2024-07-09T16:54:59.705+0000] {logging_mixin.py:188} INFO - [2024-07-09T16:54:59.705+0000] {dag.py:3047} INFO - Sync 1 DAGs
[2024-07-09T16:54:59.724+0000] {logging_mixin.py:188} INFO - [2024-07-09T16:54:59.724+0000] {dag.py:3834} INFO - Setting next_dagrun for example_task_group_decorator to 2024-07-08 00:00:00+00:00, run_after=2024-07-09 00:00:00+00:00
[2024-07-09T16:54:59.753+0000] {processor.py:183} INFO - Processing /home/airflow/.local/lib/python3.11/site-packages/airflow/example_dags/example_task_group_decorator.py took 0.113 seconds
[2024-07-09T16:55:29.933+0000] {processor.py:161} INFO - Started process (PID=2531) to work on /home/airflow/.local/lib/python3.11/site-packages/airflow/example_dags/example_task_group_decorator.py
[2024-07-09T16:55:29.934+0000] {processor.py:830} INFO - Processing file /home/airflow/.local/lib/python3.11/site-packages/airflow/example_dags/example_task_group_decorator.py for tasks to queue
[2024-07-09T16:55:29.935+0000] {logging_mixin.py:188} INFO - [2024-07-09T16:55:29.935+0000] {dagbag.py:540} INFO - Filling up the DagBag from /home/airflow/.local/lib/python3.11/site-packages/airflow/example_dags/example_task_group_decorator.py
[2024-07-09T16:55:29.948+0000] {processor.py:840} INFO - DAG(s) 'example_task_group_decorator' retrieved from /home/airflow/.local/lib/python3.11/site-packages/airflow/example_dags/example_task_group_decorator.py
[2024-07-09T16:55:29.973+0000] {logging_mixin.py:188} INFO - [2024-07-09T16:55:29.973+0000] {dag.py:3047} INFO - Sync 1 DAGs
[2024-07-09T16:55:29.992+0000] {logging_mixin.py:188} INFO - [2024-07-09T16:55:29.992+0000] {dag.py:3834} INFO - Setting next_dagrun for example_task_group_decorator to 2024-07-08 00:00:00+00:00, run_after=2024-07-09 00:00:00+00:00
[2024-07-09T16:55:30.010+0000] {processor.py:183} INFO - Processing /home/airflow/.local/lib/python3.11/site-packages/airflow/example_dags/example_task_group_decorator.py took 0.080 seconds
[2024-07-09T16:56:00.075+0000] {processor.py:161} INFO - Started process (PID=2793) to work on /home/airflow/.local/lib/python3.11/site-packages/airflow/example_dags/example_task_group_decorator.py
[2024-07-09T16:56:00.077+0000] {processor.py:830} INFO - Processing file /home/airflow/.local/lib/python3.11/site-packages/airflow/example_dags/example_task_group_decorator.py for tasks to queue
[2024-07-09T16:56:00.080+0000] {logging_mixin.py:188} INFO - [2024-07-09T16:56:00.079+0000] {dagbag.py:540} INFO - Filling up the DagBag from /home/airflow/.local/lib/python3.11/site-packages/airflow/example_dags/example_task_group_decorator.py
[2024-07-09T16:56:00.097+0000] {processor.py:840} INFO - DAG(s) 'example_task_group_decorator' retrieved from /home/airflow/.local/lib/python3.11/site-packages/airflow/example_dags/example_task_group_decorator.py
[2024-07-09T16:56:00.122+0000] {logging_mixin.py:188} INFO - [2024-07-09T16:56:00.122+0000] {dag.py:3047} INFO - Sync 1 DAGs
[2024-07-09T16:56:00.141+0000] {logging_mixin.py:188} INFO - [2024-07-09T16:56:00.141+0000] {dag.py:3834} INFO - Setting next_dagrun for example_task_group_decorator to 2024-07-08 00:00:00+00:00, run_after=2024-07-09 00:00:00+00:00
[2024-07-09T16:56:00.158+0000] {processor.py:183} INFO - Processing /home/airflow/.local/lib/python3.11/site-packages/airflow/example_dags/example_task_group_decorator.py took 0.086 seconds
[2024-07-09T16:56:30.288+0000] {processor.py:161} INFO - Started process (PID=3055) to work on /home/airflow/.local/lib/python3.11/site-packages/airflow/example_dags/example_task_group_decorator.py
[2024-07-09T16:56:30.289+0000] {processor.py:830} INFO - Processing file /home/airflow/.local/lib/python3.11/site-packages/airflow/example_dags/example_task_group_decorator.py for tasks to queue
[2024-07-09T16:56:30.290+0000] {logging_mixin.py:188} INFO - [2024-07-09T16:56:30.290+0000] {dagbag.py:540} INFO - Filling up the DagBag from /home/airflow/.local/lib/python3.11/site-packages/airflow/example_dags/example_task_group_decorator.py
[2024-07-09T16:56:30.316+0000] {processor.py:840} INFO - DAG(s) 'example_task_group_decorator' retrieved from /home/airflow/.local/lib/python3.11/site-packages/airflow/example_dags/example_task_group_decorator.py
[2024-07-09T16:56:30.341+0000] {logging_mixin.py:188} INFO - [2024-07-09T16:56:30.341+0000] {dag.py:3047} INFO - Sync 1 DAGs
[2024-07-09T16:56:30.364+0000] {logging_mixin.py:188} INFO - [2024-07-09T16:56:30.364+0000] {dag.py:3834} INFO - Setting next_dagrun for example_task_group_decorator to 2024-07-08 00:00:00+00:00, run_after=2024-07-09 00:00:00+00:00
[2024-07-09T16:56:30.382+0000] {processor.py:183} INFO - Processing /home/airflow/.local/lib/python3.11/site-packages/airflow/example_dags/example_task_group_decorator.py took 0.096 seconds
[2024-07-09T16:57:00.665+0000] {processor.py:161} INFO - Started process (PID=3317) to work on /home/airflow/.local/lib/python3.11/site-packages/airflow/example_dags/example_task_group_decorator.py
[2024-07-09T16:57:00.667+0000] {processor.py:830} INFO - Processing file /home/airflow/.local/lib/python3.11/site-packages/airflow/example_dags/example_task_group_decorator.py for tasks to queue
[2024-07-09T16:57:00.668+0000] {logging_mixin.py:188} INFO - [2024-07-09T16:57:00.668+0000] {dagbag.py:540} INFO - Filling up the DagBag from /home/airflow/.local/lib/python3.11/site-packages/airflow/example_dags/example_task_group_decorator.py
[2024-07-09T16:57:00.681+0000] {processor.py:840} INFO - DAG(s) 'example_task_group_decorator' retrieved from /home/airflow/.local/lib/python3.11/site-packages/airflow/example_dags/example_task_group_decorator.py
[2024-07-09T16:57:00.706+0000] {logging_mixin.py:188} INFO - [2024-07-09T16:57:00.706+0000] {dag.py:3047} INFO - Sync 1 DAGs
[2024-07-09T16:57:00.724+0000] {logging_mixin.py:188} INFO - [2024-07-09T16:57:00.724+0000] {dag.py:3834} INFO - Setting next_dagrun for example_task_group_decorator to 2024-07-08 00:00:00+00:00, run_after=2024-07-09 00:00:00+00:00
[2024-07-09T16:57:00.755+0000] {processor.py:183} INFO - Processing /home/airflow/.local/lib/python3.11/site-packages/airflow/example_dags/example_task_group_decorator.py took 0.092 seconds
[2024-07-09T16:57:31.130+0000] {processor.py:161} INFO - Started process (PID=3579) to work on /home/airflow/.local/lib/python3.11/site-packages/airflow/example_dags/example_task_group_decorator.py
[2024-07-09T16:57:31.131+0000] {processor.py:830} INFO - Processing file /home/airflow/.local/lib/python3.11/site-packages/airflow/example_dags/example_task_group_decorator.py for tasks to queue
[2024-07-09T16:57:31.132+0000] {logging_mixin.py:188} INFO - [2024-07-09T16:57:31.132+0000] {dagbag.py:540} INFO - Filling up the DagBag from /home/airflow/.local/lib/python3.11/site-packages/airflow/example_dags/example_task_group_decorator.py
[2024-07-09T16:57:31.158+0000] {processor.py:840} INFO - DAG(s) 'example_task_group_decorator' retrieved from /home/airflow/.local/lib/python3.11/site-packages/airflow/example_dags/example_task_group_decorator.py
[2024-07-09T16:57:31.197+0000] {logging_mixin.py:188} INFO - [2024-07-09T16:57:31.197+0000] {dag.py:3047} INFO - Sync 1 DAGs
[2024-07-09T16:57:31.230+0000] {logging_mixin.py:188} INFO - [2024-07-09T16:57:31.230+0000] {dag.py:3834} INFO - Setting next_dagrun for example_task_group_decorator to 2024-07-08 00:00:00+00:00, run_after=2024-07-09 00:00:00+00:00
[2024-07-09T16:57:31.261+0000] {processor.py:183} INFO - Processing /home/airflow/.local/lib/python3.11/site-packages/airflow/example_dags/example_task_group_decorator.py took 0.134 seconds
[2024-07-09T16:58:01.381+0000] {processor.py:161} INFO - Started process (PID=3841) to work on /home/airflow/.local/lib/python3.11/site-packages/airflow/example_dags/example_task_group_decorator.py
[2024-07-09T16:58:01.383+0000] {processor.py:830} INFO - Processing file /home/airflow/.local/lib/python3.11/site-packages/airflow/example_dags/example_task_group_decorator.py for tasks to queue
[2024-07-09T16:58:01.384+0000] {logging_mixin.py:188} INFO - [2024-07-09T16:58:01.384+0000] {dagbag.py:540} INFO - Filling up the DagBag from /home/airflow/.local/lib/python3.11/site-packages/airflow/example_dags/example_task_group_decorator.py
[2024-07-09T16:58:01.400+0000] {processor.py:840} INFO - DAG(s) 'example_task_group_decorator' retrieved from /home/airflow/.local/lib/python3.11/site-packages/airflow/example_dags/example_task_group_decorator.py
[2024-07-09T16:58:01.425+0000] {logging_mixin.py:188} INFO - [2024-07-09T16:58:01.425+0000] {dag.py:3047} INFO - Sync 1 DAGs
[2024-07-09T16:58:01.442+0000] {logging_mixin.py:188} INFO - [2024-07-09T16:58:01.442+0000] {dag.py:3834} INFO - Setting next_dagrun for example_task_group_decorator to 2024-07-08 00:00:00+00:00, run_after=2024-07-09 00:00:00+00:00
[2024-07-09T16:58:01.458+0000] {processor.py:183} INFO - Processing /home/airflow/.local/lib/python3.11/site-packages/airflow/example_dags/example_task_group_decorator.py took 0.081 seconds
[2024-07-09T16:58:31.780+0000] {processor.py:161} INFO - Started process (PID=4103) to work on /home/airflow/.local/lib/python3.11/site-packages/airflow/example_dags/example_task_group_decorator.py
[2024-07-09T16:58:31.782+0000] {processor.py:830} INFO - Processing file /home/airflow/.local/lib/python3.11/site-packages/airflow/example_dags/example_task_group_decorator.py for tasks to queue
[2024-07-09T16:58:31.783+0000] {logging_mixin.py:188} INFO - [2024-07-09T16:58:31.782+0000] {dagbag.py:540} INFO - Filling up the DagBag from /home/airflow/.local/lib/python3.11/site-packages/airflow/example_dags/example_task_group_decorator.py
[2024-07-09T16:58:31.795+0000] {processor.py:840} INFO - DAG(s) 'example_task_group_decorator' retrieved from /home/airflow/.local/lib/python3.11/site-packages/airflow/example_dags/example_task_group_decorator.py
[2024-07-09T16:58:31.820+0000] {logging_mixin.py:188} INFO - [2024-07-09T16:58:31.820+0000] {dag.py:3047} INFO - Sync 1 DAGs
[2024-07-09T16:58:31.838+0000] {logging_mixin.py:188} INFO - [2024-07-09T16:58:31.838+0000] {dag.py:3834} INFO - Setting next_dagrun for example_task_group_decorator to 2024-07-08 00:00:00+00:00, run_after=2024-07-09 00:00:00+00:00
[2024-07-09T16:58:31.855+0000] {processor.py:183} INFO - Processing /home/airflow/.local/lib/python3.11/site-packages/airflow/example_dags/example_task_group_decorator.py took 0.078 seconds
[2024-07-09T16:59:02.401+0000] {processor.py:161} INFO - Started process (PID=4365) to work on /home/airflow/.local/lib/python3.11/site-packages/airflow/example_dags/example_task_group_decorator.py
[2024-07-09T16:59:02.403+0000] {processor.py:830} INFO - Processing file /home/airflow/.local/lib/python3.11/site-packages/airflow/example_dags/example_task_group_decorator.py for tasks to queue
[2024-07-09T16:59:02.404+0000] {logging_mixin.py:188} INFO - [2024-07-09T16:59:02.404+0000] {dagbag.py:540} INFO - Filling up the DagBag from /home/airflow/.local/lib/python3.11/site-packages/airflow/example_dags/example_task_group_decorator.py
[2024-07-09T16:59:02.425+0000] {processor.py:840} INFO - DAG(s) 'example_task_group_decorator' retrieved from /home/airflow/.local/lib/python3.11/site-packages/airflow/example_dags/example_task_group_decorator.py
[2024-07-09T16:59:02.455+0000] {logging_mixin.py:188} INFO - [2024-07-09T16:59:02.455+0000] {dag.py:3047} INFO - Sync 1 DAGs
[2024-07-09T16:59:02.478+0000] {logging_mixin.py:188} INFO - [2024-07-09T16:59:02.478+0000] {dag.py:3834} INFO - Setting next_dagrun for example_task_group_decorator to 2024-07-08 00:00:00+00:00, run_after=2024-07-09 00:00:00+00:00
[2024-07-09T16:59:02.496+0000] {processor.py:183} INFO - Processing /home/airflow/.local/lib/python3.11/site-packages/airflow/example_dags/example_task_group_decorator.py took 0.099 seconds
[2024-07-09T16:59:32.613+0000] {processor.py:161} INFO - Started process (PID=4627) to work on /home/airflow/.local/lib/python3.11/site-packages/airflow/example_dags/example_task_group_decorator.py
[2024-07-09T16:59:32.614+0000] {processor.py:830} INFO - Processing file /home/airflow/.local/lib/python3.11/site-packages/airflow/example_dags/example_task_group_decorator.py for tasks to queue
[2024-07-09T16:59:32.615+0000] {logging_mixin.py:188} INFO - [2024-07-09T16:59:32.615+0000] {dagbag.py:540} INFO - Filling up the DagBag from /home/airflow/.local/lib/python3.11/site-packages/airflow/example_dags/example_task_group_decorator.py
[2024-07-09T16:59:32.631+0000] {processor.py:840} INFO - DAG(s) 'example_task_group_decorator' retrieved from /home/airflow/.local/lib/python3.11/site-packages/airflow/example_dags/example_task_group_decorator.py
[2024-07-09T16:59:32.653+0000] {logging_mixin.py:188} INFO - [2024-07-09T16:59:32.653+0000] {dag.py:3047} INFO - Sync 1 DAGs
[2024-07-09T16:59:32.674+0000] {logging_mixin.py:188} INFO - [2024-07-09T16:59:32.674+0000] {dag.py:3834} INFO - Setting next_dagrun for example_task_group_decorator to 2024-07-08 00:00:00+00:00, run_after=2024-07-09 00:00:00+00:00
[2024-07-09T16:59:32.693+0000] {processor.py:183} INFO - Processing /home/airflow/.local/lib/python3.11/site-packages/airflow/example_dags/example_task_group_decorator.py took 0.083 seconds
[2024-07-09T17:00:03.284+0000] {processor.py:161} INFO - Started process (PID=4889) to work on /home/airflow/.local/lib/python3.11/site-packages/airflow/example_dags/example_task_group_decorator.py
[2024-07-09T17:00:03.286+0000] {processor.py:830} INFO - Processing file /home/airflow/.local/lib/python3.11/site-packages/airflow/example_dags/example_task_group_decorator.py for tasks to queue
[2024-07-09T17:00:03.287+0000] {logging_mixin.py:188} INFO - [2024-07-09T17:00:03.286+0000] {dagbag.py:540} INFO - Filling up the DagBag from /home/airflow/.local/lib/python3.11/site-packages/airflow/example_dags/example_task_group_decorator.py
[2024-07-09T17:00:03.299+0000] {processor.py:840} INFO - DAG(s) 'example_task_group_decorator' retrieved from /home/airflow/.local/lib/python3.11/site-packages/airflow/example_dags/example_task_group_decorator.py
[2024-07-09T17:00:03.323+0000] {logging_mixin.py:188} INFO - [2024-07-09T17:00:03.323+0000] {dag.py:3047} INFO - Sync 1 DAGs
[2024-07-09T17:00:03.344+0000] {logging_mixin.py:188} INFO - [2024-07-09T17:00:03.344+0000] {dag.py:3834} INFO - Setting next_dagrun for example_task_group_decorator to 2024-07-08 00:00:00+00:00, run_after=2024-07-09 00:00:00+00:00
[2024-07-09T17:00:03.362+0000] {processor.py:183} INFO - Processing /home/airflow/.local/lib/python3.11/site-packages/airflow/example_dags/example_task_group_decorator.py took 0.081 seconds
[2024-07-09T17:00:34.257+0000] {processor.py:161} INFO - Started process (PID=5151) to work on /home/airflow/.local/lib/python3.11/site-packages/airflow/example_dags/example_task_group_decorator.py
[2024-07-09T17:00:34.259+0000] {processor.py:830} INFO - Processing file /home/airflow/.local/lib/python3.11/site-packages/airflow/example_dags/example_task_group_decorator.py for tasks to queue
[2024-07-09T17:00:34.260+0000] {logging_mixin.py:188} INFO - [2024-07-09T17:00:34.260+0000] {dagbag.py:540} INFO - Filling up the DagBag from /home/airflow/.local/lib/python3.11/site-packages/airflow/example_dags/example_task_group_decorator.py
[2024-07-09T17:00:34.275+0000] {processor.py:840} INFO - DAG(s) 'example_task_group_decorator' retrieved from /home/airflow/.local/lib/python3.11/site-packages/airflow/example_dags/example_task_group_decorator.py
[2024-07-09T17:00:34.297+0000] {logging_mixin.py:188} INFO - [2024-07-09T17:00:34.297+0000] {dag.py:3047} INFO - Sync 1 DAGs
[2024-07-09T17:00:34.316+0000] {logging_mixin.py:188} INFO - [2024-07-09T17:00:34.316+0000] {dag.py:3834} INFO - Setting next_dagrun for example_task_group_decorator to 2024-07-08 00:00:00+00:00, run_after=2024-07-09 00:00:00+00:00
[2024-07-09T17:00:34.866+0000] {processor.py:183} INFO - Processing /home/airflow/.local/lib/python3.11/site-packages/airflow/example_dags/example_task_group_decorator.py took 0.611 seconds
[2024-07-09T17:01:05.841+0000] {processor.py:161} INFO - Started process (PID=5413) to work on /home/airflow/.local/lib/python3.11/site-packages/airflow/example_dags/example_task_group_decorator.py
[2024-07-09T17:01:05.842+0000] {processor.py:830} INFO - Processing file /home/airflow/.local/lib/python3.11/site-packages/airflow/example_dags/example_task_group_decorator.py for tasks to queue
[2024-07-09T17:01:05.843+0000] {logging_mixin.py:188} INFO - [2024-07-09T17:01:05.843+0000] {dagbag.py:540} INFO - Filling up the DagBag from /home/airflow/.local/lib/python3.11/site-packages/airflow/example_dags/example_task_group_decorator.py
[2024-07-09T17:01:05.875+0000] {processor.py:840} INFO - DAG(s) 'example_task_group_decorator' retrieved from /home/airflow/.local/lib/python3.11/site-packages/airflow/example_dags/example_task_group_decorator.py
[2024-07-09T17:01:05.926+0000] {logging_mixin.py:188} INFO - [2024-07-09T17:01:05.926+0000] {dag.py:3047} INFO - Sync 1 DAGs
[2024-07-09T17:01:05.959+0000] {logging_mixin.py:188} INFO - [2024-07-09T17:01:05.959+0000] {dag.py:3834} INFO - Setting next_dagrun for example_task_group_decorator to 2024-07-08 00:00:00+00:00, run_after=2024-07-09 00:00:00+00:00
[2024-07-09T17:01:05.989+0000] {processor.py:183} INFO - Processing /home/airflow/.local/lib/python3.11/site-packages/airflow/example_dags/example_task_group_decorator.py took 0.153 seconds
[2024-07-09T17:01:36.038+0000] {processor.py:161} INFO - Started process (PID=5678) to work on /home/airflow/.local/lib/python3.11/site-packages/airflow/example_dags/example_task_group_decorator.py
[2024-07-09T17:01:36.039+0000] {processor.py:830} INFO - Processing file /home/airflow/.local/lib/python3.11/site-packages/airflow/example_dags/example_task_group_decorator.py for tasks to queue
[2024-07-09T17:01:36.040+0000] {logging_mixin.py:188} INFO - [2024-07-09T17:01:36.039+0000] {dagbag.py:540} INFO - Filling up the DagBag from /home/airflow/.local/lib/python3.11/site-packages/airflow/example_dags/example_task_group_decorator.py
[2024-07-09T17:01:36.055+0000] {processor.py:840} INFO - DAG(s) 'example_task_group_decorator' retrieved from /home/airflow/.local/lib/python3.11/site-packages/airflow/example_dags/example_task_group_decorator.py
[2024-07-09T17:01:36.082+0000] {logging_mixin.py:188} INFO - [2024-07-09T17:01:36.081+0000] {dag.py:3047} INFO - Sync 1 DAGs
[2024-07-09T17:01:36.103+0000] {logging_mixin.py:188} INFO - [2024-07-09T17:01:36.103+0000] {dag.py:3834} INFO - Setting next_dagrun for example_task_group_decorator to 2024-07-08 00:00:00+00:00, run_after=2024-07-09 00:00:00+00:00
[2024-07-09T17:01:36.128+0000] {processor.py:183} INFO - Processing /home/airflow/.local/lib/python3.11/site-packages/airflow/example_dags/example_task_group_decorator.py took 0.093 seconds
[2024-07-09T17:02:06.198+0000] {processor.py:161} INFO - Started process (PID=5937) to work on /home/airflow/.local/lib/python3.11/site-packages/airflow/example_dags/example_task_group_decorator.py
[2024-07-09T17:02:06.199+0000] {processor.py:830} INFO - Processing file /home/airflow/.local/lib/python3.11/site-packages/airflow/example_dags/example_task_group_decorator.py for tasks to queue
[2024-07-09T17:02:06.200+0000] {logging_mixin.py:188} INFO - [2024-07-09T17:02:06.200+0000] {dagbag.py:540} INFO - Filling up the DagBag from /home/airflow/.local/lib/python3.11/site-packages/airflow/example_dags/example_task_group_decorator.py
[2024-07-09T17:02:06.216+0000] {processor.py:840} INFO - DAG(s) 'example_task_group_decorator' retrieved from /home/airflow/.local/lib/python3.11/site-packages/airflow/example_dags/example_task_group_decorator.py
[2024-07-09T17:02:06.240+0000] {logging_mixin.py:188} INFO - [2024-07-09T17:02:06.239+0000] {dag.py:3047} INFO - Sync 1 DAGs
[2024-07-09T17:02:06.259+0000] {logging_mixin.py:188} INFO - [2024-07-09T17:02:06.259+0000] {dag.py:3834} INFO - Setting next_dagrun for example_task_group_decorator to 2024-07-08 00:00:00+00:00, run_after=2024-07-09 00:00:00+00:00
[2024-07-09T17:02:06.278+0000] {processor.py:183} INFO - Processing /home/airflow/.local/lib/python3.11/site-packages/airflow/example_dags/example_task_group_decorator.py took 0.082 seconds
[2024-07-09T17:02:37.024+0000] {processor.py:161} INFO - Started process (PID=6199) to work on /home/airflow/.local/lib/python3.11/site-packages/airflow/example_dags/example_task_group_decorator.py
[2024-07-09T17:02:37.025+0000] {processor.py:830} INFO - Processing file /home/airflow/.local/lib/python3.11/site-packages/airflow/example_dags/example_task_group_decorator.py for tasks to queue
[2024-07-09T17:02:37.026+0000] {logging_mixin.py:188} INFO - [2024-07-09T17:02:37.025+0000] {dagbag.py:540} INFO - Filling up the DagBag from /home/airflow/.local/lib/python3.11/site-packages/airflow/example_dags/example_task_group_decorator.py
[2024-07-09T17:02:37.039+0000] {processor.py:840} INFO - DAG(s) 'example_task_group_decorator' retrieved from /home/airflow/.local/lib/python3.11/site-packages/airflow/example_dags/example_task_group_decorator.py
[2024-07-09T17:02:37.068+0000] {logging_mixin.py:188} INFO - [2024-07-09T17:02:37.067+0000] {dag.py:3047} INFO - Sync 1 DAGs
[2024-07-09T17:02:37.107+0000] {logging_mixin.py:188} INFO - [2024-07-09T17:02:37.107+0000] {dag.py:3834} INFO - Setting next_dagrun for example_task_group_decorator to 2024-07-08 00:00:00+00:00, run_after=2024-07-09 00:00:00+00:00
[2024-07-09T17:02:37.131+0000] {processor.py:183} INFO - Processing /home/airflow/.local/lib/python3.11/site-packages/airflow/example_dags/example_task_group_decorator.py took 0.110 seconds
[2024-07-09T17:03:07.355+0000] {processor.py:161} INFO - Started process (PID=6461) to work on /home/airflow/.local/lib/python3.11/site-packages/airflow/example_dags/example_task_group_decorator.py
[2024-07-09T17:03:07.356+0000] {processor.py:830} INFO - Processing file /home/airflow/.local/lib/python3.11/site-packages/airflow/example_dags/example_task_group_decorator.py for tasks to queue
[2024-07-09T17:03:07.357+0000] {logging_mixin.py:188} INFO - [2024-07-09T17:03:07.357+0000] {dagbag.py:540} INFO - Filling up the DagBag from /home/airflow/.local/lib/python3.11/site-packages/airflow/example_dags/example_task_group_decorator.py
[2024-07-09T17:03:07.372+0000] {processor.py:840} INFO - DAG(s) 'example_task_group_decorator' retrieved from /home/airflow/.local/lib/python3.11/site-packages/airflow/example_dags/example_task_group_decorator.py
[2024-07-09T17:03:07.398+0000] {logging_mixin.py:188} INFO - [2024-07-09T17:03:07.398+0000] {dag.py:3047} INFO - Sync 1 DAGs
[2024-07-09T17:03:07.418+0000] {logging_mixin.py:188} INFO - [2024-07-09T17:03:07.418+0000] {dag.py:3834} INFO - Setting next_dagrun for example_task_group_decorator to 2024-07-08 00:00:00+00:00, run_after=2024-07-09 00:00:00+00:00
[2024-07-09T17:03:07.434+0000] {processor.py:183} INFO - Processing /home/airflow/.local/lib/python3.11/site-packages/airflow/example_dags/example_task_group_decorator.py took 0.082 seconds
[2024-07-09T17:03:38.276+0000] {processor.py:161} INFO - Started process (PID=6723) to work on /home/airflow/.local/lib/python3.11/site-packages/airflow/example_dags/example_task_group_decorator.py
[2024-07-09T17:03:38.277+0000] {processor.py:830} INFO - Processing file /home/airflow/.local/lib/python3.11/site-packages/airflow/example_dags/example_task_group_decorator.py for tasks to queue
[2024-07-09T17:03:38.278+0000] {logging_mixin.py:188} INFO - [2024-07-09T17:03:38.278+0000] {dagbag.py:540} INFO - Filling up the DagBag from /home/airflow/.local/lib/python3.11/site-packages/airflow/example_dags/example_task_group_decorator.py
[2024-07-09T17:03:38.296+0000] {processor.py:840} INFO - DAG(s) 'example_task_group_decorator' retrieved from /home/airflow/.local/lib/python3.11/site-packages/airflow/example_dags/example_task_group_decorator.py
[2024-07-09T17:03:38.320+0000] {logging_mixin.py:188} INFO - [2024-07-09T17:03:38.320+0000] {dag.py:3047} INFO - Sync 1 DAGs
[2024-07-09T17:03:38.337+0000] {logging_mixin.py:188} INFO - [2024-07-09T17:03:38.337+0000] {dag.py:3834} INFO - Setting next_dagrun for example_task_group_decorator to 2024-07-08 00:00:00+00:00, run_after=2024-07-09 00:00:00+00:00
[2024-07-09T17:03:38.355+0000] {processor.py:183} INFO - Processing /home/airflow/.local/lib/python3.11/site-packages/airflow/example_dags/example_task_group_decorator.py took 0.083 seconds
[2024-07-09T17:04:08.924+0000] {processor.py:161} INFO - Started process (PID=6985) to work on /home/airflow/.local/lib/python3.11/site-packages/airflow/example_dags/example_task_group_decorator.py
[2024-07-09T17:04:08.925+0000] {processor.py:830} INFO - Processing file /home/airflow/.local/lib/python3.11/site-packages/airflow/example_dags/example_task_group_decorator.py for tasks to queue
[2024-07-09T17:04:08.926+0000] {logging_mixin.py:188} INFO - [2024-07-09T17:04:08.926+0000] {dagbag.py:540} INFO - Filling up the DagBag from /home/airflow/.local/lib/python3.11/site-packages/airflow/example_dags/example_task_group_decorator.py
[2024-07-09T17:04:08.946+0000] {processor.py:840} INFO - DAG(s) 'example_task_group_decorator' retrieved from /home/airflow/.local/lib/python3.11/site-packages/airflow/example_dags/example_task_group_decorator.py
[2024-07-09T17:04:08.978+0000] {logging_mixin.py:188} INFO - [2024-07-09T17:04:08.978+0000] {dag.py:3047} INFO - Sync 1 DAGs
[2024-07-09T17:04:08.998+0000] {logging_mixin.py:188} INFO - [2024-07-09T17:04:08.997+0000] {dag.py:3834} INFO - Setting next_dagrun for example_task_group_decorator to 2024-07-08 00:00:00+00:00, run_after=2024-07-09 00:00:00+00:00
[2024-07-09T17:04:09.033+0000] {processor.py:183} INFO - Processing /home/airflow/.local/lib/python3.11/site-packages/airflow/example_dags/example_task_group_decorator.py took 0.119 seconds
[2024-07-09T17:04:39.279+0000] {processor.py:161} INFO - Started process (PID=7247) to work on /home/airflow/.local/lib/python3.11/site-packages/airflow/example_dags/example_task_group_decorator.py
[2024-07-09T17:04:39.281+0000] {processor.py:830} INFO - Processing file /home/airflow/.local/lib/python3.11/site-packages/airflow/example_dags/example_task_group_decorator.py for tasks to queue
[2024-07-09T17:04:39.282+0000] {logging_mixin.py:188} INFO - [2024-07-09T17:04:39.282+0000] {dagbag.py:540} INFO - Filling up the DagBag from /home/airflow/.local/lib/python3.11/site-packages/airflow/example_dags/example_task_group_decorator.py
[2024-07-09T17:04:39.295+0000] {processor.py:840} INFO - DAG(s) 'example_task_group_decorator' retrieved from /home/airflow/.local/lib/python3.11/site-packages/airflow/example_dags/example_task_group_decorator.py
[2024-07-09T17:04:39.321+0000] {logging_mixin.py:188} INFO - [2024-07-09T17:04:39.321+0000] {dag.py:3047} INFO - Sync 1 DAGs
[2024-07-09T17:04:39.344+0000] {logging_mixin.py:188} INFO - [2024-07-09T17:04:39.343+0000] {dag.py:3834} INFO - Setting next_dagrun for example_task_group_decorator to 2024-07-08 00:00:00+00:00, run_after=2024-07-09 00:00:00+00:00
[2024-07-09T17:04:39.375+0000] {processor.py:183} INFO - Processing /home/airflow/.local/lib/python3.11/site-packages/airflow/example_dags/example_task_group_decorator.py took 0.099 seconds
[2024-07-09T17:05:09.741+0000] {processor.py:161} INFO - Started process (PID=7543) to work on /home/airflow/.local/lib/python3.11/site-packages/airflow/example_dags/example_task_group_decorator.py
[2024-07-09T17:05:09.742+0000] {processor.py:830} INFO - Processing file /home/airflow/.local/lib/python3.11/site-packages/airflow/example_dags/example_task_group_decorator.py for tasks to queue
[2024-07-09T17:05:09.743+0000] {logging_mixin.py:188} INFO - [2024-07-09T17:05:09.742+0000] {dagbag.py:540} INFO - Filling up the DagBag from /home/airflow/.local/lib/python3.11/site-packages/airflow/example_dags/example_task_group_decorator.py
[2024-07-09T17:05:09.760+0000] {processor.py:840} INFO - DAG(s) 'example_task_group_decorator' retrieved from /home/airflow/.local/lib/python3.11/site-packages/airflow/example_dags/example_task_group_decorator.py
[2024-07-09T17:05:09.786+0000] {logging_mixin.py:188} INFO - [2024-07-09T17:05:09.786+0000] {dag.py:3047} INFO - Sync 1 DAGs
[2024-07-09T17:05:09.811+0000] {logging_mixin.py:188} INFO - [2024-07-09T17:05:09.811+0000] {dag.py:3834} INFO - Setting next_dagrun for example_task_group_decorator to 2024-07-08 00:00:00+00:00, run_after=2024-07-09 00:00:00+00:00
[2024-07-09T17:05:09.837+0000] {processor.py:183} INFO - Processing /home/airflow/.local/lib/python3.11/site-packages/airflow/example_dags/example_task_group_decorator.py took 0.100 seconds
[2024-07-09T17:05:40.463+0000] {processor.py:161} INFO - Started process (PID=7805) to work on /home/airflow/.local/lib/python3.11/site-packages/airflow/example_dags/example_task_group_decorator.py
[2024-07-09T17:05:40.464+0000] {processor.py:830} INFO - Processing file /home/airflow/.local/lib/python3.11/site-packages/airflow/example_dags/example_task_group_decorator.py for tasks to queue
[2024-07-09T17:05:40.465+0000] {logging_mixin.py:188} INFO - [2024-07-09T17:05:40.465+0000] {dagbag.py:540} INFO - Filling up the DagBag from /home/airflow/.local/lib/python3.11/site-packages/airflow/example_dags/example_task_group_decorator.py
[2024-07-09T17:05:40.482+0000] {processor.py:840} INFO - DAG(s) 'example_task_group_decorator' retrieved from /home/airflow/.local/lib/python3.11/site-packages/airflow/example_dags/example_task_group_decorator.py
[2024-07-09T17:05:40.508+0000] {logging_mixin.py:188} INFO - [2024-07-09T17:05:40.507+0000] {dag.py:3047} INFO - Sync 1 DAGs
[2024-07-09T17:05:40.527+0000] {logging_mixin.py:188} INFO - [2024-07-09T17:05:40.527+0000] {dag.py:3834} INFO - Setting next_dagrun for example_task_group_decorator to 2024-07-08 00:00:00+00:00, run_after=2024-07-09 00:00:00+00:00
[2024-07-09T17:05:40.545+0000] {processor.py:183} INFO - Processing /home/airflow/.local/lib/python3.11/site-packages/airflow/example_dags/example_task_group_decorator.py took 0.086 seconds
[2024-07-09T17:06:11.263+0000] {processor.py:161} INFO - Started process (PID=8067) to work on /home/airflow/.local/lib/python3.11/site-packages/airflow/example_dags/example_task_group_decorator.py
[2024-07-09T17:06:11.264+0000] {processor.py:830} INFO - Processing file /home/airflow/.local/lib/python3.11/site-packages/airflow/example_dags/example_task_group_decorator.py for tasks to queue
[2024-07-09T17:06:11.265+0000] {logging_mixin.py:188} INFO - [2024-07-09T17:06:11.264+0000] {dagbag.py:540} INFO - Filling up the DagBag from /home/airflow/.local/lib/python3.11/site-packages/airflow/example_dags/example_task_group_decorator.py
[2024-07-09T17:06:11.284+0000] {processor.py:840} INFO - DAG(s) 'example_task_group_decorator' retrieved from /home/airflow/.local/lib/python3.11/site-packages/airflow/example_dags/example_task_group_decorator.py
[2024-07-09T17:06:11.310+0000] {logging_mixin.py:188} INFO - [2024-07-09T17:06:11.310+0000] {dag.py:3047} INFO - Sync 1 DAGs
[2024-07-09T17:06:11.340+0000] {logging_mixin.py:188} INFO - [2024-07-09T17:06:11.340+0000] {dag.py:3834} INFO - Setting next_dagrun for example_task_group_decorator to 2024-07-08 00:00:00+00:00, run_after=2024-07-09 00:00:00+00:00
[2024-07-09T17:06:11.359+0000] {processor.py:183} INFO - Processing /home/airflow/.local/lib/python3.11/site-packages/airflow/example_dags/example_task_group_decorator.py took 0.100 seconds
[2024-07-09T17:06:41.556+0000] {processor.py:161} INFO - Started process (PID=8329) to work on /home/airflow/.local/lib/python3.11/site-packages/airflow/example_dags/example_task_group_decorator.py
[2024-07-09T17:06:41.557+0000] {processor.py:830} INFO - Processing file /home/airflow/.local/lib/python3.11/site-packages/airflow/example_dags/example_task_group_decorator.py for tasks to queue
[2024-07-09T17:06:41.558+0000] {logging_mixin.py:188} INFO - [2024-07-09T17:06:41.557+0000] {dagbag.py:540} INFO - Filling up the DagBag from /home/airflow/.local/lib/python3.11/site-packages/airflow/example_dags/example_task_group_decorator.py
[2024-07-09T17:06:41.571+0000] {processor.py:840} INFO - DAG(s) 'example_task_group_decorator' retrieved from /home/airflow/.local/lib/python3.11/site-packages/airflow/example_dags/example_task_group_decorator.py
[2024-07-09T17:06:41.595+0000] {logging_mixin.py:188} INFO - [2024-07-09T17:06:41.595+0000] {dag.py:3047} INFO - Sync 1 DAGs
[2024-07-09T17:06:41.618+0000] {logging_mixin.py:188} INFO - [2024-07-09T17:06:41.618+0000] {dag.py:3834} INFO - Setting next_dagrun for example_task_group_decorator to 2024-07-08 00:00:00+00:00, run_after=2024-07-09 00:00:00+00:00
[2024-07-09T17:06:41.658+0000] {processor.py:183} INFO - Processing /home/airflow/.local/lib/python3.11/site-packages/airflow/example_dags/example_task_group_decorator.py took 0.105 seconds
