[2024-07-09T16:51:02.886+0000] {processor.py:161} INFO - Started process (PID=350) to work on /home/airflow/.local/lib/python3.11/site-packages/airflow/example_dags/example_short_circuit_operator.py
[2024-07-09T16:51:02.888+0000] {processor.py:830} INFO - Processing file /home/airflow/.local/lib/python3.11/site-packages/airflow/example_dags/example_short_circuit_operator.py for tasks to queue
[2024-07-09T16:51:02.889+0000] {logging_mixin.py:188} INFO - [2024-07-09T16:51:02.889+0000] {dagbag.py:540} INFO - Filling up the DagBag from /home/airflow/.local/lib/python3.11/site-packages/airflow/example_dags/example_short_circuit_operator.py
[2024-07-09T16:51:02.900+0000] {processor.py:840} INFO - DAG(s) 'example_short_circuit_operator' retrieved from /home/airflow/.local/lib/python3.11/site-packages/airflow/example_dags/example_short_circuit_operator.py
[2024-07-09T16:51:03.013+0000] {logging_mixin.py:188} INFO - [2024-07-09T16:51:03.013+0000] {override.py:1769} INFO - Created Permission View: can delete on DAG:example_short_circuit_operator
[2024-07-09T16:51:03.025+0000] {logging_mixin.py:188} INFO - [2024-07-09T16:51:03.024+0000] {override.py:1769} INFO - Created Permission View: can edit on DAG:example_short_circuit_operator
[2024-07-09T16:51:03.033+0000] {logging_mixin.py:188} INFO - [2024-07-09T16:51:03.032+0000] {override.py:1769} INFO - Created Permission View: can read on DAG:example_short_circuit_operator
[2024-07-09T16:51:03.033+0000] {logging_mixin.py:188} INFO - [2024-07-09T16:51:03.033+0000] {dag.py:3047} INFO - Sync 1 DAGs
[2024-07-09T16:51:03.046+0000] {logging_mixin.py:188} INFO - [2024-07-09T16:51:03.046+0000] {dag.py:3069} INFO - Creating ORM DAG for example_short_circuit_operator
[2024-07-09T16:51:03.062+0000] {logging_mixin.py:188} INFO - [2024-07-09T16:51:03.061+0000] {dag.py:3834} INFO - Setting next_dagrun for example_short_circuit_operator to 2024-07-08 00:00:00+00:00, run_after=2024-07-09 00:00:00+00:00
[2024-07-09T16:51:03.085+0000] {processor.py:183} INFO - Processing /home/airflow/.local/lib/python3.11/site-packages/airflow/example_dags/example_short_circuit_operator.py took 0.202 seconds
[2024-07-09T16:51:33.138+0000] {processor.py:161} INFO - Started process (PID=609) to work on /home/airflow/.local/lib/python3.11/site-packages/airflow/example_dags/example_short_circuit_operator.py
[2024-07-09T16:51:33.140+0000] {processor.py:830} INFO - Processing file /home/airflow/.local/lib/python3.11/site-packages/airflow/example_dags/example_short_circuit_operator.py for tasks to queue
[2024-07-09T16:51:33.141+0000] {logging_mixin.py:188} INFO - [2024-07-09T16:51:33.141+0000] {dagbag.py:540} INFO - Filling up the DagBag from /home/airflow/.local/lib/python3.11/site-packages/airflow/example_dags/example_short_circuit_operator.py
[2024-07-09T16:51:33.148+0000] {processor.py:840} INFO - DAG(s) 'example_short_circuit_operator' retrieved from /home/airflow/.local/lib/python3.11/site-packages/airflow/example_dags/example_short_circuit_operator.py
[2024-07-09T16:51:33.169+0000] {logging_mixin.py:188} INFO - [2024-07-09T16:51:33.169+0000] {dag.py:3047} INFO - Sync 1 DAGs
[2024-07-09T16:51:33.185+0000] {logging_mixin.py:188} INFO - [2024-07-09T16:51:33.185+0000] {dag.py:3834} INFO - Setting next_dagrun for example_short_circuit_operator to 2024-07-08 00:00:00+00:00, run_after=2024-07-09 00:00:00+00:00
[2024-07-09T16:51:33.199+0000] {processor.py:183} INFO - Processing /home/airflow/.local/lib/python3.11/site-packages/airflow/example_dags/example_short_circuit_operator.py took 0.064 seconds
[2024-07-09T16:52:03.324+0000] {processor.py:161} INFO - Started process (PID=869) to work on /home/airflow/.local/lib/python3.11/site-packages/airflow/example_dags/example_short_circuit_operator.py
[2024-07-09T16:52:03.325+0000] {processor.py:830} INFO - Processing file /home/airflow/.local/lib/python3.11/site-packages/airflow/example_dags/example_short_circuit_operator.py for tasks to queue
[2024-07-09T16:52:03.326+0000] {logging_mixin.py:188} INFO - [2024-07-09T16:52:03.326+0000] {dagbag.py:540} INFO - Filling up the DagBag from /home/airflow/.local/lib/python3.11/site-packages/airflow/example_dags/example_short_circuit_operator.py
[2024-07-09T16:52:03.335+0000] {processor.py:840} INFO - DAG(s) 'example_short_circuit_operator' retrieved from /home/airflow/.local/lib/python3.11/site-packages/airflow/example_dags/example_short_circuit_operator.py
[2024-07-09T16:52:03.358+0000] {logging_mixin.py:188} INFO - [2024-07-09T16:52:03.358+0000] {dag.py:3047} INFO - Sync 1 DAGs
[2024-07-09T16:52:03.381+0000] {logging_mixin.py:188} INFO - [2024-07-09T16:52:03.381+0000] {dag.py:3834} INFO - Setting next_dagrun for example_short_circuit_operator to 2024-07-08 00:00:00+00:00, run_after=2024-07-09 00:00:00+00:00
[2024-07-09T16:52:03.401+0000] {processor.py:183} INFO - Processing /home/airflow/.local/lib/python3.11/site-packages/airflow/example_dags/example_short_circuit_operator.py took 0.080 seconds
[2024-07-09T16:52:33.911+0000] {processor.py:161} INFO - Started process (PID=1136) to work on /home/airflow/.local/lib/python3.11/site-packages/airflow/example_dags/example_short_circuit_operator.py
[2024-07-09T16:52:33.912+0000] {processor.py:830} INFO - Processing file /home/airflow/.local/lib/python3.11/site-packages/airflow/example_dags/example_short_circuit_operator.py for tasks to queue
[2024-07-09T16:52:33.913+0000] {logging_mixin.py:188} INFO - [2024-07-09T16:52:33.913+0000] {dagbag.py:540} INFO - Filling up the DagBag from /home/airflow/.local/lib/python3.11/site-packages/airflow/example_dags/example_short_circuit_operator.py
[2024-07-09T16:52:33.921+0000] {processor.py:840} INFO - DAG(s) 'example_short_circuit_operator' retrieved from /home/airflow/.local/lib/python3.11/site-packages/airflow/example_dags/example_short_circuit_operator.py
[2024-07-09T16:52:33.944+0000] {logging_mixin.py:188} INFO - [2024-07-09T16:52:33.944+0000] {dag.py:3047} INFO - Sync 1 DAGs
[2024-07-09T16:52:33.965+0000] {logging_mixin.py:188} INFO - [2024-07-09T16:52:33.965+0000] {dag.py:3834} INFO - Setting next_dagrun for example_short_circuit_operator to 2024-07-08 00:00:00+00:00, run_after=2024-07-09 00:00:00+00:00
[2024-07-09T16:52:33.983+0000] {processor.py:183} INFO - Processing /home/airflow/.local/lib/python3.11/site-packages/airflow/example_dags/example_short_circuit_operator.py took 0.075 seconds
[2024-07-09T16:53:04.899+0000] {processor.py:161} INFO - Started process (PID=1398) to work on /home/airflow/.local/lib/python3.11/site-packages/airflow/example_dags/example_short_circuit_operator.py
[2024-07-09T16:53:04.901+0000] {processor.py:830} INFO - Processing file /home/airflow/.local/lib/python3.11/site-packages/airflow/example_dags/example_short_circuit_operator.py for tasks to queue
[2024-07-09T16:53:04.901+0000] {logging_mixin.py:188} INFO - [2024-07-09T16:53:04.901+0000] {dagbag.py:540} INFO - Filling up the DagBag from /home/airflow/.local/lib/python3.11/site-packages/airflow/example_dags/example_short_circuit_operator.py
[2024-07-09T16:53:04.909+0000] {processor.py:840} INFO - DAG(s) 'example_short_circuit_operator' retrieved from /home/airflow/.local/lib/python3.11/site-packages/airflow/example_dags/example_short_circuit_operator.py
[2024-07-09T16:53:04.931+0000] {logging_mixin.py:188} INFO - [2024-07-09T16:53:04.931+0000] {dag.py:3047} INFO - Sync 1 DAGs
[2024-07-09T16:53:05.062+0000] {logging_mixin.py:188} INFO - [2024-07-09T16:53:05.062+0000] {dag.py:3834} INFO - Setting next_dagrun for example_short_circuit_operator to 2024-07-08 00:00:00+00:00, run_after=2024-07-09 00:00:00+00:00
[2024-07-09T16:53:05.080+0000] {processor.py:183} INFO - Processing /home/airflow/.local/lib/python3.11/site-packages/airflow/example_dags/example_short_circuit_operator.py took 0.184 seconds
[2024-07-09T16:53:35.919+0000] {processor.py:161} INFO - Started process (PID=1660) to work on /home/airflow/.local/lib/python3.11/site-packages/airflow/example_dags/example_short_circuit_operator.py
[2024-07-09T16:53:35.921+0000] {processor.py:830} INFO - Processing file /home/airflow/.local/lib/python3.11/site-packages/airflow/example_dags/example_short_circuit_operator.py for tasks to queue
[2024-07-09T16:53:35.921+0000] {logging_mixin.py:188} INFO - [2024-07-09T16:53:35.921+0000] {dagbag.py:540} INFO - Filling up the DagBag from /home/airflow/.local/lib/python3.11/site-packages/airflow/example_dags/example_short_circuit_operator.py
[2024-07-09T16:53:35.929+0000] {processor.py:840} INFO - DAG(s) 'example_short_circuit_operator' retrieved from /home/airflow/.local/lib/python3.11/site-packages/airflow/example_dags/example_short_circuit_operator.py
[2024-07-09T16:53:35.953+0000] {logging_mixin.py:188} INFO - [2024-07-09T16:53:35.952+0000] {dag.py:3047} INFO - Sync 1 DAGs
[2024-07-09T16:53:35.972+0000] {logging_mixin.py:188} INFO - [2024-07-09T16:53:35.972+0000] {dag.py:3834} INFO - Setting next_dagrun for example_short_circuit_operator to 2024-07-08 00:00:00+00:00, run_after=2024-07-09 00:00:00+00:00
[2024-07-09T16:53:35.992+0000] {processor.py:183} INFO - Processing /home/airflow/.local/lib/python3.11/site-packages/airflow/example_dags/example_short_circuit_operator.py took 0.077 seconds
[2024-07-09T16:54:06.883+0000] {processor.py:161} INFO - Started process (PID=1922) to work on /home/airflow/.local/lib/python3.11/site-packages/airflow/example_dags/example_short_circuit_operator.py
[2024-07-09T16:54:06.884+0000] {processor.py:830} INFO - Processing file /home/airflow/.local/lib/python3.11/site-packages/airflow/example_dags/example_short_circuit_operator.py for tasks to queue
[2024-07-09T16:54:06.885+0000] {logging_mixin.py:188} INFO - [2024-07-09T16:54:06.884+0000] {dagbag.py:540} INFO - Filling up the DagBag from /home/airflow/.local/lib/python3.11/site-packages/airflow/example_dags/example_short_circuit_operator.py
[2024-07-09T16:54:06.891+0000] {processor.py:840} INFO - DAG(s) 'example_short_circuit_operator' retrieved from /home/airflow/.local/lib/python3.11/site-packages/airflow/example_dags/example_short_circuit_operator.py
[2024-07-09T16:54:06.914+0000] {logging_mixin.py:188} INFO - [2024-07-09T16:54:06.914+0000] {dag.py:3047} INFO - Sync 1 DAGs
[2024-07-09T16:54:06.934+0000] {logging_mixin.py:188} INFO - [2024-07-09T16:54:06.934+0000] {dag.py:3834} INFO - Setting next_dagrun for example_short_circuit_operator to 2024-07-08 00:00:00+00:00, run_after=2024-07-09 00:00:00+00:00
[2024-07-09T16:54:06.971+0000] {processor.py:183} INFO - Processing /home/airflow/.local/lib/python3.11/site-packages/airflow/example_dags/example_short_circuit_operator.py took 0.091 seconds
[2024-07-09T16:54:37.311+0000] {processor.py:161} INFO - Started process (PID=2184) to work on /home/airflow/.local/lib/python3.11/site-packages/airflow/example_dags/example_short_circuit_operator.py
[2024-07-09T16:54:37.312+0000] {processor.py:830} INFO - Processing file /home/airflow/.local/lib/python3.11/site-packages/airflow/example_dags/example_short_circuit_operator.py for tasks to queue
[2024-07-09T16:54:37.313+0000] {logging_mixin.py:188} INFO - [2024-07-09T16:54:37.313+0000] {dagbag.py:540} INFO - Filling up the DagBag from /home/airflow/.local/lib/python3.11/site-packages/airflow/example_dags/example_short_circuit_operator.py
[2024-07-09T16:54:37.323+0000] {processor.py:840} INFO - DAG(s) 'example_short_circuit_operator' retrieved from /home/airflow/.local/lib/python3.11/site-packages/airflow/example_dags/example_short_circuit_operator.py
[2024-07-09T16:54:37.354+0000] {logging_mixin.py:188} INFO - [2024-07-09T16:54:37.353+0000] {dag.py:3047} INFO - Sync 1 DAGs
[2024-07-09T16:54:37.379+0000] {logging_mixin.py:188} INFO - [2024-07-09T16:54:37.378+0000] {dag.py:3834} INFO - Setting next_dagrun for example_short_circuit_operator to 2024-07-08 00:00:00+00:00, run_after=2024-07-09 00:00:00+00:00
[2024-07-09T16:54:37.397+0000] {processor.py:183} INFO - Processing /home/airflow/.local/lib/python3.11/site-packages/airflow/example_dags/example_short_circuit_operator.py took 0.089 seconds
[2024-07-09T16:55:07.701+0000] {processor.py:161} INFO - Started process (PID=2446) to work on /home/airflow/.local/lib/python3.11/site-packages/airflow/example_dags/example_short_circuit_operator.py
[2024-07-09T16:55:07.703+0000] {processor.py:830} INFO - Processing file /home/airflow/.local/lib/python3.11/site-packages/airflow/example_dags/example_short_circuit_operator.py for tasks to queue
[2024-07-09T16:55:07.704+0000] {logging_mixin.py:188} INFO - [2024-07-09T16:55:07.704+0000] {dagbag.py:540} INFO - Filling up the DagBag from /home/airflow/.local/lib/python3.11/site-packages/airflow/example_dags/example_short_circuit_operator.py
[2024-07-09T16:55:07.713+0000] {processor.py:840} INFO - DAG(s) 'example_short_circuit_operator' retrieved from /home/airflow/.local/lib/python3.11/site-packages/airflow/example_dags/example_short_circuit_operator.py
[2024-07-09T16:55:07.734+0000] {logging_mixin.py:188} INFO - [2024-07-09T16:55:07.734+0000] {dag.py:3047} INFO - Sync 1 DAGs
[2024-07-09T16:55:07.752+0000] {logging_mixin.py:188} INFO - [2024-07-09T16:55:07.752+0000] {dag.py:3834} INFO - Setting next_dagrun for example_short_circuit_operator to 2024-07-08 00:00:00+00:00, run_after=2024-07-09 00:00:00+00:00
[2024-07-09T16:55:07.771+0000] {processor.py:183} INFO - Processing /home/airflow/.local/lib/python3.11/site-packages/airflow/example_dags/example_short_circuit_operator.py took 0.074 seconds
[2024-07-09T16:55:38.245+0000] {processor.py:161} INFO - Started process (PID=2708) to work on /home/airflow/.local/lib/python3.11/site-packages/airflow/example_dags/example_short_circuit_operator.py
[2024-07-09T16:55:38.247+0000] {processor.py:830} INFO - Processing file /home/airflow/.local/lib/python3.11/site-packages/airflow/example_dags/example_short_circuit_operator.py for tasks to queue
[2024-07-09T16:55:38.247+0000] {logging_mixin.py:188} INFO - [2024-07-09T16:55:38.247+0000] {dagbag.py:540} INFO - Filling up the DagBag from /home/airflow/.local/lib/python3.11/site-packages/airflow/example_dags/example_short_circuit_operator.py
[2024-07-09T16:55:38.255+0000] {processor.py:840} INFO - DAG(s) 'example_short_circuit_operator' retrieved from /home/airflow/.local/lib/python3.11/site-packages/airflow/example_dags/example_short_circuit_operator.py
[2024-07-09T16:55:38.278+0000] {logging_mixin.py:188} INFO - [2024-07-09T16:55:38.278+0000] {dag.py:3047} INFO - Sync 1 DAGs
[2024-07-09T16:55:38.296+0000] {logging_mixin.py:188} INFO - [2024-07-09T16:55:38.296+0000] {dag.py:3834} INFO - Setting next_dagrun for example_short_circuit_operator to 2024-07-08 00:00:00+00:00, run_after=2024-07-09 00:00:00+00:00
[2024-07-09T16:55:38.313+0000] {processor.py:183} INFO - Processing /home/airflow/.local/lib/python3.11/site-packages/airflow/example_dags/example_short_circuit_operator.py took 0.070 seconds
[2024-07-09T16:56:08.418+0000] {processor.py:161} INFO - Started process (PID=2970) to work on /home/airflow/.local/lib/python3.11/site-packages/airflow/example_dags/example_short_circuit_operator.py
[2024-07-09T16:56:08.419+0000] {processor.py:830} INFO - Processing file /home/airflow/.local/lib/python3.11/site-packages/airflow/example_dags/example_short_circuit_operator.py for tasks to queue
[2024-07-09T16:56:08.419+0000] {logging_mixin.py:188} INFO - [2024-07-09T16:56:08.419+0000] {dagbag.py:540} INFO - Filling up the DagBag from /home/airflow/.local/lib/python3.11/site-packages/airflow/example_dags/example_short_circuit_operator.py
[2024-07-09T16:56:08.427+0000] {processor.py:840} INFO - DAG(s) 'example_short_circuit_operator' retrieved from /home/airflow/.local/lib/python3.11/site-packages/airflow/example_dags/example_short_circuit_operator.py
[2024-07-09T16:56:08.448+0000] {logging_mixin.py:188} INFO - [2024-07-09T16:56:08.448+0000] {dag.py:3047} INFO - Sync 1 DAGs
[2024-07-09T16:56:08.466+0000] {logging_mixin.py:188} INFO - [2024-07-09T16:56:08.466+0000] {dag.py:3834} INFO - Setting next_dagrun for example_short_circuit_operator to 2024-07-08 00:00:00+00:00, run_after=2024-07-09 00:00:00+00:00
[2024-07-09T16:56:08.483+0000] {processor.py:183} INFO - Processing /home/airflow/.local/lib/python3.11/site-packages/airflow/example_dags/example_short_circuit_operator.py took 0.068 seconds
[2024-07-09T16:56:38.909+0000] {processor.py:161} INFO - Started process (PID=3232) to work on /home/airflow/.local/lib/python3.11/site-packages/airflow/example_dags/example_short_circuit_operator.py
[2024-07-09T16:56:38.912+0000] {processor.py:830} INFO - Processing file /home/airflow/.local/lib/python3.11/site-packages/airflow/example_dags/example_short_circuit_operator.py for tasks to queue
[2024-07-09T16:56:38.913+0000] {logging_mixin.py:188} INFO - [2024-07-09T16:56:38.912+0000] {dagbag.py:540} INFO - Filling up the DagBag from /home/airflow/.local/lib/python3.11/site-packages/airflow/example_dags/example_short_circuit_operator.py
[2024-07-09T16:56:38.921+0000] {processor.py:840} INFO - DAG(s) 'example_short_circuit_operator' retrieved from /home/airflow/.local/lib/python3.11/site-packages/airflow/example_dags/example_short_circuit_operator.py
[2024-07-09T16:56:38.944+0000] {logging_mixin.py:188} INFO - [2024-07-09T16:56:38.944+0000] {dag.py:3047} INFO - Sync 1 DAGs
[2024-07-09T16:56:38.964+0000] {logging_mixin.py:188} INFO - [2024-07-09T16:56:38.964+0000] {dag.py:3834} INFO - Setting next_dagrun for example_short_circuit_operator to 2024-07-08 00:00:00+00:00, run_after=2024-07-09 00:00:00+00:00
[2024-07-09T16:56:38.983+0000] {processor.py:183} INFO - Processing /home/airflow/.local/lib/python3.11/site-packages/airflow/example_dags/example_short_circuit_operator.py took 0.081 seconds
[2024-07-09T16:57:09.750+0000] {processor.py:161} INFO - Started process (PID=3494) to work on /home/airflow/.local/lib/python3.11/site-packages/airflow/example_dags/example_short_circuit_operator.py
[2024-07-09T16:57:09.751+0000] {processor.py:830} INFO - Processing file /home/airflow/.local/lib/python3.11/site-packages/airflow/example_dags/example_short_circuit_operator.py for tasks to queue
[2024-07-09T16:57:09.752+0000] {logging_mixin.py:188} INFO - [2024-07-09T16:57:09.752+0000] {dagbag.py:540} INFO - Filling up the DagBag from /home/airflow/.local/lib/python3.11/site-packages/airflow/example_dags/example_short_circuit_operator.py
[2024-07-09T16:57:09.762+0000] {processor.py:840} INFO - DAG(s) 'example_short_circuit_operator' retrieved from /home/airflow/.local/lib/python3.11/site-packages/airflow/example_dags/example_short_circuit_operator.py
[2024-07-09T16:57:09.785+0000] {logging_mixin.py:188} INFO - [2024-07-09T16:57:09.785+0000] {dag.py:3047} INFO - Sync 1 DAGs
[2024-07-09T16:57:09.805+0000] {logging_mixin.py:188} INFO - [2024-07-09T16:57:09.804+0000] {dag.py:3834} INFO - Setting next_dagrun for example_short_circuit_operator to 2024-07-08 00:00:00+00:00, run_after=2024-07-09 00:00:00+00:00
[2024-07-09T16:57:09.822+0000] {processor.py:183} INFO - Processing /home/airflow/.local/lib/python3.11/site-packages/airflow/example_dags/example_short_circuit_operator.py took 0.074 seconds
[2024-07-09T16:57:40.693+0000] {processor.py:161} INFO - Started process (PID=3747) to work on /home/airflow/.local/lib/python3.11/site-packages/airflow/example_dags/example_short_circuit_operator.py
[2024-07-09T16:57:40.694+0000] {processor.py:830} INFO - Processing file /home/airflow/.local/lib/python3.11/site-packages/airflow/example_dags/example_short_circuit_operator.py for tasks to queue
[2024-07-09T16:57:40.695+0000] {logging_mixin.py:188} INFO - [2024-07-09T16:57:40.695+0000] {dagbag.py:540} INFO - Filling up the DagBag from /home/airflow/.local/lib/python3.11/site-packages/airflow/example_dags/example_short_circuit_operator.py
[2024-07-09T16:57:40.703+0000] {processor.py:840} INFO - DAG(s) 'example_short_circuit_operator' retrieved from /home/airflow/.local/lib/python3.11/site-packages/airflow/example_dags/example_short_circuit_operator.py
[2024-07-09T16:57:40.725+0000] {logging_mixin.py:188} INFO - [2024-07-09T16:57:40.724+0000] {dag.py:3047} INFO - Sync 1 DAGs
[2024-07-09T16:57:40.746+0000] {logging_mixin.py:188} INFO - [2024-07-09T16:57:40.745+0000] {dag.py:3834} INFO - Setting next_dagrun for example_short_circuit_operator to 2024-07-08 00:00:00+00:00, run_after=2024-07-09 00:00:00+00:00
[2024-07-09T16:57:40.764+0000] {processor.py:183} INFO - Processing /home/airflow/.local/lib/python3.11/site-packages/airflow/example_dags/example_short_circuit_operator.py took 0.074 seconds
[2024-07-09T16:58:11.128+0000] {processor.py:161} INFO - Started process (PID=4004) to work on /home/airflow/.local/lib/python3.11/site-packages/airflow/example_dags/example_short_circuit_operator.py
[2024-07-09T16:58:11.129+0000] {processor.py:830} INFO - Processing file /home/airflow/.local/lib/python3.11/site-packages/airflow/example_dags/example_short_circuit_operator.py for tasks to queue
[2024-07-09T16:58:11.130+0000] {logging_mixin.py:188} INFO - [2024-07-09T16:58:11.129+0000] {dagbag.py:540} INFO - Filling up the DagBag from /home/airflow/.local/lib/python3.11/site-packages/airflow/example_dags/example_short_circuit_operator.py
[2024-07-09T16:58:11.138+0000] {processor.py:840} INFO - DAG(s) 'example_short_circuit_operator' retrieved from /home/airflow/.local/lib/python3.11/site-packages/airflow/example_dags/example_short_circuit_operator.py
[2024-07-09T16:58:11.160+0000] {logging_mixin.py:188} INFO - [2024-07-09T16:58:11.159+0000] {dag.py:3047} INFO - Sync 1 DAGs
[2024-07-09T16:58:11.180+0000] {logging_mixin.py:188} INFO - [2024-07-09T16:58:11.179+0000] {dag.py:3834} INFO - Setting next_dagrun for example_short_circuit_operator to 2024-07-08 00:00:00+00:00, run_after=2024-07-09 00:00:00+00:00
[2024-07-09T16:58:11.196+0000] {processor.py:183} INFO - Processing /home/airflow/.local/lib/python3.11/site-packages/airflow/example_dags/example_short_circuit_operator.py took 0.072 seconds
[2024-07-09T16:58:41.574+0000] {processor.py:161} INFO - Started process (PID=4266) to work on /home/airflow/.local/lib/python3.11/site-packages/airflow/example_dags/example_short_circuit_operator.py
[2024-07-09T16:58:41.575+0000] {processor.py:830} INFO - Processing file /home/airflow/.local/lib/python3.11/site-packages/airflow/example_dags/example_short_circuit_operator.py for tasks to queue
[2024-07-09T16:58:41.576+0000] {logging_mixin.py:188} INFO - [2024-07-09T16:58:41.576+0000] {dagbag.py:540} INFO - Filling up the DagBag from /home/airflow/.local/lib/python3.11/site-packages/airflow/example_dags/example_short_circuit_operator.py
[2024-07-09T16:58:41.587+0000] {processor.py:840} INFO - DAG(s) 'example_short_circuit_operator' retrieved from /home/airflow/.local/lib/python3.11/site-packages/airflow/example_dags/example_short_circuit_operator.py
[2024-07-09T16:58:41.610+0000] {logging_mixin.py:188} INFO - [2024-07-09T16:58:41.610+0000] {dag.py:3047} INFO - Sync 1 DAGs
[2024-07-09T16:58:41.628+0000] {logging_mixin.py:188} INFO - [2024-07-09T16:58:41.628+0000] {dag.py:3834} INFO - Setting next_dagrun for example_short_circuit_operator to 2024-07-08 00:00:00+00:00, run_after=2024-07-09 00:00:00+00:00
[2024-07-09T16:58:41.646+0000] {processor.py:183} INFO - Processing /home/airflow/.local/lib/python3.11/site-packages/airflow/example_dags/example_short_circuit_operator.py took 0.076 seconds
[2024-07-09T16:59:12.559+0000] {processor.py:161} INFO - Started process (PID=4528) to work on /home/airflow/.local/lib/python3.11/site-packages/airflow/example_dags/example_short_circuit_operator.py
[2024-07-09T16:59:12.561+0000] {processor.py:830} INFO - Processing file /home/airflow/.local/lib/python3.11/site-packages/airflow/example_dags/example_short_circuit_operator.py for tasks to queue
[2024-07-09T16:59:12.562+0000] {logging_mixin.py:188} INFO - [2024-07-09T16:59:12.561+0000] {dagbag.py:540} INFO - Filling up the DagBag from /home/airflow/.local/lib/python3.11/site-packages/airflow/example_dags/example_short_circuit_operator.py
[2024-07-09T16:59:12.570+0000] {processor.py:840} INFO - DAG(s) 'example_short_circuit_operator' retrieved from /home/airflow/.local/lib/python3.11/site-packages/airflow/example_dags/example_short_circuit_operator.py
[2024-07-09T16:59:12.595+0000] {logging_mixin.py:188} INFO - [2024-07-09T16:59:12.595+0000] {dag.py:3047} INFO - Sync 1 DAGs
[2024-07-09T16:59:12.615+0000] {logging_mixin.py:188} INFO - [2024-07-09T16:59:12.615+0000] {dag.py:3834} INFO - Setting next_dagrun for example_short_circuit_operator to 2024-07-08 00:00:00+00:00, run_after=2024-07-09 00:00:00+00:00
[2024-07-09T16:59:12.632+0000] {processor.py:183} INFO - Processing /home/airflow/.local/lib/python3.11/site-packages/airflow/example_dags/example_short_circuit_operator.py took 0.076 seconds
[2024-07-09T16:59:42.843+0000] {processor.py:161} INFO - Started process (PID=4790) to work on /home/airflow/.local/lib/python3.11/site-packages/airflow/example_dags/example_short_circuit_operator.py
[2024-07-09T16:59:42.844+0000] {processor.py:830} INFO - Processing file /home/airflow/.local/lib/python3.11/site-packages/airflow/example_dags/example_short_circuit_operator.py for tasks to queue
[2024-07-09T16:59:42.844+0000] {logging_mixin.py:188} INFO - [2024-07-09T16:59:42.844+0000] {dagbag.py:540} INFO - Filling up the DagBag from /home/airflow/.local/lib/python3.11/site-packages/airflow/example_dags/example_short_circuit_operator.py
[2024-07-09T16:59:42.853+0000] {processor.py:840} INFO - DAG(s) 'example_short_circuit_operator' retrieved from /home/airflow/.local/lib/python3.11/site-packages/airflow/example_dags/example_short_circuit_operator.py
[2024-07-09T16:59:42.886+0000] {logging_mixin.py:188} INFO - [2024-07-09T16:59:42.885+0000] {dag.py:3047} INFO - Sync 1 DAGs
[2024-07-09T16:59:42.909+0000] {logging_mixin.py:188} INFO - [2024-07-09T16:59:42.909+0000] {dag.py:3834} INFO - Setting next_dagrun for example_short_circuit_operator to 2024-07-08 00:00:00+00:00, run_after=2024-07-09 00:00:00+00:00
[2024-07-09T16:59:42.926+0000] {processor.py:183} INFO - Processing /home/airflow/.local/lib/python3.11/site-packages/airflow/example_dags/example_short_circuit_operator.py took 0.086 seconds
[2024-07-09T17:00:13.305+0000] {processor.py:161} INFO - Started process (PID=5052) to work on /home/airflow/.local/lib/python3.11/site-packages/airflow/example_dags/example_short_circuit_operator.py
[2024-07-09T17:00:13.306+0000] {processor.py:830} INFO - Processing file /home/airflow/.local/lib/python3.11/site-packages/airflow/example_dags/example_short_circuit_operator.py for tasks to queue
[2024-07-09T17:00:13.306+0000] {logging_mixin.py:188} INFO - [2024-07-09T17:00:13.306+0000] {dagbag.py:540} INFO - Filling up the DagBag from /home/airflow/.local/lib/python3.11/site-packages/airflow/example_dags/example_short_circuit_operator.py
[2024-07-09T17:00:13.314+0000] {processor.py:840} INFO - DAG(s) 'example_short_circuit_operator' retrieved from /home/airflow/.local/lib/python3.11/site-packages/airflow/example_dags/example_short_circuit_operator.py
[2024-07-09T17:00:13.336+0000] {logging_mixin.py:188} INFO - [2024-07-09T17:00:13.336+0000] {dag.py:3047} INFO - Sync 1 DAGs
[2024-07-09T17:00:13.357+0000] {logging_mixin.py:188} INFO - [2024-07-09T17:00:13.357+0000] {dag.py:3834} INFO - Setting next_dagrun for example_short_circuit_operator to 2024-07-08 00:00:00+00:00, run_after=2024-07-09 00:00:00+00:00
[2024-07-09T17:00:13.374+0000] {processor.py:183} INFO - Processing /home/airflow/.local/lib/python3.11/site-packages/airflow/example_dags/example_short_circuit_operator.py took 0.072 seconds
[2024-07-09T17:00:43.903+0000] {processor.py:161} INFO - Started process (PID=5316) to work on /home/airflow/.local/lib/python3.11/site-packages/airflow/example_dags/example_short_circuit_operator.py
[2024-07-09T17:00:43.904+0000] {processor.py:830} INFO - Processing file /home/airflow/.local/lib/python3.11/site-packages/airflow/example_dags/example_short_circuit_operator.py for tasks to queue
[2024-07-09T17:00:43.905+0000] {logging_mixin.py:188} INFO - [2024-07-09T17:00:43.905+0000] {dagbag.py:540} INFO - Filling up the DagBag from /home/airflow/.local/lib/python3.11/site-packages/airflow/example_dags/example_short_circuit_operator.py
[2024-07-09T17:00:43.914+0000] {processor.py:840} INFO - DAG(s) 'example_short_circuit_operator' retrieved from /home/airflow/.local/lib/python3.11/site-packages/airflow/example_dags/example_short_circuit_operator.py
[2024-07-09T17:00:43.939+0000] {logging_mixin.py:188} INFO - [2024-07-09T17:00:43.939+0000] {dag.py:3047} INFO - Sync 1 DAGs
[2024-07-09T17:00:43.962+0000] {logging_mixin.py:188} INFO - [2024-07-09T17:00:43.961+0000] {dag.py:3834} INFO - Setting next_dagrun for example_short_circuit_operator to 2024-07-08 00:00:00+00:00, run_after=2024-07-09 00:00:00+00:00
[2024-07-09T17:00:43.983+0000] {processor.py:183} INFO - Processing /home/airflow/.local/lib/python3.11/site-packages/airflow/example_dags/example_short_circuit_operator.py took 0.083 seconds
[2024-07-09T17:01:14.117+0000] {processor.py:161} INFO - Started process (PID=5578) to work on /home/airflow/.local/lib/python3.11/site-packages/airflow/example_dags/example_short_circuit_operator.py
[2024-07-09T17:01:14.119+0000] {processor.py:830} INFO - Processing file /home/airflow/.local/lib/python3.11/site-packages/airflow/example_dags/example_short_circuit_operator.py for tasks to queue
[2024-07-09T17:01:14.120+0000] {logging_mixin.py:188} INFO - [2024-07-09T17:01:14.119+0000] {dagbag.py:540} INFO - Filling up the DagBag from /home/airflow/.local/lib/python3.11/site-packages/airflow/example_dags/example_short_circuit_operator.py
[2024-07-09T17:01:14.128+0000] {processor.py:840} INFO - DAG(s) 'example_short_circuit_operator' retrieved from /home/airflow/.local/lib/python3.11/site-packages/airflow/example_dags/example_short_circuit_operator.py
[2024-07-09T17:01:14.149+0000] {logging_mixin.py:188} INFO - [2024-07-09T17:01:14.149+0000] {dag.py:3047} INFO - Sync 1 DAGs
[2024-07-09T17:01:14.168+0000] {logging_mixin.py:188} INFO - [2024-07-09T17:01:14.167+0000] {dag.py:3834} INFO - Setting next_dagrun for example_short_circuit_operator to 2024-07-08 00:00:00+00:00, run_after=2024-07-09 00:00:00+00:00
[2024-07-09T17:01:14.183+0000] {processor.py:183} INFO - Processing /home/airflow/.local/lib/python3.11/site-packages/airflow/example_dags/example_short_circuit_operator.py took 0.068 seconds
[2024-07-09T17:01:44.212+0000] {processor.py:161} INFO - Started process (PID=5838) to work on /home/airflow/.local/lib/python3.11/site-packages/airflow/example_dags/example_short_circuit_operator.py
[2024-07-09T17:01:44.213+0000] {processor.py:830} INFO - Processing file /home/airflow/.local/lib/python3.11/site-packages/airflow/example_dags/example_short_circuit_operator.py for tasks to queue
[2024-07-09T17:01:44.214+0000] {logging_mixin.py:188} INFO - [2024-07-09T17:01:44.214+0000] {dagbag.py:540} INFO - Filling up the DagBag from /home/airflow/.local/lib/python3.11/site-packages/airflow/example_dags/example_short_circuit_operator.py
[2024-07-09T17:01:44.223+0000] {processor.py:840} INFO - DAG(s) 'example_short_circuit_operator' retrieved from /home/airflow/.local/lib/python3.11/site-packages/airflow/example_dags/example_short_circuit_operator.py
[2024-07-09T17:01:44.249+0000] {logging_mixin.py:188} INFO - [2024-07-09T17:01:44.248+0000] {dag.py:3047} INFO - Sync 1 DAGs
[2024-07-09T17:01:44.268+0000] {logging_mixin.py:188} INFO - [2024-07-09T17:01:44.268+0000] {dag.py:3834} INFO - Setting next_dagrun for example_short_circuit_operator to 2024-07-08 00:00:00+00:00, run_after=2024-07-09 00:00:00+00:00
[2024-07-09T17:01:44.283+0000] {processor.py:183} INFO - Processing /home/airflow/.local/lib/python3.11/site-packages/airflow/example_dags/example_short_circuit_operator.py took 0.074 seconds
[2024-07-09T17:02:15.218+0000] {processor.py:161} INFO - Started process (PID=6100) to work on /home/airflow/.local/lib/python3.11/site-packages/airflow/example_dags/example_short_circuit_operator.py
[2024-07-09T17:02:15.220+0000] {processor.py:830} INFO - Processing file /home/airflow/.local/lib/python3.11/site-packages/airflow/example_dags/example_short_circuit_operator.py for tasks to queue
[2024-07-09T17:02:15.221+0000] {logging_mixin.py:188} INFO - [2024-07-09T17:02:15.220+0000] {dagbag.py:540} INFO - Filling up the DagBag from /home/airflow/.local/lib/python3.11/site-packages/airflow/example_dags/example_short_circuit_operator.py
[2024-07-09T17:02:15.233+0000] {processor.py:840} INFO - DAG(s) 'example_short_circuit_operator' retrieved from /home/airflow/.local/lib/python3.11/site-packages/airflow/example_dags/example_short_circuit_operator.py
[2024-07-09T17:02:15.261+0000] {logging_mixin.py:188} INFO - [2024-07-09T17:02:15.261+0000] {dag.py:3047} INFO - Sync 1 DAGs
[2024-07-09T17:02:15.281+0000] {logging_mixin.py:188} INFO - [2024-07-09T17:02:15.281+0000] {dag.py:3834} INFO - Setting next_dagrun for example_short_circuit_operator to 2024-07-08 00:00:00+00:00, run_after=2024-07-09 00:00:00+00:00
[2024-07-09T17:02:15.296+0000] {processor.py:183} INFO - Processing /home/airflow/.local/lib/python3.11/site-packages/airflow/example_dags/example_short_circuit_operator.py took 0.083 seconds
[2024-07-09T17:02:45.984+0000] {processor.py:161} INFO - Started process (PID=6362) to work on /home/airflow/.local/lib/python3.11/site-packages/airflow/example_dags/example_short_circuit_operator.py
[2024-07-09T17:02:45.985+0000] {processor.py:830} INFO - Processing file /home/airflow/.local/lib/python3.11/site-packages/airflow/example_dags/example_short_circuit_operator.py for tasks to queue
[2024-07-09T17:02:45.986+0000] {logging_mixin.py:188} INFO - [2024-07-09T17:02:45.986+0000] {dagbag.py:540} INFO - Filling up the DagBag from /home/airflow/.local/lib/python3.11/site-packages/airflow/example_dags/example_short_circuit_operator.py
[2024-07-09T17:02:45.994+0000] {processor.py:840} INFO - DAG(s) 'example_short_circuit_operator' retrieved from /home/airflow/.local/lib/python3.11/site-packages/airflow/example_dags/example_short_circuit_operator.py
[2024-07-09T17:02:46.021+0000] {logging_mixin.py:188} INFO - [2024-07-09T17:02:46.020+0000] {dag.py:3047} INFO - Sync 1 DAGs
[2024-07-09T17:02:46.041+0000] {logging_mixin.py:188} INFO - [2024-07-09T17:02:46.041+0000] {dag.py:3834} INFO - Setting next_dagrun for example_short_circuit_operator to 2024-07-08 00:00:00+00:00, run_after=2024-07-09 00:00:00+00:00
[2024-07-09T17:02:46.058+0000] {processor.py:183} INFO - Processing /home/airflow/.local/lib/python3.11/site-packages/airflow/example_dags/example_short_circuit_operator.py took 0.078 seconds
[2024-07-09T17:03:16.436+0000] {processor.py:161} INFO - Started process (PID=6624) to work on /home/airflow/.local/lib/python3.11/site-packages/airflow/example_dags/example_short_circuit_operator.py
[2024-07-09T17:03:16.437+0000] {processor.py:830} INFO - Processing file /home/airflow/.local/lib/python3.11/site-packages/airflow/example_dags/example_short_circuit_operator.py for tasks to queue
[2024-07-09T17:03:16.438+0000] {logging_mixin.py:188} INFO - [2024-07-09T17:03:16.437+0000] {dagbag.py:540} INFO - Filling up the DagBag from /home/airflow/.local/lib/python3.11/site-packages/airflow/example_dags/example_short_circuit_operator.py
[2024-07-09T17:03:16.445+0000] {processor.py:840} INFO - DAG(s) 'example_short_circuit_operator' retrieved from /home/airflow/.local/lib/python3.11/site-packages/airflow/example_dags/example_short_circuit_operator.py
[2024-07-09T17:03:16.470+0000] {logging_mixin.py:188} INFO - [2024-07-09T17:03:16.470+0000] {dag.py:3047} INFO - Sync 1 DAGs
[2024-07-09T17:03:16.488+0000] {logging_mixin.py:188} INFO - [2024-07-09T17:03:16.488+0000] {dag.py:3834} INFO - Setting next_dagrun for example_short_circuit_operator to 2024-07-08 00:00:00+00:00, run_after=2024-07-09 00:00:00+00:00
[2024-07-09T17:03:16.507+0000] {processor.py:183} INFO - Processing /home/airflow/.local/lib/python3.11/site-packages/airflow/example_dags/example_short_circuit_operator.py took 0.074 seconds
[2024-07-09T17:03:47.059+0000] {processor.py:161} INFO - Started process (PID=6886) to work on /home/airflow/.local/lib/python3.11/site-packages/airflow/example_dags/example_short_circuit_operator.py
[2024-07-09T17:03:47.060+0000] {processor.py:830} INFO - Processing file /home/airflow/.local/lib/python3.11/site-packages/airflow/example_dags/example_short_circuit_operator.py for tasks to queue
[2024-07-09T17:03:47.060+0000] {logging_mixin.py:188} INFO - [2024-07-09T17:03:47.060+0000] {dagbag.py:540} INFO - Filling up the DagBag from /home/airflow/.local/lib/python3.11/site-packages/airflow/example_dags/example_short_circuit_operator.py
[2024-07-09T17:03:47.068+0000] {processor.py:840} INFO - DAG(s) 'example_short_circuit_operator' retrieved from /home/airflow/.local/lib/python3.11/site-packages/airflow/example_dags/example_short_circuit_operator.py
[2024-07-09T17:03:47.089+0000] {logging_mixin.py:188} INFO - [2024-07-09T17:03:47.089+0000] {dag.py:3047} INFO - Sync 1 DAGs
[2024-07-09T17:03:47.113+0000] {logging_mixin.py:188} INFO - [2024-07-09T17:03:47.113+0000] {dag.py:3834} INFO - Setting next_dagrun for example_short_circuit_operator to 2024-07-08 00:00:00+00:00, run_after=2024-07-09 00:00:00+00:00
[2024-07-09T17:03:47.135+0000] {processor.py:183} INFO - Processing /home/airflow/.local/lib/python3.11/site-packages/airflow/example_dags/example_short_circuit_operator.py took 0.079 seconds
[2024-07-09T17:04:17.967+0000] {processor.py:161} INFO - Started process (PID=7148) to work on /home/airflow/.local/lib/python3.11/site-packages/airflow/example_dags/example_short_circuit_operator.py
[2024-07-09T17:04:17.968+0000] {processor.py:830} INFO - Processing file /home/airflow/.local/lib/python3.11/site-packages/airflow/example_dags/example_short_circuit_operator.py for tasks to queue
[2024-07-09T17:04:17.969+0000] {logging_mixin.py:188} INFO - [2024-07-09T17:04:17.968+0000] {dagbag.py:540} INFO - Filling up the DagBag from /home/airflow/.local/lib/python3.11/site-packages/airflow/example_dags/example_short_circuit_operator.py
[2024-07-09T17:04:17.976+0000] {processor.py:840} INFO - DAG(s) 'example_short_circuit_operator' retrieved from /home/airflow/.local/lib/python3.11/site-packages/airflow/example_dags/example_short_circuit_operator.py
[2024-07-09T17:04:17.999+0000] {logging_mixin.py:188} INFO - [2024-07-09T17:04:17.999+0000] {dag.py:3047} INFO - Sync 1 DAGs
[2024-07-09T17:04:18.019+0000] {logging_mixin.py:188} INFO - [2024-07-09T17:04:18.019+0000] {dag.py:3834} INFO - Setting next_dagrun for example_short_circuit_operator to 2024-07-08 00:00:00+00:00, run_after=2024-07-09 00:00:00+00:00
[2024-07-09T17:04:18.036+0000] {processor.py:183} INFO - Processing /home/airflow/.local/lib/python3.11/site-packages/airflow/example_dags/example_short_circuit_operator.py took 0.073 seconds
[2024-07-09T17:04:48.895+0000] {processor.py:161} INFO - Started process (PID=7444) to work on /home/airflow/.local/lib/python3.11/site-packages/airflow/example_dags/example_short_circuit_operator.py
[2024-07-09T17:04:48.896+0000] {processor.py:830} INFO - Processing file /home/airflow/.local/lib/python3.11/site-packages/airflow/example_dags/example_short_circuit_operator.py for tasks to queue
[2024-07-09T17:04:48.897+0000] {logging_mixin.py:188} INFO - [2024-07-09T17:04:48.897+0000] {dagbag.py:540} INFO - Filling up the DagBag from /home/airflow/.local/lib/python3.11/site-packages/airflow/example_dags/example_short_circuit_operator.py
[2024-07-09T17:04:48.906+0000] {processor.py:840} INFO - DAG(s) 'example_short_circuit_operator' retrieved from /home/airflow/.local/lib/python3.11/site-packages/airflow/example_dags/example_short_circuit_operator.py
[2024-07-09T17:04:48.932+0000] {logging_mixin.py:188} INFO - [2024-07-09T17:04:48.931+0000] {dag.py:3047} INFO - Sync 1 DAGs
[2024-07-09T17:04:48.951+0000] {logging_mixin.py:188} INFO - [2024-07-09T17:04:48.951+0000] {dag.py:3834} INFO - Setting next_dagrun for example_short_circuit_operator to 2024-07-08 00:00:00+00:00, run_after=2024-07-09 00:00:00+00:00
[2024-07-09T17:04:48.968+0000] {processor.py:183} INFO - Processing /home/airflow/.local/lib/python3.11/site-packages/airflow/example_dags/example_short_circuit_operator.py took 0.076 seconds
[2024-07-09T17:05:19.658+0000] {processor.py:161} INFO - Started process (PID=7706) to work on /home/airflow/.local/lib/python3.11/site-packages/airflow/example_dags/example_short_circuit_operator.py
[2024-07-09T17:05:19.660+0000] {processor.py:830} INFO - Processing file /home/airflow/.local/lib/python3.11/site-packages/airflow/example_dags/example_short_circuit_operator.py for tasks to queue
[2024-07-09T17:05:19.661+0000] {logging_mixin.py:188} INFO - [2024-07-09T17:05:19.661+0000] {dagbag.py:540} INFO - Filling up the DagBag from /home/airflow/.local/lib/python3.11/site-packages/airflow/example_dags/example_short_circuit_operator.py
[2024-07-09T17:05:19.668+0000] {processor.py:840} INFO - DAG(s) 'example_short_circuit_operator' retrieved from /home/airflow/.local/lib/python3.11/site-packages/airflow/example_dags/example_short_circuit_operator.py
[2024-07-09T17:05:19.691+0000] {logging_mixin.py:188} INFO - [2024-07-09T17:05:19.691+0000] {dag.py:3047} INFO - Sync 1 DAGs
[2024-07-09T17:05:19.709+0000] {logging_mixin.py:188} INFO - [2024-07-09T17:05:19.709+0000] {dag.py:3834} INFO - Setting next_dagrun for example_short_circuit_operator to 2024-07-08 00:00:00+00:00, run_after=2024-07-09 00:00:00+00:00
[2024-07-09T17:05:19.726+0000] {processor.py:183} INFO - Processing /home/airflow/.local/lib/python3.11/site-packages/airflow/example_dags/example_short_circuit_operator.py took 0.071 seconds
[2024-07-09T17:05:50.339+0000] {processor.py:161} INFO - Started process (PID=7968) to work on /home/airflow/.local/lib/python3.11/site-packages/airflow/example_dags/example_short_circuit_operator.py
[2024-07-09T17:05:50.340+0000] {processor.py:830} INFO - Processing file /home/airflow/.local/lib/python3.11/site-packages/airflow/example_dags/example_short_circuit_operator.py for tasks to queue
[2024-07-09T17:05:50.341+0000] {logging_mixin.py:188} INFO - [2024-07-09T17:05:50.341+0000] {dagbag.py:540} INFO - Filling up the DagBag from /home/airflow/.local/lib/python3.11/site-packages/airflow/example_dags/example_short_circuit_operator.py
[2024-07-09T17:05:50.350+0000] {processor.py:840} INFO - DAG(s) 'example_short_circuit_operator' retrieved from /home/airflow/.local/lib/python3.11/site-packages/airflow/example_dags/example_short_circuit_operator.py
[2024-07-09T17:05:50.375+0000] {logging_mixin.py:188} INFO - [2024-07-09T17:05:50.374+0000] {dag.py:3047} INFO - Sync 1 DAGs
[2024-07-09T17:05:50.396+0000] {logging_mixin.py:188} INFO - [2024-07-09T17:05:50.395+0000] {dag.py:3834} INFO - Setting next_dagrun for example_short_circuit_operator to 2024-07-08 00:00:00+00:00, run_after=2024-07-09 00:00:00+00:00
[2024-07-09T17:05:50.412+0000] {processor.py:183} INFO - Processing /home/airflow/.local/lib/python3.11/site-packages/airflow/example_dags/example_short_circuit_operator.py took 0.076 seconds
[2024-07-09T17:06:20.659+0000] {processor.py:161} INFO - Started process (PID=8230) to work on /home/airflow/.local/lib/python3.11/site-packages/airflow/example_dags/example_short_circuit_operator.py
[2024-07-09T17:06:20.660+0000] {processor.py:830} INFO - Processing file /home/airflow/.local/lib/python3.11/site-packages/airflow/example_dags/example_short_circuit_operator.py for tasks to queue
[2024-07-09T17:06:20.661+0000] {logging_mixin.py:188} INFO - [2024-07-09T17:06:20.661+0000] {dagbag.py:540} INFO - Filling up the DagBag from /home/airflow/.local/lib/python3.11/site-packages/airflow/example_dags/example_short_circuit_operator.py
[2024-07-09T17:06:20.670+0000] {processor.py:840} INFO - DAG(s) 'example_short_circuit_operator' retrieved from /home/airflow/.local/lib/python3.11/site-packages/airflow/example_dags/example_short_circuit_operator.py
[2024-07-09T17:06:20.694+0000] {logging_mixin.py:188} INFO - [2024-07-09T17:06:20.693+0000] {dag.py:3047} INFO - Sync 1 DAGs
[2024-07-09T17:06:20.716+0000] {logging_mixin.py:188} INFO - [2024-07-09T17:06:20.716+0000] {dag.py:3834} INFO - Setting next_dagrun for example_short_circuit_operator to 2024-07-08 00:00:00+00:00, run_after=2024-07-09 00:00:00+00:00
[2024-07-09T17:06:20.737+0000] {processor.py:183} INFO - Processing /home/airflow/.local/lib/python3.11/site-packages/airflow/example_dags/example_short_circuit_operator.py took 0.082 seconds
[2024-07-09T17:06:51.707+0000] {processor.py:161} INFO - Started process (PID=8492) to work on /home/airflow/.local/lib/python3.11/site-packages/airflow/example_dags/example_short_circuit_operator.py
[2024-07-09T17:06:51.708+0000] {processor.py:830} INFO - Processing file /home/airflow/.local/lib/python3.11/site-packages/airflow/example_dags/example_short_circuit_operator.py for tasks to queue
[2024-07-09T17:06:51.710+0000] {logging_mixin.py:188} INFO - [2024-07-09T17:06:51.709+0000] {dagbag.py:540} INFO - Filling up the DagBag from /home/airflow/.local/lib/python3.11/site-packages/airflow/example_dags/example_short_circuit_operator.py
[2024-07-09T17:06:51.765+0000] {processor.py:840} INFO - DAG(s) 'example_short_circuit_operator' retrieved from /home/airflow/.local/lib/python3.11/site-packages/airflow/example_dags/example_short_circuit_operator.py
[2024-07-09T17:06:51.847+0000] {logging_mixin.py:188} INFO - [2024-07-09T17:06:51.846+0000] {dag.py:3047} INFO - Sync 1 DAGs
[2024-07-09T17:06:51.918+0000] {logging_mixin.py:188} INFO - [2024-07-09T17:06:51.918+0000] {dag.py:3834} INFO - Setting next_dagrun for example_short_circuit_operator to 2024-07-08 00:00:00+00:00, run_after=2024-07-09 00:00:00+00:00
[2024-07-09T17:06:51.974+0000] {processor.py:183} INFO - Processing /home/airflow/.local/lib/python3.11/site-packages/airflow/example_dags/example_short_circuit_operator.py took 0.272 seconds
