[2024-07-09T16:51:03.395+0000] {processor.py:161} INFO - Started process (PID=370) to work on /home/airflow/.local/lib/python3.11/site-packages/airflow/example_dags/example_branch_python_dop_operator_3.py
[2024-07-09T16:51:03.396+0000] {processor.py:830} INFO - Processing file /home/airflow/.local/lib/python3.11/site-packages/airflow/example_dags/example_branch_python_dop_operator_3.py for tasks to queue
[2024-07-09T16:51:03.397+0000] {logging_mixin.py:188} INFO - [2024-07-09T16:51:03.397+0000] {dagbag.py:540} INFO - Filling up the DagBag from /home/airflow/.local/lib/python3.11/site-packages/airflow/example_dags/example_branch_python_dop_operator_3.py
[2024-07-09T16:51:03.407+0000] {processor.py:840} INFO - DAG(s) 'example_branch_dop_operator_v3' retrieved from /home/airflow/.local/lib/python3.11/site-packages/airflow/example_dags/example_branch_python_dop_operator_3.py
[2024-07-09T16:51:03.531+0000] {logging_mixin.py:188} INFO - [2024-07-09T16:51:03.530+0000] {override.py:1769} INFO - Created Permission View: can delete on DAG:example_branch_dop_operator_v3
[2024-07-09T16:51:03.543+0000] {logging_mixin.py:188} INFO - [2024-07-09T16:51:03.542+0000] {override.py:1769} INFO - Created Permission View: can edit on DAG:example_branch_dop_operator_v3
[2024-07-09T16:51:03.550+0000] {logging_mixin.py:188} INFO - [2024-07-09T16:51:03.549+0000] {override.py:1769} INFO - Created Permission View: can read on DAG:example_branch_dop_operator_v3
[2024-07-09T16:51:03.550+0000] {logging_mixin.py:188} INFO - [2024-07-09T16:51:03.550+0000] {dag.py:3047} INFO - Sync 1 DAGs
[2024-07-09T16:51:03.563+0000] {logging_mixin.py:188} INFO - [2024-07-09T16:51:03.563+0000] {dag.py:3069} INFO - Creating ORM DAG for example_branch_dop_operator_v3
[2024-07-09T16:51:03.583+0000] {logging_mixin.py:188} INFO - [2024-07-09T16:51:03.582+0000] {dag.py:3834} INFO - Setting next_dagrun for example_branch_dop_operator_v3 to 2024-07-09 16:50:00+00:00, run_after=2024-07-09 16:51:00+00:00
[2024-07-09T16:51:03.603+0000] {processor.py:183} INFO - Processing /home/airflow/.local/lib/python3.11/site-packages/airflow/example_dags/example_branch_python_dop_operator_3.py took 0.211 seconds
[2024-07-09T16:51:34.463+0000] {processor.py:161} INFO - Started process (PID=634) to work on /home/airflow/.local/lib/python3.11/site-packages/airflow/example_dags/example_branch_python_dop_operator_3.py
[2024-07-09T16:51:34.464+0000] {processor.py:830} INFO - Processing file /home/airflow/.local/lib/python3.11/site-packages/airflow/example_dags/example_branch_python_dop_operator_3.py for tasks to queue
[2024-07-09T16:51:34.465+0000] {logging_mixin.py:188} INFO - [2024-07-09T16:51:34.465+0000] {dagbag.py:540} INFO - Filling up the DagBag from /home/airflow/.local/lib/python3.11/site-packages/airflow/example_dags/example_branch_python_dop_operator_3.py
[2024-07-09T16:51:34.475+0000] {processor.py:840} INFO - DAG(s) 'example_branch_dop_operator_v3' retrieved from /home/airflow/.local/lib/python3.11/site-packages/airflow/example_dags/example_branch_python_dop_operator_3.py
[2024-07-09T16:51:34.503+0000] {logging_mixin.py:188} INFO - [2024-07-09T16:51:34.502+0000] {dag.py:3047} INFO - Sync 1 DAGs
[2024-07-09T16:51:34.528+0000] {logging_mixin.py:188} INFO - [2024-07-09T16:51:34.528+0000] {dag.py:3834} INFO - Setting next_dagrun for example_branch_dop_operator_v3 to 2024-07-09 16:50:00+00:00, run_after=2024-07-09 16:51:00+00:00
[2024-07-09T16:51:34.548+0000] {processor.py:183} INFO - Processing /home/airflow/.local/lib/python3.11/site-packages/airflow/example_dags/example_branch_python_dop_operator_3.py took 0.087 seconds
[2024-07-09T16:52:04.681+0000] {processor.py:161} INFO - Started process (PID=896) to work on /home/airflow/.local/lib/python3.11/site-packages/airflow/example_dags/example_branch_python_dop_operator_3.py
[2024-07-09T16:52:04.682+0000] {processor.py:830} INFO - Processing file /home/airflow/.local/lib/python3.11/site-packages/airflow/example_dags/example_branch_python_dop_operator_3.py for tasks to queue
[2024-07-09T16:52:04.683+0000] {logging_mixin.py:188} INFO - [2024-07-09T16:52:04.683+0000] {dagbag.py:540} INFO - Filling up the DagBag from /home/airflow/.local/lib/python3.11/site-packages/airflow/example_dags/example_branch_python_dop_operator_3.py
[2024-07-09T16:52:04.691+0000] {processor.py:840} INFO - DAG(s) 'example_branch_dop_operator_v3' retrieved from /home/airflow/.local/lib/python3.11/site-packages/airflow/example_dags/example_branch_python_dop_operator_3.py
[2024-07-09T16:52:04.714+0000] {logging_mixin.py:188} INFO - [2024-07-09T16:52:04.713+0000] {dag.py:3047} INFO - Sync 1 DAGs
[2024-07-09T16:52:04.737+0000] {logging_mixin.py:188} INFO - [2024-07-09T16:52:04.737+0000] {dag.py:3834} INFO - Setting next_dagrun for example_branch_dop_operator_v3 to 2024-07-09 16:51:00+00:00, run_after=2024-07-09 16:52:00+00:00
[2024-07-09T16:52:04.755+0000] {processor.py:183} INFO - Processing /home/airflow/.local/lib/python3.11/site-packages/airflow/example_dags/example_branch_python_dop_operator_3.py took 0.077 seconds
[2024-07-09T16:52:35.130+0000] {processor.py:161} INFO - Started process (PID=1156) to work on /home/airflow/.local/lib/python3.11/site-packages/airflow/example_dags/example_branch_python_dop_operator_3.py
[2024-07-09T16:52:35.131+0000] {processor.py:830} INFO - Processing file /home/airflow/.local/lib/python3.11/site-packages/airflow/example_dags/example_branch_python_dop_operator_3.py for tasks to queue
[2024-07-09T16:52:35.132+0000] {logging_mixin.py:188} INFO - [2024-07-09T16:52:35.132+0000] {dagbag.py:540} INFO - Filling up the DagBag from /home/airflow/.local/lib/python3.11/site-packages/airflow/example_dags/example_branch_python_dop_operator_3.py
[2024-07-09T16:52:35.142+0000] {processor.py:840} INFO - DAG(s) 'example_branch_dop_operator_v3' retrieved from /home/airflow/.local/lib/python3.11/site-packages/airflow/example_dags/example_branch_python_dop_operator_3.py
[2024-07-09T16:52:35.165+0000] {logging_mixin.py:188} INFO - [2024-07-09T16:52:35.165+0000] {dag.py:3047} INFO - Sync 1 DAGs
[2024-07-09T16:52:35.187+0000] {logging_mixin.py:188} INFO - [2024-07-09T16:52:35.187+0000] {dag.py:3834} INFO - Setting next_dagrun for example_branch_dop_operator_v3 to 2024-07-09 16:51:00+00:00, run_after=2024-07-09 16:52:00+00:00
[2024-07-09T16:52:35.206+0000] {processor.py:183} INFO - Processing /home/airflow/.local/lib/python3.11/site-packages/airflow/example_dags/example_branch_python_dop_operator_3.py took 0.080 seconds
[2024-07-09T16:53:05.665+0000] {processor.py:161} INFO - Started process (PID=1420) to work on /home/airflow/.local/lib/python3.11/site-packages/airflow/example_dags/example_branch_python_dop_operator_3.py
[2024-07-09T16:53:05.666+0000] {processor.py:830} INFO - Processing file /home/airflow/.local/lib/python3.11/site-packages/airflow/example_dags/example_branch_python_dop_operator_3.py for tasks to queue
[2024-07-09T16:53:05.667+0000] {logging_mixin.py:188} INFO - [2024-07-09T16:53:05.667+0000] {dagbag.py:540} INFO - Filling up the DagBag from /home/airflow/.local/lib/python3.11/site-packages/airflow/example_dags/example_branch_python_dop_operator_3.py
[2024-07-09T16:53:05.676+0000] {processor.py:840} INFO - DAG(s) 'example_branch_dop_operator_v3' retrieved from /home/airflow/.local/lib/python3.11/site-packages/airflow/example_dags/example_branch_python_dop_operator_3.py
[2024-07-09T16:53:05.837+0000] {logging_mixin.py:188} INFO - [2024-07-09T16:53:05.837+0000] {dag.py:3047} INFO - Sync 1 DAGs
[2024-07-09T16:53:05.871+0000] {logging_mixin.py:188} INFO - [2024-07-09T16:53:05.871+0000] {dag.py:3834} INFO - Setting next_dagrun for example_branch_dop_operator_v3 to 2024-07-09 16:52:00+00:00, run_after=2024-07-09 16:53:00+00:00
[2024-07-09T16:53:05.896+0000] {processor.py:183} INFO - Processing /home/airflow/.local/lib/python3.11/site-packages/airflow/example_dags/example_branch_python_dop_operator_3.py took 0.235 seconds
[2024-07-09T16:53:36.128+0000] {processor.py:161} INFO - Started process (PID=1680) to work on /home/airflow/.local/lib/python3.11/site-packages/airflow/example_dags/example_branch_python_dop_operator_3.py
[2024-07-09T16:53:36.130+0000] {processor.py:830} INFO - Processing file /home/airflow/.local/lib/python3.11/site-packages/airflow/example_dags/example_branch_python_dop_operator_3.py for tasks to queue
[2024-07-09T16:53:36.131+0000] {logging_mixin.py:188} INFO - [2024-07-09T16:53:36.130+0000] {dagbag.py:540} INFO - Filling up the DagBag from /home/airflow/.local/lib/python3.11/site-packages/airflow/example_dags/example_branch_python_dop_operator_3.py
[2024-07-09T16:53:36.139+0000] {processor.py:840} INFO - DAG(s) 'example_branch_dop_operator_v3' retrieved from /home/airflow/.local/lib/python3.11/site-packages/airflow/example_dags/example_branch_python_dop_operator_3.py
[2024-07-09T16:53:36.160+0000] {logging_mixin.py:188} INFO - [2024-07-09T16:53:36.159+0000] {dag.py:3047} INFO - Sync 1 DAGs
[2024-07-09T16:53:36.183+0000] {logging_mixin.py:188} INFO - [2024-07-09T16:53:36.183+0000] {dag.py:3834} INFO - Setting next_dagrun for example_branch_dop_operator_v3 to 2024-07-09 16:52:00+00:00, run_after=2024-07-09 16:53:00+00:00
[2024-07-09T16:53:36.202+0000] {processor.py:183} INFO - Processing /home/airflow/.local/lib/python3.11/site-packages/airflow/example_dags/example_branch_python_dop_operator_3.py took 0.076 seconds
[2024-07-09T16:54:07.110+0000] {processor.py:161} INFO - Started process (PID=1942) to work on /home/airflow/.local/lib/python3.11/site-packages/airflow/example_dags/example_branch_python_dop_operator_3.py
[2024-07-09T16:54:07.111+0000] {processor.py:830} INFO - Processing file /home/airflow/.local/lib/python3.11/site-packages/airflow/example_dags/example_branch_python_dop_operator_3.py for tasks to queue
[2024-07-09T16:54:07.112+0000] {logging_mixin.py:188} INFO - [2024-07-09T16:54:07.112+0000] {dagbag.py:540} INFO - Filling up the DagBag from /home/airflow/.local/lib/python3.11/site-packages/airflow/example_dags/example_branch_python_dop_operator_3.py
[2024-07-09T16:54:07.120+0000] {processor.py:840} INFO - DAG(s) 'example_branch_dop_operator_v3' retrieved from /home/airflow/.local/lib/python3.11/site-packages/airflow/example_dags/example_branch_python_dop_operator_3.py
[2024-07-09T16:54:07.139+0000] {logging_mixin.py:188} INFO - [2024-07-09T16:54:07.139+0000] {dag.py:3047} INFO - Sync 1 DAGs
[2024-07-09T16:54:07.158+0000] {logging_mixin.py:188} INFO - [2024-07-09T16:54:07.158+0000] {dag.py:3834} INFO - Setting next_dagrun for example_branch_dop_operator_v3 to 2024-07-09 16:53:00+00:00, run_after=2024-07-09 16:54:00+00:00
[2024-07-09T16:54:07.341+0000] {processor.py:183} INFO - Processing /home/airflow/.local/lib/python3.11/site-packages/airflow/example_dags/example_branch_python_dop_operator_3.py took 0.235 seconds
[2024-07-09T16:54:37.529+0000] {processor.py:161} INFO - Started process (PID=2204) to work on /home/airflow/.local/lib/python3.11/site-packages/airflow/example_dags/example_branch_python_dop_operator_3.py
[2024-07-09T16:54:37.530+0000] {processor.py:830} INFO - Processing file /home/airflow/.local/lib/python3.11/site-packages/airflow/example_dags/example_branch_python_dop_operator_3.py for tasks to queue
[2024-07-09T16:54:37.531+0000] {logging_mixin.py:188} INFO - [2024-07-09T16:54:37.531+0000] {dagbag.py:540} INFO - Filling up the DagBag from /home/airflow/.local/lib/python3.11/site-packages/airflow/example_dags/example_branch_python_dop_operator_3.py
[2024-07-09T16:54:37.540+0000] {processor.py:840} INFO - DAG(s) 'example_branch_dop_operator_v3' retrieved from /home/airflow/.local/lib/python3.11/site-packages/airflow/example_dags/example_branch_python_dop_operator_3.py
[2024-07-09T16:54:37.563+0000] {logging_mixin.py:188} INFO - [2024-07-09T16:54:37.563+0000] {dag.py:3047} INFO - Sync 1 DAGs
[2024-07-09T16:54:37.590+0000] {logging_mixin.py:188} INFO - [2024-07-09T16:54:37.590+0000] {dag.py:3834} INFO - Setting next_dagrun for example_branch_dop_operator_v3 to 2024-07-09 16:53:00+00:00, run_after=2024-07-09 16:54:00+00:00
[2024-07-09T16:54:37.613+0000] {processor.py:183} INFO - Processing /home/airflow/.local/lib/python3.11/site-packages/airflow/example_dags/example_branch_python_dop_operator_3.py took 0.086 seconds
[2024-07-09T16:55:07.926+0000] {processor.py:161} INFO - Started process (PID=2466) to work on /home/airflow/.local/lib/python3.11/site-packages/airflow/example_dags/example_branch_python_dop_operator_3.py
[2024-07-09T16:55:07.927+0000] {processor.py:830} INFO - Processing file /home/airflow/.local/lib/python3.11/site-packages/airflow/example_dags/example_branch_python_dop_operator_3.py for tasks to queue
[2024-07-09T16:55:07.928+0000] {logging_mixin.py:188} INFO - [2024-07-09T16:55:07.928+0000] {dagbag.py:540} INFO - Filling up the DagBag from /home/airflow/.local/lib/python3.11/site-packages/airflow/example_dags/example_branch_python_dop_operator_3.py
[2024-07-09T16:55:07.936+0000] {processor.py:840} INFO - DAG(s) 'example_branch_dop_operator_v3' retrieved from /home/airflow/.local/lib/python3.11/site-packages/airflow/example_dags/example_branch_python_dop_operator_3.py
[2024-07-09T16:55:07.959+0000] {logging_mixin.py:188} INFO - [2024-07-09T16:55:07.959+0000] {dag.py:3047} INFO - Sync 1 DAGs
[2024-07-09T16:55:07.985+0000] {logging_mixin.py:188} INFO - [2024-07-09T16:55:07.985+0000] {dag.py:3834} INFO - Setting next_dagrun for example_branch_dop_operator_v3 to 2024-07-09 16:54:00+00:00, run_after=2024-07-09 16:55:00+00:00
[2024-07-09T16:55:08.003+0000] {processor.py:183} INFO - Processing /home/airflow/.local/lib/python3.11/site-packages/airflow/example_dags/example_branch_python_dop_operator_3.py took 0.080 seconds
[2024-07-09T16:55:38.435+0000] {processor.py:161} INFO - Started process (PID=2728) to work on /home/airflow/.local/lib/python3.11/site-packages/airflow/example_dags/example_branch_python_dop_operator_3.py
[2024-07-09T16:55:38.436+0000] {processor.py:830} INFO - Processing file /home/airflow/.local/lib/python3.11/site-packages/airflow/example_dags/example_branch_python_dop_operator_3.py for tasks to queue
[2024-07-09T16:55:38.437+0000] {logging_mixin.py:188} INFO - [2024-07-09T16:55:38.437+0000] {dagbag.py:540} INFO - Filling up the DagBag from /home/airflow/.local/lib/python3.11/site-packages/airflow/example_dags/example_branch_python_dop_operator_3.py
[2024-07-09T16:55:38.444+0000] {processor.py:840} INFO - DAG(s) 'example_branch_dop_operator_v3' retrieved from /home/airflow/.local/lib/python3.11/site-packages/airflow/example_dags/example_branch_python_dop_operator_3.py
[2024-07-09T16:55:38.469+0000] {logging_mixin.py:188} INFO - [2024-07-09T16:55:38.469+0000] {dag.py:3047} INFO - Sync 1 DAGs
[2024-07-09T16:55:38.493+0000] {logging_mixin.py:188} INFO - [2024-07-09T16:55:38.493+0000] {dag.py:3834} INFO - Setting next_dagrun for example_branch_dop_operator_v3 to 2024-07-09 16:54:00+00:00, run_after=2024-07-09 16:55:00+00:00
[2024-07-09T16:55:38.510+0000] {processor.py:183} INFO - Processing /home/airflow/.local/lib/python3.11/site-packages/airflow/example_dags/example_branch_python_dop_operator_3.py took 0.078 seconds
[2024-07-09T16:56:08.614+0000] {processor.py:161} INFO - Started process (PID=2990) to work on /home/airflow/.local/lib/python3.11/site-packages/airflow/example_dags/example_branch_python_dop_operator_3.py
[2024-07-09T16:56:08.616+0000] {processor.py:830} INFO - Processing file /home/airflow/.local/lib/python3.11/site-packages/airflow/example_dags/example_branch_python_dop_operator_3.py for tasks to queue
[2024-07-09T16:56:08.616+0000] {logging_mixin.py:188} INFO - [2024-07-09T16:56:08.616+0000] {dagbag.py:540} INFO - Filling up the DagBag from /home/airflow/.local/lib/python3.11/site-packages/airflow/example_dags/example_branch_python_dop_operator_3.py
[2024-07-09T16:56:08.624+0000] {processor.py:840} INFO - DAG(s) 'example_branch_dop_operator_v3' retrieved from /home/airflow/.local/lib/python3.11/site-packages/airflow/example_dags/example_branch_python_dop_operator_3.py
[2024-07-09T16:56:08.645+0000] {logging_mixin.py:188} INFO - [2024-07-09T16:56:08.645+0000] {dag.py:3047} INFO - Sync 1 DAGs
[2024-07-09T16:56:08.667+0000] {logging_mixin.py:188} INFO - [2024-07-09T16:56:08.667+0000] {dag.py:3834} INFO - Setting next_dagrun for example_branch_dop_operator_v3 to 2024-07-09 16:55:00+00:00, run_after=2024-07-09 16:56:00+00:00
[2024-07-09T16:56:08.684+0000] {processor.py:183} INFO - Processing /home/airflow/.local/lib/python3.11/site-packages/airflow/example_dags/example_branch_python_dop_operator_3.py took 0.073 seconds
[2024-07-09T16:56:39.126+0000] {processor.py:161} INFO - Started process (PID=3252) to work on /home/airflow/.local/lib/python3.11/site-packages/airflow/example_dags/example_branch_python_dop_operator_3.py
[2024-07-09T16:56:39.127+0000] {processor.py:830} INFO - Processing file /home/airflow/.local/lib/python3.11/site-packages/airflow/example_dags/example_branch_python_dop_operator_3.py for tasks to queue
[2024-07-09T16:56:39.128+0000] {logging_mixin.py:188} INFO - [2024-07-09T16:56:39.127+0000] {dagbag.py:540} INFO - Filling up the DagBag from /home/airflow/.local/lib/python3.11/site-packages/airflow/example_dags/example_branch_python_dop_operator_3.py
[2024-07-09T16:56:39.136+0000] {processor.py:840} INFO - DAG(s) 'example_branch_dop_operator_v3' retrieved from /home/airflow/.local/lib/python3.11/site-packages/airflow/example_dags/example_branch_python_dop_operator_3.py
[2024-07-09T16:56:39.155+0000] {logging_mixin.py:188} INFO - [2024-07-09T16:56:39.155+0000] {dag.py:3047} INFO - Sync 1 DAGs
[2024-07-09T16:56:39.179+0000] {logging_mixin.py:188} INFO - [2024-07-09T16:56:39.179+0000] {dag.py:3834} INFO - Setting next_dagrun for example_branch_dop_operator_v3 to 2024-07-09 16:55:00+00:00, run_after=2024-07-09 16:56:00+00:00
[2024-07-09T16:56:39.199+0000] {processor.py:183} INFO - Processing /home/airflow/.local/lib/python3.11/site-packages/airflow/example_dags/example_branch_python_dop_operator_3.py took 0.076 seconds
[2024-07-09T16:57:10.063+0000] {processor.py:161} INFO - Started process (PID=3514) to work on /home/airflow/.local/lib/python3.11/site-packages/airflow/example_dags/example_branch_python_dop_operator_3.py
[2024-07-09T16:57:10.064+0000] {processor.py:830} INFO - Processing file /home/airflow/.local/lib/python3.11/site-packages/airflow/example_dags/example_branch_python_dop_operator_3.py for tasks to queue
[2024-07-09T16:57:10.065+0000] {logging_mixin.py:188} INFO - [2024-07-09T16:57:10.065+0000] {dagbag.py:540} INFO - Filling up the DagBag from /home/airflow/.local/lib/python3.11/site-packages/airflow/example_dags/example_branch_python_dop_operator_3.py
[2024-07-09T16:57:10.077+0000] {processor.py:840} INFO - DAG(s) 'example_branch_dop_operator_v3' retrieved from /home/airflow/.local/lib/python3.11/site-packages/airflow/example_dags/example_branch_python_dop_operator_3.py
[2024-07-09T16:57:10.107+0000] {logging_mixin.py:188} INFO - [2024-07-09T16:57:10.107+0000] {dag.py:3047} INFO - Sync 1 DAGs
[2024-07-09T16:57:10.137+0000] {logging_mixin.py:188} INFO - [2024-07-09T16:57:10.137+0000] {dag.py:3834} INFO - Setting next_dagrun for example_branch_dop_operator_v3 to 2024-07-09 16:56:00+00:00, run_after=2024-07-09 16:57:00+00:00
[2024-07-09T16:57:10.154+0000] {processor.py:183} INFO - Processing /home/airflow/.local/lib/python3.11/site-packages/airflow/example_dags/example_branch_python_dop_operator_3.py took 0.095 seconds
[2024-07-09T16:57:41.230+0000] {processor.py:161} INFO - Started process (PID=3776) to work on /home/airflow/.local/lib/python3.11/site-packages/airflow/example_dags/example_branch_python_dop_operator_3.py
[2024-07-09T16:57:41.231+0000] {processor.py:830} INFO - Processing file /home/airflow/.local/lib/python3.11/site-packages/airflow/example_dags/example_branch_python_dop_operator_3.py for tasks to queue
[2024-07-09T16:57:41.232+0000] {logging_mixin.py:188} INFO - [2024-07-09T16:57:41.231+0000] {dagbag.py:540} INFO - Filling up the DagBag from /home/airflow/.local/lib/python3.11/site-packages/airflow/example_dags/example_branch_python_dop_operator_3.py
[2024-07-09T16:57:41.240+0000] {processor.py:840} INFO - DAG(s) 'example_branch_dop_operator_v3' retrieved from /home/airflow/.local/lib/python3.11/site-packages/airflow/example_dags/example_branch_python_dop_operator_3.py
[2024-07-09T16:57:41.262+0000] {logging_mixin.py:188} INFO - [2024-07-09T16:57:41.262+0000] {dag.py:3047} INFO - Sync 1 DAGs
[2024-07-09T16:57:41.288+0000] {logging_mixin.py:188} INFO - [2024-07-09T16:57:41.288+0000] {dag.py:3834} INFO - Setting next_dagrun for example_branch_dop_operator_v3 to 2024-07-09 16:56:00+00:00, run_after=2024-07-09 16:57:00+00:00
[2024-07-09T16:57:41.305+0000] {processor.py:183} INFO - Processing /home/airflow/.local/lib/python3.11/site-packages/airflow/example_dags/example_branch_python_dop_operator_3.py took 0.078 seconds
[2024-07-09T16:58:11.452+0000] {processor.py:161} INFO - Started process (PID=4029) to work on /home/airflow/.local/lib/python3.11/site-packages/airflow/example_dags/example_branch_python_dop_operator_3.py
[2024-07-09T16:58:11.453+0000] {processor.py:830} INFO - Processing file /home/airflow/.local/lib/python3.11/site-packages/airflow/example_dags/example_branch_python_dop_operator_3.py for tasks to queue
[2024-07-09T16:58:11.455+0000] {logging_mixin.py:188} INFO - [2024-07-09T16:58:11.454+0000] {dagbag.py:540} INFO - Filling up the DagBag from /home/airflow/.local/lib/python3.11/site-packages/airflow/example_dags/example_branch_python_dop_operator_3.py
[2024-07-09T16:58:11.467+0000] {processor.py:840} INFO - DAG(s) 'example_branch_dop_operator_v3' retrieved from /home/airflow/.local/lib/python3.11/site-packages/airflow/example_dags/example_branch_python_dop_operator_3.py
[2024-07-09T16:58:11.491+0000] {logging_mixin.py:188} INFO - [2024-07-09T16:58:11.491+0000] {dag.py:3047} INFO - Sync 1 DAGs
[2024-07-09T16:58:11.518+0000] {logging_mixin.py:188} INFO - [2024-07-09T16:58:11.518+0000] {dag.py:3834} INFO - Setting next_dagrun for example_branch_dop_operator_v3 to 2024-07-09 16:57:00+00:00, run_after=2024-07-09 16:58:00+00:00
[2024-07-09T16:58:11.535+0000] {processor.py:183} INFO - Processing /home/airflow/.local/lib/python3.11/site-packages/airflow/example_dags/example_branch_python_dop_operator_3.py took 0.089 seconds
[2024-07-09T16:58:41.766+0000] {processor.py:161} INFO - Started process (PID=4286) to work on /home/airflow/.local/lib/python3.11/site-packages/airflow/example_dags/example_branch_python_dop_operator_3.py
[2024-07-09T16:58:41.767+0000] {processor.py:830} INFO - Processing file /home/airflow/.local/lib/python3.11/site-packages/airflow/example_dags/example_branch_python_dop_operator_3.py for tasks to queue
[2024-07-09T16:58:41.769+0000] {logging_mixin.py:188} INFO - [2024-07-09T16:58:41.768+0000] {dagbag.py:540} INFO - Filling up the DagBag from /home/airflow/.local/lib/python3.11/site-packages/airflow/example_dags/example_branch_python_dop_operator_3.py
[2024-07-09T16:58:41.782+0000] {processor.py:840} INFO - DAG(s) 'example_branch_dop_operator_v3' retrieved from /home/airflow/.local/lib/python3.11/site-packages/airflow/example_dags/example_branch_python_dop_operator_3.py
[2024-07-09T16:58:41.812+0000] {logging_mixin.py:188} INFO - [2024-07-09T16:58:41.811+0000] {dag.py:3047} INFO - Sync 1 DAGs
[2024-07-09T16:58:41.839+0000] {logging_mixin.py:188} INFO - [2024-07-09T16:58:41.839+0000] {dag.py:3834} INFO - Setting next_dagrun for example_branch_dop_operator_v3 to 2024-07-09 16:57:00+00:00, run_after=2024-07-09 16:58:00+00:00
[2024-07-09T16:58:41.856+0000] {processor.py:183} INFO - Processing /home/airflow/.local/lib/python3.11/site-packages/airflow/example_dags/example_branch_python_dop_operator_3.py took 0.092 seconds
[2024-07-09T16:59:12.770+0000] {processor.py:161} INFO - Started process (PID=4548) to work on /home/airflow/.local/lib/python3.11/site-packages/airflow/example_dags/example_branch_python_dop_operator_3.py
[2024-07-09T16:59:12.771+0000] {processor.py:830} INFO - Processing file /home/airflow/.local/lib/python3.11/site-packages/airflow/example_dags/example_branch_python_dop_operator_3.py for tasks to queue
[2024-07-09T16:59:12.772+0000] {logging_mixin.py:188} INFO - [2024-07-09T16:59:12.772+0000] {dagbag.py:540} INFO - Filling up the DagBag from /home/airflow/.local/lib/python3.11/site-packages/airflow/example_dags/example_branch_python_dop_operator_3.py
[2024-07-09T16:59:12.779+0000] {processor.py:840} INFO - DAG(s) 'example_branch_dop_operator_v3' retrieved from /home/airflow/.local/lib/python3.11/site-packages/airflow/example_dags/example_branch_python_dop_operator_3.py
[2024-07-09T16:59:12.800+0000] {logging_mixin.py:188} INFO - [2024-07-09T16:59:12.800+0000] {dag.py:3047} INFO - Sync 1 DAGs
[2024-07-09T16:59:12.824+0000] {logging_mixin.py:188} INFO - [2024-07-09T16:59:12.823+0000] {dag.py:3834} INFO - Setting next_dagrun for example_branch_dop_operator_v3 to 2024-07-09 16:58:00+00:00, run_after=2024-07-09 16:59:00+00:00
[2024-07-09T16:59:12.843+0000] {processor.py:183} INFO - Processing /home/airflow/.local/lib/python3.11/site-packages/airflow/example_dags/example_branch_python_dop_operator_3.py took 0.076 seconds
[2024-07-09T16:59:43.059+0000] {processor.py:161} INFO - Started process (PID=4810) to work on /home/airflow/.local/lib/python3.11/site-packages/airflow/example_dags/example_branch_python_dop_operator_3.py
[2024-07-09T16:59:43.060+0000] {processor.py:830} INFO - Processing file /home/airflow/.local/lib/python3.11/site-packages/airflow/example_dags/example_branch_python_dop_operator_3.py for tasks to queue
[2024-07-09T16:59:43.061+0000] {logging_mixin.py:188} INFO - [2024-07-09T16:59:43.061+0000] {dagbag.py:540} INFO - Filling up the DagBag from /home/airflow/.local/lib/python3.11/site-packages/airflow/example_dags/example_branch_python_dop_operator_3.py
[2024-07-09T16:59:43.071+0000] {processor.py:840} INFO - DAG(s) 'example_branch_dop_operator_v3' retrieved from /home/airflow/.local/lib/python3.11/site-packages/airflow/example_dags/example_branch_python_dop_operator_3.py
[2024-07-09T16:59:43.097+0000] {logging_mixin.py:188} INFO - [2024-07-09T16:59:43.096+0000] {dag.py:3047} INFO - Sync 1 DAGs
[2024-07-09T16:59:43.133+0000] {logging_mixin.py:188} INFO - [2024-07-09T16:59:43.133+0000] {dag.py:3834} INFO - Setting next_dagrun for example_branch_dop_operator_v3 to 2024-07-09 16:58:00+00:00, run_after=2024-07-09 16:59:00+00:00
[2024-07-09T16:59:43.153+0000] {processor.py:183} INFO - Processing /home/airflow/.local/lib/python3.11/site-packages/airflow/example_dags/example_branch_python_dop_operator_3.py took 0.098 seconds
[2024-07-09T17:00:13.595+0000] {processor.py:161} INFO - Started process (PID=5072) to work on /home/airflow/.local/lib/python3.11/site-packages/airflow/example_dags/example_branch_python_dop_operator_3.py
[2024-07-09T17:00:13.596+0000] {processor.py:830} INFO - Processing file /home/airflow/.local/lib/python3.11/site-packages/airflow/example_dags/example_branch_python_dop_operator_3.py for tasks to queue
[2024-07-09T17:00:13.597+0000] {logging_mixin.py:188} INFO - [2024-07-09T17:00:13.597+0000] {dagbag.py:540} INFO - Filling up the DagBag from /home/airflow/.local/lib/python3.11/site-packages/airflow/example_dags/example_branch_python_dop_operator_3.py
[2024-07-09T17:00:13.606+0000] {processor.py:840} INFO - DAG(s) 'example_branch_dop_operator_v3' retrieved from /home/airflow/.local/lib/python3.11/site-packages/airflow/example_dags/example_branch_python_dop_operator_3.py
[2024-07-09T17:00:13.627+0000] {logging_mixin.py:188} INFO - [2024-07-09T17:00:13.627+0000] {dag.py:3047} INFO - Sync 1 DAGs
[2024-07-09T17:00:13.652+0000] {logging_mixin.py:188} INFO - [2024-07-09T17:00:13.652+0000] {dag.py:3834} INFO - Setting next_dagrun for example_branch_dop_operator_v3 to 2024-07-09 16:59:00+00:00, run_after=2024-07-09 17:00:00+00:00
[2024-07-09T17:00:13.672+0000] {processor.py:183} INFO - Processing /home/airflow/.local/lib/python3.11/site-packages/airflow/example_dags/example_branch_python_dop_operator_3.py took 0.079 seconds
[2024-07-09T17:00:44.127+0000] {processor.py:161} INFO - Started process (PID=5334) to work on /home/airflow/.local/lib/python3.11/site-packages/airflow/example_dags/example_branch_python_dop_operator_3.py
[2024-07-09T17:00:44.128+0000] {processor.py:830} INFO - Processing file /home/airflow/.local/lib/python3.11/site-packages/airflow/example_dags/example_branch_python_dop_operator_3.py for tasks to queue
[2024-07-09T17:00:44.129+0000] {logging_mixin.py:188} INFO - [2024-07-09T17:00:44.129+0000] {dagbag.py:540} INFO - Filling up the DagBag from /home/airflow/.local/lib/python3.11/site-packages/airflow/example_dags/example_branch_python_dop_operator_3.py
[2024-07-09T17:00:44.137+0000] {processor.py:840} INFO - DAG(s) 'example_branch_dop_operator_v3' retrieved from /home/airflow/.local/lib/python3.11/site-packages/airflow/example_dags/example_branch_python_dop_operator_3.py
[2024-07-09T17:00:44.161+0000] {logging_mixin.py:188} INFO - [2024-07-09T17:00:44.161+0000] {dag.py:3047} INFO - Sync 1 DAGs
[2024-07-09T17:00:44.184+0000] {logging_mixin.py:188} INFO - [2024-07-09T17:00:44.184+0000] {dag.py:3834} INFO - Setting next_dagrun for example_branch_dop_operator_v3 to 2024-07-09 16:59:00+00:00, run_after=2024-07-09 17:00:00+00:00
[2024-07-09T17:00:44.200+0000] {processor.py:183} INFO - Processing /home/airflow/.local/lib/python3.11/site-packages/airflow/example_dags/example_branch_python_dop_operator_3.py took 0.076 seconds
[2024-07-09T17:01:14.448+0000] {processor.py:161} INFO - Started process (PID=5598) to work on /home/airflow/.local/lib/python3.11/site-packages/airflow/example_dags/example_branch_python_dop_operator_3.py
[2024-07-09T17:01:14.449+0000] {processor.py:830} INFO - Processing file /home/airflow/.local/lib/python3.11/site-packages/airflow/example_dags/example_branch_python_dop_operator_3.py for tasks to queue
[2024-07-09T17:01:14.450+0000] {logging_mixin.py:188} INFO - [2024-07-09T17:01:14.450+0000] {dagbag.py:540} INFO - Filling up the DagBag from /home/airflow/.local/lib/python3.11/site-packages/airflow/example_dags/example_branch_python_dop_operator_3.py
[2024-07-09T17:01:14.457+0000] {processor.py:840} INFO - DAG(s) 'example_branch_dop_operator_v3' retrieved from /home/airflow/.local/lib/python3.11/site-packages/airflow/example_dags/example_branch_python_dop_operator_3.py
[2024-07-09T17:01:14.478+0000] {logging_mixin.py:188} INFO - [2024-07-09T17:01:14.478+0000] {dag.py:3047} INFO - Sync 1 DAGs
[2024-07-09T17:01:14.495+0000] {logging_mixin.py:188} INFO - [2024-07-09T17:01:14.495+0000] {dag.py:3834} INFO - Setting next_dagrun for example_branch_dop_operator_v3 to 2024-07-09 17:00:00+00:00, run_after=2024-07-09 17:01:00+00:00
[2024-07-09T17:01:14.511+0000] {processor.py:183} INFO - Processing /home/airflow/.local/lib/python3.11/site-packages/airflow/example_dags/example_branch_python_dop_operator_3.py took 0.065 seconds
[2024-07-09T17:01:44.644+0000] {processor.py:161} INFO - Started process (PID=5860) to work on /home/airflow/.local/lib/python3.11/site-packages/airflow/example_dags/example_branch_python_dop_operator_3.py
[2024-07-09T17:01:44.645+0000] {processor.py:830} INFO - Processing file /home/airflow/.local/lib/python3.11/site-packages/airflow/example_dags/example_branch_python_dop_operator_3.py for tasks to queue
[2024-07-09T17:01:44.646+0000] {logging_mixin.py:188} INFO - [2024-07-09T17:01:44.645+0000] {dagbag.py:540} INFO - Filling up the DagBag from /home/airflow/.local/lib/python3.11/site-packages/airflow/example_dags/example_branch_python_dop_operator_3.py
[2024-07-09T17:01:44.652+0000] {processor.py:840} INFO - DAG(s) 'example_branch_dop_operator_v3' retrieved from /home/airflow/.local/lib/python3.11/site-packages/airflow/example_dags/example_branch_python_dop_operator_3.py
[2024-07-09T17:01:44.672+0000] {logging_mixin.py:188} INFO - [2024-07-09T17:01:44.672+0000] {dag.py:3047} INFO - Sync 1 DAGs
[2024-07-09T17:01:44.698+0000] {logging_mixin.py:188} INFO - [2024-07-09T17:01:44.698+0000] {dag.py:3834} INFO - Setting next_dagrun for example_branch_dop_operator_v3 to 2024-07-09 17:00:00+00:00, run_after=2024-07-09 17:01:00+00:00
[2024-07-09T17:01:44.719+0000] {processor.py:183} INFO - Processing /home/airflow/.local/lib/python3.11/site-packages/airflow/example_dags/example_branch_python_dop_operator_3.py took 0.078 seconds
[2024-07-09T17:02:15.518+0000] {processor.py:161} INFO - Started process (PID=6120) to work on /home/airflow/.local/lib/python3.11/site-packages/airflow/example_dags/example_branch_python_dop_operator_3.py
[2024-07-09T17:02:15.519+0000] {processor.py:830} INFO - Processing file /home/airflow/.local/lib/python3.11/site-packages/airflow/example_dags/example_branch_python_dop_operator_3.py for tasks to queue
[2024-07-09T17:02:15.520+0000] {logging_mixin.py:188} INFO - [2024-07-09T17:02:15.520+0000] {dagbag.py:540} INFO - Filling up the DagBag from /home/airflow/.local/lib/python3.11/site-packages/airflow/example_dags/example_branch_python_dop_operator_3.py
[2024-07-09T17:02:15.529+0000] {processor.py:840} INFO - DAG(s) 'example_branch_dop_operator_v3' retrieved from /home/airflow/.local/lib/python3.11/site-packages/airflow/example_dags/example_branch_python_dop_operator_3.py
[2024-07-09T17:02:15.551+0000] {logging_mixin.py:188} INFO - [2024-07-09T17:02:15.550+0000] {dag.py:3047} INFO - Sync 1 DAGs
[2024-07-09T17:02:15.570+0000] {logging_mixin.py:188} INFO - [2024-07-09T17:02:15.570+0000] {dag.py:3834} INFO - Setting next_dagrun for example_branch_dop_operator_v3 to 2024-07-09 17:01:00+00:00, run_after=2024-07-09 17:02:00+00:00
[2024-07-09T17:02:15.584+0000] {processor.py:183} INFO - Processing /home/airflow/.local/lib/python3.11/site-packages/airflow/example_dags/example_branch_python_dop_operator_3.py took 0.070 seconds
[2024-07-09T17:02:46.195+0000] {processor.py:161} INFO - Started process (PID=6382) to work on /home/airflow/.local/lib/python3.11/site-packages/airflow/example_dags/example_branch_python_dop_operator_3.py
[2024-07-09T17:02:46.196+0000] {processor.py:830} INFO - Processing file /home/airflow/.local/lib/python3.11/site-packages/airflow/example_dags/example_branch_python_dop_operator_3.py for tasks to queue
[2024-07-09T17:02:46.197+0000] {logging_mixin.py:188} INFO - [2024-07-09T17:02:46.197+0000] {dagbag.py:540} INFO - Filling up the DagBag from /home/airflow/.local/lib/python3.11/site-packages/airflow/example_dags/example_branch_python_dop_operator_3.py
[2024-07-09T17:02:46.206+0000] {processor.py:840} INFO - DAG(s) 'example_branch_dop_operator_v3' retrieved from /home/airflow/.local/lib/python3.11/site-packages/airflow/example_dags/example_branch_python_dop_operator_3.py
[2024-07-09T17:02:46.230+0000] {logging_mixin.py:188} INFO - [2024-07-09T17:02:46.229+0000] {dag.py:3047} INFO - Sync 1 DAGs
[2024-07-09T17:02:46.256+0000] {logging_mixin.py:188} INFO - [2024-07-09T17:02:46.256+0000] {dag.py:3834} INFO - Setting next_dagrun for example_branch_dop_operator_v3 to 2024-07-09 17:01:00+00:00, run_after=2024-07-09 17:02:00+00:00
[2024-07-09T17:02:46.271+0000] {processor.py:183} INFO - Processing /home/airflow/.local/lib/python3.11/site-packages/airflow/example_dags/example_branch_python_dop_operator_3.py took 0.080 seconds
[2024-07-09T17:03:16.628+0000] {processor.py:161} INFO - Started process (PID=6644) to work on /home/airflow/.local/lib/python3.11/site-packages/airflow/example_dags/example_branch_python_dop_operator_3.py
[2024-07-09T17:03:16.629+0000] {processor.py:830} INFO - Processing file /home/airflow/.local/lib/python3.11/site-packages/airflow/example_dags/example_branch_python_dop_operator_3.py for tasks to queue
[2024-07-09T17:03:16.630+0000] {logging_mixin.py:188} INFO - [2024-07-09T17:03:16.630+0000] {dagbag.py:540} INFO - Filling up the DagBag from /home/airflow/.local/lib/python3.11/site-packages/airflow/example_dags/example_branch_python_dop_operator_3.py
[2024-07-09T17:03:16.640+0000] {processor.py:840} INFO - DAG(s) 'example_branch_dop_operator_v3' retrieved from /home/airflow/.local/lib/python3.11/site-packages/airflow/example_dags/example_branch_python_dop_operator_3.py
[2024-07-09T17:03:16.661+0000] {logging_mixin.py:188} INFO - [2024-07-09T17:03:16.660+0000] {dag.py:3047} INFO - Sync 1 DAGs
[2024-07-09T17:03:16.682+0000] {logging_mixin.py:188} INFO - [2024-07-09T17:03:16.682+0000] {dag.py:3834} INFO - Setting next_dagrun for example_branch_dop_operator_v3 to 2024-07-09 17:02:00+00:00, run_after=2024-07-09 17:03:00+00:00
[2024-07-09T17:03:16.698+0000] {processor.py:183} INFO - Processing /home/airflow/.local/lib/python3.11/site-packages/airflow/example_dags/example_branch_python_dop_operator_3.py took 0.073 seconds
[2024-07-09T17:03:47.329+0000] {processor.py:161} INFO - Started process (PID=6906) to work on /home/airflow/.local/lib/python3.11/site-packages/airflow/example_dags/example_branch_python_dop_operator_3.py
[2024-07-09T17:03:47.330+0000] {processor.py:830} INFO - Processing file /home/airflow/.local/lib/python3.11/site-packages/airflow/example_dags/example_branch_python_dop_operator_3.py for tasks to queue
[2024-07-09T17:03:47.331+0000] {logging_mixin.py:188} INFO - [2024-07-09T17:03:47.331+0000] {dagbag.py:540} INFO - Filling up the DagBag from /home/airflow/.local/lib/python3.11/site-packages/airflow/example_dags/example_branch_python_dop_operator_3.py
[2024-07-09T17:03:47.338+0000] {processor.py:840} INFO - DAG(s) 'example_branch_dop_operator_v3' retrieved from /home/airflow/.local/lib/python3.11/site-packages/airflow/example_dags/example_branch_python_dop_operator_3.py
[2024-07-09T17:03:47.365+0000] {logging_mixin.py:188} INFO - [2024-07-09T17:03:47.365+0000] {dag.py:3047} INFO - Sync 1 DAGs
[2024-07-09T17:03:47.386+0000] {logging_mixin.py:188} INFO - [2024-07-09T17:03:47.386+0000] {dag.py:3834} INFO - Setting next_dagrun for example_branch_dop_operator_v3 to 2024-07-09 17:02:00+00:00, run_after=2024-07-09 17:03:00+00:00
[2024-07-09T17:03:47.401+0000] {processor.py:183} INFO - Processing /home/airflow/.local/lib/python3.11/site-packages/airflow/example_dags/example_branch_python_dop_operator_3.py took 0.074 seconds
[2024-07-09T17:04:18.176+0000] {processor.py:161} INFO - Started process (PID=7168) to work on /home/airflow/.local/lib/python3.11/site-packages/airflow/example_dags/example_branch_python_dop_operator_3.py
[2024-07-09T17:04:18.177+0000] {processor.py:830} INFO - Processing file /home/airflow/.local/lib/python3.11/site-packages/airflow/example_dags/example_branch_python_dop_operator_3.py for tasks to queue
[2024-07-09T17:04:18.178+0000] {logging_mixin.py:188} INFO - [2024-07-09T17:04:18.178+0000] {dagbag.py:540} INFO - Filling up the DagBag from /home/airflow/.local/lib/python3.11/site-packages/airflow/example_dags/example_branch_python_dop_operator_3.py
[2024-07-09T17:04:18.185+0000] {processor.py:840} INFO - DAG(s) 'example_branch_dop_operator_v3' retrieved from /home/airflow/.local/lib/python3.11/site-packages/airflow/example_dags/example_branch_python_dop_operator_3.py
[2024-07-09T17:04:18.206+0000] {logging_mixin.py:188} INFO - [2024-07-09T17:04:18.205+0000] {dag.py:3047} INFO - Sync 1 DAGs
[2024-07-09T17:04:18.229+0000] {logging_mixin.py:188} INFO - [2024-07-09T17:04:18.228+0000] {dag.py:3834} INFO - Setting next_dagrun for example_branch_dop_operator_v3 to 2024-07-09 17:03:00+00:00, run_after=2024-07-09 17:04:00+00:00
[2024-07-09T17:04:18.244+0000] {processor.py:183} INFO - Processing /home/airflow/.local/lib/python3.11/site-packages/airflow/example_dags/example_branch_python_dop_operator_3.py took 0.071 seconds
[2024-07-09T17:04:49.094+0000] {processor.py:161} INFO - Started process (PID=7464) to work on /home/airflow/.local/lib/python3.11/site-packages/airflow/example_dags/example_branch_python_dop_operator_3.py
[2024-07-09T17:04:49.095+0000] {processor.py:830} INFO - Processing file /home/airflow/.local/lib/python3.11/site-packages/airflow/example_dags/example_branch_python_dop_operator_3.py for tasks to queue
[2024-07-09T17:04:49.096+0000] {logging_mixin.py:188} INFO - [2024-07-09T17:04:49.095+0000] {dagbag.py:540} INFO - Filling up the DagBag from /home/airflow/.local/lib/python3.11/site-packages/airflow/example_dags/example_branch_python_dop_operator_3.py
[2024-07-09T17:04:49.105+0000] {processor.py:840} INFO - DAG(s) 'example_branch_dop_operator_v3' retrieved from /home/airflow/.local/lib/python3.11/site-packages/airflow/example_dags/example_branch_python_dop_operator_3.py
[2024-07-09T17:04:49.135+0000] {logging_mixin.py:188} INFO - [2024-07-09T17:04:49.134+0000] {dag.py:3047} INFO - Sync 1 DAGs
[2024-07-09T17:04:49.159+0000] {logging_mixin.py:188} INFO - [2024-07-09T17:04:49.159+0000] {dag.py:3834} INFO - Setting next_dagrun for example_branch_dop_operator_v3 to 2024-07-09 17:03:00+00:00, run_after=2024-07-09 17:04:00+00:00
[2024-07-09T17:04:49.178+0000] {processor.py:183} INFO - Processing /home/airflow/.local/lib/python3.11/site-packages/airflow/example_dags/example_branch_python_dop_operator_3.py took 0.087 seconds
[2024-07-09T17:05:19.872+0000] {processor.py:161} INFO - Started process (PID=7726) to work on /home/airflow/.local/lib/python3.11/site-packages/airflow/example_dags/example_branch_python_dop_operator_3.py
[2024-07-09T17:05:19.873+0000] {processor.py:830} INFO - Processing file /home/airflow/.local/lib/python3.11/site-packages/airflow/example_dags/example_branch_python_dop_operator_3.py for tasks to queue
[2024-07-09T17:05:19.874+0000] {logging_mixin.py:188} INFO - [2024-07-09T17:05:19.874+0000] {dagbag.py:540} INFO - Filling up the DagBag from /home/airflow/.local/lib/python3.11/site-packages/airflow/example_dags/example_branch_python_dop_operator_3.py
[2024-07-09T17:05:19.886+0000] {processor.py:840} INFO - DAG(s) 'example_branch_dop_operator_v3' retrieved from /home/airflow/.local/lib/python3.11/site-packages/airflow/example_dags/example_branch_python_dop_operator_3.py
[2024-07-09T17:05:19.914+0000] {logging_mixin.py:188} INFO - [2024-07-09T17:05:19.914+0000] {dag.py:3047} INFO - Sync 1 DAGs
[2024-07-09T17:05:19.939+0000] {logging_mixin.py:188} INFO - [2024-07-09T17:05:19.939+0000] {dag.py:3834} INFO - Setting next_dagrun for example_branch_dop_operator_v3 to 2024-07-09 17:04:00+00:00, run_after=2024-07-09 17:05:00+00:00
[2024-07-09T17:05:19.959+0000] {processor.py:183} INFO - Processing /home/airflow/.local/lib/python3.11/site-packages/airflow/example_dags/example_branch_python_dop_operator_3.py took 0.089 seconds
[2024-07-09T17:05:50.534+0000] {processor.py:161} INFO - Started process (PID=7988) to work on /home/airflow/.local/lib/python3.11/site-packages/airflow/example_dags/example_branch_python_dop_operator_3.py
[2024-07-09T17:05:50.535+0000] {processor.py:830} INFO - Processing file /home/airflow/.local/lib/python3.11/site-packages/airflow/example_dags/example_branch_python_dop_operator_3.py for tasks to queue
[2024-07-09T17:05:50.536+0000] {logging_mixin.py:188} INFO - [2024-07-09T17:05:50.535+0000] {dagbag.py:540} INFO - Filling up the DagBag from /home/airflow/.local/lib/python3.11/site-packages/airflow/example_dags/example_branch_python_dop_operator_3.py
[2024-07-09T17:05:50.542+0000] {processor.py:840} INFO - DAG(s) 'example_branch_dop_operator_v3' retrieved from /home/airflow/.local/lib/python3.11/site-packages/airflow/example_dags/example_branch_python_dop_operator_3.py
[2024-07-09T17:05:50.566+0000] {logging_mixin.py:188} INFO - [2024-07-09T17:05:50.565+0000] {dag.py:3047} INFO - Sync 1 DAGs
[2024-07-09T17:05:50.592+0000] {logging_mixin.py:188} INFO - [2024-07-09T17:05:50.592+0000] {dag.py:3834} INFO - Setting next_dagrun for example_branch_dop_operator_v3 to 2024-07-09 17:04:00+00:00, run_after=2024-07-09 17:05:00+00:00
[2024-07-09T17:05:50.609+0000] {processor.py:183} INFO - Processing /home/airflow/.local/lib/python3.11/site-packages/airflow/example_dags/example_branch_python_dop_operator_3.py took 0.078 seconds
[2024-07-09T17:06:20.883+0000] {processor.py:161} INFO - Started process (PID=8250) to work on /home/airflow/.local/lib/python3.11/site-packages/airflow/example_dags/example_branch_python_dop_operator_3.py
[2024-07-09T17:06:20.884+0000] {processor.py:830} INFO - Processing file /home/airflow/.local/lib/python3.11/site-packages/airflow/example_dags/example_branch_python_dop_operator_3.py for tasks to queue
[2024-07-09T17:06:20.885+0000] {logging_mixin.py:188} INFO - [2024-07-09T17:06:20.885+0000] {dagbag.py:540} INFO - Filling up the DagBag from /home/airflow/.local/lib/python3.11/site-packages/airflow/example_dags/example_branch_python_dop_operator_3.py
[2024-07-09T17:06:20.896+0000] {processor.py:840} INFO - DAG(s) 'example_branch_dop_operator_v3' retrieved from /home/airflow/.local/lib/python3.11/site-packages/airflow/example_dags/example_branch_python_dop_operator_3.py
[2024-07-09T17:06:20.927+0000] {logging_mixin.py:188} INFO - [2024-07-09T17:06:20.927+0000] {dag.py:3047} INFO - Sync 1 DAGs
[2024-07-09T17:06:20.958+0000] {logging_mixin.py:188} INFO - [2024-07-09T17:06:20.958+0000] {dag.py:3834} INFO - Setting next_dagrun for example_branch_dop_operator_v3 to 2024-07-09 17:05:00+00:00, run_after=2024-07-09 17:06:00+00:00
[2024-07-09T17:06:20.981+0000] {processor.py:183} INFO - Processing /home/airflow/.local/lib/python3.11/site-packages/airflow/example_dags/example_branch_python_dop_operator_3.py took 0.102 seconds
[2024-07-09T17:06:52.249+0000] {processor.py:161} INFO - Started process (PID=8500) to work on /home/airflow/.local/lib/python3.11/site-packages/airflow/example_dags/example_branch_python_dop_operator_3.py
[2024-07-09T17:06:52.251+0000] {processor.py:830} INFO - Processing file /home/airflow/.local/lib/python3.11/site-packages/airflow/example_dags/example_branch_python_dop_operator_3.py for tasks to queue
[2024-07-09T17:06:52.253+0000] {logging_mixin.py:188} INFO - [2024-07-09T17:06:52.252+0000] {dagbag.py:540} INFO - Filling up the DagBag from /home/airflow/.local/lib/python3.11/site-packages/airflow/example_dags/example_branch_python_dop_operator_3.py
[2024-07-09T17:06:52.275+0000] {processor.py:840} INFO - DAG(s) 'example_branch_dop_operator_v3' retrieved from /home/airflow/.local/lib/python3.11/site-packages/airflow/example_dags/example_branch_python_dop_operator_3.py
[2024-07-09T17:06:52.309+0000] {logging_mixin.py:188} INFO - [2024-07-09T17:06:52.309+0000] {dag.py:3047} INFO - Sync 1 DAGs
[2024-07-09T17:06:52.352+0000] {logging_mixin.py:188} INFO - [2024-07-09T17:06:52.352+0000] {dag.py:3834} INFO - Setting next_dagrun for example_branch_dop_operator_v3 to 2024-07-09 17:05:00+00:00, run_after=2024-07-09 17:06:00+00:00
[2024-07-09T17:06:52.390+0000] {processor.py:183} INFO - Processing /home/airflow/.local/lib/python3.11/site-packages/airflow/example_dags/example_branch_python_dop_operator_3.py took 0.146 seconds
