[2024-07-09T16:51:00.927+0000] {processor.py:161} INFO - Started process (PID=290) to work on /home/airflow/.local/lib/python3.11/site-packages/airflow/example_dags/example_time_delta_sensor_async.py
[2024-07-09T16:51:00.929+0000] {processor.py:830} INFO - Processing file /home/airflow/.local/lib/python3.11/site-packages/airflow/example_dags/example_time_delta_sensor_async.py for tasks to queue
[2024-07-09T16:51:00.931+0000] {logging_mixin.py:188} INFO - [2024-07-09T16:51:00.931+0000] {dagbag.py:540} INFO - Filling up the DagBag from /home/airflow/.local/lib/python3.11/site-packages/airflow/example_dags/example_time_delta_sensor_async.py
[2024-07-09T16:51:00.941+0000] {processor.py:840} INFO - DAG(s) 'example_time_delta_sensor_async' retrieved from /home/airflow/.local/lib/python3.11/site-packages/airflow/example_dags/example_time_delta_sensor_async.py
[2024-07-09T16:51:01.128+0000] {logging_mixin.py:188} INFO - [2024-07-09T16:51:01.127+0000] {override.py:1769} INFO - Created Permission View: can delete on DAG:example_time_delta_sensor_async
[2024-07-09T16:51:01.150+0000] {logging_mixin.py:188} INFO - [2024-07-09T16:51:01.150+0000] {override.py:1769} INFO - Created Permission View: can edit on DAG:example_time_delta_sensor_async
[2024-07-09T16:51:01.164+0000] {logging_mixin.py:188} INFO - [2024-07-09T16:51:01.163+0000] {override.py:1769} INFO - Created Permission View: can read on DAG:example_time_delta_sensor_async
[2024-07-09T16:51:01.165+0000] {logging_mixin.py:188} INFO - [2024-07-09T16:51:01.165+0000] {dag.py:3047} INFO - Sync 1 DAGs
[2024-07-09T16:51:01.187+0000] {logging_mixin.py:188} INFO - [2024-07-09T16:51:01.187+0000] {dag.py:3069} INFO - Creating ORM DAG for example_time_delta_sensor_async
[2024-07-09T16:51:01.189+0000] {logging_mixin.py:188} INFO - [2024-07-09T16:51:01.188+0000] {dag.py:3834} INFO - Setting next_dagrun for example_time_delta_sensor_async to None, run_after=None
[2024-07-09T16:51:01.218+0000] {processor.py:183} INFO - Processing /home/airflow/.local/lib/python3.11/site-packages/airflow/example_dags/example_time_delta_sensor_async.py took 0.296 seconds
[2024-07-09T16:51:31.370+0000] {processor.py:161} INFO - Started process (PID=552) to work on /home/airflow/.local/lib/python3.11/site-packages/airflow/example_dags/example_time_delta_sensor_async.py
[2024-07-09T16:51:31.371+0000] {processor.py:830} INFO - Processing file /home/airflow/.local/lib/python3.11/site-packages/airflow/example_dags/example_time_delta_sensor_async.py for tasks to queue
[2024-07-09T16:51:31.372+0000] {logging_mixin.py:188} INFO - [2024-07-09T16:51:31.372+0000] {dagbag.py:540} INFO - Filling up the DagBag from /home/airflow/.local/lib/python3.11/site-packages/airflow/example_dags/example_time_delta_sensor_async.py
[2024-07-09T16:51:31.377+0000] {processor.py:840} INFO - DAG(s) 'example_time_delta_sensor_async' retrieved from /home/airflow/.local/lib/python3.11/site-packages/airflow/example_dags/example_time_delta_sensor_async.py
[2024-07-09T16:51:31.400+0000] {logging_mixin.py:188} INFO - [2024-07-09T16:51:31.400+0000] {dag.py:3047} INFO - Sync 1 DAGs
[2024-07-09T16:51:31.411+0000] {logging_mixin.py:188} INFO - [2024-07-09T16:51:31.411+0000] {dag.py:3834} INFO - Setting next_dagrun for example_time_delta_sensor_async to None, run_after=None
[2024-07-09T16:51:31.430+0000] {processor.py:183} INFO - Processing /home/airflow/.local/lib/python3.11/site-packages/airflow/example_dags/example_time_delta_sensor_async.py took 0.063 seconds
[2024-07-09T16:52:01.575+0000] {processor.py:161} INFO - Started process (PID=811) to work on /home/airflow/.local/lib/python3.11/site-packages/airflow/example_dags/example_time_delta_sensor_async.py
[2024-07-09T16:52:01.576+0000] {processor.py:830} INFO - Processing file /home/airflow/.local/lib/python3.11/site-packages/airflow/example_dags/example_time_delta_sensor_async.py for tasks to queue
[2024-07-09T16:52:01.576+0000] {logging_mixin.py:188} INFO - [2024-07-09T16:52:01.576+0000] {dagbag.py:540} INFO - Filling up the DagBag from /home/airflow/.local/lib/python3.11/site-packages/airflow/example_dags/example_time_delta_sensor_async.py
[2024-07-09T16:52:01.580+0000] {processor.py:840} INFO - DAG(s) 'example_time_delta_sensor_async' retrieved from /home/airflow/.local/lib/python3.11/site-packages/airflow/example_dags/example_time_delta_sensor_async.py
[2024-07-09T16:52:01.602+0000] {logging_mixin.py:188} INFO - [2024-07-09T16:52:01.601+0000] {dag.py:3047} INFO - Sync 1 DAGs
[2024-07-09T16:52:01.611+0000] {logging_mixin.py:188} INFO - [2024-07-09T16:52:01.611+0000] {dag.py:3834} INFO - Setting next_dagrun for example_time_delta_sensor_async to None, run_after=None
[2024-07-09T16:52:01.628+0000] {processor.py:183} INFO - Processing /home/airflow/.local/lib/python3.11/site-packages/airflow/example_dags/example_time_delta_sensor_async.py took 0.056 seconds
[2024-07-09T16:52:32.052+0000] {processor.py:161} INFO - Started process (PID=1076) to work on /home/airflow/.local/lib/python3.11/site-packages/airflow/example_dags/example_time_delta_sensor_async.py
[2024-07-09T16:52:32.053+0000] {processor.py:830} INFO - Processing file /home/airflow/.local/lib/python3.11/site-packages/airflow/example_dags/example_time_delta_sensor_async.py for tasks to queue
[2024-07-09T16:52:32.054+0000] {logging_mixin.py:188} INFO - [2024-07-09T16:52:32.054+0000] {dagbag.py:540} INFO - Filling up the DagBag from /home/airflow/.local/lib/python3.11/site-packages/airflow/example_dags/example_time_delta_sensor_async.py
[2024-07-09T16:52:32.059+0000] {processor.py:840} INFO - DAG(s) 'example_time_delta_sensor_async' retrieved from /home/airflow/.local/lib/python3.11/site-packages/airflow/example_dags/example_time_delta_sensor_async.py
[2024-07-09T16:52:32.103+0000] {logging_mixin.py:188} INFO - [2024-07-09T16:52:32.103+0000] {dag.py:3047} INFO - Sync 1 DAGs
[2024-07-09T16:52:32.113+0000] {logging_mixin.py:188} INFO - [2024-07-09T16:52:32.113+0000] {dag.py:3834} INFO - Setting next_dagrun for example_time_delta_sensor_async to None, run_after=None
[2024-07-09T16:52:32.128+0000] {processor.py:183} INFO - Processing /home/airflow/.local/lib/python3.11/site-packages/airflow/example_dags/example_time_delta_sensor_async.py took 0.080 seconds
[2024-07-09T16:53:03.460+0000] {processor.py:161} INFO - Started process (PID=1338) to work on /home/airflow/.local/lib/python3.11/site-packages/airflow/example_dags/example_time_delta_sensor_async.py
[2024-07-09T16:53:03.462+0000] {processor.py:830} INFO - Processing file /home/airflow/.local/lib/python3.11/site-packages/airflow/example_dags/example_time_delta_sensor_async.py for tasks to queue
[2024-07-09T16:53:03.463+0000] {logging_mixin.py:188} INFO - [2024-07-09T16:53:03.462+0000] {dagbag.py:540} INFO - Filling up the DagBag from /home/airflow/.local/lib/python3.11/site-packages/airflow/example_dags/example_time_delta_sensor_async.py
[2024-07-09T16:53:03.470+0000] {processor.py:840} INFO - DAG(s) 'example_time_delta_sensor_async' retrieved from /home/airflow/.local/lib/python3.11/site-packages/airflow/example_dags/example_time_delta_sensor_async.py
[2024-07-09T16:53:03.499+0000] {logging_mixin.py:188} INFO - [2024-07-09T16:53:03.498+0000] {dag.py:3047} INFO - Sync 1 DAGs
[2024-07-09T16:53:03.634+0000] {logging_mixin.py:188} INFO - [2024-07-09T16:53:03.634+0000] {dag.py:3834} INFO - Setting next_dagrun for example_time_delta_sensor_async to None, run_after=None
[2024-07-09T16:53:03.656+0000] {processor.py:183} INFO - Processing /home/airflow/.local/lib/python3.11/site-packages/airflow/example_dags/example_time_delta_sensor_async.py took 0.198 seconds
[2024-07-09T16:53:34.145+0000] {processor.py:161} INFO - Started process (PID=1600) to work on /home/airflow/.local/lib/python3.11/site-packages/airflow/example_dags/example_time_delta_sensor_async.py
[2024-07-09T16:53:34.146+0000] {processor.py:830} INFO - Processing file /home/airflow/.local/lib/python3.11/site-packages/airflow/example_dags/example_time_delta_sensor_async.py for tasks to queue
[2024-07-09T16:53:34.147+0000] {logging_mixin.py:188} INFO - [2024-07-09T16:53:34.146+0000] {dagbag.py:540} INFO - Filling up the DagBag from /home/airflow/.local/lib/python3.11/site-packages/airflow/example_dags/example_time_delta_sensor_async.py
[2024-07-09T16:53:34.151+0000] {processor.py:840} INFO - DAG(s) 'example_time_delta_sensor_async' retrieved from /home/airflow/.local/lib/python3.11/site-packages/airflow/example_dags/example_time_delta_sensor_async.py
[2024-07-09T16:53:34.176+0000] {logging_mixin.py:188} INFO - [2024-07-09T16:53:34.176+0000] {dag.py:3047} INFO - Sync 1 DAGs
[2024-07-09T16:53:34.188+0000] {logging_mixin.py:188} INFO - [2024-07-09T16:53:34.187+0000] {dag.py:3834} INFO - Setting next_dagrun for example_time_delta_sensor_async to None, run_after=None
[2024-07-09T16:53:34.205+0000] {processor.py:183} INFO - Processing /home/airflow/.local/lib/python3.11/site-packages/airflow/example_dags/example_time_delta_sensor_async.py took 0.063 seconds
[2024-07-09T16:54:04.895+0000] {processor.py:161} INFO - Started process (PID=1862) to work on /home/airflow/.local/lib/python3.11/site-packages/airflow/example_dags/example_time_delta_sensor_async.py
[2024-07-09T16:54:04.896+0000] {processor.py:830} INFO - Processing file /home/airflow/.local/lib/python3.11/site-packages/airflow/example_dags/example_time_delta_sensor_async.py for tasks to queue
[2024-07-09T16:54:04.897+0000] {logging_mixin.py:188} INFO - [2024-07-09T16:54:04.897+0000] {dagbag.py:540} INFO - Filling up the DagBag from /home/airflow/.local/lib/python3.11/site-packages/airflow/example_dags/example_time_delta_sensor_async.py
[2024-07-09T16:54:04.902+0000] {processor.py:840} INFO - DAG(s) 'example_time_delta_sensor_async' retrieved from /home/airflow/.local/lib/python3.11/site-packages/airflow/example_dags/example_time_delta_sensor_async.py
[2024-07-09T16:54:04.924+0000] {logging_mixin.py:188} INFO - [2024-07-09T16:54:04.924+0000] {dag.py:3047} INFO - Sync 1 DAGs
[2024-07-09T16:54:04.935+0000] {logging_mixin.py:188} INFO - [2024-07-09T16:54:04.935+0000] {dag.py:3834} INFO - Setting next_dagrun for example_time_delta_sensor_async to None, run_after=None
[2024-07-09T16:54:04.975+0000] {processor.py:183} INFO - Processing /home/airflow/.local/lib/python3.11/site-packages/airflow/example_dags/example_time_delta_sensor_async.py took 0.083 seconds
[2024-07-09T16:54:35.596+0000] {processor.py:161} INFO - Started process (PID=2124) to work on /home/airflow/.local/lib/python3.11/site-packages/airflow/example_dags/example_time_delta_sensor_async.py
[2024-07-09T16:54:35.597+0000] {processor.py:830} INFO - Processing file /home/airflow/.local/lib/python3.11/site-packages/airflow/example_dags/example_time_delta_sensor_async.py for tasks to queue
[2024-07-09T16:54:35.598+0000] {logging_mixin.py:188} INFO - [2024-07-09T16:54:35.598+0000] {dagbag.py:540} INFO - Filling up the DagBag from /home/airflow/.local/lib/python3.11/site-packages/airflow/example_dags/example_time_delta_sensor_async.py
[2024-07-09T16:54:35.605+0000] {processor.py:840} INFO - DAG(s) 'example_time_delta_sensor_async' retrieved from /home/airflow/.local/lib/python3.11/site-packages/airflow/example_dags/example_time_delta_sensor_async.py
[2024-07-09T16:54:35.632+0000] {logging_mixin.py:188} INFO - [2024-07-09T16:54:35.632+0000] {dag.py:3047} INFO - Sync 1 DAGs
[2024-07-09T16:54:35.648+0000] {logging_mixin.py:188} INFO - [2024-07-09T16:54:35.647+0000] {dag.py:3834} INFO - Setting next_dagrun for example_time_delta_sensor_async to None, run_after=None
[2024-07-09T16:54:35.670+0000] {processor.py:183} INFO - Processing /home/airflow/.local/lib/python3.11/site-packages/airflow/example_dags/example_time_delta_sensor_async.py took 0.079 seconds
[2024-07-09T16:55:06.001+0000] {processor.py:161} INFO - Started process (PID=2386) to work on /home/airflow/.local/lib/python3.11/site-packages/airflow/example_dags/example_time_delta_sensor_async.py
[2024-07-09T16:55:06.002+0000] {processor.py:830} INFO - Processing file /home/airflow/.local/lib/python3.11/site-packages/airflow/example_dags/example_time_delta_sensor_async.py for tasks to queue
[2024-07-09T16:55:06.003+0000] {logging_mixin.py:188} INFO - [2024-07-09T16:55:06.003+0000] {dagbag.py:540} INFO - Filling up the DagBag from /home/airflow/.local/lib/python3.11/site-packages/airflow/example_dags/example_time_delta_sensor_async.py
[2024-07-09T16:55:06.009+0000] {processor.py:840} INFO - DAG(s) 'example_time_delta_sensor_async' retrieved from /home/airflow/.local/lib/python3.11/site-packages/airflow/example_dags/example_time_delta_sensor_async.py
[2024-07-09T16:55:06.032+0000] {logging_mixin.py:188} INFO - [2024-07-09T16:55:06.032+0000] {dag.py:3047} INFO - Sync 1 DAGs
[2024-07-09T16:55:06.042+0000] {logging_mixin.py:188} INFO - [2024-07-09T16:55:06.042+0000] {dag.py:3834} INFO - Setting next_dagrun for example_time_delta_sensor_async to None, run_after=None
[2024-07-09T16:55:06.059+0000] {processor.py:183} INFO - Processing /home/airflow/.local/lib/python3.11/site-packages/airflow/example_dags/example_time_delta_sensor_async.py took 0.061 seconds
[2024-07-09T16:55:36.253+0000] {processor.py:161} INFO - Started process (PID=2640) to work on /home/airflow/.local/lib/python3.11/site-packages/airflow/example_dags/example_time_delta_sensor_async.py
[2024-07-09T16:55:36.254+0000] {processor.py:830} INFO - Processing file /home/airflow/.local/lib/python3.11/site-packages/airflow/example_dags/example_time_delta_sensor_async.py for tasks to queue
[2024-07-09T16:55:36.255+0000] {logging_mixin.py:188} INFO - [2024-07-09T16:55:36.255+0000] {dagbag.py:540} INFO - Filling up the DagBag from /home/airflow/.local/lib/python3.11/site-packages/airflow/example_dags/example_time_delta_sensor_async.py
[2024-07-09T16:55:36.259+0000] {processor.py:840} INFO - DAG(s) 'example_time_delta_sensor_async' retrieved from /home/airflow/.local/lib/python3.11/site-packages/airflow/example_dags/example_time_delta_sensor_async.py
[2024-07-09T16:55:36.282+0000] {logging_mixin.py:188} INFO - [2024-07-09T16:55:36.281+0000] {dag.py:3047} INFO - Sync 1 DAGs
[2024-07-09T16:55:36.294+0000] {logging_mixin.py:188} INFO - [2024-07-09T16:55:36.293+0000] {dag.py:3834} INFO - Setting next_dagrun for example_time_delta_sensor_async to None, run_after=None
[2024-07-09T16:55:36.313+0000] {processor.py:183} INFO - Processing /home/airflow/.local/lib/python3.11/site-packages/airflow/example_dags/example_time_delta_sensor_async.py took 0.063 seconds
[2024-07-09T16:56:06.390+0000] {processor.py:161} INFO - Started process (PID=2898) to work on /home/airflow/.local/lib/python3.11/site-packages/airflow/example_dags/example_time_delta_sensor_async.py
[2024-07-09T16:56:06.391+0000] {processor.py:830} INFO - Processing file /home/airflow/.local/lib/python3.11/site-packages/airflow/example_dags/example_time_delta_sensor_async.py for tasks to queue
[2024-07-09T16:56:06.392+0000] {logging_mixin.py:188} INFO - [2024-07-09T16:56:06.392+0000] {dagbag.py:540} INFO - Filling up the DagBag from /home/airflow/.local/lib/python3.11/site-packages/airflow/example_dags/example_time_delta_sensor_async.py
[2024-07-09T16:56:06.396+0000] {processor.py:840} INFO - DAG(s) 'example_time_delta_sensor_async' retrieved from /home/airflow/.local/lib/python3.11/site-packages/airflow/example_dags/example_time_delta_sensor_async.py
[2024-07-09T16:56:06.414+0000] {logging_mixin.py:188} INFO - [2024-07-09T16:56:06.414+0000] {dag.py:3047} INFO - Sync 1 DAGs
[2024-07-09T16:56:06.424+0000] {logging_mixin.py:188} INFO - [2024-07-09T16:56:06.424+0000] {dag.py:3834} INFO - Setting next_dagrun for example_time_delta_sensor_async to None, run_after=None
[2024-07-09T16:56:06.439+0000] {processor.py:183} INFO - Processing /home/airflow/.local/lib/python3.11/site-packages/airflow/example_dags/example_time_delta_sensor_async.py took 0.052 seconds
[2024-07-09T16:56:36.590+0000] {processor.py:161} INFO - Started process (PID=3160) to work on /home/airflow/.local/lib/python3.11/site-packages/airflow/example_dags/example_time_delta_sensor_async.py
[2024-07-09T16:56:36.591+0000] {processor.py:830} INFO - Processing file /home/airflow/.local/lib/python3.11/site-packages/airflow/example_dags/example_time_delta_sensor_async.py for tasks to queue
[2024-07-09T16:56:36.591+0000] {logging_mixin.py:188} INFO - [2024-07-09T16:56:36.591+0000] {dagbag.py:540} INFO - Filling up the DagBag from /home/airflow/.local/lib/python3.11/site-packages/airflow/example_dags/example_time_delta_sensor_async.py
[2024-07-09T16:56:36.595+0000] {processor.py:840} INFO - DAG(s) 'example_time_delta_sensor_async' retrieved from /home/airflow/.local/lib/python3.11/site-packages/airflow/example_dags/example_time_delta_sensor_async.py
[2024-07-09T16:56:36.613+0000] {logging_mixin.py:188} INFO - [2024-07-09T16:56:36.613+0000] {dag.py:3047} INFO - Sync 1 DAGs
[2024-07-09T16:56:36.622+0000] {logging_mixin.py:188} INFO - [2024-07-09T16:56:36.622+0000] {dag.py:3834} INFO - Setting next_dagrun for example_time_delta_sensor_async to None, run_after=None
[2024-07-09T16:56:36.635+0000] {processor.py:183} INFO - Processing /home/airflow/.local/lib/python3.11/site-packages/airflow/example_dags/example_time_delta_sensor_async.py took 0.048 seconds
[2024-07-09T16:57:06.743+0000] {processor.py:161} INFO - Started process (PID=3420) to work on /home/airflow/.local/lib/python3.11/site-packages/airflow/example_dags/example_time_delta_sensor_async.py
[2024-07-09T16:57:06.744+0000] {processor.py:830} INFO - Processing file /home/airflow/.local/lib/python3.11/site-packages/airflow/example_dags/example_time_delta_sensor_async.py for tasks to queue
[2024-07-09T16:57:06.745+0000] {logging_mixin.py:188} INFO - [2024-07-09T16:57:06.745+0000] {dagbag.py:540} INFO - Filling up the DagBag from /home/airflow/.local/lib/python3.11/site-packages/airflow/example_dags/example_time_delta_sensor_async.py
[2024-07-09T16:57:06.750+0000] {processor.py:840} INFO - DAG(s) 'example_time_delta_sensor_async' retrieved from /home/airflow/.local/lib/python3.11/site-packages/airflow/example_dags/example_time_delta_sensor_async.py
[2024-07-09T16:57:06.770+0000] {logging_mixin.py:188} INFO - [2024-07-09T16:57:06.770+0000] {dag.py:3047} INFO - Sync 1 DAGs
[2024-07-09T16:57:06.779+0000] {logging_mixin.py:188} INFO - [2024-07-09T16:57:06.779+0000] {dag.py:3834} INFO - Setting next_dagrun for example_time_delta_sensor_async to None, run_after=None
[2024-07-09T16:57:06.799+0000] {processor.py:183} INFO - Processing /home/airflow/.local/lib/python3.11/site-packages/airflow/example_dags/example_time_delta_sensor_async.py took 0.059 seconds
[2024-07-09T16:57:37.754+0000] {processor.py:161} INFO - Started process (PID=3682) to work on /home/airflow/.local/lib/python3.11/site-packages/airflow/example_dags/example_time_delta_sensor_async.py
[2024-07-09T16:57:37.755+0000] {processor.py:830} INFO - Processing file /home/airflow/.local/lib/python3.11/site-packages/airflow/example_dags/example_time_delta_sensor_async.py for tasks to queue
[2024-07-09T16:57:37.756+0000] {logging_mixin.py:188} INFO - [2024-07-09T16:57:37.756+0000] {dagbag.py:540} INFO - Filling up the DagBag from /home/airflow/.local/lib/python3.11/site-packages/airflow/example_dags/example_time_delta_sensor_async.py
[2024-07-09T16:57:37.761+0000] {processor.py:840} INFO - DAG(s) 'example_time_delta_sensor_async' retrieved from /home/airflow/.local/lib/python3.11/site-packages/airflow/example_dags/example_time_delta_sensor_async.py
[2024-07-09T16:57:37.801+0000] {logging_mixin.py:188} INFO - [2024-07-09T16:57:37.801+0000] {dag.py:3047} INFO - Sync 1 DAGs
[2024-07-09T16:57:37.811+0000] {logging_mixin.py:188} INFO - [2024-07-09T16:57:37.810+0000] {dag.py:3834} INFO - Setting next_dagrun for example_time_delta_sensor_async to None, run_after=None
[2024-07-09T16:57:37.825+0000] {processor.py:183} INFO - Processing /home/airflow/.local/lib/python3.11/site-packages/airflow/example_dags/example_time_delta_sensor_async.py took 0.074 seconds
[2024-07-09T16:58:08.479+0000] {processor.py:161} INFO - Started process (PID=3944) to work on /home/airflow/.local/lib/python3.11/site-packages/airflow/example_dags/example_time_delta_sensor_async.py
[2024-07-09T16:58:08.480+0000] {processor.py:830} INFO - Processing file /home/airflow/.local/lib/python3.11/site-packages/airflow/example_dags/example_time_delta_sensor_async.py for tasks to queue
[2024-07-09T16:58:08.481+0000] {logging_mixin.py:188} INFO - [2024-07-09T16:58:08.481+0000] {dagbag.py:540} INFO - Filling up the DagBag from /home/airflow/.local/lib/python3.11/site-packages/airflow/example_dags/example_time_delta_sensor_async.py
[2024-07-09T16:58:08.486+0000] {processor.py:840} INFO - DAG(s) 'example_time_delta_sensor_async' retrieved from /home/airflow/.local/lib/python3.11/site-packages/airflow/example_dags/example_time_delta_sensor_async.py
[2024-07-09T16:58:08.510+0000] {logging_mixin.py:188} INFO - [2024-07-09T16:58:08.510+0000] {dag.py:3047} INFO - Sync 1 DAGs
[2024-07-09T16:58:08.524+0000] {logging_mixin.py:188} INFO - [2024-07-09T16:58:08.524+0000] {dag.py:3834} INFO - Setting next_dagrun for example_time_delta_sensor_async to None, run_after=None
[2024-07-09T16:58:08.543+0000] {processor.py:183} INFO - Processing /home/airflow/.local/lib/python3.11/site-packages/airflow/example_dags/example_time_delta_sensor_async.py took 0.067 seconds
[2024-07-09T16:58:38.920+0000] {processor.py:161} INFO - Started process (PID=4206) to work on /home/airflow/.local/lib/python3.11/site-packages/airflow/example_dags/example_time_delta_sensor_async.py
[2024-07-09T16:58:38.921+0000] {processor.py:830} INFO - Processing file /home/airflow/.local/lib/python3.11/site-packages/airflow/example_dags/example_time_delta_sensor_async.py for tasks to queue
[2024-07-09T16:58:38.922+0000] {logging_mixin.py:188} INFO - [2024-07-09T16:58:38.922+0000] {dagbag.py:540} INFO - Filling up the DagBag from /home/airflow/.local/lib/python3.11/site-packages/airflow/example_dags/example_time_delta_sensor_async.py
[2024-07-09T16:58:38.927+0000] {processor.py:840} INFO - DAG(s) 'example_time_delta_sensor_async' retrieved from /home/airflow/.local/lib/python3.11/site-packages/airflow/example_dags/example_time_delta_sensor_async.py
[2024-07-09T16:58:38.949+0000] {logging_mixin.py:188} INFO - [2024-07-09T16:58:38.949+0000] {dag.py:3047} INFO - Sync 1 DAGs
[2024-07-09T16:58:38.958+0000] {logging_mixin.py:188} INFO - [2024-07-09T16:58:38.958+0000] {dag.py:3834} INFO - Setting next_dagrun for example_time_delta_sensor_async to None, run_after=None
[2024-07-09T16:58:38.980+0000] {processor.py:183} INFO - Processing /home/airflow/.local/lib/python3.11/site-packages/airflow/example_dags/example_time_delta_sensor_async.py took 0.064 seconds
[2024-07-09T16:59:09.864+0000] {processor.py:161} INFO - Started process (PID=4468) to work on /home/airflow/.local/lib/python3.11/site-packages/airflow/example_dags/example_time_delta_sensor_async.py
[2024-07-09T16:59:09.866+0000] {processor.py:830} INFO - Processing file /home/airflow/.local/lib/python3.11/site-packages/airflow/example_dags/example_time_delta_sensor_async.py for tasks to queue
[2024-07-09T16:59:09.867+0000] {logging_mixin.py:188} INFO - [2024-07-09T16:59:09.866+0000] {dagbag.py:540} INFO - Filling up the DagBag from /home/airflow/.local/lib/python3.11/site-packages/airflow/example_dags/example_time_delta_sensor_async.py
[2024-07-09T16:59:09.871+0000] {processor.py:840} INFO - DAG(s) 'example_time_delta_sensor_async' retrieved from /home/airflow/.local/lib/python3.11/site-packages/airflow/example_dags/example_time_delta_sensor_async.py
[2024-07-09T16:59:09.894+0000] {logging_mixin.py:188} INFO - [2024-07-09T16:59:09.894+0000] {dag.py:3047} INFO - Sync 1 DAGs
[2024-07-09T16:59:09.904+0000] {logging_mixin.py:188} INFO - [2024-07-09T16:59:09.903+0000] {dag.py:3834} INFO - Setting next_dagrun for example_time_delta_sensor_async to None, run_after=None
[2024-07-09T16:59:09.924+0000] {processor.py:183} INFO - Processing /home/airflow/.local/lib/python3.11/site-packages/airflow/example_dags/example_time_delta_sensor_async.py took 0.063 seconds
[2024-07-09T16:59:40.080+0000] {processor.py:161} INFO - Started process (PID=4730) to work on /home/airflow/.local/lib/python3.11/site-packages/airflow/example_dags/example_time_delta_sensor_async.py
[2024-07-09T16:59:40.082+0000] {processor.py:830} INFO - Processing file /home/airflow/.local/lib/python3.11/site-packages/airflow/example_dags/example_time_delta_sensor_async.py for tasks to queue
[2024-07-09T16:59:40.083+0000] {logging_mixin.py:188} INFO - [2024-07-09T16:59:40.082+0000] {dagbag.py:540} INFO - Filling up the DagBag from /home/airflow/.local/lib/python3.11/site-packages/airflow/example_dags/example_time_delta_sensor_async.py
[2024-07-09T16:59:40.088+0000] {processor.py:840} INFO - DAG(s) 'example_time_delta_sensor_async' retrieved from /home/airflow/.local/lib/python3.11/site-packages/airflow/example_dags/example_time_delta_sensor_async.py
[2024-07-09T16:59:40.112+0000] {logging_mixin.py:188} INFO - [2024-07-09T16:59:40.112+0000] {dag.py:3047} INFO - Sync 1 DAGs
[2024-07-09T16:59:40.125+0000] {logging_mixin.py:188} INFO - [2024-07-09T16:59:40.125+0000] {dag.py:3834} INFO - Setting next_dagrun for example_time_delta_sensor_async to None, run_after=None
[2024-07-09T16:59:40.139+0000] {processor.py:183} INFO - Processing /home/airflow/.local/lib/python3.11/site-packages/airflow/example_dags/example_time_delta_sensor_async.py took 0.062 seconds
[2024-07-09T17:00:10.623+0000] {processor.py:161} INFO - Started process (PID=4994) to work on /home/airflow/.local/lib/python3.11/site-packages/airflow/example_dags/example_time_delta_sensor_async.py
[2024-07-09T17:00:10.624+0000] {processor.py:830} INFO - Processing file /home/airflow/.local/lib/python3.11/site-packages/airflow/example_dags/example_time_delta_sensor_async.py for tasks to queue
[2024-07-09T17:00:10.625+0000] {logging_mixin.py:188} INFO - [2024-07-09T17:00:10.625+0000] {dagbag.py:540} INFO - Filling up the DagBag from /home/airflow/.local/lib/python3.11/site-packages/airflow/example_dags/example_time_delta_sensor_async.py
[2024-07-09T17:00:10.629+0000] {processor.py:840} INFO - DAG(s) 'example_time_delta_sensor_async' retrieved from /home/airflow/.local/lib/python3.11/site-packages/airflow/example_dags/example_time_delta_sensor_async.py
[2024-07-09T17:00:10.648+0000] {logging_mixin.py:188} INFO - [2024-07-09T17:00:10.648+0000] {dag.py:3047} INFO - Sync 1 DAGs
[2024-07-09T17:00:10.657+0000] {logging_mixin.py:188} INFO - [2024-07-09T17:00:10.657+0000] {dag.py:3834} INFO - Setting next_dagrun for example_time_delta_sensor_async to None, run_after=None
[2024-07-09T17:00:10.672+0000] {processor.py:183} INFO - Processing /home/airflow/.local/lib/python3.11/site-packages/airflow/example_dags/example_time_delta_sensor_async.py took 0.051 seconds
[2024-07-09T17:00:41.024+0000] {processor.py:161} INFO - Started process (PID=5254) to work on /home/airflow/.local/lib/python3.11/site-packages/airflow/example_dags/example_time_delta_sensor_async.py
[2024-07-09T17:00:41.025+0000] {processor.py:830} INFO - Processing file /home/airflow/.local/lib/python3.11/site-packages/airflow/example_dags/example_time_delta_sensor_async.py for tasks to queue
[2024-07-09T17:00:41.026+0000] {logging_mixin.py:188} INFO - [2024-07-09T17:00:41.025+0000] {dagbag.py:540} INFO - Filling up the DagBag from /home/airflow/.local/lib/python3.11/site-packages/airflow/example_dags/example_time_delta_sensor_async.py
[2024-07-09T17:00:41.030+0000] {processor.py:840} INFO - DAG(s) 'example_time_delta_sensor_async' retrieved from /home/airflow/.local/lib/python3.11/site-packages/airflow/example_dags/example_time_delta_sensor_async.py
[2024-07-09T17:00:41.050+0000] {logging_mixin.py:188} INFO - [2024-07-09T17:00:41.050+0000] {dag.py:3047} INFO - Sync 1 DAGs
[2024-07-09T17:00:41.060+0000] {logging_mixin.py:188} INFO - [2024-07-09T17:00:41.060+0000] {dag.py:3834} INFO - Setting next_dagrun for example_time_delta_sensor_async to None, run_after=None
[2024-07-09T17:00:41.078+0000] {processor.py:183} INFO - Processing /home/airflow/.local/lib/python3.11/site-packages/airflow/example_dags/example_time_delta_sensor_async.py took 0.057 seconds
[2024-07-09T17:01:11.149+0000] {processor.py:161} INFO - Started process (PID=5516) to work on /home/airflow/.local/lib/python3.11/site-packages/airflow/example_dags/example_time_delta_sensor_async.py
[2024-07-09T17:01:11.150+0000] {processor.py:830} INFO - Processing file /home/airflow/.local/lib/python3.11/site-packages/airflow/example_dags/example_time_delta_sensor_async.py for tasks to queue
[2024-07-09T17:01:11.151+0000] {logging_mixin.py:188} INFO - [2024-07-09T17:01:11.151+0000] {dagbag.py:540} INFO - Filling up the DagBag from /home/airflow/.local/lib/python3.11/site-packages/airflow/example_dags/example_time_delta_sensor_async.py
[2024-07-09T17:01:11.156+0000] {processor.py:840} INFO - DAG(s) 'example_time_delta_sensor_async' retrieved from /home/airflow/.local/lib/python3.11/site-packages/airflow/example_dags/example_time_delta_sensor_async.py
[2024-07-09T17:01:11.186+0000] {logging_mixin.py:188} INFO - [2024-07-09T17:01:11.185+0000] {dag.py:3047} INFO - Sync 1 DAGs
[2024-07-09T17:01:11.197+0000] {logging_mixin.py:188} INFO - [2024-07-09T17:01:11.196+0000] {dag.py:3834} INFO - Setting next_dagrun for example_time_delta_sensor_async to None, run_after=None
[2024-07-09T17:01:11.213+0000] {processor.py:183} INFO - Processing /home/airflow/.local/lib/python3.11/site-packages/airflow/example_dags/example_time_delta_sensor_async.py took 0.067 seconds
[2024-07-09T17:01:41.372+0000] {processor.py:161} INFO - Started process (PID=5778) to work on /home/airflow/.local/lib/python3.11/site-packages/airflow/example_dags/example_time_delta_sensor_async.py
[2024-07-09T17:01:41.374+0000] {processor.py:830} INFO - Processing file /home/airflow/.local/lib/python3.11/site-packages/airflow/example_dags/example_time_delta_sensor_async.py for tasks to queue
[2024-07-09T17:01:41.375+0000] {logging_mixin.py:188} INFO - [2024-07-09T17:01:41.375+0000] {dagbag.py:540} INFO - Filling up the DagBag from /home/airflow/.local/lib/python3.11/site-packages/airflow/example_dags/example_time_delta_sensor_async.py
[2024-07-09T17:01:41.380+0000] {processor.py:840} INFO - DAG(s) 'example_time_delta_sensor_async' retrieved from /home/airflow/.local/lib/python3.11/site-packages/airflow/example_dags/example_time_delta_sensor_async.py
[2024-07-09T17:01:41.404+0000] {logging_mixin.py:188} INFO - [2024-07-09T17:01:41.404+0000] {dag.py:3047} INFO - Sync 1 DAGs
[2024-07-09T17:01:41.439+0000] {logging_mixin.py:188} INFO - [2024-07-09T17:01:41.439+0000] {dag.py:3834} INFO - Setting next_dagrun for example_time_delta_sensor_async to None, run_after=None
[2024-07-09T17:01:41.469+0000] {processor.py:183} INFO - Processing /home/airflow/.local/lib/python3.11/site-packages/airflow/example_dags/example_time_delta_sensor_async.py took 0.100 seconds
[2024-07-09T17:02:11.521+0000] {processor.py:161} INFO - Started process (PID=6040) to work on /home/airflow/.local/lib/python3.11/site-packages/airflow/example_dags/example_time_delta_sensor_async.py
[2024-07-09T17:02:11.522+0000] {processor.py:830} INFO - Processing file /home/airflow/.local/lib/python3.11/site-packages/airflow/example_dags/example_time_delta_sensor_async.py for tasks to queue
[2024-07-09T17:02:11.523+0000] {logging_mixin.py:188} INFO - [2024-07-09T17:02:11.523+0000] {dagbag.py:540} INFO - Filling up the DagBag from /home/airflow/.local/lib/python3.11/site-packages/airflow/example_dags/example_time_delta_sensor_async.py
[2024-07-09T17:02:11.528+0000] {processor.py:840} INFO - DAG(s) 'example_time_delta_sensor_async' retrieved from /home/airflow/.local/lib/python3.11/site-packages/airflow/example_dags/example_time_delta_sensor_async.py
[2024-07-09T17:02:11.551+0000] {logging_mixin.py:188} INFO - [2024-07-09T17:02:11.551+0000] {dag.py:3047} INFO - Sync 1 DAGs
[2024-07-09T17:02:11.561+0000] {logging_mixin.py:188} INFO - [2024-07-09T17:02:11.561+0000] {dag.py:3834} INFO - Setting next_dagrun for example_time_delta_sensor_async to None, run_after=None
[2024-07-09T17:02:11.577+0000] {processor.py:183} INFO - Processing /home/airflow/.local/lib/python3.11/site-packages/airflow/example_dags/example_time_delta_sensor_async.py took 0.059 seconds
[2024-07-09T17:02:42.267+0000] {processor.py:161} INFO - Started process (PID=6302) to work on /home/airflow/.local/lib/python3.11/site-packages/airflow/example_dags/example_time_delta_sensor_async.py
[2024-07-09T17:02:42.268+0000] {processor.py:830} INFO - Processing file /home/airflow/.local/lib/python3.11/site-packages/airflow/example_dags/example_time_delta_sensor_async.py for tasks to queue
[2024-07-09T17:02:42.269+0000] {logging_mixin.py:188} INFO - [2024-07-09T17:02:42.268+0000] {dagbag.py:540} INFO - Filling up the DagBag from /home/airflow/.local/lib/python3.11/site-packages/airflow/example_dags/example_time_delta_sensor_async.py
[2024-07-09T17:02:42.274+0000] {processor.py:840} INFO - DAG(s) 'example_time_delta_sensor_async' retrieved from /home/airflow/.local/lib/python3.11/site-packages/airflow/example_dags/example_time_delta_sensor_async.py
[2024-07-09T17:02:42.296+0000] {logging_mixin.py:188} INFO - [2024-07-09T17:02:42.296+0000] {dag.py:3047} INFO - Sync 1 DAGs
[2024-07-09T17:02:42.305+0000] {logging_mixin.py:188} INFO - [2024-07-09T17:02:42.305+0000] {dag.py:3834} INFO - Setting next_dagrun for example_time_delta_sensor_async to None, run_after=None
[2024-07-09T17:02:42.319+0000] {processor.py:183} INFO - Processing /home/airflow/.local/lib/python3.11/site-packages/airflow/example_dags/example_time_delta_sensor_async.py took 0.055 seconds
[2024-07-09T17:03:12.601+0000] {processor.py:161} INFO - Started process (PID=6564) to work on /home/airflow/.local/lib/python3.11/site-packages/airflow/example_dags/example_time_delta_sensor_async.py
[2024-07-09T17:03:12.602+0000] {processor.py:830} INFO - Processing file /home/airflow/.local/lib/python3.11/site-packages/airflow/example_dags/example_time_delta_sensor_async.py for tasks to queue
[2024-07-09T17:03:12.604+0000] {logging_mixin.py:188} INFO - [2024-07-09T17:03:12.603+0000] {dagbag.py:540} INFO - Filling up the DagBag from /home/airflow/.local/lib/python3.11/site-packages/airflow/example_dags/example_time_delta_sensor_async.py
[2024-07-09T17:03:12.608+0000] {processor.py:840} INFO - DAG(s) 'example_time_delta_sensor_async' retrieved from /home/airflow/.local/lib/python3.11/site-packages/airflow/example_dags/example_time_delta_sensor_async.py
[2024-07-09T17:03:12.633+0000] {logging_mixin.py:188} INFO - [2024-07-09T17:03:12.633+0000] {dag.py:3047} INFO - Sync 1 DAGs
[2024-07-09T17:03:12.647+0000] {logging_mixin.py:188} INFO - [2024-07-09T17:03:12.647+0000] {dag.py:3834} INFO - Setting next_dagrun for example_time_delta_sensor_async to None, run_after=None
[2024-07-09T17:03:12.670+0000] {processor.py:183} INFO - Processing /home/airflow/.local/lib/python3.11/site-packages/airflow/example_dags/example_time_delta_sensor_async.py took 0.072 seconds
[2024-07-09T17:03:43.380+0000] {processor.py:161} INFO - Started process (PID=6826) to work on /home/airflow/.local/lib/python3.11/site-packages/airflow/example_dags/example_time_delta_sensor_async.py
[2024-07-09T17:03:43.381+0000] {processor.py:830} INFO - Processing file /home/airflow/.local/lib/python3.11/site-packages/airflow/example_dags/example_time_delta_sensor_async.py for tasks to queue
[2024-07-09T17:03:43.382+0000] {logging_mixin.py:188} INFO - [2024-07-09T17:03:43.382+0000] {dagbag.py:540} INFO - Filling up the DagBag from /home/airflow/.local/lib/python3.11/site-packages/airflow/example_dags/example_time_delta_sensor_async.py
[2024-07-09T17:03:43.387+0000] {processor.py:840} INFO - DAG(s) 'example_time_delta_sensor_async' retrieved from /home/airflow/.local/lib/python3.11/site-packages/airflow/example_dags/example_time_delta_sensor_async.py
[2024-07-09T17:03:43.408+0000] {logging_mixin.py:188} INFO - [2024-07-09T17:03:43.407+0000] {dag.py:3047} INFO - Sync 1 DAGs
[2024-07-09T17:03:43.419+0000] {logging_mixin.py:188} INFO - [2024-07-09T17:03:43.419+0000] {dag.py:3834} INFO - Setting next_dagrun for example_time_delta_sensor_async to None, run_after=None
[2024-07-09T17:03:43.437+0000] {processor.py:183} INFO - Processing /home/airflow/.local/lib/python3.11/site-packages/airflow/example_dags/example_time_delta_sensor_async.py took 0.059 seconds
[2024-07-09T17:04:14.299+0000] {processor.py:161} INFO - Started process (PID=7088) to work on /home/airflow/.local/lib/python3.11/site-packages/airflow/example_dags/example_time_delta_sensor_async.py
[2024-07-09T17:04:14.300+0000] {processor.py:830} INFO - Processing file /home/airflow/.local/lib/python3.11/site-packages/airflow/example_dags/example_time_delta_sensor_async.py for tasks to queue
[2024-07-09T17:04:14.301+0000] {logging_mixin.py:188} INFO - [2024-07-09T17:04:14.301+0000] {dagbag.py:540} INFO - Filling up the DagBag from /home/airflow/.local/lib/python3.11/site-packages/airflow/example_dags/example_time_delta_sensor_async.py
[2024-07-09T17:04:14.306+0000] {processor.py:840} INFO - DAG(s) 'example_time_delta_sensor_async' retrieved from /home/airflow/.local/lib/python3.11/site-packages/airflow/example_dags/example_time_delta_sensor_async.py
[2024-07-09T17:04:14.332+0000] {logging_mixin.py:188} INFO - [2024-07-09T17:04:14.331+0000] {dag.py:3047} INFO - Sync 1 DAGs
[2024-07-09T17:04:14.342+0000] {logging_mixin.py:188} INFO - [2024-07-09T17:04:14.342+0000] {dag.py:3834} INFO - Setting next_dagrun for example_time_delta_sensor_async to None, run_after=None
[2024-07-09T17:04:14.358+0000] {processor.py:183} INFO - Processing /home/airflow/.local/lib/python3.11/site-packages/airflow/example_dags/example_time_delta_sensor_async.py took 0.063 seconds
[2024-07-09T17:04:45.088+0000] {processor.py:161} INFO - Started process (PID=7384) to work on /home/airflow/.local/lib/python3.11/site-packages/airflow/example_dags/example_time_delta_sensor_async.py
[2024-07-09T17:04:45.089+0000] {processor.py:830} INFO - Processing file /home/airflow/.local/lib/python3.11/site-packages/airflow/example_dags/example_time_delta_sensor_async.py for tasks to queue
[2024-07-09T17:04:45.090+0000] {logging_mixin.py:188} INFO - [2024-07-09T17:04:45.090+0000] {dagbag.py:540} INFO - Filling up the DagBag from /home/airflow/.local/lib/python3.11/site-packages/airflow/example_dags/example_time_delta_sensor_async.py
[2024-07-09T17:04:45.095+0000] {processor.py:840} INFO - DAG(s) 'example_time_delta_sensor_async' retrieved from /home/airflow/.local/lib/python3.11/site-packages/airflow/example_dags/example_time_delta_sensor_async.py
[2024-07-09T17:04:45.116+0000] {logging_mixin.py:188} INFO - [2024-07-09T17:04:45.116+0000] {dag.py:3047} INFO - Sync 1 DAGs
[2024-07-09T17:04:45.126+0000] {logging_mixin.py:188} INFO - [2024-07-09T17:04:45.126+0000] {dag.py:3834} INFO - Setting next_dagrun for example_time_delta_sensor_async to None, run_after=None
[2024-07-09T17:04:45.141+0000] {processor.py:183} INFO - Processing /home/airflow/.local/lib/python3.11/site-packages/airflow/example_dags/example_time_delta_sensor_async.py took 0.057 seconds
[2024-07-09T17:05:15.997+0000] {processor.py:161} INFO - Started process (PID=7646) to work on /home/airflow/.local/lib/python3.11/site-packages/airflow/example_dags/example_time_delta_sensor_async.py
[2024-07-09T17:05:15.998+0000] {processor.py:830} INFO - Processing file /home/airflow/.local/lib/python3.11/site-packages/airflow/example_dags/example_time_delta_sensor_async.py for tasks to queue
[2024-07-09T17:05:15.999+0000] {logging_mixin.py:188} INFO - [2024-07-09T17:05:15.999+0000] {dagbag.py:540} INFO - Filling up the DagBag from /home/airflow/.local/lib/python3.11/site-packages/airflow/example_dags/example_time_delta_sensor_async.py
[2024-07-09T17:05:16.004+0000] {processor.py:840} INFO - DAG(s) 'example_time_delta_sensor_async' retrieved from /home/airflow/.local/lib/python3.11/site-packages/airflow/example_dags/example_time_delta_sensor_async.py
[2024-07-09T17:05:16.028+0000] {logging_mixin.py:188} INFO - [2024-07-09T17:05:16.028+0000] {dag.py:3047} INFO - Sync 1 DAGs
[2024-07-09T17:05:16.037+0000] {logging_mixin.py:188} INFO - [2024-07-09T17:05:16.037+0000] {dag.py:3834} INFO - Setting next_dagrun for example_time_delta_sensor_async to None, run_after=None
[2024-07-09T17:05:16.051+0000] {processor.py:183} INFO - Processing /home/airflow/.local/lib/python3.11/site-packages/airflow/example_dags/example_time_delta_sensor_async.py took 0.057 seconds
[2024-07-09T17:05:46.665+0000] {processor.py:161} INFO - Started process (PID=7908) to work on /home/airflow/.local/lib/python3.11/site-packages/airflow/example_dags/example_time_delta_sensor_async.py
[2024-07-09T17:05:46.666+0000] {processor.py:830} INFO - Processing file /home/airflow/.local/lib/python3.11/site-packages/airflow/example_dags/example_time_delta_sensor_async.py for tasks to queue
[2024-07-09T17:05:46.667+0000] {logging_mixin.py:188} INFO - [2024-07-09T17:05:46.667+0000] {dagbag.py:540} INFO - Filling up the DagBag from /home/airflow/.local/lib/python3.11/site-packages/airflow/example_dags/example_time_delta_sensor_async.py
[2024-07-09T17:05:46.673+0000] {processor.py:840} INFO - DAG(s) 'example_time_delta_sensor_async' retrieved from /home/airflow/.local/lib/python3.11/site-packages/airflow/example_dags/example_time_delta_sensor_async.py
[2024-07-09T17:05:46.693+0000] {logging_mixin.py:188} INFO - [2024-07-09T17:05:46.693+0000] {dag.py:3047} INFO - Sync 1 DAGs
[2024-07-09T17:05:46.704+0000] {logging_mixin.py:188} INFO - [2024-07-09T17:05:46.703+0000] {dag.py:3834} INFO - Setting next_dagrun for example_time_delta_sensor_async to None, run_after=None
[2024-07-09T17:05:46.720+0000] {processor.py:183} INFO - Processing /home/airflow/.local/lib/python3.11/site-packages/airflow/example_dags/example_time_delta_sensor_async.py took 0.058 seconds
[2024-07-09T17:06:17.788+0000] {processor.py:161} INFO - Started process (PID=8170) to work on /home/airflow/.local/lib/python3.11/site-packages/airflow/example_dags/example_time_delta_sensor_async.py
[2024-07-09T17:06:17.790+0000] {processor.py:830} INFO - Processing file /home/airflow/.local/lib/python3.11/site-packages/airflow/example_dags/example_time_delta_sensor_async.py for tasks to queue
[2024-07-09T17:06:17.791+0000] {logging_mixin.py:188} INFO - [2024-07-09T17:06:17.791+0000] {dagbag.py:540} INFO - Filling up the DagBag from /home/airflow/.local/lib/python3.11/site-packages/airflow/example_dags/example_time_delta_sensor_async.py
[2024-07-09T17:06:17.797+0000] {processor.py:840} INFO - DAG(s) 'example_time_delta_sensor_async' retrieved from /home/airflow/.local/lib/python3.11/site-packages/airflow/example_dags/example_time_delta_sensor_async.py
[2024-07-09T17:06:17.822+0000] {logging_mixin.py:188} INFO - [2024-07-09T17:06:17.821+0000] {dag.py:3047} INFO - Sync 1 DAGs
[2024-07-09T17:06:17.832+0000] {logging_mixin.py:188} INFO - [2024-07-09T17:06:17.832+0000] {dag.py:3834} INFO - Setting next_dagrun for example_time_delta_sensor_async to None, run_after=None
[2024-07-09T17:06:17.849+0000] {processor.py:183} INFO - Processing /home/airflow/.local/lib/python3.11/site-packages/airflow/example_dags/example_time_delta_sensor_async.py took 0.064 seconds
[2024-07-09T17:06:47.922+0000] {processor.py:161} INFO - Started process (PID=8432) to work on /home/airflow/.local/lib/python3.11/site-packages/airflow/example_dags/example_time_delta_sensor_async.py
[2024-07-09T17:06:47.923+0000] {processor.py:830} INFO - Processing file /home/airflow/.local/lib/python3.11/site-packages/airflow/example_dags/example_time_delta_sensor_async.py for tasks to queue
[2024-07-09T17:06:47.924+0000] {logging_mixin.py:188} INFO - [2024-07-09T17:06:47.924+0000] {dagbag.py:540} INFO - Filling up the DagBag from /home/airflow/.local/lib/python3.11/site-packages/airflow/example_dags/example_time_delta_sensor_async.py
[2024-07-09T17:06:47.928+0000] {processor.py:840} INFO - DAG(s) 'example_time_delta_sensor_async' retrieved from /home/airflow/.local/lib/python3.11/site-packages/airflow/example_dags/example_time_delta_sensor_async.py
[2024-07-09T17:06:47.948+0000] {logging_mixin.py:188} INFO - [2024-07-09T17:06:47.948+0000] {dag.py:3047} INFO - Sync 1 DAGs
[2024-07-09T17:06:47.959+0000] {logging_mixin.py:188} INFO - [2024-07-09T17:06:47.959+0000] {dag.py:3834} INFO - Setting next_dagrun for example_time_delta_sensor_async to None, run_after=None
[2024-07-09T17:06:47.974+0000] {processor.py:183} INFO - Processing /home/airflow/.local/lib/python3.11/site-packages/airflow/example_dags/example_time_delta_sensor_async.py took 0.055 seconds
