[2024-07-09T16:51:00.388+0000] {processor.py:161} INFO - Started process (PID=275) to work on /home/airflow/.local/lib/python3.11/site-packages/airflow/example_dags/example_sla_dag.py
[2024-07-09T16:51:00.389+0000] {processor.py:830} INFO - Processing file /home/airflow/.local/lib/python3.11/site-packages/airflow/example_dags/example_sla_dag.py for tasks to queue
[2024-07-09T16:51:00.391+0000] {logging_mixin.py:188} INFO - [2024-07-09T16:51:00.390+0000] {dagbag.py:540} INFO - Filling up the DagBag from /home/airflow/.local/lib/python3.11/site-packages/airflow/example_dags/example_sla_dag.py
[2024-07-09T16:51:00.410+0000] {processor.py:840} INFO - DAG(s) 'example_sla_dag' retrieved from /home/airflow/.local/lib/python3.11/site-packages/airflow/example_dags/example_sla_dag.py
[2024-07-09T16:51:00.573+0000] {logging_mixin.py:188} INFO - [2024-07-09T16:51:00.572+0000] {override.py:1769} INFO - Created Permission View: can delete on DAG:example_sla_dag
[2024-07-09T16:51:00.588+0000] {logging_mixin.py:188} INFO - [2024-07-09T16:51:00.587+0000] {override.py:1769} INFO - Created Permission View: can edit on DAG:example_sla_dag
[2024-07-09T16:51:00.598+0000] {logging_mixin.py:188} INFO - [2024-07-09T16:51:00.597+0000] {override.py:1769} INFO - Created Permission View: can read on DAG:example_sla_dag
[2024-07-09T16:51:00.599+0000] {logging_mixin.py:188} INFO - [2024-07-09T16:51:00.598+0000] {dag.py:3047} INFO - Sync 1 DAGs
[2024-07-09T16:51:00.614+0000] {logging_mixin.py:188} INFO - [2024-07-09T16:51:00.613+0000] {dag.py:3069} INFO - Creating ORM DAG for example_sla_dag
[2024-07-09T16:51:00.631+0000] {logging_mixin.py:188} INFO - [2024-07-09T16:51:00.631+0000] {dag.py:3834} INFO - Setting next_dagrun for example_sla_dag to 2024-07-09 16:48:00+00:00, run_after=2024-07-09 16:50:00+00:00
[2024-07-09T16:51:00.652+0000] {processor.py:183} INFO - Processing /home/airflow/.local/lib/python3.11/site-packages/airflow/example_dags/example_sla_dag.py took 0.271 seconds
[2024-07-09T16:51:31.175+0000] {processor.py:161} INFO - Started process (PID=537) to work on /home/airflow/.local/lib/python3.11/site-packages/airflow/example_dags/example_sla_dag.py
[2024-07-09T16:51:31.177+0000] {processor.py:830} INFO - Processing file /home/airflow/.local/lib/python3.11/site-packages/airflow/example_dags/example_sla_dag.py for tasks to queue
[2024-07-09T16:51:31.178+0000] {logging_mixin.py:188} INFO - [2024-07-09T16:51:31.177+0000] {dagbag.py:540} INFO - Filling up the DagBag from /home/airflow/.local/lib/python3.11/site-packages/airflow/example_dags/example_sla_dag.py
[2024-07-09T16:51:31.186+0000] {processor.py:840} INFO - DAG(s) 'example_sla_dag' retrieved from /home/airflow/.local/lib/python3.11/site-packages/airflow/example_dags/example_sla_dag.py
[2024-07-09T16:51:31.208+0000] {logging_mixin.py:188} INFO - [2024-07-09T16:51:31.207+0000] {dag.py:3047} INFO - Sync 1 DAGs
[2024-07-09T16:51:31.230+0000] {logging_mixin.py:188} INFO - [2024-07-09T16:51:31.229+0000] {dag.py:3834} INFO - Setting next_dagrun for example_sla_dag to 2024-07-09 16:48:00+00:00, run_after=2024-07-09 16:50:00+00:00
[2024-07-09T16:51:31.246+0000] {processor.py:183} INFO - Processing /home/airflow/.local/lib/python3.11/site-packages/airflow/example_dags/example_sla_dag.py took 0.074 seconds
[2024-07-09T16:52:01.358+0000] {processor.py:161} INFO - Started process (PID=799) to work on /home/airflow/.local/lib/python3.11/site-packages/airflow/example_dags/example_sla_dag.py
[2024-07-09T16:52:01.359+0000] {processor.py:830} INFO - Processing file /home/airflow/.local/lib/python3.11/site-packages/airflow/example_dags/example_sla_dag.py for tasks to queue
[2024-07-09T16:52:01.360+0000] {logging_mixin.py:188} INFO - [2024-07-09T16:52:01.359+0000] {dagbag.py:540} INFO - Filling up the DagBag from /home/airflow/.local/lib/python3.11/site-packages/airflow/example_dags/example_sla_dag.py
[2024-07-09T16:52:01.368+0000] {processor.py:840} INFO - DAG(s) 'example_sla_dag' retrieved from /home/airflow/.local/lib/python3.11/site-packages/airflow/example_dags/example_sla_dag.py
[2024-07-09T16:52:01.391+0000] {logging_mixin.py:188} INFO - [2024-07-09T16:52:01.391+0000] {dag.py:3047} INFO - Sync 1 DAGs
[2024-07-09T16:52:01.415+0000] {logging_mixin.py:188} INFO - [2024-07-09T16:52:01.415+0000] {dag.py:3834} INFO - Setting next_dagrun for example_sla_dag to 2024-07-09 16:50:00+00:00, run_after=2024-07-09 16:52:00+00:00
[2024-07-09T16:52:01.436+0000] {processor.py:183} INFO - Processing /home/airflow/.local/lib/python3.11/site-packages/airflow/example_dags/example_sla_dag.py took 0.081 seconds
[2024-07-09T16:52:31.831+0000] {processor.py:161} INFO - Started process (PID=1061) to work on /home/airflow/.local/lib/python3.11/site-packages/airflow/example_dags/example_sla_dag.py
[2024-07-09T16:52:31.832+0000] {processor.py:830} INFO - Processing file /home/airflow/.local/lib/python3.11/site-packages/airflow/example_dags/example_sla_dag.py for tasks to queue
[2024-07-09T16:52:31.834+0000] {logging_mixin.py:188} INFO - [2024-07-09T16:52:31.833+0000] {dagbag.py:540} INFO - Filling up the DagBag from /home/airflow/.local/lib/python3.11/site-packages/airflow/example_dags/example_sla_dag.py
[2024-07-09T16:52:31.841+0000] {processor.py:840} INFO - DAG(s) 'example_sla_dag' retrieved from /home/airflow/.local/lib/python3.11/site-packages/airflow/example_dags/example_sla_dag.py
[2024-07-09T16:52:31.866+0000] {logging_mixin.py:188} INFO - [2024-07-09T16:52:31.866+0000] {dag.py:3047} INFO - Sync 1 DAGs
[2024-07-09T16:52:31.911+0000] {logging_mixin.py:188} INFO - [2024-07-09T16:52:31.911+0000] {dag.py:3834} INFO - Setting next_dagrun for example_sla_dag to 2024-07-09 16:50:00+00:00, run_after=2024-07-09 16:52:00+00:00
[2024-07-09T16:52:31.932+0000] {processor.py:183} INFO - Processing /home/airflow/.local/lib/python3.11/site-packages/airflow/example_dags/example_sla_dag.py took 0.104 seconds
[2024-07-09T16:53:03.012+0000] {processor.py:161} INFO - Started process (PID=1323) to work on /home/airflow/.local/lib/python3.11/site-packages/airflow/example_dags/example_sla_dag.py
[2024-07-09T16:53:03.013+0000] {processor.py:830} INFO - Processing file /home/airflow/.local/lib/python3.11/site-packages/airflow/example_dags/example_sla_dag.py for tasks to queue
[2024-07-09T16:53:03.015+0000] {logging_mixin.py:188} INFO - [2024-07-09T16:53:03.014+0000] {dagbag.py:540} INFO - Filling up the DagBag from /home/airflow/.local/lib/python3.11/site-packages/airflow/example_dags/example_sla_dag.py
[2024-07-09T16:53:03.023+0000] {processor.py:840} INFO - DAG(s) 'example_sla_dag' retrieved from /home/airflow/.local/lib/python3.11/site-packages/airflow/example_dags/example_sla_dag.py
[2024-07-09T16:53:03.049+0000] {logging_mixin.py:188} INFO - [2024-07-09T16:53:03.049+0000] {dag.py:3047} INFO - Sync 1 DAGs
[2024-07-09T16:53:03.201+0000] {logging_mixin.py:188} INFO - [2024-07-09T16:53:03.201+0000] {dag.py:3834} INFO - Setting next_dagrun for example_sla_dag to 2024-07-09 16:50:00+00:00, run_after=2024-07-09 16:52:00+00:00
[2024-07-09T16:53:03.221+0000] {processor.py:183} INFO - Processing /home/airflow/.local/lib/python3.11/site-packages/airflow/example_dags/example_sla_dag.py took 0.212 seconds
[2024-07-09T16:53:33.965+0000] {processor.py:161} INFO - Started process (PID=1587) to work on /home/airflow/.local/lib/python3.11/site-packages/airflow/example_dags/example_sla_dag.py
[2024-07-09T16:53:33.966+0000] {processor.py:830} INFO - Processing file /home/airflow/.local/lib/python3.11/site-packages/airflow/example_dags/example_sla_dag.py for tasks to queue
[2024-07-09T16:53:33.967+0000] {logging_mixin.py:188} INFO - [2024-07-09T16:53:33.967+0000] {dagbag.py:540} INFO - Filling up the DagBag from /home/airflow/.local/lib/python3.11/site-packages/airflow/example_dags/example_sla_dag.py
[2024-07-09T16:53:33.974+0000] {processor.py:840} INFO - DAG(s) 'example_sla_dag' retrieved from /home/airflow/.local/lib/python3.11/site-packages/airflow/example_dags/example_sla_dag.py
[2024-07-09T16:53:33.994+0000] {logging_mixin.py:188} INFO - [2024-07-09T16:53:33.994+0000] {dag.py:3047} INFO - Sync 1 DAGs
[2024-07-09T16:53:34.011+0000] {logging_mixin.py:188} INFO - [2024-07-09T16:53:34.011+0000] {dag.py:3834} INFO - Setting next_dagrun for example_sla_dag to 2024-07-09 16:50:00+00:00, run_after=2024-07-09 16:52:00+00:00
[2024-07-09T16:53:34.028+0000] {processor.py:183} INFO - Processing /home/airflow/.local/lib/python3.11/site-packages/airflow/example_dags/example_sla_dag.py took 0.065 seconds
[2024-07-09T16:54:04.743+0000] {processor.py:161} INFO - Started process (PID=1847) to work on /home/airflow/.local/lib/python3.11/site-packages/airflow/example_dags/example_sla_dag.py
[2024-07-09T16:54:04.744+0000] {processor.py:830} INFO - Processing file /home/airflow/.local/lib/python3.11/site-packages/airflow/example_dags/example_sla_dag.py for tasks to queue
[2024-07-09T16:54:04.745+0000] {logging_mixin.py:188} INFO - [2024-07-09T16:54:04.745+0000] {dagbag.py:540} INFO - Filling up the DagBag from /home/airflow/.local/lib/python3.11/site-packages/airflow/example_dags/example_sla_dag.py
[2024-07-09T16:54:04.755+0000] {processor.py:840} INFO - DAG(s) 'example_sla_dag' retrieved from /home/airflow/.local/lib/python3.11/site-packages/airflow/example_dags/example_sla_dag.py
[2024-07-09T16:54:04.777+0000] {logging_mixin.py:188} INFO - [2024-07-09T16:54:04.777+0000] {dag.py:3047} INFO - Sync 1 DAGs
[2024-07-09T16:54:04.798+0000] {logging_mixin.py:188} INFO - [2024-07-09T16:54:04.798+0000] {dag.py:3834} INFO - Setting next_dagrun for example_sla_dag to 2024-07-09 16:52:00+00:00, run_after=2024-07-09 16:54:00+00:00
[2024-07-09T16:54:04.839+0000] {processor.py:183} INFO - Processing /home/airflow/.local/lib/python3.11/site-packages/airflow/example_dags/example_sla_dag.py took 0.099 seconds
[2024-07-09T16:54:35.358+0000] {processor.py:161} INFO - Started process (PID=2111) to work on /home/airflow/.local/lib/python3.11/site-packages/airflow/example_dags/example_sla_dag.py
[2024-07-09T16:54:35.359+0000] {processor.py:830} INFO - Processing file /home/airflow/.local/lib/python3.11/site-packages/airflow/example_dags/example_sla_dag.py for tasks to queue
[2024-07-09T16:54:35.360+0000] {logging_mixin.py:188} INFO - [2024-07-09T16:54:35.360+0000] {dagbag.py:540} INFO - Filling up the DagBag from /home/airflow/.local/lib/python3.11/site-packages/airflow/example_dags/example_sla_dag.py
[2024-07-09T16:54:35.368+0000] {processor.py:840} INFO - DAG(s) 'example_sla_dag' retrieved from /home/airflow/.local/lib/python3.11/site-packages/airflow/example_dags/example_sla_dag.py
[2024-07-09T16:54:35.389+0000] {logging_mixin.py:188} INFO - [2024-07-09T16:54:35.389+0000] {dag.py:3047} INFO - Sync 1 DAGs
[2024-07-09T16:54:35.410+0000] {logging_mixin.py:188} INFO - [2024-07-09T16:54:35.410+0000] {dag.py:3834} INFO - Setting next_dagrun for example_sla_dag to 2024-07-09 16:52:00+00:00, run_after=2024-07-09 16:54:00+00:00
[2024-07-09T16:54:35.427+0000] {processor.py:183} INFO - Processing /home/airflow/.local/lib/python3.11/site-packages/airflow/example_dags/example_sla_dag.py took 0.072 seconds
[2024-07-09T16:55:05.634+0000] {processor.py:161} INFO - Started process (PID=2363) to work on /home/airflow/.local/lib/python3.11/site-packages/airflow/example_dags/example_sla_dag.py
[2024-07-09T16:55:05.636+0000] {processor.py:830} INFO - Processing file /home/airflow/.local/lib/python3.11/site-packages/airflow/example_dags/example_sla_dag.py for tasks to queue
[2024-07-09T16:55:05.637+0000] {logging_mixin.py:188} INFO - [2024-07-09T16:55:05.637+0000] {dagbag.py:540} INFO - Filling up the DagBag from /home/airflow/.local/lib/python3.11/site-packages/airflow/example_dags/example_sla_dag.py
[2024-07-09T16:55:05.654+0000] {processor.py:840} INFO - DAG(s) 'example_sla_dag' retrieved from /home/airflow/.local/lib/python3.11/site-packages/airflow/example_dags/example_sla_dag.py
[2024-07-09T16:55:05.699+0000] {logging_mixin.py:188} INFO - [2024-07-09T16:55:05.699+0000] {dag.py:3047} INFO - Sync 1 DAGs
[2024-07-09T16:55:05.805+0000] {logging_mixin.py:188} INFO - [2024-07-09T16:55:05.805+0000] {dag.py:3834} INFO - Setting next_dagrun for example_sla_dag to 2024-07-09 16:52:00+00:00, run_after=2024-07-09 16:54:00+00:00
[2024-07-09T16:55:05.824+0000] {processor.py:183} INFO - Processing /home/airflow/.local/lib/python3.11/site-packages/airflow/example_dags/example_sla_dag.py took 0.194 seconds
[2024-07-09T16:55:35.924+0000] {processor.py:161} INFO - Started process (PID=2621) to work on /home/airflow/.local/lib/python3.11/site-packages/airflow/example_dags/example_sla_dag.py
[2024-07-09T16:55:35.926+0000] {processor.py:830} INFO - Processing file /home/airflow/.local/lib/python3.11/site-packages/airflow/example_dags/example_sla_dag.py for tasks to queue
[2024-07-09T16:55:35.927+0000] {logging_mixin.py:188} INFO - [2024-07-09T16:55:35.926+0000] {dagbag.py:540} INFO - Filling up the DagBag from /home/airflow/.local/lib/python3.11/site-packages/airflow/example_dags/example_sla_dag.py
[2024-07-09T16:55:35.934+0000] {processor.py:840} INFO - DAG(s) 'example_sla_dag' retrieved from /home/airflow/.local/lib/python3.11/site-packages/airflow/example_dags/example_sla_dag.py
[2024-07-09T16:55:35.952+0000] {logging_mixin.py:188} INFO - [2024-07-09T16:55:35.952+0000] {dag.py:3047} INFO - Sync 1 DAGs
[2024-07-09T16:55:35.969+0000] {logging_mixin.py:188} INFO - [2024-07-09T16:55:35.969+0000] {dag.py:3834} INFO - Setting next_dagrun for example_sla_dag to 2024-07-09 16:52:00+00:00, run_after=2024-07-09 16:54:00+00:00
[2024-07-09T16:55:35.983+0000] {processor.py:183} INFO - Processing /home/airflow/.local/lib/python3.11/site-packages/airflow/example_dags/example_sla_dag.py took 0.061 seconds
[2024-07-09T16:56:06.097+0000] {processor.py:161} INFO - Started process (PID=2883) to work on /home/airflow/.local/lib/python3.11/site-packages/airflow/example_dags/example_sla_dag.py
[2024-07-09T16:56:06.098+0000] {processor.py:830} INFO - Processing file /home/airflow/.local/lib/python3.11/site-packages/airflow/example_dags/example_sla_dag.py for tasks to queue
[2024-07-09T16:56:06.099+0000] {logging_mixin.py:188} INFO - [2024-07-09T16:56:06.099+0000] {dagbag.py:540} INFO - Filling up the DagBag from /home/airflow/.local/lib/python3.11/site-packages/airflow/example_dags/example_sla_dag.py
[2024-07-09T16:56:06.106+0000] {processor.py:840} INFO - DAG(s) 'example_sla_dag' retrieved from /home/airflow/.local/lib/python3.11/site-packages/airflow/example_dags/example_sla_dag.py
[2024-07-09T16:56:06.123+0000] {logging_mixin.py:188} INFO - [2024-07-09T16:56:06.123+0000] {dag.py:3047} INFO - Sync 1 DAGs
[2024-07-09T16:56:06.140+0000] {logging_mixin.py:188} INFO - [2024-07-09T16:56:06.140+0000] {dag.py:3834} INFO - Setting next_dagrun for example_sla_dag to 2024-07-09 16:54:00+00:00, run_after=2024-07-09 16:56:00+00:00
[2024-07-09T16:56:06.154+0000] {processor.py:183} INFO - Processing /home/airflow/.local/lib/python3.11/site-packages/airflow/example_dags/example_sla_dag.py took 0.060 seconds
[2024-07-09T16:56:36.272+0000] {processor.py:161} INFO - Started process (PID=3145) to work on /home/airflow/.local/lib/python3.11/site-packages/airflow/example_dags/example_sla_dag.py
[2024-07-09T16:56:36.273+0000] {processor.py:830} INFO - Processing file /home/airflow/.local/lib/python3.11/site-packages/airflow/example_dags/example_sla_dag.py for tasks to queue
[2024-07-09T16:56:36.275+0000] {logging_mixin.py:188} INFO - [2024-07-09T16:56:36.274+0000] {dagbag.py:540} INFO - Filling up the DagBag from /home/airflow/.local/lib/python3.11/site-packages/airflow/example_dags/example_sla_dag.py
[2024-07-09T16:56:36.282+0000] {processor.py:840} INFO - DAG(s) 'example_sla_dag' retrieved from /home/airflow/.local/lib/python3.11/site-packages/airflow/example_dags/example_sla_dag.py
[2024-07-09T16:56:36.301+0000] {logging_mixin.py:188} INFO - [2024-07-09T16:56:36.300+0000] {dag.py:3047} INFO - Sync 1 DAGs
[2024-07-09T16:56:36.318+0000] {logging_mixin.py:188} INFO - [2024-07-09T16:56:36.318+0000] {dag.py:3834} INFO - Setting next_dagrun for example_sla_dag to 2024-07-09 16:54:00+00:00, run_after=2024-07-09 16:56:00+00:00
[2024-07-09T16:56:36.333+0000] {processor.py:183} INFO - Processing /home/airflow/.local/lib/python3.11/site-packages/airflow/example_dags/example_sla_dag.py took 0.064 seconds
[2024-07-09T16:57:06.554+0000] {processor.py:161} INFO - Started process (PID=3407) to work on /home/airflow/.local/lib/python3.11/site-packages/airflow/example_dags/example_sla_dag.py
[2024-07-09T16:57:06.555+0000] {processor.py:830} INFO - Processing file /home/airflow/.local/lib/python3.11/site-packages/airflow/example_dags/example_sla_dag.py for tasks to queue
[2024-07-09T16:57:06.556+0000] {logging_mixin.py:188} INFO - [2024-07-09T16:57:06.556+0000] {dagbag.py:540} INFO - Filling up the DagBag from /home/airflow/.local/lib/python3.11/site-packages/airflow/example_dags/example_sla_dag.py
[2024-07-09T16:57:06.563+0000] {processor.py:840} INFO - DAG(s) 'example_sla_dag' retrieved from /home/airflow/.local/lib/python3.11/site-packages/airflow/example_dags/example_sla_dag.py
[2024-07-09T16:57:06.580+0000] {logging_mixin.py:188} INFO - [2024-07-09T16:57:06.580+0000] {dag.py:3047} INFO - Sync 1 DAGs
[2024-07-09T16:57:06.597+0000] {logging_mixin.py:188} INFO - [2024-07-09T16:57:06.597+0000] {dag.py:3834} INFO - Setting next_dagrun for example_sla_dag to 2024-07-09 16:54:00+00:00, run_after=2024-07-09 16:56:00+00:00
[2024-07-09T16:57:06.615+0000] {processor.py:183} INFO - Processing /home/airflow/.local/lib/python3.11/site-packages/airflow/example_dags/example_sla_dag.py took 0.064 seconds
[2024-07-09T16:57:37.359+0000] {processor.py:161} INFO - Started process (PID=3669) to work on /home/airflow/.local/lib/python3.11/site-packages/airflow/example_dags/example_sla_dag.py
[2024-07-09T16:57:37.360+0000] {processor.py:830} INFO - Processing file /home/airflow/.local/lib/python3.11/site-packages/airflow/example_dags/example_sla_dag.py for tasks to queue
[2024-07-09T16:57:37.362+0000] {logging_mixin.py:188} INFO - [2024-07-09T16:57:37.361+0000] {dagbag.py:540} INFO - Filling up the DagBag from /home/airflow/.local/lib/python3.11/site-packages/airflow/example_dags/example_sla_dag.py
[2024-07-09T16:57:37.380+0000] {processor.py:840} INFO - DAG(s) 'example_sla_dag' retrieved from /home/airflow/.local/lib/python3.11/site-packages/airflow/example_dags/example_sla_dag.py
[2024-07-09T16:57:37.439+0000] {logging_mixin.py:188} INFO - [2024-07-09T16:57:37.438+0000] {dag.py:3047} INFO - Sync 1 DAGs
[2024-07-09T16:57:37.504+0000] {logging_mixin.py:188} INFO - [2024-07-09T16:57:37.504+0000] {dag.py:3834} INFO - Setting next_dagrun for example_sla_dag to 2024-07-09 16:54:00+00:00, run_after=2024-07-09 16:56:00+00:00
[2024-07-09T16:57:37.551+0000] {processor.py:183} INFO - Processing /home/airflow/.local/lib/python3.11/site-packages/airflow/example_dags/example_sla_dag.py took 0.196 seconds
[2024-07-09T16:58:08.300+0000] {processor.py:161} INFO - Started process (PID=3931) to work on /home/airflow/.local/lib/python3.11/site-packages/airflow/example_dags/example_sla_dag.py
[2024-07-09T16:58:08.301+0000] {processor.py:830} INFO - Processing file /home/airflow/.local/lib/python3.11/site-packages/airflow/example_dags/example_sla_dag.py for tasks to queue
[2024-07-09T16:58:08.302+0000] {logging_mixin.py:188} INFO - [2024-07-09T16:58:08.302+0000] {dagbag.py:540} INFO - Filling up the DagBag from /home/airflow/.local/lib/python3.11/site-packages/airflow/example_dags/example_sla_dag.py
[2024-07-09T16:58:08.310+0000] {processor.py:840} INFO - DAG(s) 'example_sla_dag' retrieved from /home/airflow/.local/lib/python3.11/site-packages/airflow/example_dags/example_sla_dag.py
[2024-07-09T16:58:08.329+0000] {logging_mixin.py:188} INFO - [2024-07-09T16:58:08.328+0000] {dag.py:3047} INFO - Sync 1 DAGs
[2024-07-09T16:58:08.349+0000] {logging_mixin.py:188} INFO - [2024-07-09T16:58:08.349+0000] {dag.py:3834} INFO - Setting next_dagrun for example_sla_dag to 2024-07-09 16:56:00+00:00, run_after=2024-07-09 16:58:00+00:00
[2024-07-09T16:58:08.364+0000] {processor.py:183} INFO - Processing /home/airflow/.local/lib/python3.11/site-packages/airflow/example_dags/example_sla_dag.py took 0.067 seconds
[2024-07-09T16:58:38.740+0000] {processor.py:161} INFO - Started process (PID=4193) to work on /home/airflow/.local/lib/python3.11/site-packages/airflow/example_dags/example_sla_dag.py
[2024-07-09T16:58:38.741+0000] {processor.py:830} INFO - Processing file /home/airflow/.local/lib/python3.11/site-packages/airflow/example_dags/example_sla_dag.py for tasks to queue
[2024-07-09T16:58:38.742+0000] {logging_mixin.py:188} INFO - [2024-07-09T16:58:38.742+0000] {dagbag.py:540} INFO - Filling up the DagBag from /home/airflow/.local/lib/python3.11/site-packages/airflow/example_dags/example_sla_dag.py
[2024-07-09T16:58:38.749+0000] {processor.py:840} INFO - DAG(s) 'example_sla_dag' retrieved from /home/airflow/.local/lib/python3.11/site-packages/airflow/example_dags/example_sla_dag.py
[2024-07-09T16:58:38.767+0000] {logging_mixin.py:188} INFO - [2024-07-09T16:58:38.767+0000] {dag.py:3047} INFO - Sync 1 DAGs
[2024-07-09T16:58:38.785+0000] {logging_mixin.py:188} INFO - [2024-07-09T16:58:38.785+0000] {dag.py:3834} INFO - Setting next_dagrun for example_sla_dag to 2024-07-09 16:56:00+00:00, run_after=2024-07-09 16:58:00+00:00
[2024-07-09T16:58:38.799+0000] {processor.py:183} INFO - Processing /home/airflow/.local/lib/python3.11/site-packages/airflow/example_dags/example_sla_dag.py took 0.062 seconds
[2024-07-09T16:59:09.647+0000] {processor.py:161} INFO - Started process (PID=4455) to work on /home/airflow/.local/lib/python3.11/site-packages/airflow/example_dags/example_sla_dag.py
[2024-07-09T16:59:09.648+0000] {processor.py:830} INFO - Processing file /home/airflow/.local/lib/python3.11/site-packages/airflow/example_dags/example_sla_dag.py for tasks to queue
[2024-07-09T16:59:09.650+0000] {logging_mixin.py:188} INFO - [2024-07-09T16:59:09.649+0000] {dagbag.py:540} INFO - Filling up the DagBag from /home/airflow/.local/lib/python3.11/site-packages/airflow/example_dags/example_sla_dag.py
[2024-07-09T16:59:09.660+0000] {processor.py:840} INFO - DAG(s) 'example_sla_dag' retrieved from /home/airflow/.local/lib/python3.11/site-packages/airflow/example_dags/example_sla_dag.py
[2024-07-09T16:59:09.684+0000] {logging_mixin.py:188} INFO - [2024-07-09T16:59:09.684+0000] {dag.py:3047} INFO - Sync 1 DAGs
[2024-07-09T16:59:09.703+0000] {logging_mixin.py:188} INFO - [2024-07-09T16:59:09.703+0000] {dag.py:3834} INFO - Setting next_dagrun for example_sla_dag to 2024-07-09 16:56:00+00:00, run_after=2024-07-09 16:58:00+00:00
[2024-07-09T16:59:09.721+0000] {processor.py:183} INFO - Processing /home/airflow/.local/lib/python3.11/site-packages/airflow/example_dags/example_sla_dag.py took 0.076 seconds
[2024-07-09T16:59:39.858+0000] {processor.py:161} INFO - Started process (PID=4717) to work on /home/airflow/.local/lib/python3.11/site-packages/airflow/example_dags/example_sla_dag.py
[2024-07-09T16:59:39.859+0000] {processor.py:830} INFO - Processing file /home/airflow/.local/lib/python3.11/site-packages/airflow/example_dags/example_sla_dag.py for tasks to queue
[2024-07-09T16:59:39.861+0000] {logging_mixin.py:188} INFO - [2024-07-09T16:59:39.860+0000] {dagbag.py:540} INFO - Filling up the DagBag from /home/airflow/.local/lib/python3.11/site-packages/airflow/example_dags/example_sla_dag.py
[2024-07-09T16:59:39.871+0000] {processor.py:840} INFO - DAG(s) 'example_sla_dag' retrieved from /home/airflow/.local/lib/python3.11/site-packages/airflow/example_dags/example_sla_dag.py
[2024-07-09T16:59:39.895+0000] {logging_mixin.py:188} INFO - [2024-07-09T16:59:39.895+0000] {dag.py:3047} INFO - Sync 1 DAGs
[2024-07-09T16:59:39.920+0000] {logging_mixin.py:188} INFO - [2024-07-09T16:59:39.919+0000] {dag.py:3834} INFO - Setting next_dagrun for example_sla_dag to 2024-07-09 16:56:00+00:00, run_after=2024-07-09 16:58:00+00:00
[2024-07-09T16:59:39.939+0000] {processor.py:183} INFO - Processing /home/airflow/.local/lib/python3.11/site-packages/airflow/example_dags/example_sla_dag.py took 0.084 seconds
[2024-07-09T17:00:10.376+0000] {processor.py:161} INFO - Started process (PID=4979) to work on /home/airflow/.local/lib/python3.11/site-packages/airflow/example_dags/example_sla_dag.py
[2024-07-09T17:00:10.377+0000] {processor.py:830} INFO - Processing file /home/airflow/.local/lib/python3.11/site-packages/airflow/example_dags/example_sla_dag.py for tasks to queue
[2024-07-09T17:00:10.378+0000] {logging_mixin.py:188} INFO - [2024-07-09T17:00:10.378+0000] {dagbag.py:540} INFO - Filling up the DagBag from /home/airflow/.local/lib/python3.11/site-packages/airflow/example_dags/example_sla_dag.py
[2024-07-09T17:00:10.385+0000] {processor.py:840} INFO - DAG(s) 'example_sla_dag' retrieved from /home/airflow/.local/lib/python3.11/site-packages/airflow/example_dags/example_sla_dag.py
[2024-07-09T17:00:10.404+0000] {logging_mixin.py:188} INFO - [2024-07-09T17:00:10.403+0000] {dag.py:3047} INFO - Sync 1 DAGs
[2024-07-09T17:00:10.425+0000] {logging_mixin.py:188} INFO - [2024-07-09T17:00:10.425+0000] {dag.py:3834} INFO - Setting next_dagrun for example_sla_dag to 2024-07-09 16:58:00+00:00, run_after=2024-07-09 17:00:00+00:00
[2024-07-09T17:00:10.444+0000] {processor.py:183} INFO - Processing /home/airflow/.local/lib/python3.11/site-packages/airflow/example_dags/example_sla_dag.py took 0.070 seconds
[2024-07-09T17:00:40.824+0000] {processor.py:161} INFO - Started process (PID=5241) to work on /home/airflow/.local/lib/python3.11/site-packages/airflow/example_dags/example_sla_dag.py
[2024-07-09T17:00:40.825+0000] {processor.py:830} INFO - Processing file /home/airflow/.local/lib/python3.11/site-packages/airflow/example_dags/example_sla_dag.py for tasks to queue
[2024-07-09T17:00:40.826+0000] {logging_mixin.py:188} INFO - [2024-07-09T17:00:40.826+0000] {dagbag.py:540} INFO - Filling up the DagBag from /home/airflow/.local/lib/python3.11/site-packages/airflow/example_dags/example_sla_dag.py
[2024-07-09T17:00:40.835+0000] {processor.py:840} INFO - DAG(s) 'example_sla_dag' retrieved from /home/airflow/.local/lib/python3.11/site-packages/airflow/example_dags/example_sla_dag.py
[2024-07-09T17:00:40.857+0000] {logging_mixin.py:188} INFO - [2024-07-09T17:00:40.856+0000] {dag.py:3047} INFO - Sync 1 DAGs
[2024-07-09T17:00:40.879+0000] {logging_mixin.py:188} INFO - [2024-07-09T17:00:40.879+0000] {dag.py:3834} INFO - Setting next_dagrun for example_sla_dag to 2024-07-09 16:58:00+00:00, run_after=2024-07-09 17:00:00+00:00
[2024-07-09T17:00:40.897+0000] {processor.py:183} INFO - Processing /home/airflow/.local/lib/python3.11/site-packages/airflow/example_dags/example_sla_dag.py took 0.077 seconds
[2024-07-09T17:01:10.939+0000] {processor.py:161} INFO - Started process (PID=5501) to work on /home/airflow/.local/lib/python3.11/site-packages/airflow/example_dags/example_sla_dag.py
[2024-07-09T17:01:10.941+0000] {processor.py:830} INFO - Processing file /home/airflow/.local/lib/python3.11/site-packages/airflow/example_dags/example_sla_dag.py for tasks to queue
[2024-07-09T17:01:10.943+0000] {logging_mixin.py:188} INFO - [2024-07-09T17:01:10.942+0000] {dagbag.py:540} INFO - Filling up the DagBag from /home/airflow/.local/lib/python3.11/site-packages/airflow/example_dags/example_sla_dag.py
[2024-07-09T17:01:10.953+0000] {processor.py:840} INFO - DAG(s) 'example_sla_dag' retrieved from /home/airflow/.local/lib/python3.11/site-packages/airflow/example_dags/example_sla_dag.py
[2024-07-09T17:01:10.978+0000] {logging_mixin.py:188} INFO - [2024-07-09T17:01:10.977+0000] {dag.py:3047} INFO - Sync 1 DAGs
[2024-07-09T17:01:11.003+0000] {logging_mixin.py:188} INFO - [2024-07-09T17:01:11.003+0000] {dag.py:3834} INFO - Setting next_dagrun for example_sla_dag to 2024-07-09 16:58:00+00:00, run_after=2024-07-09 17:00:00+00:00
[2024-07-09T17:01:11.021+0000] {processor.py:183} INFO - Processing /home/airflow/.local/lib/python3.11/site-packages/airflow/example_dags/example_sla_dag.py took 0.084 seconds
[2024-07-09T17:01:41.168+0000] {processor.py:161} INFO - Started process (PID=5765) to work on /home/airflow/.local/lib/python3.11/site-packages/airflow/example_dags/example_sla_dag.py
[2024-07-09T17:01:41.169+0000] {processor.py:830} INFO - Processing file /home/airflow/.local/lib/python3.11/site-packages/airflow/example_dags/example_sla_dag.py for tasks to queue
[2024-07-09T17:01:41.170+0000] {logging_mixin.py:188} INFO - [2024-07-09T17:01:41.170+0000] {dagbag.py:540} INFO - Filling up the DagBag from /home/airflow/.local/lib/python3.11/site-packages/airflow/example_dags/example_sla_dag.py
[2024-07-09T17:01:41.178+0000] {processor.py:840} INFO - DAG(s) 'example_sla_dag' retrieved from /home/airflow/.local/lib/python3.11/site-packages/airflow/example_dags/example_sla_dag.py
[2024-07-09T17:01:41.197+0000] {logging_mixin.py:188} INFO - [2024-07-09T17:01:41.197+0000] {dag.py:3047} INFO - Sync 1 DAGs
[2024-07-09T17:01:41.218+0000] {logging_mixin.py:188} INFO - [2024-07-09T17:01:41.218+0000] {dag.py:3834} INFO - Setting next_dagrun for example_sla_dag to 2024-07-09 16:58:00+00:00, run_after=2024-07-09 17:00:00+00:00
[2024-07-09T17:01:41.239+0000] {processor.py:183} INFO - Processing /home/airflow/.local/lib/python3.11/site-packages/airflow/example_dags/example_sla_dag.py took 0.075 seconds
[2024-07-09T17:02:11.327+0000] {processor.py:161} INFO - Started process (PID=6027) to work on /home/airflow/.local/lib/python3.11/site-packages/airflow/example_dags/example_sla_dag.py
[2024-07-09T17:02:11.329+0000] {processor.py:830} INFO - Processing file /home/airflow/.local/lib/python3.11/site-packages/airflow/example_dags/example_sla_dag.py for tasks to queue
[2024-07-09T17:02:11.330+0000] {logging_mixin.py:188} INFO - [2024-07-09T17:02:11.330+0000] {dagbag.py:540} INFO - Filling up the DagBag from /home/airflow/.local/lib/python3.11/site-packages/airflow/example_dags/example_sla_dag.py
[2024-07-09T17:02:11.337+0000] {processor.py:840} INFO - DAG(s) 'example_sla_dag' retrieved from /home/airflow/.local/lib/python3.11/site-packages/airflow/example_dags/example_sla_dag.py
[2024-07-09T17:02:11.356+0000] {logging_mixin.py:188} INFO - [2024-07-09T17:02:11.356+0000] {dag.py:3047} INFO - Sync 1 DAGs
[2024-07-09T17:02:11.375+0000] {logging_mixin.py:188} INFO - [2024-07-09T17:02:11.375+0000] {dag.py:3834} INFO - Setting next_dagrun for example_sla_dag to 2024-07-09 17:00:00+00:00, run_after=2024-07-09 17:02:00+00:00
[2024-07-09T17:02:11.391+0000] {processor.py:183} INFO - Processing /home/airflow/.local/lib/python3.11/site-packages/airflow/example_dags/example_sla_dag.py took 0.066 seconds
[2024-07-09T17:02:42.087+0000] {processor.py:161} INFO - Started process (PID=6289) to work on /home/airflow/.local/lib/python3.11/site-packages/airflow/example_dags/example_sla_dag.py
[2024-07-09T17:02:42.088+0000] {processor.py:830} INFO - Processing file /home/airflow/.local/lib/python3.11/site-packages/airflow/example_dags/example_sla_dag.py for tasks to queue
[2024-07-09T17:02:42.089+0000] {logging_mixin.py:188} INFO - [2024-07-09T17:02:42.089+0000] {dagbag.py:540} INFO - Filling up the DagBag from /home/airflow/.local/lib/python3.11/site-packages/airflow/example_dags/example_sla_dag.py
[2024-07-09T17:02:42.097+0000] {processor.py:840} INFO - DAG(s) 'example_sla_dag' retrieved from /home/airflow/.local/lib/python3.11/site-packages/airflow/example_dags/example_sla_dag.py
[2024-07-09T17:02:42.115+0000] {logging_mixin.py:188} INFO - [2024-07-09T17:02:42.115+0000] {dag.py:3047} INFO - Sync 1 DAGs
[2024-07-09T17:02:42.133+0000] {logging_mixin.py:188} INFO - [2024-07-09T17:02:42.132+0000] {dag.py:3834} INFO - Setting next_dagrun for example_sla_dag to 2024-07-09 17:00:00+00:00, run_after=2024-07-09 17:02:00+00:00
[2024-07-09T17:02:42.149+0000] {processor.py:183} INFO - Processing /home/airflow/.local/lib/python3.11/site-packages/airflow/example_dags/example_sla_dag.py took 0.064 seconds
[2024-07-09T17:03:12.391+0000] {processor.py:161} INFO - Started process (PID=6551) to work on /home/airflow/.local/lib/python3.11/site-packages/airflow/example_dags/example_sla_dag.py
[2024-07-09T17:03:12.393+0000] {processor.py:830} INFO - Processing file /home/airflow/.local/lib/python3.11/site-packages/airflow/example_dags/example_sla_dag.py for tasks to queue
[2024-07-09T17:03:12.393+0000] {logging_mixin.py:188} INFO - [2024-07-09T17:03:12.393+0000] {dagbag.py:540} INFO - Filling up the DagBag from /home/airflow/.local/lib/python3.11/site-packages/airflow/example_dags/example_sla_dag.py
[2024-07-09T17:03:12.401+0000] {processor.py:840} INFO - DAG(s) 'example_sla_dag' retrieved from /home/airflow/.local/lib/python3.11/site-packages/airflow/example_dags/example_sla_dag.py
[2024-07-09T17:03:12.422+0000] {logging_mixin.py:188} INFO - [2024-07-09T17:03:12.422+0000] {dag.py:3047} INFO - Sync 1 DAGs
[2024-07-09T17:03:12.444+0000] {logging_mixin.py:188} INFO - [2024-07-09T17:03:12.443+0000] {dag.py:3834} INFO - Setting next_dagrun for example_sla_dag to 2024-07-09 17:00:00+00:00, run_after=2024-07-09 17:02:00+00:00
[2024-07-09T17:03:12.461+0000] {processor.py:183} INFO - Processing /home/airflow/.local/lib/python3.11/site-packages/airflow/example_dags/example_sla_dag.py took 0.073 seconds
[2024-07-09T17:03:43.276+0000] {processor.py:161} INFO - Started process (PID=6813) to work on /home/airflow/.local/lib/python3.11/site-packages/airflow/example_dags/example_sla_dag.py
[2024-07-09T17:03:43.277+0000] {processor.py:830} INFO - Processing file /home/airflow/.local/lib/python3.11/site-packages/airflow/example_dags/example_sla_dag.py for tasks to queue
[2024-07-09T17:03:43.278+0000] {logging_mixin.py:188} INFO - [2024-07-09T17:03:43.278+0000] {dagbag.py:540} INFO - Filling up the DagBag from /home/airflow/.local/lib/python3.11/site-packages/airflow/example_dags/example_sla_dag.py
[2024-07-09T17:03:43.285+0000] {processor.py:840} INFO - DAG(s) 'example_sla_dag' retrieved from /home/airflow/.local/lib/python3.11/site-packages/airflow/example_dags/example_sla_dag.py
[2024-07-09T17:03:43.308+0000] {logging_mixin.py:188} INFO - [2024-07-09T17:03:43.307+0000] {dag.py:3047} INFO - Sync 1 DAGs
[2024-07-09T17:03:43.330+0000] {logging_mixin.py:188} INFO - [2024-07-09T17:03:43.330+0000] {dag.py:3834} INFO - Setting next_dagrun for example_sla_dag to 2024-07-09 17:00:00+00:00, run_after=2024-07-09 17:02:00+00:00
[2024-07-09T17:03:43.347+0000] {processor.py:183} INFO - Processing /home/airflow/.local/lib/python3.11/site-packages/airflow/example_dags/example_sla_dag.py took 0.075 seconds
[2024-07-09T17:04:14.101+0000] {processor.py:161} INFO - Started process (PID=7075) to work on /home/airflow/.local/lib/python3.11/site-packages/airflow/example_dags/example_sla_dag.py
[2024-07-09T17:04:14.103+0000] {processor.py:830} INFO - Processing file /home/airflow/.local/lib/python3.11/site-packages/airflow/example_dags/example_sla_dag.py for tasks to queue
[2024-07-09T17:04:14.104+0000] {logging_mixin.py:188} INFO - [2024-07-09T17:04:14.103+0000] {dagbag.py:540} INFO - Filling up the DagBag from /home/airflow/.local/lib/python3.11/site-packages/airflow/example_dags/example_sla_dag.py
[2024-07-09T17:04:14.110+0000] {processor.py:840} INFO - DAG(s) 'example_sla_dag' retrieved from /home/airflow/.local/lib/python3.11/site-packages/airflow/example_dags/example_sla_dag.py
[2024-07-09T17:04:14.132+0000] {logging_mixin.py:188} INFO - [2024-07-09T17:04:14.132+0000] {dag.py:3047} INFO - Sync 1 DAGs
[2024-07-09T17:04:14.150+0000] {logging_mixin.py:188} INFO - [2024-07-09T17:04:14.150+0000] {dag.py:3834} INFO - Setting next_dagrun for example_sla_dag to 2024-07-09 17:02:00+00:00, run_after=2024-07-09 17:04:00+00:00
[2024-07-09T17:04:14.165+0000] {processor.py:183} INFO - Processing /home/airflow/.local/lib/python3.11/site-packages/airflow/example_dags/example_sla_dag.py took 0.066 seconds
[2024-07-09T17:04:44.877+0000] {processor.py:161} INFO - Started process (PID=7357) to work on /home/airflow/.local/lib/python3.11/site-packages/airflow/example_dags/example_sla_dag.py
[2024-07-09T17:04:44.878+0000] {processor.py:830} INFO - Processing file /home/airflow/.local/lib/python3.11/site-packages/airflow/example_dags/example_sla_dag.py for tasks to queue
[2024-07-09T17:04:44.879+0000] {logging_mixin.py:188} INFO - [2024-07-09T17:04:44.879+0000] {dagbag.py:540} INFO - Filling up the DagBag from /home/airflow/.local/lib/python3.11/site-packages/airflow/example_dags/example_sla_dag.py
[2024-07-09T17:04:44.887+0000] {processor.py:840} INFO - DAG(s) 'example_sla_dag' retrieved from /home/airflow/.local/lib/python3.11/site-packages/airflow/example_dags/example_sla_dag.py
[2024-07-09T17:04:44.909+0000] {logging_mixin.py:188} INFO - [2024-07-09T17:04:44.908+0000] {dag.py:3047} INFO - Sync 1 DAGs
[2024-07-09T17:04:44.932+0000] {logging_mixin.py:188} INFO - [2024-07-09T17:04:44.931+0000] {dag.py:3834} INFO - Setting next_dagrun for example_sla_dag to 2024-07-09 17:02:00+00:00, run_after=2024-07-09 17:04:00+00:00
[2024-07-09T17:04:44.951+0000] {processor.py:183} INFO - Processing /home/airflow/.local/lib/python3.11/site-packages/airflow/example_dags/example_sla_dag.py took 0.077 seconds
[2024-07-09T17:05:15.798+0000] {processor.py:161} INFO - Started process (PID=7633) to work on /home/airflow/.local/lib/python3.11/site-packages/airflow/example_dags/example_sla_dag.py
[2024-07-09T17:05:15.799+0000] {processor.py:830} INFO - Processing file /home/airflow/.local/lib/python3.11/site-packages/airflow/example_dags/example_sla_dag.py for tasks to queue
[2024-07-09T17:05:15.800+0000] {logging_mixin.py:188} INFO - [2024-07-09T17:05:15.800+0000] {dagbag.py:540} INFO - Filling up the DagBag from /home/airflow/.local/lib/python3.11/site-packages/airflow/example_dags/example_sla_dag.py
[2024-07-09T17:05:15.807+0000] {processor.py:840} INFO - DAG(s) 'example_sla_dag' retrieved from /home/airflow/.local/lib/python3.11/site-packages/airflow/example_dags/example_sla_dag.py
[2024-07-09T17:05:15.830+0000] {logging_mixin.py:188} INFO - [2024-07-09T17:05:15.829+0000] {dag.py:3047} INFO - Sync 1 DAGs
[2024-07-09T17:05:15.850+0000] {logging_mixin.py:188} INFO - [2024-07-09T17:05:15.850+0000] {dag.py:3834} INFO - Setting next_dagrun for example_sla_dag to 2024-07-09 17:02:00+00:00, run_after=2024-07-09 17:04:00+00:00
[2024-07-09T17:05:15.868+0000] {processor.py:183} INFO - Processing /home/airflow/.local/lib/python3.11/site-packages/airflow/example_dags/example_sla_dag.py took 0.072 seconds
[2024-07-09T17:05:46.466+0000] {processor.py:161} INFO - Started process (PID=7895) to work on /home/airflow/.local/lib/python3.11/site-packages/airflow/example_dags/example_sla_dag.py
[2024-07-09T17:05:46.467+0000] {processor.py:830} INFO - Processing file /home/airflow/.local/lib/python3.11/site-packages/airflow/example_dags/example_sla_dag.py for tasks to queue
[2024-07-09T17:05:46.468+0000] {logging_mixin.py:188} INFO - [2024-07-09T17:05:46.468+0000] {dagbag.py:540} INFO - Filling up the DagBag from /home/airflow/.local/lib/python3.11/site-packages/airflow/example_dags/example_sla_dag.py
[2024-07-09T17:05:46.475+0000] {processor.py:840} INFO - DAG(s) 'example_sla_dag' retrieved from /home/airflow/.local/lib/python3.11/site-packages/airflow/example_dags/example_sla_dag.py
[2024-07-09T17:05:46.501+0000] {logging_mixin.py:188} INFO - [2024-07-09T17:05:46.501+0000] {dag.py:3047} INFO - Sync 1 DAGs
[2024-07-09T17:05:46.526+0000] {logging_mixin.py:188} INFO - [2024-07-09T17:05:46.526+0000] {dag.py:3834} INFO - Setting next_dagrun for example_sla_dag to 2024-07-09 17:02:00+00:00, run_after=2024-07-09 17:04:00+00:00
[2024-07-09T17:05:46.543+0000] {processor.py:183} INFO - Processing /home/airflow/.local/lib/python3.11/site-packages/airflow/example_dags/example_sla_dag.py took 0.081 seconds
[2024-07-09T17:06:17.549+0000] {processor.py:161} INFO - Started process (PID=8157) to work on /home/airflow/.local/lib/python3.11/site-packages/airflow/example_dags/example_sla_dag.py
[2024-07-09T17:06:17.551+0000] {processor.py:830} INFO - Processing file /home/airflow/.local/lib/python3.11/site-packages/airflow/example_dags/example_sla_dag.py for tasks to queue
[2024-07-09T17:06:17.553+0000] {logging_mixin.py:188} INFO - [2024-07-09T17:06:17.551+0000] {dagbag.py:540} INFO - Filling up the DagBag from /home/airflow/.local/lib/python3.11/site-packages/airflow/example_dags/example_sla_dag.py
[2024-07-09T17:06:17.562+0000] {processor.py:840} INFO - DAG(s) 'example_sla_dag' retrieved from /home/airflow/.local/lib/python3.11/site-packages/airflow/example_dags/example_sla_dag.py
[2024-07-09T17:06:17.590+0000] {logging_mixin.py:188} INFO - [2024-07-09T17:06:17.589+0000] {dag.py:3047} INFO - Sync 1 DAGs
[2024-07-09T17:06:17.616+0000] {logging_mixin.py:188} INFO - [2024-07-09T17:06:17.616+0000] {dag.py:3834} INFO - Setting next_dagrun for example_sla_dag to 2024-07-09 17:04:00+00:00, run_after=2024-07-09 17:06:00+00:00
[2024-07-09T17:06:17.636+0000] {processor.py:183} INFO - Processing /home/airflow/.local/lib/python3.11/site-packages/airflow/example_dags/example_sla_dag.py took 0.089 seconds
[2024-07-09T17:06:47.706+0000] {processor.py:161} INFO - Started process (PID=8419) to work on /home/airflow/.local/lib/python3.11/site-packages/airflow/example_dags/example_sla_dag.py
[2024-07-09T17:06:47.707+0000] {processor.py:830} INFO - Processing file /home/airflow/.local/lib/python3.11/site-packages/airflow/example_dags/example_sla_dag.py for tasks to queue
[2024-07-09T17:06:47.708+0000] {logging_mixin.py:188} INFO - [2024-07-09T17:06:47.708+0000] {dagbag.py:540} INFO - Filling up the DagBag from /home/airflow/.local/lib/python3.11/site-packages/airflow/example_dags/example_sla_dag.py
[2024-07-09T17:06:47.716+0000] {processor.py:840} INFO - DAG(s) 'example_sla_dag' retrieved from /home/airflow/.local/lib/python3.11/site-packages/airflow/example_dags/example_sla_dag.py
[2024-07-09T17:06:47.739+0000] {logging_mixin.py:188} INFO - [2024-07-09T17:06:47.739+0000] {dag.py:3047} INFO - Sync 1 DAGs
[2024-07-09T17:06:47.768+0000] {logging_mixin.py:188} INFO - [2024-07-09T17:06:47.768+0000] {dag.py:3834} INFO - Setting next_dagrun for example_sla_dag to 2024-07-09 17:04:00+00:00, run_after=2024-07-09 17:06:00+00:00
[2024-07-09T17:06:47.786+0000] {processor.py:183} INFO - Processing /home/airflow/.local/lib/python3.11/site-packages/airflow/example_dags/example_sla_dag.py took 0.084 seconds
