[2024-07-09T16:50:58.003+0000] {processor.py:161} INFO - Started process (PID=227) to work on /home/airflow/.local/lib/python3.11/site-packages/airflow/example_dags/example_xcomargs.py
[2024-07-09T16:50:58.005+0000] {processor.py:830} INFO - Processing file /home/airflow/.local/lib/python3.11/site-packages/airflow/example_dags/example_xcomargs.py for tasks to queue
[2024-07-09T16:50:58.007+0000] {logging_mixin.py:188} INFO - [2024-07-09T16:50:58.007+0000] {dagbag.py:540} INFO - Filling up the DagBag from /home/airflow/.local/lib/python3.11/site-packages/airflow/example_dags/example_xcomargs.py
[2024-07-09T16:50:58.030+0000] {processor.py:840} INFO - DAG(s) 'example_xcom_args_with_operators', 'example_xcom_args' retrieved from /home/airflow/.local/lib/python3.11/site-packages/airflow/example_dags/example_xcomargs.py
[2024-07-09T16:50:58.311+0000] {logging_mixin.py:188} INFO - [2024-07-09T16:50:58.310+0000] {override.py:1769} INFO - Created Permission View: can delete on DAG:example_xcom_args_with_operators
[2024-07-09T16:50:58.332+0000] {logging_mixin.py:188} INFO - [2024-07-09T16:50:58.331+0000] {override.py:1769} INFO - Created Permission View: can edit on DAG:example_xcom_args_with_operators
[2024-07-09T16:50:58.346+0000] {logging_mixin.py:188} INFO - [2024-07-09T16:50:58.346+0000] {override.py:1769} INFO - Created Permission View: can read on DAG:example_xcom_args_with_operators
[2024-07-09T16:50:58.373+0000] {logging_mixin.py:188} INFO - [2024-07-09T16:50:58.372+0000] {override.py:1769} INFO - Created Permission View: can delete on DAG:example_xcom_args
[2024-07-09T16:50:58.384+0000] {logging_mixin.py:188} INFO - [2024-07-09T16:50:58.383+0000] {override.py:1769} INFO - Created Permission View: can edit on DAG:example_xcom_args
[2024-07-09T16:50:58.395+0000] {logging_mixin.py:188} INFO - [2024-07-09T16:50:58.395+0000] {override.py:1769} INFO - Created Permission View: can read on DAG:example_xcom_args
[2024-07-09T16:50:58.396+0000] {logging_mixin.py:188} INFO - [2024-07-09T16:50:58.396+0000] {dag.py:3047} INFO - Sync 2 DAGs
[2024-07-09T16:50:58.417+0000] {logging_mixin.py:188} INFO - [2024-07-09T16:50:58.417+0000] {dag.py:3069} INFO - Creating ORM DAG for example_xcom_args
[2024-07-09T16:50:58.419+0000] {logging_mixin.py:188} INFO - [2024-07-09T16:50:58.418+0000] {dag.py:3069} INFO - Creating ORM DAG for example_xcom_args_with_operators
[2024-07-09T16:50:58.420+0000] {logging_mixin.py:188} INFO - [2024-07-09T16:50:58.419+0000] {dag.py:3834} INFO - Setting next_dagrun for example_xcom_args to None, run_after=None
[2024-07-09T16:50:58.421+0000] {logging_mixin.py:188} INFO - [2024-07-09T16:50:58.421+0000] {dag.py:3834} INFO - Setting next_dagrun for example_xcom_args_with_operators to None, run_after=None
[2024-07-09T16:50:58.453+0000] {processor.py:183} INFO - Processing /home/airflow/.local/lib/python3.11/site-packages/airflow/example_dags/example_xcomargs.py took 0.455 seconds
[2024-07-09T16:51:28.704+0000] {processor.py:161} INFO - Started process (PID=489) to work on /home/airflow/.local/lib/python3.11/site-packages/airflow/example_dags/example_xcomargs.py
[2024-07-09T16:51:28.705+0000] {processor.py:830} INFO - Processing file /home/airflow/.local/lib/python3.11/site-packages/airflow/example_dags/example_xcomargs.py for tasks to queue
[2024-07-09T16:51:28.706+0000] {logging_mixin.py:188} INFO - [2024-07-09T16:51:28.705+0000] {dagbag.py:540} INFO - Filling up the DagBag from /home/airflow/.local/lib/python3.11/site-packages/airflow/example_dags/example_xcomargs.py
[2024-07-09T16:51:28.717+0000] {processor.py:840} INFO - DAG(s) 'example_xcom_args_with_operators', 'example_xcom_args' retrieved from /home/airflow/.local/lib/python3.11/site-packages/airflow/example_dags/example_xcomargs.py
[2024-07-09T16:51:28.751+0000] {logging_mixin.py:188} INFO - [2024-07-09T16:51:28.750+0000] {dag.py:3047} INFO - Sync 2 DAGs
[2024-07-09T16:51:28.764+0000] {logging_mixin.py:188} INFO - [2024-07-09T16:51:28.764+0000] {dag.py:3834} INFO - Setting next_dagrun for example_xcom_args to None, run_after=None
[2024-07-09T16:51:28.768+0000] {logging_mixin.py:188} INFO - [2024-07-09T16:51:28.768+0000] {dag.py:3834} INFO - Setting next_dagrun for example_xcom_args_with_operators to None, run_after=None
[2024-07-09T16:51:28.787+0000] {processor.py:183} INFO - Processing /home/airflow/.local/lib/python3.11/site-packages/airflow/example_dags/example_xcomargs.py took 0.085 seconds
[2024-07-09T16:51:58.878+0000] {processor.py:161} INFO - Started process (PID=751) to work on /home/airflow/.local/lib/python3.11/site-packages/airflow/example_dags/example_xcomargs.py
[2024-07-09T16:51:58.880+0000] {processor.py:830} INFO - Processing file /home/airflow/.local/lib/python3.11/site-packages/airflow/example_dags/example_xcomargs.py for tasks to queue
[2024-07-09T16:51:58.881+0000] {logging_mixin.py:188} INFO - [2024-07-09T16:51:58.880+0000] {dagbag.py:540} INFO - Filling up the DagBag from /home/airflow/.local/lib/python3.11/site-packages/airflow/example_dags/example_xcomargs.py
[2024-07-09T16:51:58.889+0000] {processor.py:840} INFO - DAG(s) 'example_xcom_args', 'example_xcom_args_with_operators' retrieved from /home/airflow/.local/lib/python3.11/site-packages/airflow/example_dags/example_xcomargs.py
[2024-07-09T16:51:58.913+0000] {logging_mixin.py:188} INFO - [2024-07-09T16:51:58.913+0000] {dag.py:3047} INFO - Sync 2 DAGs
[2024-07-09T16:51:58.924+0000] {logging_mixin.py:188} INFO - [2024-07-09T16:51:58.924+0000] {dag.py:3834} INFO - Setting next_dagrun for example_xcom_args to None, run_after=None
[2024-07-09T16:51:58.928+0000] {logging_mixin.py:188} INFO - [2024-07-09T16:51:58.927+0000] {dag.py:3834} INFO - Setting next_dagrun for example_xcom_args_with_operators to None, run_after=None
[2024-07-09T16:51:58.944+0000] {processor.py:183} INFO - Processing /home/airflow/.local/lib/python3.11/site-packages/airflow/example_dags/example_xcomargs.py took 0.069 seconds
[2024-07-09T16:52:29.928+0000] {processor.py:161} INFO - Started process (PID=1003) to work on /home/airflow/.local/lib/python3.11/site-packages/airflow/example_dags/example_xcomargs.py
[2024-07-09T16:52:29.929+0000] {processor.py:830} INFO - Processing file /home/airflow/.local/lib/python3.11/site-packages/airflow/example_dags/example_xcomargs.py for tasks to queue
[2024-07-09T16:52:29.931+0000] {logging_mixin.py:188} INFO - [2024-07-09T16:52:29.930+0000] {dagbag.py:540} INFO - Filling up the DagBag from /home/airflow/.local/lib/python3.11/site-packages/airflow/example_dags/example_xcomargs.py
[2024-07-09T16:52:29.941+0000] {processor.py:840} INFO - DAG(s) 'example_xcom_args_with_operators', 'example_xcom_args' retrieved from /home/airflow/.local/lib/python3.11/site-packages/airflow/example_dags/example_xcomargs.py
[2024-07-09T16:52:30.015+0000] {logging_mixin.py:188} INFO - [2024-07-09T16:52:30.014+0000] {dag.py:3047} INFO - Sync 2 DAGs
[2024-07-09T16:52:30.037+0000] {logging_mixin.py:188} INFO - [2024-07-09T16:52:30.035+0000] {dag.py:3834} INFO - Setting next_dagrun for example_xcom_args to None, run_after=None
[2024-07-09T16:52:30.046+0000] {logging_mixin.py:188} INFO - [2024-07-09T16:52:30.046+0000] {dag.py:3834} INFO - Setting next_dagrun for example_xcom_args_with_operators to None, run_after=None
[2024-07-09T16:52:30.082+0000] {processor.py:183} INFO - Processing /home/airflow/.local/lib/python3.11/site-packages/airflow/example_dags/example_xcomargs.py took 0.158 seconds
[2024-07-09T16:53:00.551+0000] {processor.py:161} INFO - Started process (PID=1264) to work on /home/airflow/.local/lib/python3.11/site-packages/airflow/example_dags/example_xcomargs.py
[2024-07-09T16:53:00.552+0000] {processor.py:830} INFO - Processing file /home/airflow/.local/lib/python3.11/site-packages/airflow/example_dags/example_xcomargs.py for tasks to queue
[2024-07-09T16:53:00.553+0000] {logging_mixin.py:188} INFO - [2024-07-09T16:53:00.553+0000] {dagbag.py:540} INFO - Filling up the DagBag from /home/airflow/.local/lib/python3.11/site-packages/airflow/example_dags/example_xcomargs.py
[2024-07-09T16:53:00.561+0000] {processor.py:840} INFO - DAG(s) 'example_xcom_args_with_operators', 'example_xcom_args' retrieved from /home/airflow/.local/lib/python3.11/site-packages/airflow/example_dags/example_xcomargs.py
[2024-07-09T16:53:00.585+0000] {logging_mixin.py:188} INFO - [2024-07-09T16:53:00.584+0000] {dag.py:3047} INFO - Sync 2 DAGs
[2024-07-09T16:53:00.598+0000] {logging_mixin.py:188} INFO - [2024-07-09T16:53:00.598+0000] {dag.py:3834} INFO - Setting next_dagrun for example_xcom_args to None, run_after=None
[2024-07-09T16:53:00.602+0000] {logging_mixin.py:188} INFO - [2024-07-09T16:53:00.602+0000] {dag.py:3834} INFO - Setting next_dagrun for example_xcom_args_with_operators to None, run_after=None
[2024-07-09T16:53:00.760+0000] {processor.py:183} INFO - Processing /home/airflow/.local/lib/python3.11/site-packages/airflow/example_dags/example_xcomargs.py took 0.212 seconds
[2024-07-09T16:53:31.133+0000] {processor.py:161} INFO - Started process (PID=1523) to work on /home/airflow/.local/lib/python3.11/site-packages/airflow/example_dags/example_xcomargs.py
[2024-07-09T16:53:31.134+0000] {processor.py:830} INFO - Processing file /home/airflow/.local/lib/python3.11/site-packages/airflow/example_dags/example_xcomargs.py for tasks to queue
[2024-07-09T16:53:31.135+0000] {logging_mixin.py:188} INFO - [2024-07-09T16:53:31.135+0000] {dagbag.py:540} INFO - Filling up the DagBag from /home/airflow/.local/lib/python3.11/site-packages/airflow/example_dags/example_xcomargs.py
[2024-07-09T16:53:31.143+0000] {processor.py:840} INFO - DAG(s) 'example_xcom_args_with_operators', 'example_xcom_args' retrieved from /home/airflow/.local/lib/python3.11/site-packages/airflow/example_dags/example_xcomargs.py
[2024-07-09T16:53:31.169+0000] {logging_mixin.py:188} INFO - [2024-07-09T16:53:31.169+0000] {dag.py:3047} INFO - Sync 2 DAGs
[2024-07-09T16:53:31.181+0000] {logging_mixin.py:188} INFO - [2024-07-09T16:53:31.181+0000] {dag.py:3834} INFO - Setting next_dagrun for example_xcom_args to None, run_after=None
[2024-07-09T16:53:31.184+0000] {logging_mixin.py:188} INFO - [2024-07-09T16:53:31.184+0000] {dag.py:3834} INFO - Setting next_dagrun for example_xcom_args_with_operators to None, run_after=None
[2024-07-09T16:53:31.203+0000] {processor.py:183} INFO - Processing /home/airflow/.local/lib/python3.11/site-packages/airflow/example_dags/example_xcomargs.py took 0.072 seconds
[2024-07-09T16:54:01.532+0000] {processor.py:161} INFO - Started process (PID=1783) to work on /home/airflow/.local/lib/python3.11/site-packages/airflow/example_dags/example_xcomargs.py
[2024-07-09T16:54:01.533+0000] {processor.py:830} INFO - Processing file /home/airflow/.local/lib/python3.11/site-packages/airflow/example_dags/example_xcomargs.py for tasks to queue
[2024-07-09T16:54:01.534+0000] {logging_mixin.py:188} INFO - [2024-07-09T16:54:01.534+0000] {dagbag.py:540} INFO - Filling up the DagBag from /home/airflow/.local/lib/python3.11/site-packages/airflow/example_dags/example_xcomargs.py
[2024-07-09T16:54:01.543+0000] {processor.py:840} INFO - DAG(s) 'example_xcom_args_with_operators', 'example_xcom_args' retrieved from /home/airflow/.local/lib/python3.11/site-packages/airflow/example_dags/example_xcomargs.py
[2024-07-09T16:54:01.566+0000] {logging_mixin.py:188} INFO - [2024-07-09T16:54:01.565+0000] {dag.py:3047} INFO - Sync 2 DAGs
[2024-07-09T16:54:01.576+0000] {logging_mixin.py:188} INFO - [2024-07-09T16:54:01.575+0000] {dag.py:3834} INFO - Setting next_dagrun for example_xcom_args to None, run_after=None
[2024-07-09T16:54:01.579+0000] {logging_mixin.py:188} INFO - [2024-07-09T16:54:01.579+0000] {dag.py:3834} INFO - Setting next_dagrun for example_xcom_args_with_operators to None, run_after=None
[2024-07-09T16:54:01.596+0000] {processor.py:183} INFO - Processing /home/airflow/.local/lib/python3.11/site-packages/airflow/example_dags/example_xcomargs.py took 0.066 seconds
[2024-07-09T16:54:31.718+0000] {processor.py:161} INFO - Started process (PID=2045) to work on /home/airflow/.local/lib/python3.11/site-packages/airflow/example_dags/example_xcomargs.py
[2024-07-09T16:54:31.719+0000] {processor.py:830} INFO - Processing file /home/airflow/.local/lib/python3.11/site-packages/airflow/example_dags/example_xcomargs.py for tasks to queue
[2024-07-09T16:54:31.720+0000] {logging_mixin.py:188} INFO - [2024-07-09T16:54:31.720+0000] {dagbag.py:540} INFO - Filling up the DagBag from /home/airflow/.local/lib/python3.11/site-packages/airflow/example_dags/example_xcomargs.py
[2024-07-09T16:54:31.729+0000] {processor.py:840} INFO - DAG(s) 'example_xcom_args_with_operators', 'example_xcom_args' retrieved from /home/airflow/.local/lib/python3.11/site-packages/airflow/example_dags/example_xcomargs.py
[2024-07-09T16:54:31.753+0000] {logging_mixin.py:188} INFO - [2024-07-09T16:54:31.753+0000] {dag.py:3047} INFO - Sync 2 DAGs
[2024-07-09T16:54:31.767+0000] {logging_mixin.py:188} INFO - [2024-07-09T16:54:31.766+0000] {dag.py:3834} INFO - Setting next_dagrun for example_xcom_args to None, run_after=None
[2024-07-09T16:54:31.770+0000] {logging_mixin.py:188} INFO - [2024-07-09T16:54:31.770+0000] {dag.py:3834} INFO - Setting next_dagrun for example_xcom_args_with_operators to None, run_after=None
[2024-07-09T16:54:31.789+0000] {processor.py:183} INFO - Processing /home/airflow/.local/lib/python3.11/site-packages/airflow/example_dags/example_xcomargs.py took 0.073 seconds
[2024-07-09T16:55:01.905+0000] {processor.py:161} INFO - Started process (PID=2307) to work on /home/airflow/.local/lib/python3.11/site-packages/airflow/example_dags/example_xcomargs.py
[2024-07-09T16:55:01.906+0000] {processor.py:830} INFO - Processing file /home/airflow/.local/lib/python3.11/site-packages/airflow/example_dags/example_xcomargs.py for tasks to queue
[2024-07-09T16:55:01.907+0000] {logging_mixin.py:188} INFO - [2024-07-09T16:55:01.907+0000] {dagbag.py:540} INFO - Filling up the DagBag from /home/airflow/.local/lib/python3.11/site-packages/airflow/example_dags/example_xcomargs.py
[2024-07-09T16:55:01.914+0000] {processor.py:840} INFO - DAG(s) 'example_xcom_args_with_operators', 'example_xcom_args' retrieved from /home/airflow/.local/lib/python3.11/site-packages/airflow/example_dags/example_xcomargs.py
[2024-07-09T16:55:01.938+0000] {logging_mixin.py:188} INFO - [2024-07-09T16:55:01.938+0000] {dag.py:3047} INFO - Sync 2 DAGs
[2024-07-09T16:55:01.949+0000] {logging_mixin.py:188} INFO - [2024-07-09T16:55:01.949+0000] {dag.py:3834} INFO - Setting next_dagrun for example_xcom_args to None, run_after=None
[2024-07-09T16:55:01.952+0000] {logging_mixin.py:188} INFO - [2024-07-09T16:55:01.952+0000] {dag.py:3834} INFO - Setting next_dagrun for example_xcom_args_with_operators to None, run_after=None
[2024-07-09T16:55:01.968+0000] {processor.py:183} INFO - Processing /home/airflow/.local/lib/python3.11/site-packages/airflow/example_dags/example_xcomargs.py took 0.066 seconds
[2024-07-09T16:55:32.376+0000] {processor.py:161} INFO - Started process (PID=2569) to work on /home/airflow/.local/lib/python3.11/site-packages/airflow/example_dags/example_xcomargs.py
[2024-07-09T16:55:32.377+0000] {processor.py:830} INFO - Processing file /home/airflow/.local/lib/python3.11/site-packages/airflow/example_dags/example_xcomargs.py for tasks to queue
[2024-07-09T16:55:32.378+0000] {logging_mixin.py:188} INFO - [2024-07-09T16:55:32.378+0000] {dagbag.py:540} INFO - Filling up the DagBag from /home/airflow/.local/lib/python3.11/site-packages/airflow/example_dags/example_xcomargs.py
[2024-07-09T16:55:32.386+0000] {processor.py:840} INFO - DAG(s) 'example_xcom_args', 'example_xcom_args_with_operators' retrieved from /home/airflow/.local/lib/python3.11/site-packages/airflow/example_dags/example_xcomargs.py
[2024-07-09T16:55:32.412+0000] {logging_mixin.py:188} INFO - [2024-07-09T16:55:32.412+0000] {dag.py:3047} INFO - Sync 2 DAGs
[2024-07-09T16:55:32.424+0000] {logging_mixin.py:188} INFO - [2024-07-09T16:55:32.424+0000] {dag.py:3834} INFO - Setting next_dagrun for example_xcom_args to None, run_after=None
[2024-07-09T16:55:32.427+0000] {logging_mixin.py:188} INFO - [2024-07-09T16:55:32.427+0000] {dag.py:3834} INFO - Setting next_dagrun for example_xcom_args_with_operators to None, run_after=None
[2024-07-09T16:55:32.444+0000] {processor.py:183} INFO - Processing /home/airflow/.local/lib/python3.11/site-packages/airflow/example_dags/example_xcomargs.py took 0.071 seconds
[2024-07-09T16:56:02.560+0000] {processor.py:161} INFO - Started process (PID=2831) to work on /home/airflow/.local/lib/python3.11/site-packages/airflow/example_dags/example_xcomargs.py
[2024-07-09T16:56:02.561+0000] {processor.py:830} INFO - Processing file /home/airflow/.local/lib/python3.11/site-packages/airflow/example_dags/example_xcomargs.py for tasks to queue
[2024-07-09T16:56:02.562+0000] {logging_mixin.py:188} INFO - [2024-07-09T16:56:02.561+0000] {dagbag.py:540} INFO - Filling up the DagBag from /home/airflow/.local/lib/python3.11/site-packages/airflow/example_dags/example_xcomargs.py
[2024-07-09T16:56:02.571+0000] {processor.py:840} INFO - DAG(s) 'example_xcom_args_with_operators', 'example_xcom_args' retrieved from /home/airflow/.local/lib/python3.11/site-packages/airflow/example_dags/example_xcomargs.py
[2024-07-09T16:56:02.594+0000] {logging_mixin.py:188} INFO - [2024-07-09T16:56:02.594+0000] {dag.py:3047} INFO - Sync 2 DAGs
[2024-07-09T16:56:02.605+0000] {logging_mixin.py:188} INFO - [2024-07-09T16:56:02.605+0000] {dag.py:3834} INFO - Setting next_dagrun for example_xcom_args to None, run_after=None
[2024-07-09T16:56:02.609+0000] {logging_mixin.py:188} INFO - [2024-07-09T16:56:02.608+0000] {dag.py:3834} INFO - Setting next_dagrun for example_xcom_args_with_operators to None, run_after=None
[2024-07-09T16:56:02.625+0000] {processor.py:183} INFO - Processing /home/airflow/.local/lib/python3.11/site-packages/airflow/example_dags/example_xcomargs.py took 0.068 seconds
[2024-07-09T16:56:32.841+0000] {processor.py:161} INFO - Started process (PID=3095) to work on /home/airflow/.local/lib/python3.11/site-packages/airflow/example_dags/example_xcomargs.py
[2024-07-09T16:56:32.842+0000] {processor.py:830} INFO - Processing file /home/airflow/.local/lib/python3.11/site-packages/airflow/example_dags/example_xcomargs.py for tasks to queue
[2024-07-09T16:56:32.843+0000] {logging_mixin.py:188} INFO - [2024-07-09T16:56:32.843+0000] {dagbag.py:540} INFO - Filling up the DagBag from /home/airflow/.local/lib/python3.11/site-packages/airflow/example_dags/example_xcomargs.py
[2024-07-09T16:56:32.852+0000] {processor.py:840} INFO - DAG(s) 'example_xcom_args_with_operators', 'example_xcom_args' retrieved from /home/airflow/.local/lib/python3.11/site-packages/airflow/example_dags/example_xcomargs.py
[2024-07-09T16:56:32.876+0000] {logging_mixin.py:188} INFO - [2024-07-09T16:56:32.876+0000] {dag.py:3047} INFO - Sync 2 DAGs
[2024-07-09T16:56:32.888+0000] {logging_mixin.py:188} INFO - [2024-07-09T16:56:32.888+0000] {dag.py:3834} INFO - Setting next_dagrun for example_xcom_args to None, run_after=None
[2024-07-09T16:56:32.892+0000] {logging_mixin.py:188} INFO - [2024-07-09T16:56:32.892+0000] {dag.py:3834} INFO - Setting next_dagrun for example_xcom_args_with_operators to None, run_after=None
[2024-07-09T16:56:32.907+0000] {processor.py:183} INFO - Processing /home/airflow/.local/lib/python3.11/site-packages/airflow/example_dags/example_xcomargs.py took 0.069 seconds
[2024-07-09T16:57:03.037+0000] {processor.py:161} INFO - Started process (PID=3355) to work on /home/airflow/.local/lib/python3.11/site-packages/airflow/example_dags/example_xcomargs.py
[2024-07-09T16:57:03.039+0000] {processor.py:830} INFO - Processing file /home/airflow/.local/lib/python3.11/site-packages/airflow/example_dags/example_xcomargs.py for tasks to queue
[2024-07-09T16:57:03.040+0000] {logging_mixin.py:188} INFO - [2024-07-09T16:57:03.040+0000] {dagbag.py:540} INFO - Filling up the DagBag from /home/airflow/.local/lib/python3.11/site-packages/airflow/example_dags/example_xcomargs.py
[2024-07-09T16:57:03.049+0000] {processor.py:840} INFO - DAG(s) 'example_xcom_args', 'example_xcom_args_with_operators' retrieved from /home/airflow/.local/lib/python3.11/site-packages/airflow/example_dags/example_xcomargs.py
[2024-07-09T16:57:03.073+0000] {logging_mixin.py:188} INFO - [2024-07-09T16:57:03.073+0000] {dag.py:3047} INFO - Sync 2 DAGs
[2024-07-09T16:57:03.086+0000] {logging_mixin.py:188} INFO - [2024-07-09T16:57:03.086+0000] {dag.py:3834} INFO - Setting next_dagrun for example_xcom_args to None, run_after=None
[2024-07-09T16:57:03.090+0000] {logging_mixin.py:188} INFO - [2024-07-09T16:57:03.090+0000] {dag.py:3834} INFO - Setting next_dagrun for example_xcom_args_with_operators to None, run_after=None
[2024-07-09T16:57:03.106+0000] {processor.py:183} INFO - Processing /home/airflow/.local/lib/python3.11/site-packages/airflow/example_dags/example_xcomargs.py took 0.071 seconds
[2024-07-09T16:57:33.581+0000] {processor.py:161} INFO - Started process (PID=3617) to work on /home/airflow/.local/lib/python3.11/site-packages/airflow/example_dags/example_xcomargs.py
[2024-07-09T16:57:33.582+0000] {processor.py:830} INFO - Processing file /home/airflow/.local/lib/python3.11/site-packages/airflow/example_dags/example_xcomargs.py for tasks to queue
[2024-07-09T16:57:33.583+0000] {logging_mixin.py:188} INFO - [2024-07-09T16:57:33.583+0000] {dagbag.py:540} INFO - Filling up the DagBag from /home/airflow/.local/lib/python3.11/site-packages/airflow/example_dags/example_xcomargs.py
[2024-07-09T16:57:33.606+0000] {processor.py:840} INFO - DAG(s) 'example_xcom_args_with_operators', 'example_xcom_args' retrieved from /home/airflow/.local/lib/python3.11/site-packages/airflow/example_dags/example_xcomargs.py
[2024-07-09T16:57:33.638+0000] {logging_mixin.py:188} INFO - [2024-07-09T16:57:33.638+0000] {dag.py:3047} INFO - Sync 2 DAGs
[2024-07-09T16:57:33.649+0000] {logging_mixin.py:188} INFO - [2024-07-09T16:57:33.648+0000] {dag.py:3834} INFO - Setting next_dagrun for example_xcom_args to None, run_after=None
[2024-07-09T16:57:33.652+0000] {logging_mixin.py:188} INFO - [2024-07-09T16:57:33.652+0000] {dag.py:3834} INFO - Setting next_dagrun for example_xcom_args_with_operators to None, run_after=None
[2024-07-09T16:57:33.671+0000] {processor.py:183} INFO - Processing /home/airflow/.local/lib/python3.11/site-packages/airflow/example_dags/example_xcomargs.py took 0.097 seconds
[2024-07-09T16:58:03.749+0000] {processor.py:161} INFO - Started process (PID=3879) to work on /home/airflow/.local/lib/python3.11/site-packages/airflow/example_dags/example_xcomargs.py
[2024-07-09T16:58:03.750+0000] {processor.py:830} INFO - Processing file /home/airflow/.local/lib/python3.11/site-packages/airflow/example_dags/example_xcomargs.py for tasks to queue
[2024-07-09T16:58:03.751+0000] {logging_mixin.py:188} INFO - [2024-07-09T16:58:03.751+0000] {dagbag.py:540} INFO - Filling up the DagBag from /home/airflow/.local/lib/python3.11/site-packages/airflow/example_dags/example_xcomargs.py
[2024-07-09T16:58:03.760+0000] {processor.py:840} INFO - DAG(s) 'example_xcom_args', 'example_xcom_args_with_operators' retrieved from /home/airflow/.local/lib/python3.11/site-packages/airflow/example_dags/example_xcomargs.py
[2024-07-09T16:58:03.786+0000] {logging_mixin.py:188} INFO - [2024-07-09T16:58:03.786+0000] {dag.py:3047} INFO - Sync 2 DAGs
[2024-07-09T16:58:03.799+0000] {logging_mixin.py:188} INFO - [2024-07-09T16:58:03.799+0000] {dag.py:3834} INFO - Setting next_dagrun for example_xcom_args to None, run_after=None
[2024-07-09T16:58:03.803+0000] {logging_mixin.py:188} INFO - [2024-07-09T16:58:03.803+0000] {dag.py:3834} INFO - Setting next_dagrun for example_xcom_args_with_operators to None, run_after=None
[2024-07-09T16:58:03.821+0000] {processor.py:183} INFO - Processing /home/airflow/.local/lib/python3.11/site-packages/airflow/example_dags/example_xcomargs.py took 0.074 seconds
[2024-07-09T16:58:34.244+0000] {processor.py:161} INFO - Started process (PID=4143) to work on /home/airflow/.local/lib/python3.11/site-packages/airflow/example_dags/example_xcomargs.py
[2024-07-09T16:58:34.245+0000] {processor.py:830} INFO - Processing file /home/airflow/.local/lib/python3.11/site-packages/airflow/example_dags/example_xcomargs.py for tasks to queue
[2024-07-09T16:58:34.246+0000] {logging_mixin.py:188} INFO - [2024-07-09T16:58:34.246+0000] {dagbag.py:540} INFO - Filling up the DagBag from /home/airflow/.local/lib/python3.11/site-packages/airflow/example_dags/example_xcomargs.py
[2024-07-09T16:58:34.255+0000] {processor.py:840} INFO - DAG(s) 'example_xcom_args', 'example_xcom_args_with_operators' retrieved from /home/airflow/.local/lib/python3.11/site-packages/airflow/example_dags/example_xcomargs.py
[2024-07-09T16:58:34.279+0000] {logging_mixin.py:188} INFO - [2024-07-09T16:58:34.279+0000] {dag.py:3047} INFO - Sync 2 DAGs
[2024-07-09T16:58:34.291+0000] {logging_mixin.py:188} INFO - [2024-07-09T16:58:34.291+0000] {dag.py:3834} INFO - Setting next_dagrun for example_xcom_args to None, run_after=None
[2024-07-09T16:58:34.295+0000] {logging_mixin.py:188} INFO - [2024-07-09T16:58:34.294+0000] {dag.py:3834} INFO - Setting next_dagrun for example_xcom_args_with_operators to None, run_after=None
[2024-07-09T16:58:34.308+0000] {processor.py:183} INFO - Processing /home/airflow/.local/lib/python3.11/site-packages/airflow/example_dags/example_xcomargs.py took 0.067 seconds
[2024-07-09T16:59:04.982+0000] {processor.py:161} INFO - Started process (PID=4403) to work on /home/airflow/.local/lib/python3.11/site-packages/airflow/example_dags/example_xcomargs.py
[2024-07-09T16:59:04.983+0000] {processor.py:830} INFO - Processing file /home/airflow/.local/lib/python3.11/site-packages/airflow/example_dags/example_xcomargs.py for tasks to queue
[2024-07-09T16:59:04.985+0000] {logging_mixin.py:188} INFO - [2024-07-09T16:59:04.984+0000] {dagbag.py:540} INFO - Filling up the DagBag from /home/airflow/.local/lib/python3.11/site-packages/airflow/example_dags/example_xcomargs.py
[2024-07-09T16:59:04.996+0000] {processor.py:840} INFO - DAG(s) 'example_xcom_args', 'example_xcom_args_with_operators' retrieved from /home/airflow/.local/lib/python3.11/site-packages/airflow/example_dags/example_xcomargs.py
[2024-07-09T16:59:05.027+0000] {logging_mixin.py:188} INFO - [2024-07-09T16:59:05.027+0000] {dag.py:3047} INFO - Sync 2 DAGs
[2024-07-09T16:59:05.040+0000] {logging_mixin.py:188} INFO - [2024-07-09T16:59:05.040+0000] {dag.py:3834} INFO - Setting next_dagrun for example_xcom_args to None, run_after=None
[2024-07-09T16:59:05.045+0000] {logging_mixin.py:188} INFO - [2024-07-09T16:59:05.045+0000] {dag.py:3834} INFO - Setting next_dagrun for example_xcom_args_with_operators to None, run_after=None
[2024-07-09T16:59:05.069+0000] {processor.py:183} INFO - Processing /home/airflow/.local/lib/python3.11/site-packages/airflow/example_dags/example_xcomargs.py took 0.091 seconds
[2024-07-09T16:59:36.064+0000] {processor.py:161} INFO - Started process (PID=4665) to work on /home/airflow/.local/lib/python3.11/site-packages/airflow/example_dags/example_xcomargs.py
[2024-07-09T16:59:36.065+0000] {processor.py:830} INFO - Processing file /home/airflow/.local/lib/python3.11/site-packages/airflow/example_dags/example_xcomargs.py for tasks to queue
[2024-07-09T16:59:36.065+0000] {logging_mixin.py:188} INFO - [2024-07-09T16:59:36.065+0000] {dagbag.py:540} INFO - Filling up the DagBag from /home/airflow/.local/lib/python3.11/site-packages/airflow/example_dags/example_xcomargs.py
[2024-07-09T16:59:36.074+0000] {processor.py:840} INFO - DAG(s) 'example_xcom_args', 'example_xcom_args_with_operators' retrieved from /home/airflow/.local/lib/python3.11/site-packages/airflow/example_dags/example_xcomargs.py
[2024-07-09T16:59:36.098+0000] {logging_mixin.py:188} INFO - [2024-07-09T16:59:36.098+0000] {dag.py:3047} INFO - Sync 2 DAGs
[2024-07-09T16:59:36.111+0000] {logging_mixin.py:188} INFO - [2024-07-09T16:59:36.111+0000] {dag.py:3834} INFO - Setting next_dagrun for example_xcom_args to None, run_after=None
[2024-07-09T16:59:36.114+0000] {logging_mixin.py:188} INFO - [2024-07-09T16:59:36.114+0000] {dag.py:3834} INFO - Setting next_dagrun for example_xcom_args_with_operators to None, run_after=None
[2024-07-09T16:59:36.129+0000] {processor.py:183} INFO - Processing /home/airflow/.local/lib/python3.11/site-packages/airflow/example_dags/example_xcomargs.py took 0.069 seconds
[2024-07-09T17:00:06.727+0000] {processor.py:161} INFO - Started process (PID=4927) to work on /home/airflow/.local/lib/python3.11/site-packages/airflow/example_dags/example_xcomargs.py
[2024-07-09T17:00:06.728+0000] {processor.py:830} INFO - Processing file /home/airflow/.local/lib/python3.11/site-packages/airflow/example_dags/example_xcomargs.py for tasks to queue
[2024-07-09T17:00:06.729+0000] {logging_mixin.py:188} INFO - [2024-07-09T17:00:06.729+0000] {dagbag.py:540} INFO - Filling up the DagBag from /home/airflow/.local/lib/python3.11/site-packages/airflow/example_dags/example_xcomargs.py
[2024-07-09T17:00:06.738+0000] {processor.py:840} INFO - DAG(s) 'example_xcom_args', 'example_xcom_args_with_operators' retrieved from /home/airflow/.local/lib/python3.11/site-packages/airflow/example_dags/example_xcomargs.py
[2024-07-09T17:00:06.770+0000] {logging_mixin.py:188} INFO - [2024-07-09T17:00:06.770+0000] {dag.py:3047} INFO - Sync 2 DAGs
[2024-07-09T17:00:06.781+0000] {logging_mixin.py:188} INFO - [2024-07-09T17:00:06.781+0000] {dag.py:3834} INFO - Setting next_dagrun for example_xcom_args to None, run_after=None
[2024-07-09T17:00:06.785+0000] {logging_mixin.py:188} INFO - [2024-07-09T17:00:06.785+0000] {dag.py:3834} INFO - Setting next_dagrun for example_xcom_args_with_operators to None, run_after=None
[2024-07-09T17:00:06.800+0000] {processor.py:183} INFO - Processing /home/airflow/.local/lib/python3.11/site-packages/airflow/example_dags/example_xcomargs.py took 0.076 seconds
[2024-07-09T17:00:37.320+0000] {processor.py:161} INFO - Started process (PID=5189) to work on /home/airflow/.local/lib/python3.11/site-packages/airflow/example_dags/example_xcomargs.py
[2024-07-09T17:00:37.321+0000] {processor.py:830} INFO - Processing file /home/airflow/.local/lib/python3.11/site-packages/airflow/example_dags/example_xcomargs.py for tasks to queue
[2024-07-09T17:00:37.323+0000] {logging_mixin.py:188} INFO - [2024-07-09T17:00:37.322+0000] {dagbag.py:540} INFO - Filling up the DagBag from /home/airflow/.local/lib/python3.11/site-packages/airflow/example_dags/example_xcomargs.py
[2024-07-09T17:00:37.332+0000] {processor.py:840} INFO - DAG(s) 'example_xcom_args_with_operators', 'example_xcom_args' retrieved from /home/airflow/.local/lib/python3.11/site-packages/airflow/example_dags/example_xcomargs.py
[2024-07-09T17:00:37.360+0000] {logging_mixin.py:188} INFO - [2024-07-09T17:00:37.360+0000] {dag.py:3047} INFO - Sync 2 DAGs
[2024-07-09T17:00:37.370+0000] {logging_mixin.py:188} INFO - [2024-07-09T17:00:37.370+0000] {dag.py:3834} INFO - Setting next_dagrun for example_xcom_args to None, run_after=None
[2024-07-09T17:00:37.374+0000] {logging_mixin.py:188} INFO - [2024-07-09T17:00:37.374+0000] {dag.py:3834} INFO - Setting next_dagrun for example_xcom_args_with_operators to None, run_after=None
[2024-07-09T17:00:37.391+0000] {processor.py:183} INFO - Processing /home/airflow/.local/lib/python3.11/site-packages/airflow/example_dags/example_xcomargs.py took 0.074 seconds
[2024-07-09T17:01:08.304+0000] {processor.py:161} INFO - Started process (PID=5451) to work on /home/airflow/.local/lib/python3.11/site-packages/airflow/example_dags/example_xcomargs.py
[2024-07-09T17:01:08.305+0000] {processor.py:830} INFO - Processing file /home/airflow/.local/lib/python3.11/site-packages/airflow/example_dags/example_xcomargs.py for tasks to queue
[2024-07-09T17:01:08.306+0000] {logging_mixin.py:188} INFO - [2024-07-09T17:01:08.305+0000] {dagbag.py:540} INFO - Filling up the DagBag from /home/airflow/.local/lib/python3.11/site-packages/airflow/example_dags/example_xcomargs.py
[2024-07-09T17:01:08.314+0000] {processor.py:840} INFO - DAG(s) 'example_xcom_args', 'example_xcom_args_with_operators' retrieved from /home/airflow/.local/lib/python3.11/site-packages/airflow/example_dags/example_xcomargs.py
[2024-07-09T17:01:08.339+0000] {logging_mixin.py:188} INFO - [2024-07-09T17:01:08.339+0000] {dag.py:3047} INFO - Sync 2 DAGs
[2024-07-09T17:01:08.353+0000] {logging_mixin.py:188} INFO - [2024-07-09T17:01:08.352+0000] {dag.py:3834} INFO - Setting next_dagrun for example_xcom_args to None, run_after=None
[2024-07-09T17:01:08.356+0000] {logging_mixin.py:188} INFO - [2024-07-09T17:01:08.356+0000] {dag.py:3834} INFO - Setting next_dagrun for example_xcom_args_with_operators to None, run_after=None
[2024-07-09T17:01:08.372+0000] {processor.py:183} INFO - Processing /home/airflow/.local/lib/python3.11/site-packages/airflow/example_dags/example_xcomargs.py took 0.071 seconds
[2024-07-09T17:01:38.511+0000] {processor.py:161} INFO - Started process (PID=5713) to work on /home/airflow/.local/lib/python3.11/site-packages/airflow/example_dags/example_xcomargs.py
[2024-07-09T17:01:38.512+0000] {processor.py:830} INFO - Processing file /home/airflow/.local/lib/python3.11/site-packages/airflow/example_dags/example_xcomargs.py for tasks to queue
[2024-07-09T17:01:38.514+0000] {logging_mixin.py:188} INFO - [2024-07-09T17:01:38.513+0000] {dagbag.py:540} INFO - Filling up the DagBag from /home/airflow/.local/lib/python3.11/site-packages/airflow/example_dags/example_xcomargs.py
[2024-07-09T17:01:38.524+0000] {processor.py:840} INFO - DAG(s) 'example_xcom_args', 'example_xcom_args_with_operators' retrieved from /home/airflow/.local/lib/python3.11/site-packages/airflow/example_dags/example_xcomargs.py
[2024-07-09T17:01:38.551+0000] {logging_mixin.py:188} INFO - [2024-07-09T17:01:38.550+0000] {dag.py:3047} INFO - Sync 2 DAGs
[2024-07-09T17:01:38.563+0000] {logging_mixin.py:188} INFO - [2024-07-09T17:01:38.562+0000] {dag.py:3834} INFO - Setting next_dagrun for example_xcom_args to None, run_after=None
[2024-07-09T17:01:38.566+0000] {logging_mixin.py:188} INFO - [2024-07-09T17:01:38.566+0000] {dag.py:3834} INFO - Setting next_dagrun for example_xcom_args_with_operators to None, run_after=None
[2024-07-09T17:01:38.584+0000] {processor.py:183} INFO - Processing /home/airflow/.local/lib/python3.11/site-packages/airflow/example_dags/example_xcomargs.py took 0.077 seconds
[2024-07-09T17:02:08.677+0000] {processor.py:161} INFO - Started process (PID=5975) to work on /home/airflow/.local/lib/python3.11/site-packages/airflow/example_dags/example_xcomargs.py
[2024-07-09T17:02:08.678+0000] {processor.py:830} INFO - Processing file /home/airflow/.local/lib/python3.11/site-packages/airflow/example_dags/example_xcomargs.py for tasks to queue
[2024-07-09T17:02:08.679+0000] {logging_mixin.py:188} INFO - [2024-07-09T17:02:08.678+0000] {dagbag.py:540} INFO - Filling up the DagBag from /home/airflow/.local/lib/python3.11/site-packages/airflow/example_dags/example_xcomargs.py
[2024-07-09T17:02:08.687+0000] {processor.py:840} INFO - DAG(s) 'example_xcom_args', 'example_xcom_args_with_operators' retrieved from /home/airflow/.local/lib/python3.11/site-packages/airflow/example_dags/example_xcomargs.py
[2024-07-09T17:02:08.709+0000] {logging_mixin.py:188} INFO - [2024-07-09T17:02:08.709+0000] {dag.py:3047} INFO - Sync 2 DAGs
[2024-07-09T17:02:08.721+0000] {logging_mixin.py:188} INFO - [2024-07-09T17:02:08.720+0000] {dag.py:3834} INFO - Setting next_dagrun for example_xcom_args to None, run_after=None
[2024-07-09T17:02:08.724+0000] {logging_mixin.py:188} INFO - [2024-07-09T17:02:08.724+0000] {dag.py:3834} INFO - Setting next_dagrun for example_xcom_args_with_operators to None, run_after=None
[2024-07-09T17:02:08.740+0000] {processor.py:183} INFO - Processing /home/airflow/.local/lib/python3.11/site-packages/airflow/example_dags/example_xcomargs.py took 0.067 seconds
[2024-07-09T17:02:39.560+0000] {processor.py:161} INFO - Started process (PID=6237) to work on /home/airflow/.local/lib/python3.11/site-packages/airflow/example_dags/example_xcomargs.py
[2024-07-09T17:02:39.561+0000] {processor.py:830} INFO - Processing file /home/airflow/.local/lib/python3.11/site-packages/airflow/example_dags/example_xcomargs.py for tasks to queue
[2024-07-09T17:02:39.562+0000] {logging_mixin.py:188} INFO - [2024-07-09T17:02:39.562+0000] {dagbag.py:540} INFO - Filling up the DagBag from /home/airflow/.local/lib/python3.11/site-packages/airflow/example_dags/example_xcomargs.py
[2024-07-09T17:02:39.569+0000] {processor.py:840} INFO - DAG(s) 'example_xcom_args_with_operators', 'example_xcom_args' retrieved from /home/airflow/.local/lib/python3.11/site-packages/airflow/example_dags/example_xcomargs.py
[2024-07-09T17:02:39.590+0000] {logging_mixin.py:188} INFO - [2024-07-09T17:02:39.590+0000] {dag.py:3047} INFO - Sync 2 DAGs
[2024-07-09T17:02:39.601+0000] {logging_mixin.py:188} INFO - [2024-07-09T17:02:39.601+0000] {dag.py:3834} INFO - Setting next_dagrun for example_xcom_args to None, run_after=None
[2024-07-09T17:02:39.604+0000] {logging_mixin.py:188} INFO - [2024-07-09T17:02:39.604+0000] {dag.py:3834} INFO - Setting next_dagrun for example_xcom_args_with_operators to None, run_after=None
[2024-07-09T17:02:39.618+0000] {processor.py:183} INFO - Processing /home/airflow/.local/lib/python3.11/site-packages/airflow/example_dags/example_xcomargs.py took 0.060 seconds
[2024-07-09T17:03:09.837+0000] {processor.py:161} INFO - Started process (PID=6499) to work on /home/airflow/.local/lib/python3.11/site-packages/airflow/example_dags/example_xcomargs.py
[2024-07-09T17:03:09.839+0000] {processor.py:830} INFO - Processing file /home/airflow/.local/lib/python3.11/site-packages/airflow/example_dags/example_xcomargs.py for tasks to queue
[2024-07-09T17:03:09.840+0000] {logging_mixin.py:188} INFO - [2024-07-09T17:03:09.840+0000] {dagbag.py:540} INFO - Filling up the DagBag from /home/airflow/.local/lib/python3.11/site-packages/airflow/example_dags/example_xcomargs.py
[2024-07-09T17:03:09.853+0000] {processor.py:840} INFO - DAG(s) 'example_xcom_args_with_operators', 'example_xcom_args' retrieved from /home/airflow/.local/lib/python3.11/site-packages/airflow/example_dags/example_xcomargs.py
[2024-07-09T17:03:09.890+0000] {logging_mixin.py:188} INFO - [2024-07-09T17:03:09.890+0000] {dag.py:3047} INFO - Sync 2 DAGs
[2024-07-09T17:03:09.903+0000] {logging_mixin.py:188} INFO - [2024-07-09T17:03:09.903+0000] {dag.py:3834} INFO - Setting next_dagrun for example_xcom_args to None, run_after=None
[2024-07-09T17:03:09.907+0000] {logging_mixin.py:188} INFO - [2024-07-09T17:03:09.907+0000] {dag.py:3834} INFO - Setting next_dagrun for example_xcom_args_with_operators to None, run_after=None
[2024-07-09T17:03:09.926+0000] {processor.py:183} INFO - Processing /home/airflow/.local/lib/python3.11/site-packages/airflow/example_dags/example_xcomargs.py took 0.093 seconds
[2024-07-09T17:03:40.747+0000] {processor.py:161} INFO - Started process (PID=6761) to work on /home/airflow/.local/lib/python3.11/site-packages/airflow/example_dags/example_xcomargs.py
[2024-07-09T17:03:40.749+0000] {processor.py:830} INFO - Processing file /home/airflow/.local/lib/python3.11/site-packages/airflow/example_dags/example_xcomargs.py for tasks to queue
[2024-07-09T17:03:40.750+0000] {logging_mixin.py:188} INFO - [2024-07-09T17:03:40.749+0000] {dagbag.py:540} INFO - Filling up the DagBag from /home/airflow/.local/lib/python3.11/site-packages/airflow/example_dags/example_xcomargs.py
[2024-07-09T17:03:40.758+0000] {processor.py:840} INFO - DAG(s) 'example_xcom_args', 'example_xcom_args_with_operators' retrieved from /home/airflow/.local/lib/python3.11/site-packages/airflow/example_dags/example_xcomargs.py
[2024-07-09T17:03:40.780+0000] {logging_mixin.py:188} INFO - [2024-07-09T17:03:40.780+0000] {dag.py:3047} INFO - Sync 2 DAGs
[2024-07-09T17:03:40.791+0000] {logging_mixin.py:188} INFO - [2024-07-09T17:03:40.790+0000] {dag.py:3834} INFO - Setting next_dagrun for example_xcom_args to None, run_after=None
[2024-07-09T17:03:40.794+0000] {logging_mixin.py:188} INFO - [2024-07-09T17:03:40.794+0000] {dag.py:3834} INFO - Setting next_dagrun for example_xcom_args_with_operators to None, run_after=None
[2024-07-09T17:03:40.809+0000] {processor.py:183} INFO - Processing /home/airflow/.local/lib/python3.11/site-packages/airflow/example_dags/example_xcomargs.py took 0.065 seconds
[2024-07-09T17:04:11.451+0000] {processor.py:161} INFO - Started process (PID=7023) to work on /home/airflow/.local/lib/python3.11/site-packages/airflow/example_dags/example_xcomargs.py
[2024-07-09T17:04:11.452+0000] {processor.py:830} INFO - Processing file /home/airflow/.local/lib/python3.11/site-packages/airflow/example_dags/example_xcomargs.py for tasks to queue
[2024-07-09T17:04:11.454+0000] {logging_mixin.py:188} INFO - [2024-07-09T17:04:11.453+0000] {dagbag.py:540} INFO - Filling up the DagBag from /home/airflow/.local/lib/python3.11/site-packages/airflow/example_dags/example_xcomargs.py
[2024-07-09T17:04:11.468+0000] {processor.py:840} INFO - DAG(s) 'example_xcom_args', 'example_xcom_args_with_operators' retrieved from /home/airflow/.local/lib/python3.11/site-packages/airflow/example_dags/example_xcomargs.py
[2024-07-09T17:04:11.499+0000] {logging_mixin.py:188} INFO - [2024-07-09T17:04:11.498+0000] {dag.py:3047} INFO - Sync 2 DAGs
[2024-07-09T17:04:11.511+0000] {logging_mixin.py:188} INFO - [2024-07-09T17:04:11.510+0000] {dag.py:3834} INFO - Setting next_dagrun for example_xcom_args to None, run_after=None
[2024-07-09T17:04:11.517+0000] {logging_mixin.py:188} INFO - [2024-07-09T17:04:11.517+0000] {dag.py:3834} INFO - Setting next_dagrun for example_xcom_args_with_operators to None, run_after=None
[2024-07-09T17:04:11.542+0000] {processor.py:183} INFO - Processing /home/airflow/.local/lib/python3.11/site-packages/airflow/example_dags/example_xcomargs.py took 0.096 seconds
[2024-07-09T17:04:41.987+0000] {processor.py:161} INFO - Started process (PID=7285) to work on /home/airflow/.local/lib/python3.11/site-packages/airflow/example_dags/example_xcomargs.py
[2024-07-09T17:04:41.988+0000] {processor.py:830} INFO - Processing file /home/airflow/.local/lib/python3.11/site-packages/airflow/example_dags/example_xcomargs.py for tasks to queue
[2024-07-09T17:04:41.990+0000] {logging_mixin.py:188} INFO - [2024-07-09T17:04:41.989+0000] {dagbag.py:540} INFO - Filling up the DagBag from /home/airflow/.local/lib/python3.11/site-packages/airflow/example_dags/example_xcomargs.py
[2024-07-09T17:04:42.001+0000] {processor.py:840} INFO - DAG(s) 'example_xcom_args_with_operators', 'example_xcom_args' retrieved from /home/airflow/.local/lib/python3.11/site-packages/airflow/example_dags/example_xcomargs.py
[2024-07-09T17:04:42.048+0000] {logging_mixin.py:188} INFO - [2024-07-09T17:04:42.048+0000] {dag.py:3047} INFO - Sync 2 DAGs
[2024-07-09T17:04:42.065+0000] {logging_mixin.py:188} INFO - [2024-07-09T17:04:42.065+0000] {dag.py:3834} INFO - Setting next_dagrun for example_xcom_args to None, run_after=None
[2024-07-09T17:04:42.072+0000] {logging_mixin.py:188} INFO - [2024-07-09T17:04:42.072+0000] {dag.py:3834} INFO - Setting next_dagrun for example_xcom_args_with_operators to None, run_after=None
[2024-07-09T17:04:42.102+0000] {processor.py:183} INFO - Processing /home/airflow/.local/lib/python3.11/site-packages/airflow/example_dags/example_xcomargs.py took 0.119 seconds
[2024-07-09T17:05:12.246+0000] {processor.py:161} INFO - Started process (PID=7581) to work on /home/airflow/.local/lib/python3.11/site-packages/airflow/example_dags/example_xcomargs.py
[2024-07-09T17:05:12.248+0000] {processor.py:830} INFO - Processing file /home/airflow/.local/lib/python3.11/site-packages/airflow/example_dags/example_xcomargs.py for tasks to queue
[2024-07-09T17:05:12.249+0000] {logging_mixin.py:188} INFO - [2024-07-09T17:05:12.248+0000] {dagbag.py:540} INFO - Filling up the DagBag from /home/airflow/.local/lib/python3.11/site-packages/airflow/example_dags/example_xcomargs.py
[2024-07-09T17:05:12.257+0000] {processor.py:840} INFO - DAG(s) 'example_xcom_args', 'example_xcom_args_with_operators' retrieved from /home/airflow/.local/lib/python3.11/site-packages/airflow/example_dags/example_xcomargs.py
[2024-07-09T17:05:12.282+0000] {logging_mixin.py:188} INFO - [2024-07-09T17:05:12.282+0000] {dag.py:3047} INFO - Sync 2 DAGs
[2024-07-09T17:05:12.294+0000] {logging_mixin.py:188} INFO - [2024-07-09T17:05:12.294+0000] {dag.py:3834} INFO - Setting next_dagrun for example_xcom_args to None, run_after=None
[2024-07-09T17:05:12.297+0000] {logging_mixin.py:188} INFO - [2024-07-09T17:05:12.297+0000] {dag.py:3834} INFO - Setting next_dagrun for example_xcom_args_with_operators to None, run_after=None
[2024-07-09T17:05:12.315+0000] {processor.py:183} INFO - Processing /home/airflow/.local/lib/python3.11/site-packages/airflow/example_dags/example_xcomargs.py took 0.072 seconds
[2024-07-09T17:05:42.939+0000] {processor.py:161} INFO - Started process (PID=7843) to work on /home/airflow/.local/lib/python3.11/site-packages/airflow/example_dags/example_xcomargs.py
[2024-07-09T17:05:42.941+0000] {processor.py:830} INFO - Processing file /home/airflow/.local/lib/python3.11/site-packages/airflow/example_dags/example_xcomargs.py for tasks to queue
[2024-07-09T17:05:42.942+0000] {logging_mixin.py:188} INFO - [2024-07-09T17:05:42.942+0000] {dagbag.py:540} INFO - Filling up the DagBag from /home/airflow/.local/lib/python3.11/site-packages/airflow/example_dags/example_xcomargs.py
[2024-07-09T17:05:42.953+0000] {processor.py:840} INFO - DAG(s) 'example_xcom_args_with_operators', 'example_xcom_args' retrieved from /home/airflow/.local/lib/python3.11/site-packages/airflow/example_dags/example_xcomargs.py
[2024-07-09T17:05:42.981+0000] {logging_mixin.py:188} INFO - [2024-07-09T17:05:42.981+0000] {dag.py:3047} INFO - Sync 2 DAGs
[2024-07-09T17:05:42.994+0000] {logging_mixin.py:188} INFO - [2024-07-09T17:05:42.994+0000] {dag.py:3834} INFO - Setting next_dagrun for example_xcom_args to None, run_after=None
[2024-07-09T17:05:42.998+0000] {logging_mixin.py:188} INFO - [2024-07-09T17:05:42.997+0000] {dag.py:3834} INFO - Setting next_dagrun for example_xcom_args_with_operators to None, run_after=None
[2024-07-09T17:05:43.018+0000] {processor.py:183} INFO - Processing /home/airflow/.local/lib/python3.11/site-packages/airflow/example_dags/example_xcomargs.py took 0.081 seconds
[2024-07-09T17:06:13.810+0000] {processor.py:161} INFO - Started process (PID=8107) to work on /home/airflow/.local/lib/python3.11/site-packages/airflow/example_dags/example_xcomargs.py
[2024-07-09T17:06:13.811+0000] {processor.py:830} INFO - Processing file /home/airflow/.local/lib/python3.11/site-packages/airflow/example_dags/example_xcomargs.py for tasks to queue
[2024-07-09T17:06:13.813+0000] {logging_mixin.py:188} INFO - [2024-07-09T17:06:13.812+0000] {dagbag.py:540} INFO - Filling up the DagBag from /home/airflow/.local/lib/python3.11/site-packages/airflow/example_dags/example_xcomargs.py
[2024-07-09T17:06:13.820+0000] {processor.py:840} INFO - DAG(s) 'example_xcom_args_with_operators', 'example_xcom_args' retrieved from /home/airflow/.local/lib/python3.11/site-packages/airflow/example_dags/example_xcomargs.py
[2024-07-09T17:06:13.845+0000] {logging_mixin.py:188} INFO - [2024-07-09T17:06:13.845+0000] {dag.py:3047} INFO - Sync 2 DAGs
[2024-07-09T17:06:13.857+0000] {logging_mixin.py:188} INFO - [2024-07-09T17:06:13.856+0000] {dag.py:3834} INFO - Setting next_dagrun for example_xcom_args to None, run_after=None
[2024-07-09T17:06:13.860+0000] {logging_mixin.py:188} INFO - [2024-07-09T17:06:13.860+0000] {dag.py:3834} INFO - Setting next_dagrun for example_xcom_args_with_operators to None, run_after=None
[2024-07-09T17:06:13.876+0000] {processor.py:183} INFO - Processing /home/airflow/.local/lib/python3.11/site-packages/airflow/example_dags/example_xcomargs.py took 0.069 seconds
[2024-07-09T17:06:44.053+0000] {processor.py:161} INFO - Started process (PID=8369) to work on /home/airflow/.local/lib/python3.11/site-packages/airflow/example_dags/example_xcomargs.py
[2024-07-09T17:06:44.054+0000] {processor.py:830} INFO - Processing file /home/airflow/.local/lib/python3.11/site-packages/airflow/example_dags/example_xcomargs.py for tasks to queue
[2024-07-09T17:06:44.055+0000] {logging_mixin.py:188} INFO - [2024-07-09T17:06:44.055+0000] {dagbag.py:540} INFO - Filling up the DagBag from /home/airflow/.local/lib/python3.11/site-packages/airflow/example_dags/example_xcomargs.py
[2024-07-09T17:06:44.063+0000] {processor.py:840} INFO - DAG(s) 'example_xcom_args', 'example_xcom_args_with_operators' retrieved from /home/airflow/.local/lib/python3.11/site-packages/airflow/example_dags/example_xcomargs.py
[2024-07-09T17:06:44.085+0000] {logging_mixin.py:188} INFO - [2024-07-09T17:06:44.085+0000] {dag.py:3047} INFO - Sync 2 DAGs
[2024-07-09T17:06:44.096+0000] {logging_mixin.py:188} INFO - [2024-07-09T17:06:44.096+0000] {dag.py:3834} INFO - Setting next_dagrun for example_xcom_args to None, run_after=None
[2024-07-09T17:06:44.100+0000] {logging_mixin.py:188} INFO - [2024-07-09T17:06:44.099+0000] {dag.py:3834} INFO - Setting next_dagrun for example_xcom_args_with_operators to None, run_after=None
[2024-07-09T17:06:44.114+0000] {processor.py:183} INFO - Processing /home/airflow/.local/lib/python3.11/site-packages/airflow/example_dags/example_xcomargs.py took 0.063 seconds
