[2024-07-09T16:51:02.651+0000] {processor.py:161} INFO - Started process (PID=340) to work on /home/airflow/.local/lib/python3.11/site-packages/airflow/example_dags/example_sensors.py
[2024-07-09T16:51:02.652+0000] {processor.py:830} INFO - Processing file /home/airflow/.local/lib/python3.11/site-packages/airflow/example_dags/example_sensors.py for tasks to queue
[2024-07-09T16:51:02.653+0000] {logging_mixin.py:188} INFO - [2024-07-09T16:51:02.653+0000] {dagbag.py:540} INFO - Filling up the DagBag from /home/airflow/.local/lib/python3.11/site-packages/airflow/example_dags/example_sensors.py
[2024-07-09T16:51:02.668+0000] {processor.py:840} INFO - DAG(s) 'example_sensors' retrieved from /home/airflow/.local/lib/python3.11/site-packages/airflow/example_dags/example_sensors.py
[2024-07-09T16:51:02.792+0000] {logging_mixin.py:188} INFO - [2024-07-09T16:51:02.792+0000] {override.py:1769} INFO - Created Permission View: can delete on DAG:example_sensors
[2024-07-09T16:51:02.805+0000] {logging_mixin.py:188} INFO - [2024-07-09T16:51:02.805+0000] {override.py:1769} INFO - Created Permission View: can edit on DAG:example_sensors
[2024-07-09T16:51:02.813+0000] {logging_mixin.py:188} INFO - [2024-07-09T16:51:02.813+0000] {override.py:1769} INFO - Created Permission View: can read on DAG:example_sensors
[2024-07-09T16:51:02.814+0000] {logging_mixin.py:188} INFO - [2024-07-09T16:51:02.814+0000] {dag.py:3047} INFO - Sync 1 DAGs
[2024-07-09T16:51:02.827+0000] {logging_mixin.py:188} INFO - [2024-07-09T16:51:02.826+0000] {dag.py:3069} INFO - Creating ORM DAG for example_sensors
[2024-07-09T16:51:02.828+0000] {logging_mixin.py:188} INFO - [2024-07-09T16:51:02.828+0000] {dag.py:3834} INFO - Setting next_dagrun for example_sensors to None, run_after=None
[2024-07-09T16:51:02.850+0000] {processor.py:183} INFO - Processing /home/airflow/.local/lib/python3.11/site-packages/airflow/example_dags/example_sensors.py took 0.202 seconds
[2024-07-09T16:51:33.025+0000] {processor.py:161} INFO - Started process (PID=604) to work on /home/airflow/.local/lib/python3.11/site-packages/airflow/example_dags/example_sensors.py
[2024-07-09T16:51:33.026+0000] {processor.py:830} INFO - Processing file /home/airflow/.local/lib/python3.11/site-packages/airflow/example_dags/example_sensors.py for tasks to queue
[2024-07-09T16:51:33.027+0000] {logging_mixin.py:188} INFO - [2024-07-09T16:51:33.027+0000] {dagbag.py:540} INFO - Filling up the DagBag from /home/airflow/.local/lib/python3.11/site-packages/airflow/example_dags/example_sensors.py
[2024-07-09T16:51:33.035+0000] {processor.py:840} INFO - DAG(s) 'example_sensors' retrieved from /home/airflow/.local/lib/python3.11/site-packages/airflow/example_dags/example_sensors.py
[2024-07-09T16:51:33.061+0000] {logging_mixin.py:188} INFO - [2024-07-09T16:51:33.061+0000] {dag.py:3047} INFO - Sync 1 DAGs
[2024-07-09T16:51:33.071+0000] {logging_mixin.py:188} INFO - [2024-07-09T16:51:33.071+0000] {dag.py:3834} INFO - Setting next_dagrun for example_sensors to None, run_after=None
[2024-07-09T16:51:33.093+0000] {processor.py:183} INFO - Processing /home/airflow/.local/lib/python3.11/site-packages/airflow/example_dags/example_sensors.py took 0.071 seconds
[2024-07-09T16:52:03.289+0000] {processor.py:161} INFO - Started process (PID=864) to work on /home/airflow/.local/lib/python3.11/site-packages/airflow/example_dags/example_sensors.py
[2024-07-09T16:52:03.291+0000] {processor.py:830} INFO - Processing file /home/airflow/.local/lib/python3.11/site-packages/airflow/example_dags/example_sensors.py for tasks to queue
[2024-07-09T16:52:03.292+0000] {logging_mixin.py:188} INFO - [2024-07-09T16:52:03.291+0000] {dagbag.py:540} INFO - Filling up the DagBag from /home/airflow/.local/lib/python3.11/site-packages/airflow/example_dags/example_sensors.py
[2024-07-09T16:52:03.303+0000] {processor.py:840} INFO - DAG(s) 'example_sensors' retrieved from /home/airflow/.local/lib/python3.11/site-packages/airflow/example_dags/example_sensors.py
[2024-07-09T16:52:03.328+0000] {logging_mixin.py:188} INFO - [2024-07-09T16:52:03.328+0000] {dag.py:3047} INFO - Sync 1 DAGs
[2024-07-09T16:52:03.339+0000] {logging_mixin.py:188} INFO - [2024-07-09T16:52:03.339+0000] {dag.py:3834} INFO - Setting next_dagrun for example_sensors to None, run_after=None
[2024-07-09T16:52:03.359+0000] {processor.py:183} INFO - Processing /home/airflow/.local/lib/python3.11/site-packages/airflow/example_dags/example_sensors.py took 0.072 seconds
[2024-07-09T16:52:33.814+0000] {processor.py:161} INFO - Started process (PID=1128) to work on /home/airflow/.local/lib/python3.11/site-packages/airflow/example_dags/example_sensors.py
[2024-07-09T16:52:33.815+0000] {processor.py:830} INFO - Processing file /home/airflow/.local/lib/python3.11/site-packages/airflow/example_dags/example_sensors.py for tasks to queue
[2024-07-09T16:52:33.816+0000] {logging_mixin.py:188} INFO - [2024-07-09T16:52:33.816+0000] {dagbag.py:540} INFO - Filling up the DagBag from /home/airflow/.local/lib/python3.11/site-packages/airflow/example_dags/example_sensors.py
[2024-07-09T16:52:33.826+0000] {processor.py:840} INFO - DAG(s) 'example_sensors' retrieved from /home/airflow/.local/lib/python3.11/site-packages/airflow/example_dags/example_sensors.py
[2024-07-09T16:52:33.850+0000] {logging_mixin.py:188} INFO - [2024-07-09T16:52:33.850+0000] {dag.py:3047} INFO - Sync 1 DAGs
[2024-07-09T16:52:33.863+0000] {logging_mixin.py:188} INFO - [2024-07-09T16:52:33.862+0000] {dag.py:3834} INFO - Setting next_dagrun for example_sensors to None, run_after=None
[2024-07-09T16:52:33.881+0000] {processor.py:183} INFO - Processing /home/airflow/.local/lib/python3.11/site-packages/airflow/example_dags/example_sensors.py took 0.070 seconds
[2024-07-09T16:53:04.657+0000] {processor.py:161} INFO - Started process (PID=1388) to work on /home/airflow/.local/lib/python3.11/site-packages/airflow/example_dags/example_sensors.py
[2024-07-09T16:53:04.658+0000] {processor.py:830} INFO - Processing file /home/airflow/.local/lib/python3.11/site-packages/airflow/example_dags/example_sensors.py for tasks to queue
[2024-07-09T16:53:04.659+0000] {logging_mixin.py:188} INFO - [2024-07-09T16:53:04.659+0000] {dagbag.py:540} INFO - Filling up the DagBag from /home/airflow/.local/lib/python3.11/site-packages/airflow/example_dags/example_sensors.py
[2024-07-09T16:53:04.670+0000] {processor.py:840} INFO - DAG(s) 'example_sensors' retrieved from /home/airflow/.local/lib/python3.11/site-packages/airflow/example_dags/example_sensors.py
[2024-07-09T16:53:04.826+0000] {logging_mixin.py:188} INFO - [2024-07-09T16:53:04.826+0000] {dag.py:3047} INFO - Sync 1 DAGs
[2024-07-09T16:53:04.841+0000] {logging_mixin.py:188} INFO - [2024-07-09T16:53:04.841+0000] {dag.py:3834} INFO - Setting next_dagrun for example_sensors to None, run_after=None
[2024-07-09T16:53:04.865+0000] {processor.py:183} INFO - Processing /home/airflow/.local/lib/python3.11/site-packages/airflow/example_dags/example_sensors.py took 0.211 seconds
[2024-07-09T16:53:35.799+0000] {processor.py:161} INFO - Started process (PID=1652) to work on /home/airflow/.local/lib/python3.11/site-packages/airflow/example_dags/example_sensors.py
[2024-07-09T16:53:35.800+0000] {processor.py:830} INFO - Processing file /home/airflow/.local/lib/python3.11/site-packages/airflow/example_dags/example_sensors.py for tasks to queue
[2024-07-09T16:53:35.801+0000] {logging_mixin.py:188} INFO - [2024-07-09T16:53:35.801+0000] {dagbag.py:540} INFO - Filling up the DagBag from /home/airflow/.local/lib/python3.11/site-packages/airflow/example_dags/example_sensors.py
[2024-07-09T16:53:35.810+0000] {processor.py:840} INFO - DAG(s) 'example_sensors' retrieved from /home/airflow/.local/lib/python3.11/site-packages/airflow/example_dags/example_sensors.py
[2024-07-09T16:53:35.835+0000] {logging_mixin.py:188} INFO - [2024-07-09T16:53:35.835+0000] {dag.py:3047} INFO - Sync 1 DAGs
[2024-07-09T16:53:35.847+0000] {logging_mixin.py:188} INFO - [2024-07-09T16:53:35.847+0000] {dag.py:3834} INFO - Setting next_dagrun for example_sensors to None, run_after=None
[2024-07-09T16:53:35.888+0000] {processor.py:183} INFO - Processing /home/airflow/.local/lib/python3.11/site-packages/airflow/example_dags/example_sensors.py took 0.092 seconds
[2024-07-09T16:54:06.679+0000] {processor.py:161} INFO - Started process (PID=1914) to work on /home/airflow/.local/lib/python3.11/site-packages/airflow/example_dags/example_sensors.py
[2024-07-09T16:54:06.680+0000] {processor.py:830} INFO - Processing file /home/airflow/.local/lib/python3.11/site-packages/airflow/example_dags/example_sensors.py for tasks to queue
[2024-07-09T16:54:06.681+0000] {logging_mixin.py:188} INFO - [2024-07-09T16:54:06.681+0000] {dagbag.py:540} INFO - Filling up the DagBag from /home/airflow/.local/lib/python3.11/site-packages/airflow/example_dags/example_sensors.py
[2024-07-09T16:54:06.698+0000] {processor.py:840} INFO - DAG(s) 'example_sensors' retrieved from /home/airflow/.local/lib/python3.11/site-packages/airflow/example_dags/example_sensors.py
[2024-07-09T16:54:06.736+0000] {logging_mixin.py:188} INFO - [2024-07-09T16:54:06.736+0000] {dag.py:3047} INFO - Sync 1 DAGs
[2024-07-09T16:54:06.750+0000] {logging_mixin.py:188} INFO - [2024-07-09T16:54:06.750+0000] {dag.py:3834} INFO - Setting next_dagrun for example_sensors to None, run_after=None
[2024-07-09T16:54:06.855+0000] {processor.py:183} INFO - Processing /home/airflow/.local/lib/python3.11/site-packages/airflow/example_dags/example_sensors.py took 0.181 seconds
[2024-07-09T16:54:37.188+0000] {processor.py:161} INFO - Started process (PID=2176) to work on /home/airflow/.local/lib/python3.11/site-packages/airflow/example_dags/example_sensors.py
[2024-07-09T16:54:37.189+0000] {processor.py:830} INFO - Processing file /home/airflow/.local/lib/python3.11/site-packages/airflow/example_dags/example_sensors.py for tasks to queue
[2024-07-09T16:54:37.190+0000] {logging_mixin.py:188} INFO - [2024-07-09T16:54:37.190+0000] {dagbag.py:540} INFO - Filling up the DagBag from /home/airflow/.local/lib/python3.11/site-packages/airflow/example_dags/example_sensors.py
[2024-07-09T16:54:37.202+0000] {processor.py:840} INFO - DAG(s) 'example_sensors' retrieved from /home/airflow/.local/lib/python3.11/site-packages/airflow/example_dags/example_sensors.py
[2024-07-09T16:54:37.238+0000] {logging_mixin.py:188} INFO - [2024-07-09T16:54:37.238+0000] {dag.py:3047} INFO - Sync 1 DAGs
[2024-07-09T16:54:37.250+0000] {logging_mixin.py:188} INFO - [2024-07-09T16:54:37.250+0000] {dag.py:3834} INFO - Setting next_dagrun for example_sensors to None, run_after=None
[2024-07-09T16:54:37.278+0000] {processor.py:183} INFO - Processing /home/airflow/.local/lib/python3.11/site-packages/airflow/example_dags/example_sensors.py took 0.094 seconds
[2024-07-09T16:55:07.581+0000] {processor.py:161} INFO - Started process (PID=2438) to work on /home/airflow/.local/lib/python3.11/site-packages/airflow/example_dags/example_sensors.py
[2024-07-09T16:55:07.582+0000] {processor.py:830} INFO - Processing file /home/airflow/.local/lib/python3.11/site-packages/airflow/example_dags/example_sensors.py for tasks to queue
[2024-07-09T16:55:07.584+0000] {logging_mixin.py:188} INFO - [2024-07-09T16:55:07.583+0000] {dagbag.py:540} INFO - Filling up the DagBag from /home/airflow/.local/lib/python3.11/site-packages/airflow/example_dags/example_sensors.py
[2024-07-09T16:55:07.597+0000] {processor.py:840} INFO - DAG(s) 'example_sensors' retrieved from /home/airflow/.local/lib/python3.11/site-packages/airflow/example_dags/example_sensors.py
[2024-07-09T16:55:07.624+0000] {logging_mixin.py:188} INFO - [2024-07-09T16:55:07.624+0000] {dag.py:3047} INFO - Sync 1 DAGs
[2024-07-09T16:55:07.636+0000] {logging_mixin.py:188} INFO - [2024-07-09T16:55:07.636+0000] {dag.py:3834} INFO - Setting next_dagrun for example_sensors to None, run_after=None
[2024-07-09T16:55:07.672+0000] {processor.py:183} INFO - Processing /home/airflow/.local/lib/python3.11/site-packages/airflow/example_dags/example_sensors.py took 0.095 seconds
[2024-07-09T16:55:38.133+0000] {processor.py:161} INFO - Started process (PID=2700) to work on /home/airflow/.local/lib/python3.11/site-packages/airflow/example_dags/example_sensors.py
[2024-07-09T16:55:38.134+0000] {processor.py:830} INFO - Processing file /home/airflow/.local/lib/python3.11/site-packages/airflow/example_dags/example_sensors.py for tasks to queue
[2024-07-09T16:55:38.136+0000] {logging_mixin.py:188} INFO - [2024-07-09T16:55:38.135+0000] {dagbag.py:540} INFO - Filling up the DagBag from /home/airflow/.local/lib/python3.11/site-packages/airflow/example_dags/example_sensors.py
[2024-07-09T16:55:38.145+0000] {processor.py:840} INFO - DAG(s) 'example_sensors' retrieved from /home/airflow/.local/lib/python3.11/site-packages/airflow/example_dags/example_sensors.py
[2024-07-09T16:55:38.180+0000] {logging_mixin.py:188} INFO - [2024-07-09T16:55:38.179+0000] {dag.py:3047} INFO - Sync 1 DAGs
[2024-07-09T16:55:38.194+0000] {logging_mixin.py:188} INFO - [2024-07-09T16:55:38.193+0000] {dag.py:3834} INFO - Setting next_dagrun for example_sensors to None, run_after=None
[2024-07-09T16:55:38.212+0000] {processor.py:183} INFO - Processing /home/airflow/.local/lib/python3.11/site-packages/airflow/example_dags/example_sensors.py took 0.082 seconds
[2024-07-09T16:56:08.323+0000] {processor.py:161} INFO - Started process (PID=2960) to work on /home/airflow/.local/lib/python3.11/site-packages/airflow/example_dags/example_sensors.py
[2024-07-09T16:56:08.324+0000] {processor.py:830} INFO - Processing file /home/airflow/.local/lib/python3.11/site-packages/airflow/example_dags/example_sensors.py for tasks to queue
[2024-07-09T16:56:08.325+0000] {logging_mixin.py:188} INFO - [2024-07-09T16:56:08.325+0000] {dagbag.py:540} INFO - Filling up the DagBag from /home/airflow/.local/lib/python3.11/site-packages/airflow/example_dags/example_sensors.py
[2024-07-09T16:56:08.334+0000] {processor.py:840} INFO - DAG(s) 'example_sensors' retrieved from /home/airflow/.local/lib/python3.11/site-packages/airflow/example_dags/example_sensors.py
[2024-07-09T16:56:08.362+0000] {logging_mixin.py:188} INFO - [2024-07-09T16:56:08.362+0000] {dag.py:3047} INFO - Sync 1 DAGs
[2024-07-09T16:56:08.374+0000] {logging_mixin.py:188} INFO - [2024-07-09T16:56:08.374+0000] {dag.py:3834} INFO - Setting next_dagrun for example_sensors to None, run_after=None
[2024-07-09T16:56:08.389+0000] {processor.py:183} INFO - Processing /home/airflow/.local/lib/python3.11/site-packages/airflow/example_dags/example_sensors.py took 0.068 seconds
[2024-07-09T16:56:38.809+0000] {processor.py:161} INFO - Started process (PID=3224) to work on /home/airflow/.local/lib/python3.11/site-packages/airflow/example_dags/example_sensors.py
[2024-07-09T16:56:38.810+0000] {processor.py:830} INFO - Processing file /home/airflow/.local/lib/python3.11/site-packages/airflow/example_dags/example_sensors.py for tasks to queue
[2024-07-09T16:56:38.811+0000] {logging_mixin.py:188} INFO - [2024-07-09T16:56:38.810+0000] {dagbag.py:540} INFO - Filling up the DagBag from /home/airflow/.local/lib/python3.11/site-packages/airflow/example_dags/example_sensors.py
[2024-07-09T16:56:38.821+0000] {processor.py:840} INFO - DAG(s) 'example_sensors' retrieved from /home/airflow/.local/lib/python3.11/site-packages/airflow/example_dags/example_sensors.py
[2024-07-09T16:56:38.848+0000] {logging_mixin.py:188} INFO - [2024-07-09T16:56:38.848+0000] {dag.py:3047} INFO - Sync 1 DAGs
[2024-07-09T16:56:38.860+0000] {logging_mixin.py:188} INFO - [2024-07-09T16:56:38.860+0000] {dag.py:3834} INFO - Setting next_dagrun for example_sensors to None, run_after=None
[2024-07-09T16:56:38.876+0000] {processor.py:183} INFO - Processing /home/airflow/.local/lib/python3.11/site-packages/airflow/example_dags/example_sensors.py took 0.071 seconds
[2024-07-09T16:57:09.390+0000] {processor.py:161} INFO - Started process (PID=3475) to work on /home/airflow/.local/lib/python3.11/site-packages/airflow/example_dags/example_sensors.py
[2024-07-09T16:57:09.390+0000] {processor.py:830} INFO - Processing file /home/airflow/.local/lib/python3.11/site-packages/airflow/example_dags/example_sensors.py for tasks to queue
[2024-07-09T16:57:09.391+0000] {logging_mixin.py:188} INFO - [2024-07-09T16:57:09.391+0000] {dagbag.py:540} INFO - Filling up the DagBag from /home/airflow/.local/lib/python3.11/site-packages/airflow/example_dags/example_sensors.py
[2024-07-09T16:57:09.400+0000] {processor.py:840} INFO - DAG(s) 'example_sensors' retrieved from /home/airflow/.local/lib/python3.11/site-packages/airflow/example_dags/example_sensors.py
[2024-07-09T16:57:09.424+0000] {logging_mixin.py:188} INFO - [2024-07-09T16:57:09.424+0000] {dag.py:3047} INFO - Sync 1 DAGs
[2024-07-09T16:57:09.436+0000] {logging_mixin.py:188} INFO - [2024-07-09T16:57:09.436+0000] {dag.py:3834} INFO - Setting next_dagrun for example_sensors to None, run_after=None
[2024-07-09T16:57:09.458+0000] {processor.py:183} INFO - Processing /home/airflow/.local/lib/python3.11/site-packages/airflow/example_dags/example_sensors.py took 0.071 seconds
[2024-07-09T16:57:40.410+0000] {processor.py:161} INFO - Started process (PID=3732) to work on /home/airflow/.local/lib/python3.11/site-packages/airflow/example_dags/example_sensors.py
[2024-07-09T16:57:40.411+0000] {processor.py:830} INFO - Processing file /home/airflow/.local/lib/python3.11/site-packages/airflow/example_dags/example_sensors.py for tasks to queue
[2024-07-09T16:57:40.412+0000] {logging_mixin.py:188} INFO - [2024-07-09T16:57:40.412+0000] {dagbag.py:540} INFO - Filling up the DagBag from /home/airflow/.local/lib/python3.11/site-packages/airflow/example_dags/example_sensors.py
[2024-07-09T16:57:40.422+0000] {processor.py:840} INFO - DAG(s) 'example_sensors' retrieved from /home/airflow/.local/lib/python3.11/site-packages/airflow/example_dags/example_sensors.py
[2024-07-09T16:57:40.449+0000] {logging_mixin.py:188} INFO - [2024-07-09T16:57:40.449+0000] {dag.py:3047} INFO - Sync 1 DAGs
[2024-07-09T16:57:40.461+0000] {logging_mixin.py:188} INFO - [2024-07-09T16:57:40.461+0000] {dag.py:3834} INFO - Setting next_dagrun for example_sensors to None, run_after=None
[2024-07-09T16:57:40.479+0000] {processor.py:183} INFO - Processing /home/airflow/.local/lib/python3.11/site-packages/airflow/example_dags/example_sensors.py took 0.072 seconds
[2024-07-09T16:58:11.037+0000] {processor.py:161} INFO - Started process (PID=3994) to work on /home/airflow/.local/lib/python3.11/site-packages/airflow/example_dags/example_sensors.py
[2024-07-09T16:58:11.038+0000] {processor.py:830} INFO - Processing file /home/airflow/.local/lib/python3.11/site-packages/airflow/example_dags/example_sensors.py for tasks to queue
[2024-07-09T16:58:11.039+0000] {logging_mixin.py:188} INFO - [2024-07-09T16:58:11.039+0000] {dagbag.py:540} INFO - Filling up the DagBag from /home/airflow/.local/lib/python3.11/site-packages/airflow/example_dags/example_sensors.py
[2024-07-09T16:58:11.048+0000] {processor.py:840} INFO - DAG(s) 'example_sensors' retrieved from /home/airflow/.local/lib/python3.11/site-packages/airflow/example_dags/example_sensors.py
[2024-07-09T16:58:11.072+0000] {logging_mixin.py:188} INFO - [2024-07-09T16:58:11.072+0000] {dag.py:3047} INFO - Sync 1 DAGs
[2024-07-09T16:58:11.082+0000] {logging_mixin.py:188} INFO - [2024-07-09T16:58:11.082+0000] {dag.py:3834} INFO - Setting next_dagrun for example_sensors to None, run_after=None
[2024-07-09T16:58:11.100+0000] {processor.py:183} INFO - Processing /home/airflow/.local/lib/python3.11/site-packages/airflow/example_dags/example_sensors.py took 0.066 seconds
[2024-07-09T16:58:41.468+0000] {processor.py:161} INFO - Started process (PID=4256) to work on /home/airflow/.local/lib/python3.11/site-packages/airflow/example_dags/example_sensors.py
[2024-07-09T16:58:41.470+0000] {processor.py:830} INFO - Processing file /home/airflow/.local/lib/python3.11/site-packages/airflow/example_dags/example_sensors.py for tasks to queue
[2024-07-09T16:58:41.470+0000] {logging_mixin.py:188} INFO - [2024-07-09T16:58:41.470+0000] {dagbag.py:540} INFO - Filling up the DagBag from /home/airflow/.local/lib/python3.11/site-packages/airflow/example_dags/example_sensors.py
[2024-07-09T16:58:41.479+0000] {processor.py:840} INFO - DAG(s) 'example_sensors' retrieved from /home/airflow/.local/lib/python3.11/site-packages/airflow/example_dags/example_sensors.py
[2024-07-09T16:58:41.507+0000] {logging_mixin.py:188} INFO - [2024-07-09T16:58:41.507+0000] {dag.py:3047} INFO - Sync 1 DAGs
[2024-07-09T16:58:41.518+0000] {logging_mixin.py:188} INFO - [2024-07-09T16:58:41.518+0000] {dag.py:3834} INFO - Setting next_dagrun for example_sensors to None, run_after=None
[2024-07-09T16:58:41.538+0000] {processor.py:183} INFO - Processing /home/airflow/.local/lib/python3.11/site-packages/airflow/example_dags/example_sensors.py took 0.072 seconds
[2024-07-09T16:59:12.459+0000] {processor.py:161} INFO - Started process (PID=4518) to work on /home/airflow/.local/lib/python3.11/site-packages/airflow/example_dags/example_sensors.py
[2024-07-09T16:59:12.460+0000] {processor.py:830} INFO - Processing file /home/airflow/.local/lib/python3.11/site-packages/airflow/example_dags/example_sensors.py for tasks to queue
[2024-07-09T16:59:12.461+0000] {logging_mixin.py:188} INFO - [2024-07-09T16:59:12.461+0000] {dagbag.py:540} INFO - Filling up the DagBag from /home/airflow/.local/lib/python3.11/site-packages/airflow/example_dags/example_sensors.py
[2024-07-09T16:59:12.472+0000] {processor.py:840} INFO - DAG(s) 'example_sensors' retrieved from /home/airflow/.local/lib/python3.11/site-packages/airflow/example_dags/example_sensors.py
[2024-07-09T16:59:12.501+0000] {logging_mixin.py:188} INFO - [2024-07-09T16:59:12.501+0000] {dag.py:3047} INFO - Sync 1 DAGs
[2024-07-09T16:59:12.512+0000] {logging_mixin.py:188} INFO - [2024-07-09T16:59:12.512+0000] {dag.py:3834} INFO - Setting next_dagrun for example_sensors to None, run_after=None
[2024-07-09T16:59:12.529+0000] {processor.py:183} INFO - Processing /home/airflow/.local/lib/python3.11/site-packages/airflow/example_dags/example_sensors.py took 0.074 seconds
[2024-07-09T16:59:42.746+0000] {processor.py:161} INFO - Started process (PID=4782) to work on /home/airflow/.local/lib/python3.11/site-packages/airflow/example_dags/example_sensors.py
[2024-07-09T16:59:42.747+0000] {processor.py:830} INFO - Processing file /home/airflow/.local/lib/python3.11/site-packages/airflow/example_dags/example_sensors.py for tasks to queue
[2024-07-09T16:59:42.748+0000] {logging_mixin.py:188} INFO - [2024-07-09T16:59:42.747+0000] {dagbag.py:540} INFO - Filling up the DagBag from /home/airflow/.local/lib/python3.11/site-packages/airflow/example_dags/example_sensors.py
[2024-07-09T16:59:42.756+0000] {processor.py:840} INFO - DAG(s) 'example_sensors' retrieved from /home/airflow/.local/lib/python3.11/site-packages/airflow/example_dags/example_sensors.py
[2024-07-09T16:59:42.782+0000] {logging_mixin.py:188} INFO - [2024-07-09T16:59:42.782+0000] {dag.py:3047} INFO - Sync 1 DAGs
[2024-07-09T16:59:42.794+0000] {logging_mixin.py:188} INFO - [2024-07-09T16:59:42.794+0000] {dag.py:3834} INFO - Setting next_dagrun for example_sensors to None, run_after=None
[2024-07-09T16:59:42.811+0000] {processor.py:183} INFO - Processing /home/airflow/.local/lib/python3.11/site-packages/airflow/example_dags/example_sensors.py took 0.067 seconds
[2024-07-09T17:00:13.210+0000] {processor.py:161} INFO - Started process (PID=5042) to work on /home/airflow/.local/lib/python3.11/site-packages/airflow/example_dags/example_sensors.py
[2024-07-09T17:00:13.211+0000] {processor.py:830} INFO - Processing file /home/airflow/.local/lib/python3.11/site-packages/airflow/example_dags/example_sensors.py for tasks to queue
[2024-07-09T17:00:13.213+0000] {logging_mixin.py:188} INFO - [2024-07-09T17:00:13.212+0000] {dagbag.py:540} INFO - Filling up the DagBag from /home/airflow/.local/lib/python3.11/site-packages/airflow/example_dags/example_sensors.py
[2024-07-09T17:00:13.222+0000] {processor.py:840} INFO - DAG(s) 'example_sensors' retrieved from /home/airflow/.local/lib/python3.11/site-packages/airflow/example_dags/example_sensors.py
[2024-07-09T17:00:13.246+0000] {logging_mixin.py:188} INFO - [2024-07-09T17:00:13.245+0000] {dag.py:3047} INFO - Sync 1 DAGs
[2024-07-09T17:00:13.257+0000] {logging_mixin.py:188} INFO - [2024-07-09T17:00:13.257+0000] {dag.py:3834} INFO - Setting next_dagrun for example_sensors to None, run_after=None
[2024-07-09T17:00:13.276+0000] {processor.py:183} INFO - Processing /home/airflow/.local/lib/python3.11/site-packages/airflow/example_dags/example_sensors.py took 0.069 seconds
[2024-07-09T17:00:43.686+0000] {processor.py:161} INFO - Started process (PID=5304) to work on /home/airflow/.local/lib/python3.11/site-packages/airflow/example_dags/example_sensors.py
[2024-07-09T17:00:43.687+0000] {processor.py:830} INFO - Processing file /home/airflow/.local/lib/python3.11/site-packages/airflow/example_dags/example_sensors.py for tasks to queue
[2024-07-09T17:00:43.688+0000] {logging_mixin.py:188} INFO - [2024-07-09T17:00:43.688+0000] {dagbag.py:540} INFO - Filling up the DagBag from /home/airflow/.local/lib/python3.11/site-packages/airflow/example_dags/example_sensors.py
[2024-07-09T17:00:43.698+0000] {processor.py:840} INFO - DAG(s) 'example_sensors' retrieved from /home/airflow/.local/lib/python3.11/site-packages/airflow/example_dags/example_sensors.py
[2024-07-09T17:00:43.723+0000] {logging_mixin.py:188} INFO - [2024-07-09T17:00:43.723+0000] {dag.py:3047} INFO - Sync 1 DAGs
[2024-07-09T17:00:43.734+0000] {logging_mixin.py:188} INFO - [2024-07-09T17:00:43.734+0000] {dag.py:3834} INFO - Setting next_dagrun for example_sensors to None, run_after=None
[2024-07-09T17:00:43.752+0000] {processor.py:183} INFO - Processing /home/airflow/.local/lib/python3.11/site-packages/airflow/example_dags/example_sensors.py took 0.069 seconds
[2024-07-09T17:01:13.851+0000] {processor.py:161} INFO - Started process (PID=5566) to work on /home/airflow/.local/lib/python3.11/site-packages/airflow/example_dags/example_sensors.py
[2024-07-09T17:01:13.852+0000] {processor.py:830} INFO - Processing file /home/airflow/.local/lib/python3.11/site-packages/airflow/example_dags/example_sensors.py for tasks to queue
[2024-07-09T17:01:13.853+0000] {logging_mixin.py:188} INFO - [2024-07-09T17:01:13.853+0000] {dagbag.py:540} INFO - Filling up the DagBag from /home/airflow/.local/lib/python3.11/site-packages/airflow/example_dags/example_sensors.py
[2024-07-09T17:01:13.864+0000] {processor.py:840} INFO - DAG(s) 'example_sensors' retrieved from /home/airflow/.local/lib/python3.11/site-packages/airflow/example_dags/example_sensors.py
[2024-07-09T17:01:13.900+0000] {logging_mixin.py:188} INFO - [2024-07-09T17:01:13.899+0000] {dag.py:3047} INFO - Sync 1 DAGs
[2024-07-09T17:01:13.913+0000] {logging_mixin.py:188} INFO - [2024-07-09T17:01:13.913+0000] {dag.py:3834} INFO - Setting next_dagrun for example_sensors to None, run_after=None
[2024-07-09T17:01:13.935+0000] {processor.py:183} INFO - Processing /home/airflow/.local/lib/python3.11/site-packages/airflow/example_dags/example_sensors.py took 0.088 seconds
[2024-07-09T17:01:44.116+0000] {processor.py:161} INFO - Started process (PID=5828) to work on /home/airflow/.local/lib/python3.11/site-packages/airflow/example_dags/example_sensors.py
[2024-07-09T17:01:44.117+0000] {processor.py:830} INFO - Processing file /home/airflow/.local/lib/python3.11/site-packages/airflow/example_dags/example_sensors.py for tasks to queue
[2024-07-09T17:01:44.118+0000] {logging_mixin.py:188} INFO - [2024-07-09T17:01:44.117+0000] {dagbag.py:540} INFO - Filling up the DagBag from /home/airflow/.local/lib/python3.11/site-packages/airflow/example_dags/example_sensors.py
[2024-07-09T17:01:44.129+0000] {processor.py:840} INFO - DAG(s) 'example_sensors' retrieved from /home/airflow/.local/lib/python3.11/site-packages/airflow/example_dags/example_sensors.py
[2024-07-09T17:01:44.152+0000] {logging_mixin.py:188} INFO - [2024-07-09T17:01:44.152+0000] {dag.py:3047} INFO - Sync 1 DAGs
[2024-07-09T17:01:44.163+0000] {logging_mixin.py:188} INFO - [2024-07-09T17:01:44.163+0000] {dag.py:3834} INFO - Setting next_dagrun for example_sensors to None, run_after=None
[2024-07-09T17:01:44.181+0000] {processor.py:183} INFO - Processing /home/airflow/.local/lib/python3.11/site-packages/airflow/example_dags/example_sensors.py took 0.067 seconds
[2024-07-09T17:02:15.118+0000] {processor.py:161} INFO - Started process (PID=6090) to work on /home/airflow/.local/lib/python3.11/site-packages/airflow/example_dags/example_sensors.py
[2024-07-09T17:02:15.119+0000] {processor.py:830} INFO - Processing file /home/airflow/.local/lib/python3.11/site-packages/airflow/example_dags/example_sensors.py for tasks to queue
[2024-07-09T17:02:15.120+0000] {logging_mixin.py:188} INFO - [2024-07-09T17:02:15.120+0000] {dagbag.py:540} INFO - Filling up the DagBag from /home/airflow/.local/lib/python3.11/site-packages/airflow/example_dags/example_sensors.py
[2024-07-09T17:02:15.129+0000] {processor.py:840} INFO - DAG(s) 'example_sensors' retrieved from /home/airflow/.local/lib/python3.11/site-packages/airflow/example_dags/example_sensors.py
[2024-07-09T17:02:15.154+0000] {logging_mixin.py:188} INFO - [2024-07-09T17:02:15.154+0000] {dag.py:3047} INFO - Sync 1 DAGs
[2024-07-09T17:02:15.167+0000] {logging_mixin.py:188} INFO - [2024-07-09T17:02:15.166+0000] {dag.py:3834} INFO - Setting next_dagrun for example_sensors to None, run_after=None
[2024-07-09T17:02:15.184+0000] {processor.py:183} INFO - Processing /home/airflow/.local/lib/python3.11/site-packages/airflow/example_dags/example_sensors.py took 0.069 seconds
[2024-07-09T17:02:45.869+0000] {processor.py:161} INFO - Started process (PID=6354) to work on /home/airflow/.local/lib/python3.11/site-packages/airflow/example_dags/example_sensors.py
[2024-07-09T17:02:45.871+0000] {processor.py:830} INFO - Processing file /home/airflow/.local/lib/python3.11/site-packages/airflow/example_dags/example_sensors.py for tasks to queue
[2024-07-09T17:02:45.872+0000] {logging_mixin.py:188} INFO - [2024-07-09T17:02:45.872+0000] {dagbag.py:540} INFO - Filling up the DagBag from /home/airflow/.local/lib/python3.11/site-packages/airflow/example_dags/example_sensors.py
[2024-07-09T17:02:45.886+0000] {processor.py:840} INFO - DAG(s) 'example_sensors' retrieved from /home/airflow/.local/lib/python3.11/site-packages/airflow/example_dags/example_sensors.py
[2024-07-09T17:02:45.920+0000] {logging_mixin.py:188} INFO - [2024-07-09T17:02:45.920+0000] {dag.py:3047} INFO - Sync 1 DAGs
[2024-07-09T17:02:45.931+0000] {logging_mixin.py:188} INFO - [2024-07-09T17:02:45.931+0000] {dag.py:3834} INFO - Setting next_dagrun for example_sensors to None, run_after=None
[2024-07-09T17:02:45.951+0000] {processor.py:183} INFO - Processing /home/airflow/.local/lib/python3.11/site-packages/airflow/example_dags/example_sensors.py took 0.086 seconds
[2024-07-09T17:03:16.341+0000] {processor.py:161} INFO - Started process (PID=6616) to work on /home/airflow/.local/lib/python3.11/site-packages/airflow/example_dags/example_sensors.py
[2024-07-09T17:03:16.342+0000] {processor.py:830} INFO - Processing file /home/airflow/.local/lib/python3.11/site-packages/airflow/example_dags/example_sensors.py for tasks to queue
[2024-07-09T17:03:16.343+0000] {logging_mixin.py:188} INFO - [2024-07-09T17:03:16.342+0000] {dagbag.py:540} INFO - Filling up the DagBag from /home/airflow/.local/lib/python3.11/site-packages/airflow/example_dags/example_sensors.py
[2024-07-09T17:03:16.353+0000] {processor.py:840} INFO - DAG(s) 'example_sensors' retrieved from /home/airflow/.local/lib/python3.11/site-packages/airflow/example_dags/example_sensors.py
[2024-07-09T17:03:16.381+0000] {logging_mixin.py:188} INFO - [2024-07-09T17:03:16.380+0000] {dag.py:3047} INFO - Sync 1 DAGs
[2024-07-09T17:03:16.390+0000] {logging_mixin.py:188} INFO - [2024-07-09T17:03:16.390+0000] {dag.py:3834} INFO - Setting next_dagrun for example_sensors to None, run_after=None
[2024-07-09T17:03:16.407+0000] {processor.py:183} INFO - Processing /home/airflow/.local/lib/python3.11/site-packages/airflow/example_dags/example_sensors.py took 0.069 seconds
[2024-07-09T17:03:46.964+0000] {processor.py:161} INFO - Started process (PID=6876) to work on /home/airflow/.local/lib/python3.11/site-packages/airflow/example_dags/example_sensors.py
[2024-07-09T17:03:46.965+0000] {processor.py:830} INFO - Processing file /home/airflow/.local/lib/python3.11/site-packages/airflow/example_dags/example_sensors.py for tasks to queue
[2024-07-09T17:03:46.966+0000] {logging_mixin.py:188} INFO - [2024-07-09T17:03:46.965+0000] {dagbag.py:540} INFO - Filling up the DagBag from /home/airflow/.local/lib/python3.11/site-packages/airflow/example_dags/example_sensors.py
[2024-07-09T17:03:46.976+0000] {processor.py:840} INFO - DAG(s) 'example_sensors' retrieved from /home/airflow/.local/lib/python3.11/site-packages/airflow/example_dags/example_sensors.py
[2024-07-09T17:03:47.002+0000] {logging_mixin.py:188} INFO - [2024-07-09T17:03:47.002+0000] {dag.py:3047} INFO - Sync 1 DAGs
[2024-07-09T17:03:47.014+0000] {logging_mixin.py:188} INFO - [2024-07-09T17:03:47.013+0000] {dag.py:3834} INFO - Setting next_dagrun for example_sensors to None, run_after=None
[2024-07-09T17:03:47.029+0000] {processor.py:183} INFO - Processing /home/airflow/.local/lib/python3.11/site-packages/airflow/example_dags/example_sensors.py took 0.069 seconds
[2024-07-09T17:04:17.866+0000] {processor.py:161} INFO - Started process (PID=7138) to work on /home/airflow/.local/lib/python3.11/site-packages/airflow/example_dags/example_sensors.py
[2024-07-09T17:04:17.867+0000] {processor.py:830} INFO - Processing file /home/airflow/.local/lib/python3.11/site-packages/airflow/example_dags/example_sensors.py for tasks to queue
[2024-07-09T17:04:17.868+0000] {logging_mixin.py:188} INFO - [2024-07-09T17:04:17.867+0000] {dagbag.py:540} INFO - Filling up the DagBag from /home/airflow/.local/lib/python3.11/site-packages/airflow/example_dags/example_sensors.py
[2024-07-09T17:04:17.878+0000] {processor.py:840} INFO - DAG(s) 'example_sensors' retrieved from /home/airflow/.local/lib/python3.11/site-packages/airflow/example_dags/example_sensors.py
[2024-07-09T17:04:17.905+0000] {logging_mixin.py:188} INFO - [2024-07-09T17:04:17.904+0000] {dag.py:3047} INFO - Sync 1 DAGs
[2024-07-09T17:04:17.915+0000] {logging_mixin.py:188} INFO - [2024-07-09T17:04:17.915+0000] {dag.py:3834} INFO - Setting next_dagrun for example_sensors to None, run_after=None
[2024-07-09T17:04:17.932+0000] {processor.py:183} INFO - Processing /home/airflow/.local/lib/python3.11/site-packages/airflow/example_dags/example_sensors.py took 0.069 seconds
[2024-07-09T17:04:48.797+0000] {processor.py:161} INFO - Started process (PID=7436) to work on /home/airflow/.local/lib/python3.11/site-packages/airflow/example_dags/example_sensors.py
[2024-07-09T17:04:48.798+0000] {processor.py:830} INFO - Processing file /home/airflow/.local/lib/python3.11/site-packages/airflow/example_dags/example_sensors.py for tasks to queue
[2024-07-09T17:04:48.799+0000] {logging_mixin.py:188} INFO - [2024-07-09T17:04:48.799+0000] {dagbag.py:540} INFO - Filling up the DagBag from /home/airflow/.local/lib/python3.11/site-packages/airflow/example_dags/example_sensors.py
[2024-07-09T17:04:48.808+0000] {processor.py:840} INFO - DAG(s) 'example_sensors' retrieved from /home/airflow/.local/lib/python3.11/site-packages/airflow/example_dags/example_sensors.py
[2024-07-09T17:04:48.834+0000] {logging_mixin.py:188} INFO - [2024-07-09T17:04:48.834+0000] {dag.py:3047} INFO - Sync 1 DAGs
[2024-07-09T17:04:48.845+0000] {logging_mixin.py:188} INFO - [2024-07-09T17:04:48.845+0000] {dag.py:3834} INFO - Setting next_dagrun for example_sensors to None, run_after=None
[2024-07-09T17:04:48.863+0000] {processor.py:183} INFO - Processing /home/airflow/.local/lib/python3.11/site-packages/airflow/example_dags/example_sensors.py took 0.069 seconds
[2024-07-09T17:05:19.562+0000] {processor.py:161} INFO - Started process (PID=7696) to work on /home/airflow/.local/lib/python3.11/site-packages/airflow/example_dags/example_sensors.py
[2024-07-09T17:05:19.563+0000] {processor.py:830} INFO - Processing file /home/airflow/.local/lib/python3.11/site-packages/airflow/example_dags/example_sensors.py for tasks to queue
[2024-07-09T17:05:19.564+0000] {logging_mixin.py:188} INFO - [2024-07-09T17:05:19.564+0000] {dagbag.py:540} INFO - Filling up the DagBag from /home/airflow/.local/lib/python3.11/site-packages/airflow/example_dags/example_sensors.py
[2024-07-09T17:05:19.573+0000] {processor.py:840} INFO - DAG(s) 'example_sensors' retrieved from /home/airflow/.local/lib/python3.11/site-packages/airflow/example_dags/example_sensors.py
[2024-07-09T17:05:19.599+0000] {logging_mixin.py:188} INFO - [2024-07-09T17:05:19.599+0000] {dag.py:3047} INFO - Sync 1 DAGs
[2024-07-09T17:05:19.609+0000] {logging_mixin.py:188} INFO - [2024-07-09T17:05:19.609+0000] {dag.py:3834} INFO - Setting next_dagrun for example_sensors to None, run_after=None
[2024-07-09T17:05:19.629+0000] {processor.py:183} INFO - Processing /home/airflow/.local/lib/python3.11/site-packages/airflow/example_dags/example_sensors.py took 0.071 seconds
[2024-07-09T17:05:50.241+0000] {processor.py:161} INFO - Started process (PID=7958) to work on /home/airflow/.local/lib/python3.11/site-packages/airflow/example_dags/example_sensors.py
[2024-07-09T17:05:50.242+0000] {processor.py:830} INFO - Processing file /home/airflow/.local/lib/python3.11/site-packages/airflow/example_dags/example_sensors.py for tasks to queue
[2024-07-09T17:05:50.243+0000] {logging_mixin.py:188} INFO - [2024-07-09T17:05:50.243+0000] {dagbag.py:540} INFO - Filling up the DagBag from /home/airflow/.local/lib/python3.11/site-packages/airflow/example_dags/example_sensors.py
[2024-07-09T17:05:50.253+0000] {processor.py:840} INFO - DAG(s) 'example_sensors' retrieved from /home/airflow/.local/lib/python3.11/site-packages/airflow/example_dags/example_sensors.py
[2024-07-09T17:05:50.280+0000] {logging_mixin.py:188} INFO - [2024-07-09T17:05:50.280+0000] {dag.py:3047} INFO - Sync 1 DAGs
[2024-07-09T17:05:50.291+0000] {logging_mixin.py:188} INFO - [2024-07-09T17:05:50.291+0000] {dag.py:3834} INFO - Setting next_dagrun for example_sensors to None, run_after=None
[2024-07-09T17:05:50.309+0000] {processor.py:183} INFO - Processing /home/airflow/.local/lib/python3.11/site-packages/airflow/example_dags/example_sensors.py took 0.071 seconds
[2024-07-09T17:06:20.562+0000] {processor.py:161} INFO - Started process (PID=8220) to work on /home/airflow/.local/lib/python3.11/site-packages/airflow/example_dags/example_sensors.py
[2024-07-09T17:06:20.563+0000] {processor.py:830} INFO - Processing file /home/airflow/.local/lib/python3.11/site-packages/airflow/example_dags/example_sensors.py for tasks to queue
[2024-07-09T17:06:20.564+0000] {logging_mixin.py:188} INFO - [2024-07-09T17:06:20.564+0000] {dagbag.py:540} INFO - Filling up the DagBag from /home/airflow/.local/lib/python3.11/site-packages/airflow/example_dags/example_sensors.py
[2024-07-09T17:06:20.574+0000] {processor.py:840} INFO - DAG(s) 'example_sensors' retrieved from /home/airflow/.local/lib/python3.11/site-packages/airflow/example_dags/example_sensors.py
[2024-07-09T17:06:20.601+0000] {logging_mixin.py:188} INFO - [2024-07-09T17:06:20.601+0000] {dag.py:3047} INFO - Sync 1 DAGs
[2024-07-09T17:06:20.612+0000] {logging_mixin.py:188} INFO - [2024-07-09T17:06:20.612+0000] {dag.py:3834} INFO - Setting next_dagrun for example_sensors to None, run_after=None
[2024-07-09T17:06:20.628+0000] {processor.py:183} INFO - Processing /home/airflow/.local/lib/python3.11/site-packages/airflow/example_dags/example_sensors.py took 0.069 seconds
[2024-07-09T17:06:51.559+0000] {processor.py:161} INFO - Started process (PID=8482) to work on /home/airflow/.local/lib/python3.11/site-packages/airflow/example_dags/example_sensors.py
[2024-07-09T17:06:51.560+0000] {processor.py:830} INFO - Processing file /home/airflow/.local/lib/python3.11/site-packages/airflow/example_dags/example_sensors.py for tasks to queue
[2024-07-09T17:06:51.561+0000] {logging_mixin.py:188} INFO - [2024-07-09T17:06:51.561+0000] {dagbag.py:540} INFO - Filling up the DagBag from /home/airflow/.local/lib/python3.11/site-packages/airflow/example_dags/example_sensors.py
[2024-07-09T17:06:51.573+0000] {processor.py:840} INFO - DAG(s) 'example_sensors' retrieved from /home/airflow/.local/lib/python3.11/site-packages/airflow/example_dags/example_sensors.py
[2024-07-09T17:06:51.610+0000] {logging_mixin.py:188} INFO - [2024-07-09T17:06:51.610+0000] {dag.py:3047} INFO - Sync 1 DAGs
[2024-07-09T17:06:51.627+0000] {logging_mixin.py:188} INFO - [2024-07-09T17:06:51.627+0000] {dag.py:3834} INFO - Setting next_dagrun for example_sensors to None, run_after=None
[2024-07-09T17:06:51.652+0000] {processor.py:183} INFO - Processing /home/airflow/.local/lib/python3.11/site-packages/airflow/example_dags/example_sensors.py took 0.096 seconds
