[2024-07-09T16:51:00.061+0000] {processor.py:161} INFO - Started process (PID=265) to work on /home/airflow/.local/lib/python3.11/site-packages/airflow/example_dags/example_latest_only_with_trigger.py
[2024-07-09T16:51:00.063+0000] {processor.py:830} INFO - Processing file /home/airflow/.local/lib/python3.11/site-packages/airflow/example_dags/example_latest_only_with_trigger.py for tasks to queue
[2024-07-09T16:51:00.064+0000] {logging_mixin.py:188} INFO - [2024-07-09T16:51:00.064+0000] {dagbag.py:540} INFO - Filling up the DagBag from /home/airflow/.local/lib/python3.11/site-packages/airflow/example_dags/example_latest_only_with_trigger.py
[2024-07-09T16:51:00.078+0000] {processor.py:840} INFO - DAG(s) 'latest_only_with_trigger' retrieved from /home/airflow/.local/lib/python3.11/site-packages/airflow/example_dags/example_latest_only_with_trigger.py
[2024-07-09T16:51:00.254+0000] {logging_mixin.py:188} INFO - [2024-07-09T16:51:00.253+0000] {override.py:1769} INFO - Created Permission View: can delete on DAG:latest_only_with_trigger
[2024-07-09T16:51:00.269+0000] {logging_mixin.py:188} INFO - [2024-07-09T16:51:00.268+0000] {override.py:1769} INFO - Created Permission View: can edit on DAG:latest_only_with_trigger
[2024-07-09T16:51:00.278+0000] {logging_mixin.py:188} INFO - [2024-07-09T16:51:00.278+0000] {override.py:1769} INFO - Created Permission View: can read on DAG:latest_only_with_trigger
[2024-07-09T16:51:00.279+0000] {logging_mixin.py:188} INFO - [2024-07-09T16:51:00.279+0000] {dag.py:3047} INFO - Sync 1 DAGs
[2024-07-09T16:51:00.294+0000] {logging_mixin.py:188} INFO - [2024-07-09T16:51:00.293+0000] {dag.py:3069} INFO - Creating ORM DAG for latest_only_with_trigger
[2024-07-09T16:51:00.309+0000] {logging_mixin.py:188} INFO - [2024-07-09T16:51:00.309+0000] {dag.py:3834} INFO - Setting next_dagrun for latest_only_with_trigger to 2024-07-09 12:00:00+00:00, run_after=2024-07-09 16:00:00+00:00
[2024-07-09T16:51:00.338+0000] {processor.py:183} INFO - Processing /home/airflow/.local/lib/python3.11/site-packages/airflow/example_dags/example_latest_only_with_trigger.py took 0.282 seconds
[2024-07-09T16:51:31.082+0000] {processor.py:161} INFO - Started process (PID=529) to work on /home/airflow/.local/lib/python3.11/site-packages/airflow/example_dags/example_latest_only_with_trigger.py
[2024-07-09T16:51:31.083+0000] {processor.py:830} INFO - Processing file /home/airflow/.local/lib/python3.11/site-packages/airflow/example_dags/example_latest_only_with_trigger.py for tasks to queue
[2024-07-09T16:51:31.084+0000] {logging_mixin.py:188} INFO - [2024-07-09T16:51:31.083+0000] {dagbag.py:540} INFO - Filling up the DagBag from /home/airflow/.local/lib/python3.11/site-packages/airflow/example_dags/example_latest_only_with_trigger.py
[2024-07-09T16:51:31.089+0000] {processor.py:840} INFO - DAG(s) 'latest_only_with_trigger' retrieved from /home/airflow/.local/lib/python3.11/site-packages/airflow/example_dags/example_latest_only_with_trigger.py
[2024-07-09T16:51:31.108+0000] {logging_mixin.py:188} INFO - [2024-07-09T16:51:31.107+0000] {dag.py:3047} INFO - Sync 1 DAGs
[2024-07-09T16:51:31.125+0000] {logging_mixin.py:188} INFO - [2024-07-09T16:51:31.125+0000] {dag.py:3834} INFO - Setting next_dagrun for latest_only_with_trigger to 2024-07-09 12:00:00+00:00, run_after=2024-07-09 16:00:00+00:00
[2024-07-09T16:51:31.144+0000] {processor.py:183} INFO - Processing /home/airflow/.local/lib/python3.11/site-packages/airflow/example_dags/example_latest_only_with_trigger.py took 0.065 seconds
[2024-07-09T16:52:01.261+0000] {processor.py:161} INFO - Started process (PID=791) to work on /home/airflow/.local/lib/python3.11/site-packages/airflow/example_dags/example_latest_only_with_trigger.py
[2024-07-09T16:52:01.262+0000] {processor.py:830} INFO - Processing file /home/airflow/.local/lib/python3.11/site-packages/airflow/example_dags/example_latest_only_with_trigger.py for tasks to queue
[2024-07-09T16:52:01.263+0000] {logging_mixin.py:188} INFO - [2024-07-09T16:52:01.263+0000] {dagbag.py:540} INFO - Filling up the DagBag from /home/airflow/.local/lib/python3.11/site-packages/airflow/example_dags/example_latest_only_with_trigger.py
[2024-07-09T16:52:01.268+0000] {processor.py:840} INFO - DAG(s) 'latest_only_with_trigger' retrieved from /home/airflow/.local/lib/python3.11/site-packages/airflow/example_dags/example_latest_only_with_trigger.py
[2024-07-09T16:52:01.289+0000] {logging_mixin.py:188} INFO - [2024-07-09T16:52:01.289+0000] {dag.py:3047} INFO - Sync 1 DAGs
[2024-07-09T16:52:01.306+0000] {logging_mixin.py:188} INFO - [2024-07-09T16:52:01.306+0000] {dag.py:3834} INFO - Setting next_dagrun for latest_only_with_trigger to 2024-07-09 12:00:00+00:00, run_after=2024-07-09 16:00:00+00:00
[2024-07-09T16:52:01.322+0000] {processor.py:183} INFO - Processing /home/airflow/.local/lib/python3.11/site-packages/airflow/example_dags/example_latest_only_with_trigger.py took 0.064 seconds
[2024-07-09T16:52:31.736+0000] {processor.py:161} INFO - Started process (PID=1053) to work on /home/airflow/.local/lib/python3.11/site-packages/airflow/example_dags/example_latest_only_with_trigger.py
[2024-07-09T16:52:31.737+0000] {processor.py:830} INFO - Processing file /home/airflow/.local/lib/python3.11/site-packages/airflow/example_dags/example_latest_only_with_trigger.py for tasks to queue
[2024-07-09T16:52:31.738+0000] {logging_mixin.py:188} INFO - [2024-07-09T16:52:31.738+0000] {dagbag.py:540} INFO - Filling up the DagBag from /home/airflow/.local/lib/python3.11/site-packages/airflow/example_dags/example_latest_only_with_trigger.py
[2024-07-09T16:52:31.744+0000] {processor.py:840} INFO - DAG(s) 'latest_only_with_trigger' retrieved from /home/airflow/.local/lib/python3.11/site-packages/airflow/example_dags/example_latest_only_with_trigger.py
[2024-07-09T16:52:31.765+0000] {logging_mixin.py:188} INFO - [2024-07-09T16:52:31.764+0000] {dag.py:3047} INFO - Sync 1 DAGs
[2024-07-09T16:52:31.782+0000] {logging_mixin.py:188} INFO - [2024-07-09T16:52:31.782+0000] {dag.py:3834} INFO - Setting next_dagrun for latest_only_with_trigger to 2024-07-09 12:00:00+00:00, run_after=2024-07-09 16:00:00+00:00
[2024-07-09T16:52:31.798+0000] {processor.py:183} INFO - Processing /home/airflow/.local/lib/python3.11/site-packages/airflow/example_dags/example_latest_only_with_trigger.py took 0.064 seconds
[2024-07-09T16:53:02.809+0000] {processor.py:161} INFO - Started process (PID=1315) to work on /home/airflow/.local/lib/python3.11/site-packages/airflow/example_dags/example_latest_only_with_trigger.py
[2024-07-09T16:53:02.810+0000] {processor.py:830} INFO - Processing file /home/airflow/.local/lib/python3.11/site-packages/airflow/example_dags/example_latest_only_with_trigger.py for tasks to queue
[2024-07-09T16:53:02.811+0000] {logging_mixin.py:188} INFO - [2024-07-09T16:53:02.811+0000] {dagbag.py:540} INFO - Filling up the DagBag from /home/airflow/.local/lib/python3.11/site-packages/airflow/example_dags/example_latest_only_with_trigger.py
[2024-07-09T16:53:02.816+0000] {processor.py:840} INFO - DAG(s) 'latest_only_with_trigger' retrieved from /home/airflow/.local/lib/python3.11/site-packages/airflow/example_dags/example_latest_only_with_trigger.py
[2024-07-09T16:53:02.836+0000] {logging_mixin.py:188} INFO - [2024-07-09T16:53:02.836+0000] {dag.py:3047} INFO - Sync 1 DAGs
[2024-07-09T16:53:02.952+0000] {logging_mixin.py:188} INFO - [2024-07-09T16:53:02.952+0000] {dag.py:3834} INFO - Setting next_dagrun for latest_only_with_trigger to 2024-07-09 12:00:00+00:00, run_after=2024-07-09 16:00:00+00:00
[2024-07-09T16:53:02.966+0000] {processor.py:183} INFO - Processing /home/airflow/.local/lib/python3.11/site-packages/airflow/example_dags/example_latest_only_with_trigger.py took 0.160 seconds
[2024-07-09T16:53:33.838+0000] {processor.py:161} INFO - Started process (PID=1577) to work on /home/airflow/.local/lib/python3.11/site-packages/airflow/example_dags/example_latest_only_with_trigger.py
[2024-07-09T16:53:33.839+0000] {processor.py:830} INFO - Processing file /home/airflow/.local/lib/python3.11/site-packages/airflow/example_dags/example_latest_only_with_trigger.py for tasks to queue
[2024-07-09T16:53:33.840+0000] {logging_mixin.py:188} INFO - [2024-07-09T16:53:33.840+0000] {dagbag.py:540} INFO - Filling up the DagBag from /home/airflow/.local/lib/python3.11/site-packages/airflow/example_dags/example_latest_only_with_trigger.py
[2024-07-09T16:53:33.847+0000] {processor.py:840} INFO - DAG(s) 'latest_only_with_trigger' retrieved from /home/airflow/.local/lib/python3.11/site-packages/airflow/example_dags/example_latest_only_with_trigger.py
[2024-07-09T16:53:33.872+0000] {logging_mixin.py:188} INFO - [2024-07-09T16:53:33.872+0000] {dag.py:3047} INFO - Sync 1 DAGs
[2024-07-09T16:53:33.892+0000] {logging_mixin.py:188} INFO - [2024-07-09T16:53:33.892+0000] {dag.py:3834} INFO - Setting next_dagrun for latest_only_with_trigger to 2024-07-09 12:00:00+00:00, run_after=2024-07-09 16:00:00+00:00
[2024-07-09T16:53:33.928+0000] {processor.py:183} INFO - Processing /home/airflow/.local/lib/python3.11/site-packages/airflow/example_dags/example_latest_only_with_trigger.py took 0.095 seconds
[2024-07-09T16:54:04.603+0000] {processor.py:161} INFO - Started process (PID=1839) to work on /home/airflow/.local/lib/python3.11/site-packages/airflow/example_dags/example_latest_only_with_trigger.py
[2024-07-09T16:54:04.604+0000] {processor.py:830} INFO - Processing file /home/airflow/.local/lib/python3.11/site-packages/airflow/example_dags/example_latest_only_with_trigger.py for tasks to queue
[2024-07-09T16:54:04.605+0000] {logging_mixin.py:188} INFO - [2024-07-09T16:54:04.605+0000] {dagbag.py:540} INFO - Filling up the DagBag from /home/airflow/.local/lib/python3.11/site-packages/airflow/example_dags/example_latest_only_with_trigger.py
[2024-07-09T16:54:04.612+0000] {processor.py:840} INFO - DAG(s) 'latest_only_with_trigger' retrieved from /home/airflow/.local/lib/python3.11/site-packages/airflow/example_dags/example_latest_only_with_trigger.py
[2024-07-09T16:54:04.635+0000] {logging_mixin.py:188} INFO - [2024-07-09T16:54:04.635+0000] {dag.py:3047} INFO - Sync 1 DAGs
[2024-07-09T16:54:04.653+0000] {logging_mixin.py:188} INFO - [2024-07-09T16:54:04.653+0000] {dag.py:3834} INFO - Setting next_dagrun for latest_only_with_trigger to 2024-07-09 12:00:00+00:00, run_after=2024-07-09 16:00:00+00:00
[2024-07-09T16:54:04.739+0000] {processor.py:183} INFO - Processing /home/airflow/.local/lib/python3.11/site-packages/airflow/example_dags/example_latest_only_with_trigger.py took 0.138 seconds
[2024-07-09T16:54:35.248+0000] {processor.py:161} INFO - Started process (PID=2101) to work on /home/airflow/.local/lib/python3.11/site-packages/airflow/example_dags/example_latest_only_with_trigger.py
[2024-07-09T16:54:35.249+0000] {processor.py:830} INFO - Processing file /home/airflow/.local/lib/python3.11/site-packages/airflow/example_dags/example_latest_only_with_trigger.py for tasks to queue
[2024-07-09T16:54:35.250+0000] {logging_mixin.py:188} INFO - [2024-07-09T16:54:35.249+0000] {dagbag.py:540} INFO - Filling up the DagBag from /home/airflow/.local/lib/python3.11/site-packages/airflow/example_dags/example_latest_only_with_trigger.py
[2024-07-09T16:54:35.256+0000] {processor.py:840} INFO - DAG(s) 'latest_only_with_trigger' retrieved from /home/airflow/.local/lib/python3.11/site-packages/airflow/example_dags/example_latest_only_with_trigger.py
[2024-07-09T16:54:35.279+0000] {logging_mixin.py:188} INFO - [2024-07-09T16:54:35.279+0000] {dag.py:3047} INFO - Sync 1 DAGs
[2024-07-09T16:54:35.297+0000] {logging_mixin.py:188} INFO - [2024-07-09T16:54:35.297+0000] {dag.py:3834} INFO - Setting next_dagrun for latest_only_with_trigger to 2024-07-09 12:00:00+00:00, run_after=2024-07-09 16:00:00+00:00
[2024-07-09T16:54:35.316+0000] {processor.py:183} INFO - Processing /home/airflow/.local/lib/python3.11/site-packages/airflow/example_dags/example_latest_only_with_trigger.py took 0.072 seconds
[2024-07-09T16:55:05.409+0000] {processor.py:161} INFO - Started process (PID=2352) to work on /home/airflow/.local/lib/python3.11/site-packages/airflow/example_dags/example_latest_only_with_trigger.py
[2024-07-09T16:55:05.411+0000] {processor.py:830} INFO - Processing file /home/airflow/.local/lib/python3.11/site-packages/airflow/example_dags/example_latest_only_with_trigger.py for tasks to queue
[2024-07-09T16:55:05.413+0000] {logging_mixin.py:188} INFO - [2024-07-09T16:55:05.412+0000] {dagbag.py:540} INFO - Filling up the DagBag from /home/airflow/.local/lib/python3.11/site-packages/airflow/example_dags/example_latest_only_with_trigger.py
[2024-07-09T16:55:05.421+0000] {processor.py:840} INFO - DAG(s) 'latest_only_with_trigger' retrieved from /home/airflow/.local/lib/python3.11/site-packages/airflow/example_dags/example_latest_only_with_trigger.py
[2024-07-09T16:55:05.451+0000] {logging_mixin.py:188} INFO - [2024-07-09T16:55:05.451+0000] {dag.py:3047} INFO - Sync 1 DAGs
[2024-07-09T16:55:05.474+0000] {logging_mixin.py:188} INFO - [2024-07-09T16:55:05.474+0000] {dag.py:3834} INFO - Setting next_dagrun for latest_only_with_trigger to 2024-07-09 12:00:00+00:00, run_after=2024-07-09 16:00:00+00:00
[2024-07-09T16:55:05.492+0000] {processor.py:183} INFO - Processing /home/airflow/.local/lib/python3.11/site-packages/airflow/example_dags/example_latest_only_with_trigger.py took 0.086 seconds
[2024-07-09T16:55:35.810+0000] {processor.py:161} INFO - Started process (PID=2611) to work on /home/airflow/.local/lib/python3.11/site-packages/airflow/example_dags/example_latest_only_with_trigger.py
[2024-07-09T16:55:35.811+0000] {processor.py:830} INFO - Processing file /home/airflow/.local/lib/python3.11/site-packages/airflow/example_dags/example_latest_only_with_trigger.py for tasks to queue
[2024-07-09T16:55:35.812+0000] {logging_mixin.py:188} INFO - [2024-07-09T16:55:35.811+0000] {dagbag.py:540} INFO - Filling up the DagBag from /home/airflow/.local/lib/python3.11/site-packages/airflow/example_dags/example_latest_only_with_trigger.py
[2024-07-09T16:55:35.817+0000] {processor.py:840} INFO - DAG(s) 'latest_only_with_trigger' retrieved from /home/airflow/.local/lib/python3.11/site-packages/airflow/example_dags/example_latest_only_with_trigger.py
[2024-07-09T16:55:35.841+0000] {logging_mixin.py:188} INFO - [2024-07-09T16:55:35.841+0000] {dag.py:3047} INFO - Sync 1 DAGs
[2024-07-09T16:55:35.861+0000] {logging_mixin.py:188} INFO - [2024-07-09T16:55:35.861+0000] {dag.py:3834} INFO - Setting next_dagrun for latest_only_with_trigger to 2024-07-09 12:00:00+00:00, run_after=2024-07-09 16:00:00+00:00
[2024-07-09T16:55:35.883+0000] {processor.py:183} INFO - Processing /home/airflow/.local/lib/python3.11/site-packages/airflow/example_dags/example_latest_only_with_trigger.py took 0.076 seconds
[2024-07-09T16:56:05.972+0000] {processor.py:161} INFO - Started process (PID=2873) to work on /home/airflow/.local/lib/python3.11/site-packages/airflow/example_dags/example_latest_only_with_trigger.py
[2024-07-09T16:56:05.974+0000] {processor.py:830} INFO - Processing file /home/airflow/.local/lib/python3.11/site-packages/airflow/example_dags/example_latest_only_with_trigger.py for tasks to queue
[2024-07-09T16:56:05.975+0000] {logging_mixin.py:188} INFO - [2024-07-09T16:56:05.974+0000] {dagbag.py:540} INFO - Filling up the DagBag from /home/airflow/.local/lib/python3.11/site-packages/airflow/example_dags/example_latest_only_with_trigger.py
[2024-07-09T16:56:05.981+0000] {processor.py:840} INFO - DAG(s) 'latest_only_with_trigger' retrieved from /home/airflow/.local/lib/python3.11/site-packages/airflow/example_dags/example_latest_only_with_trigger.py
[2024-07-09T16:56:06.003+0000] {logging_mixin.py:188} INFO - [2024-07-09T16:56:06.003+0000] {dag.py:3047} INFO - Sync 1 DAGs
[2024-07-09T16:56:06.023+0000] {logging_mixin.py:188} INFO - [2024-07-09T16:56:06.023+0000] {dag.py:3834} INFO - Setting next_dagrun for latest_only_with_trigger to 2024-07-09 12:00:00+00:00, run_after=2024-07-09 16:00:00+00:00
[2024-07-09T16:56:06.057+0000] {processor.py:183} INFO - Processing /home/airflow/.local/lib/python3.11/site-packages/airflow/example_dags/example_latest_only_with_trigger.py took 0.088 seconds
[2024-07-09T16:56:36.156+0000] {processor.py:161} INFO - Started process (PID=3135) to work on /home/airflow/.local/lib/python3.11/site-packages/airflow/example_dags/example_latest_only_with_trigger.py
[2024-07-09T16:56:36.157+0000] {processor.py:830} INFO - Processing file /home/airflow/.local/lib/python3.11/site-packages/airflow/example_dags/example_latest_only_with_trigger.py for tasks to queue
[2024-07-09T16:56:36.158+0000] {logging_mixin.py:188} INFO - [2024-07-09T16:56:36.158+0000] {dagbag.py:540} INFO - Filling up the DagBag from /home/airflow/.local/lib/python3.11/site-packages/airflow/example_dags/example_latest_only_with_trigger.py
[2024-07-09T16:56:36.164+0000] {processor.py:840} INFO - DAG(s) 'latest_only_with_trigger' retrieved from /home/airflow/.local/lib/python3.11/site-packages/airflow/example_dags/example_latest_only_with_trigger.py
[2024-07-09T16:56:36.186+0000] {logging_mixin.py:188} INFO - [2024-07-09T16:56:36.186+0000] {dag.py:3047} INFO - Sync 1 DAGs
[2024-07-09T16:56:36.208+0000] {logging_mixin.py:188} INFO - [2024-07-09T16:56:36.208+0000] {dag.py:3834} INFO - Setting next_dagrun for latest_only_with_trigger to 2024-07-09 12:00:00+00:00, run_after=2024-07-09 16:00:00+00:00
[2024-07-09T16:56:36.241+0000] {processor.py:183} INFO - Processing /home/airflow/.local/lib/python3.11/site-packages/airflow/example_dags/example_latest_only_with_trigger.py took 0.088 seconds
[2024-07-09T16:57:06.436+0000] {processor.py:161} INFO - Started process (PID=3397) to work on /home/airflow/.local/lib/python3.11/site-packages/airflow/example_dags/example_latest_only_with_trigger.py
[2024-07-09T16:57:06.444+0000] {processor.py:830} INFO - Processing file /home/airflow/.local/lib/python3.11/site-packages/airflow/example_dags/example_latest_only_with_trigger.py for tasks to queue
[2024-07-09T16:57:06.445+0000] {logging_mixin.py:188} INFO - [2024-07-09T16:57:06.445+0000] {dagbag.py:540} INFO - Filling up the DagBag from /home/airflow/.local/lib/python3.11/site-packages/airflow/example_dags/example_latest_only_with_trigger.py
[2024-07-09T16:57:06.451+0000] {processor.py:840} INFO - DAG(s) 'latest_only_with_trigger' retrieved from /home/airflow/.local/lib/python3.11/site-packages/airflow/example_dags/example_latest_only_with_trigger.py
[2024-07-09T16:57:06.474+0000] {logging_mixin.py:188} INFO - [2024-07-09T16:57:06.474+0000] {dag.py:3047} INFO - Sync 1 DAGs
[2024-07-09T16:57:06.493+0000] {logging_mixin.py:188} INFO - [2024-07-09T16:57:06.493+0000] {dag.py:3834} INFO - Setting next_dagrun for latest_only_with_trigger to 2024-07-09 12:00:00+00:00, run_after=2024-07-09 16:00:00+00:00
[2024-07-09T16:57:06.512+0000] {processor.py:183} INFO - Processing /home/airflow/.local/lib/python3.11/site-packages/airflow/example_dags/example_latest_only_with_trigger.py took 0.079 seconds
[2024-07-09T16:57:37.171+0000] {processor.py:161} INFO - Started process (PID=3659) to work on /home/airflow/.local/lib/python3.11/site-packages/airflow/example_dags/example_latest_only_with_trigger.py
[2024-07-09T16:57:37.172+0000] {processor.py:830} INFO - Processing file /home/airflow/.local/lib/python3.11/site-packages/airflow/example_dags/example_latest_only_with_trigger.py for tasks to queue
[2024-07-09T16:57:37.173+0000] {logging_mixin.py:188} INFO - [2024-07-09T16:57:37.173+0000] {dagbag.py:540} INFO - Filling up the DagBag from /home/airflow/.local/lib/python3.11/site-packages/airflow/example_dags/example_latest_only_with_trigger.py
[2024-07-09T16:57:37.180+0000] {processor.py:840} INFO - DAG(s) 'latest_only_with_trigger' retrieved from /home/airflow/.local/lib/python3.11/site-packages/airflow/example_dags/example_latest_only_with_trigger.py
[2024-07-09T16:57:37.217+0000] {logging_mixin.py:188} INFO - [2024-07-09T16:57:37.217+0000] {dag.py:3047} INFO - Sync 1 DAGs
[2024-07-09T16:57:37.245+0000] {logging_mixin.py:188} INFO - [2024-07-09T16:57:37.244+0000] {dag.py:3834} INFO - Setting next_dagrun for latest_only_with_trigger to 2024-07-09 12:00:00+00:00, run_after=2024-07-09 16:00:00+00:00
[2024-07-09T16:57:37.293+0000] {processor.py:183} INFO - Processing /home/airflow/.local/lib/python3.11/site-packages/airflow/example_dags/example_latest_only_with_trigger.py took 0.126 seconds
[2024-07-09T16:58:08.192+0000] {processor.py:161} INFO - Started process (PID=3921) to work on /home/airflow/.local/lib/python3.11/site-packages/airflow/example_dags/example_latest_only_with_trigger.py
[2024-07-09T16:58:08.194+0000] {processor.py:830} INFO - Processing file /home/airflow/.local/lib/python3.11/site-packages/airflow/example_dags/example_latest_only_with_trigger.py for tasks to queue
[2024-07-09T16:58:08.195+0000] {logging_mixin.py:188} INFO - [2024-07-09T16:58:08.195+0000] {dagbag.py:540} INFO - Filling up the DagBag from /home/airflow/.local/lib/python3.11/site-packages/airflow/example_dags/example_latest_only_with_trigger.py
[2024-07-09T16:58:08.200+0000] {processor.py:840} INFO - DAG(s) 'latest_only_with_trigger' retrieved from /home/airflow/.local/lib/python3.11/site-packages/airflow/example_dags/example_latest_only_with_trigger.py
[2024-07-09T16:58:08.223+0000] {logging_mixin.py:188} INFO - [2024-07-09T16:58:08.222+0000] {dag.py:3047} INFO - Sync 1 DAGs
[2024-07-09T16:58:08.244+0000] {logging_mixin.py:188} INFO - [2024-07-09T16:58:08.244+0000] {dag.py:3834} INFO - Setting next_dagrun for latest_only_with_trigger to 2024-07-09 12:00:00+00:00, run_after=2024-07-09 16:00:00+00:00
[2024-07-09T16:58:08.265+0000] {processor.py:183} INFO - Processing /home/airflow/.local/lib/python3.11/site-packages/airflow/example_dags/example_latest_only_with_trigger.py took 0.075 seconds
[2024-07-09T16:58:38.620+0000] {processor.py:161} INFO - Started process (PID=4183) to work on /home/airflow/.local/lib/python3.11/site-packages/airflow/example_dags/example_latest_only_with_trigger.py
[2024-07-09T16:58:38.621+0000] {processor.py:830} INFO - Processing file /home/airflow/.local/lib/python3.11/site-packages/airflow/example_dags/example_latest_only_with_trigger.py for tasks to queue
[2024-07-09T16:58:38.622+0000] {logging_mixin.py:188} INFO - [2024-07-09T16:58:38.622+0000] {dagbag.py:540} INFO - Filling up the DagBag from /home/airflow/.local/lib/python3.11/site-packages/airflow/example_dags/example_latest_only_with_trigger.py
[2024-07-09T16:58:38.627+0000] {processor.py:840} INFO - DAG(s) 'latest_only_with_trigger' retrieved from /home/airflow/.local/lib/python3.11/site-packages/airflow/example_dags/example_latest_only_with_trigger.py
[2024-07-09T16:58:38.650+0000] {logging_mixin.py:188} INFO - [2024-07-09T16:58:38.649+0000] {dag.py:3047} INFO - Sync 1 DAGs
[2024-07-09T16:58:38.668+0000] {logging_mixin.py:188} INFO - [2024-07-09T16:58:38.668+0000] {dag.py:3834} INFO - Setting next_dagrun for latest_only_with_trigger to 2024-07-09 12:00:00+00:00, run_after=2024-07-09 16:00:00+00:00
[2024-07-09T16:58:38.703+0000] {processor.py:183} INFO - Processing /home/airflow/.local/lib/python3.11/site-packages/airflow/example_dags/example_latest_only_with_trigger.py took 0.086 seconds
[2024-07-09T16:59:09.528+0000] {processor.py:161} INFO - Started process (PID=4445) to work on /home/airflow/.local/lib/python3.11/site-packages/airflow/example_dags/example_latest_only_with_trigger.py
[2024-07-09T16:59:09.530+0000] {processor.py:830} INFO - Processing file /home/airflow/.local/lib/python3.11/site-packages/airflow/example_dags/example_latest_only_with_trigger.py for tasks to queue
[2024-07-09T16:59:09.532+0000] {logging_mixin.py:188} INFO - [2024-07-09T16:59:09.531+0000] {dagbag.py:540} INFO - Filling up the DagBag from /home/airflow/.local/lib/python3.11/site-packages/airflow/example_dags/example_latest_only_with_trigger.py
[2024-07-09T16:59:09.538+0000] {processor.py:840} INFO - DAG(s) 'latest_only_with_trigger' retrieved from /home/airflow/.local/lib/python3.11/site-packages/airflow/example_dags/example_latest_only_with_trigger.py
[2024-07-09T16:59:09.564+0000] {logging_mixin.py:188} INFO - [2024-07-09T16:59:09.564+0000] {dag.py:3047} INFO - Sync 1 DAGs
[2024-07-09T16:59:09.585+0000] {logging_mixin.py:188} INFO - [2024-07-09T16:59:09.585+0000] {dag.py:3834} INFO - Setting next_dagrun for latest_only_with_trigger to 2024-07-09 12:00:00+00:00, run_after=2024-07-09 16:00:00+00:00
[2024-07-09T16:59:09.605+0000] {processor.py:183} INFO - Processing /home/airflow/.local/lib/python3.11/site-packages/airflow/example_dags/example_latest_only_with_trigger.py took 0.080 seconds
[2024-07-09T16:59:39.703+0000] {processor.py:161} INFO - Started process (PID=4707) to work on /home/airflow/.local/lib/python3.11/site-packages/airflow/example_dags/example_latest_only_with_trigger.py
[2024-07-09T16:59:39.705+0000] {processor.py:830} INFO - Processing file /home/airflow/.local/lib/python3.11/site-packages/airflow/example_dags/example_latest_only_with_trigger.py for tasks to queue
[2024-07-09T16:59:39.706+0000] {logging_mixin.py:188} INFO - [2024-07-09T16:59:39.706+0000] {dagbag.py:540} INFO - Filling up the DagBag from /home/airflow/.local/lib/python3.11/site-packages/airflow/example_dags/example_latest_only_with_trigger.py
[2024-07-09T16:59:39.713+0000] {processor.py:840} INFO - DAG(s) 'latest_only_with_trigger' retrieved from /home/airflow/.local/lib/python3.11/site-packages/airflow/example_dags/example_latest_only_with_trigger.py
[2024-07-09T16:59:39.740+0000] {logging_mixin.py:188} INFO - [2024-07-09T16:59:39.740+0000] {dag.py:3047} INFO - Sync 1 DAGs
[2024-07-09T16:59:39.769+0000] {logging_mixin.py:188} INFO - [2024-07-09T16:59:39.769+0000] {dag.py:3834} INFO - Setting next_dagrun for latest_only_with_trigger to 2024-07-09 12:00:00+00:00, run_after=2024-07-09 16:00:00+00:00
[2024-07-09T16:59:39.798+0000] {processor.py:183} INFO - Processing /home/airflow/.local/lib/python3.11/site-packages/airflow/example_dags/example_latest_only_with_trigger.py took 0.097 seconds
[2024-07-09T17:00:10.252+0000] {processor.py:161} INFO - Started process (PID=4969) to work on /home/airflow/.local/lib/python3.11/site-packages/airflow/example_dags/example_latest_only_with_trigger.py
[2024-07-09T17:00:10.254+0000] {processor.py:830} INFO - Processing file /home/airflow/.local/lib/python3.11/site-packages/airflow/example_dags/example_latest_only_with_trigger.py for tasks to queue
[2024-07-09T17:00:10.255+0000] {logging_mixin.py:188} INFO - [2024-07-09T17:00:10.254+0000] {dagbag.py:540} INFO - Filling up the DagBag from /home/airflow/.local/lib/python3.11/site-packages/airflow/example_dags/example_latest_only_with_trigger.py
[2024-07-09T17:00:10.261+0000] {processor.py:840} INFO - DAG(s) 'latest_only_with_trigger' retrieved from /home/airflow/.local/lib/python3.11/site-packages/airflow/example_dags/example_latest_only_with_trigger.py
[2024-07-09T17:00:10.285+0000] {logging_mixin.py:188} INFO - [2024-07-09T17:00:10.284+0000] {dag.py:3047} INFO - Sync 1 DAGs
[2024-07-09T17:00:10.303+0000] {logging_mixin.py:188} INFO - [2024-07-09T17:00:10.303+0000] {dag.py:3834} INFO - Setting next_dagrun for latest_only_with_trigger to 2024-07-09 12:00:00+00:00, run_after=2024-07-09 16:00:00+00:00
[2024-07-09T17:00:10.338+0000] {processor.py:183} INFO - Processing /home/airflow/.local/lib/python3.11/site-packages/airflow/example_dags/example_latest_only_with_trigger.py took 0.089 seconds
[2024-07-09T17:00:40.690+0000] {processor.py:161} INFO - Started process (PID=5231) to work on /home/airflow/.local/lib/python3.11/site-packages/airflow/example_dags/example_latest_only_with_trigger.py
[2024-07-09T17:00:40.692+0000] {processor.py:830} INFO - Processing file /home/airflow/.local/lib/python3.11/site-packages/airflow/example_dags/example_latest_only_with_trigger.py for tasks to queue
[2024-07-09T17:00:40.693+0000] {logging_mixin.py:188} INFO - [2024-07-09T17:00:40.692+0000] {dagbag.py:540} INFO - Filling up the DagBag from /home/airflow/.local/lib/python3.11/site-packages/airflow/example_dags/example_latest_only_with_trigger.py
[2024-07-09T17:00:40.698+0000] {processor.py:840} INFO - DAG(s) 'latest_only_with_trigger' retrieved from /home/airflow/.local/lib/python3.11/site-packages/airflow/example_dags/example_latest_only_with_trigger.py
[2024-07-09T17:00:40.721+0000] {logging_mixin.py:188} INFO - [2024-07-09T17:00:40.720+0000] {dag.py:3047} INFO - Sync 1 DAGs
[2024-07-09T17:00:40.741+0000] {logging_mixin.py:188} INFO - [2024-07-09T17:00:40.740+0000] {dag.py:3834} INFO - Setting next_dagrun for latest_only_with_trigger to 2024-07-09 12:00:00+00:00, run_after=2024-07-09 16:00:00+00:00
[2024-07-09T17:00:40.776+0000] {processor.py:183} INFO - Processing /home/airflow/.local/lib/python3.11/site-packages/airflow/example_dags/example_latest_only_with_trigger.py took 0.088 seconds
[2024-07-09T17:01:10.823+0000] {processor.py:161} INFO - Started process (PID=5493) to work on /home/airflow/.local/lib/python3.11/site-packages/airflow/example_dags/example_latest_only_with_trigger.py
[2024-07-09T17:01:10.824+0000] {processor.py:830} INFO - Processing file /home/airflow/.local/lib/python3.11/site-packages/airflow/example_dags/example_latest_only_with_trigger.py for tasks to queue
[2024-07-09T17:01:10.825+0000] {logging_mixin.py:188} INFO - [2024-07-09T17:01:10.824+0000] {dagbag.py:540} INFO - Filling up the DagBag from /home/airflow/.local/lib/python3.11/site-packages/airflow/example_dags/example_latest_only_with_trigger.py
[2024-07-09T17:01:10.831+0000] {processor.py:840} INFO - DAG(s) 'latest_only_with_trigger' retrieved from /home/airflow/.local/lib/python3.11/site-packages/airflow/example_dags/example_latest_only_with_trigger.py
[2024-07-09T17:01:10.849+0000] {logging_mixin.py:188} INFO - [2024-07-09T17:01:10.849+0000] {dag.py:3047} INFO - Sync 1 DAGs
[2024-07-09T17:01:10.866+0000] {logging_mixin.py:188} INFO - [2024-07-09T17:01:10.866+0000] {dag.py:3834} INFO - Setting next_dagrun for latest_only_with_trigger to 2024-07-09 12:00:00+00:00, run_after=2024-07-09 16:00:00+00:00
[2024-07-09T17:01:10.904+0000] {processor.py:183} INFO - Processing /home/airflow/.local/lib/python3.11/site-packages/airflow/example_dags/example_latest_only_with_trigger.py took 0.083 seconds
[2024-07-09T17:01:41.064+0000] {processor.py:161} INFO - Started process (PID=5755) to work on /home/airflow/.local/lib/python3.11/site-packages/airflow/example_dags/example_latest_only_with_trigger.py
[2024-07-09T17:01:41.066+0000] {processor.py:830} INFO - Processing file /home/airflow/.local/lib/python3.11/site-packages/airflow/example_dags/example_latest_only_with_trigger.py for tasks to queue
[2024-07-09T17:01:41.067+0000] {logging_mixin.py:188} INFO - [2024-07-09T17:01:41.067+0000] {dagbag.py:540} INFO - Filling up the DagBag from /home/airflow/.local/lib/python3.11/site-packages/airflow/example_dags/example_latest_only_with_trigger.py
[2024-07-09T17:01:41.074+0000] {processor.py:840} INFO - DAG(s) 'latest_only_with_trigger' retrieved from /home/airflow/.local/lib/python3.11/site-packages/airflow/example_dags/example_latest_only_with_trigger.py
[2024-07-09T17:01:41.096+0000] {logging_mixin.py:188} INFO - [2024-07-09T17:01:41.096+0000] {dag.py:3047} INFO - Sync 1 DAGs
[2024-07-09T17:01:41.114+0000] {logging_mixin.py:188} INFO - [2024-07-09T17:01:41.114+0000] {dag.py:3834} INFO - Setting next_dagrun for latest_only_with_trigger to 2024-07-09 12:00:00+00:00, run_after=2024-07-09 16:00:00+00:00
[2024-07-09T17:01:41.131+0000] {processor.py:183} INFO - Processing /home/airflow/.local/lib/python3.11/site-packages/airflow/example_dags/example_latest_only_with_trigger.py took 0.070 seconds
[2024-07-09T17:02:11.191+0000] {processor.py:161} INFO - Started process (PID=6017) to work on /home/airflow/.local/lib/python3.11/site-packages/airflow/example_dags/example_latest_only_with_trigger.py
[2024-07-09T17:02:11.192+0000] {processor.py:830} INFO - Processing file /home/airflow/.local/lib/python3.11/site-packages/airflow/example_dags/example_latest_only_with_trigger.py for tasks to queue
[2024-07-09T17:02:11.193+0000] {logging_mixin.py:188} INFO - [2024-07-09T17:02:11.193+0000] {dagbag.py:540} INFO - Filling up the DagBag from /home/airflow/.local/lib/python3.11/site-packages/airflow/example_dags/example_latest_only_with_trigger.py
[2024-07-09T17:02:11.201+0000] {processor.py:840} INFO - DAG(s) 'latest_only_with_trigger' retrieved from /home/airflow/.local/lib/python3.11/site-packages/airflow/example_dags/example_latest_only_with_trigger.py
[2024-07-09T17:02:11.222+0000] {logging_mixin.py:188} INFO - [2024-07-09T17:02:11.222+0000] {dag.py:3047} INFO - Sync 1 DAGs
[2024-07-09T17:02:11.243+0000] {logging_mixin.py:188} INFO - [2024-07-09T17:02:11.243+0000] {dag.py:3834} INFO - Setting next_dagrun for latest_only_with_trigger to 2024-07-09 12:00:00+00:00, run_after=2024-07-09 16:00:00+00:00
[2024-07-09T17:02:11.278+0000] {processor.py:183} INFO - Processing /home/airflow/.local/lib/python3.11/site-packages/airflow/example_dags/example_latest_only_with_trigger.py took 0.090 seconds
[2024-07-09T17:02:41.957+0000] {processor.py:161} INFO - Started process (PID=6279) to work on /home/airflow/.local/lib/python3.11/site-packages/airflow/example_dags/example_latest_only_with_trigger.py
[2024-07-09T17:02:41.958+0000] {processor.py:830} INFO - Processing file /home/airflow/.local/lib/python3.11/site-packages/airflow/example_dags/example_latest_only_with_trigger.py for tasks to queue
[2024-07-09T17:02:41.959+0000] {logging_mixin.py:188} INFO - [2024-07-09T17:02:41.959+0000] {dagbag.py:540} INFO - Filling up the DagBag from /home/airflow/.local/lib/python3.11/site-packages/airflow/example_dags/example_latest_only_with_trigger.py
[2024-07-09T17:02:41.965+0000] {processor.py:840} INFO - DAG(s) 'latest_only_with_trigger' retrieved from /home/airflow/.local/lib/python3.11/site-packages/airflow/example_dags/example_latest_only_with_trigger.py
[2024-07-09T17:02:41.987+0000] {logging_mixin.py:188} INFO - [2024-07-09T17:02:41.987+0000] {dag.py:3047} INFO - Sync 1 DAGs
[2024-07-09T17:02:42.006+0000] {logging_mixin.py:188} INFO - [2024-07-09T17:02:42.006+0000] {dag.py:3834} INFO - Setting next_dagrun for latest_only_with_trigger to 2024-07-09 12:00:00+00:00, run_after=2024-07-09 16:00:00+00:00
[2024-07-09T17:02:42.043+0000] {processor.py:183} INFO - Processing /home/airflow/.local/lib/python3.11/site-packages/airflow/example_dags/example_latest_only_with_trigger.py took 0.088 seconds
[2024-07-09T17:03:12.279+0000] {processor.py:161} INFO - Started process (PID=6541) to work on /home/airflow/.local/lib/python3.11/site-packages/airflow/example_dags/example_latest_only_with_trigger.py
[2024-07-09T17:03:12.281+0000] {processor.py:830} INFO - Processing file /home/airflow/.local/lib/python3.11/site-packages/airflow/example_dags/example_latest_only_with_trigger.py for tasks to queue
[2024-07-09T17:03:12.282+0000] {logging_mixin.py:188} INFO - [2024-07-09T17:03:12.282+0000] {dagbag.py:540} INFO - Filling up the DagBag from /home/airflow/.local/lib/python3.11/site-packages/airflow/example_dags/example_latest_only_with_trigger.py
[2024-07-09T17:03:12.288+0000] {processor.py:840} INFO - DAG(s) 'latest_only_with_trigger' retrieved from /home/airflow/.local/lib/python3.11/site-packages/airflow/example_dags/example_latest_only_with_trigger.py
[2024-07-09T17:03:12.312+0000] {logging_mixin.py:188} INFO - [2024-07-09T17:03:12.312+0000] {dag.py:3047} INFO - Sync 1 DAGs
[2024-07-09T17:03:12.332+0000] {logging_mixin.py:188} INFO - [2024-07-09T17:03:12.332+0000] {dag.py:3834} INFO - Setting next_dagrun for latest_only_with_trigger to 2024-07-09 12:00:00+00:00, run_after=2024-07-09 16:00:00+00:00
[2024-07-09T17:03:12.351+0000] {processor.py:183} INFO - Processing /home/airflow/.local/lib/python3.11/site-packages/airflow/example_dags/example_latest_only_with_trigger.py took 0.075 seconds
[2024-07-09T17:03:43.170+0000] {processor.py:161} INFO - Started process (PID=6803) to work on /home/airflow/.local/lib/python3.11/site-packages/airflow/example_dags/example_latest_only_with_trigger.py
[2024-07-09T17:03:43.171+0000] {processor.py:830} INFO - Processing file /home/airflow/.local/lib/python3.11/site-packages/airflow/example_dags/example_latest_only_with_trigger.py for tasks to queue
[2024-07-09T17:03:43.172+0000] {logging_mixin.py:188} INFO - [2024-07-09T17:03:43.172+0000] {dagbag.py:540} INFO - Filling up the DagBag from /home/airflow/.local/lib/python3.11/site-packages/airflow/example_dags/example_latest_only_with_trigger.py
[2024-07-09T17:03:43.178+0000] {processor.py:840} INFO - DAG(s) 'latest_only_with_trigger' retrieved from /home/airflow/.local/lib/python3.11/site-packages/airflow/example_dags/example_latest_only_with_trigger.py
[2024-07-09T17:03:43.199+0000] {logging_mixin.py:188} INFO - [2024-07-09T17:03:43.199+0000] {dag.py:3047} INFO - Sync 1 DAGs
[2024-07-09T17:03:43.220+0000] {logging_mixin.py:188} INFO - [2024-07-09T17:03:43.219+0000] {dag.py:3834} INFO - Setting next_dagrun for latest_only_with_trigger to 2024-07-09 12:00:00+00:00, run_after=2024-07-09 16:00:00+00:00
[2024-07-09T17:03:43.236+0000] {processor.py:183} INFO - Processing /home/airflow/.local/lib/python3.11/site-packages/airflow/example_dags/example_latest_only_with_trigger.py took 0.069 seconds
[2024-07-09T17:04:13.970+0000] {processor.py:161} INFO - Started process (PID=7065) to work on /home/airflow/.local/lib/python3.11/site-packages/airflow/example_dags/example_latest_only_with_trigger.py
[2024-07-09T17:04:13.972+0000] {processor.py:830} INFO - Processing file /home/airflow/.local/lib/python3.11/site-packages/airflow/example_dags/example_latest_only_with_trigger.py for tasks to queue
[2024-07-09T17:04:13.973+0000] {logging_mixin.py:188} INFO - [2024-07-09T17:04:13.973+0000] {dagbag.py:540} INFO - Filling up the DagBag from /home/airflow/.local/lib/python3.11/site-packages/airflow/example_dags/example_latest_only_with_trigger.py
[2024-07-09T17:04:13.980+0000] {processor.py:840} INFO - DAG(s) 'latest_only_with_trigger' retrieved from /home/airflow/.local/lib/python3.11/site-packages/airflow/example_dags/example_latest_only_with_trigger.py
[2024-07-09T17:04:14.005+0000] {logging_mixin.py:188} INFO - [2024-07-09T17:04:14.004+0000] {dag.py:3047} INFO - Sync 1 DAGs
[2024-07-09T17:04:14.025+0000] {logging_mixin.py:188} INFO - [2024-07-09T17:04:14.025+0000] {dag.py:3834} INFO - Setting next_dagrun for latest_only_with_trigger to 2024-07-09 12:00:00+00:00, run_after=2024-07-09 16:00:00+00:00
[2024-07-09T17:04:14.063+0000] {processor.py:183} INFO - Processing /home/airflow/.local/lib/python3.11/site-packages/airflow/example_dags/example_latest_only_with_trigger.py took 0.096 seconds
[2024-07-09T17:04:44.732+0000] {processor.py:161} INFO - Started process (PID=7347) to work on /home/airflow/.local/lib/python3.11/site-packages/airflow/example_dags/example_latest_only_with_trigger.py
[2024-07-09T17:04:44.734+0000] {processor.py:830} INFO - Processing file /home/airflow/.local/lib/python3.11/site-packages/airflow/example_dags/example_latest_only_with_trigger.py for tasks to queue
[2024-07-09T17:04:44.735+0000] {logging_mixin.py:188} INFO - [2024-07-09T17:04:44.735+0000] {dagbag.py:540} INFO - Filling up the DagBag from /home/airflow/.local/lib/python3.11/site-packages/airflow/example_dags/example_latest_only_with_trigger.py
[2024-07-09T17:04:44.745+0000] {processor.py:840} INFO - DAG(s) 'latest_only_with_trigger' retrieved from /home/airflow/.local/lib/python3.11/site-packages/airflow/example_dags/example_latest_only_with_trigger.py
[2024-07-09T17:04:44.774+0000] {logging_mixin.py:188} INFO - [2024-07-09T17:04:44.774+0000] {dag.py:3047} INFO - Sync 1 DAGs
[2024-07-09T17:04:44.800+0000] {logging_mixin.py:188} INFO - [2024-07-09T17:04:44.799+0000] {dag.py:3834} INFO - Setting next_dagrun for latest_only_with_trigger to 2024-07-09 12:00:00+00:00, run_after=2024-07-09 16:00:00+00:00
[2024-07-09T17:04:44.838+0000] {processor.py:183} INFO - Processing /home/airflow/.local/lib/python3.11/site-packages/airflow/example_dags/example_latest_only_with_trigger.py took 0.117 seconds
[2024-07-09T17:05:15.659+0000] {processor.py:161} INFO - Started process (PID=7623) to work on /home/airflow/.local/lib/python3.11/site-packages/airflow/example_dags/example_latest_only_with_trigger.py
[2024-07-09T17:05:15.660+0000] {processor.py:830} INFO - Processing file /home/airflow/.local/lib/python3.11/site-packages/airflow/example_dags/example_latest_only_with_trigger.py for tasks to queue
[2024-07-09T17:05:15.661+0000] {logging_mixin.py:188} INFO - [2024-07-09T17:05:15.660+0000] {dagbag.py:540} INFO - Filling up the DagBag from /home/airflow/.local/lib/python3.11/site-packages/airflow/example_dags/example_latest_only_with_trigger.py
[2024-07-09T17:05:15.667+0000] {processor.py:840} INFO - DAG(s) 'latest_only_with_trigger' retrieved from /home/airflow/.local/lib/python3.11/site-packages/airflow/example_dags/example_latest_only_with_trigger.py
[2024-07-09T17:05:15.691+0000] {logging_mixin.py:188} INFO - [2024-07-09T17:05:15.690+0000] {dag.py:3047} INFO - Sync 1 DAGs
[2024-07-09T17:05:15.714+0000] {logging_mixin.py:188} INFO - [2024-07-09T17:05:15.714+0000] {dag.py:3834} INFO - Setting next_dagrun for latest_only_with_trigger to 2024-07-09 12:00:00+00:00, run_after=2024-07-09 16:00:00+00:00
[2024-07-09T17:05:15.751+0000] {processor.py:183} INFO - Processing /home/airflow/.local/lib/python3.11/site-packages/airflow/example_dags/example_latest_only_with_trigger.py took 0.096 seconds
[2024-07-09T17:05:46.328+0000] {processor.py:161} INFO - Started process (PID=7885) to work on /home/airflow/.local/lib/python3.11/site-packages/airflow/example_dags/example_latest_only_with_trigger.py
[2024-07-09T17:05:46.329+0000] {processor.py:830} INFO - Processing file /home/airflow/.local/lib/python3.11/site-packages/airflow/example_dags/example_latest_only_with_trigger.py for tasks to queue
[2024-07-09T17:05:46.330+0000] {logging_mixin.py:188} INFO - [2024-07-09T17:05:46.330+0000] {dagbag.py:540} INFO - Filling up the DagBag from /home/airflow/.local/lib/python3.11/site-packages/airflow/example_dags/example_latest_only_with_trigger.py
[2024-07-09T17:05:46.337+0000] {processor.py:840} INFO - DAG(s) 'latest_only_with_trigger' retrieved from /home/airflow/.local/lib/python3.11/site-packages/airflow/example_dags/example_latest_only_with_trigger.py
[2024-07-09T17:05:46.364+0000] {logging_mixin.py:188} INFO - [2024-07-09T17:05:46.363+0000] {dag.py:3047} INFO - Sync 1 DAGs
[2024-07-09T17:05:46.384+0000] {logging_mixin.py:188} INFO - [2024-07-09T17:05:46.383+0000] {dag.py:3834} INFO - Setting next_dagrun for latest_only_with_trigger to 2024-07-09 12:00:00+00:00, run_after=2024-07-09 16:00:00+00:00
[2024-07-09T17:05:46.422+0000] {processor.py:183} INFO - Processing /home/airflow/.local/lib/python3.11/site-packages/airflow/example_dags/example_latest_only_with_trigger.py took 0.096 seconds
[2024-07-09T17:06:17.373+0000] {processor.py:161} INFO - Started process (PID=8147) to work on /home/airflow/.local/lib/python3.11/site-packages/airflow/example_dags/example_latest_only_with_trigger.py
[2024-07-09T17:06:17.375+0000] {processor.py:830} INFO - Processing file /home/airflow/.local/lib/python3.11/site-packages/airflow/example_dags/example_latest_only_with_trigger.py for tasks to queue
[2024-07-09T17:06:17.383+0000] {logging_mixin.py:188} INFO - [2024-07-09T17:06:17.382+0000] {dagbag.py:540} INFO - Filling up the DagBag from /home/airflow/.local/lib/python3.11/site-packages/airflow/example_dags/example_latest_only_with_trigger.py
[2024-07-09T17:06:17.393+0000] {processor.py:840} INFO - DAG(s) 'latest_only_with_trigger' retrieved from /home/airflow/.local/lib/python3.11/site-packages/airflow/example_dags/example_latest_only_with_trigger.py
[2024-07-09T17:06:17.431+0000] {logging_mixin.py:188} INFO - [2024-07-09T17:06:17.430+0000] {dag.py:3047} INFO - Sync 1 DAGs
[2024-07-09T17:06:17.466+0000] {logging_mixin.py:188} INFO - [2024-07-09T17:06:17.466+0000] {dag.py:3834} INFO - Setting next_dagrun for latest_only_with_trigger to 2024-07-09 12:00:00+00:00, run_after=2024-07-09 16:00:00+00:00
[2024-07-09T17:06:17.490+0000] {processor.py:183} INFO - Processing /home/airflow/.local/lib/python3.11/site-packages/airflow/example_dags/example_latest_only_with_trigger.py took 0.124 seconds
[2024-07-09T17:06:47.599+0000] {processor.py:161} INFO - Started process (PID=8409) to work on /home/airflow/.local/lib/python3.11/site-packages/airflow/example_dags/example_latest_only_with_trigger.py
[2024-07-09T17:06:47.600+0000] {processor.py:830} INFO - Processing file /home/airflow/.local/lib/python3.11/site-packages/airflow/example_dags/example_latest_only_with_trigger.py for tasks to queue
[2024-07-09T17:06:47.601+0000] {logging_mixin.py:188} INFO - [2024-07-09T17:06:47.601+0000] {dagbag.py:540} INFO - Filling up the DagBag from /home/airflow/.local/lib/python3.11/site-packages/airflow/example_dags/example_latest_only_with_trigger.py
[2024-07-09T17:06:47.608+0000] {processor.py:840} INFO - DAG(s) 'latest_only_with_trigger' retrieved from /home/airflow/.local/lib/python3.11/site-packages/airflow/example_dags/example_latest_only_with_trigger.py
[2024-07-09T17:06:47.629+0000] {logging_mixin.py:188} INFO - [2024-07-09T17:06:47.628+0000] {dag.py:3047} INFO - Sync 1 DAGs
[2024-07-09T17:06:47.648+0000] {logging_mixin.py:188} INFO - [2024-07-09T17:06:47.648+0000] {dag.py:3834} INFO - Setting next_dagrun for latest_only_with_trigger to 2024-07-09 12:00:00+00:00, run_after=2024-07-09 16:00:00+00:00
[2024-07-09T17:06:47.667+0000] {processor.py:183} INFO - Processing /home/airflow/.local/lib/python3.11/site-packages/airflow/example_dags/example_latest_only_with_trigger.py took 0.071 seconds
