[2024-07-09T16:50:58.518+0000] {processor.py:161} INFO - Started process (PID=235) to work on /home/airflow/.local/lib/python3.11/site-packages/airflow/example_dags/example_complex.py
[2024-07-09T16:50:58.520+0000] {processor.py:830} INFO - Processing file /home/airflow/.local/lib/python3.11/site-packages/airflow/example_dags/example_complex.py for tasks to queue
[2024-07-09T16:50:58.522+0000] {logging_mixin.py:188} INFO - [2024-07-09T16:50:58.521+0000] {dagbag.py:540} INFO - Filling up the DagBag from /home/airflow/.local/lib/python3.11/site-packages/airflow/example_dags/example_complex.py
[2024-07-09T16:50:58.564+0000] {processor.py:840} INFO - DAG(s) 'example_complex' retrieved from /home/airflow/.local/lib/python3.11/site-packages/airflow/example_dags/example_complex.py
[2024-07-09T16:50:58.824+0000] {logging_mixin.py:188} INFO - [2024-07-09T16:50:58.822+0000] {override.py:1769} INFO - Created Permission View: can delete on DAG:example_complex
[2024-07-09T16:50:58.847+0000] {logging_mixin.py:188} INFO - [2024-07-09T16:50:58.847+0000] {override.py:1769} INFO - Created Permission View: can edit on DAG:example_complex
[2024-07-09T16:50:58.861+0000] {logging_mixin.py:188} INFO - [2024-07-09T16:50:58.860+0000] {override.py:1769} INFO - Created Permission View: can read on DAG:example_complex
[2024-07-09T16:50:58.862+0000] {logging_mixin.py:188} INFO - [2024-07-09T16:50:58.861+0000] {dag.py:3047} INFO - Sync 1 DAGs
[2024-07-09T16:50:58.881+0000] {logging_mixin.py:188} INFO - [2024-07-09T16:50:58.880+0000] {dag.py:3069} INFO - Creating ORM DAG for example_complex
[2024-07-09T16:50:58.882+0000] {logging_mixin.py:188} INFO - [2024-07-09T16:50:58.882+0000] {dag.py:3834} INFO - Setting next_dagrun for example_complex to None, run_after=None
[2024-07-09T16:50:58.930+0000] {processor.py:183} INFO - Processing /home/airflow/.local/lib/python3.11/site-packages/airflow/example_dags/example_complex.py took 0.417 seconds
[2024-07-09T16:51:29.729+0000] {processor.py:161} INFO - Started process (PID=499) to work on /home/airflow/.local/lib/python3.11/site-packages/airflow/example_dags/example_complex.py
[2024-07-09T16:51:29.730+0000] {processor.py:830} INFO - Processing file /home/airflow/.local/lib/python3.11/site-packages/airflow/example_dags/example_complex.py for tasks to queue
[2024-07-09T16:51:29.732+0000] {logging_mixin.py:188} INFO - [2024-07-09T16:51:29.731+0000] {dagbag.py:540} INFO - Filling up the DagBag from /home/airflow/.local/lib/python3.11/site-packages/airflow/example_dags/example_complex.py
[2024-07-09T16:51:29.748+0000] {processor.py:840} INFO - DAG(s) 'example_complex' retrieved from /home/airflow/.local/lib/python3.11/site-packages/airflow/example_dags/example_complex.py
[2024-07-09T16:51:29.779+0000] {logging_mixin.py:188} INFO - [2024-07-09T16:51:29.779+0000] {dag.py:3047} INFO - Sync 1 DAGs
[2024-07-09T16:51:29.791+0000] {logging_mixin.py:188} INFO - [2024-07-09T16:51:29.790+0000] {dag.py:3834} INFO - Setting next_dagrun for example_complex to None, run_after=None
[2024-07-09T16:51:29.810+0000] {processor.py:183} INFO - Processing /home/airflow/.local/lib/python3.11/site-packages/airflow/example_dags/example_complex.py took 0.085 seconds
[2024-07-09T16:51:59.894+0000] {processor.py:161} INFO - Started process (PID=761) to work on /home/airflow/.local/lib/python3.11/site-packages/airflow/example_dags/example_complex.py
[2024-07-09T16:51:59.895+0000] {processor.py:830} INFO - Processing file /home/airflow/.local/lib/python3.11/site-packages/airflow/example_dags/example_complex.py for tasks to queue
[2024-07-09T16:51:59.896+0000] {logging_mixin.py:188} INFO - [2024-07-09T16:51:59.896+0000] {dagbag.py:540} INFO - Filling up the DagBag from /home/airflow/.local/lib/python3.11/site-packages/airflow/example_dags/example_complex.py
[2024-07-09T16:51:59.907+0000] {processor.py:840} INFO - DAG(s) 'example_complex' retrieved from /home/airflow/.local/lib/python3.11/site-packages/airflow/example_dags/example_complex.py
[2024-07-09T16:51:59.937+0000] {logging_mixin.py:188} INFO - [2024-07-09T16:51:59.937+0000] {dag.py:3047} INFO - Sync 1 DAGs
[2024-07-09T16:51:59.949+0000] {logging_mixin.py:188} INFO - [2024-07-09T16:51:59.949+0000] {dag.py:3834} INFO - Setting next_dagrun for example_complex to None, run_after=None
[2024-07-09T16:51:59.989+0000] {processor.py:183} INFO - Processing /home/airflow/.local/lib/python3.11/site-packages/airflow/example_dags/example_complex.py took 0.098 seconds
[2024-07-09T16:52:30.277+0000] {processor.py:161} INFO - Started process (PID=1021) to work on /home/airflow/.local/lib/python3.11/site-packages/airflow/example_dags/example_complex.py
[2024-07-09T16:52:30.278+0000] {processor.py:830} INFO - Processing file /home/airflow/.local/lib/python3.11/site-packages/airflow/example_dags/example_complex.py for tasks to queue
[2024-07-09T16:52:30.279+0000] {logging_mixin.py:188} INFO - [2024-07-09T16:52:30.279+0000] {dagbag.py:540} INFO - Filling up the DagBag from /home/airflow/.local/lib/python3.11/site-packages/airflow/example_dags/example_complex.py
[2024-07-09T16:52:30.291+0000] {processor.py:840} INFO - DAG(s) 'example_complex' retrieved from /home/airflow/.local/lib/python3.11/site-packages/airflow/example_dags/example_complex.py
[2024-07-09T16:52:30.332+0000] {logging_mixin.py:188} INFO - [2024-07-09T16:52:30.332+0000] {dag.py:3047} INFO - Sync 1 DAGs
[2024-07-09T16:52:30.348+0000] {logging_mixin.py:188} INFO - [2024-07-09T16:52:30.347+0000] {dag.py:3834} INFO - Setting next_dagrun for example_complex to None, run_after=None
[2024-07-09T16:52:30.378+0000] {processor.py:183} INFO - Processing /home/airflow/.local/lib/python3.11/site-packages/airflow/example_dags/example_complex.py took 0.106 seconds
[2024-07-09T16:53:01.079+0000] {processor.py:161} INFO - Started process (PID=1283) to work on /home/airflow/.local/lib/python3.11/site-packages/airflow/example_dags/example_complex.py
[2024-07-09T16:53:01.081+0000] {processor.py:830} INFO - Processing file /home/airflow/.local/lib/python3.11/site-packages/airflow/example_dags/example_complex.py for tasks to queue
[2024-07-09T16:53:01.082+0000] {logging_mixin.py:188} INFO - [2024-07-09T16:53:01.082+0000] {dagbag.py:540} INFO - Filling up the DagBag from /home/airflow/.local/lib/python3.11/site-packages/airflow/example_dags/example_complex.py
[2024-07-09T16:53:01.107+0000] {processor.py:840} INFO - DAG(s) 'example_complex' retrieved from /home/airflow/.local/lib/python3.11/site-packages/airflow/example_dags/example_complex.py
[2024-07-09T16:53:01.150+0000] {logging_mixin.py:188} INFO - [2024-07-09T16:53:01.149+0000] {dag.py:3047} INFO - Sync 1 DAGs
[2024-07-09T16:53:01.287+0000] {logging_mixin.py:188} INFO - [2024-07-09T16:53:01.287+0000] {dag.py:3834} INFO - Setting next_dagrun for example_complex to None, run_after=None
[2024-07-09T16:53:01.312+0000] {processor.py:183} INFO - Processing /home/airflow/.local/lib/python3.11/site-packages/airflow/example_dags/example_complex.py took 0.238 seconds
[2024-07-09T16:53:32.169+0000] {processor.py:161} INFO - Started process (PID=1536) to work on /home/airflow/.local/lib/python3.11/site-packages/airflow/example_dags/example_complex.py
[2024-07-09T16:53:32.170+0000] {processor.py:830} INFO - Processing file /home/airflow/.local/lib/python3.11/site-packages/airflow/example_dags/example_complex.py for tasks to queue
[2024-07-09T16:53:32.171+0000] {logging_mixin.py:188} INFO - [2024-07-09T16:53:32.171+0000] {dagbag.py:540} INFO - Filling up the DagBag from /home/airflow/.local/lib/python3.11/site-packages/airflow/example_dags/example_complex.py
[2024-07-09T16:53:32.184+0000] {processor.py:840} INFO - DAG(s) 'example_complex' retrieved from /home/airflow/.local/lib/python3.11/site-packages/airflow/example_dags/example_complex.py
[2024-07-09T16:53:32.219+0000] {logging_mixin.py:188} INFO - [2024-07-09T16:53:32.218+0000] {dag.py:3047} INFO - Sync 1 DAGs
[2024-07-09T16:53:32.230+0000] {logging_mixin.py:188} INFO - [2024-07-09T16:53:32.230+0000] {dag.py:3834} INFO - Setting next_dagrun for example_complex to None, run_after=None
[2024-07-09T16:53:32.248+0000] {processor.py:183} INFO - Processing /home/airflow/.local/lib/python3.11/site-packages/airflow/example_dags/example_complex.py took 0.083 seconds
[2024-07-09T16:54:02.639+0000] {processor.py:161} INFO - Started process (PID=1795) to work on /home/airflow/.local/lib/python3.11/site-packages/airflow/example_dags/example_complex.py
[2024-07-09T16:54:02.640+0000] {processor.py:830} INFO - Processing file /home/airflow/.local/lib/python3.11/site-packages/airflow/example_dags/example_complex.py for tasks to queue
[2024-07-09T16:54:02.641+0000] {logging_mixin.py:188} INFO - [2024-07-09T16:54:02.641+0000] {dagbag.py:540} INFO - Filling up the DagBag from /home/airflow/.local/lib/python3.11/site-packages/airflow/example_dags/example_complex.py
[2024-07-09T16:54:02.655+0000] {processor.py:840} INFO - DAG(s) 'example_complex' retrieved from /home/airflow/.local/lib/python3.11/site-packages/airflow/example_dags/example_complex.py
[2024-07-09T16:54:02.688+0000] {logging_mixin.py:188} INFO - [2024-07-09T16:54:02.688+0000] {dag.py:3047} INFO - Sync 1 DAGs
[2024-07-09T16:54:02.700+0000] {logging_mixin.py:188} INFO - [2024-07-09T16:54:02.700+0000] {dag.py:3834} INFO - Setting next_dagrun for example_complex to None, run_after=None
[2024-07-09T16:54:02.716+0000] {processor.py:183} INFO - Processing /home/airflow/.local/lib/python3.11/site-packages/airflow/example_dags/example_complex.py took 0.080 seconds
[2024-07-09T16:54:32.825+0000] {processor.py:161} INFO - Started process (PID=2057) to work on /home/airflow/.local/lib/python3.11/site-packages/airflow/example_dags/example_complex.py
[2024-07-09T16:54:32.826+0000] {processor.py:830} INFO - Processing file /home/airflow/.local/lib/python3.11/site-packages/airflow/example_dags/example_complex.py for tasks to queue
[2024-07-09T16:54:32.827+0000] {logging_mixin.py:188} INFO - [2024-07-09T16:54:32.827+0000] {dagbag.py:540} INFO - Filling up the DagBag from /home/airflow/.local/lib/python3.11/site-packages/airflow/example_dags/example_complex.py
[2024-07-09T16:54:32.839+0000] {processor.py:840} INFO - DAG(s) 'example_complex' retrieved from /home/airflow/.local/lib/python3.11/site-packages/airflow/example_dags/example_complex.py
[2024-07-09T16:54:32.873+0000] {logging_mixin.py:188} INFO - [2024-07-09T16:54:32.872+0000] {dag.py:3047} INFO - Sync 1 DAGs
[2024-07-09T16:54:32.885+0000] {logging_mixin.py:188} INFO - [2024-07-09T16:54:32.885+0000] {dag.py:3834} INFO - Setting next_dagrun for example_complex to None, run_after=None
[2024-07-09T16:54:32.903+0000] {processor.py:183} INFO - Processing /home/airflow/.local/lib/python3.11/site-packages/airflow/example_dags/example_complex.py took 0.082 seconds
[2024-07-09T16:55:03.005+0000] {processor.py:161} INFO - Started process (PID=2319) to work on /home/airflow/.local/lib/python3.11/site-packages/airflow/example_dags/example_complex.py
[2024-07-09T16:55:03.006+0000] {processor.py:830} INFO - Processing file /home/airflow/.local/lib/python3.11/site-packages/airflow/example_dags/example_complex.py for tasks to queue
[2024-07-09T16:55:03.007+0000] {logging_mixin.py:188} INFO - [2024-07-09T16:55:03.007+0000] {dagbag.py:540} INFO - Filling up the DagBag from /home/airflow/.local/lib/python3.11/site-packages/airflow/example_dags/example_complex.py
[2024-07-09T16:55:03.018+0000] {processor.py:840} INFO - DAG(s) 'example_complex' retrieved from /home/airflow/.local/lib/python3.11/site-packages/airflow/example_dags/example_complex.py
[2024-07-09T16:55:03.049+0000] {logging_mixin.py:188} INFO - [2024-07-09T16:55:03.049+0000] {dag.py:3047} INFO - Sync 1 DAGs
[2024-07-09T16:55:03.062+0000] {logging_mixin.py:188} INFO - [2024-07-09T16:55:03.062+0000] {dag.py:3834} INFO - Setting next_dagrun for example_complex to None, run_after=None
[2024-07-09T16:55:03.084+0000] {processor.py:183} INFO - Processing /home/airflow/.local/lib/python3.11/site-packages/airflow/example_dags/example_complex.py took 0.082 seconds
[2024-07-09T16:55:33.496+0000] {processor.py:161} INFO - Started process (PID=2581) to work on /home/airflow/.local/lib/python3.11/site-packages/airflow/example_dags/example_complex.py
[2024-07-09T16:55:33.497+0000] {processor.py:830} INFO - Processing file /home/airflow/.local/lib/python3.11/site-packages/airflow/example_dags/example_complex.py for tasks to queue
[2024-07-09T16:55:33.499+0000] {logging_mixin.py:188} INFO - [2024-07-09T16:55:33.498+0000] {dagbag.py:540} INFO - Filling up the DagBag from /home/airflow/.local/lib/python3.11/site-packages/airflow/example_dags/example_complex.py
[2024-07-09T16:55:33.511+0000] {processor.py:840} INFO - DAG(s) 'example_complex' retrieved from /home/airflow/.local/lib/python3.11/site-packages/airflow/example_dags/example_complex.py
[2024-07-09T16:55:33.549+0000] {logging_mixin.py:188} INFO - [2024-07-09T16:55:33.549+0000] {dag.py:3047} INFO - Sync 1 DAGs
[2024-07-09T16:55:33.560+0000] {logging_mixin.py:188} INFO - [2024-07-09T16:55:33.560+0000] {dag.py:3834} INFO - Setting next_dagrun for example_complex to None, run_after=None
[2024-07-09T16:55:33.598+0000] {processor.py:183} INFO - Processing /home/airflow/.local/lib/python3.11/site-packages/airflow/example_dags/example_complex.py took 0.105 seconds
[2024-07-09T16:56:03.666+0000] {processor.py:161} INFO - Started process (PID=2843) to work on /home/airflow/.local/lib/python3.11/site-packages/airflow/example_dags/example_complex.py
[2024-07-09T16:56:03.667+0000] {processor.py:830} INFO - Processing file /home/airflow/.local/lib/python3.11/site-packages/airflow/example_dags/example_complex.py for tasks to queue
[2024-07-09T16:56:03.668+0000] {logging_mixin.py:188} INFO - [2024-07-09T16:56:03.668+0000] {dagbag.py:540} INFO - Filling up the DagBag from /home/airflow/.local/lib/python3.11/site-packages/airflow/example_dags/example_complex.py
[2024-07-09T16:56:03.678+0000] {processor.py:840} INFO - DAG(s) 'example_complex' retrieved from /home/airflow/.local/lib/python3.11/site-packages/airflow/example_dags/example_complex.py
[2024-07-09T16:56:03.710+0000] {logging_mixin.py:188} INFO - [2024-07-09T16:56:03.710+0000] {dag.py:3047} INFO - Sync 1 DAGs
[2024-07-09T16:56:03.721+0000] {logging_mixin.py:188} INFO - [2024-07-09T16:56:03.721+0000] {dag.py:3834} INFO - Setting next_dagrun for example_complex to None, run_after=None
[2024-07-09T16:56:03.757+0000] {processor.py:183} INFO - Processing /home/airflow/.local/lib/python3.11/site-packages/airflow/example_dags/example_complex.py took 0.094 seconds
[2024-07-09T16:56:33.859+0000] {processor.py:161} INFO - Started process (PID=3105) to work on /home/airflow/.local/lib/python3.11/site-packages/airflow/example_dags/example_complex.py
[2024-07-09T16:56:33.860+0000] {processor.py:830} INFO - Processing file /home/airflow/.local/lib/python3.11/site-packages/airflow/example_dags/example_complex.py for tasks to queue
[2024-07-09T16:56:33.862+0000] {logging_mixin.py:188} INFO - [2024-07-09T16:56:33.861+0000] {dagbag.py:540} INFO - Filling up the DagBag from /home/airflow/.local/lib/python3.11/site-packages/airflow/example_dags/example_complex.py
[2024-07-09T16:56:33.873+0000] {processor.py:840} INFO - DAG(s) 'example_complex' retrieved from /home/airflow/.local/lib/python3.11/site-packages/airflow/example_dags/example_complex.py
[2024-07-09T16:56:33.903+0000] {logging_mixin.py:188} INFO - [2024-07-09T16:56:33.902+0000] {dag.py:3047} INFO - Sync 1 DAGs
[2024-07-09T16:56:33.913+0000] {logging_mixin.py:188} INFO - [2024-07-09T16:56:33.913+0000] {dag.py:3834} INFO - Setting next_dagrun for example_complex to None, run_after=None
[2024-07-09T16:56:33.932+0000] {processor.py:183} INFO - Processing /home/airflow/.local/lib/python3.11/site-packages/airflow/example_dags/example_complex.py took 0.076 seconds
[2024-07-09T16:57:04.146+0000] {processor.py:161} INFO - Started process (PID=3367) to work on /home/airflow/.local/lib/python3.11/site-packages/airflow/example_dags/example_complex.py
[2024-07-09T16:57:04.147+0000] {processor.py:830} INFO - Processing file /home/airflow/.local/lib/python3.11/site-packages/airflow/example_dags/example_complex.py for tasks to queue
[2024-07-09T16:57:04.148+0000] {logging_mixin.py:188} INFO - [2024-07-09T16:57:04.148+0000] {dagbag.py:540} INFO - Filling up the DagBag from /home/airflow/.local/lib/python3.11/site-packages/airflow/example_dags/example_complex.py
[2024-07-09T16:57:04.158+0000] {processor.py:840} INFO - DAG(s) 'example_complex' retrieved from /home/airflow/.local/lib/python3.11/site-packages/airflow/example_dags/example_complex.py
[2024-07-09T16:57:04.189+0000] {logging_mixin.py:188} INFO - [2024-07-09T16:57:04.189+0000] {dag.py:3047} INFO - Sync 1 DAGs
[2024-07-09T16:57:04.199+0000] {logging_mixin.py:188} INFO - [2024-07-09T16:57:04.199+0000] {dag.py:3834} INFO - Setting next_dagrun for example_complex to None, run_after=None
[2024-07-09T16:57:04.218+0000] {processor.py:183} INFO - Processing /home/airflow/.local/lib/python3.11/site-packages/airflow/example_dags/example_complex.py took 0.074 seconds
[2024-07-09T16:57:34.718+0000] {processor.py:161} INFO - Started process (PID=3629) to work on /home/airflow/.local/lib/python3.11/site-packages/airflow/example_dags/example_complex.py
[2024-07-09T16:57:34.719+0000] {processor.py:830} INFO - Processing file /home/airflow/.local/lib/python3.11/site-packages/airflow/example_dags/example_complex.py for tasks to queue
[2024-07-09T16:57:34.720+0000] {logging_mixin.py:188} INFO - [2024-07-09T16:57:34.720+0000] {dagbag.py:540} INFO - Filling up the DagBag from /home/airflow/.local/lib/python3.11/site-packages/airflow/example_dags/example_complex.py
[2024-07-09T16:57:34.734+0000] {processor.py:840} INFO - DAG(s) 'example_complex' retrieved from /home/airflow/.local/lib/python3.11/site-packages/airflow/example_dags/example_complex.py
[2024-07-09T16:57:34.773+0000] {logging_mixin.py:188} INFO - [2024-07-09T16:57:34.773+0000] {dag.py:3047} INFO - Sync 1 DAGs
[2024-07-09T16:57:34.787+0000] {logging_mixin.py:188} INFO - [2024-07-09T16:57:34.787+0000] {dag.py:3834} INFO - Setting next_dagrun for example_complex to None, run_after=None
[2024-07-09T16:57:34.808+0000] {processor.py:183} INFO - Processing /home/airflow/.local/lib/python3.11/site-packages/airflow/example_dags/example_complex.py took 0.094 seconds
[2024-07-09T16:58:04.865+0000] {processor.py:161} INFO - Started process (PID=3891) to work on /home/airflow/.local/lib/python3.11/site-packages/airflow/example_dags/example_complex.py
[2024-07-09T16:58:04.867+0000] {processor.py:830} INFO - Processing file /home/airflow/.local/lib/python3.11/site-packages/airflow/example_dags/example_complex.py for tasks to queue
[2024-07-09T16:58:04.868+0000] {logging_mixin.py:188} INFO - [2024-07-09T16:58:04.867+0000] {dagbag.py:540} INFO - Filling up the DagBag from /home/airflow/.local/lib/python3.11/site-packages/airflow/example_dags/example_complex.py
[2024-07-09T16:58:04.877+0000] {processor.py:840} INFO - DAG(s) 'example_complex' retrieved from /home/airflow/.local/lib/python3.11/site-packages/airflow/example_dags/example_complex.py
[2024-07-09T16:58:04.906+0000] {logging_mixin.py:188} INFO - [2024-07-09T16:58:04.906+0000] {dag.py:3047} INFO - Sync 1 DAGs
[2024-07-09T16:58:04.917+0000] {logging_mixin.py:188} INFO - [2024-07-09T16:58:04.916+0000] {dag.py:3834} INFO - Setting next_dagrun for example_complex to None, run_after=None
[2024-07-09T16:58:04.952+0000] {processor.py:183} INFO - Processing /home/airflow/.local/lib/python3.11/site-packages/airflow/example_dags/example_complex.py took 0.090 seconds
[2024-07-09T16:58:35.268+0000] {processor.py:161} INFO - Started process (PID=4153) to work on /home/airflow/.local/lib/python3.11/site-packages/airflow/example_dags/example_complex.py
[2024-07-09T16:58:35.269+0000] {processor.py:830} INFO - Processing file /home/airflow/.local/lib/python3.11/site-packages/airflow/example_dags/example_complex.py for tasks to queue
[2024-07-09T16:58:35.270+0000] {logging_mixin.py:188} INFO - [2024-07-09T16:58:35.270+0000] {dagbag.py:540} INFO - Filling up the DagBag from /home/airflow/.local/lib/python3.11/site-packages/airflow/example_dags/example_complex.py
[2024-07-09T16:58:35.281+0000] {processor.py:840} INFO - DAG(s) 'example_complex' retrieved from /home/airflow/.local/lib/python3.11/site-packages/airflow/example_dags/example_complex.py
[2024-07-09T16:58:35.312+0000] {logging_mixin.py:188} INFO - [2024-07-09T16:58:35.312+0000] {dag.py:3047} INFO - Sync 1 DAGs
[2024-07-09T16:58:35.325+0000] {logging_mixin.py:188} INFO - [2024-07-09T16:58:35.324+0000] {dag.py:3834} INFO - Setting next_dagrun for example_complex to None, run_after=None
[2024-07-09T16:58:35.360+0000] {processor.py:183} INFO - Processing /home/airflow/.local/lib/python3.11/site-packages/airflow/example_dags/example_complex.py took 0.094 seconds
[2024-07-09T16:59:06.124+0000] {processor.py:161} INFO - Started process (PID=4415) to work on /home/airflow/.local/lib/python3.11/site-packages/airflow/example_dags/example_complex.py
[2024-07-09T16:59:06.126+0000] {processor.py:830} INFO - Processing file /home/airflow/.local/lib/python3.11/site-packages/airflow/example_dags/example_complex.py for tasks to queue
[2024-07-09T16:59:06.127+0000] {logging_mixin.py:188} INFO - [2024-07-09T16:59:06.127+0000] {dagbag.py:540} INFO - Filling up the DagBag from /home/airflow/.local/lib/python3.11/site-packages/airflow/example_dags/example_complex.py
[2024-07-09T16:59:06.138+0000] {processor.py:840} INFO - DAG(s) 'example_complex' retrieved from /home/airflow/.local/lib/python3.11/site-packages/airflow/example_dags/example_complex.py
[2024-07-09T16:59:06.185+0000] {logging_mixin.py:188} INFO - [2024-07-09T16:59:06.184+0000] {dag.py:3047} INFO - Sync 1 DAGs
[2024-07-09T16:59:06.199+0000] {logging_mixin.py:188} INFO - [2024-07-09T16:59:06.199+0000] {dag.py:3834} INFO - Setting next_dagrun for example_complex to None, run_after=None
[2024-07-09T16:59:06.222+0000] {processor.py:183} INFO - Processing /home/airflow/.local/lib/python3.11/site-packages/airflow/example_dags/example_complex.py took 0.101 seconds
[2024-07-09T16:59:36.279+0000] {processor.py:161} INFO - Started process (PID=4677) to work on /home/airflow/.local/lib/python3.11/site-packages/airflow/example_dags/example_complex.py
[2024-07-09T16:59:36.280+0000] {processor.py:830} INFO - Processing file /home/airflow/.local/lib/python3.11/site-packages/airflow/example_dags/example_complex.py for tasks to queue
[2024-07-09T16:59:36.281+0000] {logging_mixin.py:188} INFO - [2024-07-09T16:59:36.281+0000] {dagbag.py:540} INFO - Filling up the DagBag from /home/airflow/.local/lib/python3.11/site-packages/airflow/example_dags/example_complex.py
[2024-07-09T16:59:36.290+0000] {processor.py:840} INFO - DAG(s) 'example_complex' retrieved from /home/airflow/.local/lib/python3.11/site-packages/airflow/example_dags/example_complex.py
[2024-07-09T16:59:36.319+0000] {logging_mixin.py:188} INFO - [2024-07-09T16:59:36.318+0000] {dag.py:3047} INFO - Sync 1 DAGs
[2024-07-09T16:59:36.330+0000] {logging_mixin.py:188} INFO - [2024-07-09T16:59:36.330+0000] {dag.py:3834} INFO - Setting next_dagrun for example_complex to None, run_after=None
[2024-07-09T16:59:36.348+0000] {processor.py:183} INFO - Processing /home/airflow/.local/lib/python3.11/site-packages/airflow/example_dags/example_complex.py took 0.073 seconds
[2024-07-09T17:00:06.836+0000] {processor.py:161} INFO - Started process (PID=4937) to work on /home/airflow/.local/lib/python3.11/site-packages/airflow/example_dags/example_complex.py
[2024-07-09T17:00:06.837+0000] {processor.py:830} INFO - Processing file /home/airflow/.local/lib/python3.11/site-packages/airflow/example_dags/example_complex.py for tasks to queue
[2024-07-09T17:00:06.837+0000] {logging_mixin.py:188} INFO - [2024-07-09T17:00:06.837+0000] {dagbag.py:540} INFO - Filling up the DagBag from /home/airflow/.local/lib/python3.11/site-packages/airflow/example_dags/example_complex.py
[2024-07-09T17:00:06.849+0000] {processor.py:840} INFO - DAG(s) 'example_complex' retrieved from /home/airflow/.local/lib/python3.11/site-packages/airflow/example_dags/example_complex.py
[2024-07-09T17:00:06.881+0000] {logging_mixin.py:188} INFO - [2024-07-09T17:00:06.881+0000] {dag.py:3047} INFO - Sync 1 DAGs
[2024-07-09T17:00:06.891+0000] {logging_mixin.py:188} INFO - [2024-07-09T17:00:06.891+0000] {dag.py:3834} INFO - Setting next_dagrun for example_complex to None, run_after=None
[2024-07-09T17:00:06.913+0000] {processor.py:183} INFO - Processing /home/airflow/.local/lib/python3.11/site-packages/airflow/example_dags/example_complex.py took 0.081 seconds
[2024-07-09T17:00:37.430+0000] {processor.py:161} INFO - Started process (PID=5199) to work on /home/airflow/.local/lib/python3.11/site-packages/airflow/example_dags/example_complex.py
[2024-07-09T17:00:37.431+0000] {processor.py:830} INFO - Processing file /home/airflow/.local/lib/python3.11/site-packages/airflow/example_dags/example_complex.py for tasks to queue
[2024-07-09T17:00:37.433+0000] {logging_mixin.py:188} INFO - [2024-07-09T17:00:37.432+0000] {dagbag.py:540} INFO - Filling up the DagBag from /home/airflow/.local/lib/python3.11/site-packages/airflow/example_dags/example_complex.py
[2024-07-09T17:00:37.442+0000] {processor.py:840} INFO - DAG(s) 'example_complex' retrieved from /home/airflow/.local/lib/python3.11/site-packages/airflow/example_dags/example_complex.py
[2024-07-09T17:00:37.470+0000] {logging_mixin.py:188} INFO - [2024-07-09T17:00:37.470+0000] {dag.py:3047} INFO - Sync 1 DAGs
[2024-07-09T17:00:37.483+0000] {logging_mixin.py:188} INFO - [2024-07-09T17:00:37.482+0000] {dag.py:3834} INFO - Setting next_dagrun for example_complex to None, run_after=None
[2024-07-09T17:00:37.501+0000] {processor.py:183} INFO - Processing /home/airflow/.local/lib/python3.11/site-packages/airflow/example_dags/example_complex.py took 0.073 seconds
[2024-07-09T17:01:08.503+0000] {processor.py:161} INFO - Started process (PID=5463) to work on /home/airflow/.local/lib/python3.11/site-packages/airflow/example_dags/example_complex.py
[2024-07-09T17:01:08.504+0000] {processor.py:830} INFO - Processing file /home/airflow/.local/lib/python3.11/site-packages/airflow/example_dags/example_complex.py for tasks to queue
[2024-07-09T17:01:08.505+0000] {logging_mixin.py:188} INFO - [2024-07-09T17:01:08.505+0000] {dagbag.py:540} INFO - Filling up the DagBag from /home/airflow/.local/lib/python3.11/site-packages/airflow/example_dags/example_complex.py
[2024-07-09T17:01:08.521+0000] {processor.py:840} INFO - DAG(s) 'example_complex' retrieved from /home/airflow/.local/lib/python3.11/site-packages/airflow/example_dags/example_complex.py
[2024-07-09T17:01:08.564+0000] {logging_mixin.py:188} INFO - [2024-07-09T17:01:08.564+0000] {dag.py:3047} INFO - Sync 1 DAGs
[2024-07-09T17:01:08.576+0000] {logging_mixin.py:188} INFO - [2024-07-09T17:01:08.576+0000] {dag.py:3834} INFO - Setting next_dagrun for example_complex to None, run_after=None
[2024-07-09T17:01:08.600+0000] {processor.py:183} INFO - Processing /home/airflow/.local/lib/python3.11/site-packages/airflow/example_dags/example_complex.py took 0.100 seconds
[2024-07-09T17:01:38.722+0000] {processor.py:161} INFO - Started process (PID=5725) to work on /home/airflow/.local/lib/python3.11/site-packages/airflow/example_dags/example_complex.py
[2024-07-09T17:01:38.723+0000] {processor.py:830} INFO - Processing file /home/airflow/.local/lib/python3.11/site-packages/airflow/example_dags/example_complex.py for tasks to queue
[2024-07-09T17:01:38.725+0000] {logging_mixin.py:188} INFO - [2024-07-09T17:01:38.724+0000] {dagbag.py:540} INFO - Filling up the DagBag from /home/airflow/.local/lib/python3.11/site-packages/airflow/example_dags/example_complex.py
[2024-07-09T17:01:38.736+0000] {processor.py:840} INFO - DAG(s) 'example_complex' retrieved from /home/airflow/.local/lib/python3.11/site-packages/airflow/example_dags/example_complex.py
[2024-07-09T17:01:38.769+0000] {logging_mixin.py:188} INFO - [2024-07-09T17:01:38.769+0000] {dag.py:3047} INFO - Sync 1 DAGs
[2024-07-09T17:01:38.781+0000] {logging_mixin.py:188} INFO - [2024-07-09T17:01:38.781+0000] {dag.py:3834} INFO - Setting next_dagrun for example_complex to None, run_after=None
[2024-07-09T17:01:38.799+0000] {processor.py:183} INFO - Processing /home/airflow/.local/lib/python3.11/site-packages/airflow/example_dags/example_complex.py took 0.081 seconds
[2024-07-09T17:02:08.853+0000] {processor.py:161} INFO - Started process (PID=5987) to work on /home/airflow/.local/lib/python3.11/site-packages/airflow/example_dags/example_complex.py
[2024-07-09T17:02:08.854+0000] {processor.py:830} INFO - Processing file /home/airflow/.local/lib/python3.11/site-packages/airflow/example_dags/example_complex.py for tasks to queue
[2024-07-09T17:02:08.855+0000] {logging_mixin.py:188} INFO - [2024-07-09T17:02:08.855+0000] {dagbag.py:540} INFO - Filling up the DagBag from /home/airflow/.local/lib/python3.11/site-packages/airflow/example_dags/example_complex.py
[2024-07-09T17:02:08.868+0000] {processor.py:840} INFO - DAG(s) 'example_complex' retrieved from /home/airflow/.local/lib/python3.11/site-packages/airflow/example_dags/example_complex.py
[2024-07-09T17:02:08.905+0000] {logging_mixin.py:188} INFO - [2024-07-09T17:02:08.905+0000] {dag.py:3047} INFO - Sync 1 DAGs
[2024-07-09T17:02:08.916+0000] {logging_mixin.py:188} INFO - [2024-07-09T17:02:08.916+0000] {dag.py:3834} INFO - Setting next_dagrun for example_complex to None, run_after=None
[2024-07-09T17:02:08.933+0000] {processor.py:183} INFO - Processing /home/airflow/.local/lib/python3.11/site-packages/airflow/example_dags/example_complex.py took 0.084 seconds
[2024-07-09T17:02:39.736+0000] {processor.py:161} INFO - Started process (PID=6249) to work on /home/airflow/.local/lib/python3.11/site-packages/airflow/example_dags/example_complex.py
[2024-07-09T17:02:39.737+0000] {processor.py:830} INFO - Processing file /home/airflow/.local/lib/python3.11/site-packages/airflow/example_dags/example_complex.py for tasks to queue
[2024-07-09T17:02:39.738+0000] {logging_mixin.py:188} INFO - [2024-07-09T17:02:39.738+0000] {dagbag.py:540} INFO - Filling up the DagBag from /home/airflow/.local/lib/python3.11/site-packages/airflow/example_dags/example_complex.py
[2024-07-09T17:02:39.750+0000] {processor.py:840} INFO - DAG(s) 'example_complex' retrieved from /home/airflow/.local/lib/python3.11/site-packages/airflow/example_dags/example_complex.py
[2024-07-09T17:02:39.789+0000] {logging_mixin.py:188} INFO - [2024-07-09T17:02:39.789+0000] {dag.py:3047} INFO - Sync 1 DAGs
[2024-07-09T17:02:39.801+0000] {logging_mixin.py:188} INFO - [2024-07-09T17:02:39.801+0000] {dag.py:3834} INFO - Setting next_dagrun for example_complex to None, run_after=None
[2024-07-09T17:02:39.820+0000] {processor.py:183} INFO - Processing /home/airflow/.local/lib/python3.11/site-packages/airflow/example_dags/example_complex.py took 0.087 seconds
[2024-07-09T17:03:09.970+0000] {processor.py:161} INFO - Started process (PID=6509) to work on /home/airflow/.local/lib/python3.11/site-packages/airflow/example_dags/example_complex.py
[2024-07-09T17:03:09.971+0000] {processor.py:830} INFO - Processing file /home/airflow/.local/lib/python3.11/site-packages/airflow/example_dags/example_complex.py for tasks to queue
[2024-07-09T17:03:09.973+0000] {logging_mixin.py:188} INFO - [2024-07-09T17:03:09.972+0000] {dagbag.py:540} INFO - Filling up the DagBag from /home/airflow/.local/lib/python3.11/site-packages/airflow/example_dags/example_complex.py
[2024-07-09T17:03:09.982+0000] {processor.py:840} INFO - DAG(s) 'example_complex' retrieved from /home/airflow/.local/lib/python3.11/site-packages/airflow/example_dags/example_complex.py
[2024-07-09T17:03:10.013+0000] {logging_mixin.py:188} INFO - [2024-07-09T17:03:10.013+0000] {dag.py:3047} INFO - Sync 1 DAGs
[2024-07-09T17:03:10.024+0000] {logging_mixin.py:188} INFO - [2024-07-09T17:03:10.024+0000] {dag.py:3834} INFO - Setting next_dagrun for example_complex to None, run_after=None
[2024-07-09T17:03:10.044+0000] {processor.py:183} INFO - Processing /home/airflow/.local/lib/python3.11/site-packages/airflow/example_dags/example_complex.py took 0.078 seconds
[2024-07-09T17:03:40.854+0000] {processor.py:161} INFO - Started process (PID=6771) to work on /home/airflow/.local/lib/python3.11/site-packages/airflow/example_dags/example_complex.py
[2024-07-09T17:03:40.855+0000] {processor.py:830} INFO - Processing file /home/airflow/.local/lib/python3.11/site-packages/airflow/example_dags/example_complex.py for tasks to queue
[2024-07-09T17:03:40.857+0000] {logging_mixin.py:188} INFO - [2024-07-09T17:03:40.856+0000] {dagbag.py:540} INFO - Filling up the DagBag from /home/airflow/.local/lib/python3.11/site-packages/airflow/example_dags/example_complex.py
[2024-07-09T17:03:40.867+0000] {processor.py:840} INFO - DAG(s) 'example_complex' retrieved from /home/airflow/.local/lib/python3.11/site-packages/airflow/example_dags/example_complex.py
[2024-07-09T17:03:40.898+0000] {logging_mixin.py:188} INFO - [2024-07-09T17:03:40.897+0000] {dag.py:3047} INFO - Sync 1 DAGs
[2024-07-09T17:03:40.910+0000] {logging_mixin.py:188} INFO - [2024-07-09T17:03:40.910+0000] {dag.py:3834} INFO - Setting next_dagrun for example_complex to None, run_after=None
[2024-07-09T17:03:40.931+0000] {processor.py:183} INFO - Processing /home/airflow/.local/lib/python3.11/site-packages/airflow/example_dags/example_complex.py took 0.079 seconds
[2024-07-09T17:04:11.586+0000] {processor.py:161} INFO - Started process (PID=7033) to work on /home/airflow/.local/lib/python3.11/site-packages/airflow/example_dags/example_complex.py
[2024-07-09T17:04:11.587+0000] {processor.py:830} INFO - Processing file /home/airflow/.local/lib/python3.11/site-packages/airflow/example_dags/example_complex.py for tasks to queue
[2024-07-09T17:04:11.588+0000] {logging_mixin.py:188} INFO - [2024-07-09T17:04:11.588+0000] {dagbag.py:540} INFO - Filling up the DagBag from /home/airflow/.local/lib/python3.11/site-packages/airflow/example_dags/example_complex.py
[2024-07-09T17:04:11.600+0000] {processor.py:840} INFO - DAG(s) 'example_complex' retrieved from /home/airflow/.local/lib/python3.11/site-packages/airflow/example_dags/example_complex.py
[2024-07-09T17:04:11.635+0000] {logging_mixin.py:188} INFO - [2024-07-09T17:04:11.634+0000] {dag.py:3047} INFO - Sync 1 DAGs
[2024-07-09T17:04:11.651+0000] {logging_mixin.py:188} INFO - [2024-07-09T17:04:11.651+0000] {dag.py:3834} INFO - Setting next_dagrun for example_complex to None, run_after=None
[2024-07-09T17:04:11.671+0000] {processor.py:183} INFO - Processing /home/airflow/.local/lib/python3.11/site-packages/airflow/example_dags/example_complex.py took 0.089 seconds
[2024-07-09T17:04:42.361+0000] {processor.py:161} INFO - Started process (PID=7298) to work on /home/airflow/.local/lib/python3.11/site-packages/airflow/example_dags/example_complex.py
[2024-07-09T17:04:42.362+0000] {processor.py:830} INFO - Processing file /home/airflow/.local/lib/python3.11/site-packages/airflow/example_dags/example_complex.py for tasks to queue
[2024-07-09T17:04:42.363+0000] {logging_mixin.py:188} INFO - [2024-07-09T17:04:42.363+0000] {dagbag.py:540} INFO - Filling up the DagBag from /home/airflow/.local/lib/python3.11/site-packages/airflow/example_dags/example_complex.py
[2024-07-09T17:04:42.377+0000] {processor.py:840} INFO - DAG(s) 'example_complex' retrieved from /home/airflow/.local/lib/python3.11/site-packages/airflow/example_dags/example_complex.py
[2024-07-09T17:04:42.416+0000] {logging_mixin.py:188} INFO - [2024-07-09T17:04:42.416+0000] {dag.py:3047} INFO - Sync 1 DAGs
[2024-07-09T17:04:42.431+0000] {logging_mixin.py:188} INFO - [2024-07-09T17:04:42.431+0000] {dag.py:3834} INFO - Setting next_dagrun for example_complex to None, run_after=None
[2024-07-09T17:04:42.452+0000] {processor.py:183} INFO - Processing /home/airflow/.local/lib/python3.11/site-packages/airflow/example_dags/example_complex.py took 0.096 seconds
[2024-07-09T17:05:13.363+0000] {processor.py:161} INFO - Started process (PID=7593) to work on /home/airflow/.local/lib/python3.11/site-packages/airflow/example_dags/example_complex.py
[2024-07-09T17:05:13.364+0000] {processor.py:830} INFO - Processing file /home/airflow/.local/lib/python3.11/site-packages/airflow/example_dags/example_complex.py for tasks to queue
[2024-07-09T17:05:13.365+0000] {logging_mixin.py:188} INFO - [2024-07-09T17:05:13.364+0000] {dagbag.py:540} INFO - Filling up the DagBag from /home/airflow/.local/lib/python3.11/site-packages/airflow/example_dags/example_complex.py
[2024-07-09T17:05:13.376+0000] {processor.py:840} INFO - DAG(s) 'example_complex' retrieved from /home/airflow/.local/lib/python3.11/site-packages/airflow/example_dags/example_complex.py
[2024-07-09T17:05:13.411+0000] {logging_mixin.py:188} INFO - [2024-07-09T17:05:13.410+0000] {dag.py:3047} INFO - Sync 1 DAGs
[2024-07-09T17:05:13.421+0000] {logging_mixin.py:188} INFO - [2024-07-09T17:05:13.421+0000] {dag.py:3834} INFO - Setting next_dagrun for example_complex to None, run_after=None
[2024-07-09T17:05:13.440+0000] {processor.py:183} INFO - Processing /home/airflow/.local/lib/python3.11/site-packages/airflow/example_dags/example_complex.py took 0.081 seconds
[2024-07-09T17:05:44.065+0000] {processor.py:161} INFO - Started process (PID=7855) to work on /home/airflow/.local/lib/python3.11/site-packages/airflow/example_dags/example_complex.py
[2024-07-09T17:05:44.067+0000] {processor.py:830} INFO - Processing file /home/airflow/.local/lib/python3.11/site-packages/airflow/example_dags/example_complex.py for tasks to queue
[2024-07-09T17:05:44.068+0000] {logging_mixin.py:188} INFO - [2024-07-09T17:05:44.068+0000] {dagbag.py:540} INFO - Filling up the DagBag from /home/airflow/.local/lib/python3.11/site-packages/airflow/example_dags/example_complex.py
[2024-07-09T17:05:44.079+0000] {processor.py:840} INFO - DAG(s) 'example_complex' retrieved from /home/airflow/.local/lib/python3.11/site-packages/airflow/example_dags/example_complex.py
[2024-07-09T17:05:44.113+0000] {logging_mixin.py:188} INFO - [2024-07-09T17:05:44.112+0000] {dag.py:3047} INFO - Sync 1 DAGs
[2024-07-09T17:05:44.126+0000] {logging_mixin.py:188} INFO - [2024-07-09T17:05:44.126+0000] {dag.py:3834} INFO - Setting next_dagrun for example_complex to None, run_after=None
[2024-07-09T17:05:44.143+0000] {processor.py:183} INFO - Processing /home/airflow/.local/lib/python3.11/site-packages/airflow/example_dags/example_complex.py took 0.081 seconds
[2024-07-09T17:06:14.930+0000] {processor.py:161} INFO - Started process (PID=8117) to work on /home/airflow/.local/lib/python3.11/site-packages/airflow/example_dags/example_complex.py
[2024-07-09T17:06:14.932+0000] {processor.py:830} INFO - Processing file /home/airflow/.local/lib/python3.11/site-packages/airflow/example_dags/example_complex.py for tasks to queue
[2024-07-09T17:06:14.933+0000] {logging_mixin.py:188} INFO - [2024-07-09T17:06:14.933+0000] {dagbag.py:540} INFO - Filling up the DagBag from /home/airflow/.local/lib/python3.11/site-packages/airflow/example_dags/example_complex.py
[2024-07-09T17:06:14.946+0000] {processor.py:840} INFO - DAG(s) 'example_complex' retrieved from /home/airflow/.local/lib/python3.11/site-packages/airflow/example_dags/example_complex.py
[2024-07-09T17:06:14.978+0000] {logging_mixin.py:188} INFO - [2024-07-09T17:06:14.978+0000] {dag.py:3047} INFO - Sync 1 DAGs
[2024-07-09T17:06:14.991+0000] {logging_mixin.py:188} INFO - [2024-07-09T17:06:14.990+0000] {dag.py:3834} INFO - Setting next_dagrun for example_complex to None, run_after=None
[2024-07-09T17:06:15.018+0000] {processor.py:183} INFO - Processing /home/airflow/.local/lib/python3.11/site-packages/airflow/example_dags/example_complex.py took 0.093 seconds
[2024-07-09T17:06:45.158+0000] {processor.py:161} INFO - Started process (PID=8379) to work on /home/airflow/.local/lib/python3.11/site-packages/airflow/example_dags/example_complex.py
[2024-07-09T17:06:45.159+0000] {processor.py:830} INFO - Processing file /home/airflow/.local/lib/python3.11/site-packages/airflow/example_dags/example_complex.py for tasks to queue
[2024-07-09T17:06:45.160+0000] {logging_mixin.py:188} INFO - [2024-07-09T17:06:45.160+0000] {dagbag.py:540} INFO - Filling up the DagBag from /home/airflow/.local/lib/python3.11/site-packages/airflow/example_dags/example_complex.py
[2024-07-09T17:06:45.171+0000] {processor.py:840} INFO - DAG(s) 'example_complex' retrieved from /home/airflow/.local/lib/python3.11/site-packages/airflow/example_dags/example_complex.py
[2024-07-09T17:06:45.208+0000] {logging_mixin.py:188} INFO - [2024-07-09T17:06:45.207+0000] {dag.py:3047} INFO - Sync 1 DAGs
[2024-07-09T17:06:45.222+0000] {logging_mixin.py:188} INFO - [2024-07-09T17:06:45.222+0000] {dag.py:3834} INFO - Setting next_dagrun for example_complex to None, run_after=None
[2024-07-09T17:06:45.241+0000] {processor.py:183} INFO - Processing /home/airflow/.local/lib/python3.11/site-packages/airflow/example_dags/example_complex.py took 0.086 seconds
