[2024-07-09T16:50:54.661+0000] {processor.py:161} INFO - Started process (PID=161) to work on /home/airflow/.local/lib/python3.11/site-packages/airflow/example_dags/example_skip_dag.py
[2024-07-09T16:50:54.662+0000] {processor.py:830} INFO - Processing file /home/airflow/.local/lib/python3.11/site-packages/airflow/example_dags/example_skip_dag.py for tasks to queue
[2024-07-09T16:50:54.664+0000] {logging_mixin.py:188} INFO - [2024-07-09T16:50:54.663+0000] {dagbag.py:540} INFO - Filling up the DagBag from /home/airflow/.local/lib/python3.11/site-packages/airflow/example_dags/example_skip_dag.py
[2024-07-09T16:50:54.703+0000] {processor.py:840} INFO - DAG(s) 'example_skip_dag' retrieved from /home/airflow/.local/lib/python3.11/site-packages/airflow/example_dags/example_skip_dag.py
[2024-07-09T16:50:55.059+0000] {logging_mixin.py:188} INFO - [2024-07-09T16:50:55.058+0000] {override.py:1769} INFO - Created Permission View: can delete on DAG:example_skip_dag
[2024-07-09T16:50:55.073+0000] {logging_mixin.py:188} INFO - [2024-07-09T16:50:55.073+0000] {override.py:1769} INFO - Created Permission View: can edit on DAG:example_skip_dag
[2024-07-09T16:50:55.083+0000] {logging_mixin.py:188} INFO - [2024-07-09T16:50:55.082+0000] {override.py:1769} INFO - Created Permission View: can read on DAG:example_skip_dag
[2024-07-09T16:50:55.084+0000] {logging_mixin.py:188} INFO - [2024-07-09T16:50:55.083+0000] {dag.py:3047} INFO - Sync 1 DAGs
[2024-07-09T16:50:55.098+0000] {logging_mixin.py:188} INFO - [2024-07-09T16:50:55.098+0000] {dag.py:3069} INFO - Creating ORM DAG for example_skip_dag
[2024-07-09T16:50:55.114+0000] {logging_mixin.py:188} INFO - [2024-07-09T16:50:55.114+0000] {dag.py:3834} INFO - Setting next_dagrun for example_skip_dag to 2024-07-08 00:00:00+00:00, run_after=2024-07-09 00:00:00+00:00
[2024-07-09T16:50:55.141+0000] {processor.py:183} INFO - Processing /home/airflow/.local/lib/python3.11/site-packages/airflow/example_dags/example_skip_dag.py took 0.485 seconds
[2024-07-09T16:51:25.255+0000] {processor.py:161} INFO - Started process (PID=420) to work on /home/airflow/.local/lib/python3.11/site-packages/airflow/example_dags/example_skip_dag.py
[2024-07-09T16:51:25.256+0000] {processor.py:830} INFO - Processing file /home/airflow/.local/lib/python3.11/site-packages/airflow/example_dags/example_skip_dag.py for tasks to queue
[2024-07-09T16:51:25.257+0000] {logging_mixin.py:188} INFO - [2024-07-09T16:51:25.257+0000] {dagbag.py:540} INFO - Filling up the DagBag from /home/airflow/.local/lib/python3.11/site-packages/airflow/example_dags/example_skip_dag.py
[2024-07-09T16:51:25.264+0000] {processor.py:840} INFO - DAG(s) 'example_skip_dag' retrieved from /home/airflow/.local/lib/python3.11/site-packages/airflow/example_dags/example_skip_dag.py
[2024-07-09T16:51:25.289+0000] {logging_mixin.py:188} INFO - [2024-07-09T16:51:25.289+0000] {dag.py:3047} INFO - Sync 1 DAGs
[2024-07-09T16:51:25.314+0000] {logging_mixin.py:188} INFO - [2024-07-09T16:51:25.314+0000] {dag.py:3834} INFO - Setting next_dagrun for example_skip_dag to 2024-07-08 00:00:00+00:00, run_after=2024-07-09 00:00:00+00:00
[2024-07-09T16:51:25.333+0000] {processor.py:183} INFO - Processing /home/airflow/.local/lib/python3.11/site-packages/airflow/example_dags/example_skip_dag.py took 0.082 seconds
[2024-07-09T16:51:55.661+0000] {processor.py:161} INFO - Started process (PID=682) to work on /home/airflow/.local/lib/python3.11/site-packages/airflow/example_dags/example_skip_dag.py
[2024-07-09T16:51:55.661+0000] {processor.py:830} INFO - Processing file /home/airflow/.local/lib/python3.11/site-packages/airflow/example_dags/example_skip_dag.py for tasks to queue
[2024-07-09T16:51:55.662+0000] {logging_mixin.py:188} INFO - [2024-07-09T16:51:55.662+0000] {dagbag.py:540} INFO - Filling up the DagBag from /home/airflow/.local/lib/python3.11/site-packages/airflow/example_dags/example_skip_dag.py
[2024-07-09T16:51:55.669+0000] {processor.py:840} INFO - DAG(s) 'example_skip_dag' retrieved from /home/airflow/.local/lib/python3.11/site-packages/airflow/example_dags/example_skip_dag.py
[2024-07-09T16:51:55.693+0000] {logging_mixin.py:188} INFO - [2024-07-09T16:51:55.693+0000] {dag.py:3047} INFO - Sync 1 DAGs
[2024-07-09T16:51:55.716+0000] {logging_mixin.py:188} INFO - [2024-07-09T16:51:55.715+0000] {dag.py:3834} INFO - Setting next_dagrun for example_skip_dag to 2024-07-08 00:00:00+00:00, run_after=2024-07-09 00:00:00+00:00
[2024-07-09T16:51:55.731+0000] {processor.py:183} INFO - Processing /home/airflow/.local/lib/python3.11/site-packages/airflow/example_dags/example_skip_dag.py took 0.073 seconds
[2024-07-09T16:52:26.111+0000] {processor.py:161} INFO - Started process (PID=944) to work on /home/airflow/.local/lib/python3.11/site-packages/airflow/example_dags/example_skip_dag.py
[2024-07-09T16:52:26.112+0000] {processor.py:830} INFO - Processing file /home/airflow/.local/lib/python3.11/site-packages/airflow/example_dags/example_skip_dag.py for tasks to queue
[2024-07-09T16:52:26.113+0000] {logging_mixin.py:188} INFO - [2024-07-09T16:52:26.113+0000] {dagbag.py:540} INFO - Filling up the DagBag from /home/airflow/.local/lib/python3.11/site-packages/airflow/example_dags/example_skip_dag.py
[2024-07-09T16:52:26.120+0000] {processor.py:840} INFO - DAG(s) 'example_skip_dag' retrieved from /home/airflow/.local/lib/python3.11/site-packages/airflow/example_dags/example_skip_dag.py
[2024-07-09T16:52:26.143+0000] {logging_mixin.py:188} INFO - [2024-07-09T16:52:26.142+0000] {dag.py:3047} INFO - Sync 1 DAGs
[2024-07-09T16:52:26.161+0000] {logging_mixin.py:188} INFO - [2024-07-09T16:52:26.160+0000] {dag.py:3834} INFO - Setting next_dagrun for example_skip_dag to 2024-07-08 00:00:00+00:00, run_after=2024-07-09 00:00:00+00:00
[2024-07-09T16:52:26.177+0000] {processor.py:183} INFO - Processing /home/airflow/.local/lib/python3.11/site-packages/airflow/example_dags/example_skip_dag.py took 0.069 seconds
[2024-07-09T16:52:56.224+0000] {processor.py:161} INFO - Started process (PID=1206) to work on /home/airflow/.local/lib/python3.11/site-packages/airflow/example_dags/example_skip_dag.py
[2024-07-09T16:52:56.225+0000] {processor.py:830} INFO - Processing file /home/airflow/.local/lib/python3.11/site-packages/airflow/example_dags/example_skip_dag.py for tasks to queue
[2024-07-09T16:52:56.225+0000] {logging_mixin.py:188} INFO - [2024-07-09T16:52:56.225+0000] {dagbag.py:540} INFO - Filling up the DagBag from /home/airflow/.local/lib/python3.11/site-packages/airflow/example_dags/example_skip_dag.py
[2024-07-09T16:52:56.231+0000] {processor.py:840} INFO - DAG(s) 'example_skip_dag' retrieved from /home/airflow/.local/lib/python3.11/site-packages/airflow/example_dags/example_skip_dag.py
[2024-07-09T16:52:56.249+0000] {logging_mixin.py:188} INFO - [2024-07-09T16:52:56.249+0000] {dag.py:3047} INFO - Sync 1 DAGs
[2024-07-09T16:52:56.265+0000] {logging_mixin.py:188} INFO - [2024-07-09T16:52:56.264+0000] {dag.py:3834} INFO - Setting next_dagrun for example_skip_dag to 2024-07-08 00:00:00+00:00, run_after=2024-07-09 00:00:00+00:00
[2024-07-09T16:52:56.284+0000] {processor.py:183} INFO - Processing /home/airflow/.local/lib/python3.11/site-packages/airflow/example_dags/example_skip_dag.py took 0.063 seconds
[2024-07-09T16:53:26.480+0000] {processor.py:161} INFO - Started process (PID=1468) to work on /home/airflow/.local/lib/python3.11/site-packages/airflow/example_dags/example_skip_dag.py
[2024-07-09T16:53:26.481+0000] {processor.py:830} INFO - Processing file /home/airflow/.local/lib/python3.11/site-packages/airflow/example_dags/example_skip_dag.py for tasks to queue
[2024-07-09T16:53:26.483+0000] {logging_mixin.py:188} INFO - [2024-07-09T16:53:26.482+0000] {dagbag.py:540} INFO - Filling up the DagBag from /home/airflow/.local/lib/python3.11/site-packages/airflow/example_dags/example_skip_dag.py
[2024-07-09T16:53:26.491+0000] {processor.py:840} INFO - DAG(s) 'example_skip_dag' retrieved from /home/airflow/.local/lib/python3.11/site-packages/airflow/example_dags/example_skip_dag.py
[2024-07-09T16:53:26.518+0000] {logging_mixin.py:188} INFO - [2024-07-09T16:53:26.518+0000] {dag.py:3047} INFO - Sync 1 DAGs
[2024-07-09T16:53:26.539+0000] {logging_mixin.py:188} INFO - [2024-07-09T16:53:26.538+0000] {dag.py:3834} INFO - Setting next_dagrun for example_skip_dag to 2024-07-08 00:00:00+00:00, run_after=2024-07-09 00:00:00+00:00
[2024-07-09T16:53:26.559+0000] {processor.py:183} INFO - Processing /home/airflow/.local/lib/python3.11/site-packages/airflow/example_dags/example_skip_dag.py took 0.082 seconds
[2024-07-09T16:53:57.036+0000] {processor.py:161} INFO - Started process (PID=1730) to work on /home/airflow/.local/lib/python3.11/site-packages/airflow/example_dags/example_skip_dag.py
[2024-07-09T16:53:57.037+0000] {processor.py:830} INFO - Processing file /home/airflow/.local/lib/python3.11/site-packages/airflow/example_dags/example_skip_dag.py for tasks to queue
[2024-07-09T16:53:57.039+0000] {logging_mixin.py:188} INFO - [2024-07-09T16:53:57.038+0000] {dagbag.py:540} INFO - Filling up the DagBag from /home/airflow/.local/lib/python3.11/site-packages/airflow/example_dags/example_skip_dag.py
[2024-07-09T16:53:57.045+0000] {processor.py:840} INFO - DAG(s) 'example_skip_dag' retrieved from /home/airflow/.local/lib/python3.11/site-packages/airflow/example_dags/example_skip_dag.py
[2024-07-09T16:53:57.065+0000] {logging_mixin.py:188} INFO - [2024-07-09T16:53:57.065+0000] {dag.py:3047} INFO - Sync 1 DAGs
[2024-07-09T16:53:57.083+0000] {logging_mixin.py:188} INFO - [2024-07-09T16:53:57.083+0000] {dag.py:3834} INFO - Setting next_dagrun for example_skip_dag to 2024-07-08 00:00:00+00:00, run_after=2024-07-09 00:00:00+00:00
[2024-07-09T16:53:57.115+0000] {processor.py:183} INFO - Processing /home/airflow/.local/lib/python3.11/site-packages/airflow/example_dags/example_skip_dag.py took 0.084 seconds
[2024-07-09T16:54:27.180+0000] {processor.py:161} INFO - Started process (PID=1992) to work on /home/airflow/.local/lib/python3.11/site-packages/airflow/example_dags/example_skip_dag.py
[2024-07-09T16:54:27.182+0000] {processor.py:830} INFO - Processing file /home/airflow/.local/lib/python3.11/site-packages/airflow/example_dags/example_skip_dag.py for tasks to queue
[2024-07-09T16:54:27.183+0000] {logging_mixin.py:188} INFO - [2024-07-09T16:54:27.182+0000] {dagbag.py:540} INFO - Filling up the DagBag from /home/airflow/.local/lib/python3.11/site-packages/airflow/example_dags/example_skip_dag.py
[2024-07-09T16:54:27.190+0000] {processor.py:840} INFO - DAG(s) 'example_skip_dag' retrieved from /home/airflow/.local/lib/python3.11/site-packages/airflow/example_dags/example_skip_dag.py
[2024-07-09T16:54:27.214+0000] {logging_mixin.py:188} INFO - [2024-07-09T16:54:27.213+0000] {dag.py:3047} INFO - Sync 1 DAGs
[2024-07-09T16:54:27.232+0000] {logging_mixin.py:188} INFO - [2024-07-09T16:54:27.232+0000] {dag.py:3834} INFO - Setting next_dagrun for example_skip_dag to 2024-07-08 00:00:00+00:00, run_after=2024-07-09 00:00:00+00:00
[2024-07-09T16:54:27.271+0000] {processor.py:183} INFO - Processing /home/airflow/.local/lib/python3.11/site-packages/airflow/example_dags/example_skip_dag.py took 0.094 seconds
[2024-07-09T16:54:57.503+0000] {processor.py:161} INFO - Started process (PID=2254) to work on /home/airflow/.local/lib/python3.11/site-packages/airflow/example_dags/example_skip_dag.py
[2024-07-09T16:54:57.505+0000] {processor.py:830} INFO - Processing file /home/airflow/.local/lib/python3.11/site-packages/airflow/example_dags/example_skip_dag.py for tasks to queue
[2024-07-09T16:54:57.506+0000] {logging_mixin.py:188} INFO - [2024-07-09T16:54:57.506+0000] {dagbag.py:540} INFO - Filling up the DagBag from /home/airflow/.local/lib/python3.11/site-packages/airflow/example_dags/example_skip_dag.py
[2024-07-09T16:54:57.512+0000] {processor.py:840} INFO - DAG(s) 'example_skip_dag' retrieved from /home/airflow/.local/lib/python3.11/site-packages/airflow/example_dags/example_skip_dag.py
[2024-07-09T16:54:57.531+0000] {logging_mixin.py:188} INFO - [2024-07-09T16:54:57.531+0000] {dag.py:3047} INFO - Sync 1 DAGs
[2024-07-09T16:54:57.549+0000] {logging_mixin.py:188} INFO - [2024-07-09T16:54:57.549+0000] {dag.py:3834} INFO - Setting next_dagrun for example_skip_dag to 2024-07-08 00:00:00+00:00, run_after=2024-07-09 00:00:00+00:00
[2024-07-09T16:54:57.586+0000] {processor.py:183} INFO - Processing /home/airflow/.local/lib/python3.11/site-packages/airflow/example_dags/example_skip_dag.py took 0.085 seconds
[2024-07-09T16:55:27.792+0000] {processor.py:161} INFO - Started process (PID=2516) to work on /home/airflow/.local/lib/python3.11/site-packages/airflow/example_dags/example_skip_dag.py
[2024-07-09T16:55:27.793+0000] {processor.py:830} INFO - Processing file /home/airflow/.local/lib/python3.11/site-packages/airflow/example_dags/example_skip_dag.py for tasks to queue
[2024-07-09T16:55:27.794+0000] {logging_mixin.py:188} INFO - [2024-07-09T16:55:27.794+0000] {dagbag.py:540} INFO - Filling up the DagBag from /home/airflow/.local/lib/python3.11/site-packages/airflow/example_dags/example_skip_dag.py
[2024-07-09T16:55:27.801+0000] {processor.py:840} INFO - DAG(s) 'example_skip_dag' retrieved from /home/airflow/.local/lib/python3.11/site-packages/airflow/example_dags/example_skip_dag.py
[2024-07-09T16:55:27.823+0000] {logging_mixin.py:188} INFO - [2024-07-09T16:55:27.823+0000] {dag.py:3047} INFO - Sync 1 DAGs
[2024-07-09T16:55:27.846+0000] {logging_mixin.py:188} INFO - [2024-07-09T16:55:27.845+0000] {dag.py:3834} INFO - Setting next_dagrun for example_skip_dag to 2024-07-08 00:00:00+00:00, run_after=2024-07-09 00:00:00+00:00
[2024-07-09T16:55:27.882+0000] {processor.py:183} INFO - Processing /home/airflow/.local/lib/python3.11/site-packages/airflow/example_dags/example_skip_dag.py took 0.093 seconds
[2024-07-09T16:55:57.929+0000] {processor.py:161} INFO - Started process (PID=2778) to work on /home/airflow/.local/lib/python3.11/site-packages/airflow/example_dags/example_skip_dag.py
[2024-07-09T16:55:57.930+0000] {processor.py:830} INFO - Processing file /home/airflow/.local/lib/python3.11/site-packages/airflow/example_dags/example_skip_dag.py for tasks to queue
[2024-07-09T16:55:57.931+0000] {logging_mixin.py:188} INFO - [2024-07-09T16:55:57.930+0000] {dagbag.py:540} INFO - Filling up the DagBag from /home/airflow/.local/lib/python3.11/site-packages/airflow/example_dags/example_skip_dag.py
[2024-07-09T16:55:57.937+0000] {processor.py:840} INFO - DAG(s) 'example_skip_dag' retrieved from /home/airflow/.local/lib/python3.11/site-packages/airflow/example_dags/example_skip_dag.py
[2024-07-09T16:55:57.957+0000] {logging_mixin.py:188} INFO - [2024-07-09T16:55:57.957+0000] {dag.py:3047} INFO - Sync 1 DAGs
[2024-07-09T16:55:57.976+0000] {logging_mixin.py:188} INFO - [2024-07-09T16:55:57.976+0000] {dag.py:3834} INFO - Setting next_dagrun for example_skip_dag to 2024-07-08 00:00:00+00:00, run_after=2024-07-09 00:00:00+00:00
[2024-07-09T16:55:57.994+0000] {processor.py:183} INFO - Processing /home/airflow/.local/lib/python3.11/site-packages/airflow/example_dags/example_skip_dag.py took 0.067 seconds
[2024-07-09T16:56:28.159+0000] {processor.py:161} INFO - Started process (PID=3040) to work on /home/airflow/.local/lib/python3.11/site-packages/airflow/example_dags/example_skip_dag.py
[2024-07-09T16:56:28.160+0000] {processor.py:830} INFO - Processing file /home/airflow/.local/lib/python3.11/site-packages/airflow/example_dags/example_skip_dag.py for tasks to queue
[2024-07-09T16:56:28.161+0000] {logging_mixin.py:188} INFO - [2024-07-09T16:56:28.161+0000] {dagbag.py:540} INFO - Filling up the DagBag from /home/airflow/.local/lib/python3.11/site-packages/airflow/example_dags/example_skip_dag.py
[2024-07-09T16:56:28.167+0000] {processor.py:840} INFO - DAG(s) 'example_skip_dag' retrieved from /home/airflow/.local/lib/python3.11/site-packages/airflow/example_dags/example_skip_dag.py
[2024-07-09T16:56:28.193+0000] {logging_mixin.py:188} INFO - [2024-07-09T16:56:28.193+0000] {dag.py:3047} INFO - Sync 1 DAGs
[2024-07-09T16:56:28.210+0000] {logging_mixin.py:188} INFO - [2024-07-09T16:56:28.210+0000] {dag.py:3834} INFO - Setting next_dagrun for example_skip_dag to 2024-07-08 00:00:00+00:00, run_after=2024-07-09 00:00:00+00:00
[2024-07-09T16:56:28.242+0000] {processor.py:183} INFO - Processing /home/airflow/.local/lib/python3.11/site-packages/airflow/example_dags/example_skip_dag.py took 0.087 seconds
[2024-07-09T16:56:58.539+0000] {processor.py:161} INFO - Started process (PID=3302) to work on /home/airflow/.local/lib/python3.11/site-packages/airflow/example_dags/example_skip_dag.py
[2024-07-09T16:56:58.540+0000] {processor.py:830} INFO - Processing file /home/airflow/.local/lib/python3.11/site-packages/airflow/example_dags/example_skip_dag.py for tasks to queue
[2024-07-09T16:56:58.541+0000] {logging_mixin.py:188} INFO - [2024-07-09T16:56:58.540+0000] {dagbag.py:540} INFO - Filling up the DagBag from /home/airflow/.local/lib/python3.11/site-packages/airflow/example_dags/example_skip_dag.py
[2024-07-09T16:56:58.546+0000] {processor.py:840} INFO - DAG(s) 'example_skip_dag' retrieved from /home/airflow/.local/lib/python3.11/site-packages/airflow/example_dags/example_skip_dag.py
[2024-07-09T16:56:58.564+0000] {logging_mixin.py:188} INFO - [2024-07-09T16:56:58.564+0000] {dag.py:3047} INFO - Sync 1 DAGs
[2024-07-09T16:56:58.581+0000] {logging_mixin.py:188} INFO - [2024-07-09T16:56:58.581+0000] {dag.py:3834} INFO - Setting next_dagrun for example_skip_dag to 2024-07-08 00:00:00+00:00, run_after=2024-07-09 00:00:00+00:00
[2024-07-09T16:56:58.613+0000] {processor.py:183} INFO - Processing /home/airflow/.local/lib/python3.11/site-packages/airflow/example_dags/example_skip_dag.py took 0.077 seconds
[2024-07-09T16:57:28.993+0000] {processor.py:161} INFO - Started process (PID=3564) to work on /home/airflow/.local/lib/python3.11/site-packages/airflow/example_dags/example_skip_dag.py
[2024-07-09T16:57:28.994+0000] {processor.py:830} INFO - Processing file /home/airflow/.local/lib/python3.11/site-packages/airflow/example_dags/example_skip_dag.py for tasks to queue
[2024-07-09T16:57:28.995+0000] {logging_mixin.py:188} INFO - [2024-07-09T16:57:28.995+0000] {dagbag.py:540} INFO - Filling up the DagBag from /home/airflow/.local/lib/python3.11/site-packages/airflow/example_dags/example_skip_dag.py
[2024-07-09T16:57:29.002+0000] {processor.py:840} INFO - DAG(s) 'example_skip_dag' retrieved from /home/airflow/.local/lib/python3.11/site-packages/airflow/example_dags/example_skip_dag.py
[2024-07-09T16:57:29.024+0000] {logging_mixin.py:188} INFO - [2024-07-09T16:57:29.024+0000] {dag.py:3047} INFO - Sync 1 DAGs
[2024-07-09T16:57:29.043+0000] {logging_mixin.py:188} INFO - [2024-07-09T16:57:29.042+0000] {dag.py:3834} INFO - Setting next_dagrun for example_skip_dag to 2024-07-08 00:00:00+00:00, run_after=2024-07-09 00:00:00+00:00
[2024-07-09T16:57:29.066+0000] {processor.py:183} INFO - Processing /home/airflow/.local/lib/python3.11/site-packages/airflow/example_dags/example_skip_dag.py took 0.076 seconds
[2024-07-09T16:57:59.114+0000] {processor.py:161} INFO - Started process (PID=3826) to work on /home/airflow/.local/lib/python3.11/site-packages/airflow/example_dags/example_skip_dag.py
[2024-07-09T16:57:59.115+0000] {processor.py:830} INFO - Processing file /home/airflow/.local/lib/python3.11/site-packages/airflow/example_dags/example_skip_dag.py for tasks to queue
[2024-07-09T16:57:59.117+0000] {logging_mixin.py:188} INFO - [2024-07-09T16:57:59.116+0000] {dagbag.py:540} INFO - Filling up the DagBag from /home/airflow/.local/lib/python3.11/site-packages/airflow/example_dags/example_skip_dag.py
[2024-07-09T16:57:59.132+0000] {processor.py:840} INFO - DAG(s) 'example_skip_dag' retrieved from /home/airflow/.local/lib/python3.11/site-packages/airflow/example_dags/example_skip_dag.py
[2024-07-09T16:57:59.157+0000] {logging_mixin.py:188} INFO - [2024-07-09T16:57:59.157+0000] {dag.py:3047} INFO - Sync 1 DAGs
[2024-07-09T16:57:59.174+0000] {logging_mixin.py:188} INFO - [2024-07-09T16:57:59.173+0000] {dag.py:3834} INFO - Setting next_dagrun for example_skip_dag to 2024-07-08 00:00:00+00:00, run_after=2024-07-09 00:00:00+00:00
[2024-07-09T16:57:59.207+0000] {processor.py:183} INFO - Processing /home/airflow/.local/lib/python3.11/site-packages/airflow/example_dags/example_skip_dag.py took 0.097 seconds
[2024-07-09T16:58:29.642+0000] {processor.py:161} INFO - Started process (PID=4088) to work on /home/airflow/.local/lib/python3.11/site-packages/airflow/example_dags/example_skip_dag.py
[2024-07-09T16:58:29.643+0000] {processor.py:830} INFO - Processing file /home/airflow/.local/lib/python3.11/site-packages/airflow/example_dags/example_skip_dag.py for tasks to queue
[2024-07-09T16:58:29.644+0000] {logging_mixin.py:188} INFO - [2024-07-09T16:58:29.644+0000] {dagbag.py:540} INFO - Filling up the DagBag from /home/airflow/.local/lib/python3.11/site-packages/airflow/example_dags/example_skip_dag.py
[2024-07-09T16:58:29.651+0000] {processor.py:840} INFO - DAG(s) 'example_skip_dag' retrieved from /home/airflow/.local/lib/python3.11/site-packages/airflow/example_dags/example_skip_dag.py
[2024-07-09T16:58:29.675+0000] {logging_mixin.py:188} INFO - [2024-07-09T16:58:29.675+0000] {dag.py:3047} INFO - Sync 1 DAGs
[2024-07-09T16:58:29.692+0000] {logging_mixin.py:188} INFO - [2024-07-09T16:58:29.692+0000] {dag.py:3834} INFO - Setting next_dagrun for example_skip_dag to 2024-07-08 00:00:00+00:00, run_after=2024-07-09 00:00:00+00:00
[2024-07-09T16:58:29.729+0000] {processor.py:183} INFO - Processing /home/airflow/.local/lib/python3.11/site-packages/airflow/example_dags/example_skip_dag.py took 0.089 seconds
[2024-07-09T16:59:00.223+0000] {processor.py:161} INFO - Started process (PID=4350) to work on /home/airflow/.local/lib/python3.11/site-packages/airflow/example_dags/example_skip_dag.py
[2024-07-09T16:59:00.224+0000] {processor.py:830} INFO - Processing file /home/airflow/.local/lib/python3.11/site-packages/airflow/example_dags/example_skip_dag.py for tasks to queue
[2024-07-09T16:59:00.225+0000] {logging_mixin.py:188} INFO - [2024-07-09T16:59:00.225+0000] {dagbag.py:540} INFO - Filling up the DagBag from /home/airflow/.local/lib/python3.11/site-packages/airflow/example_dags/example_skip_dag.py
[2024-07-09T16:59:00.231+0000] {processor.py:840} INFO - DAG(s) 'example_skip_dag' retrieved from /home/airflow/.local/lib/python3.11/site-packages/airflow/example_dags/example_skip_dag.py
[2024-07-09T16:59:00.258+0000] {logging_mixin.py:188} INFO - [2024-07-09T16:59:00.258+0000] {dag.py:3047} INFO - Sync 1 DAGs
[2024-07-09T16:59:00.283+0000] {logging_mixin.py:188} INFO - [2024-07-09T16:59:00.283+0000] {dag.py:3834} INFO - Setting next_dagrun for example_skip_dag to 2024-07-08 00:00:00+00:00, run_after=2024-07-09 00:00:00+00:00
[2024-07-09T16:59:00.302+0000] {processor.py:183} INFO - Processing /home/airflow/.local/lib/python3.11/site-packages/airflow/example_dags/example_skip_dag.py took 0.084 seconds
[2024-07-09T16:59:30.470+0000] {processor.py:161} INFO - Started process (PID=4612) to work on /home/airflow/.local/lib/python3.11/site-packages/airflow/example_dags/example_skip_dag.py
[2024-07-09T16:59:30.471+0000] {processor.py:830} INFO - Processing file /home/airflow/.local/lib/python3.11/site-packages/airflow/example_dags/example_skip_dag.py for tasks to queue
[2024-07-09T16:59:30.472+0000] {logging_mixin.py:188} INFO - [2024-07-09T16:59:30.472+0000] {dagbag.py:540} INFO - Filling up the DagBag from /home/airflow/.local/lib/python3.11/site-packages/airflow/example_dags/example_skip_dag.py
[2024-07-09T16:59:30.479+0000] {processor.py:840} INFO - DAG(s) 'example_skip_dag' retrieved from /home/airflow/.local/lib/python3.11/site-packages/airflow/example_dags/example_skip_dag.py
[2024-07-09T16:59:30.501+0000] {logging_mixin.py:188} INFO - [2024-07-09T16:59:30.501+0000] {dag.py:3047} INFO - Sync 1 DAGs
[2024-07-09T16:59:30.518+0000] {logging_mixin.py:188} INFO - [2024-07-09T16:59:30.518+0000] {dag.py:3834} INFO - Setting next_dagrun for example_skip_dag to 2024-07-08 00:00:00+00:00, run_after=2024-07-09 00:00:00+00:00
[2024-07-09T16:59:30.537+0000] {processor.py:183} INFO - Processing /home/airflow/.local/lib/python3.11/site-packages/airflow/example_dags/example_skip_dag.py took 0.070 seconds
[2024-07-09T17:00:01.158+0000] {processor.py:161} INFO - Started process (PID=4874) to work on /home/airflow/.local/lib/python3.11/site-packages/airflow/example_dags/example_skip_dag.py
[2024-07-09T17:00:01.159+0000] {processor.py:830} INFO - Processing file /home/airflow/.local/lib/python3.11/site-packages/airflow/example_dags/example_skip_dag.py for tasks to queue
[2024-07-09T17:00:01.160+0000] {logging_mixin.py:188} INFO - [2024-07-09T17:00:01.160+0000] {dagbag.py:540} INFO - Filling up the DagBag from /home/airflow/.local/lib/python3.11/site-packages/airflow/example_dags/example_skip_dag.py
[2024-07-09T17:00:01.166+0000] {processor.py:840} INFO - DAG(s) 'example_skip_dag' retrieved from /home/airflow/.local/lib/python3.11/site-packages/airflow/example_dags/example_skip_dag.py
[2024-07-09T17:00:01.186+0000] {logging_mixin.py:188} INFO - [2024-07-09T17:00:01.185+0000] {dag.py:3047} INFO - Sync 1 DAGs
[2024-07-09T17:00:01.202+0000] {logging_mixin.py:188} INFO - [2024-07-09T17:00:01.202+0000] {dag.py:3834} INFO - Setting next_dagrun for example_skip_dag to 2024-07-08 00:00:00+00:00, run_after=2024-07-09 00:00:00+00:00
[2024-07-09T17:00:01.233+0000] {processor.py:183} INFO - Processing /home/airflow/.local/lib/python3.11/site-packages/airflow/example_dags/example_skip_dag.py took 0.078 seconds
[2024-07-09T17:00:32.129+0000] {processor.py:161} INFO - Started process (PID=5136) to work on /home/airflow/.local/lib/python3.11/site-packages/airflow/example_dags/example_skip_dag.py
[2024-07-09T17:00:32.131+0000] {processor.py:830} INFO - Processing file /home/airflow/.local/lib/python3.11/site-packages/airflow/example_dags/example_skip_dag.py for tasks to queue
[2024-07-09T17:00:32.132+0000] {logging_mixin.py:188} INFO - [2024-07-09T17:00:32.131+0000] {dagbag.py:540} INFO - Filling up the DagBag from /home/airflow/.local/lib/python3.11/site-packages/airflow/example_dags/example_skip_dag.py
[2024-07-09T17:00:32.138+0000] {processor.py:840} INFO - DAG(s) 'example_skip_dag' retrieved from /home/airflow/.local/lib/python3.11/site-packages/airflow/example_dags/example_skip_dag.py
[2024-07-09T17:00:32.158+0000] {logging_mixin.py:188} INFO - [2024-07-09T17:00:32.158+0000] {dag.py:3047} INFO - Sync 1 DAGs
[2024-07-09T17:00:32.181+0000] {logging_mixin.py:188} INFO - [2024-07-09T17:00:32.181+0000] {dag.py:3834} INFO - Setting next_dagrun for example_skip_dag to 2024-07-08 00:00:00+00:00, run_after=2024-07-09 00:00:00+00:00
[2024-07-09T17:00:32.202+0000] {processor.py:183} INFO - Processing /home/airflow/.local/lib/python3.11/site-packages/airflow/example_dags/example_skip_dag.py took 0.074 seconds
[2024-07-09T17:01:02.697+0000] {processor.py:161} INFO - Started process (PID=5398) to work on /home/airflow/.local/lib/python3.11/site-packages/airflow/example_dags/example_skip_dag.py
[2024-07-09T17:01:02.698+0000] {processor.py:830} INFO - Processing file /home/airflow/.local/lib/python3.11/site-packages/airflow/example_dags/example_skip_dag.py for tasks to queue
[2024-07-09T17:01:02.699+0000] {logging_mixin.py:188} INFO - [2024-07-09T17:01:02.699+0000] {dagbag.py:540} INFO - Filling up the DagBag from /home/airflow/.local/lib/python3.11/site-packages/airflow/example_dags/example_skip_dag.py
[2024-07-09T17:01:02.708+0000] {processor.py:840} INFO - DAG(s) 'example_skip_dag' retrieved from /home/airflow/.local/lib/python3.11/site-packages/airflow/example_dags/example_skip_dag.py
[2024-07-09T17:01:02.732+0000] {logging_mixin.py:188} INFO - [2024-07-09T17:01:02.732+0000] {dag.py:3047} INFO - Sync 1 DAGs
[2024-07-09T17:01:02.748+0000] {logging_mixin.py:188} INFO - [2024-07-09T17:01:02.748+0000] {dag.py:3834} INFO - Setting next_dagrun for example_skip_dag to 2024-07-08 00:00:00+00:00, run_after=2024-07-09 00:00:00+00:00
[2024-07-09T17:01:02.783+0000] {processor.py:183} INFO - Processing /home/airflow/.local/lib/python3.11/site-packages/airflow/example_dags/example_skip_dag.py took 0.088 seconds
[2024-07-09T17:01:32.886+0000] {processor.py:161} INFO - Started process (PID=5660) to work on /home/airflow/.local/lib/python3.11/site-packages/airflow/example_dags/example_skip_dag.py
[2024-07-09T17:01:32.888+0000] {processor.py:830} INFO - Processing file /home/airflow/.local/lib/python3.11/site-packages/airflow/example_dags/example_skip_dag.py for tasks to queue
[2024-07-09T17:01:32.889+0000] {logging_mixin.py:188} INFO - [2024-07-09T17:01:32.888+0000] {dagbag.py:540} INFO - Filling up the DagBag from /home/airflow/.local/lib/python3.11/site-packages/airflow/example_dags/example_skip_dag.py
[2024-07-09T17:01:32.899+0000] {processor.py:840} INFO - DAG(s) 'example_skip_dag' retrieved from /home/airflow/.local/lib/python3.11/site-packages/airflow/example_dags/example_skip_dag.py
[2024-07-09T17:01:32.928+0000] {logging_mixin.py:188} INFO - [2024-07-09T17:01:32.928+0000] {dag.py:3047} INFO - Sync 1 DAGs
[2024-07-09T17:01:32.951+0000] {logging_mixin.py:188} INFO - [2024-07-09T17:01:32.951+0000] {dag.py:3834} INFO - Setting next_dagrun for example_skip_dag to 2024-07-08 00:00:00+00:00, run_after=2024-07-09 00:00:00+00:00
[2024-07-09T17:01:32.970+0000] {processor.py:183} INFO - Processing /home/airflow/.local/lib/python3.11/site-packages/airflow/example_dags/example_skip_dag.py took 0.088 seconds
[2024-07-09T17:02:03.083+0000] {processor.py:161} INFO - Started process (PID=5922) to work on /home/airflow/.local/lib/python3.11/site-packages/airflow/example_dags/example_skip_dag.py
[2024-07-09T17:02:03.085+0000] {processor.py:830} INFO - Processing file /home/airflow/.local/lib/python3.11/site-packages/airflow/example_dags/example_skip_dag.py for tasks to queue
[2024-07-09T17:02:03.086+0000] {logging_mixin.py:188} INFO - [2024-07-09T17:02:03.086+0000] {dagbag.py:540} INFO - Filling up the DagBag from /home/airflow/.local/lib/python3.11/site-packages/airflow/example_dags/example_skip_dag.py
[2024-07-09T17:02:03.094+0000] {processor.py:840} INFO - DAG(s) 'example_skip_dag' retrieved from /home/airflow/.local/lib/python3.11/site-packages/airflow/example_dags/example_skip_dag.py
[2024-07-09T17:02:03.114+0000] {logging_mixin.py:188} INFO - [2024-07-09T17:02:03.114+0000] {dag.py:3047} INFO - Sync 1 DAGs
[2024-07-09T17:02:03.132+0000] {logging_mixin.py:188} INFO - [2024-07-09T17:02:03.131+0000] {dag.py:3834} INFO - Setting next_dagrun for example_skip_dag to 2024-07-08 00:00:00+00:00, run_after=2024-07-09 00:00:00+00:00
[2024-07-09T17:02:03.144+0000] {processor.py:183} INFO - Processing /home/airflow/.local/lib/python3.11/site-packages/airflow/example_dags/example_skip_dag.py took 0.065 seconds
[2024-07-09T17:02:33.908+0000] {processor.py:161} INFO - Started process (PID=6184) to work on /home/airflow/.local/lib/python3.11/site-packages/airflow/example_dags/example_skip_dag.py
[2024-07-09T17:02:33.909+0000] {processor.py:830} INFO - Processing file /home/airflow/.local/lib/python3.11/site-packages/airflow/example_dags/example_skip_dag.py for tasks to queue
[2024-07-09T17:02:33.910+0000] {logging_mixin.py:188} INFO - [2024-07-09T17:02:33.910+0000] {dagbag.py:540} INFO - Filling up the DagBag from /home/airflow/.local/lib/python3.11/site-packages/airflow/example_dags/example_skip_dag.py
[2024-07-09T17:02:33.916+0000] {processor.py:840} INFO - DAG(s) 'example_skip_dag' retrieved from /home/airflow/.local/lib/python3.11/site-packages/airflow/example_dags/example_skip_dag.py
[2024-07-09T17:02:33.938+0000] {logging_mixin.py:188} INFO - [2024-07-09T17:02:33.938+0000] {dag.py:3047} INFO - Sync 1 DAGs
[2024-07-09T17:02:33.956+0000] {logging_mixin.py:188} INFO - [2024-07-09T17:02:33.956+0000] {dag.py:3834} INFO - Setting next_dagrun for example_skip_dag to 2024-07-08 00:00:00+00:00, run_after=2024-07-09 00:00:00+00:00
[2024-07-09T17:02:33.971+0000] {processor.py:183} INFO - Processing /home/airflow/.local/lib/python3.11/site-packages/airflow/example_dags/example_skip_dag.py took 0.065 seconds
[2024-07-09T17:03:04.214+0000] {processor.py:161} INFO - Started process (PID=6446) to work on /home/airflow/.local/lib/python3.11/site-packages/airflow/example_dags/example_skip_dag.py
[2024-07-09T17:03:04.215+0000] {processor.py:830} INFO - Processing file /home/airflow/.local/lib/python3.11/site-packages/airflow/example_dags/example_skip_dag.py for tasks to queue
[2024-07-09T17:03:04.216+0000] {logging_mixin.py:188} INFO - [2024-07-09T17:03:04.215+0000] {dagbag.py:540} INFO - Filling up the DagBag from /home/airflow/.local/lib/python3.11/site-packages/airflow/example_dags/example_skip_dag.py
[2024-07-09T17:03:04.222+0000] {processor.py:840} INFO - DAG(s) 'example_skip_dag' retrieved from /home/airflow/.local/lib/python3.11/site-packages/airflow/example_dags/example_skip_dag.py
[2024-07-09T17:03:04.240+0000] {logging_mixin.py:188} INFO - [2024-07-09T17:03:04.240+0000] {dag.py:3047} INFO - Sync 1 DAGs
[2024-07-09T17:03:04.255+0000] {logging_mixin.py:188} INFO - [2024-07-09T17:03:04.255+0000] {dag.py:3834} INFO - Setting next_dagrun for example_skip_dag to 2024-07-08 00:00:00+00:00, run_after=2024-07-09 00:00:00+00:00
[2024-07-09T17:03:04.329+0000] {processor.py:183} INFO - Processing /home/airflow/.local/lib/python3.11/site-packages/airflow/example_dags/example_skip_dag.py took 0.118 seconds
[2024-07-09T17:03:35.081+0000] {processor.py:161} INFO - Started process (PID=6708) to work on /home/airflow/.local/lib/python3.11/site-packages/airflow/example_dags/example_skip_dag.py
[2024-07-09T17:03:35.082+0000] {processor.py:830} INFO - Processing file /home/airflow/.local/lib/python3.11/site-packages/airflow/example_dags/example_skip_dag.py for tasks to queue
[2024-07-09T17:03:35.083+0000] {logging_mixin.py:188} INFO - [2024-07-09T17:03:35.083+0000] {dagbag.py:540} INFO - Filling up the DagBag from /home/airflow/.local/lib/python3.11/site-packages/airflow/example_dags/example_skip_dag.py
[2024-07-09T17:03:35.089+0000] {processor.py:840} INFO - DAG(s) 'example_skip_dag' retrieved from /home/airflow/.local/lib/python3.11/site-packages/airflow/example_dags/example_skip_dag.py
[2024-07-09T17:03:35.114+0000] {logging_mixin.py:188} INFO - [2024-07-09T17:03:35.114+0000] {dag.py:3047} INFO - Sync 1 DAGs
[2024-07-09T17:03:35.141+0000] {logging_mixin.py:188} INFO - [2024-07-09T17:03:35.140+0000] {dag.py:3834} INFO - Setting next_dagrun for example_skip_dag to 2024-07-08 00:00:00+00:00, run_after=2024-07-09 00:00:00+00:00
[2024-07-09T17:03:35.175+0000] {processor.py:183} INFO - Processing /home/airflow/.local/lib/python3.11/site-packages/airflow/example_dags/example_skip_dag.py took 0.097 seconds
[2024-07-09T17:04:05.789+0000] {processor.py:161} INFO - Started process (PID=6970) to work on /home/airflow/.local/lib/python3.11/site-packages/airflow/example_dags/example_skip_dag.py
[2024-07-09T17:04:05.790+0000] {processor.py:830} INFO - Processing file /home/airflow/.local/lib/python3.11/site-packages/airflow/example_dags/example_skip_dag.py for tasks to queue
[2024-07-09T17:04:05.791+0000] {logging_mixin.py:188} INFO - [2024-07-09T17:04:05.791+0000] {dagbag.py:540} INFO - Filling up the DagBag from /home/airflow/.local/lib/python3.11/site-packages/airflow/example_dags/example_skip_dag.py
[2024-07-09T17:04:05.799+0000] {processor.py:840} INFO - DAG(s) 'example_skip_dag' retrieved from /home/airflow/.local/lib/python3.11/site-packages/airflow/example_dags/example_skip_dag.py
[2024-07-09T17:04:05.822+0000] {logging_mixin.py:188} INFO - [2024-07-09T17:04:05.822+0000] {dag.py:3047} INFO - Sync 1 DAGs
[2024-07-09T17:04:05.839+0000] {logging_mixin.py:188} INFO - [2024-07-09T17:04:05.838+0000] {dag.py:3834} INFO - Setting next_dagrun for example_skip_dag to 2024-07-08 00:00:00+00:00, run_after=2024-07-09 00:00:00+00:00
[2024-07-09T17:04:05.853+0000] {processor.py:183} INFO - Processing /home/airflow/.local/lib/python3.11/site-packages/airflow/example_dags/example_skip_dag.py took 0.067 seconds
[2024-07-09T17:04:36.142+0000] {processor.py:161} INFO - Started process (PID=7232) to work on /home/airflow/.local/lib/python3.11/site-packages/airflow/example_dags/example_skip_dag.py
[2024-07-09T17:04:36.144+0000] {processor.py:830} INFO - Processing file /home/airflow/.local/lib/python3.11/site-packages/airflow/example_dags/example_skip_dag.py for tasks to queue
[2024-07-09T17:04:36.145+0000] {logging_mixin.py:188} INFO - [2024-07-09T17:04:36.145+0000] {dagbag.py:540} INFO - Filling up the DagBag from /home/airflow/.local/lib/python3.11/site-packages/airflow/example_dags/example_skip_dag.py
[2024-07-09T17:04:36.154+0000] {processor.py:840} INFO - DAG(s) 'example_skip_dag' retrieved from /home/airflow/.local/lib/python3.11/site-packages/airflow/example_dags/example_skip_dag.py
[2024-07-09T17:04:36.179+0000] {logging_mixin.py:188} INFO - [2024-07-09T17:04:36.179+0000] {dag.py:3047} INFO - Sync 1 DAGs
[2024-07-09T17:04:36.198+0000] {logging_mixin.py:188} INFO - [2024-07-09T17:04:36.198+0000] {dag.py:3834} INFO - Setting next_dagrun for example_skip_dag to 2024-07-08 00:00:00+00:00, run_after=2024-07-09 00:00:00+00:00
[2024-07-09T17:04:36.215+0000] {processor.py:183} INFO - Processing /home/airflow/.local/lib/python3.11/site-packages/airflow/example_dags/example_skip_dag.py took 0.076 seconds
[2024-07-09T17:05:06.603+0000] {processor.py:161} INFO - Started process (PID=7528) to work on /home/airflow/.local/lib/python3.11/site-packages/airflow/example_dags/example_skip_dag.py
[2024-07-09T17:05:06.605+0000] {processor.py:830} INFO - Processing file /home/airflow/.local/lib/python3.11/site-packages/airflow/example_dags/example_skip_dag.py for tasks to queue
[2024-07-09T17:05:06.606+0000] {logging_mixin.py:188} INFO - [2024-07-09T17:05:06.605+0000] {dagbag.py:540} INFO - Filling up the DagBag from /home/airflow/.local/lib/python3.11/site-packages/airflow/example_dags/example_skip_dag.py
[2024-07-09T17:05:06.614+0000] {processor.py:840} INFO - DAG(s) 'example_skip_dag' retrieved from /home/airflow/.local/lib/python3.11/site-packages/airflow/example_dags/example_skip_dag.py
[2024-07-09T17:05:06.639+0000] {logging_mixin.py:188} INFO - [2024-07-09T17:05:06.639+0000] {dag.py:3047} INFO - Sync 1 DAGs
[2024-07-09T17:05:06.660+0000] {logging_mixin.py:188} INFO - [2024-07-09T17:05:06.660+0000] {dag.py:3834} INFO - Setting next_dagrun for example_skip_dag to 2024-07-08 00:00:00+00:00, run_after=2024-07-09 00:00:00+00:00
[2024-07-09T17:05:06.679+0000] {processor.py:183} INFO - Processing /home/airflow/.local/lib/python3.11/site-packages/airflow/example_dags/example_skip_dag.py took 0.080 seconds
[2024-07-09T17:05:37.307+0000] {processor.py:161} INFO - Started process (PID=7790) to work on /home/airflow/.local/lib/python3.11/site-packages/airflow/example_dags/example_skip_dag.py
[2024-07-09T17:05:37.308+0000] {processor.py:830} INFO - Processing file /home/airflow/.local/lib/python3.11/site-packages/airflow/example_dags/example_skip_dag.py for tasks to queue
[2024-07-09T17:05:37.309+0000] {logging_mixin.py:188} INFO - [2024-07-09T17:05:37.309+0000] {dagbag.py:540} INFO - Filling up the DagBag from /home/airflow/.local/lib/python3.11/site-packages/airflow/example_dags/example_skip_dag.py
[2024-07-09T17:05:37.320+0000] {processor.py:840} INFO - DAG(s) 'example_skip_dag' retrieved from /home/airflow/.local/lib/python3.11/site-packages/airflow/example_dags/example_skip_dag.py
[2024-07-09T17:05:37.353+0000] {logging_mixin.py:188} INFO - [2024-07-09T17:05:37.353+0000] {dag.py:3047} INFO - Sync 1 DAGs
[2024-07-09T17:05:37.386+0000] {logging_mixin.py:188} INFO - [2024-07-09T17:05:37.386+0000] {dag.py:3834} INFO - Setting next_dagrun for example_skip_dag to 2024-07-08 00:00:00+00:00, run_after=2024-07-09 00:00:00+00:00
[2024-07-09T17:05:37.401+0000] {processor.py:183} INFO - Processing /home/airflow/.local/lib/python3.11/site-packages/airflow/example_dags/example_skip_dag.py took 0.098 seconds
[2024-07-09T17:06:08.086+0000] {processor.py:161} INFO - Started process (PID=8052) to work on /home/airflow/.local/lib/python3.11/site-packages/airflow/example_dags/example_skip_dag.py
[2024-07-09T17:06:08.088+0000] {processor.py:830} INFO - Processing file /home/airflow/.local/lib/python3.11/site-packages/airflow/example_dags/example_skip_dag.py for tasks to queue
[2024-07-09T17:06:08.089+0000] {logging_mixin.py:188} INFO - [2024-07-09T17:06:08.089+0000] {dagbag.py:540} INFO - Filling up the DagBag from /home/airflow/.local/lib/python3.11/site-packages/airflow/example_dags/example_skip_dag.py
[2024-07-09T17:06:08.095+0000] {processor.py:840} INFO - DAG(s) 'example_skip_dag' retrieved from /home/airflow/.local/lib/python3.11/site-packages/airflow/example_dags/example_skip_dag.py
[2024-07-09T17:06:08.114+0000] {logging_mixin.py:188} INFO - [2024-07-09T17:06:08.114+0000] {dag.py:3047} INFO - Sync 1 DAGs
[2024-07-09T17:06:08.130+0000] {logging_mixin.py:188} INFO - [2024-07-09T17:06:08.130+0000] {dag.py:3834} INFO - Setting next_dagrun for example_skip_dag to 2024-07-08 00:00:00+00:00, run_after=2024-07-09 00:00:00+00:00
[2024-07-09T17:06:08.144+0000] {processor.py:183} INFO - Processing /home/airflow/.local/lib/python3.11/site-packages/airflow/example_dags/example_skip_dag.py took 0.060 seconds
[2024-07-09T17:06:38.401+0000] {processor.py:161} INFO - Started process (PID=8314) to work on /home/airflow/.local/lib/python3.11/site-packages/airflow/example_dags/example_skip_dag.py
[2024-07-09T17:06:38.403+0000] {processor.py:830} INFO - Processing file /home/airflow/.local/lib/python3.11/site-packages/airflow/example_dags/example_skip_dag.py for tasks to queue
[2024-07-09T17:06:38.404+0000] {logging_mixin.py:188} INFO - [2024-07-09T17:06:38.404+0000] {dagbag.py:540} INFO - Filling up the DagBag from /home/airflow/.local/lib/python3.11/site-packages/airflow/example_dags/example_skip_dag.py
[2024-07-09T17:06:38.414+0000] {processor.py:840} INFO - DAG(s) 'example_skip_dag' retrieved from /home/airflow/.local/lib/python3.11/site-packages/airflow/example_dags/example_skip_dag.py
[2024-07-09T17:06:38.435+0000] {logging_mixin.py:188} INFO - [2024-07-09T17:06:38.435+0000] {dag.py:3047} INFO - Sync 1 DAGs
[2024-07-09T17:06:38.452+0000] {logging_mixin.py:188} INFO - [2024-07-09T17:06:38.452+0000] {dag.py:3834} INFO - Setting next_dagrun for example_skip_dag to 2024-07-08 00:00:00+00:00, run_after=2024-07-09 00:00:00+00:00
[2024-07-09T17:06:38.469+0000] {processor.py:183} INFO - Processing /home/airflow/.local/lib/python3.11/site-packages/airflow/example_dags/example_skip_dag.py took 0.072 seconds
