[2024-07-09T16:51:03.628+0000] {processor.py:161} INFO - Started process (PID=376) to work on /home/airflow/.local/lib/python3.11/site-packages/airflow/example_dags/example_python_operator.py
[2024-07-09T16:51:03.629+0000] {processor.py:830} INFO - Processing file /home/airflow/.local/lib/python3.11/site-packages/airflow/example_dags/example_python_operator.py for tasks to queue
[2024-07-09T16:51:03.631+0000] {logging_mixin.py:188} INFO - [2024-07-09T16:51:03.630+0000] {dagbag.py:540} INFO - Filling up the DagBag from /home/airflow/.local/lib/python3.11/site-packages/airflow/example_dags/example_python_operator.py
[2024-07-09T16:51:03.642+0000] {logging_mixin.py:188} INFO - [2024-07-09T16:51:03.642+0000] {example_python_operator.py:88} WARNING - The virtalenv_python example task requires virtualenv, please install it.
[2024-07-09T16:51:03.644+0000] {processor.py:840} INFO - DAG(s) 'example_python_operator' retrieved from /home/airflow/.local/lib/python3.11/site-packages/airflow/example_dags/example_python_operator.py
[2024-07-09T16:51:03.760+0000] {logging_mixin.py:188} INFO - [2024-07-09T16:51:03.759+0000] {override.py:1769} INFO - Created Permission View: can delete on DAG:example_python_operator
[2024-07-09T16:51:03.771+0000] {logging_mixin.py:188} INFO - [2024-07-09T16:51:03.770+0000] {override.py:1769} INFO - Created Permission View: can edit on DAG:example_python_operator
[2024-07-09T16:51:03.778+0000] {logging_mixin.py:188} INFO - [2024-07-09T16:51:03.777+0000] {override.py:1769} INFO - Created Permission View: can read on DAG:example_python_operator
[2024-07-09T16:51:03.778+0000] {logging_mixin.py:188} INFO - [2024-07-09T16:51:03.778+0000] {dag.py:3047} INFO - Sync 1 DAGs
[2024-07-09T16:51:03.790+0000] {logging_mixin.py:188} INFO - [2024-07-09T16:51:03.789+0000] {dag.py:3069} INFO - Creating ORM DAG for example_python_operator
[2024-07-09T16:51:03.791+0000] {logging_mixin.py:188} INFO - [2024-07-09T16:51:03.791+0000] {dag.py:3834} INFO - Setting next_dagrun for example_python_operator to None, run_after=None
[2024-07-09T16:51:03.810+0000] {processor.py:183} INFO - Processing /home/airflow/.local/lib/python3.11/site-packages/airflow/example_dags/example_python_operator.py took 0.187 seconds
[2024-07-09T16:51:34.466+0000] {processor.py:161} INFO - Started process (PID=637) to work on /home/airflow/.local/lib/python3.11/site-packages/airflow/example_dags/example_python_operator.py
[2024-07-09T16:51:34.467+0000] {processor.py:830} INFO - Processing file /home/airflow/.local/lib/python3.11/site-packages/airflow/example_dags/example_python_operator.py for tasks to queue
[2024-07-09T16:51:34.468+0000] {logging_mixin.py:188} INFO - [2024-07-09T16:51:34.467+0000] {dagbag.py:540} INFO - Filling up the DagBag from /home/airflow/.local/lib/python3.11/site-packages/airflow/example_dags/example_python_operator.py
[2024-07-09T16:51:34.476+0000] {logging_mixin.py:188} INFO - [2024-07-09T16:51:34.475+0000] {example_python_operator.py:88} WARNING - The virtalenv_python example task requires virtualenv, please install it.
[2024-07-09T16:51:34.477+0000] {processor.py:840} INFO - DAG(s) 'example_python_operator' retrieved from /home/airflow/.local/lib/python3.11/site-packages/airflow/example_dags/example_python_operator.py
[2024-07-09T16:51:34.503+0000] {logging_mixin.py:188} INFO - [2024-07-09T16:51:34.503+0000] {dag.py:3047} INFO - Sync 1 DAGs
[2024-07-09T16:51:34.515+0000] {logging_mixin.py:188} INFO - [2024-07-09T16:51:34.515+0000] {dag.py:3834} INFO - Setting next_dagrun for example_python_operator to None, run_after=None
[2024-07-09T16:51:34.539+0000] {processor.py:183} INFO - Processing /home/airflow/.local/lib/python3.11/site-packages/airflow/example_dags/example_python_operator.py took 0.075 seconds
[2024-07-09T16:52:04.681+0000] {processor.py:161} INFO - Started process (PID=899) to work on /home/airflow/.local/lib/python3.11/site-packages/airflow/example_dags/example_python_operator.py
[2024-07-09T16:52:04.682+0000] {processor.py:830} INFO - Processing file /home/airflow/.local/lib/python3.11/site-packages/airflow/example_dags/example_python_operator.py for tasks to queue
[2024-07-09T16:52:04.683+0000] {logging_mixin.py:188} INFO - [2024-07-09T16:52:04.683+0000] {dagbag.py:540} INFO - Filling up the DagBag from /home/airflow/.local/lib/python3.11/site-packages/airflow/example_dags/example_python_operator.py
[2024-07-09T16:52:04.689+0000] {logging_mixin.py:188} INFO - [2024-07-09T16:52:04.689+0000] {example_python_operator.py:88} WARNING - The virtalenv_python example task requires virtualenv, please install it.
[2024-07-09T16:52:04.690+0000] {processor.py:840} INFO - DAG(s) 'example_python_operator' retrieved from /home/airflow/.local/lib/python3.11/site-packages/airflow/example_dags/example_python_operator.py
[2024-07-09T16:52:04.715+0000] {logging_mixin.py:188} INFO - [2024-07-09T16:52:04.714+0000] {dag.py:3047} INFO - Sync 1 DAGs
[2024-07-09T16:52:04.727+0000] {logging_mixin.py:188} INFO - [2024-07-09T16:52:04.726+0000] {dag.py:3834} INFO - Setting next_dagrun for example_python_operator to None, run_after=None
[2024-07-09T16:52:04.744+0000] {processor.py:183} INFO - Processing /home/airflow/.local/lib/python3.11/site-packages/airflow/example_dags/example_python_operator.py took 0.066 seconds
[2024-07-09T16:52:35.241+0000] {processor.py:161} INFO - Started process (PID=1163) to work on /home/airflow/.local/lib/python3.11/site-packages/airflow/example_dags/example_python_operator.py
[2024-07-09T16:52:35.242+0000] {processor.py:830} INFO - Processing file /home/airflow/.local/lib/python3.11/site-packages/airflow/example_dags/example_python_operator.py for tasks to queue
[2024-07-09T16:52:35.243+0000] {logging_mixin.py:188} INFO - [2024-07-09T16:52:35.243+0000] {dagbag.py:540} INFO - Filling up the DagBag from /home/airflow/.local/lib/python3.11/site-packages/airflow/example_dags/example_python_operator.py
[2024-07-09T16:52:35.250+0000] {logging_mixin.py:188} INFO - [2024-07-09T16:52:35.250+0000] {example_python_operator.py:88} WARNING - The virtalenv_python example task requires virtualenv, please install it.
[2024-07-09T16:52:35.251+0000] {processor.py:840} INFO - DAG(s) 'example_python_operator' retrieved from /home/airflow/.local/lib/python3.11/site-packages/airflow/example_dags/example_python_operator.py
[2024-07-09T16:52:35.276+0000] {logging_mixin.py:188} INFO - [2024-07-09T16:52:35.276+0000] {dag.py:3047} INFO - Sync 1 DAGs
[2024-07-09T16:52:35.288+0000] {logging_mixin.py:188} INFO - [2024-07-09T16:52:35.288+0000] {dag.py:3834} INFO - Setting next_dagrun for example_python_operator to None, run_after=None
[2024-07-09T16:52:35.306+0000] {processor.py:183} INFO - Processing /home/airflow/.local/lib/python3.11/site-packages/airflow/example_dags/example_python_operator.py took 0.068 seconds
[2024-07-09T16:53:05.682+0000] {processor.py:161} INFO - Started process (PID=1423) to work on /home/airflow/.local/lib/python3.11/site-packages/airflow/example_dags/example_python_operator.py
[2024-07-09T16:53:05.683+0000] {processor.py:830} INFO - Processing file /home/airflow/.local/lib/python3.11/site-packages/airflow/example_dags/example_python_operator.py for tasks to queue
[2024-07-09T16:53:05.684+0000] {logging_mixin.py:188} INFO - [2024-07-09T16:53:05.684+0000] {dagbag.py:540} INFO - Filling up the DagBag from /home/airflow/.local/lib/python3.11/site-packages/airflow/example_dags/example_python_operator.py
[2024-07-09T16:53:05.690+0000] {logging_mixin.py:188} INFO - [2024-07-09T16:53:05.690+0000] {example_python_operator.py:88} WARNING - The virtalenv_python example task requires virtualenv, please install it.
[2024-07-09T16:53:05.691+0000] {processor.py:840} INFO - DAG(s) 'example_python_operator' retrieved from /home/airflow/.local/lib/python3.11/site-packages/airflow/example_dags/example_python_operator.py
[2024-07-09T16:53:05.855+0000] {logging_mixin.py:188} INFO - [2024-07-09T16:53:05.854+0000] {dag.py:3047} INFO - Sync 1 DAGs
[2024-07-09T16:53:05.870+0000] {logging_mixin.py:188} INFO - [2024-07-09T16:53:05.870+0000] {dag.py:3834} INFO - Setting next_dagrun for example_python_operator to None, run_after=None
[2024-07-09T16:53:05.895+0000] {processor.py:183} INFO - Processing /home/airflow/.local/lib/python3.11/site-packages/airflow/example_dags/example_python_operator.py took 0.216 seconds
[2024-07-09T16:53:36.160+0000] {processor.py:161} INFO - Started process (PID=1685) to work on /home/airflow/.local/lib/python3.11/site-packages/airflow/example_dags/example_python_operator.py
[2024-07-09T16:53:36.161+0000] {processor.py:830} INFO - Processing file /home/airflow/.local/lib/python3.11/site-packages/airflow/example_dags/example_python_operator.py for tasks to queue
[2024-07-09T16:53:36.161+0000] {logging_mixin.py:188} INFO - [2024-07-09T16:53:36.161+0000] {dagbag.py:540} INFO - Filling up the DagBag from /home/airflow/.local/lib/python3.11/site-packages/airflow/example_dags/example_python_operator.py
[2024-07-09T16:53:36.168+0000] {logging_mixin.py:188} INFO - [2024-07-09T16:53:36.168+0000] {example_python_operator.py:88} WARNING - The virtalenv_python example task requires virtualenv, please install it.
[2024-07-09T16:53:36.170+0000] {processor.py:840} INFO - DAG(s) 'example_python_operator' retrieved from /home/airflow/.local/lib/python3.11/site-packages/airflow/example_dags/example_python_operator.py
[2024-07-09T16:53:36.193+0000] {logging_mixin.py:188} INFO - [2024-07-09T16:53:36.193+0000] {dag.py:3047} INFO - Sync 1 DAGs
[2024-07-09T16:53:36.207+0000] {logging_mixin.py:188} INFO - [2024-07-09T16:53:36.207+0000] {dag.py:3834} INFO - Setting next_dagrun for example_python_operator to None, run_after=None
[2024-07-09T16:53:36.228+0000] {processor.py:183} INFO - Processing /home/airflow/.local/lib/python3.11/site-packages/airflow/example_dags/example_python_operator.py took 0.071 seconds
[2024-07-09T16:54:07.227+0000] {processor.py:161} INFO - Started process (PID=1947) to work on /home/airflow/.local/lib/python3.11/site-packages/airflow/example_dags/example_python_operator.py
[2024-07-09T16:54:07.229+0000] {processor.py:830} INFO - Processing file /home/airflow/.local/lib/python3.11/site-packages/airflow/example_dags/example_python_operator.py for tasks to queue
[2024-07-09T16:54:07.230+0000] {logging_mixin.py:188} INFO - [2024-07-09T16:54:07.229+0000] {dagbag.py:540} INFO - Filling up the DagBag from /home/airflow/.local/lib/python3.11/site-packages/airflow/example_dags/example_python_operator.py
[2024-07-09T16:54:07.236+0000] {logging_mixin.py:188} INFO - [2024-07-09T16:54:07.236+0000] {example_python_operator.py:88} WARNING - The virtalenv_python example task requires virtualenv, please install it.
[2024-07-09T16:54:07.237+0000] {processor.py:840} INFO - DAG(s) 'example_python_operator' retrieved from /home/airflow/.local/lib/python3.11/site-packages/airflow/example_dags/example_python_operator.py
[2024-07-09T16:54:07.257+0000] {logging_mixin.py:188} INFO - [2024-07-09T16:54:07.257+0000] {dag.py:3047} INFO - Sync 1 DAGs
[2024-07-09T16:54:07.267+0000] {logging_mixin.py:188} INFO - [2024-07-09T16:54:07.267+0000] {dag.py:3834} INFO - Setting next_dagrun for example_python_operator to None, run_after=None
[2024-07-09T16:54:07.469+0000] {processor.py:183} INFO - Processing /home/airflow/.local/lib/python3.11/site-packages/airflow/example_dags/example_python_operator.py took 0.245 seconds
[2024-07-09T16:54:37.587+0000] {processor.py:161} INFO - Started process (PID=2209) to work on /home/airflow/.local/lib/python3.11/site-packages/airflow/example_dags/example_python_operator.py
[2024-07-09T16:54:37.588+0000] {processor.py:830} INFO - Processing file /home/airflow/.local/lib/python3.11/site-packages/airflow/example_dags/example_python_operator.py for tasks to queue
[2024-07-09T16:54:37.590+0000] {logging_mixin.py:188} INFO - [2024-07-09T16:54:37.589+0000] {dagbag.py:540} INFO - Filling up the DagBag from /home/airflow/.local/lib/python3.11/site-packages/airflow/example_dags/example_python_operator.py
[2024-07-09T16:54:37.597+0000] {logging_mixin.py:188} INFO - [2024-07-09T16:54:37.597+0000] {example_python_operator.py:88} WARNING - The virtalenv_python example task requires virtualenv, please install it.
[2024-07-09T16:54:37.598+0000] {processor.py:840} INFO - DAG(s) 'example_python_operator' retrieved from /home/airflow/.local/lib/python3.11/site-packages/airflow/example_dags/example_python_operator.py
[2024-07-09T16:54:37.623+0000] {logging_mixin.py:188} INFO - [2024-07-09T16:54:37.623+0000] {dag.py:3047} INFO - Sync 1 DAGs
[2024-07-09T16:54:37.638+0000] {logging_mixin.py:188} INFO - [2024-07-09T16:54:37.638+0000] {dag.py:3834} INFO - Setting next_dagrun for example_python_operator to None, run_after=None
[2024-07-09T16:54:37.662+0000] {processor.py:183} INFO - Processing /home/airflow/.local/lib/python3.11/site-packages/airflow/example_dags/example_python_operator.py took 0.079 seconds
[2024-07-09T16:55:08.036+0000] {processor.py:161} INFO - Started process (PID=2471) to work on /home/airflow/.local/lib/python3.11/site-packages/airflow/example_dags/example_python_operator.py
[2024-07-09T16:55:08.037+0000] {processor.py:830} INFO - Processing file /home/airflow/.local/lib/python3.11/site-packages/airflow/example_dags/example_python_operator.py for tasks to queue
[2024-07-09T16:55:08.038+0000] {logging_mixin.py:188} INFO - [2024-07-09T16:55:08.037+0000] {dagbag.py:540} INFO - Filling up the DagBag from /home/airflow/.local/lib/python3.11/site-packages/airflow/example_dags/example_python_operator.py
[2024-07-09T16:55:08.045+0000] {logging_mixin.py:188} INFO - [2024-07-09T16:55:08.044+0000] {example_python_operator.py:88} WARNING - The virtalenv_python example task requires virtualenv, please install it.
[2024-07-09T16:55:08.046+0000] {processor.py:840} INFO - DAG(s) 'example_python_operator' retrieved from /home/airflow/.local/lib/python3.11/site-packages/airflow/example_dags/example_python_operator.py
[2024-07-09T16:55:08.068+0000] {logging_mixin.py:188} INFO - [2024-07-09T16:55:08.068+0000] {dag.py:3047} INFO - Sync 1 DAGs
[2024-07-09T16:55:08.079+0000] {logging_mixin.py:188} INFO - [2024-07-09T16:55:08.079+0000] {dag.py:3834} INFO - Setting next_dagrun for example_python_operator to None, run_after=None
[2024-07-09T16:55:08.103+0000] {processor.py:183} INFO - Processing /home/airflow/.local/lib/python3.11/site-packages/airflow/example_dags/example_python_operator.py took 0.070 seconds
[2024-07-09T16:55:38.480+0000] {processor.py:161} INFO - Started process (PID=2733) to work on /home/airflow/.local/lib/python3.11/site-packages/airflow/example_dags/example_python_operator.py
[2024-07-09T16:55:38.481+0000] {processor.py:830} INFO - Processing file /home/airflow/.local/lib/python3.11/site-packages/airflow/example_dags/example_python_operator.py for tasks to queue
[2024-07-09T16:55:38.482+0000] {logging_mixin.py:188} INFO - [2024-07-09T16:55:38.481+0000] {dagbag.py:540} INFO - Filling up the DagBag from /home/airflow/.local/lib/python3.11/site-packages/airflow/example_dags/example_python_operator.py
[2024-07-09T16:55:38.490+0000] {logging_mixin.py:188} INFO - [2024-07-09T16:55:38.489+0000] {example_python_operator.py:88} WARNING - The virtalenv_python example task requires virtualenv, please install it.
[2024-07-09T16:55:38.490+0000] {processor.py:840} INFO - DAG(s) 'example_python_operator' retrieved from /home/airflow/.local/lib/python3.11/site-packages/airflow/example_dags/example_python_operator.py
[2024-07-09T16:55:38.512+0000] {logging_mixin.py:188} INFO - [2024-07-09T16:55:38.512+0000] {dag.py:3047} INFO - Sync 1 DAGs
[2024-07-09T16:55:38.523+0000] {logging_mixin.py:188} INFO - [2024-07-09T16:55:38.523+0000] {dag.py:3834} INFO - Setting next_dagrun for example_python_operator to None, run_after=None
[2024-07-09T16:55:38.540+0000] {processor.py:183} INFO - Processing /home/airflow/.local/lib/python3.11/site-packages/airflow/example_dags/example_python_operator.py took 0.063 seconds
[2024-07-09T16:56:08.719+0000] {processor.py:161} INFO - Started process (PID=2997) to work on /home/airflow/.local/lib/python3.11/site-packages/airflow/example_dags/example_python_operator.py
[2024-07-09T16:56:08.720+0000] {processor.py:830} INFO - Processing file /home/airflow/.local/lib/python3.11/site-packages/airflow/example_dags/example_python_operator.py for tasks to queue
[2024-07-09T16:56:08.721+0000] {logging_mixin.py:188} INFO - [2024-07-09T16:56:08.721+0000] {dagbag.py:540} INFO - Filling up the DagBag from /home/airflow/.local/lib/python3.11/site-packages/airflow/example_dags/example_python_operator.py
[2024-07-09T16:56:08.727+0000] {logging_mixin.py:188} INFO - [2024-07-09T16:56:08.727+0000] {example_python_operator.py:88} WARNING - The virtalenv_python example task requires virtualenv, please install it.
[2024-07-09T16:56:08.728+0000] {processor.py:840} INFO - DAG(s) 'example_python_operator' retrieved from /home/airflow/.local/lib/python3.11/site-packages/airflow/example_dags/example_python_operator.py
[2024-07-09T16:56:08.748+0000] {logging_mixin.py:188} INFO - [2024-07-09T16:56:08.748+0000] {dag.py:3047} INFO - Sync 1 DAGs
[2024-07-09T16:56:08.758+0000] {logging_mixin.py:188} INFO - [2024-07-09T16:56:08.758+0000] {dag.py:3834} INFO - Setting next_dagrun for example_python_operator to None, run_after=None
[2024-07-09T16:56:08.773+0000] {processor.py:183} INFO - Processing /home/airflow/.local/lib/python3.11/site-packages/airflow/example_dags/example_python_operator.py took 0.057 seconds
[2024-07-09T16:56:39.190+0000] {processor.py:161} INFO - Started process (PID=3257) to work on /home/airflow/.local/lib/python3.11/site-packages/airflow/example_dags/example_python_operator.py
[2024-07-09T16:56:39.191+0000] {processor.py:830} INFO - Processing file /home/airflow/.local/lib/python3.11/site-packages/airflow/example_dags/example_python_operator.py for tasks to queue
[2024-07-09T16:56:39.192+0000] {logging_mixin.py:188} INFO - [2024-07-09T16:56:39.192+0000] {dagbag.py:540} INFO - Filling up the DagBag from /home/airflow/.local/lib/python3.11/site-packages/airflow/example_dags/example_python_operator.py
[2024-07-09T16:56:39.199+0000] {logging_mixin.py:188} INFO - [2024-07-09T16:56:39.199+0000] {example_python_operator.py:88} WARNING - The virtalenv_python example task requires virtualenv, please install it.
[2024-07-09T16:56:39.200+0000] {processor.py:840} INFO - DAG(s) 'example_python_operator' retrieved from /home/airflow/.local/lib/python3.11/site-packages/airflow/example_dags/example_python_operator.py
[2024-07-09T16:56:39.224+0000] {logging_mixin.py:188} INFO - [2024-07-09T16:56:39.224+0000] {dag.py:3047} INFO - Sync 1 DAGs
[2024-07-09T16:56:39.234+0000] {logging_mixin.py:188} INFO - [2024-07-09T16:56:39.234+0000] {dag.py:3834} INFO - Setting next_dagrun for example_python_operator to None, run_after=None
[2024-07-09T16:56:39.251+0000] {processor.py:183} INFO - Processing /home/airflow/.local/lib/python3.11/site-packages/airflow/example_dags/example_python_operator.py took 0.064 seconds
[2024-07-09T16:57:10.100+0000] {processor.py:161} INFO - Started process (PID=3519) to work on /home/airflow/.local/lib/python3.11/site-packages/airflow/example_dags/example_python_operator.py
[2024-07-09T16:57:10.102+0000] {processor.py:830} INFO - Processing file /home/airflow/.local/lib/python3.11/site-packages/airflow/example_dags/example_python_operator.py for tasks to queue
[2024-07-09T16:57:10.103+0000] {logging_mixin.py:188} INFO - [2024-07-09T16:57:10.103+0000] {dagbag.py:540} INFO - Filling up the DagBag from /home/airflow/.local/lib/python3.11/site-packages/airflow/example_dags/example_python_operator.py
[2024-07-09T16:57:10.112+0000] {logging_mixin.py:188} INFO - [2024-07-09T16:57:10.112+0000] {example_python_operator.py:88} WARNING - The virtalenv_python example task requires virtualenv, please install it.
[2024-07-09T16:57:10.113+0000] {processor.py:840} INFO - DAG(s) 'example_python_operator' retrieved from /home/airflow/.local/lib/python3.11/site-packages/airflow/example_dags/example_python_operator.py
[2024-07-09T16:57:10.143+0000] {logging_mixin.py:188} INFO - [2024-07-09T16:57:10.143+0000] {dag.py:3047} INFO - Sync 1 DAGs
[2024-07-09T16:57:10.158+0000] {logging_mixin.py:188} INFO - [2024-07-09T16:57:10.158+0000] {dag.py:3834} INFO - Setting next_dagrun for example_python_operator to None, run_after=None
[2024-07-09T16:57:10.185+0000] {processor.py:183} INFO - Processing /home/airflow/.local/lib/python3.11/site-packages/airflow/example_dags/example_python_operator.py took 0.088 seconds
[2024-07-09T16:57:41.288+0000] {processor.py:161} INFO - Started process (PID=3781) to work on /home/airflow/.local/lib/python3.11/site-packages/airflow/example_dags/example_python_operator.py
[2024-07-09T16:57:41.289+0000] {processor.py:830} INFO - Processing file /home/airflow/.local/lib/python3.11/site-packages/airflow/example_dags/example_python_operator.py for tasks to queue
[2024-07-09T16:57:41.290+0000] {logging_mixin.py:188} INFO - [2024-07-09T16:57:41.290+0000] {dagbag.py:540} INFO - Filling up the DagBag from /home/airflow/.local/lib/python3.11/site-packages/airflow/example_dags/example_python_operator.py
[2024-07-09T16:57:41.297+0000] {logging_mixin.py:188} INFO - [2024-07-09T16:57:41.296+0000] {example_python_operator.py:88} WARNING - The virtalenv_python example task requires virtualenv, please install it.
[2024-07-09T16:57:41.297+0000] {processor.py:840} INFO - DAG(s) 'example_python_operator' retrieved from /home/airflow/.local/lib/python3.11/site-packages/airflow/example_dags/example_python_operator.py
[2024-07-09T16:57:41.323+0000] {logging_mixin.py:188} INFO - [2024-07-09T16:57:41.323+0000] {dag.py:3047} INFO - Sync 1 DAGs
[2024-07-09T16:57:41.337+0000] {logging_mixin.py:188} INFO - [2024-07-09T16:57:41.337+0000] {dag.py:3834} INFO - Setting next_dagrun for example_python_operator to None, run_after=None
[2024-07-09T16:57:41.358+0000] {processor.py:183} INFO - Processing /home/airflow/.local/lib/python3.11/site-packages/airflow/example_dags/example_python_operator.py took 0.074 seconds
[2024-07-09T16:58:11.570+0000] {processor.py:161} INFO - Started process (PID=4035) to work on /home/airflow/.local/lib/python3.11/site-packages/airflow/example_dags/example_python_operator.py
[2024-07-09T16:58:11.571+0000] {processor.py:830} INFO - Processing file /home/airflow/.local/lib/python3.11/site-packages/airflow/example_dags/example_python_operator.py for tasks to queue
[2024-07-09T16:58:11.572+0000] {logging_mixin.py:188} INFO - [2024-07-09T16:58:11.572+0000] {dagbag.py:540} INFO - Filling up the DagBag from /home/airflow/.local/lib/python3.11/site-packages/airflow/example_dags/example_python_operator.py
[2024-07-09T16:58:11.579+0000] {logging_mixin.py:188} INFO - [2024-07-09T16:58:11.579+0000] {example_python_operator.py:88} WARNING - The virtalenv_python example task requires virtualenv, please install it.
[2024-07-09T16:58:11.580+0000] {processor.py:840} INFO - DAG(s) 'example_python_operator' retrieved from /home/airflow/.local/lib/python3.11/site-packages/airflow/example_dags/example_python_operator.py
[2024-07-09T16:58:11.609+0000] {logging_mixin.py:188} INFO - [2024-07-09T16:58:11.609+0000] {dag.py:3047} INFO - Sync 1 DAGs
[2024-07-09T16:58:11.635+0000] {logging_mixin.py:188} INFO - [2024-07-09T16:58:11.634+0000] {dag.py:3834} INFO - Setting next_dagrun for example_python_operator to None, run_after=None
[2024-07-09T16:58:11.707+0000] {processor.py:183} INFO - Processing /home/airflow/.local/lib/python3.11/site-packages/airflow/example_dags/example_python_operator.py took 0.140 seconds
[2024-07-09T16:58:41.883+0000] {processor.py:161} INFO - Started process (PID=4293) to work on /home/airflow/.local/lib/python3.11/site-packages/airflow/example_dags/example_python_operator.py
[2024-07-09T16:58:41.884+0000] {processor.py:830} INFO - Processing file /home/airflow/.local/lib/python3.11/site-packages/airflow/example_dags/example_python_operator.py for tasks to queue
[2024-07-09T16:58:41.885+0000] {logging_mixin.py:188} INFO - [2024-07-09T16:58:41.885+0000] {dagbag.py:540} INFO - Filling up the DagBag from /home/airflow/.local/lib/python3.11/site-packages/airflow/example_dags/example_python_operator.py
[2024-07-09T16:58:41.891+0000] {logging_mixin.py:188} INFO - [2024-07-09T16:58:41.890+0000] {example_python_operator.py:88} WARNING - The virtalenv_python example task requires virtualenv, please install it.
[2024-07-09T16:58:41.891+0000] {processor.py:840} INFO - DAG(s) 'example_python_operator' retrieved from /home/airflow/.local/lib/python3.11/site-packages/airflow/example_dags/example_python_operator.py
[2024-07-09T16:58:41.910+0000] {logging_mixin.py:188} INFO - [2024-07-09T16:58:41.910+0000] {dag.py:3047} INFO - Sync 1 DAGs
[2024-07-09T16:58:41.921+0000] {logging_mixin.py:188} INFO - [2024-07-09T16:58:41.920+0000] {dag.py:3834} INFO - Setting next_dagrun for example_python_operator to None, run_after=None
[2024-07-09T16:58:41.936+0000] {processor.py:183} INFO - Processing /home/airflow/.local/lib/python3.11/site-packages/airflow/example_dags/example_python_operator.py took 0.056 seconds
[2024-07-09T16:59:13.511+0000] {processor.py:161} INFO - Started process (PID=4569) to work on /home/airflow/.local/lib/python3.11/site-packages/airflow/example_dags/example_python_operator.py
[2024-07-09T16:59:13.513+0000] {processor.py:830} INFO - Processing file /home/airflow/.local/lib/python3.11/site-packages/airflow/example_dags/example_python_operator.py for tasks to queue
[2024-07-09T16:59:13.514+0000] {logging_mixin.py:188} INFO - [2024-07-09T16:59:13.513+0000] {dagbag.py:540} INFO - Filling up the DagBag from /home/airflow/.local/lib/python3.11/site-packages/airflow/example_dags/example_python_operator.py
[2024-07-09T16:59:13.521+0000] {logging_mixin.py:188} INFO - [2024-07-09T16:59:13.521+0000] {example_python_operator.py:88} WARNING - The virtalenv_python example task requires virtualenv, please install it.
[2024-07-09T16:59:13.522+0000] {processor.py:840} INFO - DAG(s) 'example_python_operator' retrieved from /home/airflow/.local/lib/python3.11/site-packages/airflow/example_dags/example_python_operator.py
[2024-07-09T16:59:13.548+0000] {logging_mixin.py:188} INFO - [2024-07-09T16:59:13.547+0000] {dag.py:3047} INFO - Sync 1 DAGs
[2024-07-09T16:59:13.558+0000] {logging_mixin.py:188} INFO - [2024-07-09T16:59:13.558+0000] {dag.py:3834} INFO - Setting next_dagrun for example_python_operator to None, run_after=None
[2024-07-09T16:59:13.578+0000] {processor.py:183} INFO - Processing /home/airflow/.local/lib/python3.11/site-packages/airflow/example_dags/example_python_operator.py took 0.071 seconds
[2024-07-09T16:59:44.180+0000] {processor.py:161} INFO - Started process (PID=4820) to work on /home/airflow/.local/lib/python3.11/site-packages/airflow/example_dags/example_python_operator.py
[2024-07-09T16:59:44.182+0000] {processor.py:830} INFO - Processing file /home/airflow/.local/lib/python3.11/site-packages/airflow/example_dags/example_python_operator.py for tasks to queue
[2024-07-09T16:59:44.183+0000] {logging_mixin.py:188} INFO - [2024-07-09T16:59:44.182+0000] {dagbag.py:540} INFO - Filling up the DagBag from /home/airflow/.local/lib/python3.11/site-packages/airflow/example_dags/example_python_operator.py
[2024-07-09T16:59:44.194+0000] {logging_mixin.py:188} INFO - [2024-07-09T16:59:44.194+0000] {example_python_operator.py:88} WARNING - The virtalenv_python example task requires virtualenv, please install it.
[2024-07-09T16:59:44.195+0000] {processor.py:840} INFO - DAG(s) 'example_python_operator' retrieved from /home/airflow/.local/lib/python3.11/site-packages/airflow/example_dags/example_python_operator.py
[2024-07-09T16:59:44.224+0000] {logging_mixin.py:188} INFO - [2024-07-09T16:59:44.223+0000] {dag.py:3047} INFO - Sync 1 DAGs
[2024-07-09T16:59:44.237+0000] {logging_mixin.py:188} INFO - [2024-07-09T16:59:44.237+0000] {dag.py:3834} INFO - Setting next_dagrun for example_python_operator to None, run_after=None
[2024-07-09T16:59:44.259+0000] {processor.py:183} INFO - Processing /home/airflow/.local/lib/python3.11/site-packages/airflow/example_dags/example_python_operator.py took 0.084 seconds
[2024-07-09T17:00:14.716+0000] {processor.py:161} INFO - Started process (PID=5079) to work on /home/airflow/.local/lib/python3.11/site-packages/airflow/example_dags/example_python_operator.py
[2024-07-09T17:00:14.717+0000] {processor.py:830} INFO - Processing file /home/airflow/.local/lib/python3.11/site-packages/airflow/example_dags/example_python_operator.py for tasks to queue
[2024-07-09T17:00:14.718+0000] {logging_mixin.py:188} INFO - [2024-07-09T17:00:14.718+0000] {dagbag.py:540} INFO - Filling up the DagBag from /home/airflow/.local/lib/python3.11/site-packages/airflow/example_dags/example_python_operator.py
[2024-07-09T17:00:14.726+0000] {logging_mixin.py:188} INFO - [2024-07-09T17:00:14.726+0000] {example_python_operator.py:88} WARNING - The virtalenv_python example task requires virtualenv, please install it.
[2024-07-09T17:00:14.727+0000] {processor.py:840} INFO - DAG(s) 'example_python_operator' retrieved from /home/airflow/.local/lib/python3.11/site-packages/airflow/example_dags/example_python_operator.py
[2024-07-09T17:00:14.752+0000] {logging_mixin.py:188} INFO - [2024-07-09T17:00:14.751+0000] {dag.py:3047} INFO - Sync 1 DAGs
[2024-07-09T17:00:14.763+0000] {logging_mixin.py:188} INFO - [2024-07-09T17:00:14.762+0000] {dag.py:3834} INFO - Setting next_dagrun for example_python_operator to None, run_after=None
[2024-07-09T17:00:14.783+0000] {processor.py:183} INFO - Processing /home/airflow/.local/lib/python3.11/site-packages/airflow/example_dags/example_python_operator.py took 0.069 seconds
[2024-07-09T17:00:45.244+0000] {processor.py:161} INFO - Started process (PID=5341) to work on /home/airflow/.local/lib/python3.11/site-packages/airflow/example_dags/example_python_operator.py
[2024-07-09T17:00:45.245+0000] {processor.py:830} INFO - Processing file /home/airflow/.local/lib/python3.11/site-packages/airflow/example_dags/example_python_operator.py for tasks to queue
[2024-07-09T17:00:45.246+0000] {logging_mixin.py:188} INFO - [2024-07-09T17:00:45.246+0000] {dagbag.py:540} INFO - Filling up the DagBag from /home/airflow/.local/lib/python3.11/site-packages/airflow/example_dags/example_python_operator.py
[2024-07-09T17:00:45.254+0000] {logging_mixin.py:188} INFO - [2024-07-09T17:00:45.253+0000] {example_python_operator.py:88} WARNING - The virtalenv_python example task requires virtualenv, please install it.
[2024-07-09T17:00:45.255+0000] {processor.py:840} INFO - DAG(s) 'example_python_operator' retrieved from /home/airflow/.local/lib/python3.11/site-packages/airflow/example_dags/example_python_operator.py
[2024-07-09T17:00:45.278+0000] {logging_mixin.py:188} INFO - [2024-07-09T17:00:45.277+0000] {dag.py:3047} INFO - Sync 1 DAGs
[2024-07-09T17:00:45.290+0000] {logging_mixin.py:188} INFO - [2024-07-09T17:00:45.289+0000] {dag.py:3834} INFO - Setting next_dagrun for example_python_operator to None, run_after=None
[2024-07-09T17:00:45.306+0000] {processor.py:183} INFO - Processing /home/airflow/.local/lib/python3.11/site-packages/airflow/example_dags/example_python_operator.py took 0.066 seconds
[2024-07-09T17:01:15.468+0000] {processor.py:161} INFO - Started process (PID=5603) to work on /home/airflow/.local/lib/python3.11/site-packages/airflow/example_dags/example_python_operator.py
[2024-07-09T17:01:15.469+0000] {processor.py:830} INFO - Processing file /home/airflow/.local/lib/python3.11/site-packages/airflow/example_dags/example_python_operator.py for tasks to queue
[2024-07-09T17:01:15.470+0000] {logging_mixin.py:188} INFO - [2024-07-09T17:01:15.470+0000] {dagbag.py:540} INFO - Filling up the DagBag from /home/airflow/.local/lib/python3.11/site-packages/airflow/example_dags/example_python_operator.py
[2024-07-09T17:01:15.477+0000] {logging_mixin.py:188} INFO - [2024-07-09T17:01:15.477+0000] {example_python_operator.py:88} WARNING - The virtalenv_python example task requires virtualenv, please install it.
[2024-07-09T17:01:15.478+0000] {processor.py:840} INFO - DAG(s) 'example_python_operator' retrieved from /home/airflow/.local/lib/python3.11/site-packages/airflow/example_dags/example_python_operator.py
[2024-07-09T17:01:15.502+0000] {logging_mixin.py:188} INFO - [2024-07-09T17:01:15.502+0000] {dag.py:3047} INFO - Sync 1 DAGs
[2024-07-09T17:01:15.513+0000] {logging_mixin.py:188} INFO - [2024-07-09T17:01:15.513+0000] {dag.py:3834} INFO - Setting next_dagrun for example_python_operator to None, run_after=None
[2024-07-09T17:01:15.548+0000] {processor.py:183} INFO - Processing /home/airflow/.local/lib/python3.11/site-packages/airflow/example_dags/example_python_operator.py took 0.083 seconds
[2024-07-09T17:01:45.666+0000] {processor.py:161} INFO - Started process (PID=5865) to work on /home/airflow/.local/lib/python3.11/site-packages/airflow/example_dags/example_python_operator.py
[2024-07-09T17:01:45.667+0000] {processor.py:830} INFO - Processing file /home/airflow/.local/lib/python3.11/site-packages/airflow/example_dags/example_python_operator.py for tasks to queue
[2024-07-09T17:01:45.669+0000] {logging_mixin.py:188} INFO - [2024-07-09T17:01:45.668+0000] {dagbag.py:540} INFO - Filling up the DagBag from /home/airflow/.local/lib/python3.11/site-packages/airflow/example_dags/example_python_operator.py
[2024-07-09T17:01:45.675+0000] {logging_mixin.py:188} INFO - [2024-07-09T17:01:45.675+0000] {example_python_operator.py:88} WARNING - The virtalenv_python example task requires virtualenv, please install it.
[2024-07-09T17:01:45.676+0000] {processor.py:840} INFO - DAG(s) 'example_python_operator' retrieved from /home/airflow/.local/lib/python3.11/site-packages/airflow/example_dags/example_python_operator.py
[2024-07-09T17:01:45.697+0000] {logging_mixin.py:188} INFO - [2024-07-09T17:01:45.697+0000] {dag.py:3047} INFO - Sync 1 DAGs
[2024-07-09T17:01:45.708+0000] {logging_mixin.py:188} INFO - [2024-07-09T17:01:45.708+0000] {dag.py:3834} INFO - Setting next_dagrun for example_python_operator to None, run_after=None
[2024-07-09T17:01:45.746+0000] {processor.py:183} INFO - Processing /home/airflow/.local/lib/python3.11/site-packages/airflow/example_dags/example_python_operator.py took 0.083 seconds
[2024-07-09T17:02:16.558+0000] {processor.py:161} INFO - Started process (PID=6127) to work on /home/airflow/.local/lib/python3.11/site-packages/airflow/example_dags/example_python_operator.py
[2024-07-09T17:02:16.560+0000] {processor.py:830} INFO - Processing file /home/airflow/.local/lib/python3.11/site-packages/airflow/example_dags/example_python_operator.py for tasks to queue
[2024-07-09T17:02:16.561+0000] {logging_mixin.py:188} INFO - [2024-07-09T17:02:16.561+0000] {dagbag.py:540} INFO - Filling up the DagBag from /home/airflow/.local/lib/python3.11/site-packages/airflow/example_dags/example_python_operator.py
[2024-07-09T17:02:16.569+0000] {logging_mixin.py:188} INFO - [2024-07-09T17:02:16.569+0000] {example_python_operator.py:88} WARNING - The virtalenv_python example task requires virtualenv, please install it.
[2024-07-09T17:02:16.570+0000] {processor.py:840} INFO - DAG(s) 'example_python_operator' retrieved from /home/airflow/.local/lib/python3.11/site-packages/airflow/example_dags/example_python_operator.py
[2024-07-09T17:02:16.592+0000] {logging_mixin.py:188} INFO - [2024-07-09T17:02:16.592+0000] {dag.py:3047} INFO - Sync 1 DAGs
[2024-07-09T17:02:16.604+0000] {logging_mixin.py:188} INFO - [2024-07-09T17:02:16.604+0000] {dag.py:3834} INFO - Setting next_dagrun for example_python_operator to None, run_after=None
[2024-07-09T17:02:16.624+0000] {processor.py:183} INFO - Processing /home/airflow/.local/lib/python3.11/site-packages/airflow/example_dags/example_python_operator.py took 0.068 seconds
[2024-07-09T17:02:47.268+0000] {processor.py:161} INFO - Started process (PID=6389) to work on /home/airflow/.local/lib/python3.11/site-packages/airflow/example_dags/example_python_operator.py
[2024-07-09T17:02:47.270+0000] {processor.py:830} INFO - Processing file /home/airflow/.local/lib/python3.11/site-packages/airflow/example_dags/example_python_operator.py for tasks to queue
[2024-07-09T17:02:47.271+0000] {logging_mixin.py:188} INFO - [2024-07-09T17:02:47.270+0000] {dagbag.py:540} INFO - Filling up the DagBag from /home/airflow/.local/lib/python3.11/site-packages/airflow/example_dags/example_python_operator.py
[2024-07-09T17:02:47.277+0000] {logging_mixin.py:188} INFO - [2024-07-09T17:02:47.277+0000] {example_python_operator.py:88} WARNING - The virtalenv_python example task requires virtualenv, please install it.
[2024-07-09T17:02:47.278+0000] {processor.py:840} INFO - DAG(s) 'example_python_operator' retrieved from /home/airflow/.local/lib/python3.11/site-packages/airflow/example_dags/example_python_operator.py
[2024-07-09T17:02:47.297+0000] {logging_mixin.py:188} INFO - [2024-07-09T17:02:47.297+0000] {dag.py:3047} INFO - Sync 1 DAGs
[2024-07-09T17:02:47.308+0000] {logging_mixin.py:188} INFO - [2024-07-09T17:02:47.308+0000] {dag.py:3834} INFO - Setting next_dagrun for example_python_operator to None, run_after=None
[2024-07-09T17:02:47.344+0000] {processor.py:183} INFO - Processing /home/airflow/.local/lib/python3.11/site-packages/airflow/example_dags/example_python_operator.py took 0.079 seconds
[2024-07-09T17:03:17.694+0000] {processor.py:161} INFO - Started process (PID=6651) to work on /home/airflow/.local/lib/python3.11/site-packages/airflow/example_dags/example_python_operator.py
[2024-07-09T17:03:17.695+0000] {processor.py:830} INFO - Processing file /home/airflow/.local/lib/python3.11/site-packages/airflow/example_dags/example_python_operator.py for tasks to queue
[2024-07-09T17:03:17.696+0000] {logging_mixin.py:188} INFO - [2024-07-09T17:03:17.696+0000] {dagbag.py:540} INFO - Filling up the DagBag from /home/airflow/.local/lib/python3.11/site-packages/airflow/example_dags/example_python_operator.py
[2024-07-09T17:03:17.703+0000] {logging_mixin.py:188} INFO - [2024-07-09T17:03:17.703+0000] {example_python_operator.py:88} WARNING - The virtalenv_python example task requires virtualenv, please install it.
[2024-07-09T17:03:17.704+0000] {processor.py:840} INFO - DAG(s) 'example_python_operator' retrieved from /home/airflow/.local/lib/python3.11/site-packages/airflow/example_dags/example_python_operator.py
[2024-07-09T17:03:17.727+0000] {logging_mixin.py:188} INFO - [2024-07-09T17:03:17.727+0000] {dag.py:3047} INFO - Sync 1 DAGs
[2024-07-09T17:03:17.738+0000] {logging_mixin.py:188} INFO - [2024-07-09T17:03:17.738+0000] {dag.py:3834} INFO - Setting next_dagrun for example_python_operator to None, run_after=None
[2024-07-09T17:03:17.756+0000] {processor.py:183} INFO - Processing /home/airflow/.local/lib/python3.11/site-packages/airflow/example_dags/example_python_operator.py took 0.066 seconds
[2024-07-09T17:03:48.402+0000] {processor.py:161} INFO - Started process (PID=6913) to work on /home/airflow/.local/lib/python3.11/site-packages/airflow/example_dags/example_python_operator.py
[2024-07-09T17:03:48.403+0000] {processor.py:830} INFO - Processing file /home/airflow/.local/lib/python3.11/site-packages/airflow/example_dags/example_python_operator.py for tasks to queue
[2024-07-09T17:03:48.404+0000] {logging_mixin.py:188} INFO - [2024-07-09T17:03:48.404+0000] {dagbag.py:540} INFO - Filling up the DagBag from /home/airflow/.local/lib/python3.11/site-packages/airflow/example_dags/example_python_operator.py
[2024-07-09T17:03:48.411+0000] {logging_mixin.py:188} INFO - [2024-07-09T17:03:48.411+0000] {example_python_operator.py:88} WARNING - The virtalenv_python example task requires virtualenv, please install it.
[2024-07-09T17:03:48.412+0000] {processor.py:840} INFO - DAG(s) 'example_python_operator' retrieved from /home/airflow/.local/lib/python3.11/site-packages/airflow/example_dags/example_python_operator.py
[2024-07-09T17:03:48.432+0000] {logging_mixin.py:188} INFO - [2024-07-09T17:03:48.432+0000] {dag.py:3047} INFO - Sync 1 DAGs
[2024-07-09T17:03:48.444+0000] {logging_mixin.py:188} INFO - [2024-07-09T17:03:48.444+0000] {dag.py:3834} INFO - Setting next_dagrun for example_python_operator to None, run_after=None
[2024-07-09T17:03:48.478+0000] {processor.py:183} INFO - Processing /home/airflow/.local/lib/python3.11/site-packages/airflow/example_dags/example_python_operator.py took 0.080 seconds
[2024-07-09T17:04:19.194+0000] {processor.py:161} INFO - Started process (PID=7175) to work on /home/airflow/.local/lib/python3.11/site-packages/airflow/example_dags/example_python_operator.py
[2024-07-09T17:04:19.195+0000] {processor.py:830} INFO - Processing file /home/airflow/.local/lib/python3.11/site-packages/airflow/example_dags/example_python_operator.py for tasks to queue
[2024-07-09T17:04:19.196+0000] {logging_mixin.py:188} INFO - [2024-07-09T17:04:19.196+0000] {dagbag.py:540} INFO - Filling up the DagBag from /home/airflow/.local/lib/python3.11/site-packages/airflow/example_dags/example_python_operator.py
[2024-07-09T17:04:19.203+0000] {logging_mixin.py:188} INFO - [2024-07-09T17:04:19.203+0000] {example_python_operator.py:88} WARNING - The virtalenv_python example task requires virtualenv, please install it.
[2024-07-09T17:04:19.203+0000] {processor.py:840} INFO - DAG(s) 'example_python_operator' retrieved from /home/airflow/.local/lib/python3.11/site-packages/airflow/example_dags/example_python_operator.py
[2024-07-09T17:04:19.226+0000] {logging_mixin.py:188} INFO - [2024-07-09T17:04:19.225+0000] {dag.py:3047} INFO - Sync 1 DAGs
[2024-07-09T17:04:19.236+0000] {logging_mixin.py:188} INFO - [2024-07-09T17:04:19.236+0000] {dag.py:3834} INFO - Setting next_dagrun for example_python_operator to None, run_after=None
[2024-07-09T17:04:19.270+0000] {processor.py:183} INFO - Processing /home/airflow/.local/lib/python3.11/site-packages/airflow/example_dags/example_python_operator.py took 0.079 seconds
[2024-07-09T17:04:50.176+0000] {processor.py:161} INFO - Started process (PID=7471) to work on /home/airflow/.local/lib/python3.11/site-packages/airflow/example_dags/example_python_operator.py
[2024-07-09T17:04:50.178+0000] {processor.py:830} INFO - Processing file /home/airflow/.local/lib/python3.11/site-packages/airflow/example_dags/example_python_operator.py for tasks to queue
[2024-07-09T17:04:50.179+0000] {logging_mixin.py:188} INFO - [2024-07-09T17:04:50.178+0000] {dagbag.py:540} INFO - Filling up the DagBag from /home/airflow/.local/lib/python3.11/site-packages/airflow/example_dags/example_python_operator.py
[2024-07-09T17:04:50.190+0000] {logging_mixin.py:188} INFO - [2024-07-09T17:04:50.189+0000] {example_python_operator.py:88} WARNING - The virtalenv_python example task requires virtualenv, please install it.
[2024-07-09T17:04:50.191+0000] {processor.py:840} INFO - DAG(s) 'example_python_operator' retrieved from /home/airflow/.local/lib/python3.11/site-packages/airflow/example_dags/example_python_operator.py
[2024-07-09T17:04:50.219+0000] {logging_mixin.py:188} INFO - [2024-07-09T17:04:50.219+0000] {dag.py:3047} INFO - Sync 1 DAGs
[2024-07-09T17:04:50.230+0000] {logging_mixin.py:188} INFO - [2024-07-09T17:04:50.230+0000] {dag.py:3834} INFO - Setting next_dagrun for example_python_operator to None, run_after=None
[2024-07-09T17:04:50.273+0000] {processor.py:183} INFO - Processing /home/airflow/.local/lib/python3.11/site-packages/airflow/example_dags/example_python_operator.py took 0.100 seconds
[2024-07-09T17:05:20.890+0000] {processor.py:161} INFO - Started process (PID=7733) to work on /home/airflow/.local/lib/python3.11/site-packages/airflow/example_dags/example_python_operator.py
[2024-07-09T17:05:20.891+0000] {processor.py:830} INFO - Processing file /home/airflow/.local/lib/python3.11/site-packages/airflow/example_dags/example_python_operator.py for tasks to queue
[2024-07-09T17:05:20.892+0000] {logging_mixin.py:188} INFO - [2024-07-09T17:05:20.892+0000] {dagbag.py:540} INFO - Filling up the DagBag from /home/airflow/.local/lib/python3.11/site-packages/airflow/example_dags/example_python_operator.py
[2024-07-09T17:05:20.899+0000] {logging_mixin.py:188} INFO - [2024-07-09T17:05:20.899+0000] {example_python_operator.py:88} WARNING - The virtalenv_python example task requires virtualenv, please install it.
[2024-07-09T17:05:20.900+0000] {processor.py:840} INFO - DAG(s) 'example_python_operator' retrieved from /home/airflow/.local/lib/python3.11/site-packages/airflow/example_dags/example_python_operator.py
[2024-07-09T17:05:20.924+0000] {logging_mixin.py:188} INFO - [2024-07-09T17:05:20.924+0000] {dag.py:3047} INFO - Sync 1 DAGs
[2024-07-09T17:05:20.935+0000] {logging_mixin.py:188} INFO - [2024-07-09T17:05:20.935+0000] {dag.py:3834} INFO - Setting next_dagrun for example_python_operator to None, run_after=None
[2024-07-09T17:05:20.971+0000] {processor.py:183} INFO - Processing /home/airflow/.local/lib/python3.11/site-packages/airflow/example_dags/example_python_operator.py took 0.084 seconds
[2024-07-09T17:05:51.636+0000] {processor.py:161} INFO - Started process (PID=7995) to work on /home/airflow/.local/lib/python3.11/site-packages/airflow/example_dags/example_python_operator.py
[2024-07-09T17:05:51.637+0000] {processor.py:830} INFO - Processing file /home/airflow/.local/lib/python3.11/site-packages/airflow/example_dags/example_python_operator.py for tasks to queue
[2024-07-09T17:05:51.638+0000] {logging_mixin.py:188} INFO - [2024-07-09T17:05:51.638+0000] {dagbag.py:540} INFO - Filling up the DagBag from /home/airflow/.local/lib/python3.11/site-packages/airflow/example_dags/example_python_operator.py
[2024-07-09T17:05:51.644+0000] {logging_mixin.py:188} INFO - [2024-07-09T17:05:51.644+0000] {example_python_operator.py:88} WARNING - The virtalenv_python example task requires virtualenv, please install it.
[2024-07-09T17:05:51.645+0000] {processor.py:840} INFO - DAG(s) 'example_python_operator' retrieved from /home/airflow/.local/lib/python3.11/site-packages/airflow/example_dags/example_python_operator.py
[2024-07-09T17:05:51.666+0000] {logging_mixin.py:188} INFO - [2024-07-09T17:05:51.666+0000] {dag.py:3047} INFO - Sync 1 DAGs
[2024-07-09T17:05:51.677+0000] {logging_mixin.py:188} INFO - [2024-07-09T17:05:51.677+0000] {dag.py:3834} INFO - Setting next_dagrun for example_python_operator to None, run_after=None
[2024-07-09T17:05:51.713+0000] {processor.py:183} INFO - Processing /home/airflow/.local/lib/python3.11/site-packages/airflow/example_dags/example_python_operator.py took 0.079 seconds
[2024-07-09T17:06:21.996+0000] {processor.py:161} INFO - Started process (PID=8257) to work on /home/airflow/.local/lib/python3.11/site-packages/airflow/example_dags/example_python_operator.py
[2024-07-09T17:06:21.997+0000] {processor.py:830} INFO - Processing file /home/airflow/.local/lib/python3.11/site-packages/airflow/example_dags/example_python_operator.py for tasks to queue
[2024-07-09T17:06:21.998+0000] {logging_mixin.py:188} INFO - [2024-07-09T17:06:21.998+0000] {dagbag.py:540} INFO - Filling up the DagBag from /home/airflow/.local/lib/python3.11/site-packages/airflow/example_dags/example_python_operator.py
[2024-07-09T17:06:22.005+0000] {logging_mixin.py:188} INFO - [2024-07-09T17:06:22.005+0000] {example_python_operator.py:88} WARNING - The virtalenv_python example task requires virtualenv, please install it.
[2024-07-09T17:06:22.006+0000] {processor.py:840} INFO - DAG(s) 'example_python_operator' retrieved from /home/airflow/.local/lib/python3.11/site-packages/airflow/example_dags/example_python_operator.py
[2024-07-09T17:06:22.031+0000] {logging_mixin.py:188} INFO - [2024-07-09T17:06:22.030+0000] {dag.py:3047} INFO - Sync 1 DAGs
[2024-07-09T17:06:22.043+0000] {logging_mixin.py:188} INFO - [2024-07-09T17:06:22.042+0000] {dag.py:3834} INFO - Setting next_dagrun for example_python_operator to None, run_after=None
[2024-07-09T17:06:22.064+0000] {processor.py:183} INFO - Processing /home/airflow/.local/lib/python3.11/site-packages/airflow/example_dags/example_python_operator.py took 0.072 seconds
[2024-07-09T17:06:52.443+0000] {processor.py:161} INFO - Started process (PID=8501) to work on /home/airflow/.local/lib/python3.11/site-packages/airflow/example_dags/example_python_operator.py
[2024-07-09T17:06:52.445+0000] {processor.py:830} INFO - Processing file /home/airflow/.local/lib/python3.11/site-packages/airflow/example_dags/example_python_operator.py for tasks to queue
[2024-07-09T17:06:52.447+0000] {logging_mixin.py:188} INFO - [2024-07-09T17:06:52.446+0000] {dagbag.py:540} INFO - Filling up the DagBag from /home/airflow/.local/lib/python3.11/site-packages/airflow/example_dags/example_python_operator.py
[2024-07-09T17:06:52.461+0000] {logging_mixin.py:188} INFO - [2024-07-09T17:06:52.460+0000] {example_python_operator.py:88} WARNING - The virtalenv_python example task requires virtualenv, please install it.
[2024-07-09T17:06:52.462+0000] {processor.py:840} INFO - DAG(s) 'example_python_operator' retrieved from /home/airflow/.local/lib/python3.11/site-packages/airflow/example_dags/example_python_operator.py
[2024-07-09T17:06:52.496+0000] {logging_mixin.py:188} INFO - [2024-07-09T17:06:52.496+0000] {dag.py:3047} INFO - Sync 1 DAGs
[2024-07-09T17:06:52.514+0000] {logging_mixin.py:188} INFO - [2024-07-09T17:06:52.514+0000] {dag.py:3834} INFO - Setting next_dagrun for example_python_operator to None, run_after=None
[2024-07-09T17:06:52.544+0000] {processor.py:183} INFO - Processing /home/airflow/.local/lib/python3.11/site-packages/airflow/example_dags/example_python_operator.py took 0.107 seconds
