[2024-07-09T16:51:02.144+0000] {processor.py:161} INFO - Started process (PID=325) to work on /home/airflow/.local/lib/python3.11/site-packages/airflow/example_dags/example_python_decorator.py
[2024-07-09T16:51:02.145+0000] {processor.py:830} INFO - Processing file /home/airflow/.local/lib/python3.11/site-packages/airflow/example_dags/example_python_decorator.py for tasks to queue
[2024-07-09T16:51:02.147+0000] {logging_mixin.py:188} INFO - [2024-07-09T16:51:02.146+0000] {dagbag.py:540} INFO - Filling up the DagBag from /home/airflow/.local/lib/python3.11/site-packages/airflow/example_dags/example_python_decorator.py
[2024-07-09T16:51:02.164+0000] {logging_mixin.py:188} INFO - [2024-07-09T16:51:02.164+0000] {example_python_decorator.py:79} WARNING - The virtalenv_python example task requires virtualenv, please install it.
[2024-07-09T16:51:02.165+0000] {processor.py:840} INFO - DAG(s) 'example_python_decorator' retrieved from /home/airflow/.local/lib/python3.11/site-packages/airflow/example_dags/example_python_decorator.py
[2024-07-09T16:51:02.316+0000] {logging_mixin.py:188} INFO - [2024-07-09T16:51:02.316+0000] {override.py:1769} INFO - Created Permission View: can delete on DAG:example_python_decorator
[2024-07-09T16:51:02.330+0000] {logging_mixin.py:188} INFO - [2024-07-09T16:51:02.329+0000] {override.py:1769} INFO - Created Permission View: can edit on DAG:example_python_decorator
[2024-07-09T16:51:02.340+0000] {logging_mixin.py:188} INFO - [2024-07-09T16:51:02.340+0000] {override.py:1769} INFO - Created Permission View: can read on DAG:example_python_decorator
[2024-07-09T16:51:02.341+0000] {logging_mixin.py:188} INFO - [2024-07-09T16:51:02.341+0000] {dag.py:3047} INFO - Sync 1 DAGs
[2024-07-09T16:51:02.356+0000] {logging_mixin.py:188} INFO - [2024-07-09T16:51:02.356+0000] {dag.py:3069} INFO - Creating ORM DAG for example_python_decorator
[2024-07-09T16:51:02.358+0000] {logging_mixin.py:188} INFO - [2024-07-09T16:51:02.358+0000] {dag.py:3834} INFO - Setting next_dagrun for example_python_decorator to None, run_after=None
[2024-07-09T16:51:02.384+0000] {processor.py:183} INFO - Processing /home/airflow/.local/lib/python3.11/site-packages/airflow/example_dags/example_python_decorator.py took 0.244 seconds
[2024-07-09T16:51:32.841+0000] {processor.py:161} INFO - Started process (PID=587) to work on /home/airflow/.local/lib/python3.11/site-packages/airflow/example_dags/example_python_decorator.py
[2024-07-09T16:51:32.842+0000] {processor.py:830} INFO - Processing file /home/airflow/.local/lib/python3.11/site-packages/airflow/example_dags/example_python_decorator.py for tasks to queue
[2024-07-09T16:51:32.843+0000] {logging_mixin.py:188} INFO - [2024-07-09T16:51:32.843+0000] {dagbag.py:540} INFO - Filling up the DagBag from /home/airflow/.local/lib/python3.11/site-packages/airflow/example_dags/example_python_decorator.py
[2024-07-09T16:51:32.853+0000] {logging_mixin.py:188} INFO - [2024-07-09T16:51:32.853+0000] {example_python_decorator.py:79} WARNING - The virtalenv_python example task requires virtualenv, please install it.
[2024-07-09T16:51:32.854+0000] {processor.py:840} INFO - DAG(s) 'example_python_decorator' retrieved from /home/airflow/.local/lib/python3.11/site-packages/airflow/example_dags/example_python_decorator.py
[2024-07-09T16:51:32.875+0000] {logging_mixin.py:188} INFO - [2024-07-09T16:51:32.875+0000] {dag.py:3047} INFO - Sync 1 DAGs
[2024-07-09T16:51:32.885+0000] {logging_mixin.py:188} INFO - [2024-07-09T16:51:32.885+0000] {dag.py:3834} INFO - Setting next_dagrun for example_python_decorator to None, run_after=None
[2024-07-09T16:51:32.905+0000] {processor.py:183} INFO - Processing /home/airflow/.local/lib/python3.11/site-packages/airflow/example_dags/example_python_decorator.py took 0.067 seconds
[2024-07-09T16:52:03.073+0000] {processor.py:161} INFO - Started process (PID=849) to work on /home/airflow/.local/lib/python3.11/site-packages/airflow/example_dags/example_python_decorator.py
[2024-07-09T16:52:03.074+0000] {processor.py:830} INFO - Processing file /home/airflow/.local/lib/python3.11/site-packages/airflow/example_dags/example_python_decorator.py for tasks to queue
[2024-07-09T16:52:03.075+0000] {logging_mixin.py:188} INFO - [2024-07-09T16:52:03.075+0000] {dagbag.py:540} INFO - Filling up the DagBag from /home/airflow/.local/lib/python3.11/site-packages/airflow/example_dags/example_python_decorator.py
[2024-07-09T16:52:03.083+0000] {logging_mixin.py:188} INFO - [2024-07-09T16:52:03.082+0000] {example_python_decorator.py:79} WARNING - The virtalenv_python example task requires virtualenv, please install it.
[2024-07-09T16:52:03.083+0000] {processor.py:840} INFO - DAG(s) 'example_python_decorator' retrieved from /home/airflow/.local/lib/python3.11/site-packages/airflow/example_dags/example_python_decorator.py
[2024-07-09T16:52:03.106+0000] {logging_mixin.py:188} INFO - [2024-07-09T16:52:03.106+0000] {dag.py:3047} INFO - Sync 1 DAGs
[2024-07-09T16:52:03.116+0000] {logging_mixin.py:188} INFO - [2024-07-09T16:52:03.116+0000] {dag.py:3834} INFO - Setting next_dagrun for example_python_decorator to None, run_after=None
[2024-07-09T16:52:03.131+0000] {processor.py:183} INFO - Processing /home/airflow/.local/lib/python3.11/site-packages/airflow/example_dags/example_python_decorator.py took 0.061 seconds
[2024-07-09T16:52:33.459+0000] {processor.py:161} INFO - Started process (PID=1111) to work on /home/airflow/.local/lib/python3.11/site-packages/airflow/example_dags/example_python_decorator.py
[2024-07-09T16:52:33.460+0000] {processor.py:830} INFO - Processing file /home/airflow/.local/lib/python3.11/site-packages/airflow/example_dags/example_python_decorator.py for tasks to queue
[2024-07-09T16:52:33.462+0000] {logging_mixin.py:188} INFO - [2024-07-09T16:52:33.461+0000] {dagbag.py:540} INFO - Filling up the DagBag from /home/airflow/.local/lib/python3.11/site-packages/airflow/example_dags/example_python_decorator.py
[2024-07-09T16:52:33.474+0000] {logging_mixin.py:188} INFO - [2024-07-09T16:52:33.473+0000] {example_python_decorator.py:79} WARNING - The virtalenv_python example task requires virtualenv, please install it.
[2024-07-09T16:52:33.475+0000] {processor.py:840} INFO - DAG(s) 'example_python_decorator' retrieved from /home/airflow/.local/lib/python3.11/site-packages/airflow/example_dags/example_python_decorator.py
[2024-07-09T16:52:33.499+0000] {logging_mixin.py:188} INFO - [2024-07-09T16:52:33.499+0000] {dag.py:3047} INFO - Sync 1 DAGs
[2024-07-09T16:52:33.513+0000] {logging_mixin.py:188} INFO - [2024-07-09T16:52:33.513+0000] {dag.py:3834} INFO - Setting next_dagrun for example_python_decorator to None, run_after=None
[2024-07-09T16:52:33.539+0000] {processor.py:183} INFO - Processing /home/airflow/.local/lib/python3.11/site-packages/airflow/example_dags/example_python_decorator.py took 0.084 seconds
[2024-07-09T16:53:04.235+0000] {processor.py:161} INFO - Started process (PID=1373) to work on /home/airflow/.local/lib/python3.11/site-packages/airflow/example_dags/example_python_decorator.py
[2024-07-09T16:53:04.237+0000] {processor.py:830} INFO - Processing file /home/airflow/.local/lib/python3.11/site-packages/airflow/example_dags/example_python_decorator.py for tasks to queue
[2024-07-09T16:53:04.238+0000] {logging_mixin.py:188} INFO - [2024-07-09T16:53:04.237+0000] {dagbag.py:540} INFO - Filling up the DagBag from /home/airflow/.local/lib/python3.11/site-packages/airflow/example_dags/example_python_decorator.py
[2024-07-09T16:53:04.250+0000] {logging_mixin.py:188} INFO - [2024-07-09T16:53:04.249+0000] {example_python_decorator.py:79} WARNING - The virtalenv_python example task requires virtualenv, please install it.
[2024-07-09T16:53:04.251+0000] {processor.py:840} INFO - DAG(s) 'example_python_decorator' retrieved from /home/airflow/.local/lib/python3.11/site-packages/airflow/example_dags/example_python_decorator.py
[2024-07-09T16:53:04.280+0000] {logging_mixin.py:188} INFO - [2024-07-09T16:53:04.280+0000] {dag.py:3047} INFO - Sync 1 DAGs
[2024-07-09T16:53:04.411+0000] {logging_mixin.py:188} INFO - [2024-07-09T16:53:04.411+0000] {dag.py:3834} INFO - Setting next_dagrun for example_python_decorator to None, run_after=None
[2024-07-09T16:53:04.429+0000] {processor.py:183} INFO - Processing /home/airflow/.local/lib/python3.11/site-packages/airflow/example_dags/example_python_decorator.py took 0.198 seconds
[2024-07-09T16:53:34.504+0000] {processor.py:161} INFO - Started process (PID=1635) to work on /home/airflow/.local/lib/python3.11/site-packages/airflow/example_dags/example_python_decorator.py
[2024-07-09T16:53:34.505+0000] {processor.py:830} INFO - Processing file /home/airflow/.local/lib/python3.11/site-packages/airflow/example_dags/example_python_decorator.py for tasks to queue
[2024-07-09T16:53:34.507+0000] {logging_mixin.py:188} INFO - [2024-07-09T16:53:34.506+0000] {dagbag.py:540} INFO - Filling up the DagBag from /home/airflow/.local/lib/python3.11/site-packages/airflow/example_dags/example_python_decorator.py
[2024-07-09T16:53:34.515+0000] {logging_mixin.py:188} INFO - [2024-07-09T16:53:34.515+0000] {example_python_decorator.py:79} WARNING - The virtalenv_python example task requires virtualenv, please install it.
[2024-07-09T16:53:34.516+0000] {processor.py:840} INFO - DAG(s) 'example_python_decorator' retrieved from /home/airflow/.local/lib/python3.11/site-packages/airflow/example_dags/example_python_decorator.py
[2024-07-09T16:53:34.539+0000] {logging_mixin.py:188} INFO - [2024-07-09T16:53:34.539+0000] {dag.py:3047} INFO - Sync 1 DAGs
[2024-07-09T16:53:34.551+0000] {logging_mixin.py:188} INFO - [2024-07-09T16:53:34.551+0000] {dag.py:3834} INFO - Setting next_dagrun for example_python_decorator to None, run_after=None
[2024-07-09T16:53:34.575+0000] {processor.py:183} INFO - Processing /home/airflow/.local/lib/python3.11/site-packages/airflow/example_dags/example_python_decorator.py took 0.073 seconds
[2024-07-09T16:54:05.346+0000] {processor.py:161} INFO - Started process (PID=1897) to work on /home/airflow/.local/lib/python3.11/site-packages/airflow/example_dags/example_python_decorator.py
[2024-07-09T16:54:05.348+0000] {processor.py:830} INFO - Processing file /home/airflow/.local/lib/python3.11/site-packages/airflow/example_dags/example_python_decorator.py for tasks to queue
[2024-07-09T16:54:05.349+0000] {logging_mixin.py:188} INFO - [2024-07-09T16:54:05.348+0000] {dagbag.py:540} INFO - Filling up the DagBag from /home/airflow/.local/lib/python3.11/site-packages/airflow/example_dags/example_python_decorator.py
[2024-07-09T16:54:05.358+0000] {logging_mixin.py:188} INFO - [2024-07-09T16:54:05.358+0000] {example_python_decorator.py:79} WARNING - The virtalenv_python example task requires virtualenv, please install it.
[2024-07-09T16:54:05.359+0000] {processor.py:840} INFO - DAG(s) 'example_python_decorator' retrieved from /home/airflow/.local/lib/python3.11/site-packages/airflow/example_dags/example_python_decorator.py
[2024-07-09T16:54:05.385+0000] {logging_mixin.py:188} INFO - [2024-07-09T16:54:05.385+0000] {dag.py:3047} INFO - Sync 1 DAGs
[2024-07-09T16:54:05.396+0000] {logging_mixin.py:188} INFO - [2024-07-09T16:54:05.395+0000] {dag.py:3834} INFO - Setting next_dagrun for example_python_decorator to None, run_after=None
[2024-07-09T16:54:05.477+0000] {processor.py:183} INFO - Processing /home/airflow/.local/lib/python3.11/site-packages/airflow/example_dags/example_python_decorator.py took 0.134 seconds
[2024-07-09T16:54:36.058+0000] {processor.py:161} INFO - Started process (PID=2159) to work on /home/airflow/.local/lib/python3.11/site-packages/airflow/example_dags/example_python_decorator.py
[2024-07-09T16:54:36.060+0000] {processor.py:830} INFO - Processing file /home/airflow/.local/lib/python3.11/site-packages/airflow/example_dags/example_python_decorator.py for tasks to queue
[2024-07-09T16:54:36.061+0000] {logging_mixin.py:188} INFO - [2024-07-09T16:54:36.061+0000] {dagbag.py:540} INFO - Filling up the DagBag from /home/airflow/.local/lib/python3.11/site-packages/airflow/example_dags/example_python_decorator.py
[2024-07-09T16:54:36.076+0000] {logging_mixin.py:188} INFO - [2024-07-09T16:54:36.076+0000] {example_python_decorator.py:79} WARNING - The virtalenv_python example task requires virtualenv, please install it.
[2024-07-09T16:54:36.077+0000] {processor.py:840} INFO - DAG(s) 'example_python_decorator' retrieved from /home/airflow/.local/lib/python3.11/site-packages/airflow/example_dags/example_python_decorator.py
[2024-07-09T16:54:36.106+0000] {logging_mixin.py:188} INFO - [2024-07-09T16:54:36.106+0000] {dag.py:3047} INFO - Sync 1 DAGs
[2024-07-09T16:54:36.119+0000] {logging_mixin.py:188} INFO - [2024-07-09T16:54:36.118+0000] {dag.py:3834} INFO - Setting next_dagrun for example_python_decorator to None, run_after=None
[2024-07-09T16:54:36.136+0000] {processor.py:183} INFO - Processing /home/airflow/.local/lib/python3.11/site-packages/airflow/example_dags/example_python_decorator.py took 0.083 seconds
[2024-07-09T16:55:06.423+0000] {processor.py:161} INFO - Started process (PID=2421) to work on /home/airflow/.local/lib/python3.11/site-packages/airflow/example_dags/example_python_decorator.py
[2024-07-09T16:55:06.424+0000] {processor.py:830} INFO - Processing file /home/airflow/.local/lib/python3.11/site-packages/airflow/example_dags/example_python_decorator.py for tasks to queue
[2024-07-09T16:55:06.425+0000] {logging_mixin.py:188} INFO - [2024-07-09T16:55:06.425+0000] {dagbag.py:540} INFO - Filling up the DagBag from /home/airflow/.local/lib/python3.11/site-packages/airflow/example_dags/example_python_decorator.py
[2024-07-09T16:55:06.436+0000] {logging_mixin.py:188} INFO - [2024-07-09T16:55:06.435+0000] {example_python_decorator.py:79} WARNING - The virtalenv_python example task requires virtualenv, please install it.
[2024-07-09T16:55:06.436+0000] {processor.py:840} INFO - DAG(s) 'example_python_decorator' retrieved from /home/airflow/.local/lib/python3.11/site-packages/airflow/example_dags/example_python_decorator.py
[2024-07-09T16:55:06.458+0000] {logging_mixin.py:188} INFO - [2024-07-09T16:55:06.458+0000] {dag.py:3047} INFO - Sync 1 DAGs
[2024-07-09T16:55:06.470+0000] {logging_mixin.py:188} INFO - [2024-07-09T16:55:06.469+0000] {dag.py:3834} INFO - Setting next_dagrun for example_python_decorator to None, run_after=None
[2024-07-09T16:55:06.489+0000] {processor.py:183} INFO - Processing /home/airflow/.local/lib/python3.11/site-packages/airflow/example_dags/example_python_decorator.py took 0.069 seconds
[2024-07-09T16:55:36.922+0000] {processor.py:161} INFO - Started process (PID=2683) to work on /home/airflow/.local/lib/python3.11/site-packages/airflow/example_dags/example_python_decorator.py
[2024-07-09T16:55:36.924+0000] {processor.py:830} INFO - Processing file /home/airflow/.local/lib/python3.11/site-packages/airflow/example_dags/example_python_decorator.py for tasks to queue
[2024-07-09T16:55:36.925+0000] {logging_mixin.py:188} INFO - [2024-07-09T16:55:36.924+0000] {dagbag.py:540} INFO - Filling up the DagBag from /home/airflow/.local/lib/python3.11/site-packages/airflow/example_dags/example_python_decorator.py
[2024-07-09T16:55:36.936+0000] {logging_mixin.py:188} INFO - [2024-07-09T16:55:36.935+0000] {example_python_decorator.py:79} WARNING - The virtalenv_python example task requires virtualenv, please install it.
[2024-07-09T16:55:36.937+0000] {processor.py:840} INFO - DAG(s) 'example_python_decorator' retrieved from /home/airflow/.local/lib/python3.11/site-packages/airflow/example_dags/example_python_decorator.py
[2024-07-09T16:55:36.967+0000] {logging_mixin.py:188} INFO - [2024-07-09T16:55:36.967+0000] {dag.py:3047} INFO - Sync 1 DAGs
[2024-07-09T16:55:36.981+0000] {logging_mixin.py:188} INFO - [2024-07-09T16:55:36.981+0000] {dag.py:3834} INFO - Setting next_dagrun for example_python_decorator to None, run_after=None
[2024-07-09T16:55:36.999+0000] {processor.py:183} INFO - Processing /home/airflow/.local/lib/python3.11/site-packages/airflow/example_dags/example_python_decorator.py took 0.080 seconds
[2024-07-09T16:56:08.113+0000] {processor.py:161} INFO - Started process (PID=2945) to work on /home/airflow/.local/lib/python3.11/site-packages/airflow/example_dags/example_python_decorator.py
[2024-07-09T16:56:08.114+0000] {processor.py:830} INFO - Processing file /home/airflow/.local/lib/python3.11/site-packages/airflow/example_dags/example_python_decorator.py for tasks to queue
[2024-07-09T16:56:08.115+0000] {logging_mixin.py:188} INFO - [2024-07-09T16:56:08.114+0000] {dagbag.py:540} INFO - Filling up the DagBag from /home/airflow/.local/lib/python3.11/site-packages/airflow/example_dags/example_python_decorator.py
[2024-07-09T16:56:08.123+0000] {logging_mixin.py:188} INFO - [2024-07-09T16:56:08.123+0000] {example_python_decorator.py:79} WARNING - The virtalenv_python example task requires virtualenv, please install it.
[2024-07-09T16:56:08.124+0000] {processor.py:840} INFO - DAG(s) 'example_python_decorator' retrieved from /home/airflow/.local/lib/python3.11/site-packages/airflow/example_dags/example_python_decorator.py
[2024-07-09T16:56:08.147+0000] {logging_mixin.py:188} INFO - [2024-07-09T16:56:08.147+0000] {dag.py:3047} INFO - Sync 1 DAGs
[2024-07-09T16:56:08.160+0000] {logging_mixin.py:188} INFO - [2024-07-09T16:56:08.159+0000] {dag.py:3834} INFO - Setting next_dagrun for example_python_decorator to None, run_after=None
[2024-07-09T16:56:08.239+0000] {processor.py:183} INFO - Processing /home/airflow/.local/lib/python3.11/site-packages/airflow/example_dags/example_python_decorator.py took 0.130 seconds
[2024-07-09T16:56:38.402+0000] {processor.py:161} INFO - Started process (PID=3199) to work on /home/airflow/.local/lib/python3.11/site-packages/airflow/example_dags/example_python_decorator.py
[2024-07-09T16:56:38.404+0000] {processor.py:830} INFO - Processing file /home/airflow/.local/lib/python3.11/site-packages/airflow/example_dags/example_python_decorator.py for tasks to queue
[2024-07-09T16:56:38.405+0000] {logging_mixin.py:188} INFO - [2024-07-09T16:56:38.404+0000] {dagbag.py:540} INFO - Filling up the DagBag from /home/airflow/.local/lib/python3.11/site-packages/airflow/example_dags/example_python_decorator.py
[2024-07-09T16:56:38.413+0000] {logging_mixin.py:188} INFO - [2024-07-09T16:56:38.413+0000] {example_python_decorator.py:79} WARNING - The virtalenv_python example task requires virtualenv, please install it.
[2024-07-09T16:56:38.414+0000] {processor.py:840} INFO - DAG(s) 'example_python_decorator' retrieved from /home/airflow/.local/lib/python3.11/site-packages/airflow/example_dags/example_python_decorator.py
[2024-07-09T16:56:38.436+0000] {logging_mixin.py:188} INFO - [2024-07-09T16:56:38.435+0000] {dag.py:3047} INFO - Sync 1 DAGs
[2024-07-09T16:56:38.446+0000] {logging_mixin.py:188} INFO - [2024-07-09T16:56:38.446+0000] {dag.py:3834} INFO - Setting next_dagrun for example_python_decorator to None, run_after=None
[2024-07-09T16:56:38.464+0000] {processor.py:183} INFO - Processing /home/airflow/.local/lib/python3.11/site-packages/airflow/example_dags/example_python_decorator.py took 0.065 seconds
[2024-07-09T16:57:09.129+0000] {processor.py:161} INFO - Started process (PID=3455) to work on /home/airflow/.local/lib/python3.11/site-packages/airflow/example_dags/example_python_decorator.py
[2024-07-09T16:57:09.130+0000] {processor.py:830} INFO - Processing file /home/airflow/.local/lib/python3.11/site-packages/airflow/example_dags/example_python_decorator.py for tasks to queue
[2024-07-09T16:57:09.131+0000] {logging_mixin.py:188} INFO - [2024-07-09T16:57:09.131+0000] {dagbag.py:540} INFO - Filling up the DagBag from /home/airflow/.local/lib/python3.11/site-packages/airflow/example_dags/example_python_decorator.py
[2024-07-09T16:57:09.140+0000] {logging_mixin.py:188} INFO - [2024-07-09T16:57:09.140+0000] {example_python_decorator.py:79} WARNING - The virtalenv_python example task requires virtualenv, please install it.
[2024-07-09T16:57:09.141+0000] {processor.py:840} INFO - DAG(s) 'example_python_decorator' retrieved from /home/airflow/.local/lib/python3.11/site-packages/airflow/example_dags/example_python_decorator.py
[2024-07-09T16:57:09.165+0000] {logging_mixin.py:188} INFO - [2024-07-09T16:57:09.164+0000] {dag.py:3047} INFO - Sync 1 DAGs
[2024-07-09T16:57:09.175+0000] {logging_mixin.py:188} INFO - [2024-07-09T16:57:09.175+0000] {dag.py:3834} INFO - Setting next_dagrun for example_python_decorator to None, run_after=None
[2024-07-09T16:57:09.195+0000] {processor.py:183} INFO - Processing /home/airflow/.local/lib/python3.11/site-packages/airflow/example_dags/example_python_decorator.py took 0.068 seconds
[2024-07-09T16:57:40.182+0000] {processor.py:161} INFO - Started process (PID=3717) to work on /home/airflow/.local/lib/python3.11/site-packages/airflow/example_dags/example_python_decorator.py
[2024-07-09T16:57:40.183+0000] {processor.py:830} INFO - Processing file /home/airflow/.local/lib/python3.11/site-packages/airflow/example_dags/example_python_decorator.py for tasks to queue
[2024-07-09T16:57:40.185+0000] {logging_mixin.py:188} INFO - [2024-07-09T16:57:40.184+0000] {dagbag.py:540} INFO - Filling up the DagBag from /home/airflow/.local/lib/python3.11/site-packages/airflow/example_dags/example_python_decorator.py
[2024-07-09T16:57:40.194+0000] {logging_mixin.py:188} INFO - [2024-07-09T16:57:40.194+0000] {example_python_decorator.py:79} WARNING - The virtalenv_python example task requires virtualenv, please install it.
[2024-07-09T16:57:40.195+0000] {processor.py:840} INFO - DAG(s) 'example_python_decorator' retrieved from /home/airflow/.local/lib/python3.11/site-packages/airflow/example_dags/example_python_decorator.py
[2024-07-09T16:57:40.223+0000] {logging_mixin.py:188} INFO - [2024-07-09T16:57:40.223+0000] {dag.py:3047} INFO - Sync 1 DAGs
[2024-07-09T16:57:40.235+0000] {logging_mixin.py:188} INFO - [2024-07-09T16:57:40.235+0000] {dag.py:3834} INFO - Setting next_dagrun for example_python_decorator to None, run_after=None
[2024-07-09T16:57:40.257+0000] {processor.py:183} INFO - Processing /home/airflow/.local/lib/python3.11/site-packages/airflow/example_dags/example_python_decorator.py took 0.077 seconds
[2024-07-09T16:58:10.892+0000] {processor.py:161} INFO - Started process (PID=3979) to work on /home/airflow/.local/lib/python3.11/site-packages/airflow/example_dags/example_python_decorator.py
[2024-07-09T16:58:10.893+0000] {processor.py:830} INFO - Processing file /home/airflow/.local/lib/python3.11/site-packages/airflow/example_dags/example_python_decorator.py for tasks to queue
[2024-07-09T16:58:10.894+0000] {logging_mixin.py:188} INFO - [2024-07-09T16:58:10.893+0000] {dagbag.py:540} INFO - Filling up the DagBag from /home/airflow/.local/lib/python3.11/site-packages/airflow/example_dags/example_python_decorator.py
[2024-07-09T16:58:10.904+0000] {logging_mixin.py:188} INFO - [2024-07-09T16:58:10.903+0000] {example_python_decorator.py:79} WARNING - The virtalenv_python example task requires virtualenv, please install it.
[2024-07-09T16:58:10.904+0000] {processor.py:840} INFO - DAG(s) 'example_python_decorator' retrieved from /home/airflow/.local/lib/python3.11/site-packages/airflow/example_dags/example_python_decorator.py
[2024-07-09T16:58:10.928+0000] {logging_mixin.py:188} INFO - [2024-07-09T16:58:10.928+0000] {dag.py:3047} INFO - Sync 1 DAGs
[2024-07-09T16:58:10.939+0000] {logging_mixin.py:188} INFO - [2024-07-09T16:58:10.939+0000] {dag.py:3834} INFO - Setting next_dagrun for example_python_decorator to None, run_after=None
[2024-07-09T16:58:10.956+0000] {processor.py:183} INFO - Processing /home/airflow/.local/lib/python3.11/site-packages/airflow/example_dags/example_python_decorator.py took 0.068 seconds
[2024-07-09T16:58:41.329+0000] {processor.py:161} INFO - Started process (PID=4241) to work on /home/airflow/.local/lib/python3.11/site-packages/airflow/example_dags/example_python_decorator.py
[2024-07-09T16:58:41.331+0000] {processor.py:830} INFO - Processing file /home/airflow/.local/lib/python3.11/site-packages/airflow/example_dags/example_python_decorator.py for tasks to queue
[2024-07-09T16:58:41.331+0000] {logging_mixin.py:188} INFO - [2024-07-09T16:58:41.331+0000] {dagbag.py:540} INFO - Filling up the DagBag from /home/airflow/.local/lib/python3.11/site-packages/airflow/example_dags/example_python_decorator.py
[2024-07-09T16:58:41.341+0000] {logging_mixin.py:188} INFO - [2024-07-09T16:58:41.341+0000] {example_python_decorator.py:79} WARNING - The virtalenv_python example task requires virtualenv, please install it.
[2024-07-09T16:58:41.342+0000] {processor.py:840} INFO - DAG(s) 'example_python_decorator' retrieved from /home/airflow/.local/lib/python3.11/site-packages/airflow/example_dags/example_python_decorator.py
[2024-07-09T16:58:41.363+0000] {logging_mixin.py:188} INFO - [2024-07-09T16:58:41.363+0000] {dag.py:3047} INFO - Sync 1 DAGs
[2024-07-09T16:58:41.375+0000] {logging_mixin.py:188} INFO - [2024-07-09T16:58:41.375+0000] {dag.py:3834} INFO - Setting next_dagrun for example_python_decorator to None, run_after=None
[2024-07-09T16:58:41.391+0000] {processor.py:183} INFO - Processing /home/airflow/.local/lib/python3.11/site-packages/airflow/example_dags/example_python_decorator.py took 0.064 seconds
[2024-07-09T16:59:12.316+0000] {processor.py:161} INFO - Started process (PID=4503) to work on /home/airflow/.local/lib/python3.11/site-packages/airflow/example_dags/example_python_decorator.py
[2024-07-09T16:59:12.317+0000] {processor.py:830} INFO - Processing file /home/airflow/.local/lib/python3.11/site-packages/airflow/example_dags/example_python_decorator.py for tasks to queue
[2024-07-09T16:59:12.318+0000] {logging_mixin.py:188} INFO - [2024-07-09T16:59:12.318+0000] {dagbag.py:540} INFO - Filling up the DagBag from /home/airflow/.local/lib/python3.11/site-packages/airflow/example_dags/example_python_decorator.py
[2024-07-09T16:59:12.328+0000] {logging_mixin.py:188} INFO - [2024-07-09T16:59:12.328+0000] {example_python_decorator.py:79} WARNING - The virtalenv_python example task requires virtualenv, please install it.
[2024-07-09T16:59:12.329+0000] {processor.py:840} INFO - DAG(s) 'example_python_decorator' retrieved from /home/airflow/.local/lib/python3.11/site-packages/airflow/example_dags/example_python_decorator.py
[2024-07-09T16:59:12.351+0000] {logging_mixin.py:188} INFO - [2024-07-09T16:59:12.351+0000] {dag.py:3047} INFO - Sync 1 DAGs
[2024-07-09T16:59:12.363+0000] {logging_mixin.py:188} INFO - [2024-07-09T16:59:12.363+0000] {dag.py:3834} INFO - Setting next_dagrun for example_python_decorator to None, run_after=None
[2024-07-09T16:59:12.387+0000] {processor.py:183} INFO - Processing /home/airflow/.local/lib/python3.11/site-packages/airflow/example_dags/example_python_decorator.py took 0.074 seconds
[2024-07-09T16:59:42.531+0000] {processor.py:161} INFO - Started process (PID=4765) to work on /home/airflow/.local/lib/python3.11/site-packages/airflow/example_dags/example_python_decorator.py
[2024-07-09T16:59:42.533+0000] {processor.py:830} INFO - Processing file /home/airflow/.local/lib/python3.11/site-packages/airflow/example_dags/example_python_decorator.py for tasks to queue
[2024-07-09T16:59:42.535+0000] {logging_mixin.py:188} INFO - [2024-07-09T16:59:42.534+0000] {dagbag.py:540} INFO - Filling up the DagBag from /home/airflow/.local/lib/python3.11/site-packages/airflow/example_dags/example_python_decorator.py
[2024-07-09T16:59:42.547+0000] {logging_mixin.py:188} INFO - [2024-07-09T16:59:42.547+0000] {example_python_decorator.py:79} WARNING - The virtalenv_python example task requires virtualenv, please install it.
[2024-07-09T16:59:42.548+0000] {processor.py:840} INFO - DAG(s) 'example_python_decorator' retrieved from /home/airflow/.local/lib/python3.11/site-packages/airflow/example_dags/example_python_decorator.py
[2024-07-09T16:59:42.582+0000] {logging_mixin.py:188} INFO - [2024-07-09T16:59:42.581+0000] {dag.py:3047} INFO - Sync 1 DAGs
[2024-07-09T16:59:42.597+0000] {logging_mixin.py:188} INFO - [2024-07-09T16:59:42.597+0000] {dag.py:3834} INFO - Setting next_dagrun for example_python_decorator to None, run_after=None
[2024-07-09T16:59:42.614+0000] {processor.py:183} INFO - Processing /home/airflow/.local/lib/python3.11/site-packages/airflow/example_dags/example_python_decorator.py took 0.087 seconds
[2024-07-09T17:00:13.097+0000] {processor.py:161} INFO - Started process (PID=5029) to work on /home/airflow/.local/lib/python3.11/site-packages/airflow/example_dags/example_python_decorator.py
[2024-07-09T17:00:13.099+0000] {processor.py:830} INFO - Processing file /home/airflow/.local/lib/python3.11/site-packages/airflow/example_dags/example_python_decorator.py for tasks to queue
[2024-07-09T17:00:13.100+0000] {logging_mixin.py:188} INFO - [2024-07-09T17:00:13.099+0000] {dagbag.py:540} INFO - Filling up the DagBag from /home/airflow/.local/lib/python3.11/site-packages/airflow/example_dags/example_python_decorator.py
[2024-07-09T17:00:13.107+0000] {logging_mixin.py:188} INFO - [2024-07-09T17:00:13.107+0000] {example_python_decorator.py:79} WARNING - The virtalenv_python example task requires virtualenv, please install it.
[2024-07-09T17:00:13.108+0000] {processor.py:840} INFO - DAG(s) 'example_python_decorator' retrieved from /home/airflow/.local/lib/python3.11/site-packages/airflow/example_dags/example_python_decorator.py
[2024-07-09T17:00:13.129+0000] {logging_mixin.py:188} INFO - [2024-07-09T17:00:13.129+0000] {dag.py:3047} INFO - Sync 1 DAGs
[2024-07-09T17:00:13.139+0000] {logging_mixin.py:188} INFO - [2024-07-09T17:00:13.139+0000] {dag.py:3834} INFO - Setting next_dagrun for example_python_decorator to None, run_after=None
[2024-07-09T17:00:13.157+0000] {processor.py:183} INFO - Processing /home/airflow/.local/lib/python3.11/site-packages/airflow/example_dags/example_python_decorator.py took 0.063 seconds
[2024-07-09T17:00:43.465+0000] {processor.py:161} INFO - Started process (PID=5289) to work on /home/airflow/.local/lib/python3.11/site-packages/airflow/example_dags/example_python_decorator.py
[2024-07-09T17:00:43.466+0000] {processor.py:830} INFO - Processing file /home/airflow/.local/lib/python3.11/site-packages/airflow/example_dags/example_python_decorator.py for tasks to queue
[2024-07-09T17:00:43.467+0000] {logging_mixin.py:188} INFO - [2024-07-09T17:00:43.467+0000] {dagbag.py:540} INFO - Filling up the DagBag from /home/airflow/.local/lib/python3.11/site-packages/airflow/example_dags/example_python_decorator.py
[2024-07-09T17:00:43.478+0000] {logging_mixin.py:188} INFO - [2024-07-09T17:00:43.478+0000] {example_python_decorator.py:79} WARNING - The virtalenv_python example task requires virtualenv, please install it.
[2024-07-09T17:00:43.479+0000] {processor.py:840} INFO - DAG(s) 'example_python_decorator' retrieved from /home/airflow/.local/lib/python3.11/site-packages/airflow/example_dags/example_python_decorator.py
[2024-07-09T17:00:43.503+0000] {logging_mixin.py:188} INFO - [2024-07-09T17:00:43.502+0000] {dag.py:3047} INFO - Sync 1 DAGs
[2024-07-09T17:00:43.515+0000] {logging_mixin.py:188} INFO - [2024-07-09T17:00:43.515+0000] {dag.py:3834} INFO - Setting next_dagrun for example_python_decorator to None, run_after=None
[2024-07-09T17:00:43.534+0000] {processor.py:183} INFO - Processing /home/airflow/.local/lib/python3.11/site-packages/airflow/example_dags/example_python_decorator.py took 0.072 seconds
[2024-07-09T17:01:13.669+0000] {processor.py:161} INFO - Started process (PID=5551) to work on /home/airflow/.local/lib/python3.11/site-packages/airflow/example_dags/example_python_decorator.py
[2024-07-09T17:01:13.671+0000] {processor.py:830} INFO - Processing file /home/airflow/.local/lib/python3.11/site-packages/airflow/example_dags/example_python_decorator.py for tasks to queue
[2024-07-09T17:01:13.672+0000] {logging_mixin.py:188} INFO - [2024-07-09T17:01:13.671+0000] {dagbag.py:540} INFO - Filling up the DagBag from /home/airflow/.local/lib/python3.11/site-packages/airflow/example_dags/example_python_decorator.py
[2024-07-09T17:01:13.684+0000] {logging_mixin.py:188} INFO - [2024-07-09T17:01:13.684+0000] {example_python_decorator.py:79} WARNING - The virtalenv_python example task requires virtualenv, please install it.
[2024-07-09T17:01:13.685+0000] {processor.py:840} INFO - DAG(s) 'example_python_decorator' retrieved from /home/airflow/.local/lib/python3.11/site-packages/airflow/example_dags/example_python_decorator.py
[2024-07-09T17:01:13.708+0000] {logging_mixin.py:188} INFO - [2024-07-09T17:01:13.708+0000] {dag.py:3047} INFO - Sync 1 DAGs
[2024-07-09T17:01:13.720+0000] {logging_mixin.py:188} INFO - [2024-07-09T17:01:13.720+0000] {dag.py:3834} INFO - Setting next_dagrun for example_python_decorator to None, run_after=None
[2024-07-09T17:01:13.740+0000] {processor.py:183} INFO - Processing /home/airflow/.local/lib/python3.11/site-packages/airflow/example_dags/example_python_decorator.py took 0.074 seconds
[2024-07-09T17:01:43.877+0000] {processor.py:161} INFO - Started process (PID=5813) to work on /home/airflow/.local/lib/python3.11/site-packages/airflow/example_dags/example_python_decorator.py
[2024-07-09T17:01:43.879+0000] {processor.py:830} INFO - Processing file /home/airflow/.local/lib/python3.11/site-packages/airflow/example_dags/example_python_decorator.py for tasks to queue
[2024-07-09T17:01:43.880+0000] {logging_mixin.py:188} INFO - [2024-07-09T17:01:43.879+0000] {dagbag.py:540} INFO - Filling up the DagBag from /home/airflow/.local/lib/python3.11/site-packages/airflow/example_dags/example_python_decorator.py
[2024-07-09T17:01:43.890+0000] {logging_mixin.py:188} INFO - [2024-07-09T17:01:43.890+0000] {example_python_decorator.py:79} WARNING - The virtalenv_python example task requires virtualenv, please install it.
[2024-07-09T17:01:43.891+0000] {processor.py:840} INFO - DAG(s) 'example_python_decorator' retrieved from /home/airflow/.local/lib/python3.11/site-packages/airflow/example_dags/example_python_decorator.py
[2024-07-09T17:01:43.921+0000] {logging_mixin.py:188} INFO - [2024-07-09T17:01:43.920+0000] {dag.py:3047} INFO - Sync 1 DAGs
[2024-07-09T17:01:43.936+0000] {logging_mixin.py:188} INFO - [2024-07-09T17:01:43.935+0000] {dag.py:3834} INFO - Setting next_dagrun for example_python_decorator to None, run_after=None
[2024-07-09T17:01:43.961+0000] {processor.py:183} INFO - Processing /home/airflow/.local/lib/python3.11/site-packages/airflow/example_dags/example_python_decorator.py took 0.087 seconds
[2024-07-09T17:02:14.890+0000] {processor.py:161} INFO - Started process (PID=6075) to work on /home/airflow/.local/lib/python3.11/site-packages/airflow/example_dags/example_python_decorator.py
[2024-07-09T17:02:14.891+0000] {processor.py:830} INFO - Processing file /home/airflow/.local/lib/python3.11/site-packages/airflow/example_dags/example_python_decorator.py for tasks to queue
[2024-07-09T17:02:14.892+0000] {logging_mixin.py:188} INFO - [2024-07-09T17:02:14.892+0000] {dagbag.py:540} INFO - Filling up the DagBag from /home/airflow/.local/lib/python3.11/site-packages/airflow/example_dags/example_python_decorator.py
[2024-07-09T17:02:14.901+0000] {logging_mixin.py:188} INFO - [2024-07-09T17:02:14.901+0000] {example_python_decorator.py:79} WARNING - The virtalenv_python example task requires virtualenv, please install it.
[2024-07-09T17:02:14.902+0000] {processor.py:840} INFO - DAG(s) 'example_python_decorator' retrieved from /home/airflow/.local/lib/python3.11/site-packages/airflow/example_dags/example_python_decorator.py
[2024-07-09T17:02:14.925+0000] {logging_mixin.py:188} INFO - [2024-07-09T17:02:14.924+0000] {dag.py:3047} INFO - Sync 1 DAGs
[2024-07-09T17:02:14.936+0000] {logging_mixin.py:188} INFO - [2024-07-09T17:02:14.936+0000] {dag.py:3834} INFO - Setting next_dagrun for example_python_decorator to None, run_after=None
[2024-07-09T17:02:14.955+0000] {processor.py:183} INFO - Processing /home/airflow/.local/lib/python3.11/site-packages/airflow/example_dags/example_python_decorator.py took 0.068 seconds
[2024-07-09T17:02:45.537+0000] {processor.py:161} INFO - Started process (PID=6337) to work on /home/airflow/.local/lib/python3.11/site-packages/airflow/example_dags/example_python_decorator.py
[2024-07-09T17:02:45.538+0000] {processor.py:830} INFO - Processing file /home/airflow/.local/lib/python3.11/site-packages/airflow/example_dags/example_python_decorator.py for tasks to queue
[2024-07-09T17:02:45.539+0000] {logging_mixin.py:188} INFO - [2024-07-09T17:02:45.539+0000] {dagbag.py:540} INFO - Filling up the DagBag from /home/airflow/.local/lib/python3.11/site-packages/airflow/example_dags/example_python_decorator.py
[2024-07-09T17:02:45.549+0000] {logging_mixin.py:188} INFO - [2024-07-09T17:02:45.549+0000] {example_python_decorator.py:79} WARNING - The virtalenv_python example task requires virtualenv, please install it.
[2024-07-09T17:02:45.550+0000] {processor.py:840} INFO - DAG(s) 'example_python_decorator' retrieved from /home/airflow/.local/lib/python3.11/site-packages/airflow/example_dags/example_python_decorator.py
[2024-07-09T17:02:45.575+0000] {logging_mixin.py:188} INFO - [2024-07-09T17:02:45.574+0000] {dag.py:3047} INFO - Sync 1 DAGs
[2024-07-09T17:02:45.585+0000] {logging_mixin.py:188} INFO - [2024-07-09T17:02:45.585+0000] {dag.py:3834} INFO - Setting next_dagrun for example_python_decorator to None, run_after=None
[2024-07-09T17:02:45.622+0000] {processor.py:183} INFO - Processing /home/airflow/.local/lib/python3.11/site-packages/airflow/example_dags/example_python_decorator.py took 0.088 seconds
[2024-07-09T17:03:15.986+0000] {processor.py:161} INFO - Started process (PID=6599) to work on /home/airflow/.local/lib/python3.11/site-packages/airflow/example_dags/example_python_decorator.py
[2024-07-09T17:03:15.987+0000] {processor.py:830} INFO - Processing file /home/airflow/.local/lib/python3.11/site-packages/airflow/example_dags/example_python_decorator.py for tasks to queue
[2024-07-09T17:03:15.989+0000] {logging_mixin.py:188} INFO - [2024-07-09T17:03:15.988+0000] {dagbag.py:540} INFO - Filling up the DagBag from /home/airflow/.local/lib/python3.11/site-packages/airflow/example_dags/example_python_decorator.py
[2024-07-09T17:03:15.999+0000] {logging_mixin.py:188} INFO - [2024-07-09T17:03:15.998+0000] {example_python_decorator.py:79} WARNING - The virtalenv_python example task requires virtualenv, please install it.
[2024-07-09T17:03:15.999+0000] {processor.py:840} INFO - DAG(s) 'example_python_decorator' retrieved from /home/airflow/.local/lib/python3.11/site-packages/airflow/example_dags/example_python_decorator.py
[2024-07-09T17:03:16.026+0000] {logging_mixin.py:188} INFO - [2024-07-09T17:03:16.026+0000] {dag.py:3047} INFO - Sync 1 DAGs
[2024-07-09T17:03:16.037+0000] {logging_mixin.py:188} INFO - [2024-07-09T17:03:16.037+0000] {dag.py:3834} INFO - Setting next_dagrun for example_python_decorator to None, run_after=None
[2024-07-09T17:03:16.071+0000] {processor.py:183} INFO - Processing /home/airflow/.local/lib/python3.11/site-packages/airflow/example_dags/example_python_decorator.py took 0.088 seconds
[2024-07-09T17:03:46.737+0000] {processor.py:161} INFO - Started process (PID=6861) to work on /home/airflow/.local/lib/python3.11/site-packages/airflow/example_dags/example_python_decorator.py
[2024-07-09T17:03:46.738+0000] {processor.py:830} INFO - Processing file /home/airflow/.local/lib/python3.11/site-packages/airflow/example_dags/example_python_decorator.py for tasks to queue
[2024-07-09T17:03:46.739+0000] {logging_mixin.py:188} INFO - [2024-07-09T17:03:46.738+0000] {dagbag.py:540} INFO - Filling up the DagBag from /home/airflow/.local/lib/python3.11/site-packages/airflow/example_dags/example_python_decorator.py
[2024-07-09T17:03:46.748+0000] {logging_mixin.py:188} INFO - [2024-07-09T17:03:46.747+0000] {example_python_decorator.py:79} WARNING - The virtalenv_python example task requires virtualenv, please install it.
[2024-07-09T17:03:46.749+0000] {processor.py:840} INFO - DAG(s) 'example_python_decorator' retrieved from /home/airflow/.local/lib/python3.11/site-packages/airflow/example_dags/example_python_decorator.py
[2024-07-09T17:03:46.772+0000] {logging_mixin.py:188} INFO - [2024-07-09T17:03:46.772+0000] {dag.py:3047} INFO - Sync 1 DAGs
[2024-07-09T17:03:46.782+0000] {logging_mixin.py:188} INFO - [2024-07-09T17:03:46.782+0000] {dag.py:3834} INFO - Setting next_dagrun for example_python_decorator to None, run_after=None
[2024-07-09T17:03:46.817+0000] {processor.py:183} INFO - Processing /home/airflow/.local/lib/python3.11/site-packages/airflow/example_dags/example_python_decorator.py took 0.083 seconds
[2024-07-09T17:04:17.597+0000] {processor.py:161} INFO - Started process (PID=7123) to work on /home/airflow/.local/lib/python3.11/site-packages/airflow/example_dags/example_python_decorator.py
[2024-07-09T17:04:17.598+0000] {processor.py:830} INFO - Processing file /home/airflow/.local/lib/python3.11/site-packages/airflow/example_dags/example_python_decorator.py for tasks to queue
[2024-07-09T17:04:17.599+0000] {logging_mixin.py:188} INFO - [2024-07-09T17:04:17.599+0000] {dagbag.py:540} INFO - Filling up the DagBag from /home/airflow/.local/lib/python3.11/site-packages/airflow/example_dags/example_python_decorator.py
[2024-07-09T17:04:17.607+0000] {logging_mixin.py:188} INFO - [2024-07-09T17:04:17.606+0000] {example_python_decorator.py:79} WARNING - The virtalenv_python example task requires virtualenv, please install it.
[2024-07-09T17:04:17.608+0000] {processor.py:840} INFO - DAG(s) 'example_python_decorator' retrieved from /home/airflow/.local/lib/python3.11/site-packages/airflow/example_dags/example_python_decorator.py
[2024-07-09T17:04:17.633+0000] {logging_mixin.py:188} INFO - [2024-07-09T17:04:17.633+0000] {dag.py:3047} INFO - Sync 1 DAGs
[2024-07-09T17:04:17.646+0000] {logging_mixin.py:188} INFO - [2024-07-09T17:04:17.646+0000] {dag.py:3834} INFO - Setting next_dagrun for example_python_decorator to None, run_after=None
[2024-07-09T17:04:17.685+0000] {processor.py:183} INFO - Processing /home/airflow/.local/lib/python3.11/site-packages/airflow/example_dags/example_python_decorator.py took 0.091 seconds
[2024-07-09T17:04:48.458+0000] {processor.py:161} INFO - Started process (PID=7419) to work on /home/airflow/.local/lib/python3.11/site-packages/airflow/example_dags/example_python_decorator.py
[2024-07-09T17:04:48.459+0000] {processor.py:830} INFO - Processing file /home/airflow/.local/lib/python3.11/site-packages/airflow/example_dags/example_python_decorator.py for tasks to queue
[2024-07-09T17:04:48.460+0000] {logging_mixin.py:188} INFO - [2024-07-09T17:04:48.459+0000] {dagbag.py:540} INFO - Filling up the DagBag from /home/airflow/.local/lib/python3.11/site-packages/airflow/example_dags/example_python_decorator.py
[2024-07-09T17:04:48.470+0000] {logging_mixin.py:188} INFO - [2024-07-09T17:04:48.470+0000] {example_python_decorator.py:79} WARNING - The virtalenv_python example task requires virtualenv, please install it.
[2024-07-09T17:04:48.471+0000] {processor.py:840} INFO - DAG(s) 'example_python_decorator' retrieved from /home/airflow/.local/lib/python3.11/site-packages/airflow/example_dags/example_python_decorator.py
[2024-07-09T17:04:48.498+0000] {logging_mixin.py:188} INFO - [2024-07-09T17:04:48.497+0000] {dag.py:3047} INFO - Sync 1 DAGs
[2024-07-09T17:04:48.509+0000] {logging_mixin.py:188} INFO - [2024-07-09T17:04:48.509+0000] {dag.py:3834} INFO - Setting next_dagrun for example_python_decorator to None, run_after=None
[2024-07-09T17:04:48.547+0000] {processor.py:183} INFO - Processing /home/airflow/.local/lib/python3.11/site-packages/airflow/example_dags/example_python_decorator.py took 0.092 seconds
[2024-07-09T17:05:19.312+0000] {processor.py:161} INFO - Started process (PID=7681) to work on /home/airflow/.local/lib/python3.11/site-packages/airflow/example_dags/example_python_decorator.py
[2024-07-09T17:05:19.314+0000] {processor.py:830} INFO - Processing file /home/airflow/.local/lib/python3.11/site-packages/airflow/example_dags/example_python_decorator.py for tasks to queue
[2024-07-09T17:05:19.315+0000] {logging_mixin.py:188} INFO - [2024-07-09T17:05:19.315+0000] {dagbag.py:540} INFO - Filling up the DagBag from /home/airflow/.local/lib/python3.11/site-packages/airflow/example_dags/example_python_decorator.py
[2024-07-09T17:05:19.326+0000] {logging_mixin.py:188} INFO - [2024-07-09T17:05:19.326+0000] {example_python_decorator.py:79} WARNING - The virtalenv_python example task requires virtualenv, please install it.
[2024-07-09T17:05:19.327+0000] {processor.py:840} INFO - DAG(s) 'example_python_decorator' retrieved from /home/airflow/.local/lib/python3.11/site-packages/airflow/example_dags/example_python_decorator.py
[2024-07-09T17:05:19.351+0000] {logging_mixin.py:188} INFO - [2024-07-09T17:05:19.351+0000] {dag.py:3047} INFO - Sync 1 DAGs
[2024-07-09T17:05:19.366+0000] {logging_mixin.py:188} INFO - [2024-07-09T17:05:19.366+0000] {dag.py:3834} INFO - Setting next_dagrun for example_python_decorator to None, run_after=None
[2024-07-09T17:05:19.404+0000] {processor.py:183} INFO - Processing /home/airflow/.local/lib/python3.11/site-packages/airflow/example_dags/example_python_decorator.py took 0.095 seconds
[2024-07-09T17:05:49.951+0000] {processor.py:161} INFO - Started process (PID=7943) to work on /home/airflow/.local/lib/python3.11/site-packages/airflow/example_dags/example_python_decorator.py
[2024-07-09T17:05:49.952+0000] {processor.py:830} INFO - Processing file /home/airflow/.local/lib/python3.11/site-packages/airflow/example_dags/example_python_decorator.py for tasks to queue
[2024-07-09T17:05:49.954+0000] {logging_mixin.py:188} INFO - [2024-07-09T17:05:49.953+0000] {dagbag.py:540} INFO - Filling up the DagBag from /home/airflow/.local/lib/python3.11/site-packages/airflow/example_dags/example_python_decorator.py
[2024-07-09T17:05:49.964+0000] {logging_mixin.py:188} INFO - [2024-07-09T17:05:49.964+0000] {example_python_decorator.py:79} WARNING - The virtalenv_python example task requires virtualenv, please install it.
[2024-07-09T17:05:49.965+0000] {processor.py:840} INFO - DAG(s) 'example_python_decorator' retrieved from /home/airflow/.local/lib/python3.11/site-packages/airflow/example_dags/example_python_decorator.py
[2024-07-09T17:05:49.989+0000] {logging_mixin.py:188} INFO - [2024-07-09T17:05:49.989+0000] {dag.py:3047} INFO - Sync 1 DAGs
[2024-07-09T17:05:50.003+0000] {logging_mixin.py:188} INFO - [2024-07-09T17:05:50.002+0000] {dag.py:3834} INFO - Setting next_dagrun for example_python_decorator to None, run_after=None
[2024-07-09T17:05:50.041+0000] {processor.py:183} INFO - Processing /home/airflow/.local/lib/python3.11/site-packages/airflow/example_dags/example_python_decorator.py took 0.095 seconds
[2024-07-09T17:06:20.100+0000] {processor.py:161} INFO - Started process (PID=8202) to work on /home/airflow/.local/lib/python3.11/site-packages/airflow/example_dags/example_python_decorator.py
[2024-07-09T17:06:20.101+0000] {processor.py:830} INFO - Processing file /home/airflow/.local/lib/python3.11/site-packages/airflow/example_dags/example_python_decorator.py for tasks to queue
[2024-07-09T17:06:20.103+0000] {logging_mixin.py:188} INFO - [2024-07-09T17:06:20.102+0000] {dagbag.py:540} INFO - Filling up the DagBag from /home/airflow/.local/lib/python3.11/site-packages/airflow/example_dags/example_python_decorator.py
[2024-07-09T17:06:20.112+0000] {logging_mixin.py:188} INFO - [2024-07-09T17:06:20.112+0000] {example_python_decorator.py:79} WARNING - The virtalenv_python example task requires virtualenv, please install it.
[2024-07-09T17:06:20.113+0000] {processor.py:840} INFO - DAG(s) 'example_python_decorator' retrieved from /home/airflow/.local/lib/python3.11/site-packages/airflow/example_dags/example_python_decorator.py
[2024-07-09T17:06:20.135+0000] {logging_mixin.py:188} INFO - [2024-07-09T17:06:20.135+0000] {dag.py:3047} INFO - Sync 1 DAGs
[2024-07-09T17:06:20.148+0000] {logging_mixin.py:188} INFO - [2024-07-09T17:06:20.148+0000] {dag.py:3834} INFO - Setting next_dagrun for example_python_decorator to None, run_after=None
[2024-07-09T17:06:20.168+0000] {processor.py:183} INFO - Processing /home/airflow/.local/lib/python3.11/site-packages/airflow/example_dags/example_python_decorator.py took 0.071 seconds
[2024-07-09T17:06:50.287+0000] {processor.py:161} INFO - Started process (PID=8464) to work on /home/airflow/.local/lib/python3.11/site-packages/airflow/example_dags/example_python_decorator.py
[2024-07-09T17:06:50.288+0000] {processor.py:830} INFO - Processing file /home/airflow/.local/lib/python3.11/site-packages/airflow/example_dags/example_python_decorator.py for tasks to queue
[2024-07-09T17:06:50.289+0000] {logging_mixin.py:188} INFO - [2024-07-09T17:06:50.289+0000] {dagbag.py:540} INFO - Filling up the DagBag from /home/airflow/.local/lib/python3.11/site-packages/airflow/example_dags/example_python_decorator.py
[2024-07-09T17:06:50.300+0000] {logging_mixin.py:188} INFO - [2024-07-09T17:06:50.300+0000] {example_python_decorator.py:79} WARNING - The virtalenv_python example task requires virtualenv, please install it.
[2024-07-09T17:06:50.301+0000] {processor.py:840} INFO - DAG(s) 'example_python_decorator' retrieved from /home/airflow/.local/lib/python3.11/site-packages/airflow/example_dags/example_python_decorator.py
[2024-07-09T17:06:50.323+0000] {logging_mixin.py:188} INFO - [2024-07-09T17:06:50.322+0000] {dag.py:3047} INFO - Sync 1 DAGs
[2024-07-09T17:06:50.334+0000] {logging_mixin.py:188} INFO - [2024-07-09T17:06:50.334+0000] {dag.py:3834} INFO - Setting next_dagrun for example_python_decorator to None, run_after=None
[2024-07-09T17:06:50.354+0000] {processor.py:183} INFO - Processing /home/airflow/.local/lib/python3.11/site-packages/airflow/example_dags/example_python_decorator.py took 0.070 seconds
