[2024-07-09T16:50:55.721+0000] {processor.py:161} INFO - Started process (PID=180) to work on /home/airflow/.local/lib/python3.11/site-packages/airflow/example_dags/example_bash_operator.py
[2024-07-09T16:50:55.725+0000] {processor.py:830} INFO - Processing file /home/airflow/.local/lib/python3.11/site-packages/airflow/example_dags/example_bash_operator.py for tasks to queue
[2024-07-09T16:50:55.728+0000] {logging_mixin.py:188} INFO - [2024-07-09T16:50:55.727+0000] {dagbag.py:540} INFO - Filling up the DagBag from /home/airflow/.local/lib/python3.11/site-packages/airflow/example_dags/example_bash_operator.py
[2024-07-09T16:50:55.759+0000] {processor.py:840} INFO - DAG(s) 'example_bash_operator' retrieved from /home/airflow/.local/lib/python3.11/site-packages/airflow/example_dags/example_bash_operator.py
[2024-07-09T16:50:55.979+0000] {logging_mixin.py:188} INFO - [2024-07-09T16:50:55.977+0000] {override.py:1769} INFO - Created Permission View: can delete on DAG:example_bash_operator
[2024-07-09T16:50:56.002+0000] {logging_mixin.py:188} INFO - [2024-07-09T16:50:56.001+0000] {override.py:1769} INFO - Created Permission View: can edit on DAG:example_bash_operator
[2024-07-09T16:50:56.014+0000] {logging_mixin.py:188} INFO - [2024-07-09T16:50:56.014+0000] {override.py:1769} INFO - Created Permission View: can read on DAG:example_bash_operator
[2024-07-09T16:50:56.015+0000] {logging_mixin.py:188} INFO - [2024-07-09T16:50:56.015+0000] {dag.py:3047} INFO - Sync 1 DAGs
[2024-07-09T16:50:56.044+0000] {logging_mixin.py:188} INFO - [2024-07-09T16:50:56.042+0000] {dag.py:3069} INFO - Creating ORM DAG for example_bash_operator
[2024-07-09T16:50:56.073+0000] {logging_mixin.py:188} INFO - [2024-07-09T16:50:56.072+0000] {dag.py:3834} INFO - Setting next_dagrun for example_bash_operator to 2024-07-08 00:00:00+00:00, run_after=2024-07-09 00:00:00+00:00
[2024-07-09T16:50:56.115+0000] {processor.py:183} INFO - Processing /home/airflow/.local/lib/python3.11/site-packages/airflow/example_dags/example_bash_operator.py took 0.399 seconds
[2024-07-09T16:51:26.438+0000] {processor.py:161} INFO - Started process (PID=433) to work on /home/airflow/.local/lib/python3.11/site-packages/airflow/example_dags/example_bash_operator.py
[2024-07-09T16:51:26.439+0000] {processor.py:830} INFO - Processing file /home/airflow/.local/lib/python3.11/site-packages/airflow/example_dags/example_bash_operator.py for tasks to queue
[2024-07-09T16:51:26.440+0000] {logging_mixin.py:188} INFO - [2024-07-09T16:51:26.440+0000] {dagbag.py:540} INFO - Filling up the DagBag from /home/airflow/.local/lib/python3.11/site-packages/airflow/example_dags/example_bash_operator.py
[2024-07-09T16:51:26.460+0000] {processor.py:840} INFO - DAG(s) 'example_bash_operator' retrieved from /home/airflow/.local/lib/python3.11/site-packages/airflow/example_dags/example_bash_operator.py
[2024-07-09T16:51:26.499+0000] {logging_mixin.py:188} INFO - [2024-07-09T16:51:26.499+0000] {dag.py:3047} INFO - Sync 1 DAGs
[2024-07-09T16:51:26.532+0000] {logging_mixin.py:188} INFO - [2024-07-09T16:51:26.532+0000] {dag.py:3834} INFO - Setting next_dagrun for example_bash_operator to 2024-07-08 00:00:00+00:00, run_after=2024-07-09 00:00:00+00:00
[2024-07-09T16:51:26.567+0000] {processor.py:183} INFO - Processing /home/airflow/.local/lib/python3.11/site-packages/airflow/example_dags/example_bash_operator.py took 0.133 seconds
[2024-07-09T16:51:56.700+0000] {processor.py:161} INFO - Started process (PID=690) to work on /home/airflow/.local/lib/python3.11/site-packages/airflow/example_dags/example_bash_operator.py
[2024-07-09T16:51:56.701+0000] {processor.py:830} INFO - Processing file /home/airflow/.local/lib/python3.11/site-packages/airflow/example_dags/example_bash_operator.py for tasks to queue
[2024-07-09T16:51:56.702+0000] {logging_mixin.py:188} INFO - [2024-07-09T16:51:56.702+0000] {dagbag.py:540} INFO - Filling up the DagBag from /home/airflow/.local/lib/python3.11/site-packages/airflow/example_dags/example_bash_operator.py
[2024-07-09T16:51:56.715+0000] {processor.py:840} INFO - DAG(s) 'example_bash_operator' retrieved from /home/airflow/.local/lib/python3.11/site-packages/airflow/example_dags/example_bash_operator.py
[2024-07-09T16:51:56.750+0000] {logging_mixin.py:188} INFO - [2024-07-09T16:51:56.750+0000] {dag.py:3047} INFO - Sync 1 DAGs
[2024-07-09T16:51:56.783+0000] {logging_mixin.py:188} INFO - [2024-07-09T16:51:56.783+0000] {dag.py:3834} INFO - Setting next_dagrun for example_bash_operator to 2024-07-08 00:00:00+00:00, run_after=2024-07-09 00:00:00+00:00
[2024-07-09T16:51:56.805+0000] {processor.py:183} INFO - Processing /home/airflow/.local/lib/python3.11/site-packages/airflow/example_dags/example_bash_operator.py took 0.109 seconds
[2024-07-09T16:52:27.145+0000] {processor.py:161} INFO - Started process (PID=952) to work on /home/airflow/.local/lib/python3.11/site-packages/airflow/example_dags/example_bash_operator.py
[2024-07-09T16:52:27.147+0000] {processor.py:830} INFO - Processing file /home/airflow/.local/lib/python3.11/site-packages/airflow/example_dags/example_bash_operator.py for tasks to queue
[2024-07-09T16:52:27.148+0000] {logging_mixin.py:188} INFO - [2024-07-09T16:52:27.148+0000] {dagbag.py:540} INFO - Filling up the DagBag from /home/airflow/.local/lib/python3.11/site-packages/airflow/example_dags/example_bash_operator.py
[2024-07-09T16:52:27.161+0000] {processor.py:840} INFO - DAG(s) 'example_bash_operator' retrieved from /home/airflow/.local/lib/python3.11/site-packages/airflow/example_dags/example_bash_operator.py
[2024-07-09T16:52:27.206+0000] {logging_mixin.py:188} INFO - [2024-07-09T16:52:27.205+0000] {dag.py:3047} INFO - Sync 1 DAGs
[2024-07-09T16:52:27.241+0000] {logging_mixin.py:188} INFO - [2024-07-09T16:52:27.241+0000] {dag.py:3834} INFO - Setting next_dagrun for example_bash_operator to 2024-07-08 00:00:00+00:00, run_after=2024-07-09 00:00:00+00:00
[2024-07-09T16:52:27.268+0000] {processor.py:183} INFO - Processing /home/airflow/.local/lib/python3.11/site-packages/airflow/example_dags/example_bash_operator.py took 0.126 seconds
[2024-07-09T16:52:57.329+0000] {processor.py:161} INFO - Started process (PID=1214) to work on /home/airflow/.local/lib/python3.11/site-packages/airflow/example_dags/example_bash_operator.py
[2024-07-09T16:52:57.330+0000] {processor.py:830} INFO - Processing file /home/airflow/.local/lib/python3.11/site-packages/airflow/example_dags/example_bash_operator.py for tasks to queue
[2024-07-09T16:52:57.331+0000] {logging_mixin.py:188} INFO - [2024-07-09T16:52:57.331+0000] {dagbag.py:540} INFO - Filling up the DagBag from /home/airflow/.local/lib/python3.11/site-packages/airflow/example_dags/example_bash_operator.py
[2024-07-09T16:52:57.341+0000] {processor.py:840} INFO - DAG(s) 'example_bash_operator' retrieved from /home/airflow/.local/lib/python3.11/site-packages/airflow/example_dags/example_bash_operator.py
[2024-07-09T16:52:57.374+0000] {logging_mixin.py:188} INFO - [2024-07-09T16:52:57.374+0000] {dag.py:3047} INFO - Sync 1 DAGs
[2024-07-09T16:52:57.518+0000] {logging_mixin.py:188} INFO - [2024-07-09T16:52:57.518+0000] {dag.py:3834} INFO - Setting next_dagrun for example_bash_operator to 2024-07-08 00:00:00+00:00, run_after=2024-07-09 00:00:00+00:00
[2024-07-09T16:52:57.555+0000] {processor.py:183} INFO - Processing /home/airflow/.local/lib/python3.11/site-packages/airflow/example_dags/example_bash_operator.py took 0.230 seconds
[2024-07-09T16:53:27.612+0000] {processor.py:161} INFO - Started process (PID=1476) to work on /home/airflow/.local/lib/python3.11/site-packages/airflow/example_dags/example_bash_operator.py
[2024-07-09T16:53:27.614+0000] {processor.py:830} INFO - Processing file /home/airflow/.local/lib/python3.11/site-packages/airflow/example_dags/example_bash_operator.py for tasks to queue
[2024-07-09T16:53:27.615+0000] {logging_mixin.py:188} INFO - [2024-07-09T16:53:27.614+0000] {dagbag.py:540} INFO - Filling up the DagBag from /home/airflow/.local/lib/python3.11/site-packages/airflow/example_dags/example_bash_operator.py
[2024-07-09T16:53:27.628+0000] {processor.py:840} INFO - DAG(s) 'example_bash_operator' retrieved from /home/airflow/.local/lib/python3.11/site-packages/airflow/example_dags/example_bash_operator.py
[2024-07-09T16:53:27.662+0000] {logging_mixin.py:188} INFO - [2024-07-09T16:53:27.662+0000] {dag.py:3047} INFO - Sync 1 DAGs
[2024-07-09T16:53:27.685+0000] {logging_mixin.py:188} INFO - [2024-07-09T16:53:27.685+0000] {dag.py:3834} INFO - Setting next_dagrun for example_bash_operator to 2024-07-08 00:00:00+00:00, run_after=2024-07-09 00:00:00+00:00
[2024-07-09T16:53:27.703+0000] {processor.py:183} INFO - Processing /home/airflow/.local/lib/python3.11/site-packages/airflow/example_dags/example_bash_operator.py took 0.094 seconds
[2024-07-09T16:53:58.042+0000] {processor.py:161} INFO - Started process (PID=1738) to work on /home/airflow/.local/lib/python3.11/site-packages/airflow/example_dags/example_bash_operator.py
[2024-07-09T16:53:58.044+0000] {processor.py:830} INFO - Processing file /home/airflow/.local/lib/python3.11/site-packages/airflow/example_dags/example_bash_operator.py for tasks to queue
[2024-07-09T16:53:58.045+0000] {logging_mixin.py:188} INFO - [2024-07-09T16:53:58.044+0000] {dagbag.py:540} INFO - Filling up the DagBag from /home/airflow/.local/lib/python3.11/site-packages/airflow/example_dags/example_bash_operator.py
[2024-07-09T16:53:58.055+0000] {processor.py:840} INFO - DAG(s) 'example_bash_operator' retrieved from /home/airflow/.local/lib/python3.11/site-packages/airflow/example_dags/example_bash_operator.py
[2024-07-09T16:53:58.088+0000] {logging_mixin.py:188} INFO - [2024-07-09T16:53:58.087+0000] {dag.py:3047} INFO - Sync 1 DAGs
[2024-07-09T16:53:58.107+0000] {logging_mixin.py:188} INFO - [2024-07-09T16:53:58.107+0000] {dag.py:3834} INFO - Setting next_dagrun for example_bash_operator to 2024-07-08 00:00:00+00:00, run_after=2024-07-09 00:00:00+00:00
[2024-07-09T16:53:58.126+0000] {processor.py:183} INFO - Processing /home/airflow/.local/lib/python3.11/site-packages/airflow/example_dags/example_bash_operator.py took 0.086 seconds
[2024-07-09T16:54:28.194+0000] {processor.py:161} INFO - Started process (PID=2000) to work on /home/airflow/.local/lib/python3.11/site-packages/airflow/example_dags/example_bash_operator.py
[2024-07-09T16:54:28.195+0000] {processor.py:830} INFO - Processing file /home/airflow/.local/lib/python3.11/site-packages/airflow/example_dags/example_bash_operator.py for tasks to queue
[2024-07-09T16:54:28.196+0000] {logging_mixin.py:188} INFO - [2024-07-09T16:54:28.196+0000] {dagbag.py:540} INFO - Filling up the DagBag from /home/airflow/.local/lib/python3.11/site-packages/airflow/example_dags/example_bash_operator.py
[2024-07-09T16:54:28.206+0000] {processor.py:840} INFO - DAG(s) 'example_bash_operator' retrieved from /home/airflow/.local/lib/python3.11/site-packages/airflow/example_dags/example_bash_operator.py
[2024-07-09T16:54:28.246+0000] {logging_mixin.py:188} INFO - [2024-07-09T16:54:28.246+0000] {dag.py:3047} INFO - Sync 1 DAGs
[2024-07-09T16:54:28.281+0000] {logging_mixin.py:188} INFO - [2024-07-09T16:54:28.281+0000] {dag.py:3834} INFO - Setting next_dagrun for example_bash_operator to 2024-07-08 00:00:00+00:00, run_after=2024-07-09 00:00:00+00:00
[2024-07-09T16:54:28.323+0000] {processor.py:183} INFO - Processing /home/airflow/.local/lib/python3.11/site-packages/airflow/example_dags/example_bash_operator.py took 0.132 seconds
[2024-07-09T16:54:58.512+0000] {processor.py:161} INFO - Started process (PID=2262) to work on /home/airflow/.local/lib/python3.11/site-packages/airflow/example_dags/example_bash_operator.py
[2024-07-09T16:54:58.513+0000] {processor.py:830} INFO - Processing file /home/airflow/.local/lib/python3.11/site-packages/airflow/example_dags/example_bash_operator.py for tasks to queue
[2024-07-09T16:54:58.514+0000] {logging_mixin.py:188} INFO - [2024-07-09T16:54:58.513+0000] {dagbag.py:540} INFO - Filling up the DagBag from /home/airflow/.local/lib/python3.11/site-packages/airflow/example_dags/example_bash_operator.py
[2024-07-09T16:54:58.525+0000] {processor.py:840} INFO - DAG(s) 'example_bash_operator' retrieved from /home/airflow/.local/lib/python3.11/site-packages/airflow/example_dags/example_bash_operator.py
[2024-07-09T16:54:58.555+0000] {logging_mixin.py:188} INFO - [2024-07-09T16:54:58.554+0000] {dag.py:3047} INFO - Sync 1 DAGs
[2024-07-09T16:54:58.574+0000] {logging_mixin.py:188} INFO - [2024-07-09T16:54:58.573+0000] {dag.py:3834} INFO - Setting next_dagrun for example_bash_operator to 2024-07-08 00:00:00+00:00, run_after=2024-07-09 00:00:00+00:00
[2024-07-09T16:54:58.609+0000] {processor.py:183} INFO - Processing /home/airflow/.local/lib/python3.11/site-packages/airflow/example_dags/example_bash_operator.py took 0.100 seconds
[2024-07-09T16:55:28.805+0000] {processor.py:161} INFO - Started process (PID=2524) to work on /home/airflow/.local/lib/python3.11/site-packages/airflow/example_dags/example_bash_operator.py
[2024-07-09T16:55:28.806+0000] {processor.py:830} INFO - Processing file /home/airflow/.local/lib/python3.11/site-packages/airflow/example_dags/example_bash_operator.py for tasks to queue
[2024-07-09T16:55:28.807+0000] {logging_mixin.py:188} INFO - [2024-07-09T16:55:28.807+0000] {dagbag.py:540} INFO - Filling up the DagBag from /home/airflow/.local/lib/python3.11/site-packages/airflow/example_dags/example_bash_operator.py
[2024-07-09T16:55:28.819+0000] {processor.py:840} INFO - DAG(s) 'example_bash_operator' retrieved from /home/airflow/.local/lib/python3.11/site-packages/airflow/example_dags/example_bash_operator.py
[2024-07-09T16:55:28.852+0000] {logging_mixin.py:188} INFO - [2024-07-09T16:55:28.851+0000] {dag.py:3047} INFO - Sync 1 DAGs
[2024-07-09T16:55:28.875+0000] {logging_mixin.py:188} INFO - [2024-07-09T16:55:28.875+0000] {dag.py:3834} INFO - Setting next_dagrun for example_bash_operator to 2024-07-08 00:00:00+00:00, run_after=2024-07-09 00:00:00+00:00
[2024-07-09T16:55:28.909+0000] {processor.py:183} INFO - Processing /home/airflow/.local/lib/python3.11/site-packages/airflow/example_dags/example_bash_operator.py took 0.106 seconds
[2024-07-09T16:55:58.956+0000] {processor.py:161} INFO - Started process (PID=2786) to work on /home/airflow/.local/lib/python3.11/site-packages/airflow/example_dags/example_bash_operator.py
[2024-07-09T16:55:58.957+0000] {processor.py:830} INFO - Processing file /home/airflow/.local/lib/python3.11/site-packages/airflow/example_dags/example_bash_operator.py for tasks to queue
[2024-07-09T16:55:58.958+0000] {logging_mixin.py:188} INFO - [2024-07-09T16:55:58.958+0000] {dagbag.py:540} INFO - Filling up the DagBag from /home/airflow/.local/lib/python3.11/site-packages/airflow/example_dags/example_bash_operator.py
[2024-07-09T16:55:58.968+0000] {processor.py:840} INFO - DAG(s) 'example_bash_operator' retrieved from /home/airflow/.local/lib/python3.11/site-packages/airflow/example_dags/example_bash_operator.py
[2024-07-09T16:55:58.995+0000] {logging_mixin.py:188} INFO - [2024-07-09T16:55:58.995+0000] {dag.py:3047} INFO - Sync 1 DAGs
[2024-07-09T16:55:59.018+0000] {logging_mixin.py:188} INFO - [2024-07-09T16:55:59.018+0000] {dag.py:3834} INFO - Setting next_dagrun for example_bash_operator to 2024-07-08 00:00:00+00:00, run_after=2024-07-09 00:00:00+00:00
[2024-07-09T16:55:59.035+0000] {processor.py:183} INFO - Processing /home/airflow/.local/lib/python3.11/site-packages/airflow/example_dags/example_bash_operator.py took 0.082 seconds
[2024-07-09T16:56:29.181+0000] {processor.py:161} INFO - Started process (PID=3048) to work on /home/airflow/.local/lib/python3.11/site-packages/airflow/example_dags/example_bash_operator.py
[2024-07-09T16:56:29.182+0000] {processor.py:830} INFO - Processing file /home/airflow/.local/lib/python3.11/site-packages/airflow/example_dags/example_bash_operator.py for tasks to queue
[2024-07-09T16:56:29.183+0000] {logging_mixin.py:188} INFO - [2024-07-09T16:56:29.182+0000] {dagbag.py:540} INFO - Filling up the DagBag from /home/airflow/.local/lib/python3.11/site-packages/airflow/example_dags/example_bash_operator.py
[2024-07-09T16:56:29.196+0000] {processor.py:840} INFO - DAG(s) 'example_bash_operator' retrieved from /home/airflow/.local/lib/python3.11/site-packages/airflow/example_dags/example_bash_operator.py
[2024-07-09T16:56:29.221+0000] {logging_mixin.py:188} INFO - [2024-07-09T16:56:29.221+0000] {dag.py:3047} INFO - Sync 1 DAGs
[2024-07-09T16:56:29.240+0000] {logging_mixin.py:188} INFO - [2024-07-09T16:56:29.240+0000] {dag.py:3834} INFO - Setting next_dagrun for example_bash_operator to 2024-07-08 00:00:00+00:00, run_after=2024-07-09 00:00:00+00:00
[2024-07-09T16:56:29.275+0000] {processor.py:183} INFO - Processing /home/airflow/.local/lib/python3.11/site-packages/airflow/example_dags/example_bash_operator.py took 0.098 seconds
[2024-07-09T16:56:59.567+0000] {processor.py:161} INFO - Started process (PID=3310) to work on /home/airflow/.local/lib/python3.11/site-packages/airflow/example_dags/example_bash_operator.py
[2024-07-09T16:56:59.568+0000] {processor.py:830} INFO - Processing file /home/airflow/.local/lib/python3.11/site-packages/airflow/example_dags/example_bash_operator.py for tasks to queue
[2024-07-09T16:56:59.570+0000] {logging_mixin.py:188} INFO - [2024-07-09T16:56:59.569+0000] {dagbag.py:540} INFO - Filling up the DagBag from /home/airflow/.local/lib/python3.11/site-packages/airflow/example_dags/example_bash_operator.py
[2024-07-09T16:56:59.583+0000] {processor.py:840} INFO - DAG(s) 'example_bash_operator' retrieved from /home/airflow/.local/lib/python3.11/site-packages/airflow/example_dags/example_bash_operator.py
[2024-07-09T16:56:59.610+0000] {logging_mixin.py:188} INFO - [2024-07-09T16:56:59.609+0000] {dag.py:3047} INFO - Sync 1 DAGs
[2024-07-09T16:56:59.630+0000] {logging_mixin.py:188} INFO - [2024-07-09T16:56:59.630+0000] {dag.py:3834} INFO - Setting next_dagrun for example_bash_operator to 2024-07-08 00:00:00+00:00, run_after=2024-07-09 00:00:00+00:00
[2024-07-09T16:56:59.685+0000] {processor.py:183} INFO - Processing /home/airflow/.local/lib/python3.11/site-packages/airflow/example_dags/example_bash_operator.py took 0.121 seconds
[2024-07-09T16:57:30.020+0000] {processor.py:161} INFO - Started process (PID=3572) to work on /home/airflow/.local/lib/python3.11/site-packages/airflow/example_dags/example_bash_operator.py
[2024-07-09T16:57:30.021+0000] {processor.py:830} INFO - Processing file /home/airflow/.local/lib/python3.11/site-packages/airflow/example_dags/example_bash_operator.py for tasks to queue
[2024-07-09T16:57:30.022+0000] {logging_mixin.py:188} INFO - [2024-07-09T16:57:30.022+0000] {dagbag.py:540} INFO - Filling up the DagBag from /home/airflow/.local/lib/python3.11/site-packages/airflow/example_dags/example_bash_operator.py
[2024-07-09T16:57:30.035+0000] {processor.py:840} INFO - DAG(s) 'example_bash_operator' retrieved from /home/airflow/.local/lib/python3.11/site-packages/airflow/example_dags/example_bash_operator.py
[2024-07-09T16:57:30.067+0000] {logging_mixin.py:188} INFO - [2024-07-09T16:57:30.067+0000] {dag.py:3047} INFO - Sync 1 DAGs
[2024-07-09T16:57:30.095+0000] {logging_mixin.py:188} INFO - [2024-07-09T16:57:30.094+0000] {dag.py:3834} INFO - Setting next_dagrun for example_bash_operator to 2024-07-08 00:00:00+00:00, run_after=2024-07-09 00:00:00+00:00
[2024-07-09T16:57:30.134+0000] {processor.py:183} INFO - Processing /home/airflow/.local/lib/python3.11/site-packages/airflow/example_dags/example_bash_operator.py took 0.116 seconds
[2024-07-09T16:58:00.250+0000] {processor.py:161} INFO - Started process (PID=3834) to work on /home/airflow/.local/lib/python3.11/site-packages/airflow/example_dags/example_bash_operator.py
[2024-07-09T16:58:00.251+0000] {processor.py:830} INFO - Processing file /home/airflow/.local/lib/python3.11/site-packages/airflow/example_dags/example_bash_operator.py for tasks to queue
[2024-07-09T16:58:00.252+0000] {logging_mixin.py:188} INFO - [2024-07-09T16:58:00.252+0000] {dagbag.py:540} INFO - Filling up the DagBag from /home/airflow/.local/lib/python3.11/site-packages/airflow/example_dags/example_bash_operator.py
[2024-07-09T16:58:00.261+0000] {processor.py:840} INFO - DAG(s) 'example_bash_operator' retrieved from /home/airflow/.local/lib/python3.11/site-packages/airflow/example_dags/example_bash_operator.py
[2024-07-09T16:58:00.288+0000] {logging_mixin.py:188} INFO - [2024-07-09T16:58:00.288+0000] {dag.py:3047} INFO - Sync 1 DAGs
[2024-07-09T16:58:00.309+0000] {logging_mixin.py:188} INFO - [2024-07-09T16:58:00.308+0000] {dag.py:3834} INFO - Setting next_dagrun for example_bash_operator to 2024-07-08 00:00:00+00:00, run_after=2024-07-09 00:00:00+00:00
[2024-07-09T16:58:00.326+0000] {processor.py:183} INFO - Processing /home/airflow/.local/lib/python3.11/site-packages/airflow/example_dags/example_bash_operator.py took 0.079 seconds
[2024-07-09T16:58:30.660+0000] {processor.py:161} INFO - Started process (PID=4096) to work on /home/airflow/.local/lib/python3.11/site-packages/airflow/example_dags/example_bash_operator.py
[2024-07-09T16:58:30.661+0000] {processor.py:830} INFO - Processing file /home/airflow/.local/lib/python3.11/site-packages/airflow/example_dags/example_bash_operator.py for tasks to queue
[2024-07-09T16:58:30.662+0000] {logging_mixin.py:188} INFO - [2024-07-09T16:58:30.662+0000] {dagbag.py:540} INFO - Filling up the DagBag from /home/airflow/.local/lib/python3.11/site-packages/airflow/example_dags/example_bash_operator.py
[2024-07-09T16:58:30.673+0000] {processor.py:840} INFO - DAG(s) 'example_bash_operator' retrieved from /home/airflow/.local/lib/python3.11/site-packages/airflow/example_dags/example_bash_operator.py
[2024-07-09T16:58:30.703+0000] {logging_mixin.py:188} INFO - [2024-07-09T16:58:30.703+0000] {dag.py:3047} INFO - Sync 1 DAGs
[2024-07-09T16:58:30.723+0000] {logging_mixin.py:188} INFO - [2024-07-09T16:58:30.722+0000] {dag.py:3834} INFO - Setting next_dagrun for example_bash_operator to 2024-07-08 00:00:00+00:00, run_after=2024-07-09 00:00:00+00:00
[2024-07-09T16:58:30.759+0000] {processor.py:183} INFO - Processing /home/airflow/.local/lib/python3.11/site-packages/airflow/example_dags/example_bash_operator.py took 0.102 seconds
[2024-07-09T16:59:01.236+0000] {processor.py:161} INFO - Started process (PID=4358) to work on /home/airflow/.local/lib/python3.11/site-packages/airflow/example_dags/example_bash_operator.py
[2024-07-09T16:59:01.238+0000] {processor.py:830} INFO - Processing file /home/airflow/.local/lib/python3.11/site-packages/airflow/example_dags/example_bash_operator.py for tasks to queue
[2024-07-09T16:59:01.239+0000] {logging_mixin.py:188} INFO - [2024-07-09T16:59:01.239+0000] {dagbag.py:540} INFO - Filling up the DagBag from /home/airflow/.local/lib/python3.11/site-packages/airflow/example_dags/example_bash_operator.py
[2024-07-09T16:59:01.255+0000] {processor.py:840} INFO - DAG(s) 'example_bash_operator' retrieved from /home/airflow/.local/lib/python3.11/site-packages/airflow/example_dags/example_bash_operator.py
[2024-07-09T16:59:01.292+0000] {logging_mixin.py:188} INFO - [2024-07-09T16:59:01.292+0000] {dag.py:3047} INFO - Sync 1 DAGs
[2024-07-09T16:59:01.324+0000] {logging_mixin.py:188} INFO - [2024-07-09T16:59:01.324+0000] {dag.py:3834} INFO - Setting next_dagrun for example_bash_operator to 2024-07-08 00:00:00+00:00, run_after=2024-07-09 00:00:00+00:00
[2024-07-09T16:59:01.348+0000] {processor.py:183} INFO - Processing /home/airflow/.local/lib/python3.11/site-packages/airflow/example_dags/example_bash_operator.py took 0.115 seconds
[2024-07-09T16:59:31.487+0000] {processor.py:161} INFO - Started process (PID=4620) to work on /home/airflow/.local/lib/python3.11/site-packages/airflow/example_dags/example_bash_operator.py
[2024-07-09T16:59:31.488+0000] {processor.py:830} INFO - Processing file /home/airflow/.local/lib/python3.11/site-packages/airflow/example_dags/example_bash_operator.py for tasks to queue
[2024-07-09T16:59:31.489+0000] {logging_mixin.py:188} INFO - [2024-07-09T16:59:31.489+0000] {dagbag.py:540} INFO - Filling up the DagBag from /home/airflow/.local/lib/python3.11/site-packages/airflow/example_dags/example_bash_operator.py
[2024-07-09T16:59:31.499+0000] {processor.py:840} INFO - DAG(s) 'example_bash_operator' retrieved from /home/airflow/.local/lib/python3.11/site-packages/airflow/example_dags/example_bash_operator.py
[2024-07-09T16:59:31.527+0000] {logging_mixin.py:188} INFO - [2024-07-09T16:59:31.526+0000] {dag.py:3047} INFO - Sync 1 DAGs
[2024-07-09T16:59:31.549+0000] {logging_mixin.py:188} INFO - [2024-07-09T16:59:31.549+0000] {dag.py:3834} INFO - Setting next_dagrun for example_bash_operator to 2024-07-08 00:00:00+00:00, run_after=2024-07-09 00:00:00+00:00
[2024-07-09T16:59:31.571+0000] {processor.py:183} INFO - Processing /home/airflow/.local/lib/python3.11/site-packages/airflow/example_dags/example_bash_operator.py took 0.086 seconds
[2024-07-09T17:00:02.178+0000] {processor.py:161} INFO - Started process (PID=4882) to work on /home/airflow/.local/lib/python3.11/site-packages/airflow/example_dags/example_bash_operator.py
[2024-07-09T17:00:02.179+0000] {processor.py:830} INFO - Processing file /home/airflow/.local/lib/python3.11/site-packages/airflow/example_dags/example_bash_operator.py for tasks to queue
[2024-07-09T17:00:02.181+0000] {logging_mixin.py:188} INFO - [2024-07-09T17:00:02.180+0000] {dagbag.py:540} INFO - Filling up the DagBag from /home/airflow/.local/lib/python3.11/site-packages/airflow/example_dags/example_bash_operator.py
[2024-07-09T17:00:02.193+0000] {processor.py:840} INFO - DAG(s) 'example_bash_operator' retrieved from /home/airflow/.local/lib/python3.11/site-packages/airflow/example_dags/example_bash_operator.py
[2024-07-09T17:00:02.223+0000] {logging_mixin.py:188} INFO - [2024-07-09T17:00:02.222+0000] {dag.py:3047} INFO - Sync 1 DAGs
[2024-07-09T17:00:02.245+0000] {logging_mixin.py:188} INFO - [2024-07-09T17:00:02.245+0000] {dag.py:3834} INFO - Setting next_dagrun for example_bash_operator to 2024-07-08 00:00:00+00:00, run_after=2024-07-09 00:00:00+00:00
[2024-07-09T17:00:02.265+0000] {processor.py:183} INFO - Processing /home/airflow/.local/lib/python3.11/site-packages/airflow/example_dags/example_bash_operator.py took 0.091 seconds
[2024-07-09T17:00:33.158+0000] {processor.py:161} INFO - Started process (PID=5144) to work on /home/airflow/.local/lib/python3.11/site-packages/airflow/example_dags/example_bash_operator.py
[2024-07-09T17:00:33.159+0000] {processor.py:830} INFO - Processing file /home/airflow/.local/lib/python3.11/site-packages/airflow/example_dags/example_bash_operator.py for tasks to queue
[2024-07-09T17:00:33.160+0000] {logging_mixin.py:188} INFO - [2024-07-09T17:00:33.160+0000] {dagbag.py:540} INFO - Filling up the DagBag from /home/airflow/.local/lib/python3.11/site-packages/airflow/example_dags/example_bash_operator.py
[2024-07-09T17:00:33.172+0000] {processor.py:840} INFO - DAG(s) 'example_bash_operator' retrieved from /home/airflow/.local/lib/python3.11/site-packages/airflow/example_dags/example_bash_operator.py
[2024-07-09T17:00:33.203+0000] {logging_mixin.py:188} INFO - [2024-07-09T17:00:33.203+0000] {dag.py:3047} INFO - Sync 1 DAGs
[2024-07-09T17:00:33.230+0000] {logging_mixin.py:188} INFO - [2024-07-09T17:00:33.230+0000] {dag.py:3834} INFO - Setting next_dagrun for example_bash_operator to 2024-07-08 00:00:00+00:00, run_after=2024-07-09 00:00:00+00:00
[2024-07-09T17:00:33.247+0000] {processor.py:183} INFO - Processing /home/airflow/.local/lib/python3.11/site-packages/airflow/example_dags/example_bash_operator.py took 0.092 seconds
[2024-07-09T17:01:03.720+0000] {processor.py:161} INFO - Started process (PID=5406) to work on /home/airflow/.local/lib/python3.11/site-packages/airflow/example_dags/example_bash_operator.py
[2024-07-09T17:01:03.721+0000] {processor.py:830} INFO - Processing file /home/airflow/.local/lib/python3.11/site-packages/airflow/example_dags/example_bash_operator.py for tasks to queue
[2024-07-09T17:01:03.722+0000] {logging_mixin.py:188} INFO - [2024-07-09T17:01:03.721+0000] {dagbag.py:540} INFO - Filling up the DagBag from /home/airflow/.local/lib/python3.11/site-packages/airflow/example_dags/example_bash_operator.py
[2024-07-09T17:01:03.731+0000] {processor.py:840} INFO - DAG(s) 'example_bash_operator' retrieved from /home/airflow/.local/lib/python3.11/site-packages/airflow/example_dags/example_bash_operator.py
[2024-07-09T17:01:03.765+0000] {logging_mixin.py:188} INFO - [2024-07-09T17:01:03.765+0000] {dag.py:3047} INFO - Sync 1 DAGs
[2024-07-09T17:01:03.788+0000] {logging_mixin.py:188} INFO - [2024-07-09T17:01:03.787+0000] {dag.py:3834} INFO - Setting next_dagrun for example_bash_operator to 2024-07-08 00:00:00+00:00, run_after=2024-07-09 00:00:00+00:00
[2024-07-09T17:01:03.824+0000] {processor.py:183} INFO - Processing /home/airflow/.local/lib/python3.11/site-packages/airflow/example_dags/example_bash_operator.py took 0.109 seconds
[2024-07-09T17:01:33.902+0000] {processor.py:161} INFO - Started process (PID=5668) to work on /home/airflow/.local/lib/python3.11/site-packages/airflow/example_dags/example_bash_operator.py
[2024-07-09T17:01:33.903+0000] {processor.py:830} INFO - Processing file /home/airflow/.local/lib/python3.11/site-packages/airflow/example_dags/example_bash_operator.py for tasks to queue
[2024-07-09T17:01:33.904+0000] {logging_mixin.py:188} INFO - [2024-07-09T17:01:33.904+0000] {dagbag.py:540} INFO - Filling up the DagBag from /home/airflow/.local/lib/python3.11/site-packages/airflow/example_dags/example_bash_operator.py
[2024-07-09T17:01:33.914+0000] {processor.py:840} INFO - DAG(s) 'example_bash_operator' retrieved from /home/airflow/.local/lib/python3.11/site-packages/airflow/example_dags/example_bash_operator.py
[2024-07-09T17:01:33.940+0000] {logging_mixin.py:188} INFO - [2024-07-09T17:01:33.939+0000] {dag.py:3047} INFO - Sync 1 DAGs
[2024-07-09T17:01:33.961+0000] {logging_mixin.py:188} INFO - [2024-07-09T17:01:33.961+0000] {dag.py:3834} INFO - Setting next_dagrun for example_bash_operator to 2024-07-08 00:00:00+00:00, run_after=2024-07-09 00:00:00+00:00
[2024-07-09T17:01:33.996+0000] {processor.py:183} INFO - Processing /home/airflow/.local/lib/python3.11/site-packages/airflow/example_dags/example_bash_operator.py took 0.096 seconds
[2024-07-09T17:02:04.100+0000] {processor.py:161} INFO - Started process (PID=5930) to work on /home/airflow/.local/lib/python3.11/site-packages/airflow/example_dags/example_bash_operator.py
[2024-07-09T17:02:04.101+0000] {processor.py:830} INFO - Processing file /home/airflow/.local/lib/python3.11/site-packages/airflow/example_dags/example_bash_operator.py for tasks to queue
[2024-07-09T17:02:04.102+0000] {logging_mixin.py:188} INFO - [2024-07-09T17:02:04.102+0000] {dagbag.py:540} INFO - Filling up the DagBag from /home/airflow/.local/lib/python3.11/site-packages/airflow/example_dags/example_bash_operator.py
[2024-07-09T17:02:04.122+0000] {processor.py:840} INFO - DAG(s) 'example_bash_operator' retrieved from /home/airflow/.local/lib/python3.11/site-packages/airflow/example_dags/example_bash_operator.py
[2024-07-09T17:02:04.159+0000] {logging_mixin.py:188} INFO - [2024-07-09T17:02:04.159+0000] {dag.py:3047} INFO - Sync 1 DAGs
[2024-07-09T17:02:04.191+0000] {logging_mixin.py:188} INFO - [2024-07-09T17:02:04.190+0000] {dag.py:3834} INFO - Setting next_dagrun for example_bash_operator to 2024-07-08 00:00:00+00:00, run_after=2024-07-09 00:00:00+00:00
[2024-07-09T17:02:04.225+0000] {processor.py:183} INFO - Processing /home/airflow/.local/lib/python3.11/site-packages/airflow/example_dags/example_bash_operator.py took 0.130 seconds
[2024-07-09T17:02:34.925+0000] {processor.py:161} INFO - Started process (PID=6192) to work on /home/airflow/.local/lib/python3.11/site-packages/airflow/example_dags/example_bash_operator.py
[2024-07-09T17:02:34.926+0000] {processor.py:830} INFO - Processing file /home/airflow/.local/lib/python3.11/site-packages/airflow/example_dags/example_bash_operator.py for tasks to queue
[2024-07-09T17:02:34.928+0000] {logging_mixin.py:188} INFO - [2024-07-09T17:02:34.927+0000] {dagbag.py:540} INFO - Filling up the DagBag from /home/airflow/.local/lib/python3.11/site-packages/airflow/example_dags/example_bash_operator.py
[2024-07-09T17:02:34.942+0000] {processor.py:840} INFO - DAG(s) 'example_bash_operator' retrieved from /home/airflow/.local/lib/python3.11/site-packages/airflow/example_dags/example_bash_operator.py
[2024-07-09T17:02:34.984+0000] {logging_mixin.py:188} INFO - [2024-07-09T17:02:34.984+0000] {dag.py:3047} INFO - Sync 1 DAGs
[2024-07-09T17:02:35.027+0000] {logging_mixin.py:188} INFO - [2024-07-09T17:02:35.027+0000] {dag.py:3834} INFO - Setting next_dagrun for example_bash_operator to 2024-07-08 00:00:00+00:00, run_after=2024-07-09 00:00:00+00:00
[2024-07-09T17:02:35.059+0000] {processor.py:183} INFO - Processing /home/airflow/.local/lib/python3.11/site-packages/airflow/example_dags/example_bash_operator.py took 0.137 seconds
[2024-07-09T17:03:05.223+0000] {processor.py:161} INFO - Started process (PID=6454) to work on /home/airflow/.local/lib/python3.11/site-packages/airflow/example_dags/example_bash_operator.py
[2024-07-09T17:03:05.224+0000] {processor.py:830} INFO - Processing file /home/airflow/.local/lib/python3.11/site-packages/airflow/example_dags/example_bash_operator.py for tasks to queue
[2024-07-09T17:03:05.225+0000] {logging_mixin.py:188} INFO - [2024-07-09T17:03:05.225+0000] {dagbag.py:540} INFO - Filling up the DagBag from /home/airflow/.local/lib/python3.11/site-packages/airflow/example_dags/example_bash_operator.py
[2024-07-09T17:03:05.236+0000] {processor.py:840} INFO - DAG(s) 'example_bash_operator' retrieved from /home/airflow/.local/lib/python3.11/site-packages/airflow/example_dags/example_bash_operator.py
[2024-07-09T17:03:05.263+0000] {logging_mixin.py:188} INFO - [2024-07-09T17:03:05.262+0000] {dag.py:3047} INFO - Sync 1 DAGs
[2024-07-09T17:03:05.282+0000] {logging_mixin.py:188} INFO - [2024-07-09T17:03:05.282+0000] {dag.py:3834} INFO - Setting next_dagrun for example_bash_operator to 2024-07-08 00:00:00+00:00, run_after=2024-07-09 00:00:00+00:00
[2024-07-09T17:03:05.299+0000] {processor.py:183} INFO - Processing /home/airflow/.local/lib/python3.11/site-packages/airflow/example_dags/example_bash_operator.py took 0.079 seconds
[2024-07-09T17:03:36.146+0000] {processor.py:161} INFO - Started process (PID=6716) to work on /home/airflow/.local/lib/python3.11/site-packages/airflow/example_dags/example_bash_operator.py
[2024-07-09T17:03:36.147+0000] {processor.py:830} INFO - Processing file /home/airflow/.local/lib/python3.11/site-packages/airflow/example_dags/example_bash_operator.py for tasks to queue
[2024-07-09T17:03:36.147+0000] {logging_mixin.py:188} INFO - [2024-07-09T17:03:36.147+0000] {dagbag.py:540} INFO - Filling up the DagBag from /home/airflow/.local/lib/python3.11/site-packages/airflow/example_dags/example_bash_operator.py
[2024-07-09T17:03:36.159+0000] {processor.py:840} INFO - DAG(s) 'example_bash_operator' retrieved from /home/airflow/.local/lib/python3.11/site-packages/airflow/example_dags/example_bash_operator.py
[2024-07-09T17:03:36.186+0000] {logging_mixin.py:188} INFO - [2024-07-09T17:03:36.186+0000] {dag.py:3047} INFO - Sync 1 DAGs
[2024-07-09T17:03:36.211+0000] {logging_mixin.py:188} INFO - [2024-07-09T17:03:36.211+0000] {dag.py:3834} INFO - Setting next_dagrun for example_bash_operator to 2024-07-08 00:00:00+00:00, run_after=2024-07-09 00:00:00+00:00
[2024-07-09T17:03:36.228+0000] {processor.py:183} INFO - Processing /home/airflow/.local/lib/python3.11/site-packages/airflow/example_dags/example_bash_operator.py took 0.085 seconds
[2024-07-09T17:04:06.851+0000] {processor.py:161} INFO - Started process (PID=6978) to work on /home/airflow/.local/lib/python3.11/site-packages/airflow/example_dags/example_bash_operator.py
[2024-07-09T17:04:06.852+0000] {processor.py:830} INFO - Processing file /home/airflow/.local/lib/python3.11/site-packages/airflow/example_dags/example_bash_operator.py for tasks to queue
[2024-07-09T17:04:06.853+0000] {logging_mixin.py:188} INFO - [2024-07-09T17:04:06.853+0000] {dagbag.py:540} INFO - Filling up the DagBag from /home/airflow/.local/lib/python3.11/site-packages/airflow/example_dags/example_bash_operator.py
[2024-07-09T17:04:06.865+0000] {processor.py:840} INFO - DAG(s) 'example_bash_operator' retrieved from /home/airflow/.local/lib/python3.11/site-packages/airflow/example_dags/example_bash_operator.py
[2024-07-09T17:04:06.896+0000] {logging_mixin.py:188} INFO - [2024-07-09T17:04:06.896+0000] {dag.py:3047} INFO - Sync 1 DAGs
[2024-07-09T17:04:06.917+0000] {logging_mixin.py:188} INFO - [2024-07-09T17:04:06.917+0000] {dag.py:3834} INFO - Setting next_dagrun for example_bash_operator to 2024-07-08 00:00:00+00:00, run_after=2024-07-09 00:00:00+00:00
[2024-07-09T17:04:06.953+0000] {processor.py:183} INFO - Processing /home/airflow/.local/lib/python3.11/site-packages/airflow/example_dags/example_bash_operator.py took 0.105 seconds
[2024-07-09T17:04:37.146+0000] {processor.py:161} INFO - Started process (PID=7240) to work on /home/airflow/.local/lib/python3.11/site-packages/airflow/example_dags/example_bash_operator.py
[2024-07-09T17:04:37.148+0000] {processor.py:830} INFO - Processing file /home/airflow/.local/lib/python3.11/site-packages/airflow/example_dags/example_bash_operator.py for tasks to queue
[2024-07-09T17:04:37.149+0000] {logging_mixin.py:188} INFO - [2024-07-09T17:04:37.148+0000] {dagbag.py:540} INFO - Filling up the DagBag from /home/airflow/.local/lib/python3.11/site-packages/airflow/example_dags/example_bash_operator.py
[2024-07-09T17:04:37.161+0000] {processor.py:840} INFO - DAG(s) 'example_bash_operator' retrieved from /home/airflow/.local/lib/python3.11/site-packages/airflow/example_dags/example_bash_operator.py
[2024-07-09T17:04:37.204+0000] {logging_mixin.py:188} INFO - [2024-07-09T17:04:37.203+0000] {dag.py:3047} INFO - Sync 1 DAGs
[2024-07-09T17:04:37.253+0000] {logging_mixin.py:188} INFO - [2024-07-09T17:04:37.253+0000] {dag.py:3834} INFO - Setting next_dagrun for example_bash_operator to 2024-07-08 00:00:00+00:00, run_after=2024-07-09 00:00:00+00:00
[2024-07-09T17:04:37.280+0000] {processor.py:183} INFO - Processing /home/airflow/.local/lib/python3.11/site-packages/airflow/example_dags/example_bash_operator.py took 0.137 seconds
[2024-07-09T17:05:07.613+0000] {processor.py:161} INFO - Started process (PID=7536) to work on /home/airflow/.local/lib/python3.11/site-packages/airflow/example_dags/example_bash_operator.py
[2024-07-09T17:05:07.614+0000] {processor.py:830} INFO - Processing file /home/airflow/.local/lib/python3.11/site-packages/airflow/example_dags/example_bash_operator.py for tasks to queue
[2024-07-09T17:05:07.615+0000] {logging_mixin.py:188} INFO - [2024-07-09T17:05:07.615+0000] {dagbag.py:540} INFO - Filling up the DagBag from /home/airflow/.local/lib/python3.11/site-packages/airflow/example_dags/example_bash_operator.py
[2024-07-09T17:05:07.625+0000] {processor.py:840} INFO - DAG(s) 'example_bash_operator' retrieved from /home/airflow/.local/lib/python3.11/site-packages/airflow/example_dags/example_bash_operator.py
[2024-07-09T17:05:07.654+0000] {logging_mixin.py:188} INFO - [2024-07-09T17:05:07.654+0000] {dag.py:3047} INFO - Sync 1 DAGs
[2024-07-09T17:05:07.675+0000] {logging_mixin.py:188} INFO - [2024-07-09T17:05:07.675+0000] {dag.py:3834} INFO - Setting next_dagrun for example_bash_operator to 2024-07-08 00:00:00+00:00, run_after=2024-07-09 00:00:00+00:00
[2024-07-09T17:05:07.712+0000] {processor.py:183} INFO - Processing /home/airflow/.local/lib/python3.11/site-packages/airflow/example_dags/example_bash_operator.py took 0.101 seconds
[2024-07-09T17:05:38.391+0000] {processor.py:161} INFO - Started process (PID=7798) to work on /home/airflow/.local/lib/python3.11/site-packages/airflow/example_dags/example_bash_operator.py
[2024-07-09T17:05:38.393+0000] {processor.py:830} INFO - Processing file /home/airflow/.local/lib/python3.11/site-packages/airflow/example_dags/example_bash_operator.py for tasks to queue
[2024-07-09T17:05:38.394+0000] {logging_mixin.py:188} INFO - [2024-07-09T17:05:38.394+0000] {dagbag.py:540} INFO - Filling up the DagBag from /home/airflow/.local/lib/python3.11/site-packages/airflow/example_dags/example_bash_operator.py
[2024-07-09T17:05:38.407+0000] {processor.py:840} INFO - DAG(s) 'example_bash_operator' retrieved from /home/airflow/.local/lib/python3.11/site-packages/airflow/example_dags/example_bash_operator.py
[2024-07-09T17:05:38.436+0000] {logging_mixin.py:188} INFO - [2024-07-09T17:05:38.436+0000] {dag.py:3047} INFO - Sync 1 DAGs
[2024-07-09T17:05:38.459+0000] {logging_mixin.py:188} INFO - [2024-07-09T17:05:38.458+0000] {dag.py:3834} INFO - Setting next_dagrun for example_bash_operator to 2024-07-08 00:00:00+00:00, run_after=2024-07-09 00:00:00+00:00
[2024-07-09T17:05:38.497+0000] {processor.py:183} INFO - Processing /home/airflow/.local/lib/python3.11/site-packages/airflow/example_dags/example_bash_operator.py took 0.110 seconds
[2024-07-09T17:06:09.101+0000] {processor.py:161} INFO - Started process (PID=8060) to work on /home/airflow/.local/lib/python3.11/site-packages/airflow/example_dags/example_bash_operator.py
[2024-07-09T17:06:09.102+0000] {processor.py:830} INFO - Processing file /home/airflow/.local/lib/python3.11/site-packages/airflow/example_dags/example_bash_operator.py for tasks to queue
[2024-07-09T17:06:09.104+0000] {logging_mixin.py:188} INFO - [2024-07-09T17:06:09.103+0000] {dagbag.py:540} INFO - Filling up the DagBag from /home/airflow/.local/lib/python3.11/site-packages/airflow/example_dags/example_bash_operator.py
[2024-07-09T17:06:09.115+0000] {processor.py:840} INFO - DAG(s) 'example_bash_operator' retrieved from /home/airflow/.local/lib/python3.11/site-packages/airflow/example_dags/example_bash_operator.py
[2024-07-09T17:06:09.146+0000] {logging_mixin.py:188} INFO - [2024-07-09T17:06:09.146+0000] {dag.py:3047} INFO - Sync 1 DAGs
[2024-07-09T17:06:09.173+0000] {logging_mixin.py:188} INFO - [2024-07-09T17:06:09.173+0000] {dag.py:3834} INFO - Setting next_dagrun for example_bash_operator to 2024-07-08 00:00:00+00:00, run_after=2024-07-09 00:00:00+00:00
[2024-07-09T17:06:09.196+0000] {processor.py:183} INFO - Processing /home/airflow/.local/lib/python3.11/site-packages/airflow/example_dags/example_bash_operator.py took 0.100 seconds
[2024-07-09T17:06:39.418+0000] {processor.py:161} INFO - Started process (PID=8322) to work on /home/airflow/.local/lib/python3.11/site-packages/airflow/example_dags/example_bash_operator.py
[2024-07-09T17:06:39.419+0000] {processor.py:830} INFO - Processing file /home/airflow/.local/lib/python3.11/site-packages/airflow/example_dags/example_bash_operator.py for tasks to queue
[2024-07-09T17:06:39.421+0000] {logging_mixin.py:188} INFO - [2024-07-09T17:06:39.421+0000] {dagbag.py:540} INFO - Filling up the DagBag from /home/airflow/.local/lib/python3.11/site-packages/airflow/example_dags/example_bash_operator.py
[2024-07-09T17:06:39.431+0000] {processor.py:840} INFO - DAG(s) 'example_bash_operator' retrieved from /home/airflow/.local/lib/python3.11/site-packages/airflow/example_dags/example_bash_operator.py
[2024-07-09T17:06:39.459+0000] {logging_mixin.py:188} INFO - [2024-07-09T17:06:39.459+0000] {dag.py:3047} INFO - Sync 1 DAGs
[2024-07-09T17:06:39.482+0000] {logging_mixin.py:188} INFO - [2024-07-09T17:06:39.481+0000] {dag.py:3834} INFO - Setting next_dagrun for example_bash_operator to 2024-07-08 00:00:00+00:00, run_after=2024-07-09 00:00:00+00:00
[2024-07-09T17:06:39.503+0000] {processor.py:183} INFO - Processing /home/airflow/.local/lib/python3.11/site-packages/airflow/example_dags/example_bash_operator.py took 0.089 seconds
