[2024-07-09T16:51:00.734+0000] {processor.py:161} INFO - Started process (PID=285) to work on /home/airflow/.local/lib/python3.11/site-packages/airflow/example_dags/example_subdag_operator.py
[2024-07-09T16:51:00.737+0000] {processor.py:830} INFO - Processing file /home/airflow/.local/lib/python3.11/site-packages/airflow/example_dags/example_subdag_operator.py for tasks to queue
[2024-07-09T16:51:00.739+0000] {logging_mixin.py:188} INFO - [2024-07-09T16:51:00.738+0000] {dagbag.py:540} INFO - Filling up the DagBag from /home/airflow/.local/lib/python3.11/site-packages/airflow/example_dags/example_subdag_operator.py
[2024-07-09T16:51:00.834+0000] {processor.py:840} INFO - DAG(s) 'example_subdag_operator.section-1', 'example_subdag_operator.section-2', 'example_subdag_operator' retrieved from /home/airflow/.local/lib/python3.11/site-packages/airflow/example_dags/example_subdag_operator.py
[2024-07-09T16:51:01.015+0000] {logging_mixin.py:188} INFO - [2024-07-09T16:51:01.014+0000] {override.py:1769} INFO - Created Permission View: can delete on DAG:example_subdag_operator
[2024-07-09T16:51:01.033+0000] {logging_mixin.py:188} INFO - [2024-07-09T16:51:01.032+0000] {override.py:1769} INFO - Created Permission View: can edit on DAG:example_subdag_operator
[2024-07-09T16:51:01.044+0000] {logging_mixin.py:188} INFO - [2024-07-09T16:51:01.043+0000] {override.py:1769} INFO - Created Permission View: can read on DAG:example_subdag_operator
[2024-07-09T16:51:01.045+0000] {logging_mixin.py:188} INFO - [2024-07-09T16:51:01.044+0000] {dag.py:3047} INFO - Sync 3 DAGs
[2024-07-09T16:51:01.063+0000] {logging_mixin.py:188} INFO - [2024-07-09T16:51:01.063+0000] {dag.py:3069} INFO - Creating ORM DAG for example_subdag_operator.section-1
[2024-07-09T16:51:01.065+0000] {logging_mixin.py:188} INFO - [2024-07-09T16:51:01.065+0000] {dag.py:3069} INFO - Creating ORM DAG for example_subdag_operator.section-2
[2024-07-09T16:51:01.066+0000] {logging_mixin.py:188} INFO - [2024-07-09T16:51:01.066+0000] {dag.py:3069} INFO - Creating ORM DAG for example_subdag_operator
[2024-07-09T16:51:01.078+0000] {logging_mixin.py:188} INFO - [2024-07-09T16:51:01.077+0000] {dag.py:3834} INFO - Setting next_dagrun for example_subdag_operator to 2022-01-01 00:00:00+00:00, run_after=2022-01-01 00:00:00+00:00
[2024-07-09T16:51:01.079+0000] {logging_mixin.py:188} INFO - [2024-07-09T16:51:01.079+0000] {dag.py:3834} INFO - Setting next_dagrun for example_subdag_operator.section-1 to None, run_after=None
[2024-07-09T16:51:01.080+0000] {logging_mixin.py:188} INFO - [2024-07-09T16:51:01.079+0000] {dag.py:3834} INFO - Setting next_dagrun for example_subdag_operator.section-2 to None, run_after=None
[2024-07-09T16:51:01.092+0000] {logging_mixin.py:188} INFO - [2024-07-09T16:51:01.091+0000] {dag.py:3047} INFO - Sync 2 DAGs
[2024-07-09T16:51:01.100+0000] {logging_mixin.py:188} INFO - [2024-07-09T16:51:01.100+0000] {dag.py:3834} INFO - Setting next_dagrun for example_subdag_operator.section-1 to None, run_after=None
[2024-07-09T16:51:01.105+0000] {logging_mixin.py:188} INFO - [2024-07-09T16:51:01.104+0000] {dag.py:3834} INFO - Setting next_dagrun for example_subdag_operator.section-2 to None, run_after=None
[2024-07-09T16:51:01.127+0000] {processor.py:183} INFO - Processing /home/airflow/.local/lib/python3.11/site-packages/airflow/example_dags/example_subdag_operator.py took 0.397 seconds
[2024-07-09T16:51:31.370+0000] {processor.py:161} INFO - Started process (PID=549) to work on /home/airflow/.local/lib/python3.11/site-packages/airflow/example_dags/example_subdag_operator.py
[2024-07-09T16:51:31.371+0000] {processor.py:830} INFO - Processing file /home/airflow/.local/lib/python3.11/site-packages/airflow/example_dags/example_subdag_operator.py for tasks to queue
[2024-07-09T16:51:31.372+0000] {logging_mixin.py:188} INFO - [2024-07-09T16:51:31.372+0000] {dagbag.py:540} INFO - Filling up the DagBag from /home/airflow/.local/lib/python3.11/site-packages/airflow/example_dags/example_subdag_operator.py
[2024-07-09T16:51:31.397+0000] {processor.py:840} INFO - DAG(s) 'example_subdag_operator.section-1', 'example_subdag_operator.section-2', 'example_subdag_operator' retrieved from /home/airflow/.local/lib/python3.11/site-packages/airflow/example_dags/example_subdag_operator.py
[2024-07-09T16:51:31.412+0000] {logging_mixin.py:188} INFO - [2024-07-09T16:51:31.412+0000] {dag.py:3047} INFO - Sync 3 DAGs
[2024-07-09T16:51:31.432+0000] {logging_mixin.py:188} INFO - [2024-07-09T16:51:31.432+0000] {dag.py:3834} INFO - Setting next_dagrun for example_subdag_operator to 2022-01-01 00:00:00+00:00, run_after=2022-01-01 00:00:00+00:00
[2024-07-09T16:51:31.438+0000] {logging_mixin.py:188} INFO - [2024-07-09T16:51:31.438+0000] {dag.py:3834} INFO - Setting next_dagrun for example_subdag_operator.section-1 to None, run_after=None
[2024-07-09T16:51:31.440+0000] {logging_mixin.py:188} INFO - [2024-07-09T16:51:31.439+0000] {dag.py:3834} INFO - Setting next_dagrun for example_subdag_operator.section-2 to None, run_after=None
[2024-07-09T16:51:31.449+0000] {logging_mixin.py:188} INFO - [2024-07-09T16:51:31.449+0000] {dag.py:3047} INFO - Sync 2 DAGs
[2024-07-09T16:51:31.454+0000] {logging_mixin.py:188} INFO - [2024-07-09T16:51:31.454+0000] {dag.py:3834} INFO - Setting next_dagrun for example_subdag_operator.section-1 to None, run_after=None
[2024-07-09T16:51:31.455+0000] {logging_mixin.py:188} INFO - [2024-07-09T16:51:31.455+0000] {dag.py:3834} INFO - Setting next_dagrun for example_subdag_operator.section-2 to None, run_after=None
[2024-07-09T16:51:31.469+0000] {processor.py:183} INFO - Processing /home/airflow/.local/lib/python3.11/site-packages/airflow/example_dags/example_subdag_operator.py took 0.102 seconds
[2024-07-09T16:52:01.664+0000] {processor.py:161} INFO - Started process (PID=816) to work on /home/airflow/.local/lib/python3.11/site-packages/airflow/example_dags/example_subdag_operator.py
[2024-07-09T16:52:01.665+0000] {processor.py:830} INFO - Processing file /home/airflow/.local/lib/python3.11/site-packages/airflow/example_dags/example_subdag_operator.py for tasks to queue
[2024-07-09T16:52:01.666+0000] {logging_mixin.py:188} INFO - [2024-07-09T16:52:01.666+0000] {dagbag.py:540} INFO - Filling up the DagBag from /home/airflow/.local/lib/python3.11/site-packages/airflow/example_dags/example_subdag_operator.py
[2024-07-09T16:52:01.685+0000] {processor.py:840} INFO - DAG(s) 'example_subdag_operator.section-1', 'example_subdag_operator.section-2', 'example_subdag_operator' retrieved from /home/airflow/.local/lib/python3.11/site-packages/airflow/example_dags/example_subdag_operator.py
[2024-07-09T16:52:01.697+0000] {logging_mixin.py:188} INFO - [2024-07-09T16:52:01.696+0000] {dag.py:3047} INFO - Sync 3 DAGs
[2024-07-09T16:52:01.713+0000] {logging_mixin.py:188} INFO - [2024-07-09T16:52:01.713+0000] {dag.py:3834} INFO - Setting next_dagrun for example_subdag_operator to 2022-01-01 00:00:00+00:00, run_after=2022-01-01 00:00:00+00:00
[2024-07-09T16:52:01.716+0000] {logging_mixin.py:188} INFO - [2024-07-09T16:52:01.716+0000] {dag.py:3834} INFO - Setting next_dagrun for example_subdag_operator.section-1 to None, run_after=None
[2024-07-09T16:52:01.717+0000] {logging_mixin.py:188} INFO - [2024-07-09T16:52:01.717+0000] {dag.py:3834} INFO - Setting next_dagrun for example_subdag_operator.section-2 to None, run_after=None
[2024-07-09T16:52:01.722+0000] {logging_mixin.py:188} INFO - [2024-07-09T16:52:01.722+0000] {dag.py:3047} INFO - Sync 2 DAGs
[2024-07-09T16:52:01.725+0000] {logging_mixin.py:188} INFO - [2024-07-09T16:52:01.725+0000] {dag.py:3834} INFO - Setting next_dagrun for example_subdag_operator.section-1 to None, run_after=None
[2024-07-09T16:52:01.726+0000] {logging_mixin.py:188} INFO - [2024-07-09T16:52:01.725+0000] {dag.py:3834} INFO - Setting next_dagrun for example_subdag_operator.section-2 to None, run_after=None
[2024-07-09T16:52:01.734+0000] {processor.py:183} INFO - Processing /home/airflow/.local/lib/python3.11/site-packages/airflow/example_dags/example_subdag_operator.py took 0.072 seconds
[2024-07-09T16:52:31.967+0000] {processor.py:161} INFO - Started process (PID=1071) to work on /home/airflow/.local/lib/python3.11/site-packages/airflow/example_dags/example_subdag_operator.py
[2024-07-09T16:52:31.968+0000] {processor.py:830} INFO - Processing file /home/airflow/.local/lib/python3.11/site-packages/airflow/example_dags/example_subdag_operator.py for tasks to queue
[2024-07-09T16:52:31.969+0000] {logging_mixin.py:188} INFO - [2024-07-09T16:52:31.969+0000] {dagbag.py:540} INFO - Filling up the DagBag from /home/airflow/.local/lib/python3.11/site-packages/airflow/example_dags/example_subdag_operator.py
[2024-07-09T16:52:31.996+0000] {processor.py:840} INFO - DAG(s) 'example_subdag_operator.section-1', 'example_subdag_operator.section-2', 'example_subdag_operator' retrieved from /home/airflow/.local/lib/python3.11/site-packages/airflow/example_dags/example_subdag_operator.py
[2024-07-09T16:52:32.011+0000] {logging_mixin.py:188} INFO - [2024-07-09T16:52:32.010+0000] {dag.py:3047} INFO - Sync 3 DAGs
[2024-07-09T16:52:32.033+0000] {logging_mixin.py:188} INFO - [2024-07-09T16:52:32.032+0000] {dag.py:3834} INFO - Setting next_dagrun for example_subdag_operator to 2022-01-01 00:00:00+00:00, run_after=2022-01-01 00:00:00+00:00
[2024-07-09T16:52:32.036+0000] {logging_mixin.py:188} INFO - [2024-07-09T16:52:32.036+0000] {dag.py:3834} INFO - Setting next_dagrun for example_subdag_operator.section-1 to None, run_after=None
[2024-07-09T16:52:32.038+0000] {logging_mixin.py:188} INFO - [2024-07-09T16:52:32.038+0000] {dag.py:3834} INFO - Setting next_dagrun for example_subdag_operator.section-2 to None, run_after=None
[2024-07-09T16:52:32.046+0000] {logging_mixin.py:188} INFO - [2024-07-09T16:52:32.046+0000] {dag.py:3047} INFO - Sync 2 DAGs
[2024-07-09T16:52:32.051+0000] {logging_mixin.py:188} INFO - [2024-07-09T16:52:32.050+0000] {dag.py:3834} INFO - Setting next_dagrun for example_subdag_operator.section-1 to None, run_after=None
[2024-07-09T16:52:32.051+0000] {logging_mixin.py:188} INFO - [2024-07-09T16:52:32.051+0000] {dag.py:3834} INFO - Setting next_dagrun for example_subdag_operator.section-2 to None, run_after=None
[2024-07-09T16:52:32.070+0000] {processor.py:183} INFO - Processing /home/airflow/.local/lib/python3.11/site-packages/airflow/example_dags/example_subdag_operator.py took 0.106 seconds
[2024-07-09T16:53:03.259+0000] {processor.py:161} INFO - Started process (PID=1333) to work on /home/airflow/.local/lib/python3.11/site-packages/airflow/example_dags/example_subdag_operator.py
[2024-07-09T16:53:03.260+0000] {processor.py:830} INFO - Processing file /home/airflow/.local/lib/python3.11/site-packages/airflow/example_dags/example_subdag_operator.py for tasks to queue
[2024-07-09T16:53:03.261+0000] {logging_mixin.py:188} INFO - [2024-07-09T16:53:03.260+0000] {dagbag.py:540} INFO - Filling up the DagBag from /home/airflow/.local/lib/python3.11/site-packages/airflow/example_dags/example_subdag_operator.py
[2024-07-09T16:53:03.290+0000] {processor.py:840} INFO - DAG(s) 'example_subdag_operator.section-1', 'example_subdag_operator.section-2', 'example_subdag_operator' retrieved from /home/airflow/.local/lib/python3.11/site-packages/airflow/example_dags/example_subdag_operator.py
[2024-07-09T16:53:03.304+0000] {logging_mixin.py:188} INFO - [2024-07-09T16:53:03.303+0000] {dag.py:3047} INFO - Sync 3 DAGs
[2024-07-09T16:53:03.432+0000] {logging_mixin.py:188} INFO - [2024-07-09T16:53:03.432+0000] {dag.py:3834} INFO - Setting next_dagrun for example_subdag_operator to 2022-01-01 00:00:00+00:00, run_after=2022-01-01 00:00:00+00:00
[2024-07-09T16:53:03.436+0000] {logging_mixin.py:188} INFO - [2024-07-09T16:53:03.435+0000] {dag.py:3834} INFO - Setting next_dagrun for example_subdag_operator.section-1 to None, run_after=None
[2024-07-09T16:53:03.438+0000] {logging_mixin.py:188} INFO - [2024-07-09T16:53:03.437+0000] {dag.py:3834} INFO - Setting next_dagrun for example_subdag_operator.section-2 to None, run_after=None
[2024-07-09T16:53:03.444+0000] {logging_mixin.py:188} INFO - [2024-07-09T16:53:03.444+0000] {dag.py:3047} INFO - Sync 2 DAGs
[2024-07-09T16:53:03.451+0000] {logging_mixin.py:188} INFO - [2024-07-09T16:53:03.450+0000] {dag.py:3834} INFO - Setting next_dagrun for example_subdag_operator.section-1 to None, run_after=None
[2024-07-09T16:53:03.452+0000] {logging_mixin.py:188} INFO - [2024-07-09T16:53:03.451+0000] {dag.py:3834} INFO - Setting next_dagrun for example_subdag_operator.section-2 to None, run_after=None
[2024-07-09T16:53:03.464+0000] {processor.py:183} INFO - Processing /home/airflow/.local/lib/python3.11/site-packages/airflow/example_dags/example_subdag_operator.py took 0.208 seconds
[2024-07-09T16:53:34.064+0000] {processor.py:161} INFO - Started process (PID=1595) to work on /home/airflow/.local/lib/python3.11/site-packages/airflow/example_dags/example_subdag_operator.py
[2024-07-09T16:53:34.065+0000] {processor.py:830} INFO - Processing file /home/airflow/.local/lib/python3.11/site-packages/airflow/example_dags/example_subdag_operator.py for tasks to queue
[2024-07-09T16:53:34.065+0000] {logging_mixin.py:188} INFO - [2024-07-09T16:53:34.065+0000] {dagbag.py:540} INFO - Filling up the DagBag from /home/airflow/.local/lib/python3.11/site-packages/airflow/example_dags/example_subdag_operator.py
[2024-07-09T16:53:34.089+0000] {processor.py:840} INFO - DAG(s) 'example_subdag_operator.section-1', 'example_subdag_operator.section-2', 'example_subdag_operator' retrieved from /home/airflow/.local/lib/python3.11/site-packages/airflow/example_dags/example_subdag_operator.py
[2024-07-09T16:53:34.103+0000] {logging_mixin.py:188} INFO - [2024-07-09T16:53:34.102+0000] {dag.py:3047} INFO - Sync 3 DAGs
[2024-07-09T16:53:34.120+0000] {logging_mixin.py:188} INFO - [2024-07-09T16:53:34.119+0000] {dag.py:3834} INFO - Setting next_dagrun for example_subdag_operator to 2022-01-01 00:00:00+00:00, run_after=2022-01-01 00:00:00+00:00
[2024-07-09T16:53:34.123+0000] {logging_mixin.py:188} INFO - [2024-07-09T16:53:34.123+0000] {dag.py:3834} INFO - Setting next_dagrun for example_subdag_operator.section-1 to None, run_after=None
[2024-07-09T16:53:34.125+0000] {logging_mixin.py:188} INFO - [2024-07-09T16:53:34.125+0000] {dag.py:3834} INFO - Setting next_dagrun for example_subdag_operator.section-2 to None, run_after=None
[2024-07-09T16:53:34.133+0000] {logging_mixin.py:188} INFO - [2024-07-09T16:53:34.133+0000] {dag.py:3047} INFO - Sync 2 DAGs
[2024-07-09T16:53:34.138+0000] {logging_mixin.py:188} INFO - [2024-07-09T16:53:34.138+0000] {dag.py:3834} INFO - Setting next_dagrun for example_subdag_operator.section-1 to None, run_after=None
[2024-07-09T16:53:34.139+0000] {logging_mixin.py:188} INFO - [2024-07-09T16:53:34.139+0000] {dag.py:3834} INFO - Setting next_dagrun for example_subdag_operator.section-2 to None, run_after=None
[2024-07-09T16:53:34.149+0000] {processor.py:183} INFO - Processing /home/airflow/.local/lib/python3.11/site-packages/airflow/example_dags/example_subdag_operator.py took 0.088 seconds
[2024-07-09T16:54:04.868+0000] {processor.py:161} INFO - Started process (PID=1857) to work on /home/airflow/.local/lib/python3.11/site-packages/airflow/example_dags/example_subdag_operator.py
[2024-07-09T16:54:04.869+0000] {processor.py:830} INFO - Processing file /home/airflow/.local/lib/python3.11/site-packages/airflow/example_dags/example_subdag_operator.py for tasks to queue
[2024-07-09T16:54:04.871+0000] {logging_mixin.py:188} INFO - [2024-07-09T16:54:04.870+0000] {dagbag.py:540} INFO - Filling up the DagBag from /home/airflow/.local/lib/python3.11/site-packages/airflow/example_dags/example_subdag_operator.py
[2024-07-09T16:54:04.898+0000] {processor.py:840} INFO - DAG(s) 'example_subdag_operator.section-1', 'example_subdag_operator.section-2', 'example_subdag_operator' retrieved from /home/airflow/.local/lib/python3.11/site-packages/airflow/example_dags/example_subdag_operator.py
[2024-07-09T16:54:04.914+0000] {logging_mixin.py:188} INFO - [2024-07-09T16:54:04.914+0000] {dag.py:3047} INFO - Sync 3 DAGs
[2024-07-09T16:54:04.933+0000] {logging_mixin.py:188} INFO - [2024-07-09T16:54:04.933+0000] {dag.py:3834} INFO - Setting next_dagrun for example_subdag_operator to 2022-01-01 00:00:00+00:00, run_after=2022-01-01 00:00:00+00:00
[2024-07-09T16:54:04.937+0000] {logging_mixin.py:188} INFO - [2024-07-09T16:54:04.936+0000] {dag.py:3834} INFO - Setting next_dagrun for example_subdag_operator.section-1 to None, run_after=None
[2024-07-09T16:54:04.938+0000] {logging_mixin.py:188} INFO - [2024-07-09T16:54:04.938+0000] {dag.py:3834} INFO - Setting next_dagrun for example_subdag_operator.section-2 to None, run_after=None
[2024-07-09T16:54:04.944+0000] {logging_mixin.py:188} INFO - [2024-07-09T16:54:04.944+0000] {dag.py:3047} INFO - Sync 2 DAGs
[2024-07-09T16:54:04.948+0000] {logging_mixin.py:188} INFO - [2024-07-09T16:54:04.948+0000] {dag.py:3834} INFO - Setting next_dagrun for example_subdag_operator.section-1 to None, run_after=None
[2024-07-09T16:54:04.949+0000] {logging_mixin.py:188} INFO - [2024-07-09T16:54:04.949+0000] {dag.py:3834} INFO - Setting next_dagrun for example_subdag_operator.section-2 to None, run_after=None
[2024-07-09T16:54:04.998+0000] {processor.py:183} INFO - Processing /home/airflow/.local/lib/python3.11/site-packages/airflow/example_dags/example_subdag_operator.py took 0.133 seconds
[2024-07-09T16:54:35.476+0000] {processor.py:161} INFO - Started process (PID=2119) to work on /home/airflow/.local/lib/python3.11/site-packages/airflow/example_dags/example_subdag_operator.py
[2024-07-09T16:54:35.477+0000] {processor.py:830} INFO - Processing file /home/airflow/.local/lib/python3.11/site-packages/airflow/example_dags/example_subdag_operator.py for tasks to queue
[2024-07-09T16:54:35.478+0000] {logging_mixin.py:188} INFO - [2024-07-09T16:54:35.478+0000] {dagbag.py:540} INFO - Filling up the DagBag from /home/airflow/.local/lib/python3.11/site-packages/airflow/example_dags/example_subdag_operator.py
[2024-07-09T16:54:35.511+0000] {processor.py:840} INFO - DAG(s) 'example_subdag_operator.section-1', 'example_subdag_operator.section-2', 'example_subdag_operator' retrieved from /home/airflow/.local/lib/python3.11/site-packages/airflow/example_dags/example_subdag_operator.py
[2024-07-09T16:54:35.529+0000] {logging_mixin.py:188} INFO - [2024-07-09T16:54:35.529+0000] {dag.py:3047} INFO - Sync 3 DAGs
[2024-07-09T16:54:35.554+0000] {logging_mixin.py:188} INFO - [2024-07-09T16:54:35.553+0000] {dag.py:3834} INFO - Setting next_dagrun for example_subdag_operator to 2022-01-01 00:00:00+00:00, run_after=2022-01-01 00:00:00+00:00
[2024-07-09T16:54:35.558+0000] {logging_mixin.py:188} INFO - [2024-07-09T16:54:35.558+0000] {dag.py:3834} INFO - Setting next_dagrun for example_subdag_operator.section-1 to None, run_after=None
[2024-07-09T16:54:35.559+0000] {logging_mixin.py:188} INFO - [2024-07-09T16:54:35.559+0000] {dag.py:3834} INFO - Setting next_dagrun for example_subdag_operator.section-2 to None, run_after=None
[2024-07-09T16:54:35.567+0000] {logging_mixin.py:188} INFO - [2024-07-09T16:54:35.567+0000] {dag.py:3047} INFO - Sync 2 DAGs
[2024-07-09T16:54:35.578+0000] {logging_mixin.py:188} INFO - [2024-07-09T16:54:35.578+0000] {dag.py:3834} INFO - Setting next_dagrun for example_subdag_operator.section-1 to None, run_after=None
[2024-07-09T16:54:35.579+0000] {logging_mixin.py:188} INFO - [2024-07-09T16:54:35.579+0000] {dag.py:3834} INFO - Setting next_dagrun for example_subdag_operator.section-2 to None, run_after=None
[2024-07-09T16:54:35.596+0000] {processor.py:183} INFO - Processing /home/airflow/.local/lib/python3.11/site-packages/airflow/example_dags/example_subdag_operator.py took 0.125 seconds
[2024-07-09T16:55:05.960+0000] {processor.py:161} INFO - Started process (PID=2381) to work on /home/airflow/.local/lib/python3.11/site-packages/airflow/example_dags/example_subdag_operator.py
[2024-07-09T16:55:05.961+0000] {processor.py:830} INFO - Processing file /home/airflow/.local/lib/python3.11/site-packages/airflow/example_dags/example_subdag_operator.py for tasks to queue
[2024-07-09T16:55:05.962+0000] {logging_mixin.py:188} INFO - [2024-07-09T16:55:05.962+0000] {dagbag.py:540} INFO - Filling up the DagBag from /home/airflow/.local/lib/python3.11/site-packages/airflow/example_dags/example_subdag_operator.py
[2024-07-09T16:55:05.990+0000] {processor.py:840} INFO - DAG(s) 'example_subdag_operator.section-1', 'example_subdag_operator.section-2', 'example_subdag_operator' retrieved from /home/airflow/.local/lib/python3.11/site-packages/airflow/example_dags/example_subdag_operator.py
[2024-07-09T16:55:06.003+0000] {logging_mixin.py:188} INFO - [2024-07-09T16:55:06.003+0000] {dag.py:3047} INFO - Sync 3 DAGs
[2024-07-09T16:55:06.021+0000] {logging_mixin.py:188} INFO - [2024-07-09T16:55:06.021+0000] {dag.py:3834} INFO - Setting next_dagrun for example_subdag_operator to 2022-01-01 00:00:00+00:00, run_after=2022-01-01 00:00:00+00:00
[2024-07-09T16:55:06.025+0000] {logging_mixin.py:188} INFO - [2024-07-09T16:55:06.025+0000] {dag.py:3834} INFO - Setting next_dagrun for example_subdag_operator.section-1 to None, run_after=None
[2024-07-09T16:55:06.026+0000] {logging_mixin.py:188} INFO - [2024-07-09T16:55:06.026+0000] {dag.py:3834} INFO - Setting next_dagrun for example_subdag_operator.section-2 to None, run_after=None
[2024-07-09T16:55:06.033+0000] {logging_mixin.py:188} INFO - [2024-07-09T16:55:06.033+0000] {dag.py:3047} INFO - Sync 2 DAGs
[2024-07-09T16:55:06.038+0000] {logging_mixin.py:188} INFO - [2024-07-09T16:55:06.038+0000] {dag.py:3834} INFO - Setting next_dagrun for example_subdag_operator.section-1 to None, run_after=None
[2024-07-09T16:55:06.039+0000] {logging_mixin.py:188} INFO - [2024-07-09T16:55:06.039+0000] {dag.py:3834} INFO - Setting next_dagrun for example_subdag_operator.section-2 to None, run_after=None
[2024-07-09T16:55:06.049+0000] {processor.py:183} INFO - Processing /home/airflow/.local/lib/python3.11/site-packages/airflow/example_dags/example_subdag_operator.py took 0.092 seconds
[2024-07-09T16:55:36.137+0000] {processor.py:161} INFO - Started process (PID=2634) to work on /home/airflow/.local/lib/python3.11/site-packages/airflow/example_dags/example_subdag_operator.py
[2024-07-09T16:55:36.138+0000] {processor.py:830} INFO - Processing file /home/airflow/.local/lib/python3.11/site-packages/airflow/example_dags/example_subdag_operator.py for tasks to queue
[2024-07-09T16:55:36.139+0000] {logging_mixin.py:188} INFO - [2024-07-09T16:55:36.139+0000] {dagbag.py:540} INFO - Filling up the DagBag from /home/airflow/.local/lib/python3.11/site-packages/airflow/example_dags/example_subdag_operator.py
[2024-07-09T16:55:36.161+0000] {processor.py:840} INFO - DAG(s) 'example_subdag_operator.section-1', 'example_subdag_operator.section-2', 'example_subdag_operator' retrieved from /home/airflow/.local/lib/python3.11/site-packages/airflow/example_dags/example_subdag_operator.py
[2024-07-09T16:55:36.174+0000] {logging_mixin.py:188} INFO - [2024-07-09T16:55:36.174+0000] {dag.py:3047} INFO - Sync 3 DAGs
[2024-07-09T16:55:36.192+0000] {logging_mixin.py:188} INFO - [2024-07-09T16:55:36.192+0000] {dag.py:3834} INFO - Setting next_dagrun for example_subdag_operator to 2022-01-01 00:00:00+00:00, run_after=2022-01-01 00:00:00+00:00
[2024-07-09T16:55:36.195+0000] {logging_mixin.py:188} INFO - [2024-07-09T16:55:36.195+0000] {dag.py:3834} INFO - Setting next_dagrun for example_subdag_operator.section-1 to None, run_after=None
[2024-07-09T16:55:36.197+0000] {logging_mixin.py:188} INFO - [2024-07-09T16:55:36.197+0000] {dag.py:3834} INFO - Setting next_dagrun for example_subdag_operator.section-2 to None, run_after=None
[2024-07-09T16:55:36.202+0000] {logging_mixin.py:188} INFO - [2024-07-09T16:55:36.202+0000] {dag.py:3047} INFO - Sync 2 DAGs
[2024-07-09T16:55:36.207+0000] {logging_mixin.py:188} INFO - [2024-07-09T16:55:36.207+0000] {dag.py:3834} INFO - Setting next_dagrun for example_subdag_operator.section-1 to None, run_after=None
[2024-07-09T16:55:36.208+0000] {logging_mixin.py:188} INFO - [2024-07-09T16:55:36.208+0000] {dag.py:3834} INFO - Setting next_dagrun for example_subdag_operator.section-2 to None, run_after=None
[2024-07-09T16:55:36.221+0000] {processor.py:183} INFO - Processing /home/airflow/.local/lib/python3.11/site-packages/airflow/example_dags/example_subdag_operator.py took 0.088 seconds
[2024-07-09T16:56:06.283+0000] {processor.py:161} INFO - Started process (PID=2893) to work on /home/airflow/.local/lib/python3.11/site-packages/airflow/example_dags/example_subdag_operator.py
[2024-07-09T16:56:06.284+0000] {processor.py:830} INFO - Processing file /home/airflow/.local/lib/python3.11/site-packages/airflow/example_dags/example_subdag_operator.py for tasks to queue
[2024-07-09T16:56:06.285+0000] {logging_mixin.py:188} INFO - [2024-07-09T16:56:06.285+0000] {dagbag.py:540} INFO - Filling up the DagBag from /home/airflow/.local/lib/python3.11/site-packages/airflow/example_dags/example_subdag_operator.py
[2024-07-09T16:56:06.306+0000] {processor.py:840} INFO - DAG(s) 'example_subdag_operator.section-1', 'example_subdag_operator.section-2', 'example_subdag_operator' retrieved from /home/airflow/.local/lib/python3.11/site-packages/airflow/example_dags/example_subdag_operator.py
[2024-07-09T16:56:06.319+0000] {logging_mixin.py:188} INFO - [2024-07-09T16:56:06.319+0000] {dag.py:3047} INFO - Sync 3 DAGs
[2024-07-09T16:56:06.335+0000] {logging_mixin.py:188} INFO - [2024-07-09T16:56:06.335+0000] {dag.py:3834} INFO - Setting next_dagrun for example_subdag_operator to 2022-01-01 00:00:00+00:00, run_after=2022-01-01 00:00:00+00:00
[2024-07-09T16:56:06.338+0000] {logging_mixin.py:188} INFO - [2024-07-09T16:56:06.338+0000] {dag.py:3834} INFO - Setting next_dagrun for example_subdag_operator.section-1 to None, run_after=None
[2024-07-09T16:56:06.339+0000] {logging_mixin.py:188} INFO - [2024-07-09T16:56:06.339+0000] {dag.py:3834} INFO - Setting next_dagrun for example_subdag_operator.section-2 to None, run_after=None
[2024-07-09T16:56:06.344+0000] {logging_mixin.py:188} INFO - [2024-07-09T16:56:06.344+0000] {dag.py:3047} INFO - Sync 2 DAGs
[2024-07-09T16:56:06.347+0000] {logging_mixin.py:188} INFO - [2024-07-09T16:56:06.347+0000] {dag.py:3834} INFO - Setting next_dagrun for example_subdag_operator.section-1 to None, run_after=None
[2024-07-09T16:56:06.348+0000] {logging_mixin.py:188} INFO - [2024-07-09T16:56:06.348+0000] {dag.py:3834} INFO - Setting next_dagrun for example_subdag_operator.section-2 to None, run_after=None
[2024-07-09T16:56:06.355+0000] {processor.py:183} INFO - Processing /home/airflow/.local/lib/python3.11/site-packages/airflow/example_dags/example_subdag_operator.py took 0.074 seconds
[2024-07-09T16:56:36.460+0000] {processor.py:161} INFO - Started process (PID=3155) to work on /home/airflow/.local/lib/python3.11/site-packages/airflow/example_dags/example_subdag_operator.py
[2024-07-09T16:56:36.461+0000] {processor.py:830} INFO - Processing file /home/airflow/.local/lib/python3.11/site-packages/airflow/example_dags/example_subdag_operator.py for tasks to queue
[2024-07-09T16:56:36.462+0000] {logging_mixin.py:188} INFO - [2024-07-09T16:56:36.462+0000] {dagbag.py:540} INFO - Filling up the DagBag from /home/airflow/.local/lib/python3.11/site-packages/airflow/example_dags/example_subdag_operator.py
[2024-07-09T16:56:36.488+0000] {processor.py:840} INFO - DAG(s) 'example_subdag_operator.section-1', 'example_subdag_operator.section-2', 'example_subdag_operator' retrieved from /home/airflow/.local/lib/python3.11/site-packages/airflow/example_dags/example_subdag_operator.py
[2024-07-09T16:56:36.504+0000] {logging_mixin.py:188} INFO - [2024-07-09T16:56:36.504+0000] {dag.py:3047} INFO - Sync 3 DAGs
[2024-07-09T16:56:36.526+0000] {logging_mixin.py:188} INFO - [2024-07-09T16:56:36.526+0000] {dag.py:3834} INFO - Setting next_dagrun for example_subdag_operator to 2022-01-01 00:00:00+00:00, run_after=2022-01-01 00:00:00+00:00
[2024-07-09T16:56:36.530+0000] {logging_mixin.py:188} INFO - [2024-07-09T16:56:36.530+0000] {dag.py:3834} INFO - Setting next_dagrun for example_subdag_operator.section-1 to None, run_after=None
[2024-07-09T16:56:36.531+0000] {logging_mixin.py:188} INFO - [2024-07-09T16:56:36.531+0000] {dag.py:3834} INFO - Setting next_dagrun for example_subdag_operator.section-2 to None, run_after=None
[2024-07-09T16:56:36.537+0000] {logging_mixin.py:188} INFO - [2024-07-09T16:56:36.537+0000] {dag.py:3047} INFO - Sync 2 DAGs
[2024-07-09T16:56:36.541+0000] {logging_mixin.py:188} INFO - [2024-07-09T16:56:36.541+0000] {dag.py:3834} INFO - Setting next_dagrun for example_subdag_operator.section-1 to None, run_after=None
[2024-07-09T16:56:36.542+0000] {logging_mixin.py:188} INFO - [2024-07-09T16:56:36.542+0000] {dag.py:3834} INFO - Setting next_dagrun for example_subdag_operator.section-2 to None, run_after=None
[2024-07-09T16:56:36.552+0000] {processor.py:183} INFO - Processing /home/airflow/.local/lib/python3.11/site-packages/airflow/example_dags/example_subdag_operator.py took 0.095 seconds
[2024-07-09T16:57:06.649+0000] {processor.py:161} INFO - Started process (PID=3415) to work on /home/airflow/.local/lib/python3.11/site-packages/airflow/example_dags/example_subdag_operator.py
[2024-07-09T16:57:06.650+0000] {processor.py:830} INFO - Processing file /home/airflow/.local/lib/python3.11/site-packages/airflow/example_dags/example_subdag_operator.py for tasks to queue
[2024-07-09T16:57:06.651+0000] {logging_mixin.py:188} INFO - [2024-07-09T16:57:06.651+0000] {dagbag.py:540} INFO - Filling up the DagBag from /home/airflow/.local/lib/python3.11/site-packages/airflow/example_dags/example_subdag_operator.py
[2024-07-09T16:57:06.676+0000] {processor.py:840} INFO - DAG(s) 'example_subdag_operator.section-1', 'example_subdag_operator.section-2', 'example_subdag_operator' retrieved from /home/airflow/.local/lib/python3.11/site-packages/airflow/example_dags/example_subdag_operator.py
[2024-07-09T16:57:06.691+0000] {logging_mixin.py:188} INFO - [2024-07-09T16:57:06.691+0000] {dag.py:3047} INFO - Sync 3 DAGs
[2024-07-09T16:57:06.708+0000] {logging_mixin.py:188} INFO - [2024-07-09T16:57:06.708+0000] {dag.py:3834} INFO - Setting next_dagrun for example_subdag_operator to 2022-01-01 00:00:00+00:00, run_after=2022-01-01 00:00:00+00:00
[2024-07-09T16:57:06.713+0000] {logging_mixin.py:188} INFO - [2024-07-09T16:57:06.712+0000] {dag.py:3834} INFO - Setting next_dagrun for example_subdag_operator.section-1 to None, run_after=None
[2024-07-09T16:57:06.714+0000] {logging_mixin.py:188} INFO - [2024-07-09T16:57:06.714+0000] {dag.py:3834} INFO - Setting next_dagrun for example_subdag_operator.section-2 to None, run_after=None
[2024-07-09T16:57:06.722+0000] {logging_mixin.py:188} INFO - [2024-07-09T16:57:06.722+0000] {dag.py:3047} INFO - Sync 2 DAGs
[2024-07-09T16:57:06.727+0000] {logging_mixin.py:188} INFO - [2024-07-09T16:57:06.727+0000] {dag.py:3834} INFO - Setting next_dagrun for example_subdag_operator.section-1 to None, run_after=None
[2024-07-09T16:57:06.728+0000] {logging_mixin.py:188} INFO - [2024-07-09T16:57:06.728+0000] {dag.py:3834} INFO - Setting next_dagrun for example_subdag_operator.section-2 to None, run_after=None
[2024-07-09T16:57:06.738+0000] {processor.py:183} INFO - Processing /home/airflow/.local/lib/python3.11/site-packages/airflow/example_dags/example_subdag_operator.py took 0.092 seconds
[2024-07-09T16:57:37.616+0000] {processor.py:161} INFO - Started process (PID=3677) to work on /home/airflow/.local/lib/python3.11/site-packages/airflow/example_dags/example_subdag_operator.py
[2024-07-09T16:57:37.617+0000] {processor.py:830} INFO - Processing file /home/airflow/.local/lib/python3.11/site-packages/airflow/example_dags/example_subdag_operator.py for tasks to queue
[2024-07-09T16:57:37.618+0000] {logging_mixin.py:188} INFO - [2024-07-09T16:57:37.618+0000] {dagbag.py:540} INFO - Filling up the DagBag from /home/airflow/.local/lib/python3.11/site-packages/airflow/example_dags/example_subdag_operator.py
[2024-07-09T16:57:37.681+0000] {processor.py:840} INFO - DAG(s) 'example_subdag_operator.section-1', 'example_subdag_operator.section-2', 'example_subdag_operator' retrieved from /home/airflow/.local/lib/python3.11/site-packages/airflow/example_dags/example_subdag_operator.py
[2024-07-09T16:57:37.697+0000] {logging_mixin.py:188} INFO - [2024-07-09T16:57:37.697+0000] {dag.py:3047} INFO - Sync 3 DAGs
[2024-07-09T16:57:37.724+0000] {logging_mixin.py:188} INFO - [2024-07-09T16:57:37.724+0000] {dag.py:3834} INFO - Setting next_dagrun for example_subdag_operator to 2022-01-01 00:00:00+00:00, run_after=2022-01-01 00:00:00+00:00
[2024-07-09T16:57:37.728+0000] {logging_mixin.py:188} INFO - [2024-07-09T16:57:37.728+0000] {dag.py:3834} INFO - Setting next_dagrun for example_subdag_operator.section-1 to None, run_after=None
[2024-07-09T16:57:37.730+0000] {logging_mixin.py:188} INFO - [2024-07-09T16:57:37.730+0000] {dag.py:3834} INFO - Setting next_dagrun for example_subdag_operator.section-2 to None, run_after=None
[2024-07-09T16:57:37.739+0000] {logging_mixin.py:188} INFO - [2024-07-09T16:57:37.739+0000] {dag.py:3047} INFO - Sync 2 DAGs
[2024-07-09T16:57:37.746+0000] {logging_mixin.py:188} INFO - [2024-07-09T16:57:37.746+0000] {dag.py:3834} INFO - Setting next_dagrun for example_subdag_operator.section-1 to None, run_after=None
[2024-07-09T16:57:37.747+0000] {logging_mixin.py:188} INFO - [2024-07-09T16:57:37.747+0000] {dag.py:3834} INFO - Setting next_dagrun for example_subdag_operator.section-2 to None, run_after=None
[2024-07-09T16:57:37.772+0000] {processor.py:183} INFO - Processing /home/airflow/.local/lib/python3.11/site-packages/airflow/example_dags/example_subdag_operator.py took 0.160 seconds
[2024-07-09T16:58:08.398+0000] {processor.py:161} INFO - Started process (PID=3939) to work on /home/airflow/.local/lib/python3.11/site-packages/airflow/example_dags/example_subdag_operator.py
[2024-07-09T16:58:08.399+0000] {processor.py:830} INFO - Processing file /home/airflow/.local/lib/python3.11/site-packages/airflow/example_dags/example_subdag_operator.py for tasks to queue
[2024-07-09T16:58:08.399+0000] {logging_mixin.py:188} INFO - [2024-07-09T16:58:08.399+0000] {dagbag.py:540} INFO - Filling up the DagBag from /home/airflow/.local/lib/python3.11/site-packages/airflow/example_dags/example_subdag_operator.py
[2024-07-09T16:58:08.421+0000] {processor.py:840} INFO - DAG(s) 'example_subdag_operator.section-1', 'example_subdag_operator.section-2', 'example_subdag_operator' retrieved from /home/airflow/.local/lib/python3.11/site-packages/airflow/example_dags/example_subdag_operator.py
[2024-07-09T16:58:08.436+0000] {logging_mixin.py:188} INFO - [2024-07-09T16:58:08.436+0000] {dag.py:3047} INFO - Sync 3 DAGs
[2024-07-09T16:58:08.453+0000] {logging_mixin.py:188} INFO - [2024-07-09T16:58:08.453+0000] {dag.py:3834} INFO - Setting next_dagrun for example_subdag_operator to 2022-01-01 00:00:00+00:00, run_after=2022-01-01 00:00:00+00:00
[2024-07-09T16:58:08.457+0000] {logging_mixin.py:188} INFO - [2024-07-09T16:58:08.457+0000] {dag.py:3834} INFO - Setting next_dagrun for example_subdag_operator.section-1 to None, run_after=None
[2024-07-09T16:58:08.459+0000] {logging_mixin.py:188} INFO - [2024-07-09T16:58:08.459+0000] {dag.py:3834} INFO - Setting next_dagrun for example_subdag_operator.section-2 to None, run_after=None
[2024-07-09T16:58:08.466+0000] {logging_mixin.py:188} INFO - [2024-07-09T16:58:08.466+0000] {dag.py:3047} INFO - Sync 2 DAGs
[2024-07-09T16:58:08.471+0000] {logging_mixin.py:188} INFO - [2024-07-09T16:58:08.471+0000] {dag.py:3834} INFO - Setting next_dagrun for example_subdag_operator.section-1 to None, run_after=None
[2024-07-09T16:58:08.472+0000] {logging_mixin.py:188} INFO - [2024-07-09T16:58:08.472+0000] {dag.py:3834} INFO - Setting next_dagrun for example_subdag_operator.section-2 to None, run_after=None
[2024-07-09T16:58:08.482+0000] {processor.py:183} INFO - Processing /home/airflow/.local/lib/python3.11/site-packages/airflow/example_dags/example_subdag_operator.py took 0.087 seconds
[2024-07-09T16:58:38.836+0000] {processor.py:161} INFO - Started process (PID=4201) to work on /home/airflow/.local/lib/python3.11/site-packages/airflow/example_dags/example_subdag_operator.py
[2024-07-09T16:58:38.837+0000] {processor.py:830} INFO - Processing file /home/airflow/.local/lib/python3.11/site-packages/airflow/example_dags/example_subdag_operator.py for tasks to queue
[2024-07-09T16:58:38.838+0000] {logging_mixin.py:188} INFO - [2024-07-09T16:58:38.838+0000] {dagbag.py:540} INFO - Filling up the DagBag from /home/airflow/.local/lib/python3.11/site-packages/airflow/example_dags/example_subdag_operator.py
[2024-07-09T16:58:38.860+0000] {processor.py:840} INFO - DAG(s) 'example_subdag_operator.section-1', 'example_subdag_operator.section-2', 'example_subdag_operator' retrieved from /home/airflow/.local/lib/python3.11/site-packages/airflow/example_dags/example_subdag_operator.py
[2024-07-09T16:58:38.874+0000] {logging_mixin.py:188} INFO - [2024-07-09T16:58:38.874+0000] {dag.py:3047} INFO - Sync 3 DAGs
[2024-07-09T16:58:38.893+0000] {logging_mixin.py:188} INFO - [2024-07-09T16:58:38.893+0000] {dag.py:3834} INFO - Setting next_dagrun for example_subdag_operator to 2022-01-01 00:00:00+00:00, run_after=2022-01-01 00:00:00+00:00
[2024-07-09T16:58:38.897+0000] {logging_mixin.py:188} INFO - [2024-07-09T16:58:38.897+0000] {dag.py:3834} INFO - Setting next_dagrun for example_subdag_operator.section-1 to None, run_after=None
[2024-07-09T16:58:38.899+0000] {logging_mixin.py:188} INFO - [2024-07-09T16:58:38.899+0000] {dag.py:3834} INFO - Setting next_dagrun for example_subdag_operator.section-2 to None, run_after=None
[2024-07-09T16:58:38.905+0000] {logging_mixin.py:188} INFO - [2024-07-09T16:58:38.905+0000] {dag.py:3047} INFO - Sync 2 DAGs
[2024-07-09T16:58:38.912+0000] {logging_mixin.py:188} INFO - [2024-07-09T16:58:38.912+0000] {dag.py:3834} INFO - Setting next_dagrun for example_subdag_operator.section-1 to None, run_after=None
[2024-07-09T16:58:38.913+0000] {logging_mixin.py:188} INFO - [2024-07-09T16:58:38.913+0000] {dag.py:3834} INFO - Setting next_dagrun for example_subdag_operator.section-2 to None, run_after=None
[2024-07-09T16:58:38.924+0000] {processor.py:183} INFO - Processing /home/airflow/.local/lib/python3.11/site-packages/airflow/example_dags/example_subdag_operator.py took 0.090 seconds
[2024-07-09T16:59:09.768+0000] {processor.py:161} INFO - Started process (PID=4463) to work on /home/airflow/.local/lib/python3.11/site-packages/airflow/example_dags/example_subdag_operator.py
[2024-07-09T16:59:09.769+0000] {processor.py:830} INFO - Processing file /home/airflow/.local/lib/python3.11/site-packages/airflow/example_dags/example_subdag_operator.py for tasks to queue
[2024-07-09T16:59:09.770+0000] {logging_mixin.py:188} INFO - [2024-07-09T16:59:09.770+0000] {dagbag.py:540} INFO - Filling up the DagBag from /home/airflow/.local/lib/python3.11/site-packages/airflow/example_dags/example_subdag_operator.py
[2024-07-09T16:59:09.797+0000] {processor.py:840} INFO - DAG(s) 'example_subdag_operator.section-1', 'example_subdag_operator.section-2', 'example_subdag_operator' retrieved from /home/airflow/.local/lib/python3.11/site-packages/airflow/example_dags/example_subdag_operator.py
[2024-07-09T16:59:09.810+0000] {logging_mixin.py:188} INFO - [2024-07-09T16:59:09.810+0000] {dag.py:3047} INFO - Sync 3 DAGs
[2024-07-09T16:59:09.831+0000] {logging_mixin.py:188} INFO - [2024-07-09T16:59:09.830+0000] {dag.py:3834} INFO - Setting next_dagrun for example_subdag_operator to 2022-01-01 00:00:00+00:00, run_after=2022-01-01 00:00:00+00:00
[2024-07-09T16:59:09.835+0000] {logging_mixin.py:188} INFO - [2024-07-09T16:59:09.835+0000] {dag.py:3834} INFO - Setting next_dagrun for example_subdag_operator.section-1 to None, run_after=None
[2024-07-09T16:59:09.836+0000] {logging_mixin.py:188} INFO - [2024-07-09T16:59:09.836+0000] {dag.py:3834} INFO - Setting next_dagrun for example_subdag_operator.section-2 to None, run_after=None
[2024-07-09T16:59:09.844+0000] {logging_mixin.py:188} INFO - [2024-07-09T16:59:09.843+0000] {dag.py:3047} INFO - Sync 2 DAGs
[2024-07-09T16:59:09.850+0000] {logging_mixin.py:188} INFO - [2024-07-09T16:59:09.850+0000] {dag.py:3834} INFO - Setting next_dagrun for example_subdag_operator.section-1 to None, run_after=None
[2024-07-09T16:59:09.851+0000] {logging_mixin.py:188} INFO - [2024-07-09T16:59:09.851+0000] {dag.py:3834} INFO - Setting next_dagrun for example_subdag_operator.section-2 to None, run_after=None
[2024-07-09T16:59:09.870+0000] {processor.py:183} INFO - Processing /home/airflow/.local/lib/python3.11/site-packages/airflow/example_dags/example_subdag_operator.py took 0.106 seconds
[2024-07-09T16:59:39.979+0000] {processor.py:161} INFO - Started process (PID=4725) to work on /home/airflow/.local/lib/python3.11/site-packages/airflow/example_dags/example_subdag_operator.py
[2024-07-09T16:59:39.980+0000] {processor.py:830} INFO - Processing file /home/airflow/.local/lib/python3.11/site-packages/airflow/example_dags/example_subdag_operator.py for tasks to queue
[2024-07-09T16:59:39.981+0000] {logging_mixin.py:188} INFO - [2024-07-09T16:59:39.981+0000] {dagbag.py:540} INFO - Filling up the DagBag from /home/airflow/.local/lib/python3.11/site-packages/airflow/example_dags/example_subdag_operator.py
[2024-07-09T16:59:40.005+0000] {processor.py:840} INFO - DAG(s) 'example_subdag_operator.section-1', 'example_subdag_operator.section-2', 'example_subdag_operator' retrieved from /home/airflow/.local/lib/python3.11/site-packages/airflow/example_dags/example_subdag_operator.py
[2024-07-09T16:59:40.023+0000] {logging_mixin.py:188} INFO - [2024-07-09T16:59:40.023+0000] {dag.py:3047} INFO - Sync 3 DAGs
[2024-07-09T16:59:40.046+0000] {logging_mixin.py:188} INFO - [2024-07-09T16:59:40.045+0000] {dag.py:3834} INFO - Setting next_dagrun for example_subdag_operator to 2022-01-01 00:00:00+00:00, run_after=2022-01-01 00:00:00+00:00
[2024-07-09T16:59:40.050+0000] {logging_mixin.py:188} INFO - [2024-07-09T16:59:40.049+0000] {dag.py:3834} INFO - Setting next_dagrun for example_subdag_operator.section-1 to None, run_after=None
[2024-07-09T16:59:40.051+0000] {logging_mixin.py:188} INFO - [2024-07-09T16:59:40.051+0000] {dag.py:3834} INFO - Setting next_dagrun for example_subdag_operator.section-2 to None, run_after=None
[2024-07-09T16:59:40.060+0000] {logging_mixin.py:188} INFO - [2024-07-09T16:59:40.060+0000] {dag.py:3047} INFO - Sync 2 DAGs
[2024-07-09T16:59:40.067+0000] {logging_mixin.py:188} INFO - [2024-07-09T16:59:40.067+0000] {dag.py:3834} INFO - Setting next_dagrun for example_subdag_operator.section-1 to None, run_after=None
[2024-07-09T16:59:40.068+0000] {logging_mixin.py:188} INFO - [2024-07-09T16:59:40.067+0000] {dag.py:3834} INFO - Setting next_dagrun for example_subdag_operator.section-2 to None, run_after=None
[2024-07-09T16:59:40.080+0000] {processor.py:183} INFO - Processing /home/airflow/.local/lib/python3.11/site-packages/airflow/example_dags/example_subdag_operator.py took 0.104 seconds
[2024-07-09T17:00:10.483+0000] {processor.py:161} INFO - Started process (PID=4989) to work on /home/airflow/.local/lib/python3.11/site-packages/airflow/example_dags/example_subdag_operator.py
[2024-07-09T17:00:10.484+0000] {processor.py:830} INFO - Processing file /home/airflow/.local/lib/python3.11/site-packages/airflow/example_dags/example_subdag_operator.py for tasks to queue
[2024-07-09T17:00:10.485+0000] {logging_mixin.py:188} INFO - [2024-07-09T17:00:10.485+0000] {dagbag.py:540} INFO - Filling up the DagBag from /home/airflow/.local/lib/python3.11/site-packages/airflow/example_dags/example_subdag_operator.py
[2024-07-09T17:00:10.514+0000] {processor.py:840} INFO - DAG(s) 'example_subdag_operator.section-1', 'example_subdag_operator.section-2', 'example_subdag_operator' retrieved from /home/airflow/.local/lib/python3.11/site-packages/airflow/example_dags/example_subdag_operator.py
[2024-07-09T17:00:10.527+0000] {logging_mixin.py:188} INFO - [2024-07-09T17:00:10.527+0000] {dag.py:3047} INFO - Sync 3 DAGs
[2024-07-09T17:00:10.543+0000] {logging_mixin.py:188} INFO - [2024-07-09T17:00:10.543+0000] {dag.py:3834} INFO - Setting next_dagrun for example_subdag_operator to 2022-01-01 00:00:00+00:00, run_after=2022-01-01 00:00:00+00:00
[2024-07-09T17:00:10.548+0000] {logging_mixin.py:188} INFO - [2024-07-09T17:00:10.548+0000] {dag.py:3834} INFO - Setting next_dagrun for example_subdag_operator.section-1 to None, run_after=None
[2024-07-09T17:00:10.550+0000] {logging_mixin.py:188} INFO - [2024-07-09T17:00:10.550+0000] {dag.py:3834} INFO - Setting next_dagrun for example_subdag_operator.section-2 to None, run_after=None
[2024-07-09T17:00:10.557+0000] {logging_mixin.py:188} INFO - [2024-07-09T17:00:10.557+0000] {dag.py:3047} INFO - Sync 2 DAGs
[2024-07-09T17:00:10.563+0000] {logging_mixin.py:188} INFO - [2024-07-09T17:00:10.563+0000] {dag.py:3834} INFO - Setting next_dagrun for example_subdag_operator.section-1 to None, run_after=None
[2024-07-09T17:00:10.563+0000] {logging_mixin.py:188} INFO - [2024-07-09T17:00:10.563+0000] {dag.py:3834} INFO - Setting next_dagrun for example_subdag_operator.section-2 to None, run_after=None
[2024-07-09T17:00:10.574+0000] {processor.py:183} INFO - Processing /home/airflow/.local/lib/python3.11/site-packages/airflow/example_dags/example_subdag_operator.py took 0.094 seconds
[2024-07-09T17:00:40.936+0000] {processor.py:161} INFO - Started process (PID=5249) to work on /home/airflow/.local/lib/python3.11/site-packages/airflow/example_dags/example_subdag_operator.py
[2024-07-09T17:00:40.937+0000] {processor.py:830} INFO - Processing file /home/airflow/.local/lib/python3.11/site-packages/airflow/example_dags/example_subdag_operator.py for tasks to queue
[2024-07-09T17:00:40.939+0000] {logging_mixin.py:188} INFO - [2024-07-09T17:00:40.938+0000] {dagbag.py:540} INFO - Filling up the DagBag from /home/airflow/.local/lib/python3.11/site-packages/airflow/example_dags/example_subdag_operator.py
[2024-07-09T17:00:40.966+0000] {processor.py:840} INFO - DAG(s) 'example_subdag_operator.section-1', 'example_subdag_operator.section-2', 'example_subdag_operator' retrieved from /home/airflow/.local/lib/python3.11/site-packages/airflow/example_dags/example_subdag_operator.py
[2024-07-09T17:00:40.981+0000] {logging_mixin.py:188} INFO - [2024-07-09T17:00:40.981+0000] {dag.py:3047} INFO - Sync 3 DAGs
[2024-07-09T17:00:40.999+0000] {logging_mixin.py:188} INFO - [2024-07-09T17:00:40.999+0000] {dag.py:3834} INFO - Setting next_dagrun for example_subdag_operator to 2022-01-01 00:00:00+00:00, run_after=2022-01-01 00:00:00+00:00
[2024-07-09T17:00:41.003+0000] {logging_mixin.py:188} INFO - [2024-07-09T17:00:41.003+0000] {dag.py:3834} INFO - Setting next_dagrun for example_subdag_operator.section-1 to None, run_after=None
[2024-07-09T17:00:41.004+0000] {logging_mixin.py:188} INFO - [2024-07-09T17:00:41.004+0000] {dag.py:3834} INFO - Setting next_dagrun for example_subdag_operator.section-2 to None, run_after=None
[2024-07-09T17:00:41.010+0000] {logging_mixin.py:188} INFO - [2024-07-09T17:00:41.010+0000] {dag.py:3047} INFO - Sync 2 DAGs
[2024-07-09T17:00:41.015+0000] {logging_mixin.py:188} INFO - [2024-07-09T17:00:41.014+0000] {dag.py:3834} INFO - Setting next_dagrun for example_subdag_operator.section-1 to None, run_after=None
[2024-07-09T17:00:41.015+0000] {logging_mixin.py:188} INFO - [2024-07-09T17:00:41.015+0000] {dag.py:3834} INFO - Setting next_dagrun for example_subdag_operator.section-2 to None, run_after=None
[2024-07-09T17:00:41.025+0000] {processor.py:183} INFO - Processing /home/airflow/.local/lib/python3.11/site-packages/airflow/example_dags/example_subdag_operator.py took 0.092 seconds
[2024-07-09T17:01:11.147+0000] {processor.py:161} INFO - Started process (PID=5513) to work on /home/airflow/.local/lib/python3.11/site-packages/airflow/example_dags/example_subdag_operator.py
[2024-07-09T17:01:11.148+0000] {processor.py:830} INFO - Processing file /home/airflow/.local/lib/python3.11/site-packages/airflow/example_dags/example_subdag_operator.py for tasks to queue
[2024-07-09T17:01:11.149+0000] {logging_mixin.py:188} INFO - [2024-07-09T17:01:11.149+0000] {dagbag.py:540} INFO - Filling up the DagBag from /home/airflow/.local/lib/python3.11/site-packages/airflow/example_dags/example_subdag_operator.py
[2024-07-09T17:01:11.180+0000] {processor.py:840} INFO - DAG(s) 'example_subdag_operator.section-1', 'example_subdag_operator.section-2', 'example_subdag_operator' retrieved from /home/airflow/.local/lib/python3.11/site-packages/airflow/example_dags/example_subdag_operator.py
[2024-07-09T17:01:11.196+0000] {logging_mixin.py:188} INFO - [2024-07-09T17:01:11.196+0000] {dag.py:3047} INFO - Sync 3 DAGs
[2024-07-09T17:01:11.216+0000] {logging_mixin.py:188} INFO - [2024-07-09T17:01:11.215+0000] {dag.py:3834} INFO - Setting next_dagrun for example_subdag_operator to 2022-01-01 00:00:00+00:00, run_after=2022-01-01 00:00:00+00:00
[2024-07-09T17:01:11.219+0000] {logging_mixin.py:188} INFO - [2024-07-09T17:01:11.219+0000] {dag.py:3834} INFO - Setting next_dagrun for example_subdag_operator.section-1 to None, run_after=None
[2024-07-09T17:01:11.221+0000] {logging_mixin.py:188} INFO - [2024-07-09T17:01:11.221+0000] {dag.py:3834} INFO - Setting next_dagrun for example_subdag_operator.section-2 to None, run_after=None
[2024-07-09T17:01:11.228+0000] {logging_mixin.py:188} INFO - [2024-07-09T17:01:11.228+0000] {dag.py:3047} INFO - Sync 2 DAGs
[2024-07-09T17:01:11.232+0000] {logging_mixin.py:188} INFO - [2024-07-09T17:01:11.232+0000] {dag.py:3834} INFO - Setting next_dagrun for example_subdag_operator.section-1 to None, run_after=None
[2024-07-09T17:01:11.233+0000] {logging_mixin.py:188} INFO - [2024-07-09T17:01:11.233+0000] {dag.py:3834} INFO - Setting next_dagrun for example_subdag_operator.section-2 to None, run_after=None
[2024-07-09T17:01:11.242+0000] {processor.py:183} INFO - Processing /home/airflow/.local/lib/python3.11/site-packages/airflow/example_dags/example_subdag_operator.py took 0.098 seconds
[2024-07-09T17:01:41.279+0000] {processor.py:161} INFO - Started process (PID=5773) to work on /home/airflow/.local/lib/python3.11/site-packages/airflow/example_dags/example_subdag_operator.py
[2024-07-09T17:01:41.280+0000] {processor.py:830} INFO - Processing file /home/airflow/.local/lib/python3.11/site-packages/airflow/example_dags/example_subdag_operator.py for tasks to queue
[2024-07-09T17:01:41.281+0000] {logging_mixin.py:188} INFO - [2024-07-09T17:01:41.281+0000] {dagbag.py:540} INFO - Filling up the DagBag from /home/airflow/.local/lib/python3.11/site-packages/airflow/example_dags/example_subdag_operator.py
[2024-07-09T17:01:41.307+0000] {processor.py:840} INFO - DAG(s) 'example_subdag_operator.section-1', 'example_subdag_operator.section-2', 'example_subdag_operator' retrieved from /home/airflow/.local/lib/python3.11/site-packages/airflow/example_dags/example_subdag_operator.py
[2024-07-09T17:01:41.320+0000] {logging_mixin.py:188} INFO - [2024-07-09T17:01:41.320+0000] {dag.py:3047} INFO - Sync 3 DAGs
[2024-07-09T17:01:41.340+0000] {logging_mixin.py:188} INFO - [2024-07-09T17:01:41.340+0000] {dag.py:3834} INFO - Setting next_dagrun for example_subdag_operator to 2022-01-01 00:00:00+00:00, run_after=2022-01-01 00:00:00+00:00
[2024-07-09T17:01:41.345+0000] {logging_mixin.py:188} INFO - [2024-07-09T17:01:41.344+0000] {dag.py:3834} INFO - Setting next_dagrun for example_subdag_operator.section-1 to None, run_after=None
[2024-07-09T17:01:41.347+0000] {logging_mixin.py:188} INFO - [2024-07-09T17:01:41.346+0000] {dag.py:3834} INFO - Setting next_dagrun for example_subdag_operator.section-2 to None, run_after=None
[2024-07-09T17:01:41.356+0000] {logging_mixin.py:188} INFO - [2024-07-09T17:01:41.356+0000] {dag.py:3047} INFO - Sync 2 DAGs
[2024-07-09T17:01:41.365+0000] {logging_mixin.py:188} INFO - [2024-07-09T17:01:41.364+0000] {dag.py:3834} INFO - Setting next_dagrun for example_subdag_operator.section-1 to None, run_after=None
[2024-07-09T17:01:41.365+0000] {logging_mixin.py:188} INFO - [2024-07-09T17:01:41.365+0000] {dag.py:3834} INFO - Setting next_dagrun for example_subdag_operator.section-2 to None, run_after=None
[2024-07-09T17:01:41.378+0000] {processor.py:183} INFO - Processing /home/airflow/.local/lib/python3.11/site-packages/airflow/example_dags/example_subdag_operator.py took 0.102 seconds
[2024-07-09T17:02:11.428+0000] {processor.py:161} INFO - Started process (PID=6035) to work on /home/airflow/.local/lib/python3.11/site-packages/airflow/example_dags/example_subdag_operator.py
[2024-07-09T17:02:11.429+0000] {processor.py:830} INFO - Processing file /home/airflow/.local/lib/python3.11/site-packages/airflow/example_dags/example_subdag_operator.py for tasks to queue
[2024-07-09T17:02:11.431+0000] {logging_mixin.py:188} INFO - [2024-07-09T17:02:11.430+0000] {dagbag.py:540} INFO - Filling up the DagBag from /home/airflow/.local/lib/python3.11/site-packages/airflow/example_dags/example_subdag_operator.py
[2024-07-09T17:02:11.454+0000] {processor.py:840} INFO - DAG(s) 'example_subdag_operator.section-1', 'example_subdag_operator.section-2', 'example_subdag_operator' retrieved from /home/airflow/.local/lib/python3.11/site-packages/airflow/example_dags/example_subdag_operator.py
[2024-07-09T17:02:11.471+0000] {logging_mixin.py:188} INFO - [2024-07-09T17:02:11.470+0000] {dag.py:3047} INFO - Sync 3 DAGs
[2024-07-09T17:02:11.492+0000] {logging_mixin.py:188} INFO - [2024-07-09T17:02:11.492+0000] {dag.py:3834} INFO - Setting next_dagrun for example_subdag_operator to 2022-01-01 00:00:00+00:00, run_after=2022-01-01 00:00:00+00:00
[2024-07-09T17:02:11.496+0000] {logging_mixin.py:188} INFO - [2024-07-09T17:02:11.495+0000] {dag.py:3834} INFO - Setting next_dagrun for example_subdag_operator.section-1 to None, run_after=None
[2024-07-09T17:02:11.498+0000] {logging_mixin.py:188} INFO - [2024-07-09T17:02:11.497+0000] {dag.py:3834} INFO - Setting next_dagrun for example_subdag_operator.section-2 to None, run_after=None
[2024-07-09T17:02:11.507+0000] {logging_mixin.py:188} INFO - [2024-07-09T17:02:11.506+0000] {dag.py:3047} INFO - Sync 2 DAGs
[2024-07-09T17:02:11.512+0000] {logging_mixin.py:188} INFO - [2024-07-09T17:02:11.512+0000] {dag.py:3834} INFO - Setting next_dagrun for example_subdag_operator.section-1 to None, run_after=None
[2024-07-09T17:02:11.513+0000] {logging_mixin.py:188} INFO - [2024-07-09T17:02:11.513+0000] {dag.py:3834} INFO - Setting next_dagrun for example_subdag_operator.section-2 to None, run_after=None
[2024-07-09T17:02:11.525+0000] {processor.py:183} INFO - Processing /home/airflow/.local/lib/python3.11/site-packages/airflow/example_dags/example_subdag_operator.py took 0.099 seconds
[2024-07-09T17:02:42.185+0000] {processor.py:161} INFO - Started process (PID=6297) to work on /home/airflow/.local/lib/python3.11/site-packages/airflow/example_dags/example_subdag_operator.py
[2024-07-09T17:02:42.186+0000] {processor.py:830} INFO - Processing file /home/airflow/.local/lib/python3.11/site-packages/airflow/example_dags/example_subdag_operator.py for tasks to queue
[2024-07-09T17:02:42.187+0000] {logging_mixin.py:188} INFO - [2024-07-09T17:02:42.187+0000] {dagbag.py:540} INFO - Filling up the DagBag from /home/airflow/.local/lib/python3.11/site-packages/airflow/example_dags/example_subdag_operator.py
[2024-07-09T17:02:42.209+0000] {processor.py:840} INFO - DAG(s) 'example_subdag_operator.section-1', 'example_subdag_operator.section-2', 'example_subdag_operator' retrieved from /home/airflow/.local/lib/python3.11/site-packages/airflow/example_dags/example_subdag_operator.py
[2024-07-09T17:02:42.223+0000] {logging_mixin.py:188} INFO - [2024-07-09T17:02:42.223+0000] {dag.py:3047} INFO - Sync 3 DAGs
[2024-07-09T17:02:42.241+0000] {logging_mixin.py:188} INFO - [2024-07-09T17:02:42.241+0000] {dag.py:3834} INFO - Setting next_dagrun for example_subdag_operator to 2022-01-01 00:00:00+00:00, run_after=2022-01-01 00:00:00+00:00
[2024-07-09T17:02:42.245+0000] {logging_mixin.py:188} INFO - [2024-07-09T17:02:42.245+0000] {dag.py:3834} INFO - Setting next_dagrun for example_subdag_operator.section-1 to None, run_after=None
[2024-07-09T17:02:42.246+0000] {logging_mixin.py:188} INFO - [2024-07-09T17:02:42.246+0000] {dag.py:3834} INFO - Setting next_dagrun for example_subdag_operator.section-2 to None, run_after=None
[2024-07-09T17:02:42.254+0000] {logging_mixin.py:188} INFO - [2024-07-09T17:02:42.254+0000] {dag.py:3047} INFO - Sync 2 DAGs
[2024-07-09T17:02:42.259+0000] {logging_mixin.py:188} INFO - [2024-07-09T17:02:42.259+0000] {dag.py:3834} INFO - Setting next_dagrun for example_subdag_operator.section-1 to None, run_after=None
[2024-07-09T17:02:42.260+0000] {logging_mixin.py:188} INFO - [2024-07-09T17:02:42.259+0000] {dag.py:3834} INFO - Setting next_dagrun for example_subdag_operator.section-2 to None, run_after=None
[2024-07-09T17:02:42.269+0000] {processor.py:183} INFO - Processing /home/airflow/.local/lib/python3.11/site-packages/airflow/example_dags/example_subdag_operator.py took 0.088 seconds
[2024-07-09T17:03:12.600+0000] {processor.py:161} INFO - Started process (PID=6561) to work on /home/airflow/.local/lib/python3.11/site-packages/airflow/example_dags/example_subdag_operator.py
[2024-07-09T17:03:12.602+0000] {processor.py:830} INFO - Processing file /home/airflow/.local/lib/python3.11/site-packages/airflow/example_dags/example_subdag_operator.py for tasks to queue
[2024-07-09T17:03:12.603+0000] {logging_mixin.py:188} INFO - [2024-07-09T17:03:12.602+0000] {dagbag.py:540} INFO - Filling up the DagBag from /home/airflow/.local/lib/python3.11/site-packages/airflow/example_dags/example_subdag_operator.py
[2024-07-09T17:03:12.629+0000] {processor.py:840} INFO - DAG(s) 'example_subdag_operator.section-1', 'example_subdag_operator.section-2', 'example_subdag_operator' retrieved from /home/airflow/.local/lib/python3.11/site-packages/airflow/example_dags/example_subdag_operator.py
[2024-07-09T17:03:12.649+0000] {logging_mixin.py:188} INFO - [2024-07-09T17:03:12.649+0000] {dag.py:3047} INFO - Sync 3 DAGs
[2024-07-09T17:03:12.674+0000] {logging_mixin.py:188} INFO - [2024-07-09T17:03:12.674+0000] {dag.py:3834} INFO - Setting next_dagrun for example_subdag_operator to 2022-01-01 00:00:00+00:00, run_after=2022-01-01 00:00:00+00:00
[2024-07-09T17:03:12.679+0000] {logging_mixin.py:188} INFO - [2024-07-09T17:03:12.678+0000] {dag.py:3834} INFO - Setting next_dagrun for example_subdag_operator.section-1 to None, run_after=None
[2024-07-09T17:03:12.680+0000] {logging_mixin.py:188} INFO - [2024-07-09T17:03:12.680+0000] {dag.py:3834} INFO - Setting next_dagrun for example_subdag_operator.section-2 to None, run_after=None
[2024-07-09T17:03:12.688+0000] {logging_mixin.py:188} INFO - [2024-07-09T17:03:12.688+0000] {dag.py:3047} INFO - Sync 2 DAGs
[2024-07-09T17:03:12.692+0000] {logging_mixin.py:188} INFO - [2024-07-09T17:03:12.692+0000] {dag.py:3834} INFO - Setting next_dagrun for example_subdag_operator.section-1 to None, run_after=None
[2024-07-09T17:03:12.693+0000] {logging_mixin.py:188} INFO - [2024-07-09T17:03:12.693+0000] {dag.py:3834} INFO - Setting next_dagrun for example_subdag_operator.section-2 to None, run_after=None
[2024-07-09T17:03:12.703+0000] {processor.py:183} INFO - Processing /home/airflow/.local/lib/python3.11/site-packages/airflow/example_dags/example_subdag_operator.py took 0.106 seconds
[2024-07-09T17:03:43.373+0000] {processor.py:161} INFO - Started process (PID=6823) to work on /home/airflow/.local/lib/python3.11/site-packages/airflow/example_dags/example_subdag_operator.py
[2024-07-09T17:03:43.374+0000] {processor.py:830} INFO - Processing file /home/airflow/.local/lib/python3.11/site-packages/airflow/example_dags/example_subdag_operator.py for tasks to queue
[2024-07-09T17:03:43.375+0000] {logging_mixin.py:188} INFO - [2024-07-09T17:03:43.375+0000] {dagbag.py:540} INFO - Filling up the DagBag from /home/airflow/.local/lib/python3.11/site-packages/airflow/example_dags/example_subdag_operator.py
[2024-07-09T17:03:43.398+0000] {processor.py:840} INFO - DAG(s) 'example_subdag_operator.section-1', 'example_subdag_operator.section-2', 'example_subdag_operator' retrieved from /home/airflow/.local/lib/python3.11/site-packages/airflow/example_dags/example_subdag_operator.py
[2024-07-09T17:03:43.411+0000] {logging_mixin.py:188} INFO - [2024-07-09T17:03:43.411+0000] {dag.py:3047} INFO - Sync 3 DAGs
[2024-07-09T17:03:43.429+0000] {logging_mixin.py:188} INFO - [2024-07-09T17:03:43.429+0000] {dag.py:3834} INFO - Setting next_dagrun for example_subdag_operator to 2022-01-01 00:00:00+00:00, run_after=2022-01-01 00:00:00+00:00
[2024-07-09T17:03:43.432+0000] {logging_mixin.py:188} INFO - [2024-07-09T17:03:43.432+0000] {dag.py:3834} INFO - Setting next_dagrun for example_subdag_operator.section-1 to None, run_after=None
[2024-07-09T17:03:43.433+0000] {logging_mixin.py:188} INFO - [2024-07-09T17:03:43.433+0000] {dag.py:3834} INFO - Setting next_dagrun for example_subdag_operator.section-2 to None, run_after=None
[2024-07-09T17:03:43.439+0000] {logging_mixin.py:188} INFO - [2024-07-09T17:03:43.439+0000] {dag.py:3047} INFO - Sync 2 DAGs
[2024-07-09T17:03:43.444+0000] {logging_mixin.py:188} INFO - [2024-07-09T17:03:43.444+0000] {dag.py:3834} INFO - Setting next_dagrun for example_subdag_operator.section-1 to None, run_after=None
[2024-07-09T17:03:43.445+0000] {logging_mixin.py:188} INFO - [2024-07-09T17:03:43.444+0000] {dag.py:3834} INFO - Setting next_dagrun for example_subdag_operator.section-2 to None, run_after=None
[2024-07-09T17:03:43.457+0000] {processor.py:183} INFO - Processing /home/airflow/.local/lib/python3.11/site-packages/airflow/example_dags/example_subdag_operator.py took 0.086 seconds
[2024-07-09T17:04:14.212+0000] {processor.py:161} INFO - Started process (PID=7083) to work on /home/airflow/.local/lib/python3.11/site-packages/airflow/example_dags/example_subdag_operator.py
[2024-07-09T17:04:14.214+0000] {processor.py:830} INFO - Processing file /home/airflow/.local/lib/python3.11/site-packages/airflow/example_dags/example_subdag_operator.py for tasks to queue
[2024-07-09T17:04:14.215+0000] {logging_mixin.py:188} INFO - [2024-07-09T17:04:14.215+0000] {dagbag.py:540} INFO - Filling up the DagBag from /home/airflow/.local/lib/python3.11/site-packages/airflow/example_dags/example_subdag_operator.py
[2024-07-09T17:04:14.240+0000] {processor.py:840} INFO - DAG(s) 'example_subdag_operator.section-1', 'example_subdag_operator.section-2', 'example_subdag_operator' retrieved from /home/airflow/.local/lib/python3.11/site-packages/airflow/example_dags/example_subdag_operator.py
[2024-07-09T17:04:14.254+0000] {logging_mixin.py:188} INFO - [2024-07-09T17:04:14.254+0000] {dag.py:3047} INFO - Sync 3 DAGs
[2024-07-09T17:04:14.273+0000] {logging_mixin.py:188} INFO - [2024-07-09T17:04:14.273+0000] {dag.py:3834} INFO - Setting next_dagrun for example_subdag_operator to 2022-01-01 00:00:00+00:00, run_after=2022-01-01 00:00:00+00:00
[2024-07-09T17:04:14.279+0000] {logging_mixin.py:188} INFO - [2024-07-09T17:04:14.279+0000] {dag.py:3834} INFO - Setting next_dagrun for example_subdag_operator.section-1 to None, run_after=None
[2024-07-09T17:04:14.281+0000] {logging_mixin.py:188} INFO - [2024-07-09T17:04:14.281+0000] {dag.py:3834} INFO - Setting next_dagrun for example_subdag_operator.section-2 to None, run_after=None
[2024-07-09T17:04:14.290+0000] {logging_mixin.py:188} INFO - [2024-07-09T17:04:14.290+0000] {dag.py:3047} INFO - Sync 2 DAGs
[2024-07-09T17:04:14.299+0000] {logging_mixin.py:188} INFO - [2024-07-09T17:04:14.299+0000] {dag.py:3834} INFO - Setting next_dagrun for example_subdag_operator.section-1 to None, run_after=None
[2024-07-09T17:04:14.300+0000] {logging_mixin.py:188} INFO - [2024-07-09T17:04:14.300+0000] {dag.py:3834} INFO - Setting next_dagrun for example_subdag_operator.section-2 to None, run_after=None
[2024-07-09T17:04:14.315+0000] {processor.py:183} INFO - Processing /home/airflow/.local/lib/python3.11/site-packages/airflow/example_dags/example_subdag_operator.py took 0.106 seconds
[2024-07-09T17:04:44.989+0000] {processor.py:161} INFO - Started process (PID=7379) to work on /home/airflow/.local/lib/python3.11/site-packages/airflow/example_dags/example_subdag_operator.py
[2024-07-09T17:04:44.990+0000] {processor.py:830} INFO - Processing file /home/airflow/.local/lib/python3.11/site-packages/airflow/example_dags/example_subdag_operator.py for tasks to queue
[2024-07-09T17:04:44.991+0000] {logging_mixin.py:188} INFO - [2024-07-09T17:04:44.991+0000] {dagbag.py:540} INFO - Filling up the DagBag from /home/airflow/.local/lib/python3.11/site-packages/airflow/example_dags/example_subdag_operator.py
[2024-07-09T17:04:45.016+0000] {processor.py:840} INFO - DAG(s) 'example_subdag_operator.section-1', 'example_subdag_operator.section-2', 'example_subdag_operator' retrieved from /home/airflow/.local/lib/python3.11/site-packages/airflow/example_dags/example_subdag_operator.py
[2024-07-09T17:04:45.034+0000] {logging_mixin.py:188} INFO - [2024-07-09T17:04:45.034+0000] {dag.py:3047} INFO - Sync 3 DAGs
[2024-07-09T17:04:45.054+0000] {logging_mixin.py:188} INFO - [2024-07-09T17:04:45.053+0000] {dag.py:3834} INFO - Setting next_dagrun for example_subdag_operator to 2022-01-01 00:00:00+00:00, run_after=2022-01-01 00:00:00+00:00
[2024-07-09T17:04:45.058+0000] {logging_mixin.py:188} INFO - [2024-07-09T17:04:45.058+0000] {dag.py:3834} INFO - Setting next_dagrun for example_subdag_operator.section-1 to None, run_after=None
[2024-07-09T17:04:45.060+0000] {logging_mixin.py:188} INFO - [2024-07-09T17:04:45.060+0000] {dag.py:3834} INFO - Setting next_dagrun for example_subdag_operator.section-2 to None, run_after=None
[2024-07-09T17:04:45.067+0000] {logging_mixin.py:188} INFO - [2024-07-09T17:04:45.067+0000] {dag.py:3047} INFO - Sync 2 DAGs
[2024-07-09T17:04:45.073+0000] {logging_mixin.py:188} INFO - [2024-07-09T17:04:45.073+0000] {dag.py:3834} INFO - Setting next_dagrun for example_subdag_operator.section-1 to None, run_after=None
[2024-07-09T17:04:45.074+0000] {logging_mixin.py:188} INFO - [2024-07-09T17:04:45.074+0000] {dag.py:3834} INFO - Setting next_dagrun for example_subdag_operator.section-2 to None, run_after=None
[2024-07-09T17:04:45.086+0000] {processor.py:183} INFO - Processing /home/airflow/.local/lib/python3.11/site-packages/airflow/example_dags/example_subdag_operator.py took 0.100 seconds
[2024-07-09T17:05:15.904+0000] {processor.py:161} INFO - Started process (PID=7641) to work on /home/airflow/.local/lib/python3.11/site-packages/airflow/example_dags/example_subdag_operator.py
[2024-07-09T17:05:15.905+0000] {processor.py:830} INFO - Processing file /home/airflow/.local/lib/python3.11/site-packages/airflow/example_dags/example_subdag_operator.py for tasks to queue
[2024-07-09T17:05:15.906+0000] {logging_mixin.py:188} INFO - [2024-07-09T17:05:15.906+0000] {dagbag.py:540} INFO - Filling up the DagBag from /home/airflow/.local/lib/python3.11/site-packages/airflow/example_dags/example_subdag_operator.py
[2024-07-09T17:05:15.936+0000] {processor.py:840} INFO - DAG(s) 'example_subdag_operator.section-1', 'example_subdag_operator.section-2', 'example_subdag_operator' retrieved from /home/airflow/.local/lib/python3.11/site-packages/airflow/example_dags/example_subdag_operator.py
[2024-07-09T17:05:15.950+0000] {logging_mixin.py:188} INFO - [2024-07-09T17:05:15.950+0000] {dag.py:3047} INFO - Sync 3 DAGs
[2024-07-09T17:05:15.969+0000] {logging_mixin.py:188} INFO - [2024-07-09T17:05:15.969+0000] {dag.py:3834} INFO - Setting next_dagrun for example_subdag_operator to 2022-01-01 00:00:00+00:00, run_after=2022-01-01 00:00:00+00:00
[2024-07-09T17:05:15.973+0000] {logging_mixin.py:188} INFO - [2024-07-09T17:05:15.972+0000] {dag.py:3834} INFO - Setting next_dagrun for example_subdag_operator.section-1 to None, run_after=None
[2024-07-09T17:05:15.974+0000] {logging_mixin.py:188} INFO - [2024-07-09T17:05:15.974+0000] {dag.py:3834} INFO - Setting next_dagrun for example_subdag_operator.section-2 to None, run_after=None
[2024-07-09T17:05:15.981+0000] {logging_mixin.py:188} INFO - [2024-07-09T17:05:15.981+0000] {dag.py:3047} INFO - Sync 2 DAGs
[2024-07-09T17:05:15.988+0000] {logging_mixin.py:188} INFO - [2024-07-09T17:05:15.988+0000] {dag.py:3834} INFO - Setting next_dagrun for example_subdag_operator.section-1 to None, run_after=None
[2024-07-09T17:05:15.989+0000] {logging_mixin.py:188} INFO - [2024-07-09T17:05:15.989+0000] {dag.py:3834} INFO - Setting next_dagrun for example_subdag_operator.section-2 to None, run_after=None
[2024-07-09T17:05:15.999+0000] {processor.py:183} INFO - Processing /home/airflow/.local/lib/python3.11/site-packages/airflow/example_dags/example_subdag_operator.py took 0.097 seconds
[2024-07-09T17:05:46.578+0000] {processor.py:161} INFO - Started process (PID=7903) to work on /home/airflow/.local/lib/python3.11/site-packages/airflow/example_dags/example_subdag_operator.py
[2024-07-09T17:05:46.579+0000] {processor.py:830} INFO - Processing file /home/airflow/.local/lib/python3.11/site-packages/airflow/example_dags/example_subdag_operator.py for tasks to queue
[2024-07-09T17:05:46.581+0000] {logging_mixin.py:188} INFO - [2024-07-09T17:05:46.580+0000] {dagbag.py:540} INFO - Filling up the DagBag from /home/airflow/.local/lib/python3.11/site-packages/airflow/example_dags/example_subdag_operator.py
[2024-07-09T17:05:46.606+0000] {processor.py:840} INFO - DAG(s) 'example_subdag_operator.section-1', 'example_subdag_operator.section-2', 'example_subdag_operator' retrieved from /home/airflow/.local/lib/python3.11/site-packages/airflow/example_dags/example_subdag_operator.py
[2024-07-09T17:05:46.621+0000] {logging_mixin.py:188} INFO - [2024-07-09T17:05:46.621+0000] {dag.py:3047} INFO - Sync 3 DAGs
[2024-07-09T17:05:46.638+0000] {logging_mixin.py:188} INFO - [2024-07-09T17:05:46.638+0000] {dag.py:3834} INFO - Setting next_dagrun for example_subdag_operator to 2022-01-01 00:00:00+00:00, run_after=2022-01-01 00:00:00+00:00
[2024-07-09T17:05:46.642+0000] {logging_mixin.py:188} INFO - [2024-07-09T17:05:46.642+0000] {dag.py:3834} INFO - Setting next_dagrun for example_subdag_operator.section-1 to None, run_after=None
[2024-07-09T17:05:46.643+0000] {logging_mixin.py:188} INFO - [2024-07-09T17:05:46.643+0000] {dag.py:3834} INFO - Setting next_dagrun for example_subdag_operator.section-2 to None, run_after=None
[2024-07-09T17:05:46.650+0000] {logging_mixin.py:188} INFO - [2024-07-09T17:05:46.650+0000] {dag.py:3047} INFO - Sync 2 DAGs
[2024-07-09T17:05:46.657+0000] {logging_mixin.py:188} INFO - [2024-07-09T17:05:46.656+0000] {dag.py:3834} INFO - Setting next_dagrun for example_subdag_operator.section-1 to None, run_after=None
[2024-07-09T17:05:46.657+0000] {logging_mixin.py:188} INFO - [2024-07-09T17:05:46.657+0000] {dag.py:3834} INFO - Setting next_dagrun for example_subdag_operator.section-2 to None, run_after=None
[2024-07-09T17:05:46.667+0000] {processor.py:183} INFO - Processing /home/airflow/.local/lib/python3.11/site-packages/airflow/example_dags/example_subdag_operator.py took 0.091 seconds
[2024-07-09T17:06:17.677+0000] {processor.py:161} INFO - Started process (PID=8165) to work on /home/airflow/.local/lib/python3.11/site-packages/airflow/example_dags/example_subdag_operator.py
[2024-07-09T17:06:17.679+0000] {processor.py:830} INFO - Processing file /home/airflow/.local/lib/python3.11/site-packages/airflow/example_dags/example_subdag_operator.py for tasks to queue
[2024-07-09T17:06:17.680+0000] {logging_mixin.py:188} INFO - [2024-07-09T17:06:17.680+0000] {dagbag.py:540} INFO - Filling up the DagBag from /home/airflow/.local/lib/python3.11/site-packages/airflow/example_dags/example_subdag_operator.py
[2024-07-09T17:06:17.714+0000] {processor.py:840} INFO - DAG(s) 'example_subdag_operator.section-1', 'example_subdag_operator.section-2', 'example_subdag_operator' retrieved from /home/airflow/.local/lib/python3.11/site-packages/airflow/example_dags/example_subdag_operator.py
[2024-07-09T17:06:17.732+0000] {logging_mixin.py:188} INFO - [2024-07-09T17:06:17.731+0000] {dag.py:3047} INFO - Sync 3 DAGs
[2024-07-09T17:06:17.756+0000] {logging_mixin.py:188} INFO - [2024-07-09T17:06:17.756+0000] {dag.py:3834} INFO - Setting next_dagrun for example_subdag_operator to 2022-01-01 00:00:00+00:00, run_after=2022-01-01 00:00:00+00:00
[2024-07-09T17:06:17.761+0000] {logging_mixin.py:188} INFO - [2024-07-09T17:06:17.761+0000] {dag.py:3834} INFO - Setting next_dagrun for example_subdag_operator.section-1 to None, run_after=None
[2024-07-09T17:06:17.764+0000] {logging_mixin.py:188} INFO - [2024-07-09T17:06:17.764+0000] {dag.py:3834} INFO - Setting next_dagrun for example_subdag_operator.section-2 to None, run_after=None
[2024-07-09T17:06:17.772+0000] {logging_mixin.py:188} INFO - [2024-07-09T17:06:17.772+0000] {dag.py:3047} INFO - Sync 2 DAGs
[2024-07-09T17:06:17.779+0000] {logging_mixin.py:188} INFO - [2024-07-09T17:06:17.778+0000] {dag.py:3834} INFO - Setting next_dagrun for example_subdag_operator.section-1 to None, run_after=None
[2024-07-09T17:06:17.780+0000] {logging_mixin.py:188} INFO - [2024-07-09T17:06:17.779+0000] {dag.py:3834} INFO - Setting next_dagrun for example_subdag_operator.section-2 to None, run_after=None
[2024-07-09T17:06:17.793+0000] {processor.py:183} INFO - Processing /home/airflow/.local/lib/python3.11/site-packages/airflow/example_dags/example_subdag_operator.py took 0.120 seconds
[2024-07-09T17:06:47.921+0000] {processor.py:161} INFO - Started process (PID=8429) to work on /home/airflow/.local/lib/python3.11/site-packages/airflow/example_dags/example_subdag_operator.py
[2024-07-09T17:06:47.923+0000] {processor.py:830} INFO - Processing file /home/airflow/.local/lib/python3.11/site-packages/airflow/example_dags/example_subdag_operator.py for tasks to queue
[2024-07-09T17:06:47.924+0000] {logging_mixin.py:188} INFO - [2024-07-09T17:06:47.924+0000] {dagbag.py:540} INFO - Filling up the DagBag from /home/airflow/.local/lib/python3.11/site-packages/airflow/example_dags/example_subdag_operator.py
[2024-07-09T17:06:47.946+0000] {processor.py:840} INFO - DAG(s) 'example_subdag_operator.section-1', 'example_subdag_operator.section-2', 'example_subdag_operator' retrieved from /home/airflow/.local/lib/python3.11/site-packages/airflow/example_dags/example_subdag_operator.py
[2024-07-09T17:06:47.961+0000] {logging_mixin.py:188} INFO - [2024-07-09T17:06:47.961+0000] {dag.py:3047} INFO - Sync 3 DAGs
[2024-07-09T17:06:47.980+0000] {logging_mixin.py:188} INFO - [2024-07-09T17:06:47.980+0000] {dag.py:3834} INFO - Setting next_dagrun for example_subdag_operator to 2022-01-01 00:00:00+00:00, run_after=2022-01-01 00:00:00+00:00
[2024-07-09T17:06:47.984+0000] {logging_mixin.py:188} INFO - [2024-07-09T17:06:47.984+0000] {dag.py:3834} INFO - Setting next_dagrun for example_subdag_operator.section-1 to None, run_after=None
[2024-07-09T17:06:47.985+0000] {logging_mixin.py:188} INFO - [2024-07-09T17:06:47.985+0000] {dag.py:3834} INFO - Setting next_dagrun for example_subdag_operator.section-2 to None, run_after=None
[2024-07-09T17:06:47.992+0000] {logging_mixin.py:188} INFO - [2024-07-09T17:06:47.992+0000] {dag.py:3047} INFO - Sync 2 DAGs
[2024-07-09T17:06:47.997+0000] {logging_mixin.py:188} INFO - [2024-07-09T17:06:47.996+0000] {dag.py:3834} INFO - Setting next_dagrun for example_subdag_operator.section-1 to None, run_after=None
[2024-07-09T17:06:47.997+0000] {logging_mixin.py:188} INFO - [2024-07-09T17:06:47.997+0000] {dag.py:3834} INFO - Setting next_dagrun for example_subdag_operator.section-2 to None, run_after=None
[2024-07-09T17:06:48.009+0000] {processor.py:183} INFO - Processing /home/airflow/.local/lib/python3.11/site-packages/airflow/example_dags/example_subdag_operator.py took 0.091 seconds
