[2024-07-09T16:50:57.655+0000] {processor.py:161} INFO - Started process (PID=220) to work on /home/airflow/.local/lib/python3.11/site-packages/airflow/example_dags/tutorial_dag.py
[2024-07-09T16:50:57.657+0000] {processor.py:830} INFO - Processing file /home/airflow/.local/lib/python3.11/site-packages/airflow/example_dags/tutorial_dag.py for tasks to queue
[2024-07-09T16:50:57.659+0000] {logging_mixin.py:188} INFO - [2024-07-09T16:50:57.658+0000] {dagbag.py:540} INFO - Filling up the DagBag from /home/airflow/.local/lib/python3.11/site-packages/airflow/example_dags/tutorial_dag.py
[2024-07-09T16:50:57.677+0000] {processor.py:840} INFO - DAG(s) 'tutorial_dag' retrieved from /home/airflow/.local/lib/python3.11/site-packages/airflow/example_dags/tutorial_dag.py
[2024-07-09T16:50:57.872+0000] {logging_mixin.py:188} INFO - [2024-07-09T16:50:57.872+0000] {override.py:1769} INFO - Created Permission View: can delete on DAG:tutorial_dag
[2024-07-09T16:50:57.891+0000] {logging_mixin.py:188} INFO - [2024-07-09T16:50:57.891+0000] {override.py:1769} INFO - Created Permission View: can edit on DAG:tutorial_dag
[2024-07-09T16:50:57.904+0000] {logging_mixin.py:188} INFO - [2024-07-09T16:50:57.903+0000] {override.py:1769} INFO - Created Permission View: can read on DAG:tutorial_dag
[2024-07-09T16:50:57.905+0000] {logging_mixin.py:188} INFO - [2024-07-09T16:50:57.905+0000] {dag.py:3047} INFO - Sync 1 DAGs
[2024-07-09T16:50:57.921+0000] {logging_mixin.py:188} INFO - [2024-07-09T16:50:57.921+0000] {dag.py:3069} INFO - Creating ORM DAG for tutorial_dag
[2024-07-09T16:50:57.922+0000] {logging_mixin.py:188} INFO - [2024-07-09T16:50:57.922+0000] {dag.py:3834} INFO - Setting next_dagrun for tutorial_dag to None, run_after=None
[2024-07-09T16:50:57.952+0000] {processor.py:183} INFO - Processing /home/airflow/.local/lib/python3.11/site-packages/airflow/example_dags/tutorial_dag.py took 0.305 seconds
[2024-07-09T16:51:28.612+0000] {processor.py:161} INFO - Started process (PID=484) to work on /home/airflow/.local/lib/python3.11/site-packages/airflow/example_dags/tutorial_dag.py
[2024-07-09T16:51:28.613+0000] {processor.py:830} INFO - Processing file /home/airflow/.local/lib/python3.11/site-packages/airflow/example_dags/tutorial_dag.py for tasks to queue
[2024-07-09T16:51:28.613+0000] {logging_mixin.py:188} INFO - [2024-07-09T16:51:28.613+0000] {dagbag.py:540} INFO - Filling up the DagBag from /home/airflow/.local/lib/python3.11/site-packages/airflow/example_dags/tutorial_dag.py
[2024-07-09T16:51:28.618+0000] {processor.py:840} INFO - DAG(s) 'tutorial_dag' retrieved from /home/airflow/.local/lib/python3.11/site-packages/airflow/example_dags/tutorial_dag.py
[2024-07-09T16:51:28.636+0000] {logging_mixin.py:188} INFO - [2024-07-09T16:51:28.636+0000] {dag.py:3047} INFO - Sync 1 DAGs
[2024-07-09T16:51:28.648+0000] {logging_mixin.py:188} INFO - [2024-07-09T16:51:28.647+0000] {dag.py:3834} INFO - Setting next_dagrun for tutorial_dag to None, run_after=None
[2024-07-09T16:51:28.670+0000] {processor.py:183} INFO - Processing /home/airflow/.local/lib/python3.11/site-packages/airflow/example_dags/tutorial_dag.py took 0.061 seconds
[2024-07-09T16:51:58.794+0000] {processor.py:161} INFO - Started process (PID=746) to work on /home/airflow/.local/lib/python3.11/site-packages/airflow/example_dags/tutorial_dag.py
[2024-07-09T16:51:58.795+0000] {processor.py:830} INFO - Processing file /home/airflow/.local/lib/python3.11/site-packages/airflow/example_dags/tutorial_dag.py for tasks to queue
[2024-07-09T16:51:58.796+0000] {logging_mixin.py:188} INFO - [2024-07-09T16:51:58.795+0000] {dagbag.py:540} INFO - Filling up the DagBag from /home/airflow/.local/lib/python3.11/site-packages/airflow/example_dags/tutorial_dag.py
[2024-07-09T16:51:58.800+0000] {processor.py:840} INFO - DAG(s) 'tutorial_dag' retrieved from /home/airflow/.local/lib/python3.11/site-packages/airflow/example_dags/tutorial_dag.py
[2024-07-09T16:51:58.818+0000] {logging_mixin.py:188} INFO - [2024-07-09T16:51:58.818+0000] {dag.py:3047} INFO - Sync 1 DAGs
[2024-07-09T16:51:58.827+0000] {logging_mixin.py:188} INFO - [2024-07-09T16:51:58.827+0000] {dag.py:3834} INFO - Setting next_dagrun for tutorial_dag to None, run_after=None
[2024-07-09T16:51:58.845+0000] {processor.py:183} INFO - Processing /home/airflow/.local/lib/python3.11/site-packages/airflow/example_dags/tutorial_dag.py took 0.054 seconds
[2024-07-09T16:52:29.821+0000] {processor.py:161} INFO - Started process (PID=997) to work on /home/airflow/.local/lib/python3.11/site-packages/airflow/example_dags/tutorial_dag.py
[2024-07-09T16:52:29.823+0000] {processor.py:830} INFO - Processing file /home/airflow/.local/lib/python3.11/site-packages/airflow/example_dags/tutorial_dag.py for tasks to queue
[2024-07-09T16:52:29.824+0000] {logging_mixin.py:188} INFO - [2024-07-09T16:52:29.824+0000] {dagbag.py:540} INFO - Filling up the DagBag from /home/airflow/.local/lib/python3.11/site-packages/airflow/example_dags/tutorial_dag.py
[2024-07-09T16:52:29.830+0000] {processor.py:840} INFO - DAG(s) 'tutorial_dag' retrieved from /home/airflow/.local/lib/python3.11/site-packages/airflow/example_dags/tutorial_dag.py
[2024-07-09T16:52:29.855+0000] {logging_mixin.py:188} INFO - [2024-07-09T16:52:29.855+0000] {dag.py:3047} INFO - Sync 1 DAGs
[2024-07-09T16:52:29.869+0000] {logging_mixin.py:188} INFO - [2024-07-09T16:52:29.869+0000] {dag.py:3834} INFO - Setting next_dagrun for tutorial_dag to None, run_after=None
[2024-07-09T16:52:29.892+0000] {processor.py:183} INFO - Processing /home/airflow/.local/lib/python3.11/site-packages/airflow/example_dags/tutorial_dag.py took 0.074 seconds
[2024-07-09T16:53:00.450+0000] {processor.py:161} INFO - Started process (PID=1256) to work on /home/airflow/.local/lib/python3.11/site-packages/airflow/example_dags/tutorial_dag.py
[2024-07-09T16:53:00.451+0000] {processor.py:830} INFO - Processing file /home/airflow/.local/lib/python3.11/site-packages/airflow/example_dags/tutorial_dag.py for tasks to queue
[2024-07-09T16:53:00.452+0000] {logging_mixin.py:188} INFO - [2024-07-09T16:53:00.452+0000] {dagbag.py:540} INFO - Filling up the DagBag from /home/airflow/.local/lib/python3.11/site-packages/airflow/example_dags/tutorial_dag.py
[2024-07-09T16:53:00.457+0000] {processor.py:840} INFO - DAG(s) 'tutorial_dag' retrieved from /home/airflow/.local/lib/python3.11/site-packages/airflow/example_dags/tutorial_dag.py
[2024-07-09T16:53:00.477+0000] {logging_mixin.py:188} INFO - [2024-07-09T16:53:00.477+0000] {dag.py:3047} INFO - Sync 1 DAGs
[2024-07-09T16:53:00.488+0000] {logging_mixin.py:188} INFO - [2024-07-09T16:53:00.488+0000] {dag.py:3834} INFO - Setting next_dagrun for tutorial_dag to None, run_after=None
[2024-07-09T16:53:00.507+0000] {processor.py:183} INFO - Processing /home/airflow/.local/lib/python3.11/site-packages/airflow/example_dags/tutorial_dag.py took 0.060 seconds
[2024-07-09T16:53:31.045+0000] {processor.py:161} INFO - Started process (PID=1518) to work on /home/airflow/.local/lib/python3.11/site-packages/airflow/example_dags/tutorial_dag.py
[2024-07-09T16:53:31.046+0000] {processor.py:830} INFO - Processing file /home/airflow/.local/lib/python3.11/site-packages/airflow/example_dags/tutorial_dag.py for tasks to queue
[2024-07-09T16:53:31.047+0000] {logging_mixin.py:188} INFO - [2024-07-09T16:53:31.047+0000] {dagbag.py:540} INFO - Filling up the DagBag from /home/airflow/.local/lib/python3.11/site-packages/airflow/example_dags/tutorial_dag.py
[2024-07-09T16:53:31.052+0000] {processor.py:840} INFO - DAG(s) 'tutorial_dag' retrieved from /home/airflow/.local/lib/python3.11/site-packages/airflow/example_dags/tutorial_dag.py
[2024-07-09T16:53:31.070+0000] {logging_mixin.py:188} INFO - [2024-07-09T16:53:31.070+0000] {dag.py:3047} INFO - Sync 1 DAGs
[2024-07-09T16:53:31.079+0000] {logging_mixin.py:188} INFO - [2024-07-09T16:53:31.079+0000] {dag.py:3834} INFO - Setting next_dagrun for tutorial_dag to None, run_after=None
[2024-07-09T16:53:31.098+0000] {processor.py:183} INFO - Processing /home/airflow/.local/lib/python3.11/site-packages/airflow/example_dags/tutorial_dag.py took 0.055 seconds
[2024-07-09T16:54:01.532+0000] {processor.py:161} INFO - Started process (PID=1780) to work on /home/airflow/.local/lib/python3.11/site-packages/airflow/example_dags/tutorial_dag.py
[2024-07-09T16:54:01.534+0000] {processor.py:830} INFO - Processing file /home/airflow/.local/lib/python3.11/site-packages/airflow/example_dags/tutorial_dag.py for tasks to queue
[2024-07-09T16:54:01.534+0000] {logging_mixin.py:188} INFO - [2024-07-09T16:54:01.534+0000] {dagbag.py:540} INFO - Filling up the DagBag from /home/airflow/.local/lib/python3.11/site-packages/airflow/example_dags/tutorial_dag.py
[2024-07-09T16:54:01.541+0000] {processor.py:840} INFO - DAG(s) 'tutorial_dag' retrieved from /home/airflow/.local/lib/python3.11/site-packages/airflow/example_dags/tutorial_dag.py
[2024-07-09T16:54:01.563+0000] {logging_mixin.py:188} INFO - [2024-07-09T16:54:01.562+0000] {dag.py:3047} INFO - Sync 1 DAGs
[2024-07-09T16:54:01.574+0000] {logging_mixin.py:188} INFO - [2024-07-09T16:54:01.574+0000] {dag.py:3834} INFO - Setting next_dagrun for tutorial_dag to None, run_after=None
[2024-07-09T16:54:01.595+0000] {processor.py:183} INFO - Processing /home/airflow/.local/lib/python3.11/site-packages/airflow/example_dags/tutorial_dag.py took 0.066 seconds
[2024-07-09T16:54:31.715+0000] {processor.py:161} INFO - Started process (PID=2042) to work on /home/airflow/.local/lib/python3.11/site-packages/airflow/example_dags/tutorial_dag.py
[2024-07-09T16:54:31.716+0000] {processor.py:830} INFO - Processing file /home/airflow/.local/lib/python3.11/site-packages/airflow/example_dags/tutorial_dag.py for tasks to queue
[2024-07-09T16:54:31.717+0000] {logging_mixin.py:188} INFO - [2024-07-09T16:54:31.717+0000] {dagbag.py:540} INFO - Filling up the DagBag from /home/airflow/.local/lib/python3.11/site-packages/airflow/example_dags/tutorial_dag.py
[2024-07-09T16:54:31.722+0000] {processor.py:840} INFO - DAG(s) 'tutorial_dag' retrieved from /home/airflow/.local/lib/python3.11/site-packages/airflow/example_dags/tutorial_dag.py
[2024-07-09T16:54:31.745+0000] {logging_mixin.py:188} INFO - [2024-07-09T16:54:31.745+0000] {dag.py:3047} INFO - Sync 1 DAGs
[2024-07-09T16:54:31.756+0000] {logging_mixin.py:188} INFO - [2024-07-09T16:54:31.755+0000] {dag.py:3834} INFO - Setting next_dagrun for tutorial_dag to None, run_after=None
[2024-07-09T16:54:31.778+0000] {processor.py:183} INFO - Processing /home/airflow/.local/lib/python3.11/site-packages/airflow/example_dags/tutorial_dag.py took 0.067 seconds
[2024-07-09T16:55:01.903+0000] {processor.py:161} INFO - Started process (PID=2304) to work on /home/airflow/.local/lib/python3.11/site-packages/airflow/example_dags/tutorial_dag.py
[2024-07-09T16:55:01.904+0000] {processor.py:830} INFO - Processing file /home/airflow/.local/lib/python3.11/site-packages/airflow/example_dags/tutorial_dag.py for tasks to queue
[2024-07-09T16:55:01.905+0000] {logging_mixin.py:188} INFO - [2024-07-09T16:55:01.904+0000] {dagbag.py:540} INFO - Filling up the DagBag from /home/airflow/.local/lib/python3.11/site-packages/airflow/example_dags/tutorial_dag.py
[2024-07-09T16:55:01.910+0000] {processor.py:840} INFO - DAG(s) 'tutorial_dag' retrieved from /home/airflow/.local/lib/python3.11/site-packages/airflow/example_dags/tutorial_dag.py
[2024-07-09T16:55:01.931+0000] {logging_mixin.py:188} INFO - [2024-07-09T16:55:01.931+0000] {dag.py:3047} INFO - Sync 1 DAGs
[2024-07-09T16:55:01.942+0000] {logging_mixin.py:188} INFO - [2024-07-09T16:55:01.942+0000] {dag.py:3834} INFO - Setting next_dagrun for tutorial_dag to None, run_after=None
[2024-07-09T16:55:01.960+0000] {processor.py:183} INFO - Processing /home/airflow/.local/lib/python3.11/site-packages/airflow/example_dags/tutorial_dag.py took 0.060 seconds
[2024-07-09T16:55:32.375+0000] {processor.py:161} INFO - Started process (PID=2566) to work on /home/airflow/.local/lib/python3.11/site-packages/airflow/example_dags/tutorial_dag.py
[2024-07-09T16:55:32.376+0000] {processor.py:830} INFO - Processing file /home/airflow/.local/lib/python3.11/site-packages/airflow/example_dags/tutorial_dag.py for tasks to queue
[2024-07-09T16:55:32.377+0000] {logging_mixin.py:188} INFO - [2024-07-09T16:55:32.377+0000] {dagbag.py:540} INFO - Filling up the DagBag from /home/airflow/.local/lib/python3.11/site-packages/airflow/example_dags/tutorial_dag.py
[2024-07-09T16:55:32.383+0000] {processor.py:840} INFO - DAG(s) 'tutorial_dag' retrieved from /home/airflow/.local/lib/python3.11/site-packages/airflow/example_dags/tutorial_dag.py
[2024-07-09T16:55:32.403+0000] {logging_mixin.py:188} INFO - [2024-07-09T16:55:32.403+0000] {dag.py:3047} INFO - Sync 1 DAGs
[2024-07-09T16:55:32.414+0000] {logging_mixin.py:188} INFO - [2024-07-09T16:55:32.414+0000] {dag.py:3834} INFO - Setting next_dagrun for tutorial_dag to None, run_after=None
[2024-07-09T16:55:32.430+0000] {processor.py:183} INFO - Processing /home/airflow/.local/lib/python3.11/site-packages/airflow/example_dags/tutorial_dag.py took 0.058 seconds
[2024-07-09T16:56:02.559+0000] {processor.py:161} INFO - Started process (PID=2828) to work on /home/airflow/.local/lib/python3.11/site-packages/airflow/example_dags/tutorial_dag.py
[2024-07-09T16:56:02.561+0000] {processor.py:830} INFO - Processing file /home/airflow/.local/lib/python3.11/site-packages/airflow/example_dags/tutorial_dag.py for tasks to queue
[2024-07-09T16:56:02.562+0000] {logging_mixin.py:188} INFO - [2024-07-09T16:56:02.561+0000] {dagbag.py:540} INFO - Filling up the DagBag from /home/airflow/.local/lib/python3.11/site-packages/airflow/example_dags/tutorial_dag.py
[2024-07-09T16:56:02.569+0000] {processor.py:840} INFO - DAG(s) 'tutorial_dag' retrieved from /home/airflow/.local/lib/python3.11/site-packages/airflow/example_dags/tutorial_dag.py
[2024-07-09T16:56:02.591+0000] {logging_mixin.py:188} INFO - [2024-07-09T16:56:02.591+0000] {dag.py:3047} INFO - Sync 1 DAGs
[2024-07-09T16:56:02.602+0000] {logging_mixin.py:188} INFO - [2024-07-09T16:56:02.602+0000] {dag.py:3834} INFO - Setting next_dagrun for tutorial_dag to None, run_after=None
[2024-07-09T16:56:02.621+0000] {processor.py:183} INFO - Processing /home/airflow/.local/lib/python3.11/site-packages/airflow/example_dags/tutorial_dag.py took 0.065 seconds
[2024-07-09T16:56:32.755+0000] {processor.py:161} INFO - Started process (PID=3090) to work on /home/airflow/.local/lib/python3.11/site-packages/airflow/example_dags/tutorial_dag.py
[2024-07-09T16:56:32.756+0000] {processor.py:830} INFO - Processing file /home/airflow/.local/lib/python3.11/site-packages/airflow/example_dags/tutorial_dag.py for tasks to queue
[2024-07-09T16:56:32.757+0000] {logging_mixin.py:188} INFO - [2024-07-09T16:56:32.757+0000] {dagbag.py:540} INFO - Filling up the DagBag from /home/airflow/.local/lib/python3.11/site-packages/airflow/example_dags/tutorial_dag.py
[2024-07-09T16:56:32.762+0000] {processor.py:840} INFO - DAG(s) 'tutorial_dag' retrieved from /home/airflow/.local/lib/python3.11/site-packages/airflow/example_dags/tutorial_dag.py
[2024-07-09T16:56:32.783+0000] {logging_mixin.py:188} INFO - [2024-07-09T16:56:32.782+0000] {dag.py:3047} INFO - Sync 1 DAGs
[2024-07-09T16:56:32.793+0000] {logging_mixin.py:188} INFO - [2024-07-09T16:56:32.792+0000] {dag.py:3834} INFO - Setting next_dagrun for tutorial_dag to None, run_after=None
[2024-07-09T16:56:32.807+0000] {processor.py:183} INFO - Processing /home/airflow/.local/lib/python3.11/site-packages/airflow/example_dags/tutorial_dag.py took 0.055 seconds
[2024-07-09T16:57:03.036+0000] {processor.py:161} INFO - Started process (PID=3352) to work on /home/airflow/.local/lib/python3.11/site-packages/airflow/example_dags/tutorial_dag.py
[2024-07-09T16:57:03.038+0000] {processor.py:830} INFO - Processing file /home/airflow/.local/lib/python3.11/site-packages/airflow/example_dags/tutorial_dag.py for tasks to queue
[2024-07-09T16:57:03.039+0000] {logging_mixin.py:188} INFO - [2024-07-09T16:57:03.039+0000] {dagbag.py:540} INFO - Filling up the DagBag from /home/airflow/.local/lib/python3.11/site-packages/airflow/example_dags/tutorial_dag.py
[2024-07-09T16:57:03.047+0000] {processor.py:840} INFO - DAG(s) 'tutorial_dag' retrieved from /home/airflow/.local/lib/python3.11/site-packages/airflow/example_dags/tutorial_dag.py
[2024-07-09T16:57:03.070+0000] {logging_mixin.py:188} INFO - [2024-07-09T16:57:03.070+0000] {dag.py:3047} INFO - Sync 1 DAGs
[2024-07-09T16:57:03.081+0000] {logging_mixin.py:188} INFO - [2024-07-09T16:57:03.081+0000] {dag.py:3834} INFO - Setting next_dagrun for tutorial_dag to None, run_after=None
[2024-07-09T16:57:03.102+0000] {processor.py:183} INFO - Processing /home/airflow/.local/lib/python3.11/site-packages/airflow/example_dags/tutorial_dag.py took 0.070 seconds
[2024-07-09T16:57:33.573+0000] {processor.py:161} INFO - Started process (PID=3614) to work on /home/airflow/.local/lib/python3.11/site-packages/airflow/example_dags/tutorial_dag.py
[2024-07-09T16:57:33.574+0000] {processor.py:830} INFO - Processing file /home/airflow/.local/lib/python3.11/site-packages/airflow/example_dags/tutorial_dag.py for tasks to queue
[2024-07-09T16:57:33.575+0000] {logging_mixin.py:188} INFO - [2024-07-09T16:57:33.574+0000] {dagbag.py:540} INFO - Filling up the DagBag from /home/airflow/.local/lib/python3.11/site-packages/airflow/example_dags/tutorial_dag.py
[2024-07-09T16:57:33.591+0000] {processor.py:840} INFO - DAG(s) 'tutorial_dag' retrieved from /home/airflow/.local/lib/python3.11/site-packages/airflow/example_dags/tutorial_dag.py
[2024-07-09T16:57:33.621+0000] {logging_mixin.py:188} INFO - [2024-07-09T16:57:33.621+0000] {dag.py:3047} INFO - Sync 1 DAGs
[2024-07-09T16:57:33.634+0000] {logging_mixin.py:188} INFO - [2024-07-09T16:57:33.634+0000] {dag.py:3834} INFO - Setting next_dagrun for tutorial_dag to None, run_after=None
[2024-07-09T16:57:33.654+0000] {processor.py:183} INFO - Processing /home/airflow/.local/lib/python3.11/site-packages/airflow/example_dags/tutorial_dag.py took 0.085 seconds
[2024-07-09T16:58:03.749+0000] {processor.py:161} INFO - Started process (PID=3876) to work on /home/airflow/.local/lib/python3.11/site-packages/airflow/example_dags/tutorial_dag.py
[2024-07-09T16:58:03.750+0000] {processor.py:830} INFO - Processing file /home/airflow/.local/lib/python3.11/site-packages/airflow/example_dags/tutorial_dag.py for tasks to queue
[2024-07-09T16:58:03.751+0000] {logging_mixin.py:188} INFO - [2024-07-09T16:58:03.751+0000] {dagbag.py:540} INFO - Filling up the DagBag from /home/airflow/.local/lib/python3.11/site-packages/airflow/example_dags/tutorial_dag.py
[2024-07-09T16:58:03.757+0000] {processor.py:840} INFO - DAG(s) 'tutorial_dag' retrieved from /home/airflow/.local/lib/python3.11/site-packages/airflow/example_dags/tutorial_dag.py
[2024-07-09T16:58:03.779+0000] {logging_mixin.py:188} INFO - [2024-07-09T16:58:03.779+0000] {dag.py:3047} INFO - Sync 1 DAGs
[2024-07-09T16:58:03.791+0000] {logging_mixin.py:188} INFO - [2024-07-09T16:58:03.791+0000] {dag.py:3834} INFO - Setting next_dagrun for tutorial_dag to None, run_after=None
[2024-07-09T16:58:03.811+0000] {processor.py:183} INFO - Processing /home/airflow/.local/lib/python3.11/site-packages/airflow/example_dags/tutorial_dag.py took 0.064 seconds
[2024-07-09T16:58:34.149+0000] {processor.py:161} INFO - Started process (PID=4136) to work on /home/airflow/.local/lib/python3.11/site-packages/airflow/example_dags/tutorial_dag.py
[2024-07-09T16:58:34.150+0000] {processor.py:830} INFO - Processing file /home/airflow/.local/lib/python3.11/site-packages/airflow/example_dags/tutorial_dag.py for tasks to queue
[2024-07-09T16:58:34.151+0000] {logging_mixin.py:188} INFO - [2024-07-09T16:58:34.151+0000] {dagbag.py:540} INFO - Filling up the DagBag from /home/airflow/.local/lib/python3.11/site-packages/airflow/example_dags/tutorial_dag.py
[2024-07-09T16:58:34.158+0000] {processor.py:840} INFO - DAG(s) 'tutorial_dag' retrieved from /home/airflow/.local/lib/python3.11/site-packages/airflow/example_dags/tutorial_dag.py
[2024-07-09T16:58:34.178+0000] {logging_mixin.py:188} INFO - [2024-07-09T16:58:34.178+0000] {dag.py:3047} INFO - Sync 1 DAGs
[2024-07-09T16:58:34.188+0000] {logging_mixin.py:188} INFO - [2024-07-09T16:58:34.187+0000] {dag.py:3834} INFO - Setting next_dagrun for tutorial_dag to None, run_after=None
[2024-07-09T16:58:34.205+0000] {processor.py:183} INFO - Processing /home/airflow/.local/lib/python3.11/site-packages/airflow/example_dags/tutorial_dag.py took 0.060 seconds
[2024-07-09T16:59:04.979+0000] {processor.py:161} INFO - Started process (PID=4400) to work on /home/airflow/.local/lib/python3.11/site-packages/airflow/example_dags/tutorial_dag.py
[2024-07-09T16:59:04.981+0000] {processor.py:830} INFO - Processing file /home/airflow/.local/lib/python3.11/site-packages/airflow/example_dags/tutorial_dag.py for tasks to queue
[2024-07-09T16:59:04.982+0000] {logging_mixin.py:188} INFO - [2024-07-09T16:59:04.982+0000] {dagbag.py:540} INFO - Filling up the DagBag from /home/airflow/.local/lib/python3.11/site-packages/airflow/example_dags/tutorial_dag.py
[2024-07-09T16:59:04.990+0000] {processor.py:840} INFO - DAG(s) 'tutorial_dag' retrieved from /home/airflow/.local/lib/python3.11/site-packages/airflow/example_dags/tutorial_dag.py
[2024-07-09T16:59:05.017+0000] {logging_mixin.py:188} INFO - [2024-07-09T16:59:05.017+0000] {dag.py:3047} INFO - Sync 1 DAGs
[2024-07-09T16:59:05.030+0000] {logging_mixin.py:188} INFO - [2024-07-09T16:59:05.029+0000] {dag.py:3834} INFO - Setting next_dagrun for tutorial_dag to None, run_after=None
[2024-07-09T16:59:05.052+0000] {processor.py:183} INFO - Processing /home/airflow/.local/lib/python3.11/site-packages/airflow/example_dags/tutorial_dag.py took 0.076 seconds
[2024-07-09T16:59:36.063+0000] {processor.py:161} INFO - Started process (PID=4662) to work on /home/airflow/.local/lib/python3.11/site-packages/airflow/example_dags/tutorial_dag.py
[2024-07-09T16:59:36.064+0000] {processor.py:830} INFO - Processing file /home/airflow/.local/lib/python3.11/site-packages/airflow/example_dags/tutorial_dag.py for tasks to queue
[2024-07-09T16:59:36.065+0000] {logging_mixin.py:188} INFO - [2024-07-09T16:59:36.065+0000] {dagbag.py:540} INFO - Filling up the DagBag from /home/airflow/.local/lib/python3.11/site-packages/airflow/example_dags/tutorial_dag.py
[2024-07-09T16:59:36.070+0000] {processor.py:840} INFO - DAG(s) 'tutorial_dag' retrieved from /home/airflow/.local/lib/python3.11/site-packages/airflow/example_dags/tutorial_dag.py
[2024-07-09T16:59:36.093+0000] {logging_mixin.py:188} INFO - [2024-07-09T16:59:36.093+0000] {dag.py:3047} INFO - Sync 1 DAGs
[2024-07-09T16:59:36.107+0000] {logging_mixin.py:188} INFO - [2024-07-09T16:59:36.107+0000] {dag.py:3834} INFO - Setting next_dagrun for tutorial_dag to None, run_after=None
[2024-07-09T16:59:36.125+0000] {processor.py:183} INFO - Processing /home/airflow/.local/lib/python3.11/site-packages/airflow/example_dags/tutorial_dag.py took 0.064 seconds
[2024-07-09T17:00:06.727+0000] {processor.py:161} INFO - Started process (PID=4924) to work on /home/airflow/.local/lib/python3.11/site-packages/airflow/example_dags/tutorial_dag.py
[2024-07-09T17:00:06.728+0000] {processor.py:830} INFO - Processing file /home/airflow/.local/lib/python3.11/site-packages/airflow/example_dags/tutorial_dag.py for tasks to queue
[2024-07-09T17:00:06.729+0000] {logging_mixin.py:188} INFO - [2024-07-09T17:00:06.729+0000] {dagbag.py:540} INFO - Filling up the DagBag from /home/airflow/.local/lib/python3.11/site-packages/airflow/example_dags/tutorial_dag.py
[2024-07-09T17:00:06.735+0000] {processor.py:840} INFO - DAG(s) 'tutorial_dag' retrieved from /home/airflow/.local/lib/python3.11/site-packages/airflow/example_dags/tutorial_dag.py
[2024-07-09T17:00:06.762+0000] {logging_mixin.py:188} INFO - [2024-07-09T17:00:06.761+0000] {dag.py:3047} INFO - Sync 1 DAGs
[2024-07-09T17:00:06.775+0000] {logging_mixin.py:188} INFO - [2024-07-09T17:00:06.774+0000] {dag.py:3834} INFO - Setting next_dagrun for tutorial_dag to None, run_after=None
[2024-07-09T17:00:06.792+0000] {processor.py:183} INFO - Processing /home/airflow/.local/lib/python3.11/site-packages/airflow/example_dags/tutorial_dag.py took 0.068 seconds
[2024-07-09T17:00:37.315+0000] {processor.py:161} INFO - Started process (PID=5186) to work on /home/airflow/.local/lib/python3.11/site-packages/airflow/example_dags/tutorial_dag.py
[2024-07-09T17:00:37.317+0000] {processor.py:830} INFO - Processing file /home/airflow/.local/lib/python3.11/site-packages/airflow/example_dags/tutorial_dag.py for tasks to queue
[2024-07-09T17:00:37.318+0000] {logging_mixin.py:188} INFO - [2024-07-09T17:00:37.317+0000] {dagbag.py:540} INFO - Filling up the DagBag from /home/airflow/.local/lib/python3.11/site-packages/airflow/example_dags/tutorial_dag.py
[2024-07-09T17:00:37.324+0000] {processor.py:840} INFO - DAG(s) 'tutorial_dag' retrieved from /home/airflow/.local/lib/python3.11/site-packages/airflow/example_dags/tutorial_dag.py
[2024-07-09T17:00:37.345+0000] {logging_mixin.py:188} INFO - [2024-07-09T17:00:37.344+0000] {dag.py:3047} INFO - Sync 1 DAGs
[2024-07-09T17:00:37.355+0000] {logging_mixin.py:188} INFO - [2024-07-09T17:00:37.355+0000] {dag.py:3834} INFO - Setting next_dagrun for tutorial_dag to None, run_after=None
[2024-07-09T17:00:37.376+0000] {processor.py:183} INFO - Processing /home/airflow/.local/lib/python3.11/site-packages/airflow/example_dags/tutorial_dag.py took 0.063 seconds
[2024-07-09T17:01:08.302+0000] {processor.py:161} INFO - Started process (PID=5448) to work on /home/airflow/.local/lib/python3.11/site-packages/airflow/example_dags/tutorial_dag.py
[2024-07-09T17:01:08.303+0000] {processor.py:830} INFO - Processing file /home/airflow/.local/lib/python3.11/site-packages/airflow/example_dags/tutorial_dag.py for tasks to queue
[2024-07-09T17:01:08.304+0000] {logging_mixin.py:188} INFO - [2024-07-09T17:01:08.304+0000] {dagbag.py:540} INFO - Filling up the DagBag from /home/airflow/.local/lib/python3.11/site-packages/airflow/example_dags/tutorial_dag.py
[2024-07-09T17:01:08.310+0000] {processor.py:840} INFO - DAG(s) 'tutorial_dag' retrieved from /home/airflow/.local/lib/python3.11/site-packages/airflow/example_dags/tutorial_dag.py
[2024-07-09T17:01:08.333+0000] {logging_mixin.py:188} INFO - [2024-07-09T17:01:08.333+0000] {dag.py:3047} INFO - Sync 1 DAGs
[2024-07-09T17:01:08.345+0000] {logging_mixin.py:188} INFO - [2024-07-09T17:01:08.345+0000] {dag.py:3834} INFO - Setting next_dagrun for tutorial_dag to None, run_after=None
[2024-07-09T17:01:08.363+0000] {processor.py:183} INFO - Processing /home/airflow/.local/lib/python3.11/site-packages/airflow/example_dags/tutorial_dag.py took 0.065 seconds
[2024-07-09T17:01:38.511+0000] {processor.py:161} INFO - Started process (PID=5710) to work on /home/airflow/.local/lib/python3.11/site-packages/airflow/example_dags/tutorial_dag.py
[2024-07-09T17:01:38.512+0000] {processor.py:830} INFO - Processing file /home/airflow/.local/lib/python3.11/site-packages/airflow/example_dags/tutorial_dag.py for tasks to queue
[2024-07-09T17:01:38.513+0000] {logging_mixin.py:188} INFO - [2024-07-09T17:01:38.513+0000] {dagbag.py:540} INFO - Filling up the DagBag from /home/airflow/.local/lib/python3.11/site-packages/airflow/example_dags/tutorial_dag.py
[2024-07-09T17:01:38.519+0000] {processor.py:840} INFO - DAG(s) 'tutorial_dag' retrieved from /home/airflow/.local/lib/python3.11/site-packages/airflow/example_dags/tutorial_dag.py
[2024-07-09T17:01:38.545+0000] {logging_mixin.py:188} INFO - [2024-07-09T17:01:38.545+0000] {dag.py:3047} INFO - Sync 1 DAGs
[2024-07-09T17:01:38.556+0000] {logging_mixin.py:188} INFO - [2024-07-09T17:01:38.556+0000] {dag.py:3834} INFO - Setting next_dagrun for tutorial_dag to None, run_after=None
[2024-07-09T17:01:38.578+0000] {processor.py:183} INFO - Processing /home/airflow/.local/lib/python3.11/site-packages/airflow/example_dags/tutorial_dag.py took 0.072 seconds
[2024-07-09T17:02:08.674+0000] {processor.py:161} INFO - Started process (PID=5972) to work on /home/airflow/.local/lib/python3.11/site-packages/airflow/example_dags/tutorial_dag.py
[2024-07-09T17:02:08.675+0000] {processor.py:830} INFO - Processing file /home/airflow/.local/lib/python3.11/site-packages/airflow/example_dags/tutorial_dag.py for tasks to queue
[2024-07-09T17:02:08.676+0000] {logging_mixin.py:188} INFO - [2024-07-09T17:02:08.676+0000] {dagbag.py:540} INFO - Filling up the DagBag from /home/airflow/.local/lib/python3.11/site-packages/airflow/example_dags/tutorial_dag.py
[2024-07-09T17:02:08.682+0000] {processor.py:840} INFO - DAG(s) 'tutorial_dag' retrieved from /home/airflow/.local/lib/python3.11/site-packages/airflow/example_dags/tutorial_dag.py
[2024-07-09T17:02:08.702+0000] {logging_mixin.py:188} INFO - [2024-07-09T17:02:08.702+0000] {dag.py:3047} INFO - Sync 1 DAGs
[2024-07-09T17:02:08.713+0000] {logging_mixin.py:188} INFO - [2024-07-09T17:02:08.713+0000] {dag.py:3834} INFO - Setting next_dagrun for tutorial_dag to None, run_after=None
[2024-07-09T17:02:08.730+0000] {processor.py:183} INFO - Processing /home/airflow/.local/lib/python3.11/site-packages/airflow/example_dags/tutorial_dag.py took 0.060 seconds
[2024-07-09T17:02:39.559+0000] {processor.py:161} INFO - Started process (PID=6234) to work on /home/airflow/.local/lib/python3.11/site-packages/airflow/example_dags/tutorial_dag.py
[2024-07-09T17:02:39.560+0000] {processor.py:830} INFO - Processing file /home/airflow/.local/lib/python3.11/site-packages/airflow/example_dags/tutorial_dag.py for tasks to queue
[2024-07-09T17:02:39.561+0000] {logging_mixin.py:188} INFO - [2024-07-09T17:02:39.561+0000] {dagbag.py:540} INFO - Filling up the DagBag from /home/airflow/.local/lib/python3.11/site-packages/airflow/example_dags/tutorial_dag.py
[2024-07-09T17:02:39.566+0000] {processor.py:840} INFO - DAG(s) 'tutorial_dag' retrieved from /home/airflow/.local/lib/python3.11/site-packages/airflow/example_dags/tutorial_dag.py
[2024-07-09T17:02:39.585+0000] {logging_mixin.py:188} INFO - [2024-07-09T17:02:39.585+0000] {dag.py:3047} INFO - Sync 1 DAGs
[2024-07-09T17:02:39.596+0000] {logging_mixin.py:188} INFO - [2024-07-09T17:02:39.596+0000] {dag.py:3834} INFO - Setting next_dagrun for tutorial_dag to None, run_after=None
[2024-07-09T17:02:39.612+0000] {processor.py:183} INFO - Processing /home/airflow/.local/lib/python3.11/site-packages/airflow/example_dags/tutorial_dag.py took 0.055 seconds
[2024-07-09T17:03:09.831+0000] {processor.py:161} INFO - Started process (PID=6496) to work on /home/airflow/.local/lib/python3.11/site-packages/airflow/example_dags/tutorial_dag.py
[2024-07-09T17:03:09.833+0000] {processor.py:830} INFO - Processing file /home/airflow/.local/lib/python3.11/site-packages/airflow/example_dags/tutorial_dag.py for tasks to queue
[2024-07-09T17:03:09.837+0000] {logging_mixin.py:188} INFO - [2024-07-09T17:03:09.834+0000] {dagbag.py:540} INFO - Filling up the DagBag from /home/airflow/.local/lib/python3.11/site-packages/airflow/example_dags/tutorial_dag.py
[2024-07-09T17:03:09.845+0000] {processor.py:840} INFO - DAG(s) 'tutorial_dag' retrieved from /home/airflow/.local/lib/python3.11/site-packages/airflow/example_dags/tutorial_dag.py
[2024-07-09T17:03:09.876+0000] {logging_mixin.py:188} INFO - [2024-07-09T17:03:09.875+0000] {dag.py:3047} INFO - Sync 1 DAGs
[2024-07-09T17:03:09.893+0000] {logging_mixin.py:188} INFO - [2024-07-09T17:03:09.893+0000] {dag.py:3834} INFO - Setting next_dagrun for tutorial_dag to None, run_after=None
[2024-07-09T17:03:09.913+0000] {processor.py:183} INFO - Processing /home/airflow/.local/lib/python3.11/site-packages/airflow/example_dags/tutorial_dag.py took 0.085 seconds
[2024-07-09T17:03:40.747+0000] {processor.py:161} INFO - Started process (PID=6758) to work on /home/airflow/.local/lib/python3.11/site-packages/airflow/example_dags/tutorial_dag.py
[2024-07-09T17:03:40.749+0000] {processor.py:830} INFO - Processing file /home/airflow/.local/lib/python3.11/site-packages/airflow/example_dags/tutorial_dag.py for tasks to queue
[2024-07-09T17:03:40.750+0000] {logging_mixin.py:188} INFO - [2024-07-09T17:03:40.750+0000] {dagbag.py:540} INFO - Filling up the DagBag from /home/airflow/.local/lib/python3.11/site-packages/airflow/example_dags/tutorial_dag.py
[2024-07-09T17:03:40.756+0000] {processor.py:840} INFO - DAG(s) 'tutorial_dag' retrieved from /home/airflow/.local/lib/python3.11/site-packages/airflow/example_dags/tutorial_dag.py
[2024-07-09T17:03:40.776+0000] {logging_mixin.py:188} INFO - [2024-07-09T17:03:40.775+0000] {dag.py:3047} INFO - Sync 1 DAGs
[2024-07-09T17:03:40.785+0000] {logging_mixin.py:188} INFO - [2024-07-09T17:03:40.785+0000] {dag.py:3834} INFO - Setting next_dagrun for tutorial_dag to None, run_after=None
[2024-07-09T17:03:40.801+0000] {processor.py:183} INFO - Processing /home/airflow/.local/lib/python3.11/site-packages/airflow/example_dags/tutorial_dag.py took 0.057 seconds
[2024-07-09T17:04:11.449+0000] {processor.py:161} INFO - Started process (PID=7020) to work on /home/airflow/.local/lib/python3.11/site-packages/airflow/example_dags/tutorial_dag.py
[2024-07-09T17:04:11.451+0000] {processor.py:830} INFO - Processing file /home/airflow/.local/lib/python3.11/site-packages/airflow/example_dags/tutorial_dag.py for tasks to queue
[2024-07-09T17:04:11.452+0000] {logging_mixin.py:188} INFO - [2024-07-09T17:04:11.452+0000] {dagbag.py:540} INFO - Filling up the DagBag from /home/airflow/.local/lib/python3.11/site-packages/airflow/example_dags/tutorial_dag.py
[2024-07-09T17:04:11.461+0000] {processor.py:840} INFO - DAG(s) 'tutorial_dag' retrieved from /home/airflow/.local/lib/python3.11/site-packages/airflow/example_dags/tutorial_dag.py
[2024-07-09T17:04:11.487+0000] {logging_mixin.py:188} INFO - [2024-07-09T17:04:11.486+0000] {dag.py:3047} INFO - Sync 1 DAGs
[2024-07-09T17:04:11.501+0000] {logging_mixin.py:188} INFO - [2024-07-09T17:04:11.501+0000] {dag.py:3834} INFO - Setting next_dagrun for tutorial_dag to None, run_after=None
[2024-07-09T17:04:11.525+0000] {processor.py:183} INFO - Processing /home/airflow/.local/lib/python3.11/site-packages/airflow/example_dags/tutorial_dag.py took 0.080 seconds
[2024-07-09T17:04:41.986+0000] {processor.py:161} INFO - Started process (PID=7282) to work on /home/airflow/.local/lib/python3.11/site-packages/airflow/example_dags/tutorial_dag.py
[2024-07-09T17:04:41.987+0000] {processor.py:830} INFO - Processing file /home/airflow/.local/lib/python3.11/site-packages/airflow/example_dags/tutorial_dag.py for tasks to queue
[2024-07-09T17:04:41.989+0000] {logging_mixin.py:188} INFO - [2024-07-09T17:04:41.988+0000] {dagbag.py:540} INFO - Filling up the DagBag from /home/airflow/.local/lib/python3.11/site-packages/airflow/example_dags/tutorial_dag.py
[2024-07-09T17:04:41.996+0000] {processor.py:840} INFO - DAG(s) 'tutorial_dag' retrieved from /home/airflow/.local/lib/python3.11/site-packages/airflow/example_dags/tutorial_dag.py
[2024-07-09T17:04:42.028+0000] {logging_mixin.py:188} INFO - [2024-07-09T17:04:42.028+0000] {dag.py:3047} INFO - Sync 1 DAGs
[2024-07-09T17:04:42.053+0000] {logging_mixin.py:188} INFO - [2024-07-09T17:04:42.053+0000] {dag.py:3834} INFO - Setting next_dagrun for tutorial_dag to None, run_after=None
[2024-07-09T17:04:42.084+0000] {processor.py:183} INFO - Processing /home/airflow/.local/lib/python3.11/site-packages/airflow/example_dags/tutorial_dag.py took 0.103 seconds
[2024-07-09T17:05:12.245+0000] {processor.py:161} INFO - Started process (PID=7578) to work on /home/airflow/.local/lib/python3.11/site-packages/airflow/example_dags/tutorial_dag.py
[2024-07-09T17:05:12.246+0000] {processor.py:830} INFO - Processing file /home/airflow/.local/lib/python3.11/site-packages/airflow/example_dags/tutorial_dag.py for tasks to queue
[2024-07-09T17:05:12.247+0000] {logging_mixin.py:188} INFO - [2024-07-09T17:05:12.246+0000] {dagbag.py:540} INFO - Filling up the DagBag from /home/airflow/.local/lib/python3.11/site-packages/airflow/example_dags/tutorial_dag.py
[2024-07-09T17:05:12.252+0000] {processor.py:840} INFO - DAG(s) 'tutorial_dag' retrieved from /home/airflow/.local/lib/python3.11/site-packages/airflow/example_dags/tutorial_dag.py
[2024-07-09T17:05:12.274+0000] {logging_mixin.py:188} INFO - [2024-07-09T17:05:12.274+0000] {dag.py:3047} INFO - Sync 1 DAGs
[2024-07-09T17:05:12.285+0000] {logging_mixin.py:188} INFO - [2024-07-09T17:05:12.285+0000] {dag.py:3834} INFO - Setting next_dagrun for tutorial_dag to None, run_after=None
[2024-07-09T17:05:12.302+0000] {processor.py:183} INFO - Processing /home/airflow/.local/lib/python3.11/site-packages/airflow/example_dags/tutorial_dag.py took 0.060 seconds
[2024-07-09T17:05:42.939+0000] {processor.py:161} INFO - Started process (PID=7840) to work on /home/airflow/.local/lib/python3.11/site-packages/airflow/example_dags/tutorial_dag.py
[2024-07-09T17:05:42.940+0000] {processor.py:830} INFO - Processing file /home/airflow/.local/lib/python3.11/site-packages/airflow/example_dags/tutorial_dag.py for tasks to queue
[2024-07-09T17:05:42.941+0000] {logging_mixin.py:188} INFO - [2024-07-09T17:05:42.941+0000] {dagbag.py:540} INFO - Filling up the DagBag from /home/airflow/.local/lib/python3.11/site-packages/airflow/example_dags/tutorial_dag.py
[2024-07-09T17:05:42.950+0000] {processor.py:840} INFO - DAG(s) 'tutorial_dag' retrieved from /home/airflow/.local/lib/python3.11/site-packages/airflow/example_dags/tutorial_dag.py
[2024-07-09T17:05:42.972+0000] {logging_mixin.py:188} INFO - [2024-07-09T17:05:42.971+0000] {dag.py:3047} INFO - Sync 1 DAGs
[2024-07-09T17:05:42.983+0000] {logging_mixin.py:188} INFO - [2024-07-09T17:05:42.982+0000] {dag.py:3834} INFO - Setting next_dagrun for tutorial_dag to None, run_after=None
[2024-07-09T17:05:43.002+0000] {processor.py:183} INFO - Processing /home/airflow/.local/lib/python3.11/site-packages/airflow/example_dags/tutorial_dag.py took 0.068 seconds
[2024-07-09T17:06:13.679+0000] {processor.py:161} INFO - Started process (PID=8100) to work on /home/airflow/.local/lib/python3.11/site-packages/airflow/example_dags/tutorial_dag.py
[2024-07-09T17:06:13.680+0000] {processor.py:830} INFO - Processing file /home/airflow/.local/lib/python3.11/site-packages/airflow/example_dags/tutorial_dag.py for tasks to queue
[2024-07-09T17:06:13.681+0000] {logging_mixin.py:188} INFO - [2024-07-09T17:06:13.680+0000] {dagbag.py:540} INFO - Filling up the DagBag from /home/airflow/.local/lib/python3.11/site-packages/airflow/example_dags/tutorial_dag.py
[2024-07-09T17:06:13.686+0000] {processor.py:840} INFO - DAG(s) 'tutorial_dag' retrieved from /home/airflow/.local/lib/python3.11/site-packages/airflow/example_dags/tutorial_dag.py
[2024-07-09T17:06:13.710+0000] {logging_mixin.py:188} INFO - [2024-07-09T17:06:13.710+0000] {dag.py:3047} INFO - Sync 1 DAGs
[2024-07-09T17:06:13.724+0000] {logging_mixin.py:188} INFO - [2024-07-09T17:06:13.723+0000] {dag.py:3834} INFO - Setting next_dagrun for tutorial_dag to None, run_after=None
[2024-07-09T17:06:13.760+0000] {processor.py:183} INFO - Processing /home/airflow/.local/lib/python3.11/site-packages/airflow/example_dags/tutorial_dag.py took 0.084 seconds
[2024-07-09T17:06:43.949+0000] {processor.py:161} INFO - Started process (PID=8362) to work on /home/airflow/.local/lib/python3.11/site-packages/airflow/example_dags/tutorial_dag.py
[2024-07-09T17:06:43.950+0000] {processor.py:830} INFO - Processing file /home/airflow/.local/lib/python3.11/site-packages/airflow/example_dags/tutorial_dag.py for tasks to queue
[2024-07-09T17:06:43.951+0000] {logging_mixin.py:188} INFO - [2024-07-09T17:06:43.951+0000] {dagbag.py:540} INFO - Filling up the DagBag from /home/airflow/.local/lib/python3.11/site-packages/airflow/example_dags/tutorial_dag.py
[2024-07-09T17:06:43.958+0000] {processor.py:840} INFO - DAG(s) 'tutorial_dag' retrieved from /home/airflow/.local/lib/python3.11/site-packages/airflow/example_dags/tutorial_dag.py
[2024-07-09T17:06:43.979+0000] {logging_mixin.py:188} INFO - [2024-07-09T17:06:43.979+0000] {dag.py:3047} INFO - Sync 1 DAGs
[2024-07-09T17:06:43.992+0000] {logging_mixin.py:188} INFO - [2024-07-09T17:06:43.992+0000] {dag.py:3834} INFO - Setting next_dagrun for tutorial_dag to None, run_after=None
[2024-07-09T17:06:44.012+0000] {processor.py:183} INFO - Processing /home/airflow/.local/lib/python3.11/site-packages/airflow/example_dags/tutorial_dag.py took 0.066 seconds
