[2024-07-09T16:51:03.126+0000] {processor.py:161} INFO - Started process (PID=355) to work on /home/airflow/.local/lib/python3.11/site-packages/airflow/example_dags/tutorial_taskflow_api.py
[2024-07-09T16:51:03.127+0000] {processor.py:830} INFO - Processing file /home/airflow/.local/lib/python3.11/site-packages/airflow/example_dags/tutorial_taskflow_api.py for tasks to queue
[2024-07-09T16:51:03.129+0000] {logging_mixin.py:188} INFO - [2024-07-09T16:51:03.128+0000] {dagbag.py:540} INFO - Filling up the DagBag from /home/airflow/.local/lib/python3.11/site-packages/airflow/example_dags/tutorial_taskflow_api.py
[2024-07-09T16:51:03.139+0000] {processor.py:840} INFO - DAG(s) 'tutorial_taskflow_api' retrieved from /home/airflow/.local/lib/python3.11/site-packages/airflow/example_dags/tutorial_taskflow_api.py
[2024-07-09T16:51:03.278+0000] {logging_mixin.py:188} INFO - [2024-07-09T16:51:03.278+0000] {override.py:1769} INFO - Created Permission View: can delete on DAG:tutorial_taskflow_api
[2024-07-09T16:51:03.292+0000] {logging_mixin.py:188} INFO - [2024-07-09T16:51:03.291+0000] {override.py:1769} INFO - Created Permission View: can edit on DAG:tutorial_taskflow_api
[2024-07-09T16:51:03.300+0000] {logging_mixin.py:188} INFO - [2024-07-09T16:51:03.299+0000] {override.py:1769} INFO - Created Permission View: can read on DAG:tutorial_taskflow_api
[2024-07-09T16:51:03.300+0000] {logging_mixin.py:188} INFO - [2024-07-09T16:51:03.300+0000] {dag.py:3047} INFO - Sync 1 DAGs
[2024-07-09T16:51:03.311+0000] {logging_mixin.py:188} INFO - [2024-07-09T16:51:03.311+0000] {dag.py:3069} INFO - Creating ORM DAG for tutorial_taskflow_api
[2024-07-09T16:51:03.312+0000] {logging_mixin.py:188} INFO - [2024-07-09T16:51:03.312+0000] {dag.py:3834} INFO - Setting next_dagrun for tutorial_taskflow_api to None, run_after=None
[2024-07-09T16:51:03.331+0000] {processor.py:183} INFO - Processing /home/airflow/.local/lib/python3.11/site-packages/airflow/example_dags/tutorial_taskflow_api.py took 0.209 seconds
[2024-07-09T16:51:34.246+0000] {processor.py:161} INFO - Started process (PID=619) to work on /home/airflow/.local/lib/python3.11/site-packages/airflow/example_dags/tutorial_taskflow_api.py
[2024-07-09T16:51:34.247+0000] {processor.py:830} INFO - Processing file /home/airflow/.local/lib/python3.11/site-packages/airflow/example_dags/tutorial_taskflow_api.py for tasks to queue
[2024-07-09T16:51:34.248+0000] {logging_mixin.py:188} INFO - [2024-07-09T16:51:34.248+0000] {dagbag.py:540} INFO - Filling up the DagBag from /home/airflow/.local/lib/python3.11/site-packages/airflow/example_dags/tutorial_taskflow_api.py
[2024-07-09T16:51:34.255+0000] {processor.py:840} INFO - DAG(s) 'tutorial_taskflow_api' retrieved from /home/airflow/.local/lib/python3.11/site-packages/airflow/example_dags/tutorial_taskflow_api.py
[2024-07-09T16:51:34.276+0000] {logging_mixin.py:188} INFO - [2024-07-09T16:51:34.275+0000] {dag.py:3047} INFO - Sync 1 DAGs
[2024-07-09T16:51:34.287+0000] {logging_mixin.py:188} INFO - [2024-07-09T16:51:34.286+0000] {dag.py:3834} INFO - Setting next_dagrun for tutorial_taskflow_api to None, run_after=None
[2024-07-09T16:51:34.322+0000] {processor.py:183} INFO - Processing /home/airflow/.local/lib/python3.11/site-packages/airflow/example_dags/tutorial_taskflow_api.py took 0.079 seconds
[2024-07-09T16:52:04.438+0000] {processor.py:161} INFO - Started process (PID=881) to work on /home/airflow/.local/lib/python3.11/site-packages/airflow/example_dags/tutorial_taskflow_api.py
[2024-07-09T16:52:04.440+0000] {processor.py:830} INFO - Processing file /home/airflow/.local/lib/python3.11/site-packages/airflow/example_dags/tutorial_taskflow_api.py for tasks to queue
[2024-07-09T16:52:04.441+0000] {logging_mixin.py:188} INFO - [2024-07-09T16:52:04.440+0000] {dagbag.py:540} INFO - Filling up the DagBag from /home/airflow/.local/lib/python3.11/site-packages/airflow/example_dags/tutorial_taskflow_api.py
[2024-07-09T16:52:04.448+0000] {processor.py:840} INFO - DAG(s) 'tutorial_taskflow_api' retrieved from /home/airflow/.local/lib/python3.11/site-packages/airflow/example_dags/tutorial_taskflow_api.py
[2024-07-09T16:52:04.469+0000] {logging_mixin.py:188} INFO - [2024-07-09T16:52:04.469+0000] {dag.py:3047} INFO - Sync 1 DAGs
[2024-07-09T16:52:04.482+0000] {logging_mixin.py:188} INFO - [2024-07-09T16:52:04.482+0000] {dag.py:3834} INFO - Setting next_dagrun for tutorial_taskflow_api to None, run_after=None
[2024-07-09T16:52:04.513+0000] {processor.py:183} INFO - Processing /home/airflow/.local/lib/python3.11/site-packages/airflow/example_dags/tutorial_taskflow_api.py took 0.077 seconds
[2024-07-09T16:52:34.992+0000] {processor.py:161} INFO - Started process (PID=1143) to work on /home/airflow/.local/lib/python3.11/site-packages/airflow/example_dags/tutorial_taskflow_api.py
[2024-07-09T16:52:34.994+0000] {processor.py:830} INFO - Processing file /home/airflow/.local/lib/python3.11/site-packages/airflow/example_dags/tutorial_taskflow_api.py for tasks to queue
[2024-07-09T16:52:34.994+0000] {logging_mixin.py:188} INFO - [2024-07-09T16:52:34.994+0000] {dagbag.py:540} INFO - Filling up the DagBag from /home/airflow/.local/lib/python3.11/site-packages/airflow/example_dags/tutorial_taskflow_api.py
[2024-07-09T16:52:35.001+0000] {processor.py:840} INFO - DAG(s) 'tutorial_taskflow_api' retrieved from /home/airflow/.local/lib/python3.11/site-packages/airflow/example_dags/tutorial_taskflow_api.py
[2024-07-09T16:52:35.022+0000] {logging_mixin.py:188} INFO - [2024-07-09T16:52:35.022+0000] {dag.py:3047} INFO - Sync 1 DAGs
[2024-07-09T16:52:35.041+0000] {logging_mixin.py:188} INFO - [2024-07-09T16:52:35.041+0000] {dag.py:3834} INFO - Setting next_dagrun for tutorial_taskflow_api to None, run_after=None
[2024-07-09T16:52:35.083+0000] {processor.py:183} INFO - Processing /home/airflow/.local/lib/python3.11/site-packages/airflow/example_dags/tutorial_taskflow_api.py took 0.094 seconds
[2024-07-09T16:53:05.130+0000] {processor.py:161} INFO - Started process (PID=1405) to work on /home/airflow/.local/lib/python3.11/site-packages/airflow/example_dags/tutorial_taskflow_api.py
[2024-07-09T16:53:05.131+0000] {processor.py:830} INFO - Processing file /home/airflow/.local/lib/python3.11/site-packages/airflow/example_dags/tutorial_taskflow_api.py for tasks to queue
[2024-07-09T16:53:05.132+0000] {logging_mixin.py:188} INFO - [2024-07-09T16:53:05.132+0000] {dagbag.py:540} INFO - Filling up the DagBag from /home/airflow/.local/lib/python3.11/site-packages/airflow/example_dags/tutorial_taskflow_api.py
[2024-07-09T16:53:05.140+0000] {processor.py:840} INFO - DAG(s) 'tutorial_taskflow_api' retrieved from /home/airflow/.local/lib/python3.11/site-packages/airflow/example_dags/tutorial_taskflow_api.py
[2024-07-09T16:53:05.168+0000] {logging_mixin.py:188} INFO - [2024-07-09T16:53:05.168+0000] {dag.py:3047} INFO - Sync 1 DAGs
[2024-07-09T16:53:05.315+0000] {logging_mixin.py:188} INFO - [2024-07-09T16:53:05.315+0000] {dag.py:3834} INFO - Setting next_dagrun for tutorial_taskflow_api to None, run_after=None
[2024-07-09T16:53:05.360+0000] {processor.py:183} INFO - Processing /home/airflow/.local/lib/python3.11/site-packages/airflow/example_dags/tutorial_taskflow_api.py took 0.232 seconds
[2024-07-09T16:53:35.943+0000] {processor.py:161} INFO - Started process (PID=1665) to work on /home/airflow/.local/lib/python3.11/site-packages/airflow/example_dags/tutorial_taskflow_api.py
[2024-07-09T16:53:35.944+0000] {processor.py:830} INFO - Processing file /home/airflow/.local/lib/python3.11/site-packages/airflow/example_dags/tutorial_taskflow_api.py for tasks to queue
[2024-07-09T16:53:35.945+0000] {logging_mixin.py:188} INFO - [2024-07-09T16:53:35.945+0000] {dagbag.py:540} INFO - Filling up the DagBag from /home/airflow/.local/lib/python3.11/site-packages/airflow/example_dags/tutorial_taskflow_api.py
[2024-07-09T16:53:35.951+0000] {processor.py:840} INFO - DAG(s) 'tutorial_taskflow_api' retrieved from /home/airflow/.local/lib/python3.11/site-packages/airflow/example_dags/tutorial_taskflow_api.py
[2024-07-09T16:53:35.973+0000] {logging_mixin.py:188} INFO - [2024-07-09T16:53:35.972+0000] {dag.py:3047} INFO - Sync 1 DAGs
[2024-07-09T16:53:35.983+0000] {logging_mixin.py:188} INFO - [2024-07-09T16:53:35.982+0000] {dag.py:3834} INFO - Setting next_dagrun for tutorial_taskflow_api to None, run_after=None
[2024-07-09T16:53:36.001+0000] {processor.py:183} INFO - Processing /home/airflow/.local/lib/python3.11/site-packages/airflow/example_dags/tutorial_taskflow_api.py took 0.061 seconds
[2024-07-09T16:54:06.931+0000] {processor.py:161} INFO - Started process (PID=1927) to work on /home/airflow/.local/lib/python3.11/site-packages/airflow/example_dags/tutorial_taskflow_api.py
[2024-07-09T16:54:06.932+0000] {processor.py:830} INFO - Processing file /home/airflow/.local/lib/python3.11/site-packages/airflow/example_dags/tutorial_taskflow_api.py for tasks to queue
[2024-07-09T16:54:06.933+0000] {logging_mixin.py:188} INFO - [2024-07-09T16:54:06.933+0000] {dagbag.py:540} INFO - Filling up the DagBag from /home/airflow/.local/lib/python3.11/site-packages/airflow/example_dags/tutorial_taskflow_api.py
[2024-07-09T16:54:06.940+0000] {processor.py:840} INFO - DAG(s) 'tutorial_taskflow_api' retrieved from /home/airflow/.local/lib/python3.11/site-packages/airflow/example_dags/tutorial_taskflow_api.py
[2024-07-09T16:54:06.959+0000] {logging_mixin.py:188} INFO - [2024-07-09T16:54:06.959+0000] {dag.py:3047} INFO - Sync 1 DAGs
[2024-07-09T16:54:06.969+0000] {logging_mixin.py:188} INFO - [2024-07-09T16:54:06.969+0000] {dag.py:3834} INFO - Setting next_dagrun for tutorial_taskflow_api to None, run_after=None
[2024-07-09T16:54:07.007+0000] {processor.py:183} INFO - Processing /home/airflow/.local/lib/python3.11/site-packages/airflow/example_dags/tutorial_taskflow_api.py took 0.080 seconds
[2024-07-09T16:54:37.360+0000] {processor.py:161} INFO - Started process (PID=2189) to work on /home/airflow/.local/lib/python3.11/site-packages/airflow/example_dags/tutorial_taskflow_api.py
[2024-07-09T16:54:37.361+0000] {processor.py:830} INFO - Processing file /home/airflow/.local/lib/python3.11/site-packages/airflow/example_dags/tutorial_taskflow_api.py for tasks to queue
[2024-07-09T16:54:37.362+0000] {logging_mixin.py:188} INFO - [2024-07-09T16:54:37.362+0000] {dagbag.py:540} INFO - Filling up the DagBag from /home/airflow/.local/lib/python3.11/site-packages/airflow/example_dags/tutorial_taskflow_api.py
[2024-07-09T16:54:37.370+0000] {processor.py:840} INFO - DAG(s) 'tutorial_taskflow_api' retrieved from /home/airflow/.local/lib/python3.11/site-packages/airflow/example_dags/tutorial_taskflow_api.py
[2024-07-09T16:54:37.393+0000] {logging_mixin.py:188} INFO - [2024-07-09T16:54:37.393+0000] {dag.py:3047} INFO - Sync 1 DAGs
[2024-07-09T16:54:37.409+0000] {logging_mixin.py:188} INFO - [2024-07-09T16:54:37.408+0000] {dag.py:3834} INFO - Setting next_dagrun for tutorial_taskflow_api to None, run_after=None
[2024-07-09T16:54:37.428+0000] {processor.py:183} INFO - Processing /home/airflow/.local/lib/python3.11/site-packages/airflow/example_dags/tutorial_taskflow_api.py took 0.071 seconds
[2024-07-09T16:55:07.725+0000] {processor.py:161} INFO - Started process (PID=2451) to work on /home/airflow/.local/lib/python3.11/site-packages/airflow/example_dags/tutorial_taskflow_api.py
[2024-07-09T16:55:07.726+0000] {processor.py:830} INFO - Processing file /home/airflow/.local/lib/python3.11/site-packages/airflow/example_dags/tutorial_taskflow_api.py for tasks to queue
[2024-07-09T16:55:07.727+0000] {logging_mixin.py:188} INFO - [2024-07-09T16:55:07.727+0000] {dagbag.py:540} INFO - Filling up the DagBag from /home/airflow/.local/lib/python3.11/site-packages/airflow/example_dags/tutorial_taskflow_api.py
[2024-07-09T16:55:07.733+0000] {processor.py:840} INFO - DAG(s) 'tutorial_taskflow_api' retrieved from /home/airflow/.local/lib/python3.11/site-packages/airflow/example_dags/tutorial_taskflow_api.py
[2024-07-09T16:55:07.752+0000] {logging_mixin.py:188} INFO - [2024-07-09T16:55:07.752+0000] {dag.py:3047} INFO - Sync 1 DAGs
[2024-07-09T16:55:07.763+0000] {logging_mixin.py:188} INFO - [2024-07-09T16:55:07.763+0000] {dag.py:3834} INFO - Setting next_dagrun for tutorial_taskflow_api to None, run_after=None
[2024-07-09T16:55:07.779+0000] {processor.py:183} INFO - Processing /home/airflow/.local/lib/python3.11/site-packages/airflow/example_dags/tutorial_taskflow_api.py took 0.057 seconds
[2024-07-09T16:55:38.274+0000] {processor.py:161} INFO - Started process (PID=2713) to work on /home/airflow/.local/lib/python3.11/site-packages/airflow/example_dags/tutorial_taskflow_api.py
[2024-07-09T16:55:38.275+0000] {processor.py:830} INFO - Processing file /home/airflow/.local/lib/python3.11/site-packages/airflow/example_dags/tutorial_taskflow_api.py for tasks to queue
[2024-07-09T16:55:38.276+0000] {logging_mixin.py:188} INFO - [2024-07-09T16:55:38.276+0000] {dagbag.py:540} INFO - Filling up the DagBag from /home/airflow/.local/lib/python3.11/site-packages/airflow/example_dags/tutorial_taskflow_api.py
[2024-07-09T16:55:38.282+0000] {processor.py:840} INFO - DAG(s) 'tutorial_taskflow_api' retrieved from /home/airflow/.local/lib/python3.11/site-packages/airflow/example_dags/tutorial_taskflow_api.py
[2024-07-09T16:55:38.304+0000] {logging_mixin.py:188} INFO - [2024-07-09T16:55:38.303+0000] {dag.py:3047} INFO - Sync 1 DAGs
[2024-07-09T16:55:38.313+0000] {logging_mixin.py:188} INFO - [2024-07-09T16:55:38.313+0000] {dag.py:3834} INFO - Setting next_dagrun for tutorial_taskflow_api to None, run_after=None
[2024-07-09T16:55:38.333+0000] {processor.py:183} INFO - Processing /home/airflow/.local/lib/python3.11/site-packages/airflow/example_dags/tutorial_taskflow_api.py took 0.061 seconds
[2024-07-09T16:56:08.501+0000] {processor.py:161} INFO - Started process (PID=2977) to work on /home/airflow/.local/lib/python3.11/site-packages/airflow/example_dags/tutorial_taskflow_api.py
[2024-07-09T16:56:08.502+0000] {processor.py:830} INFO - Processing file /home/airflow/.local/lib/python3.11/site-packages/airflow/example_dags/tutorial_taskflow_api.py for tasks to queue
[2024-07-09T16:56:08.503+0000] {logging_mixin.py:188} INFO - [2024-07-09T16:56:08.503+0000] {dagbag.py:540} INFO - Filling up the DagBag from /home/airflow/.local/lib/python3.11/site-packages/airflow/example_dags/tutorial_taskflow_api.py
[2024-07-09T16:56:08.510+0000] {processor.py:840} INFO - DAG(s) 'tutorial_taskflow_api' retrieved from /home/airflow/.local/lib/python3.11/site-packages/airflow/example_dags/tutorial_taskflow_api.py
[2024-07-09T16:56:08.531+0000] {logging_mixin.py:188} INFO - [2024-07-09T16:56:08.531+0000] {dag.py:3047} INFO - Sync 1 DAGs
[2024-07-09T16:56:08.544+0000] {logging_mixin.py:188} INFO - [2024-07-09T16:56:08.544+0000] {dag.py:3834} INFO - Setting next_dagrun for tutorial_taskflow_api to None, run_after=None
[2024-07-09T16:56:08.559+0000] {processor.py:183} INFO - Processing /home/airflow/.local/lib/python3.11/site-packages/airflow/example_dags/tutorial_taskflow_api.py took 0.061 seconds
[2024-07-09T16:56:38.961+0000] {processor.py:161} INFO - Started process (PID=3237) to work on /home/airflow/.local/lib/python3.11/site-packages/airflow/example_dags/tutorial_taskflow_api.py
[2024-07-09T16:56:38.962+0000] {processor.py:830} INFO - Processing file /home/airflow/.local/lib/python3.11/site-packages/airflow/example_dags/tutorial_taskflow_api.py for tasks to queue
[2024-07-09T16:56:38.964+0000] {logging_mixin.py:188} INFO - [2024-07-09T16:56:38.963+0000] {dagbag.py:540} INFO - Filling up the DagBag from /home/airflow/.local/lib/python3.11/site-packages/airflow/example_dags/tutorial_taskflow_api.py
[2024-07-09T16:56:38.971+0000] {processor.py:840} INFO - DAG(s) 'tutorial_taskflow_api' retrieved from /home/airflow/.local/lib/python3.11/site-packages/airflow/example_dags/tutorial_taskflow_api.py
[2024-07-09T16:56:38.995+0000] {logging_mixin.py:188} INFO - [2024-07-09T16:56:38.995+0000] {dag.py:3047} INFO - Sync 1 DAGs
[2024-07-09T16:56:39.007+0000] {logging_mixin.py:188} INFO - [2024-07-09T16:56:39.007+0000] {dag.py:3834} INFO - Setting next_dagrun for tutorial_taskflow_api to None, run_after=None
[2024-07-09T16:56:39.029+0000] {processor.py:183} INFO - Processing /home/airflow/.local/lib/python3.11/site-packages/airflow/example_dags/tutorial_taskflow_api.py took 0.071 seconds
[2024-07-09T16:57:09.866+0000] {processor.py:161} INFO - Started process (PID=3501) to work on /home/airflow/.local/lib/python3.11/site-packages/airflow/example_dags/tutorial_taskflow_api.py
[2024-07-09T16:57:09.867+0000] {processor.py:830} INFO - Processing file /home/airflow/.local/lib/python3.11/site-packages/airflow/example_dags/tutorial_taskflow_api.py for tasks to queue
[2024-07-09T16:57:09.868+0000] {logging_mixin.py:188} INFO - [2024-07-09T16:57:09.868+0000] {dagbag.py:540} INFO - Filling up the DagBag from /home/airflow/.local/lib/python3.11/site-packages/airflow/example_dags/tutorial_taskflow_api.py
[2024-07-09T16:57:09.874+0000] {processor.py:840} INFO - DAG(s) 'tutorial_taskflow_api' retrieved from /home/airflow/.local/lib/python3.11/site-packages/airflow/example_dags/tutorial_taskflow_api.py
[2024-07-09T16:57:09.892+0000] {logging_mixin.py:188} INFO - [2024-07-09T16:57:09.892+0000] {dag.py:3047} INFO - Sync 1 DAGs
[2024-07-09T16:57:09.902+0000] {logging_mixin.py:188} INFO - [2024-07-09T16:57:09.901+0000] {dag.py:3834} INFO - Setting next_dagrun for tutorial_taskflow_api to None, run_after=None
[2024-07-09T16:57:09.922+0000] {processor.py:183} INFO - Processing /home/airflow/.local/lib/python3.11/site-packages/airflow/example_dags/tutorial_taskflow_api.py took 0.059 seconds
[2024-07-09T16:57:40.801+0000] {processor.py:161} INFO - Started process (PID=3752) to work on /home/airflow/.local/lib/python3.11/site-packages/airflow/example_dags/tutorial_taskflow_api.py
[2024-07-09T16:57:40.802+0000] {processor.py:830} INFO - Processing file /home/airflow/.local/lib/python3.11/site-packages/airflow/example_dags/tutorial_taskflow_api.py for tasks to queue
[2024-07-09T16:57:40.804+0000] {logging_mixin.py:188} INFO - [2024-07-09T16:57:40.803+0000] {dagbag.py:540} INFO - Filling up the DagBag from /home/airflow/.local/lib/python3.11/site-packages/airflow/example_dags/tutorial_taskflow_api.py
[2024-07-09T16:57:40.810+0000] {processor.py:840} INFO - DAG(s) 'tutorial_taskflow_api' retrieved from /home/airflow/.local/lib/python3.11/site-packages/airflow/example_dags/tutorial_taskflow_api.py
[2024-07-09T16:57:40.832+0000] {logging_mixin.py:188} INFO - [2024-07-09T16:57:40.832+0000] {dag.py:3047} INFO - Sync 1 DAGs
[2024-07-09T16:57:40.843+0000] {logging_mixin.py:188} INFO - [2024-07-09T16:57:40.843+0000] {dag.py:3834} INFO - Setting next_dagrun for tutorial_taskflow_api to None, run_after=None
[2024-07-09T16:57:40.861+0000] {processor.py:183} INFO - Processing /home/airflow/.local/lib/python3.11/site-packages/airflow/example_dags/tutorial_taskflow_api.py took 0.063 seconds
[2024-07-09T16:58:11.201+0000] {processor.py:161} INFO - Started process (PID=4009) to work on /home/airflow/.local/lib/python3.11/site-packages/airflow/example_dags/tutorial_taskflow_api.py
[2024-07-09T16:58:11.202+0000] {processor.py:830} INFO - Processing file /home/airflow/.local/lib/python3.11/site-packages/airflow/example_dags/tutorial_taskflow_api.py for tasks to queue
[2024-07-09T16:58:11.203+0000] {logging_mixin.py:188} INFO - [2024-07-09T16:58:11.203+0000] {dagbag.py:540} INFO - Filling up the DagBag from /home/airflow/.local/lib/python3.11/site-packages/airflow/example_dags/tutorial_taskflow_api.py
[2024-07-09T16:58:11.211+0000] {processor.py:840} INFO - DAG(s) 'tutorial_taskflow_api' retrieved from /home/airflow/.local/lib/python3.11/site-packages/airflow/example_dags/tutorial_taskflow_api.py
[2024-07-09T16:58:11.230+0000] {logging_mixin.py:188} INFO - [2024-07-09T16:58:11.230+0000] {dag.py:3047} INFO - Sync 1 DAGs
[2024-07-09T16:58:11.240+0000] {logging_mixin.py:188} INFO - [2024-07-09T16:58:11.240+0000] {dag.py:3834} INFO - Setting next_dagrun for tutorial_taskflow_api to None, run_after=None
[2024-07-09T16:58:11.257+0000] {processor.py:183} INFO - Processing /home/airflow/.local/lib/python3.11/site-packages/airflow/example_dags/tutorial_taskflow_api.py took 0.059 seconds
[2024-07-09T16:58:41.656+0000] {processor.py:161} INFO - Started process (PID=4271) to work on /home/airflow/.local/lib/python3.11/site-packages/airflow/example_dags/tutorial_taskflow_api.py
[2024-07-09T16:58:41.657+0000] {processor.py:830} INFO - Processing file /home/airflow/.local/lib/python3.11/site-packages/airflow/example_dags/tutorial_taskflow_api.py for tasks to queue
[2024-07-09T16:58:41.658+0000] {logging_mixin.py:188} INFO - [2024-07-09T16:58:41.658+0000] {dagbag.py:540} INFO - Filling up the DagBag from /home/airflow/.local/lib/python3.11/site-packages/airflow/example_dags/tutorial_taskflow_api.py
[2024-07-09T16:58:41.664+0000] {processor.py:840} INFO - DAG(s) 'tutorial_taskflow_api' retrieved from /home/airflow/.local/lib/python3.11/site-packages/airflow/example_dags/tutorial_taskflow_api.py
[2024-07-09T16:58:41.686+0000] {logging_mixin.py:188} INFO - [2024-07-09T16:58:41.686+0000] {dag.py:3047} INFO - Sync 1 DAGs
[2024-07-09T16:58:41.698+0000] {logging_mixin.py:188} INFO - [2024-07-09T16:58:41.698+0000] {dag.py:3834} INFO - Setting next_dagrun for tutorial_taskflow_api to None, run_after=None
[2024-07-09T16:58:41.714+0000] {processor.py:183} INFO - Processing /home/airflow/.local/lib/python3.11/site-packages/airflow/example_dags/tutorial_taskflow_api.py took 0.062 seconds
[2024-07-09T16:59:12.657+0000] {processor.py:161} INFO - Started process (PID=4535) to work on /home/airflow/.local/lib/python3.11/site-packages/airflow/example_dags/tutorial_taskflow_api.py
[2024-07-09T16:59:12.658+0000] {processor.py:830} INFO - Processing file /home/airflow/.local/lib/python3.11/site-packages/airflow/example_dags/tutorial_taskflow_api.py for tasks to queue
[2024-07-09T16:59:12.659+0000] {logging_mixin.py:188} INFO - [2024-07-09T16:59:12.659+0000] {dagbag.py:540} INFO - Filling up the DagBag from /home/airflow/.local/lib/python3.11/site-packages/airflow/example_dags/tutorial_taskflow_api.py
[2024-07-09T16:59:12.666+0000] {processor.py:840} INFO - DAG(s) 'tutorial_taskflow_api' retrieved from /home/airflow/.local/lib/python3.11/site-packages/airflow/example_dags/tutorial_taskflow_api.py
[2024-07-09T16:59:12.685+0000] {logging_mixin.py:188} INFO - [2024-07-09T16:59:12.685+0000] {dag.py:3047} INFO - Sync 1 DAGs
[2024-07-09T16:59:12.695+0000] {logging_mixin.py:188} INFO - [2024-07-09T16:59:12.695+0000] {dag.py:3834} INFO - Setting next_dagrun for tutorial_taskflow_api to None, run_after=None
[2024-07-09T16:59:12.714+0000] {processor.py:183} INFO - Processing /home/airflow/.local/lib/python3.11/site-packages/airflow/example_dags/tutorial_taskflow_api.py took 0.060 seconds
[2024-07-09T16:59:42.899+0000] {processor.py:161} INFO - Started process (PID=4795) to work on /home/airflow/.local/lib/python3.11/site-packages/airflow/example_dags/tutorial_taskflow_api.py
[2024-07-09T16:59:42.900+0000] {processor.py:830} INFO - Processing file /home/airflow/.local/lib/python3.11/site-packages/airflow/example_dags/tutorial_taskflow_api.py for tasks to queue
[2024-07-09T16:59:42.901+0000] {logging_mixin.py:188} INFO - [2024-07-09T16:59:42.901+0000] {dagbag.py:540} INFO - Filling up the DagBag from /home/airflow/.local/lib/python3.11/site-packages/airflow/example_dags/tutorial_taskflow_api.py
[2024-07-09T16:59:42.908+0000] {processor.py:840} INFO - DAG(s) 'tutorial_taskflow_api' retrieved from /home/airflow/.local/lib/python3.11/site-packages/airflow/example_dags/tutorial_taskflow_api.py
[2024-07-09T16:59:42.933+0000] {logging_mixin.py:188} INFO - [2024-07-09T16:59:42.933+0000] {dag.py:3047} INFO - Sync 1 DAGs
[2024-07-09T16:59:42.947+0000] {logging_mixin.py:188} INFO - [2024-07-09T16:59:42.946+0000] {dag.py:3834} INFO - Setting next_dagrun for tutorial_taskflow_api to None, run_after=None
[2024-07-09T16:59:42.966+0000] {processor.py:183} INFO - Processing /home/airflow/.local/lib/python3.11/site-packages/airflow/example_dags/tutorial_taskflow_api.py took 0.071 seconds
[2024-07-09T17:00:13.409+0000] {processor.py:161} INFO - Started process (PID=5059) to work on /home/airflow/.local/lib/python3.11/site-packages/airflow/example_dags/tutorial_taskflow_api.py
[2024-07-09T17:00:13.410+0000] {processor.py:830} INFO - Processing file /home/airflow/.local/lib/python3.11/site-packages/airflow/example_dags/tutorial_taskflow_api.py for tasks to queue
[2024-07-09T17:00:13.411+0000] {logging_mixin.py:188} INFO - [2024-07-09T17:00:13.411+0000] {dagbag.py:540} INFO - Filling up the DagBag from /home/airflow/.local/lib/python3.11/site-packages/airflow/example_dags/tutorial_taskflow_api.py
[2024-07-09T17:00:13.417+0000] {processor.py:840} INFO - DAG(s) 'tutorial_taskflow_api' retrieved from /home/airflow/.local/lib/python3.11/site-packages/airflow/example_dags/tutorial_taskflow_api.py
[2024-07-09T17:00:13.435+0000] {logging_mixin.py:188} INFO - [2024-07-09T17:00:13.435+0000] {dag.py:3047} INFO - Sync 1 DAGs
[2024-07-09T17:00:13.446+0000] {logging_mixin.py:188} INFO - [2024-07-09T17:00:13.445+0000] {dag.py:3834} INFO - Setting next_dagrun for tutorial_taskflow_api to None, run_after=None
[2024-07-09T17:00:13.464+0000] {processor.py:183} INFO - Processing /home/airflow/.local/lib/python3.11/site-packages/airflow/example_dags/tutorial_taskflow_api.py took 0.058 seconds
[2024-07-09T17:00:44.025+0000] {processor.py:161} INFO - Started process (PID=5321) to work on /home/airflow/.local/lib/python3.11/site-packages/airflow/example_dags/tutorial_taskflow_api.py
[2024-07-09T17:00:44.026+0000] {processor.py:830} INFO - Processing file /home/airflow/.local/lib/python3.11/site-packages/airflow/example_dags/tutorial_taskflow_api.py for tasks to queue
[2024-07-09T17:00:44.027+0000] {logging_mixin.py:188} INFO - [2024-07-09T17:00:44.026+0000] {dagbag.py:540} INFO - Filling up the DagBag from /home/airflow/.local/lib/python3.11/site-packages/airflow/example_dags/tutorial_taskflow_api.py
[2024-07-09T17:00:44.032+0000] {processor.py:840} INFO - DAG(s) 'tutorial_taskflow_api' retrieved from /home/airflow/.local/lib/python3.11/site-packages/airflow/example_dags/tutorial_taskflow_api.py
[2024-07-09T17:00:44.055+0000] {logging_mixin.py:188} INFO - [2024-07-09T17:00:44.055+0000] {dag.py:3047} INFO - Sync 1 DAGs
[2024-07-09T17:00:44.065+0000] {logging_mixin.py:188} INFO - [2024-07-09T17:00:44.065+0000] {dag.py:3834} INFO - Setting next_dagrun for tutorial_taskflow_api to None, run_after=None
[2024-07-09T17:00:44.082+0000] {processor.py:183} INFO - Processing /home/airflow/.local/lib/python3.11/site-packages/airflow/example_dags/tutorial_taskflow_api.py took 0.060 seconds
[2024-07-09T17:01:14.218+0000] {processor.py:161} INFO - Started process (PID=5583) to work on /home/airflow/.local/lib/python3.11/site-packages/airflow/example_dags/tutorial_taskflow_api.py
[2024-07-09T17:01:14.219+0000] {processor.py:830} INFO - Processing file /home/airflow/.local/lib/python3.11/site-packages/airflow/example_dags/tutorial_taskflow_api.py for tasks to queue
[2024-07-09T17:01:14.220+0000] {logging_mixin.py:188} INFO - [2024-07-09T17:01:14.220+0000] {dagbag.py:540} INFO - Filling up the DagBag from /home/airflow/.local/lib/python3.11/site-packages/airflow/example_dags/tutorial_taskflow_api.py
[2024-07-09T17:01:14.228+0000] {processor.py:840} INFO - DAG(s) 'tutorial_taskflow_api' retrieved from /home/airflow/.local/lib/python3.11/site-packages/airflow/example_dags/tutorial_taskflow_api.py
[2024-07-09T17:01:14.249+0000] {logging_mixin.py:188} INFO - [2024-07-09T17:01:14.249+0000] {dag.py:3047} INFO - Sync 1 DAGs
[2024-07-09T17:01:14.261+0000] {logging_mixin.py:188} INFO - [2024-07-09T17:01:14.260+0000] {dag.py:3834} INFO - Setting next_dagrun for tutorial_taskflow_api to None, run_after=None
[2024-07-09T17:01:14.280+0000] {processor.py:183} INFO - Processing /home/airflow/.local/lib/python3.11/site-packages/airflow/example_dags/tutorial_taskflow_api.py took 0.067 seconds
[2024-07-09T17:01:44.322+0000] {processor.py:161} INFO - Started process (PID=5845) to work on /home/airflow/.local/lib/python3.11/site-packages/airflow/example_dags/tutorial_taskflow_api.py
[2024-07-09T17:01:44.323+0000] {processor.py:830} INFO - Processing file /home/airflow/.local/lib/python3.11/site-packages/airflow/example_dags/tutorial_taskflow_api.py for tasks to queue
[2024-07-09T17:01:44.325+0000] {logging_mixin.py:188} INFO - [2024-07-09T17:01:44.324+0000] {dagbag.py:540} INFO - Filling up the DagBag from /home/airflow/.local/lib/python3.11/site-packages/airflow/example_dags/tutorial_taskflow_api.py
[2024-07-09T17:01:44.331+0000] {processor.py:840} INFO - DAG(s) 'tutorial_taskflow_api' retrieved from /home/airflow/.local/lib/python3.11/site-packages/airflow/example_dags/tutorial_taskflow_api.py
[2024-07-09T17:01:44.357+0000] {logging_mixin.py:188} INFO - [2024-07-09T17:01:44.357+0000] {dag.py:3047} INFO - Sync 1 DAGs
[2024-07-09T17:01:44.366+0000] {logging_mixin.py:188} INFO - [2024-07-09T17:01:44.366+0000] {dag.py:3834} INFO - Setting next_dagrun for tutorial_taskflow_api to None, run_after=None
[2024-07-09T17:01:44.381+0000] {processor.py:183} INFO - Processing /home/airflow/.local/lib/python3.11/site-packages/airflow/example_dags/tutorial_taskflow_api.py took 0.062 seconds
[2024-07-09T17:02:15.330+0000] {processor.py:161} INFO - Started process (PID=6107) to work on /home/airflow/.local/lib/python3.11/site-packages/airflow/example_dags/tutorial_taskflow_api.py
[2024-07-09T17:02:15.331+0000] {processor.py:830} INFO - Processing file /home/airflow/.local/lib/python3.11/site-packages/airflow/example_dags/tutorial_taskflow_api.py for tasks to queue
[2024-07-09T17:02:15.332+0000] {logging_mixin.py:188} INFO - [2024-07-09T17:02:15.331+0000] {dagbag.py:540} INFO - Filling up the DagBag from /home/airflow/.local/lib/python3.11/site-packages/airflow/example_dags/tutorial_taskflow_api.py
[2024-07-09T17:02:15.338+0000] {processor.py:840} INFO - DAG(s) 'tutorial_taskflow_api' retrieved from /home/airflow/.local/lib/python3.11/site-packages/airflow/example_dags/tutorial_taskflow_api.py
[2024-07-09T17:02:15.362+0000] {logging_mixin.py:188} INFO - [2024-07-09T17:02:15.362+0000] {dag.py:3047} INFO - Sync 1 DAGs
[2024-07-09T17:02:15.374+0000] {logging_mixin.py:188} INFO - [2024-07-09T17:02:15.374+0000] {dag.py:3834} INFO - Setting next_dagrun for tutorial_taskflow_api to None, run_after=None
[2024-07-09T17:02:15.395+0000] {processor.py:183} INFO - Processing /home/airflow/.local/lib/python3.11/site-packages/airflow/example_dags/tutorial_taskflow_api.py took 0.068 seconds
[2024-07-09T17:02:46.028+0000] {processor.py:161} INFO - Started process (PID=6367) to work on /home/airflow/.local/lib/python3.11/site-packages/airflow/example_dags/tutorial_taskflow_api.py
[2024-07-09T17:02:46.029+0000] {processor.py:830} INFO - Processing file /home/airflow/.local/lib/python3.11/site-packages/airflow/example_dags/tutorial_taskflow_api.py for tasks to queue
[2024-07-09T17:02:46.030+0000] {logging_mixin.py:188} INFO - [2024-07-09T17:02:46.030+0000] {dagbag.py:540} INFO - Filling up the DagBag from /home/airflow/.local/lib/python3.11/site-packages/airflow/example_dags/tutorial_taskflow_api.py
[2024-07-09T17:02:46.035+0000] {processor.py:840} INFO - DAG(s) 'tutorial_taskflow_api' retrieved from /home/airflow/.local/lib/python3.11/site-packages/airflow/example_dags/tutorial_taskflow_api.py
[2024-07-09T17:02:46.056+0000] {logging_mixin.py:188} INFO - [2024-07-09T17:02:46.056+0000] {dag.py:3047} INFO - Sync 1 DAGs
[2024-07-09T17:02:46.069+0000] {logging_mixin.py:188} INFO - [2024-07-09T17:02:46.069+0000] {dag.py:3834} INFO - Setting next_dagrun for tutorial_taskflow_api to None, run_after=None
[2024-07-09T17:02:46.089+0000] {processor.py:183} INFO - Processing /home/airflow/.local/lib/python3.11/site-packages/airflow/example_dags/tutorial_taskflow_api.py took 0.065 seconds
[2024-07-09T17:03:16.479+0000] {processor.py:161} INFO - Started process (PID=6629) to work on /home/airflow/.local/lib/python3.11/site-packages/airflow/example_dags/tutorial_taskflow_api.py
[2024-07-09T17:03:16.480+0000] {processor.py:830} INFO - Processing file /home/airflow/.local/lib/python3.11/site-packages/airflow/example_dags/tutorial_taskflow_api.py for tasks to queue
[2024-07-09T17:03:16.481+0000] {logging_mixin.py:188} INFO - [2024-07-09T17:03:16.481+0000] {dagbag.py:540} INFO - Filling up the DagBag from /home/airflow/.local/lib/python3.11/site-packages/airflow/example_dags/tutorial_taskflow_api.py
[2024-07-09T17:03:16.487+0000] {processor.py:840} INFO - DAG(s) 'tutorial_taskflow_api' retrieved from /home/airflow/.local/lib/python3.11/site-packages/airflow/example_dags/tutorial_taskflow_api.py
[2024-07-09T17:03:16.506+0000] {logging_mixin.py:188} INFO - [2024-07-09T17:03:16.505+0000] {dag.py:3047} INFO - Sync 1 DAGs
[2024-07-09T17:03:16.518+0000] {logging_mixin.py:188} INFO - [2024-07-09T17:03:16.517+0000] {dag.py:3834} INFO - Setting next_dagrun for tutorial_taskflow_api to None, run_after=None
[2024-07-09T17:03:16.535+0000] {processor.py:183} INFO - Processing /home/airflow/.local/lib/python3.11/site-packages/airflow/example_dags/tutorial_taskflow_api.py took 0.059 seconds
[2024-07-09T17:03:47.118+0000] {processor.py:161} INFO - Started process (PID=6891) to work on /home/airflow/.local/lib/python3.11/site-packages/airflow/example_dags/tutorial_taskflow_api.py
[2024-07-09T17:03:47.119+0000] {processor.py:830} INFO - Processing file /home/airflow/.local/lib/python3.11/site-packages/airflow/example_dags/tutorial_taskflow_api.py for tasks to queue
[2024-07-09T17:03:47.120+0000] {logging_mixin.py:188} INFO - [2024-07-09T17:03:47.120+0000] {dagbag.py:540} INFO - Filling up the DagBag from /home/airflow/.local/lib/python3.11/site-packages/airflow/example_dags/tutorial_taskflow_api.py
[2024-07-09T17:03:47.126+0000] {processor.py:840} INFO - DAG(s) 'tutorial_taskflow_api' retrieved from /home/airflow/.local/lib/python3.11/site-packages/airflow/example_dags/tutorial_taskflow_api.py
[2024-07-09T17:03:47.153+0000] {logging_mixin.py:188} INFO - [2024-07-09T17:03:47.152+0000] {dag.py:3047} INFO - Sync 1 DAGs
[2024-07-09T17:03:47.180+0000] {logging_mixin.py:188} INFO - [2024-07-09T17:03:47.180+0000] {dag.py:3834} INFO - Setting next_dagrun for tutorial_taskflow_api to None, run_after=None
[2024-07-09T17:03:47.207+0000] {processor.py:183} INFO - Processing /home/airflow/.local/lib/python3.11/site-packages/airflow/example_dags/tutorial_taskflow_api.py took 0.092 seconds
[2024-07-09T17:04:18.064+0000] {processor.py:161} INFO - Started process (PID=7154) to work on /home/airflow/.local/lib/python3.11/site-packages/airflow/example_dags/tutorial_taskflow_api.py
[2024-07-09T17:04:18.065+0000] {processor.py:830} INFO - Processing file /home/airflow/.local/lib/python3.11/site-packages/airflow/example_dags/tutorial_taskflow_api.py for tasks to queue
[2024-07-09T17:04:18.066+0000] {logging_mixin.py:188} INFO - [2024-07-09T17:04:18.066+0000] {dagbag.py:540} INFO - Filling up the DagBag from /home/airflow/.local/lib/python3.11/site-packages/airflow/example_dags/tutorial_taskflow_api.py
[2024-07-09T17:04:18.071+0000] {processor.py:840} INFO - DAG(s) 'tutorial_taskflow_api' retrieved from /home/airflow/.local/lib/python3.11/site-packages/airflow/example_dags/tutorial_taskflow_api.py
[2024-07-09T17:04:18.092+0000] {logging_mixin.py:188} INFO - [2024-07-09T17:04:18.092+0000] {dag.py:3047} INFO - Sync 1 DAGs
[2024-07-09T17:04:18.102+0000] {logging_mixin.py:188} INFO - [2024-07-09T17:04:18.102+0000] {dag.py:3834} INFO - Setting next_dagrun for tutorial_taskflow_api to None, run_after=None
[2024-07-09T17:04:18.120+0000] {processor.py:183} INFO - Processing /home/airflow/.local/lib/python3.11/site-packages/airflow/example_dags/tutorial_taskflow_api.py took 0.058 seconds
[2024-07-09T17:04:48.929+0000] {processor.py:161} INFO - Started process (PID=7449) to work on /home/airflow/.local/lib/python3.11/site-packages/airflow/example_dags/tutorial_taskflow_api.py
[2024-07-09T17:04:48.931+0000] {processor.py:830} INFO - Processing file /home/airflow/.local/lib/python3.11/site-packages/airflow/example_dags/tutorial_taskflow_api.py for tasks to queue
[2024-07-09T17:04:48.932+0000] {logging_mixin.py:188} INFO - [2024-07-09T17:04:48.931+0000] {dagbag.py:540} INFO - Filling up the DagBag from /home/airflow/.local/lib/python3.11/site-packages/airflow/example_dags/tutorial_taskflow_api.py
[2024-07-09T17:04:48.939+0000] {processor.py:840} INFO - DAG(s) 'tutorial_taskflow_api' retrieved from /home/airflow/.local/lib/python3.11/site-packages/airflow/example_dags/tutorial_taskflow_api.py
[2024-07-09T17:04:48.960+0000] {logging_mixin.py:188} INFO - [2024-07-09T17:04:48.960+0000] {dag.py:3047} INFO - Sync 1 DAGs
[2024-07-09T17:04:48.973+0000] {logging_mixin.py:188} INFO - [2024-07-09T17:04:48.973+0000] {dag.py:3834} INFO - Setting next_dagrun for tutorial_taskflow_api to None, run_after=None
[2024-07-09T17:04:48.994+0000] {processor.py:183} INFO - Processing /home/airflow/.local/lib/python3.11/site-packages/airflow/example_dags/tutorial_taskflow_api.py took 0.067 seconds
[2024-07-09T17:05:19.753+0000] {processor.py:161} INFO - Started process (PID=7712) to work on /home/airflow/.local/lib/python3.11/site-packages/airflow/example_dags/tutorial_taskflow_api.py
[2024-07-09T17:05:19.754+0000] {processor.py:830} INFO - Processing file /home/airflow/.local/lib/python3.11/site-packages/airflow/example_dags/tutorial_taskflow_api.py for tasks to queue
[2024-07-09T17:05:19.756+0000] {logging_mixin.py:188} INFO - [2024-07-09T17:05:19.755+0000] {dagbag.py:540} INFO - Filling up the DagBag from /home/airflow/.local/lib/python3.11/site-packages/airflow/example_dags/tutorial_taskflow_api.py
[2024-07-09T17:05:19.762+0000] {processor.py:840} INFO - DAG(s) 'tutorial_taskflow_api' retrieved from /home/airflow/.local/lib/python3.11/site-packages/airflow/example_dags/tutorial_taskflow_api.py
[2024-07-09T17:05:19.782+0000] {logging_mixin.py:188} INFO - [2024-07-09T17:05:19.782+0000] {dag.py:3047} INFO - Sync 1 DAGs
[2024-07-09T17:05:19.793+0000] {logging_mixin.py:188} INFO - [2024-07-09T17:05:19.792+0000] {dag.py:3834} INFO - Setting next_dagrun for tutorial_taskflow_api to None, run_after=None
[2024-07-09T17:05:19.812+0000] {processor.py:183} INFO - Processing /home/airflow/.local/lib/python3.11/site-packages/airflow/example_dags/tutorial_taskflow_api.py took 0.062 seconds
[2024-07-09T17:05:50.395+0000] {processor.py:161} INFO - Started process (PID=7973) to work on /home/airflow/.local/lib/python3.11/site-packages/airflow/example_dags/tutorial_taskflow_api.py
[2024-07-09T17:05:50.396+0000] {processor.py:830} INFO - Processing file /home/airflow/.local/lib/python3.11/site-packages/airflow/example_dags/tutorial_taskflow_api.py for tasks to queue
[2024-07-09T17:05:50.397+0000] {logging_mixin.py:188} INFO - [2024-07-09T17:05:50.396+0000] {dagbag.py:540} INFO - Filling up the DagBag from /home/airflow/.local/lib/python3.11/site-packages/airflow/example_dags/tutorial_taskflow_api.py
[2024-07-09T17:05:50.403+0000] {processor.py:840} INFO - DAG(s) 'tutorial_taskflow_api' retrieved from /home/airflow/.local/lib/python3.11/site-packages/airflow/example_dags/tutorial_taskflow_api.py
[2024-07-09T17:05:50.424+0000] {logging_mixin.py:188} INFO - [2024-07-09T17:05:50.423+0000] {dag.py:3047} INFO - Sync 1 DAGs
[2024-07-09T17:05:50.435+0000] {logging_mixin.py:188} INFO - [2024-07-09T17:05:50.435+0000] {dag.py:3834} INFO - Setting next_dagrun for tutorial_taskflow_api to None, run_after=None
[2024-07-09T17:05:50.454+0000] {processor.py:183} INFO - Processing /home/airflow/.local/lib/python3.11/site-packages/airflow/example_dags/tutorial_taskflow_api.py took 0.063 seconds
[2024-07-09T17:06:20.719+0000] {processor.py:161} INFO - Started process (PID=8235) to work on /home/airflow/.local/lib/python3.11/site-packages/airflow/example_dags/tutorial_taskflow_api.py
[2024-07-09T17:06:20.720+0000] {processor.py:830} INFO - Processing file /home/airflow/.local/lib/python3.11/site-packages/airflow/example_dags/tutorial_taskflow_api.py for tasks to queue
[2024-07-09T17:06:20.721+0000] {logging_mixin.py:188} INFO - [2024-07-09T17:06:20.721+0000] {dagbag.py:540} INFO - Filling up the DagBag from /home/airflow/.local/lib/python3.11/site-packages/airflow/example_dags/tutorial_taskflow_api.py
[2024-07-09T17:06:20.730+0000] {processor.py:840} INFO - DAG(s) 'tutorial_taskflow_api' retrieved from /home/airflow/.local/lib/python3.11/site-packages/airflow/example_dags/tutorial_taskflow_api.py
[2024-07-09T17:06:20.755+0000] {logging_mixin.py:188} INFO - [2024-07-09T17:06:20.754+0000] {dag.py:3047} INFO - Sync 1 DAGs
[2024-07-09T17:06:20.768+0000] {logging_mixin.py:188} INFO - [2024-07-09T17:06:20.768+0000] {dag.py:3834} INFO - Setting next_dagrun for tutorial_taskflow_api to None, run_after=None
[2024-07-09T17:06:20.787+0000] {processor.py:183} INFO - Processing /home/airflow/.local/lib/python3.11/site-packages/airflow/example_dags/tutorial_taskflow_api.py took 0.071 seconds
[2024-07-09T17:06:51.985+0000] {processor.py:161} INFO - Started process (PID=8497) to work on /home/airflow/.local/lib/python3.11/site-packages/airflow/example_dags/tutorial_taskflow_api.py
[2024-07-09T17:06:51.986+0000] {processor.py:830} INFO - Processing file /home/airflow/.local/lib/python3.11/site-packages/airflow/example_dags/tutorial_taskflow_api.py for tasks to queue
[2024-07-09T17:06:51.990+0000] {logging_mixin.py:188} INFO - [2024-07-09T17:06:51.987+0000] {dagbag.py:540} INFO - Filling up the DagBag from /home/airflow/.local/lib/python3.11/site-packages/airflow/example_dags/tutorial_taskflow_api.py
[2024-07-09T17:06:52.017+0000] {processor.py:840} INFO - DAG(s) 'tutorial_taskflow_api' retrieved from /home/airflow/.local/lib/python3.11/site-packages/airflow/example_dags/tutorial_taskflow_api.py
[2024-07-09T17:06:52.066+0000] {logging_mixin.py:188} INFO - [2024-07-09T17:06:52.065+0000] {dag.py:3047} INFO - Sync 1 DAGs
[2024-07-09T17:06:52.087+0000] {logging_mixin.py:188} INFO - [2024-07-09T17:06:52.087+0000] {dag.py:3834} INFO - Setting next_dagrun for tutorial_taskflow_api to None, run_after=None
[2024-07-09T17:06:52.139+0000] {processor.py:183} INFO - Processing /home/airflow/.local/lib/python3.11/site-packages/airflow/example_dags/tutorial_taskflow_api.py took 0.161 seconds
