[2024-07-09T16:51:02.504+0000] {processor.py:161} INFO - Started process (PID=335) to work on /home/airflow/.local/lib/python3.11/site-packages/airflow/example_dags/tutorial_objectstorage.py
[2024-07-09T16:51:02.506+0000] {processor.py:830} INFO - Processing file /home/airflow/.local/lib/python3.11/site-packages/airflow/example_dags/tutorial_objectstorage.py for tasks to queue
[2024-07-09T16:51:02.507+0000] {logging_mixin.py:188} INFO - [2024-07-09T16:51:02.507+0000] {dagbag.py:540} INFO - Filling up the DagBag from /home/airflow/.local/lib/python3.11/site-packages/airflow/example_dags/tutorial_objectstorage.py
[2024-07-09T16:51:02.519+0000] {processor.py:840} INFO - DAG(s) 'tutorial_objectstorage' retrieved from /home/airflow/.local/lib/python3.11/site-packages/airflow/example_dags/tutorial_objectstorage.py
[2024-07-09T16:51:02.646+0000] {logging_mixin.py:188} INFO - [2024-07-09T16:51:02.645+0000] {override.py:1769} INFO - Created Permission View: can delete on DAG:tutorial_objectstorage
[2024-07-09T16:51:02.657+0000] {logging_mixin.py:188} INFO - [2024-07-09T16:51:02.657+0000] {override.py:1769} INFO - Created Permission View: can edit on DAG:tutorial_objectstorage
[2024-07-09T16:51:02.664+0000] {logging_mixin.py:188} INFO - [2024-07-09T16:51:02.664+0000] {override.py:1769} INFO - Created Permission View: can read on DAG:tutorial_objectstorage
[2024-07-09T16:51:02.665+0000] {logging_mixin.py:188} INFO - [2024-07-09T16:51:02.665+0000] {dag.py:3047} INFO - Sync 1 DAGs
[2024-07-09T16:51:02.677+0000] {logging_mixin.py:188} INFO - [2024-07-09T16:51:02.676+0000] {dag.py:3069} INFO - Creating ORM DAG for tutorial_objectstorage
[2024-07-09T16:51:02.678+0000] {logging_mixin.py:188} INFO - [2024-07-09T16:51:02.678+0000] {dag.py:3834} INFO - Setting next_dagrun for tutorial_objectstorage to None, run_after=None
[2024-07-09T16:51:02.697+0000] {processor.py:183} INFO - Processing /home/airflow/.local/lib/python3.11/site-packages/airflow/example_dags/tutorial_objectstorage.py took 0.196 seconds
[2024-07-09T16:51:32.933+0000] {processor.py:161} INFO - Started process (PID=597) to work on /home/airflow/.local/lib/python3.11/site-packages/airflow/example_dags/tutorial_objectstorage.py
[2024-07-09T16:51:32.934+0000] {processor.py:830} INFO - Processing file /home/airflow/.local/lib/python3.11/site-packages/airflow/example_dags/tutorial_objectstorage.py for tasks to queue
[2024-07-09T16:51:32.935+0000] {logging_mixin.py:188} INFO - [2024-07-09T16:51:32.934+0000] {dagbag.py:540} INFO - Filling up the DagBag from /home/airflow/.local/lib/python3.11/site-packages/airflow/example_dags/tutorial_objectstorage.py
[2024-07-09T16:51:32.941+0000] {processor.py:840} INFO - DAG(s) 'tutorial_objectstorage' retrieved from /home/airflow/.local/lib/python3.11/site-packages/airflow/example_dags/tutorial_objectstorage.py
[2024-07-09T16:51:32.961+0000] {logging_mixin.py:188} INFO - [2024-07-09T16:51:32.961+0000] {dag.py:3047} INFO - Sync 1 DAGs
[2024-07-09T16:51:32.973+0000] {logging_mixin.py:188} INFO - [2024-07-09T16:51:32.973+0000] {dag.py:3834} INFO - Setting next_dagrun for tutorial_objectstorage to None, run_after=None
[2024-07-09T16:51:32.990+0000] {processor.py:183} INFO - Processing /home/airflow/.local/lib/python3.11/site-packages/airflow/example_dags/tutorial_objectstorage.py took 0.060 seconds
[2024-07-09T16:52:03.219+0000] {processor.py:161} INFO - Started process (PID=859) to work on /home/airflow/.local/lib/python3.11/site-packages/airflow/example_dags/tutorial_objectstorage.py
[2024-07-09T16:52:03.220+0000] {processor.py:830} INFO - Processing file /home/airflow/.local/lib/python3.11/site-packages/airflow/example_dags/tutorial_objectstorage.py for tasks to queue
[2024-07-09T16:52:03.221+0000] {logging_mixin.py:188} INFO - [2024-07-09T16:52:03.220+0000] {dagbag.py:540} INFO - Filling up the DagBag from /home/airflow/.local/lib/python3.11/site-packages/airflow/example_dags/tutorial_objectstorage.py
[2024-07-09T16:52:03.228+0000] {processor.py:840} INFO - DAG(s) 'tutorial_objectstorage' retrieved from /home/airflow/.local/lib/python3.11/site-packages/airflow/example_dags/tutorial_objectstorage.py
[2024-07-09T16:52:03.256+0000] {logging_mixin.py:188} INFO - [2024-07-09T16:52:03.255+0000] {dag.py:3047} INFO - Sync 1 DAGs
[2024-07-09T16:52:03.271+0000] {logging_mixin.py:188} INFO - [2024-07-09T16:52:03.271+0000] {dag.py:3834} INFO - Setting next_dagrun for tutorial_objectstorage to None, run_after=None
[2024-07-09T16:52:03.291+0000] {processor.py:183} INFO - Processing /home/airflow/.local/lib/python3.11/site-packages/airflow/example_dags/tutorial_objectstorage.py took 0.075 seconds
[2024-07-09T16:52:33.725+0000] {processor.py:161} INFO - Started process (PID=1121) to work on /home/airflow/.local/lib/python3.11/site-packages/airflow/example_dags/tutorial_objectstorage.py
[2024-07-09T16:52:33.726+0000] {processor.py:830} INFO - Processing file /home/airflow/.local/lib/python3.11/site-packages/airflow/example_dags/tutorial_objectstorage.py for tasks to queue
[2024-07-09T16:52:33.727+0000] {logging_mixin.py:188} INFO - [2024-07-09T16:52:33.727+0000] {dagbag.py:540} INFO - Filling up the DagBag from /home/airflow/.local/lib/python3.11/site-packages/airflow/example_dags/tutorial_objectstorage.py
[2024-07-09T16:52:33.733+0000] {processor.py:840} INFO - DAG(s) 'tutorial_objectstorage' retrieved from /home/airflow/.local/lib/python3.11/site-packages/airflow/example_dags/tutorial_objectstorage.py
[2024-07-09T16:52:33.754+0000] {logging_mixin.py:188} INFO - [2024-07-09T16:52:33.754+0000] {dag.py:3047} INFO - Sync 1 DAGs
[2024-07-09T16:52:33.767+0000] {logging_mixin.py:188} INFO - [2024-07-09T16:52:33.767+0000] {dag.py:3834} INFO - Setting next_dagrun for tutorial_objectstorage to None, run_after=None
[2024-07-09T16:52:33.785+0000] {processor.py:183} INFO - Processing /home/airflow/.local/lib/python3.11/site-packages/airflow/example_dags/tutorial_objectstorage.py took 0.064 seconds
[2024-07-09T16:53:04.460+0000] {processor.py:161} INFO - Started process (PID=1383) to work on /home/airflow/.local/lib/python3.11/site-packages/airflow/example_dags/tutorial_objectstorage.py
[2024-07-09T16:53:04.461+0000] {processor.py:830} INFO - Processing file /home/airflow/.local/lib/python3.11/site-packages/airflow/example_dags/tutorial_objectstorage.py for tasks to queue
[2024-07-09T16:53:04.462+0000] {logging_mixin.py:188} INFO - [2024-07-09T16:53:04.462+0000] {dagbag.py:540} INFO - Filling up the DagBag from /home/airflow/.local/lib/python3.11/site-packages/airflow/example_dags/tutorial_objectstorage.py
[2024-07-09T16:53:04.469+0000] {processor.py:840} INFO - DAG(s) 'tutorial_objectstorage' retrieved from /home/airflow/.local/lib/python3.11/site-packages/airflow/example_dags/tutorial_objectstorage.py
[2024-07-09T16:53:04.492+0000] {logging_mixin.py:188} INFO - [2024-07-09T16:53:04.492+0000] {dag.py:3047} INFO - Sync 1 DAGs
[2024-07-09T16:53:04.629+0000] {logging_mixin.py:188} INFO - [2024-07-09T16:53:04.629+0000] {dag.py:3834} INFO - Setting next_dagrun for tutorial_objectstorage to None, run_after=None
[2024-07-09T16:53:04.648+0000] {processor.py:183} INFO - Processing /home/airflow/.local/lib/python3.11/site-packages/airflow/example_dags/tutorial_objectstorage.py took 0.191 seconds
[2024-07-09T16:53:34.697+0000] {processor.py:161} INFO - Started process (PID=1645) to work on /home/airflow/.local/lib/python3.11/site-packages/airflow/example_dags/tutorial_objectstorage.py
[2024-07-09T16:53:34.698+0000] {processor.py:830} INFO - Processing file /home/airflow/.local/lib/python3.11/site-packages/airflow/example_dags/tutorial_objectstorage.py for tasks to queue
[2024-07-09T16:53:34.698+0000] {logging_mixin.py:188} INFO - [2024-07-09T16:53:34.698+0000] {dagbag.py:540} INFO - Filling up the DagBag from /home/airflow/.local/lib/python3.11/site-packages/airflow/example_dags/tutorial_objectstorage.py
[2024-07-09T16:53:34.704+0000] {processor.py:840} INFO - DAG(s) 'tutorial_objectstorage' retrieved from /home/airflow/.local/lib/python3.11/site-packages/airflow/example_dags/tutorial_objectstorage.py
[2024-07-09T16:53:34.724+0000] {logging_mixin.py:188} INFO - [2024-07-09T16:53:34.724+0000] {dag.py:3047} INFO - Sync 1 DAGs
[2024-07-09T16:53:34.735+0000] {logging_mixin.py:188} INFO - [2024-07-09T16:53:34.734+0000] {dag.py:3834} INFO - Setting next_dagrun for tutorial_objectstorage to None, run_after=None
[2024-07-09T16:53:34.753+0000] {processor.py:183} INFO - Processing /home/airflow/.local/lib/python3.11/site-packages/airflow/example_dags/tutorial_objectstorage.py took 0.059 seconds
[2024-07-09T16:54:05.563+0000] {processor.py:161} INFO - Started process (PID=1907) to work on /home/airflow/.local/lib/python3.11/site-packages/airflow/example_dags/tutorial_objectstorage.py
[2024-07-09T16:54:05.565+0000] {processor.py:830} INFO - Processing file /home/airflow/.local/lib/python3.11/site-packages/airflow/example_dags/tutorial_objectstorage.py for tasks to queue
[2024-07-09T16:54:05.566+0000] {logging_mixin.py:188} INFO - [2024-07-09T16:54:05.565+0000] {dagbag.py:540} INFO - Filling up the DagBag from /home/airflow/.local/lib/python3.11/site-packages/airflow/example_dags/tutorial_objectstorage.py
[2024-07-09T16:54:05.574+0000] {processor.py:840} INFO - DAG(s) 'tutorial_objectstorage' retrieved from /home/airflow/.local/lib/python3.11/site-packages/airflow/example_dags/tutorial_objectstorage.py
[2024-07-09T16:54:05.595+0000] {logging_mixin.py:188} INFO - [2024-07-09T16:54:05.595+0000] {dag.py:3047} INFO - Sync 1 DAGs
[2024-07-09T16:54:05.605+0000] {logging_mixin.py:188} INFO - [2024-07-09T16:54:05.605+0000] {dag.py:3834} INFO - Setting next_dagrun for tutorial_objectstorage to None, run_after=None
[2024-07-09T16:54:05.657+0000] {processor.py:183} INFO - Processing /home/airflow/.local/lib/python3.11/site-packages/airflow/example_dags/tutorial_objectstorage.py took 0.096 seconds
[2024-07-09T16:54:36.167+0000] {processor.py:161} INFO - Started process (PID=2169) to work on /home/airflow/.local/lib/python3.11/site-packages/airflow/example_dags/tutorial_objectstorage.py
[2024-07-09T16:54:36.168+0000] {processor.py:830} INFO - Processing file /home/airflow/.local/lib/python3.11/site-packages/airflow/example_dags/tutorial_objectstorage.py for tasks to queue
[2024-07-09T16:54:36.169+0000] {logging_mixin.py:188} INFO - [2024-07-09T16:54:36.169+0000] {dagbag.py:540} INFO - Filling up the DagBag from /home/airflow/.local/lib/python3.11/site-packages/airflow/example_dags/tutorial_objectstorage.py
[2024-07-09T16:54:36.176+0000] {processor.py:840} INFO - DAG(s) 'tutorial_objectstorage' retrieved from /home/airflow/.local/lib/python3.11/site-packages/airflow/example_dags/tutorial_objectstorage.py
[2024-07-09T16:54:36.194+0000] {logging_mixin.py:188} INFO - [2024-07-09T16:54:36.194+0000] {dag.py:3047} INFO - Sync 1 DAGs
[2024-07-09T16:54:36.205+0000] {logging_mixin.py:188} INFO - [2024-07-09T16:54:36.205+0000] {dag.py:3834} INFO - Setting next_dagrun for tutorial_objectstorage to None, run_after=None
[2024-07-09T16:54:36.223+0000] {processor.py:183} INFO - Processing /home/airflow/.local/lib/python3.11/site-packages/airflow/example_dags/tutorial_objectstorage.py took 0.059 seconds
[2024-07-09T16:55:06.519+0000] {processor.py:161} INFO - Started process (PID=2431) to work on /home/airflow/.local/lib/python3.11/site-packages/airflow/example_dags/tutorial_objectstorage.py
[2024-07-09T16:55:06.520+0000] {processor.py:830} INFO - Processing file /home/airflow/.local/lib/python3.11/site-packages/airflow/example_dags/tutorial_objectstorage.py for tasks to queue
[2024-07-09T16:55:06.521+0000] {logging_mixin.py:188} INFO - [2024-07-09T16:55:06.521+0000] {dagbag.py:540} INFO - Filling up the DagBag from /home/airflow/.local/lib/python3.11/site-packages/airflow/example_dags/tutorial_objectstorage.py
[2024-07-09T16:55:06.528+0000] {processor.py:840} INFO - DAG(s) 'tutorial_objectstorage' retrieved from /home/airflow/.local/lib/python3.11/site-packages/airflow/example_dags/tutorial_objectstorage.py
[2024-07-09T16:55:06.549+0000] {logging_mixin.py:188} INFO - [2024-07-09T16:55:06.549+0000] {dag.py:3047} INFO - Sync 1 DAGs
[2024-07-09T16:55:06.559+0000] {logging_mixin.py:188} INFO - [2024-07-09T16:55:06.559+0000] {dag.py:3834} INFO - Setting next_dagrun for tutorial_objectstorage to None, run_after=None
[2024-07-09T16:55:06.581+0000] {processor.py:183} INFO - Processing /home/airflow/.local/lib/python3.11/site-packages/airflow/example_dags/tutorial_objectstorage.py took 0.064 seconds
[2024-07-09T16:55:37.033+0000] {processor.py:161} INFO - Started process (PID=2693) to work on /home/airflow/.local/lib/python3.11/site-packages/airflow/example_dags/tutorial_objectstorage.py
[2024-07-09T16:55:37.034+0000] {processor.py:830} INFO - Processing file /home/airflow/.local/lib/python3.11/site-packages/airflow/example_dags/tutorial_objectstorage.py for tasks to queue
[2024-07-09T16:55:37.035+0000] {logging_mixin.py:188} INFO - [2024-07-09T16:55:37.035+0000] {dagbag.py:540} INFO - Filling up the DagBag from /home/airflow/.local/lib/python3.11/site-packages/airflow/example_dags/tutorial_objectstorage.py
[2024-07-09T16:55:37.042+0000] {processor.py:840} INFO - DAG(s) 'tutorial_objectstorage' retrieved from /home/airflow/.local/lib/python3.11/site-packages/airflow/example_dags/tutorial_objectstorage.py
[2024-07-09T16:55:37.061+0000] {logging_mixin.py:188} INFO - [2024-07-09T16:55:37.061+0000] {dag.py:3047} INFO - Sync 1 DAGs
[2024-07-09T16:55:37.073+0000] {logging_mixin.py:188} INFO - [2024-07-09T16:55:37.072+0000] {dag.py:3834} INFO - Setting next_dagrun for tutorial_objectstorage to None, run_after=None
[2024-07-09T16:55:37.092+0000] {processor.py:183} INFO - Processing /home/airflow/.local/lib/python3.11/site-packages/airflow/example_dags/tutorial_objectstorage.py took 0.061 seconds
[2024-07-09T16:56:08.281+0000] {processor.py:161} INFO - Started process (PID=2955) to work on /home/airflow/.local/lib/python3.11/site-packages/airflow/example_dags/tutorial_objectstorage.py
[2024-07-09T16:56:08.282+0000] {processor.py:830} INFO - Processing file /home/airflow/.local/lib/python3.11/site-packages/airflow/example_dags/tutorial_objectstorage.py for tasks to queue
[2024-07-09T16:56:08.284+0000] {logging_mixin.py:188} INFO - [2024-07-09T16:56:08.283+0000] {dagbag.py:540} INFO - Filling up the DagBag from /home/airflow/.local/lib/python3.11/site-packages/airflow/example_dags/tutorial_objectstorage.py
[2024-07-09T16:56:08.292+0000] {processor.py:840} INFO - DAG(s) 'tutorial_objectstorage' retrieved from /home/airflow/.local/lib/python3.11/site-packages/airflow/example_dags/tutorial_objectstorage.py
[2024-07-09T16:56:08.318+0000] {logging_mixin.py:188} INFO - [2024-07-09T16:56:08.318+0000] {dag.py:3047} INFO - Sync 1 DAGs
[2024-07-09T16:56:08.328+0000] {logging_mixin.py:188} INFO - [2024-07-09T16:56:08.328+0000] {dag.py:3834} INFO - Setting next_dagrun for tutorial_objectstorage to None, run_after=None
[2024-07-09T16:56:08.346+0000] {processor.py:183} INFO - Processing /home/airflow/.local/lib/python3.11/site-packages/airflow/example_dags/tutorial_objectstorage.py took 0.069 seconds
[2024-07-09T16:56:38.725+0000] {processor.py:161} INFO - Started process (PID=3217) to work on /home/airflow/.local/lib/python3.11/site-packages/airflow/example_dags/tutorial_objectstorage.py
[2024-07-09T16:56:38.726+0000] {processor.py:830} INFO - Processing file /home/airflow/.local/lib/python3.11/site-packages/airflow/example_dags/tutorial_objectstorage.py for tasks to queue
[2024-07-09T16:56:38.728+0000] {logging_mixin.py:188} INFO - [2024-07-09T16:56:38.727+0000] {dagbag.py:540} INFO - Filling up the DagBag from /home/airflow/.local/lib/python3.11/site-packages/airflow/example_dags/tutorial_objectstorage.py
[2024-07-09T16:56:38.735+0000] {processor.py:840} INFO - DAG(s) 'tutorial_objectstorage' retrieved from /home/airflow/.local/lib/python3.11/site-packages/airflow/example_dags/tutorial_objectstorage.py
[2024-07-09T16:56:38.755+0000] {logging_mixin.py:188} INFO - [2024-07-09T16:56:38.755+0000] {dag.py:3047} INFO - Sync 1 DAGs
[2024-07-09T16:56:38.765+0000] {logging_mixin.py:188} INFO - [2024-07-09T16:56:38.765+0000] {dag.py:3834} INFO - Setting next_dagrun for tutorial_objectstorage to None, run_after=None
[2024-07-09T16:56:38.783+0000] {processor.py:183} INFO - Processing /home/airflow/.local/lib/python3.11/site-packages/airflow/example_dags/tutorial_objectstorage.py took 0.062 seconds
[2024-07-09T16:57:09.297+0000] {processor.py:161} INFO - Started process (PID=3470) to work on /home/airflow/.local/lib/python3.11/site-packages/airflow/example_dags/tutorial_objectstorage.py
[2024-07-09T16:57:09.298+0000] {processor.py:830} INFO - Processing file /home/airflow/.local/lib/python3.11/site-packages/airflow/example_dags/tutorial_objectstorage.py for tasks to queue
[2024-07-09T16:57:09.299+0000] {logging_mixin.py:188} INFO - [2024-07-09T16:57:09.299+0000] {dagbag.py:540} INFO - Filling up the DagBag from /home/airflow/.local/lib/python3.11/site-packages/airflow/example_dags/tutorial_objectstorage.py
[2024-07-09T16:57:09.305+0000] {processor.py:840} INFO - DAG(s) 'tutorial_objectstorage' retrieved from /home/airflow/.local/lib/python3.11/site-packages/airflow/example_dags/tutorial_objectstorage.py
[2024-07-09T16:57:09.324+0000] {logging_mixin.py:188} INFO - [2024-07-09T16:57:09.324+0000] {dag.py:3047} INFO - Sync 1 DAGs
[2024-07-09T16:57:09.336+0000] {logging_mixin.py:188} INFO - [2024-07-09T16:57:09.335+0000] {dag.py:3834} INFO - Setting next_dagrun for tutorial_objectstorage to None, run_after=None
[2024-07-09T16:57:09.357+0000] {processor.py:183} INFO - Processing /home/airflow/.local/lib/python3.11/site-packages/airflow/example_dags/tutorial_objectstorage.py took 0.063 seconds
[2024-07-09T16:57:40.408+0000] {processor.py:161} INFO - Started process (PID=3729) to work on /home/airflow/.local/lib/python3.11/site-packages/airflow/example_dags/tutorial_objectstorage.py
[2024-07-09T16:57:40.409+0000] {processor.py:830} INFO - Processing file /home/airflow/.local/lib/python3.11/site-packages/airflow/example_dags/tutorial_objectstorage.py for tasks to queue
[2024-07-09T16:57:40.410+0000] {logging_mixin.py:188} INFO - [2024-07-09T16:57:40.409+0000] {dagbag.py:540} INFO - Filling up the DagBag from /home/airflow/.local/lib/python3.11/site-packages/airflow/example_dags/tutorial_objectstorage.py
[2024-07-09T16:57:40.418+0000] {processor.py:840} INFO - DAG(s) 'tutorial_objectstorage' retrieved from /home/airflow/.local/lib/python3.11/site-packages/airflow/example_dags/tutorial_objectstorage.py
[2024-07-09T16:57:40.442+0000] {logging_mixin.py:188} INFO - [2024-07-09T16:57:40.442+0000] {dag.py:3047} INFO - Sync 1 DAGs
[2024-07-09T16:57:40.455+0000] {logging_mixin.py:188} INFO - [2024-07-09T16:57:40.455+0000] {dag.py:3834} INFO - Setting next_dagrun for tutorial_objectstorage to None, run_after=None
[2024-07-09T16:57:40.475+0000] {processor.py:183} INFO - Processing /home/airflow/.local/lib/python3.11/site-packages/airflow/example_dags/tutorial_objectstorage.py took 0.070 seconds
[2024-07-09T16:58:10.984+0000] {processor.py:161} INFO - Started process (PID=3989) to work on /home/airflow/.local/lib/python3.11/site-packages/airflow/example_dags/tutorial_objectstorage.py
[2024-07-09T16:58:10.985+0000] {processor.py:830} INFO - Processing file /home/airflow/.local/lib/python3.11/site-packages/airflow/example_dags/tutorial_objectstorage.py for tasks to queue
[2024-07-09T16:58:10.986+0000] {logging_mixin.py:188} INFO - [2024-07-09T16:58:10.986+0000] {dagbag.py:540} INFO - Filling up the DagBag from /home/airflow/.local/lib/python3.11/site-packages/airflow/example_dags/tutorial_objectstorage.py
[2024-07-09T16:58:10.993+0000] {processor.py:840} INFO - DAG(s) 'tutorial_objectstorage' retrieved from /home/airflow/.local/lib/python3.11/site-packages/airflow/example_dags/tutorial_objectstorage.py
[2024-07-09T16:58:11.012+0000] {logging_mixin.py:188} INFO - [2024-07-09T16:58:11.012+0000] {dag.py:3047} INFO - Sync 1 DAGs
[2024-07-09T16:58:11.025+0000] {logging_mixin.py:188} INFO - [2024-07-09T16:58:11.025+0000] {dag.py:3834} INFO - Setting next_dagrun for tutorial_objectstorage to None, run_after=None
[2024-07-09T16:58:11.044+0000] {processor.py:183} INFO - Processing /home/airflow/.local/lib/python3.11/site-packages/airflow/example_dags/tutorial_objectstorage.py took 0.062 seconds
[2024-07-09T16:58:41.420+0000] {processor.py:161} INFO - Started process (PID=4251) to work on /home/airflow/.local/lib/python3.11/site-packages/airflow/example_dags/tutorial_objectstorage.py
[2024-07-09T16:58:41.421+0000] {processor.py:830} INFO - Processing file /home/airflow/.local/lib/python3.11/site-packages/airflow/example_dags/tutorial_objectstorage.py for tasks to queue
[2024-07-09T16:58:41.423+0000] {logging_mixin.py:188} INFO - [2024-07-09T16:58:41.422+0000] {dagbag.py:540} INFO - Filling up the DagBag from /home/airflow/.local/lib/python3.11/site-packages/airflow/example_dags/tutorial_objectstorage.py
[2024-07-09T16:58:41.431+0000] {processor.py:840} INFO - DAG(s) 'tutorial_objectstorage' retrieved from /home/airflow/.local/lib/python3.11/site-packages/airflow/example_dags/tutorial_objectstorage.py
[2024-07-09T16:58:41.452+0000] {logging_mixin.py:188} INFO - [2024-07-09T16:58:41.451+0000] {dag.py:3047} INFO - Sync 1 DAGs
[2024-07-09T16:58:41.464+0000] {logging_mixin.py:188} INFO - [2024-07-09T16:58:41.464+0000] {dag.py:3834} INFO - Setting next_dagrun for tutorial_objectstorage to None, run_after=None
[2024-07-09T16:58:41.481+0000] {processor.py:183} INFO - Processing /home/airflow/.local/lib/python3.11/site-packages/airflow/example_dags/tutorial_objectstorage.py took 0.064 seconds
[2024-07-09T16:59:12.417+0000] {processor.py:161} INFO - Started process (PID=4513) to work on /home/airflow/.local/lib/python3.11/site-packages/airflow/example_dags/tutorial_objectstorage.py
[2024-07-09T16:59:12.419+0000] {processor.py:830} INFO - Processing file /home/airflow/.local/lib/python3.11/site-packages/airflow/example_dags/tutorial_objectstorage.py for tasks to queue
[2024-07-09T16:59:12.420+0000] {logging_mixin.py:188} INFO - [2024-07-09T16:59:12.419+0000] {dagbag.py:540} INFO - Filling up the DagBag from /home/airflow/.local/lib/python3.11/site-packages/airflow/example_dags/tutorial_objectstorage.py
[2024-07-09T16:59:12.427+0000] {processor.py:840} INFO - DAG(s) 'tutorial_objectstorage' retrieved from /home/airflow/.local/lib/python3.11/site-packages/airflow/example_dags/tutorial_objectstorage.py
[2024-07-09T16:59:12.449+0000] {logging_mixin.py:188} INFO - [2024-07-09T16:59:12.449+0000] {dag.py:3047} INFO - Sync 1 DAGs
[2024-07-09T16:59:12.461+0000] {logging_mixin.py:188} INFO - [2024-07-09T16:59:12.461+0000] {dag.py:3834} INFO - Setting next_dagrun for tutorial_objectstorage to None, run_after=None
[2024-07-09T16:59:12.478+0000] {processor.py:183} INFO - Processing /home/airflow/.local/lib/python3.11/site-packages/airflow/example_dags/tutorial_objectstorage.py took 0.064 seconds
[2024-07-09T16:59:42.653+0000] {processor.py:161} INFO - Started process (PID=4775) to work on /home/airflow/.local/lib/python3.11/site-packages/airflow/example_dags/tutorial_objectstorage.py
[2024-07-09T16:59:42.654+0000] {processor.py:830} INFO - Processing file /home/airflow/.local/lib/python3.11/site-packages/airflow/example_dags/tutorial_objectstorage.py for tasks to queue
[2024-07-09T16:59:42.655+0000] {logging_mixin.py:188} INFO - [2024-07-09T16:59:42.655+0000] {dagbag.py:540} INFO - Filling up the DagBag from /home/airflow/.local/lib/python3.11/site-packages/airflow/example_dags/tutorial_objectstorage.py
[2024-07-09T16:59:42.662+0000] {processor.py:840} INFO - DAG(s) 'tutorial_objectstorage' retrieved from /home/airflow/.local/lib/python3.11/site-packages/airflow/example_dags/tutorial_objectstorage.py
[2024-07-09T16:59:42.683+0000] {logging_mixin.py:188} INFO - [2024-07-09T16:59:42.683+0000] {dag.py:3047} INFO - Sync 1 DAGs
[2024-07-09T16:59:42.696+0000] {logging_mixin.py:188} INFO - [2024-07-09T16:59:42.695+0000] {dag.py:3834} INFO - Setting next_dagrun for tutorial_objectstorage to None, run_after=None
[2024-07-09T16:59:42.714+0000] {processor.py:183} INFO - Processing /home/airflow/.local/lib/python3.11/site-packages/airflow/example_dags/tutorial_objectstorage.py took 0.065 seconds
[2024-07-09T17:00:13.189+0000] {processor.py:161} INFO - Started process (PID=5037) to work on /home/airflow/.local/lib/python3.11/site-packages/airflow/example_dags/tutorial_objectstorage.py
[2024-07-09T17:00:13.190+0000] {processor.py:830} INFO - Processing file /home/airflow/.local/lib/python3.11/site-packages/airflow/example_dags/tutorial_objectstorage.py for tasks to queue
[2024-07-09T17:00:13.191+0000] {logging_mixin.py:188} INFO - [2024-07-09T17:00:13.191+0000] {dagbag.py:540} INFO - Filling up the DagBag from /home/airflow/.local/lib/python3.11/site-packages/airflow/example_dags/tutorial_objectstorage.py
[2024-07-09T17:00:13.199+0000] {processor.py:840} INFO - DAG(s) 'tutorial_objectstorage' retrieved from /home/airflow/.local/lib/python3.11/site-packages/airflow/example_dags/tutorial_objectstorage.py
[2024-07-09T17:00:13.218+0000] {logging_mixin.py:188} INFO - [2024-07-09T17:00:13.218+0000] {dag.py:3047} INFO - Sync 1 DAGs
[2024-07-09T17:00:13.228+0000] {logging_mixin.py:188} INFO - [2024-07-09T17:00:13.228+0000] {dag.py:3834} INFO - Setting next_dagrun for tutorial_objectstorage to None, run_after=None
[2024-07-09T17:00:13.251+0000] {processor.py:183} INFO - Processing /home/airflow/.local/lib/python3.11/site-packages/airflow/example_dags/tutorial_objectstorage.py took 0.065 seconds
[2024-07-09T17:00:43.684+0000] {processor.py:161} INFO - Started process (PID=5301) to work on /home/airflow/.local/lib/python3.11/site-packages/airflow/example_dags/tutorial_objectstorage.py
[2024-07-09T17:00:43.685+0000] {processor.py:830} INFO - Processing file /home/airflow/.local/lib/python3.11/site-packages/airflow/example_dags/tutorial_objectstorage.py for tasks to queue
[2024-07-09T17:00:43.686+0000] {logging_mixin.py:188} INFO - [2024-07-09T17:00:43.686+0000] {dagbag.py:540} INFO - Filling up the DagBag from /home/airflow/.local/lib/python3.11/site-packages/airflow/example_dags/tutorial_objectstorage.py
[2024-07-09T17:00:43.695+0000] {processor.py:840} INFO - DAG(s) 'tutorial_objectstorage' retrieved from /home/airflow/.local/lib/python3.11/site-packages/airflow/example_dags/tutorial_objectstorage.py
[2024-07-09T17:00:43.714+0000] {logging_mixin.py:188} INFO - [2024-07-09T17:00:43.714+0000] {dag.py:3047} INFO - Sync 1 DAGs
[2024-07-09T17:00:43.725+0000] {logging_mixin.py:188} INFO - [2024-07-09T17:00:43.725+0000] {dag.py:3834} INFO - Setting next_dagrun for tutorial_objectstorage to None, run_after=None
[2024-07-09T17:00:43.743+0000] {processor.py:183} INFO - Processing /home/airflow/.local/lib/python3.11/site-packages/airflow/example_dags/tutorial_objectstorage.py took 0.062 seconds
[2024-07-09T17:01:13.848+0000] {processor.py:161} INFO - Started process (PID=5563) to work on /home/airflow/.local/lib/python3.11/site-packages/airflow/example_dags/tutorial_objectstorage.py
[2024-07-09T17:01:13.849+0000] {processor.py:830} INFO - Processing file /home/airflow/.local/lib/python3.11/site-packages/airflow/example_dags/tutorial_objectstorage.py for tasks to queue
[2024-07-09T17:01:13.850+0000] {logging_mixin.py:188} INFO - [2024-07-09T17:01:13.849+0000] {dagbag.py:540} INFO - Filling up the DagBag from /home/airflow/.local/lib/python3.11/site-packages/airflow/example_dags/tutorial_objectstorage.py
[2024-07-09T17:01:13.857+0000] {processor.py:840} INFO - DAG(s) 'tutorial_objectstorage' retrieved from /home/airflow/.local/lib/python3.11/site-packages/airflow/example_dags/tutorial_objectstorage.py
[2024-07-09T17:01:13.889+0000] {logging_mixin.py:188} INFO - [2024-07-09T17:01:13.889+0000] {dag.py:3047} INFO - Sync 1 DAGs
[2024-07-09T17:01:13.902+0000] {logging_mixin.py:188} INFO - [2024-07-09T17:01:13.902+0000] {dag.py:3834} INFO - Setting next_dagrun for tutorial_objectstorage to None, run_after=None
[2024-07-09T17:01:13.927+0000] {processor.py:183} INFO - Processing /home/airflow/.local/lib/python3.11/site-packages/airflow/example_dags/tutorial_objectstorage.py took 0.082 seconds
[2024-07-09T17:01:44.034+0000] {processor.py:161} INFO - Started process (PID=5823) to work on /home/airflow/.local/lib/python3.11/site-packages/airflow/example_dags/tutorial_objectstorage.py
[2024-07-09T17:01:44.036+0000] {processor.py:830} INFO - Processing file /home/airflow/.local/lib/python3.11/site-packages/airflow/example_dags/tutorial_objectstorage.py for tasks to queue
[2024-07-09T17:01:44.037+0000] {logging_mixin.py:188} INFO - [2024-07-09T17:01:44.036+0000] {dagbag.py:540} INFO - Filling up the DagBag from /home/airflow/.local/lib/python3.11/site-packages/airflow/example_dags/tutorial_objectstorage.py
[2024-07-09T17:01:44.044+0000] {processor.py:840} INFO - DAG(s) 'tutorial_objectstorage' retrieved from /home/airflow/.local/lib/python3.11/site-packages/airflow/example_dags/tutorial_objectstorage.py
[2024-07-09T17:01:44.064+0000] {logging_mixin.py:188} INFO - [2024-07-09T17:01:44.064+0000] {dag.py:3047} INFO - Sync 1 DAGs
[2024-07-09T17:01:44.079+0000] {logging_mixin.py:188} INFO - [2024-07-09T17:01:44.079+0000] {dag.py:3834} INFO - Setting next_dagrun for tutorial_objectstorage to None, run_after=None
[2024-07-09T17:01:44.100+0000] {processor.py:183} INFO - Processing /home/airflow/.local/lib/python3.11/site-packages/airflow/example_dags/tutorial_objectstorage.py took 0.069 seconds
[2024-07-09T17:02:15.097+0000] {processor.py:161} INFO - Started process (PID=6085) to work on /home/airflow/.local/lib/python3.11/site-packages/airflow/example_dags/tutorial_objectstorage.py
[2024-07-09T17:02:15.098+0000] {processor.py:830} INFO - Processing file /home/airflow/.local/lib/python3.11/site-packages/airflow/example_dags/tutorial_objectstorage.py for tasks to queue
[2024-07-09T17:02:15.099+0000] {logging_mixin.py:188} INFO - [2024-07-09T17:02:15.099+0000] {dagbag.py:540} INFO - Filling up the DagBag from /home/airflow/.local/lib/python3.11/site-packages/airflow/example_dags/tutorial_objectstorage.py
[2024-07-09T17:02:15.107+0000] {processor.py:840} INFO - DAG(s) 'tutorial_objectstorage' retrieved from /home/airflow/.local/lib/python3.11/site-packages/airflow/example_dags/tutorial_objectstorage.py
[2024-07-09T17:02:15.127+0000] {logging_mixin.py:188} INFO - [2024-07-09T17:02:15.127+0000] {dag.py:3047} INFO - Sync 1 DAGs
[2024-07-09T17:02:15.139+0000] {logging_mixin.py:188} INFO - [2024-07-09T17:02:15.139+0000] {dag.py:3834} INFO - Setting next_dagrun for tutorial_objectstorage to None, run_after=None
[2024-07-09T17:02:15.155+0000] {processor.py:183} INFO - Processing /home/airflow/.local/lib/python3.11/site-packages/airflow/example_dags/tutorial_objectstorage.py took 0.062 seconds
[2024-07-09T17:02:45.775+0000] {processor.py:161} INFO - Started process (PID=6349) to work on /home/airflow/.local/lib/python3.11/site-packages/airflow/example_dags/tutorial_objectstorage.py
[2024-07-09T17:02:45.776+0000] {processor.py:830} INFO - Processing file /home/airflow/.local/lib/python3.11/site-packages/airflow/example_dags/tutorial_objectstorage.py for tasks to queue
[2024-07-09T17:02:45.777+0000] {logging_mixin.py:188} INFO - [2024-07-09T17:02:45.777+0000] {dagbag.py:540} INFO - Filling up the DagBag from /home/airflow/.local/lib/python3.11/site-packages/airflow/example_dags/tutorial_objectstorage.py
[2024-07-09T17:02:45.783+0000] {processor.py:840} INFO - DAG(s) 'tutorial_objectstorage' retrieved from /home/airflow/.local/lib/python3.11/site-packages/airflow/example_dags/tutorial_objectstorage.py
[2024-07-09T17:02:45.799+0000] {logging_mixin.py:188} INFO - [2024-07-09T17:02:45.799+0000] {dag.py:3047} INFO - Sync 1 DAGs
[2024-07-09T17:02:45.809+0000] {logging_mixin.py:188} INFO - [2024-07-09T17:02:45.809+0000] {dag.py:3834} INFO - Setting next_dagrun for tutorial_objectstorage to None, run_after=None
[2024-07-09T17:02:45.831+0000] {processor.py:183} INFO - Processing /home/airflow/.local/lib/python3.11/site-packages/airflow/example_dags/tutorial_objectstorage.py took 0.058 seconds
[2024-07-09T17:03:16.252+0000] {processor.py:161} INFO - Started process (PID=6611) to work on /home/airflow/.local/lib/python3.11/site-packages/airflow/example_dags/tutorial_objectstorage.py
[2024-07-09T17:03:16.253+0000] {processor.py:830} INFO - Processing file /home/airflow/.local/lib/python3.11/site-packages/airflow/example_dags/tutorial_objectstorage.py for tasks to queue
[2024-07-09T17:03:16.254+0000] {logging_mixin.py:188} INFO - [2024-07-09T17:03:16.254+0000] {dagbag.py:540} INFO - Filling up the DagBag from /home/airflow/.local/lib/python3.11/site-packages/airflow/example_dags/tutorial_objectstorage.py
[2024-07-09T17:03:16.262+0000] {processor.py:840} INFO - DAG(s) 'tutorial_objectstorage' retrieved from /home/airflow/.local/lib/python3.11/site-packages/airflow/example_dags/tutorial_objectstorage.py
[2024-07-09T17:03:16.280+0000] {logging_mixin.py:188} INFO - [2024-07-09T17:03:16.280+0000] {dag.py:3047} INFO - Sync 1 DAGs
[2024-07-09T17:03:16.292+0000] {logging_mixin.py:188} INFO - [2024-07-09T17:03:16.291+0000] {dag.py:3834} INFO - Setting next_dagrun for tutorial_objectstorage to None, run_after=None
[2024-07-09T17:03:16.307+0000] {processor.py:183} INFO - Processing /home/airflow/.local/lib/python3.11/site-packages/airflow/example_dags/tutorial_objectstorage.py took 0.059 seconds
[2024-07-09T17:03:46.895+0000] {processor.py:161} INFO - Started process (PID=6871) to work on /home/airflow/.local/lib/python3.11/site-packages/airflow/example_dags/tutorial_objectstorage.py
[2024-07-09T17:03:46.896+0000] {processor.py:830} INFO - Processing file /home/airflow/.local/lib/python3.11/site-packages/airflow/example_dags/tutorial_objectstorage.py for tasks to queue
[2024-07-09T17:03:46.897+0000] {logging_mixin.py:188} INFO - [2024-07-09T17:03:46.897+0000] {dagbag.py:540} INFO - Filling up the DagBag from /home/airflow/.local/lib/python3.11/site-packages/airflow/example_dags/tutorial_objectstorage.py
[2024-07-09T17:03:46.904+0000] {processor.py:840} INFO - DAG(s) 'tutorial_objectstorage' retrieved from /home/airflow/.local/lib/python3.11/site-packages/airflow/example_dags/tutorial_objectstorage.py
[2024-07-09T17:03:46.924+0000] {logging_mixin.py:188} INFO - [2024-07-09T17:03:46.924+0000] {dag.py:3047} INFO - Sync 1 DAGs
[2024-07-09T17:03:46.935+0000] {logging_mixin.py:188} INFO - [2024-07-09T17:03:46.934+0000] {dag.py:3834} INFO - Setting next_dagrun for tutorial_objectstorage to None, run_after=None
[2024-07-09T17:03:46.952+0000] {processor.py:183} INFO - Processing /home/airflow/.local/lib/python3.11/site-packages/airflow/example_dags/tutorial_objectstorage.py took 0.060 seconds
[2024-07-09T17:04:17.855+0000] {processor.py:161} INFO - Started process (PID=7135) to work on /home/airflow/.local/lib/python3.11/site-packages/airflow/example_dags/tutorial_objectstorage.py
[2024-07-09T17:04:17.857+0000] {processor.py:830} INFO - Processing file /home/airflow/.local/lib/python3.11/site-packages/airflow/example_dags/tutorial_objectstorage.py for tasks to queue
[2024-07-09T17:04:17.858+0000] {logging_mixin.py:188} INFO - [2024-07-09T17:04:17.858+0000] {dagbag.py:540} INFO - Filling up the DagBag from /home/airflow/.local/lib/python3.11/site-packages/airflow/example_dags/tutorial_objectstorage.py
[2024-07-09T17:04:17.866+0000] {processor.py:840} INFO - DAG(s) 'tutorial_objectstorage' retrieved from /home/airflow/.local/lib/python3.11/site-packages/airflow/example_dags/tutorial_objectstorage.py
[2024-07-09T17:04:17.888+0000] {logging_mixin.py:188} INFO - [2024-07-09T17:04:17.888+0000] {dag.py:3047} INFO - Sync 1 DAGs
[2024-07-09T17:04:17.901+0000] {logging_mixin.py:188} INFO - [2024-07-09T17:04:17.900+0000] {dag.py:3834} INFO - Setting next_dagrun for tutorial_objectstorage to None, run_after=None
[2024-07-09T17:04:17.917+0000] {processor.py:183} INFO - Processing /home/airflow/.local/lib/python3.11/site-packages/airflow/example_dags/tutorial_objectstorage.py took 0.066 seconds
[2024-07-09T17:04:48.698+0000] {processor.py:161} INFO - Started process (PID=7431) to work on /home/airflow/.local/lib/python3.11/site-packages/airflow/example_dags/tutorial_objectstorage.py
[2024-07-09T17:04:48.699+0000] {processor.py:830} INFO - Processing file /home/airflow/.local/lib/python3.11/site-packages/airflow/example_dags/tutorial_objectstorage.py for tasks to queue
[2024-07-09T17:04:48.700+0000] {logging_mixin.py:188} INFO - [2024-07-09T17:04:48.700+0000] {dagbag.py:540} INFO - Filling up the DagBag from /home/airflow/.local/lib/python3.11/site-packages/airflow/example_dags/tutorial_objectstorage.py
[2024-07-09T17:04:48.706+0000] {processor.py:840} INFO - DAG(s) 'tutorial_objectstorage' retrieved from /home/airflow/.local/lib/python3.11/site-packages/airflow/example_dags/tutorial_objectstorage.py
[2024-07-09T17:04:48.726+0000] {logging_mixin.py:188} INFO - [2024-07-09T17:04:48.726+0000] {dag.py:3047} INFO - Sync 1 DAGs
[2024-07-09T17:04:48.739+0000] {logging_mixin.py:188} INFO - [2024-07-09T17:04:48.738+0000] {dag.py:3834} INFO - Setting next_dagrun for tutorial_objectstorage to None, run_after=None
[2024-07-09T17:04:48.760+0000] {processor.py:183} INFO - Processing /home/airflow/.local/lib/python3.11/site-packages/airflow/example_dags/tutorial_objectstorage.py took 0.066 seconds
[2024-07-09T17:05:19.550+0000] {processor.py:161} INFO - Started process (PID=7693) to work on /home/airflow/.local/lib/python3.11/site-packages/airflow/example_dags/tutorial_objectstorage.py
[2024-07-09T17:05:19.551+0000] {processor.py:830} INFO - Processing file /home/airflow/.local/lib/python3.11/site-packages/airflow/example_dags/tutorial_objectstorage.py for tasks to queue
[2024-07-09T17:05:19.552+0000] {logging_mixin.py:188} INFO - [2024-07-09T17:05:19.551+0000] {dagbag.py:540} INFO - Filling up the DagBag from /home/airflow/.local/lib/python3.11/site-packages/airflow/example_dags/tutorial_objectstorage.py
[2024-07-09T17:05:19.559+0000] {processor.py:840} INFO - DAG(s) 'tutorial_objectstorage' retrieved from /home/airflow/.local/lib/python3.11/site-packages/airflow/example_dags/tutorial_objectstorage.py
[2024-07-09T17:05:19.577+0000] {logging_mixin.py:188} INFO - [2024-07-09T17:05:19.577+0000] {dag.py:3047} INFO - Sync 1 DAGs
[2024-07-09T17:05:19.589+0000] {logging_mixin.py:188} INFO - [2024-07-09T17:05:19.588+0000] {dag.py:3834} INFO - Setting next_dagrun for tutorial_objectstorage to None, run_after=None
[2024-07-09T17:05:19.606+0000] {processor.py:183} INFO - Processing /home/airflow/.local/lib/python3.11/site-packages/airflow/example_dags/tutorial_objectstorage.py took 0.059 seconds
[2024-07-09T17:05:50.143+0000] {processor.py:161} INFO - Started process (PID=7953) to work on /home/airflow/.local/lib/python3.11/site-packages/airflow/example_dags/tutorial_objectstorage.py
[2024-07-09T17:05:50.144+0000] {processor.py:830} INFO - Processing file /home/airflow/.local/lib/python3.11/site-packages/airflow/example_dags/tutorial_objectstorage.py for tasks to queue
[2024-07-09T17:05:50.145+0000] {logging_mixin.py:188} INFO - [2024-07-09T17:05:50.144+0000] {dagbag.py:540} INFO - Filling up the DagBag from /home/airflow/.local/lib/python3.11/site-packages/airflow/example_dags/tutorial_objectstorage.py
[2024-07-09T17:05:50.154+0000] {processor.py:840} INFO - DAG(s) 'tutorial_objectstorage' retrieved from /home/airflow/.local/lib/python3.11/site-packages/airflow/example_dags/tutorial_objectstorage.py
[2024-07-09T17:05:50.175+0000] {logging_mixin.py:188} INFO - [2024-07-09T17:05:50.175+0000] {dag.py:3047} INFO - Sync 1 DAGs
[2024-07-09T17:05:50.188+0000] {logging_mixin.py:188} INFO - [2024-07-09T17:05:50.187+0000] {dag.py:3834} INFO - Setting next_dagrun for tutorial_objectstorage to None, run_after=None
[2024-07-09T17:05:50.228+0000] {processor.py:183} INFO - Processing /home/airflow/.local/lib/python3.11/site-packages/airflow/example_dags/tutorial_objectstorage.py took 0.088 seconds
[2024-07-09T17:06:20.457+0000] {processor.py:161} INFO - Started process (PID=8215) to work on /home/airflow/.local/lib/python3.11/site-packages/airflow/example_dags/tutorial_objectstorage.py
[2024-07-09T17:06:20.458+0000] {processor.py:830} INFO - Processing file /home/airflow/.local/lib/python3.11/site-packages/airflow/example_dags/tutorial_objectstorage.py for tasks to queue
[2024-07-09T17:06:20.460+0000] {logging_mixin.py:188} INFO - [2024-07-09T17:06:20.460+0000] {dagbag.py:540} INFO - Filling up the DagBag from /home/airflow/.local/lib/python3.11/site-packages/airflow/example_dags/tutorial_objectstorage.py
[2024-07-09T17:06:20.469+0000] {processor.py:840} INFO - DAG(s) 'tutorial_objectstorage' retrieved from /home/airflow/.local/lib/python3.11/site-packages/airflow/example_dags/tutorial_objectstorage.py
[2024-07-09T17:06:20.493+0000] {logging_mixin.py:188} INFO - [2024-07-09T17:06:20.492+0000] {dag.py:3047} INFO - Sync 1 DAGs
[2024-07-09T17:06:20.504+0000] {logging_mixin.py:188} INFO - [2024-07-09T17:06:20.504+0000] {dag.py:3834} INFO - Setting next_dagrun for tutorial_objectstorage to None, run_after=None
[2024-07-09T17:06:20.529+0000] {processor.py:183} INFO - Processing /home/airflow/.local/lib/python3.11/site-packages/airflow/example_dags/tutorial_objectstorage.py took 0.075 seconds
[2024-07-09T17:06:51.438+0000] {processor.py:161} INFO - Started process (PID=8477) to work on /home/airflow/.local/lib/python3.11/site-packages/airflow/example_dags/tutorial_objectstorage.py
[2024-07-09T17:06:51.439+0000] {processor.py:830} INFO - Processing file /home/airflow/.local/lib/python3.11/site-packages/airflow/example_dags/tutorial_objectstorage.py for tasks to queue
[2024-07-09T17:06:51.440+0000] {logging_mixin.py:188} INFO - [2024-07-09T17:06:51.440+0000] {dagbag.py:540} INFO - Filling up the DagBag from /home/airflow/.local/lib/python3.11/site-packages/airflow/example_dags/tutorial_objectstorage.py
[2024-07-09T17:06:51.448+0000] {processor.py:840} INFO - DAG(s) 'tutorial_objectstorage' retrieved from /home/airflow/.local/lib/python3.11/site-packages/airflow/example_dags/tutorial_objectstorage.py
[2024-07-09T17:06:51.477+0000] {logging_mixin.py:188} INFO - [2024-07-09T17:06:51.476+0000] {dag.py:3047} INFO - Sync 1 DAGs
[2024-07-09T17:06:51.495+0000] {logging_mixin.py:188} INFO - [2024-07-09T17:06:51.495+0000] {dag.py:3834} INFO - Setting next_dagrun for tutorial_objectstorage to None, run_after=None
[2024-07-09T17:06:51.522+0000] {processor.py:183} INFO - Processing /home/airflow/.local/lib/python3.11/site-packages/airflow/example_dags/tutorial_objectstorage.py took 0.087 seconds
