[2024-07-09T16:51:01.847+0000] {processor.py:161} INFO - Started process (PID=315) to work on /home/airflow/.local/lib/python3.11/site-packages/airflow/example_dags/tutorial.py
[2024-07-09T16:51:01.849+0000] {processor.py:830} INFO - Processing file /home/airflow/.local/lib/python3.11/site-packages/airflow/example_dags/tutorial.py for tasks to queue
[2024-07-09T16:51:01.850+0000] {logging_mixin.py:188} INFO - [2024-07-09T16:51:01.850+0000] {dagbag.py:540} INFO - Filling up the DagBag from /home/airflow/.local/lib/python3.11/site-packages/airflow/example_dags/tutorial.py
[2024-07-09T16:51:01.861+0000] {processor.py:840} INFO - DAG(s) 'tutorial' retrieved from /home/airflow/.local/lib/python3.11/site-packages/airflow/example_dags/tutorial.py
[2024-07-09T16:51:02.027+0000] {logging_mixin.py:188} INFO - [2024-07-09T16:51:02.026+0000] {override.py:1769} INFO - Created Permission View: can delete on DAG:tutorial
[2024-07-09T16:51:02.041+0000] {logging_mixin.py:188} INFO - [2024-07-09T16:51:02.041+0000] {override.py:1769} INFO - Created Permission View: can edit on DAG:tutorial
[2024-07-09T16:51:02.051+0000] {logging_mixin.py:188} INFO - [2024-07-09T16:51:02.051+0000] {override.py:1769} INFO - Created Permission View: can read on DAG:tutorial
[2024-07-09T16:51:02.052+0000] {logging_mixin.py:188} INFO - [2024-07-09T16:51:02.052+0000] {dag.py:3047} INFO - Sync 1 DAGs
[2024-07-09T16:51:02.067+0000] {logging_mixin.py:188} INFO - [2024-07-09T16:51:02.066+0000] {dag.py:3069} INFO - Creating ORM DAG for tutorial
[2024-07-09T16:51:02.080+0000] {logging_mixin.py:188} INFO - [2024-07-09T16:51:02.080+0000] {dag.py:3834} INFO - Setting next_dagrun for tutorial to 2024-07-08 00:00:00+00:00, run_after=2024-07-09 00:00:00+00:00
[2024-07-09T16:51:02.102+0000] {processor.py:183} INFO - Processing /home/airflow/.local/lib/python3.11/site-packages/airflow/example_dags/tutorial.py took 0.260 seconds
[2024-07-09T16:51:32.740+0000] {processor.py:161} INFO - Started process (PID=577) to work on /home/airflow/.local/lib/python3.11/site-packages/airflow/example_dags/tutorial.py
[2024-07-09T16:51:32.741+0000] {processor.py:830} INFO - Processing file /home/airflow/.local/lib/python3.11/site-packages/airflow/example_dags/tutorial.py for tasks to queue
[2024-07-09T16:51:32.742+0000] {logging_mixin.py:188} INFO - [2024-07-09T16:51:32.742+0000] {dagbag.py:540} INFO - Filling up the DagBag from /home/airflow/.local/lib/python3.11/site-packages/airflow/example_dags/tutorial.py
[2024-07-09T16:51:32.748+0000] {processor.py:840} INFO - DAG(s) 'tutorial' retrieved from /home/airflow/.local/lib/python3.11/site-packages/airflow/example_dags/tutorial.py
[2024-07-09T16:51:32.772+0000] {logging_mixin.py:188} INFO - [2024-07-09T16:51:32.772+0000] {dag.py:3047} INFO - Sync 1 DAGs
[2024-07-09T16:51:32.790+0000] {logging_mixin.py:188} INFO - [2024-07-09T16:51:32.790+0000] {dag.py:3834} INFO - Setting next_dagrun for tutorial to 2024-07-08 00:00:00+00:00, run_after=2024-07-09 00:00:00+00:00
[2024-07-09T16:51:32.808+0000] {processor.py:183} INFO - Processing /home/airflow/.local/lib/python3.11/site-packages/airflow/example_dags/tutorial.py took 0.071 seconds
[2024-07-09T16:52:02.878+0000] {processor.py:161} INFO - Started process (PID=839) to work on /home/airflow/.local/lib/python3.11/site-packages/airflow/example_dags/tutorial.py
[2024-07-09T16:52:02.879+0000] {processor.py:830} INFO - Processing file /home/airflow/.local/lib/python3.11/site-packages/airflow/example_dags/tutorial.py for tasks to queue
[2024-07-09T16:52:02.880+0000] {logging_mixin.py:188} INFO - [2024-07-09T16:52:02.880+0000] {dagbag.py:540} INFO - Filling up the DagBag from /home/airflow/.local/lib/python3.11/site-packages/airflow/example_dags/tutorial.py
[2024-07-09T16:52:02.886+0000] {processor.py:840} INFO - DAG(s) 'tutorial' retrieved from /home/airflow/.local/lib/python3.11/site-packages/airflow/example_dags/tutorial.py
[2024-07-09T16:52:02.909+0000] {logging_mixin.py:188} INFO - [2024-07-09T16:52:02.908+0000] {dag.py:3047} INFO - Sync 1 DAGs
[2024-07-09T16:52:02.930+0000] {logging_mixin.py:188} INFO - [2024-07-09T16:52:02.930+0000] {dag.py:3834} INFO - Setting next_dagrun for tutorial to 2024-07-08 00:00:00+00:00, run_after=2024-07-09 00:00:00+00:00
[2024-07-09T16:52:02.948+0000] {processor.py:183} INFO - Processing /home/airflow/.local/lib/python3.11/site-packages/airflow/example_dags/tutorial.py took 0.073 seconds
[2024-07-09T16:52:33.229+0000] {processor.py:161} INFO - Started process (PID=1096) to work on /home/airflow/.local/lib/python3.11/site-packages/airflow/example_dags/tutorial.py
[2024-07-09T16:52:33.231+0000] {processor.py:830} INFO - Processing file /home/airflow/.local/lib/python3.11/site-packages/airflow/example_dags/tutorial.py for tasks to queue
[2024-07-09T16:52:33.232+0000] {logging_mixin.py:188} INFO - [2024-07-09T16:52:33.232+0000] {dagbag.py:540} INFO - Filling up the DagBag from /home/airflow/.local/lib/python3.11/site-packages/airflow/example_dags/tutorial.py
[2024-07-09T16:52:33.249+0000] {processor.py:840} INFO - DAG(s) 'tutorial' retrieved from /home/airflow/.local/lib/python3.11/site-packages/airflow/example_dags/tutorial.py
[2024-07-09T16:52:33.292+0000] {logging_mixin.py:188} INFO - [2024-07-09T16:52:33.292+0000] {dag.py:3047} INFO - Sync 1 DAGs
[2024-07-09T16:52:33.336+0000] {logging_mixin.py:188} INFO - [2024-07-09T16:52:33.336+0000] {dag.py:3834} INFO - Setting next_dagrun for tutorial to 2024-07-08 00:00:00+00:00, run_after=2024-07-09 00:00:00+00:00
[2024-07-09T16:52:33.360+0000] {processor.py:183} INFO - Processing /home/airflow/.local/lib/python3.11/site-packages/airflow/example_dags/tutorial.py took 0.135 seconds
[2024-07-09T16:53:03.767+0000] {processor.py:161} INFO - Started process (PID=1358) to work on /home/airflow/.local/lib/python3.11/site-packages/airflow/example_dags/tutorial.py
[2024-07-09T16:53:03.769+0000] {processor.py:830} INFO - Processing file /home/airflow/.local/lib/python3.11/site-packages/airflow/example_dags/tutorial.py for tasks to queue
[2024-07-09T16:53:03.770+0000] {logging_mixin.py:188} INFO - [2024-07-09T16:53:03.770+0000] {dagbag.py:540} INFO - Filling up the DagBag from /home/airflow/.local/lib/python3.11/site-packages/airflow/example_dags/tutorial.py
[2024-07-09T16:53:03.776+0000] {processor.py:840} INFO - DAG(s) 'tutorial' retrieved from /home/airflow/.local/lib/python3.11/site-packages/airflow/example_dags/tutorial.py
[2024-07-09T16:53:03.805+0000] {logging_mixin.py:188} INFO - [2024-07-09T16:53:03.805+0000] {dag.py:3047} INFO - Sync 1 DAGs
[2024-07-09T16:53:03.964+0000] {logging_mixin.py:188} INFO - [2024-07-09T16:53:03.963+0000] {dag.py:3834} INFO - Setting next_dagrun for tutorial to 2024-07-08 00:00:00+00:00, run_after=2024-07-09 00:00:00+00:00
[2024-07-09T16:53:03.989+0000] {processor.py:183} INFO - Processing /home/airflow/.local/lib/python3.11/site-packages/airflow/example_dags/tutorial.py took 0.227 seconds
[2024-07-09T16:53:34.294+0000] {processor.py:161} INFO - Started process (PID=1620) to work on /home/airflow/.local/lib/python3.11/site-packages/airflow/example_dags/tutorial.py
[2024-07-09T16:53:34.295+0000] {processor.py:830} INFO - Processing file /home/airflow/.local/lib/python3.11/site-packages/airflow/example_dags/tutorial.py for tasks to queue
[2024-07-09T16:53:34.296+0000] {logging_mixin.py:188} INFO - [2024-07-09T16:53:34.296+0000] {dagbag.py:540} INFO - Filling up the DagBag from /home/airflow/.local/lib/python3.11/site-packages/airflow/example_dags/tutorial.py
[2024-07-09T16:53:34.303+0000] {processor.py:840} INFO - DAG(s) 'tutorial' retrieved from /home/airflow/.local/lib/python3.11/site-packages/airflow/example_dags/tutorial.py
[2024-07-09T16:53:34.324+0000] {logging_mixin.py:188} INFO - [2024-07-09T16:53:34.324+0000] {dag.py:3047} INFO - Sync 1 DAGs
[2024-07-09T16:53:34.345+0000] {logging_mixin.py:188} INFO - [2024-07-09T16:53:34.344+0000] {dag.py:3834} INFO - Setting next_dagrun for tutorial to 2024-07-08 00:00:00+00:00, run_after=2024-07-09 00:00:00+00:00
[2024-07-09T16:53:34.362+0000] {processor.py:183} INFO - Processing /home/airflow/.local/lib/python3.11/site-packages/airflow/example_dags/tutorial.py took 0.071 seconds
[2024-07-09T16:54:05.129+0000] {processor.py:161} INFO - Started process (PID=1882) to work on /home/airflow/.local/lib/python3.11/site-packages/airflow/example_dags/tutorial.py
[2024-07-09T16:54:05.130+0000] {processor.py:830} INFO - Processing file /home/airflow/.local/lib/python3.11/site-packages/airflow/example_dags/tutorial.py for tasks to queue
[2024-07-09T16:54:05.131+0000] {logging_mixin.py:188} INFO - [2024-07-09T16:54:05.131+0000] {dagbag.py:540} INFO - Filling up the DagBag from /home/airflow/.local/lib/python3.11/site-packages/airflow/example_dags/tutorial.py
[2024-07-09T16:54:05.138+0000] {processor.py:840} INFO - DAG(s) 'tutorial' retrieved from /home/airflow/.local/lib/python3.11/site-packages/airflow/example_dags/tutorial.py
[2024-07-09T16:54:05.163+0000] {logging_mixin.py:188} INFO - [2024-07-09T16:54:05.162+0000] {dag.py:3047} INFO - Sync 1 DAGs
[2024-07-09T16:54:05.181+0000] {logging_mixin.py:188} INFO - [2024-07-09T16:54:05.181+0000] {dag.py:3834} INFO - Setting next_dagrun for tutorial to 2024-07-08 00:00:00+00:00, run_after=2024-07-09 00:00:00+00:00
[2024-07-09T16:54:05.242+0000] {processor.py:183} INFO - Processing /home/airflow/.local/lib/python3.11/site-packages/airflow/example_dags/tutorial.py took 0.116 seconds
[2024-07-09T16:54:35.884+0000] {processor.py:161} INFO - Started process (PID=2149) to work on /home/airflow/.local/lib/python3.11/site-packages/airflow/example_dags/tutorial.py
[2024-07-09T16:54:35.885+0000] {processor.py:830} INFO - Processing file /home/airflow/.local/lib/python3.11/site-packages/airflow/example_dags/tutorial.py for tasks to queue
[2024-07-09T16:54:35.886+0000] {logging_mixin.py:188} INFO - [2024-07-09T16:54:35.886+0000] {dagbag.py:540} INFO - Filling up the DagBag from /home/airflow/.local/lib/python3.11/site-packages/airflow/example_dags/tutorial.py
[2024-07-09T16:54:35.895+0000] {processor.py:840} INFO - DAG(s) 'tutorial' retrieved from /home/airflow/.local/lib/python3.11/site-packages/airflow/example_dags/tutorial.py
[2024-07-09T16:54:35.924+0000] {logging_mixin.py:188} INFO - [2024-07-09T16:54:35.924+0000] {dag.py:3047} INFO - Sync 1 DAGs
[2024-07-09T16:54:35.948+0000] {logging_mixin.py:188} INFO - [2024-07-09T16:54:35.948+0000] {dag.py:3834} INFO - Setting next_dagrun for tutorial to 2024-07-08 00:00:00+00:00, run_after=2024-07-09 00:00:00+00:00
[2024-07-09T16:54:35.991+0000] {processor.py:183} INFO - Processing /home/airflow/.local/lib/python3.11/site-packages/airflow/example_dags/tutorial.py took 0.110 seconds
[2024-07-09T16:55:06.244+0000] {processor.py:161} INFO - Started process (PID=2411) to work on /home/airflow/.local/lib/python3.11/site-packages/airflow/example_dags/tutorial.py
[2024-07-09T16:55:06.245+0000] {processor.py:830} INFO - Processing file /home/airflow/.local/lib/python3.11/site-packages/airflow/example_dags/tutorial.py for tasks to queue
[2024-07-09T16:55:06.246+0000] {logging_mixin.py:188} INFO - [2024-07-09T16:55:06.246+0000] {dagbag.py:540} INFO - Filling up the DagBag from /home/airflow/.local/lib/python3.11/site-packages/airflow/example_dags/tutorial.py
[2024-07-09T16:55:06.252+0000] {processor.py:840} INFO - DAG(s) 'tutorial' retrieved from /home/airflow/.local/lib/python3.11/site-packages/airflow/example_dags/tutorial.py
[2024-07-09T16:55:06.273+0000] {logging_mixin.py:188} INFO - [2024-07-09T16:55:06.273+0000] {dag.py:3047} INFO - Sync 1 DAGs
[2024-07-09T16:55:06.293+0000] {logging_mixin.py:188} INFO - [2024-07-09T16:55:06.293+0000] {dag.py:3834} INFO - Setting next_dagrun for tutorial to 2024-07-08 00:00:00+00:00, run_after=2024-07-09 00:00:00+00:00
[2024-07-09T16:55:06.317+0000] {processor.py:183} INFO - Processing /home/airflow/.local/lib/python3.11/site-packages/airflow/example_dags/tutorial.py took 0.076 seconds
[2024-07-09T16:55:36.647+0000] {processor.py:161} INFO - Started process (PID=2668) to work on /home/airflow/.local/lib/python3.11/site-packages/airflow/example_dags/tutorial.py
[2024-07-09T16:55:36.648+0000] {processor.py:830} INFO - Processing file /home/airflow/.local/lib/python3.11/site-packages/airflow/example_dags/tutorial.py for tasks to queue
[2024-07-09T16:55:36.649+0000] {logging_mixin.py:188} INFO - [2024-07-09T16:55:36.649+0000] {dagbag.py:540} INFO - Filling up the DagBag from /home/airflow/.local/lib/python3.11/site-packages/airflow/example_dags/tutorial.py
[2024-07-09T16:55:36.656+0000] {processor.py:840} INFO - DAG(s) 'tutorial' retrieved from /home/airflow/.local/lib/python3.11/site-packages/airflow/example_dags/tutorial.py
[2024-07-09T16:55:36.677+0000] {logging_mixin.py:188} INFO - [2024-07-09T16:55:36.677+0000] {dag.py:3047} INFO - Sync 1 DAGs
[2024-07-09T16:55:36.702+0000] {logging_mixin.py:188} INFO - [2024-07-09T16:55:36.701+0000] {dag.py:3834} INFO - Setting next_dagrun for tutorial to 2024-07-08 00:00:00+00:00, run_after=2024-07-09 00:00:00+00:00
[2024-07-09T16:55:36.716+0000] {processor.py:183} INFO - Processing /home/airflow/.local/lib/python3.11/site-packages/airflow/example_dags/tutorial.py took 0.072 seconds
[2024-07-09T16:56:08.016+0000] {processor.py:161} INFO - Started process (PID=2935) to work on /home/airflow/.local/lib/python3.11/site-packages/airflow/example_dags/tutorial.py
[2024-07-09T16:56:08.017+0000] {processor.py:830} INFO - Processing file /home/airflow/.local/lib/python3.11/site-packages/airflow/example_dags/tutorial.py for tasks to queue
[2024-07-09T16:56:08.018+0000] {logging_mixin.py:188} INFO - [2024-07-09T16:56:08.018+0000] {dagbag.py:540} INFO - Filling up the DagBag from /home/airflow/.local/lib/python3.11/site-packages/airflow/example_dags/tutorial.py
[2024-07-09T16:56:08.024+0000] {processor.py:840} INFO - DAG(s) 'tutorial' retrieved from /home/airflow/.local/lib/python3.11/site-packages/airflow/example_dags/tutorial.py
[2024-07-09T16:56:08.048+0000] {logging_mixin.py:188} INFO - [2024-07-09T16:56:08.047+0000] {dag.py:3047} INFO - Sync 1 DAGs
[2024-07-09T16:56:08.066+0000] {logging_mixin.py:188} INFO - [2024-07-09T16:56:08.066+0000] {dag.py:3834} INFO - Setting next_dagrun for tutorial to 2024-07-08 00:00:00+00:00, run_after=2024-07-09 00:00:00+00:00
[2024-07-09T16:56:08.082+0000] {processor.py:183} INFO - Processing /home/airflow/.local/lib/python3.11/site-packages/airflow/example_dags/tutorial.py took 0.069 seconds
[2024-07-09T16:56:38.181+0000] {processor.py:161} INFO - Started process (PID=3188) to work on /home/airflow/.local/lib/python3.11/site-packages/airflow/example_dags/tutorial.py
[2024-07-09T16:56:38.183+0000] {processor.py:830} INFO - Processing file /home/airflow/.local/lib/python3.11/site-packages/airflow/example_dags/tutorial.py for tasks to queue
[2024-07-09T16:56:38.184+0000] {logging_mixin.py:188} INFO - [2024-07-09T16:56:38.183+0000] {dagbag.py:540} INFO - Filling up the DagBag from /home/airflow/.local/lib/python3.11/site-packages/airflow/example_dags/tutorial.py
[2024-07-09T16:56:38.190+0000] {processor.py:840} INFO - DAG(s) 'tutorial' retrieved from /home/airflow/.local/lib/python3.11/site-packages/airflow/example_dags/tutorial.py
[2024-07-09T16:56:38.212+0000] {logging_mixin.py:188} INFO - [2024-07-09T16:56:38.212+0000] {dag.py:3047} INFO - Sync 1 DAGs
[2024-07-09T16:56:38.232+0000] {logging_mixin.py:188} INFO - [2024-07-09T16:56:38.232+0000] {dag.py:3834} INFO - Setting next_dagrun for tutorial to 2024-07-08 00:00:00+00:00, run_after=2024-07-09 00:00:00+00:00
[2024-07-09T16:56:38.250+0000] {processor.py:183} INFO - Processing /home/airflow/.local/lib/python3.11/site-packages/airflow/example_dags/tutorial.py took 0.072 seconds
[2024-07-09T16:57:09.029+0000] {processor.py:161} INFO - Started process (PID=3445) to work on /home/airflow/.local/lib/python3.11/site-packages/airflow/example_dags/tutorial.py
[2024-07-09T16:57:09.031+0000] {processor.py:830} INFO - Processing file /home/airflow/.local/lib/python3.11/site-packages/airflow/example_dags/tutorial.py for tasks to queue
[2024-07-09T16:57:09.032+0000] {logging_mixin.py:188} INFO - [2024-07-09T16:57:09.031+0000] {dagbag.py:540} INFO - Filling up the DagBag from /home/airflow/.local/lib/python3.11/site-packages/airflow/example_dags/tutorial.py
[2024-07-09T16:57:09.039+0000] {processor.py:840} INFO - DAG(s) 'tutorial' retrieved from /home/airflow/.local/lib/python3.11/site-packages/airflow/example_dags/tutorial.py
[2024-07-09T16:57:09.059+0000] {logging_mixin.py:188} INFO - [2024-07-09T16:57:09.059+0000] {dag.py:3047} INFO - Sync 1 DAGs
[2024-07-09T16:57:09.078+0000] {logging_mixin.py:188} INFO - [2024-07-09T16:57:09.077+0000] {dag.py:3834} INFO - Setting next_dagrun for tutorial to 2024-07-08 00:00:00+00:00, run_after=2024-07-09 00:00:00+00:00
[2024-07-09T16:57:09.098+0000] {processor.py:183} INFO - Processing /home/airflow/.local/lib/python3.11/site-packages/airflow/example_dags/tutorial.py took 0.071 seconds
[2024-07-09T16:57:40.084+0000] {processor.py:161} INFO - Started process (PID=3709) to work on /home/airflow/.local/lib/python3.11/site-packages/airflow/example_dags/tutorial.py
[2024-07-09T16:57:40.085+0000] {processor.py:830} INFO - Processing file /home/airflow/.local/lib/python3.11/site-packages/airflow/example_dags/tutorial.py for tasks to queue
[2024-07-09T16:57:40.086+0000] {logging_mixin.py:188} INFO - [2024-07-09T16:57:40.086+0000] {dagbag.py:540} INFO - Filling up the DagBag from /home/airflow/.local/lib/python3.11/site-packages/airflow/example_dags/tutorial.py
[2024-07-09T16:57:40.092+0000] {processor.py:840} INFO - DAG(s) 'tutorial' retrieved from /home/airflow/.local/lib/python3.11/site-packages/airflow/example_dags/tutorial.py
[2024-07-09T16:57:40.110+0000] {logging_mixin.py:188} INFO - [2024-07-09T16:57:40.110+0000] {dag.py:3047} INFO - Sync 1 DAGs
[2024-07-09T16:57:40.128+0000] {logging_mixin.py:188} INFO - [2024-07-09T16:57:40.128+0000] {dag.py:3834} INFO - Setting next_dagrun for tutorial to 2024-07-08 00:00:00+00:00, run_after=2024-07-09 00:00:00+00:00
[2024-07-09T16:57:40.145+0000] {processor.py:183} INFO - Processing /home/airflow/.local/lib/python3.11/site-packages/airflow/example_dags/tutorial.py took 0.063 seconds
[2024-07-09T16:58:10.797+0000] {processor.py:161} INFO - Started process (PID=3969) to work on /home/airflow/.local/lib/python3.11/site-packages/airflow/example_dags/tutorial.py
[2024-07-09T16:58:10.799+0000] {processor.py:830} INFO - Processing file /home/airflow/.local/lib/python3.11/site-packages/airflow/example_dags/tutorial.py for tasks to queue
[2024-07-09T16:58:10.800+0000] {logging_mixin.py:188} INFO - [2024-07-09T16:58:10.799+0000] {dagbag.py:540} INFO - Filling up the DagBag from /home/airflow/.local/lib/python3.11/site-packages/airflow/example_dags/tutorial.py
[2024-07-09T16:58:10.807+0000] {processor.py:840} INFO - DAG(s) 'tutorial' retrieved from /home/airflow/.local/lib/python3.11/site-packages/airflow/example_dags/tutorial.py
[2024-07-09T16:58:10.828+0000] {logging_mixin.py:188} INFO - [2024-07-09T16:58:10.828+0000] {dag.py:3047} INFO - Sync 1 DAGs
[2024-07-09T16:58:10.847+0000] {logging_mixin.py:188} INFO - [2024-07-09T16:58:10.847+0000] {dag.py:3834} INFO - Setting next_dagrun for tutorial to 2024-07-08 00:00:00+00:00, run_after=2024-07-09 00:00:00+00:00
[2024-07-09T16:58:10.863+0000] {processor.py:183} INFO - Processing /home/airflow/.local/lib/python3.11/site-packages/airflow/example_dags/tutorial.py took 0.069 seconds
[2024-07-09T16:58:41.217+0000] {processor.py:161} INFO - Started process (PID=4231) to work on /home/airflow/.local/lib/python3.11/site-packages/airflow/example_dags/tutorial.py
[2024-07-09T16:58:41.218+0000] {processor.py:830} INFO - Processing file /home/airflow/.local/lib/python3.11/site-packages/airflow/example_dags/tutorial.py for tasks to queue
[2024-07-09T16:58:41.219+0000] {logging_mixin.py:188} INFO - [2024-07-09T16:58:41.219+0000] {dagbag.py:540} INFO - Filling up the DagBag from /home/airflow/.local/lib/python3.11/site-packages/airflow/example_dags/tutorial.py
[2024-07-09T16:58:41.227+0000] {processor.py:840} INFO - DAG(s) 'tutorial' retrieved from /home/airflow/.local/lib/python3.11/site-packages/airflow/example_dags/tutorial.py
[2024-07-09T16:58:41.253+0000] {logging_mixin.py:188} INFO - [2024-07-09T16:58:41.253+0000] {dag.py:3047} INFO - Sync 1 DAGs
[2024-07-09T16:58:41.276+0000] {logging_mixin.py:188} INFO - [2024-07-09T16:58:41.276+0000] {dag.py:3834} INFO - Setting next_dagrun for tutorial to 2024-07-08 00:00:00+00:00, run_after=2024-07-09 00:00:00+00:00
[2024-07-09T16:58:41.297+0000] {processor.py:183} INFO - Processing /home/airflow/.local/lib/python3.11/site-packages/airflow/example_dags/tutorial.py took 0.084 seconds
[2024-07-09T16:59:12.203+0000] {processor.py:161} INFO - Started process (PID=4493) to work on /home/airflow/.local/lib/python3.11/site-packages/airflow/example_dags/tutorial.py
[2024-07-09T16:59:12.204+0000] {processor.py:830} INFO - Processing file /home/airflow/.local/lib/python3.11/site-packages/airflow/example_dags/tutorial.py for tasks to queue
[2024-07-09T16:59:12.205+0000] {logging_mixin.py:188} INFO - [2024-07-09T16:59:12.205+0000] {dagbag.py:540} INFO - Filling up the DagBag from /home/airflow/.local/lib/python3.11/site-packages/airflow/example_dags/tutorial.py
[2024-07-09T16:59:12.213+0000] {processor.py:840} INFO - DAG(s) 'tutorial' retrieved from /home/airflow/.local/lib/python3.11/site-packages/airflow/example_dags/tutorial.py
[2024-07-09T16:59:12.245+0000] {logging_mixin.py:188} INFO - [2024-07-09T16:59:12.244+0000] {dag.py:3047} INFO - Sync 1 DAGs
[2024-07-09T16:59:12.265+0000] {logging_mixin.py:188} INFO - [2024-07-09T16:59:12.265+0000] {dag.py:3834} INFO - Setting next_dagrun for tutorial to 2024-07-08 00:00:00+00:00, run_after=2024-07-09 00:00:00+00:00
[2024-07-09T16:59:12.285+0000] {processor.py:183} INFO - Processing /home/airflow/.local/lib/python3.11/site-packages/airflow/example_dags/tutorial.py took 0.086 seconds
[2024-07-09T16:59:42.370+0000] {processor.py:161} INFO - Started process (PID=4755) to work on /home/airflow/.local/lib/python3.11/site-packages/airflow/example_dags/tutorial.py
[2024-07-09T16:59:42.371+0000] {processor.py:830} INFO - Processing file /home/airflow/.local/lib/python3.11/site-packages/airflow/example_dags/tutorial.py for tasks to queue
[2024-07-09T16:59:42.372+0000] {logging_mixin.py:188} INFO - [2024-07-09T16:59:42.372+0000] {dagbag.py:540} INFO - Filling up the DagBag from /home/airflow/.local/lib/python3.11/site-packages/airflow/example_dags/tutorial.py
[2024-07-09T16:59:42.378+0000] {processor.py:840} INFO - DAG(s) 'tutorial' retrieved from /home/airflow/.local/lib/python3.11/site-packages/airflow/example_dags/tutorial.py
[2024-07-09T16:59:42.401+0000] {logging_mixin.py:188} INFO - [2024-07-09T16:59:42.400+0000] {dag.py:3047} INFO - Sync 1 DAGs
[2024-07-09T16:59:42.425+0000] {logging_mixin.py:188} INFO - [2024-07-09T16:59:42.425+0000] {dag.py:3834} INFO - Setting next_dagrun for tutorial to 2024-07-08 00:00:00+00:00, run_after=2024-07-09 00:00:00+00:00
[2024-07-09T16:59:42.442+0000] {processor.py:183} INFO - Processing /home/airflow/.local/lib/python3.11/site-packages/airflow/example_dags/tutorial.py took 0.076 seconds
[2024-07-09T17:00:12.878+0000] {processor.py:161} INFO - Started process (PID=5019) to work on /home/airflow/.local/lib/python3.11/site-packages/airflow/example_dags/tutorial.py
[2024-07-09T17:00:12.880+0000] {processor.py:830} INFO - Processing file /home/airflow/.local/lib/python3.11/site-packages/airflow/example_dags/tutorial.py for tasks to queue
[2024-07-09T17:00:12.881+0000] {logging_mixin.py:188} INFO - [2024-07-09T17:00:12.881+0000] {dagbag.py:540} INFO - Filling up the DagBag from /home/airflow/.local/lib/python3.11/site-packages/airflow/example_dags/tutorial.py
[2024-07-09T17:00:12.891+0000] {processor.py:840} INFO - DAG(s) 'tutorial' retrieved from /home/airflow/.local/lib/python3.11/site-packages/airflow/example_dags/tutorial.py
[2024-07-09T17:00:12.915+0000] {logging_mixin.py:188} INFO - [2024-07-09T17:00:12.915+0000] {dag.py:3047} INFO - Sync 1 DAGs
[2024-07-09T17:00:12.939+0000] {logging_mixin.py:188} INFO - [2024-07-09T17:00:12.938+0000] {dag.py:3834} INFO - Setting next_dagrun for tutorial to 2024-07-08 00:00:00+00:00, run_after=2024-07-09 00:00:00+00:00
[2024-07-09T17:00:12.953+0000] {processor.py:183} INFO - Processing /home/airflow/.local/lib/python3.11/site-packages/airflow/example_dags/tutorial.py took 0.080 seconds
[2024-07-09T17:00:43.363+0000] {processor.py:161} INFO - Started process (PID=5281) to work on /home/airflow/.local/lib/python3.11/site-packages/airflow/example_dags/tutorial.py
[2024-07-09T17:00:43.364+0000] {processor.py:830} INFO - Processing file /home/airflow/.local/lib/python3.11/site-packages/airflow/example_dags/tutorial.py for tasks to queue
[2024-07-09T17:00:43.365+0000] {logging_mixin.py:188} INFO - [2024-07-09T17:00:43.365+0000] {dagbag.py:540} INFO - Filling up the DagBag from /home/airflow/.local/lib/python3.11/site-packages/airflow/example_dags/tutorial.py
[2024-07-09T17:00:43.371+0000] {processor.py:840} INFO - DAG(s) 'tutorial' retrieved from /home/airflow/.local/lib/python3.11/site-packages/airflow/example_dags/tutorial.py
[2024-07-09T17:00:43.391+0000] {logging_mixin.py:188} INFO - [2024-07-09T17:00:43.391+0000] {dag.py:3047} INFO - Sync 1 DAGs
[2024-07-09T17:00:43.409+0000] {logging_mixin.py:188} INFO - [2024-07-09T17:00:43.408+0000] {dag.py:3834} INFO - Setting next_dagrun for tutorial to 2024-07-08 00:00:00+00:00, run_after=2024-07-09 00:00:00+00:00
[2024-07-09T17:00:43.425+0000] {processor.py:183} INFO - Processing /home/airflow/.local/lib/python3.11/site-packages/airflow/example_dags/tutorial.py took 0.065 seconds
[2024-07-09T17:01:13.512+0000] {processor.py:161} INFO - Started process (PID=5541) to work on /home/airflow/.local/lib/python3.11/site-packages/airflow/example_dags/tutorial.py
[2024-07-09T17:01:13.514+0000] {processor.py:830} INFO - Processing file /home/airflow/.local/lib/python3.11/site-packages/airflow/example_dags/tutorial.py for tasks to queue
[2024-07-09T17:01:13.515+0000] {logging_mixin.py:188} INFO - [2024-07-09T17:01:13.515+0000] {dagbag.py:540} INFO - Filling up the DagBag from /home/airflow/.local/lib/python3.11/site-packages/airflow/example_dags/tutorial.py
[2024-07-09T17:01:13.521+0000] {processor.py:840} INFO - DAG(s) 'tutorial' retrieved from /home/airflow/.local/lib/python3.11/site-packages/airflow/example_dags/tutorial.py
[2024-07-09T17:01:13.542+0000] {logging_mixin.py:188} INFO - [2024-07-09T17:01:13.542+0000] {dag.py:3047} INFO - Sync 1 DAGs
[2024-07-09T17:01:13.565+0000] {logging_mixin.py:188} INFO - [2024-07-09T17:01:13.565+0000] {dag.py:3834} INFO - Setting next_dagrun for tutorial to 2024-07-08 00:00:00+00:00, run_after=2024-07-09 00:00:00+00:00
[2024-07-09T17:01:13.584+0000] {processor.py:183} INFO - Processing /home/airflow/.local/lib/python3.11/site-packages/airflow/example_dags/tutorial.py took 0.075 seconds
[2024-07-09T17:01:43.660+0000] {processor.py:161} INFO - Started process (PID=5800) to work on /home/airflow/.local/lib/python3.11/site-packages/airflow/example_dags/tutorial.py
[2024-07-09T17:01:43.661+0000] {processor.py:830} INFO - Processing file /home/airflow/.local/lib/python3.11/site-packages/airflow/example_dags/tutorial.py for tasks to queue
[2024-07-09T17:01:43.662+0000] {logging_mixin.py:188} INFO - [2024-07-09T17:01:43.662+0000] {dagbag.py:540} INFO - Filling up the DagBag from /home/airflow/.local/lib/python3.11/site-packages/airflow/example_dags/tutorial.py
[2024-07-09T17:01:43.668+0000] {processor.py:840} INFO - DAG(s) 'tutorial' retrieved from /home/airflow/.local/lib/python3.11/site-packages/airflow/example_dags/tutorial.py
[2024-07-09T17:01:43.688+0000] {logging_mixin.py:188} INFO - [2024-07-09T17:01:43.688+0000] {dag.py:3047} INFO - Sync 1 DAGs
[2024-07-09T17:01:43.705+0000] {logging_mixin.py:188} INFO - [2024-07-09T17:01:43.705+0000] {dag.py:3834} INFO - Setting next_dagrun for tutorial to 2024-07-08 00:00:00+00:00, run_after=2024-07-09 00:00:00+00:00
[2024-07-09T17:01:43.721+0000] {processor.py:183} INFO - Processing /home/airflow/.local/lib/python3.11/site-packages/airflow/example_dags/tutorial.py took 0.064 seconds
[2024-07-09T17:02:13.787+0000] {processor.py:161} INFO - Started process (PID=6062) to work on /home/airflow/.local/lib/python3.11/site-packages/airflow/example_dags/tutorial.py
[2024-07-09T17:02:13.788+0000] {processor.py:830} INFO - Processing file /home/airflow/.local/lib/python3.11/site-packages/airflow/example_dags/tutorial.py for tasks to queue
[2024-07-09T17:02:13.789+0000] {logging_mixin.py:188} INFO - [2024-07-09T17:02:13.789+0000] {dagbag.py:540} INFO - Filling up the DagBag from /home/airflow/.local/lib/python3.11/site-packages/airflow/example_dags/tutorial.py
[2024-07-09T17:02:13.794+0000] {processor.py:840} INFO - DAG(s) 'tutorial' retrieved from /home/airflow/.local/lib/python3.11/site-packages/airflow/example_dags/tutorial.py
[2024-07-09T17:02:13.814+0000] {logging_mixin.py:188} INFO - [2024-07-09T17:02:13.813+0000] {dag.py:3047} INFO - Sync 1 DAGs
[2024-07-09T17:02:13.828+0000] {logging_mixin.py:188} INFO - [2024-07-09T17:02:13.828+0000] {dag.py:3834} INFO - Setting next_dagrun for tutorial to 2024-07-08 00:00:00+00:00, run_after=2024-07-09 00:00:00+00:00
[2024-07-09T17:02:13.841+0000] {processor.py:183} INFO - Processing /home/airflow/.local/lib/python3.11/site-packages/airflow/example_dags/tutorial.py took 0.057 seconds
[2024-07-09T17:02:44.422+0000] {processor.py:161} INFO - Started process (PID=6322) to work on /home/airflow/.local/lib/python3.11/site-packages/airflow/example_dags/tutorial.py
[2024-07-09T17:02:44.423+0000] {processor.py:830} INFO - Processing file /home/airflow/.local/lib/python3.11/site-packages/airflow/example_dags/tutorial.py for tasks to queue
[2024-07-09T17:02:44.424+0000] {logging_mixin.py:188} INFO - [2024-07-09T17:02:44.424+0000] {dagbag.py:540} INFO - Filling up the DagBag from /home/airflow/.local/lib/python3.11/site-packages/airflow/example_dags/tutorial.py
[2024-07-09T17:02:44.431+0000] {processor.py:840} INFO - DAG(s) 'tutorial' retrieved from /home/airflow/.local/lib/python3.11/site-packages/airflow/example_dags/tutorial.py
[2024-07-09T17:02:44.452+0000] {logging_mixin.py:188} INFO - [2024-07-09T17:02:44.452+0000] {dag.py:3047} INFO - Sync 1 DAGs
[2024-07-09T17:02:44.471+0000] {logging_mixin.py:188} INFO - [2024-07-09T17:02:44.471+0000] {dag.py:3834} INFO - Setting next_dagrun for tutorial to 2024-07-08 00:00:00+00:00, run_after=2024-07-09 00:00:00+00:00
[2024-07-09T17:02:44.487+0000] {processor.py:183} INFO - Processing /home/airflow/.local/lib/python3.11/site-packages/airflow/example_dags/tutorial.py took 0.070 seconds
[2024-07-09T17:03:14.856+0000] {processor.py:161} INFO - Started process (PID=6584) to work on /home/airflow/.local/lib/python3.11/site-packages/airflow/example_dags/tutorial.py
[2024-07-09T17:03:14.857+0000] {processor.py:830} INFO - Processing file /home/airflow/.local/lib/python3.11/site-packages/airflow/example_dags/tutorial.py for tasks to queue
[2024-07-09T17:03:14.858+0000] {logging_mixin.py:188} INFO - [2024-07-09T17:03:14.858+0000] {dagbag.py:540} INFO - Filling up the DagBag from /home/airflow/.local/lib/python3.11/site-packages/airflow/example_dags/tutorial.py
[2024-07-09T17:03:14.865+0000] {processor.py:840} INFO - DAG(s) 'tutorial' retrieved from /home/airflow/.local/lib/python3.11/site-packages/airflow/example_dags/tutorial.py
[2024-07-09T17:03:14.895+0000] {logging_mixin.py:188} INFO - [2024-07-09T17:03:14.895+0000] {dag.py:3047} INFO - Sync 1 DAGs
[2024-07-09T17:03:14.919+0000] {logging_mixin.py:188} INFO - [2024-07-09T17:03:14.918+0000] {dag.py:3834} INFO - Setting next_dagrun for tutorial to 2024-07-08 00:00:00+00:00, run_after=2024-07-09 00:00:00+00:00
[2024-07-09T17:03:14.940+0000] {processor.py:183} INFO - Processing /home/airflow/.local/lib/python3.11/site-packages/airflow/example_dags/tutorial.py took 0.087 seconds
[2024-07-09T17:03:45.615+0000] {processor.py:161} INFO - Started process (PID=6846) to work on /home/airflow/.local/lib/python3.11/site-packages/airflow/example_dags/tutorial.py
[2024-07-09T17:03:45.616+0000] {processor.py:830} INFO - Processing file /home/airflow/.local/lib/python3.11/site-packages/airflow/example_dags/tutorial.py for tasks to queue
[2024-07-09T17:03:45.617+0000] {logging_mixin.py:188} INFO - [2024-07-09T17:03:45.617+0000] {dagbag.py:540} INFO - Filling up the DagBag from /home/airflow/.local/lib/python3.11/site-packages/airflow/example_dags/tutorial.py
[2024-07-09T17:03:45.626+0000] {processor.py:840} INFO - DAG(s) 'tutorial' retrieved from /home/airflow/.local/lib/python3.11/site-packages/airflow/example_dags/tutorial.py
[2024-07-09T17:03:45.648+0000] {logging_mixin.py:188} INFO - [2024-07-09T17:03:45.648+0000] {dag.py:3047} INFO - Sync 1 DAGs
[2024-07-09T17:03:45.666+0000] {logging_mixin.py:188} INFO - [2024-07-09T17:03:45.666+0000] {dag.py:3834} INFO - Setting next_dagrun for tutorial to 2024-07-08 00:00:00+00:00, run_after=2024-07-09 00:00:00+00:00
[2024-07-09T17:03:45.682+0000] {processor.py:183} INFO - Processing /home/airflow/.local/lib/python3.11/site-packages/airflow/example_dags/tutorial.py took 0.071 seconds
[2024-07-09T17:04:16.482+0000] {processor.py:161} INFO - Started process (PID=7108) to work on /home/airflow/.local/lib/python3.11/site-packages/airflow/example_dags/tutorial.py
[2024-07-09T17:04:16.483+0000] {processor.py:830} INFO - Processing file /home/airflow/.local/lib/python3.11/site-packages/airflow/example_dags/tutorial.py for tasks to queue
[2024-07-09T17:04:16.484+0000] {logging_mixin.py:188} INFO - [2024-07-09T17:04:16.484+0000] {dagbag.py:540} INFO - Filling up the DagBag from /home/airflow/.local/lib/python3.11/site-packages/airflow/example_dags/tutorial.py
[2024-07-09T17:04:16.491+0000] {processor.py:840} INFO - DAG(s) 'tutorial' retrieved from /home/airflow/.local/lib/python3.11/site-packages/airflow/example_dags/tutorial.py
[2024-07-09T17:04:16.512+0000] {logging_mixin.py:188} INFO - [2024-07-09T17:04:16.512+0000] {dag.py:3047} INFO - Sync 1 DAGs
[2024-07-09T17:04:16.533+0000] {logging_mixin.py:188} INFO - [2024-07-09T17:04:16.533+0000] {dag.py:3834} INFO - Setting next_dagrun for tutorial to 2024-07-08 00:00:00+00:00, run_after=2024-07-09 00:00:00+00:00
[2024-07-09T17:04:16.550+0000] {processor.py:183} INFO - Processing /home/airflow/.local/lib/python3.11/site-packages/airflow/example_dags/tutorial.py took 0.071 seconds
[2024-07-09T17:04:47.308+0000] {processor.py:161} INFO - Started process (PID=7404) to work on /home/airflow/.local/lib/python3.11/site-packages/airflow/example_dags/tutorial.py
[2024-07-09T17:04:47.310+0000] {processor.py:830} INFO - Processing file /home/airflow/.local/lib/python3.11/site-packages/airflow/example_dags/tutorial.py for tasks to queue
[2024-07-09T17:04:47.312+0000] {logging_mixin.py:188} INFO - [2024-07-09T17:04:47.311+0000] {dagbag.py:540} INFO - Filling up the DagBag from /home/airflow/.local/lib/python3.11/site-packages/airflow/example_dags/tutorial.py
[2024-07-09T17:04:47.323+0000] {processor.py:840} INFO - DAG(s) 'tutorial' retrieved from /home/airflow/.local/lib/python3.11/site-packages/airflow/example_dags/tutorial.py
[2024-07-09T17:04:47.356+0000] {logging_mixin.py:188} INFO - [2024-07-09T17:04:47.356+0000] {dag.py:3047} INFO - Sync 1 DAGs
[2024-07-09T17:04:47.389+0000] {logging_mixin.py:188} INFO - [2024-07-09T17:04:47.389+0000] {dag.py:3834} INFO - Setting next_dagrun for tutorial to 2024-07-08 00:00:00+00:00, run_after=2024-07-09 00:00:00+00:00
[2024-07-09T17:04:47.408+0000] {processor.py:183} INFO - Processing /home/airflow/.local/lib/python3.11/site-packages/airflow/example_dags/tutorial.py took 0.104 seconds
[2024-07-09T17:05:18.173+0000] {processor.py:161} INFO - Started process (PID=7666) to work on /home/airflow/.local/lib/python3.11/site-packages/airflow/example_dags/tutorial.py
[2024-07-09T17:05:18.174+0000] {processor.py:830} INFO - Processing file /home/airflow/.local/lib/python3.11/site-packages/airflow/example_dags/tutorial.py for tasks to queue
[2024-07-09T17:05:18.175+0000] {logging_mixin.py:188} INFO - [2024-07-09T17:05:18.175+0000] {dagbag.py:540} INFO - Filling up the DagBag from /home/airflow/.local/lib/python3.11/site-packages/airflow/example_dags/tutorial.py
[2024-07-09T17:05:18.182+0000] {processor.py:840} INFO - DAG(s) 'tutorial' retrieved from /home/airflow/.local/lib/python3.11/site-packages/airflow/example_dags/tutorial.py
[2024-07-09T17:05:18.204+0000] {logging_mixin.py:188} INFO - [2024-07-09T17:05:18.204+0000] {dag.py:3047} INFO - Sync 1 DAGs
[2024-07-09T17:05:18.223+0000] {logging_mixin.py:188} INFO - [2024-07-09T17:05:18.223+0000] {dag.py:3834} INFO - Setting next_dagrun for tutorial to 2024-07-08 00:00:00+00:00, run_after=2024-07-09 00:00:00+00:00
[2024-07-09T17:05:18.259+0000] {processor.py:183} INFO - Processing /home/airflow/.local/lib/python3.11/site-packages/airflow/example_dags/tutorial.py took 0.089 seconds
[2024-07-09T17:05:48.831+0000] {processor.py:161} INFO - Started process (PID=7928) to work on /home/airflow/.local/lib/python3.11/site-packages/airflow/example_dags/tutorial.py
[2024-07-09T17:05:48.832+0000] {processor.py:830} INFO - Processing file /home/airflow/.local/lib/python3.11/site-packages/airflow/example_dags/tutorial.py for tasks to queue
[2024-07-09T17:05:48.834+0000] {logging_mixin.py:188} INFO - [2024-07-09T17:05:48.833+0000] {dagbag.py:540} INFO - Filling up the DagBag from /home/airflow/.local/lib/python3.11/site-packages/airflow/example_dags/tutorial.py
[2024-07-09T17:05:48.840+0000] {processor.py:840} INFO - DAG(s) 'tutorial' retrieved from /home/airflow/.local/lib/python3.11/site-packages/airflow/example_dags/tutorial.py
[2024-07-09T17:05:48.864+0000] {logging_mixin.py:188} INFO - [2024-07-09T17:05:48.864+0000] {dag.py:3047} INFO - Sync 1 DAGs
[2024-07-09T17:05:48.881+0000] {logging_mixin.py:188} INFO - [2024-07-09T17:05:48.881+0000] {dag.py:3834} INFO - Setting next_dagrun for tutorial to 2024-07-08 00:00:00+00:00, run_after=2024-07-09 00:00:00+00:00
[2024-07-09T17:05:48.896+0000] {processor.py:183} INFO - Processing /home/airflow/.local/lib/python3.11/site-packages/airflow/example_dags/tutorial.py took 0.069 seconds
[2024-07-09T17:06:18.962+0000] {processor.py:161} INFO - Started process (PID=8190) to work on /home/airflow/.local/lib/python3.11/site-packages/airflow/example_dags/tutorial.py
[2024-07-09T17:06:18.964+0000] {processor.py:830} INFO - Processing file /home/airflow/.local/lib/python3.11/site-packages/airflow/example_dags/tutorial.py for tasks to queue
[2024-07-09T17:06:18.965+0000] {logging_mixin.py:188} INFO - [2024-07-09T17:06:18.965+0000] {dagbag.py:540} INFO - Filling up the DagBag from /home/airflow/.local/lib/python3.11/site-packages/airflow/example_dags/tutorial.py
[2024-07-09T17:06:18.972+0000] {processor.py:840} INFO - DAG(s) 'tutorial' retrieved from /home/airflow/.local/lib/python3.11/site-packages/airflow/example_dags/tutorial.py
[2024-07-09T17:06:18.996+0000] {logging_mixin.py:188} INFO - [2024-07-09T17:06:18.996+0000] {dag.py:3047} INFO - Sync 1 DAGs
[2024-07-09T17:06:19.018+0000] {logging_mixin.py:188} INFO - [2024-07-09T17:06:19.018+0000] {dag.py:3834} INFO - Setting next_dagrun for tutorial to 2024-07-08 00:00:00+00:00, run_after=2024-07-09 00:00:00+00:00
[2024-07-09T17:06:19.043+0000] {processor.py:183} INFO - Processing /home/airflow/.local/lib/python3.11/site-packages/airflow/example_dags/tutorial.py took 0.084 seconds
[2024-07-09T17:06:49.133+0000] {processor.py:161} INFO - Started process (PID=8452) to work on /home/airflow/.local/lib/python3.11/site-packages/airflow/example_dags/tutorial.py
[2024-07-09T17:06:49.134+0000] {processor.py:830} INFO - Processing file /home/airflow/.local/lib/python3.11/site-packages/airflow/example_dags/tutorial.py for tasks to queue
[2024-07-09T17:06:49.135+0000] {logging_mixin.py:188} INFO - [2024-07-09T17:06:49.135+0000] {dagbag.py:540} INFO - Filling up the DagBag from /home/airflow/.local/lib/python3.11/site-packages/airflow/example_dags/tutorial.py
[2024-07-09T17:06:49.141+0000] {processor.py:840} INFO - DAG(s) 'tutorial' retrieved from /home/airflow/.local/lib/python3.11/site-packages/airflow/example_dags/tutorial.py
[2024-07-09T17:06:49.165+0000] {logging_mixin.py:188} INFO - [2024-07-09T17:06:49.164+0000] {dag.py:3047} INFO - Sync 1 DAGs
[2024-07-09T17:06:49.202+0000] {logging_mixin.py:188} INFO - [2024-07-09T17:06:49.202+0000] {dag.py:3834} INFO - Setting next_dagrun for tutorial to 2024-07-08 00:00:00+00:00, run_after=2024-07-09 00:00:00+00:00
[2024-07-09T17:06:49.228+0000] {processor.py:183} INFO - Processing /home/airflow/.local/lib/python3.11/site-packages/airflow/example_dags/tutorial.py took 0.097 seconds
